[2024-08-17T22:08:06.996+0000] {logging_mixin.py:150} WARNING - /home/***/.local/lib/python3.7/site-packages/***/utils/sqlalchemy.py:124 DeprecationWarning: The sql_alchemy_conn option in [core] has been moved to the sql_alchemy_conn option in [database] - the old setting has been used, but please update your config.
[2024-08-17T22:08:07.266+0000] {taskinstance.py:1103} INFO - Dependencies all met for dep_context=non-requeueable deps ti=<TaskInstance: example_bash_operator.runme_1 scheduled__2024-08-16T00:00:00+00:00 [queued]>
[2024-08-17T22:08:07.427+0000] {taskinstance.py:1103} INFO - Dependencies all met for dep_context=requeueable deps ti=<TaskInstance: example_bash_operator.runme_1 scheduled__2024-08-16T00:00:00+00:00 [queued]>
[2024-08-17T22:08:07.429+0000] {taskinstance.py:1308} INFO - Starting attempt 1 of 1
[2024-08-17T22:08:07.703+0000] {taskinstance.py:1327} INFO - Executing <Task(BashOperator): runme_1> on 2024-08-16 00:00:00+00:00
[2024-08-17T22:08:07.828+0000] {standard_task_runner.py:57} INFO - Started process 2175 to run task
[2024-08-17T22:08:07.955+0000] {standard_task_runner.py:84} INFO - Running: ['***', 'tasks', 'run', 'example_bash_operator', 'runme_1', 'scheduled__2024-08-16T00:00:00+00:00', '--job-id', '7', '--raw', '--subdir', '/home/***/.local/lib/python3.7/site-packages/***/example_dags/example_bash_operator.py', '--cfg-path', '/tmp/tmpe9jalw7i']
[2024-08-17T22:08:07.969+0000] {standard_task_runner.py:85} INFO - Job 7: Subtask runme_1
[2024-08-17T22:08:08.416+0000] {logging_mixin.py:150} WARNING - /home/***/.local/lib/python3.7/site-packages/***/settings.py:195 DeprecationWarning: The sql_alchemy_conn option in [core] has been moved to the sql_alchemy_conn option in [database] - the old setting has been used, but please update your config.
[2024-08-17T22:08:09.213+0000] {task_command.py:410} INFO - Running <TaskInstance: example_bash_operator.runme_1 scheduled__2024-08-16T00:00:00+00:00 [running]> on host e9b2ee1caa8f
[2024-08-17T22:08:09.360+0000] {logging_mixin.py:150} WARNING - /home/***/.local/lib/python3.7/site-packages/***/utils/sqlalchemy.py:124 DeprecationWarning: The sql_alchemy_conn option in [core] has been moved to the sql_alchemy_conn option in [database] - the old setting has been used, but please update your config.
[2024-08-17T22:08:09.850+0000] {taskinstance.py:1547} INFO - Exporting env vars: AIRFLOW_CTX_DAG_OWNER='***' AIRFLOW_CTX_DAG_ID='example_bash_operator' AIRFLOW_CTX_TASK_ID='runme_1' AIRFLOW_CTX_EXECUTION_DATE='2024-08-16T00:00:00+00:00' AIRFLOW_CTX_TRY_NUMBER='1' AIRFLOW_CTX_DAG_RUN_ID='scheduled__2024-08-16T00:00:00+00:00'
[2024-08-17T22:08:09.864+0000] {subprocess.py:63} INFO - Tmp dir root location: /tmp
[2024-08-17T22:08:09.876+0000] {subprocess.py:75} INFO - Running command: ['/bin/bash', '-c', 'echo "example_bash_operator__runme_1__20240816" && sleep 1']
[2024-08-17T22:08:10.106+0000] {subprocess.py:86} INFO - Output:
[2024-08-17T22:08:10.116+0000] {subprocess.py:93} INFO - example_bash_operator__runme_1__20240816
[2024-08-17T22:08:11.162+0000] {subprocess.py:97} INFO - Command exited with return code 0
[2024-08-17T22:08:11.483+0000] {taskinstance.py:1350} INFO - Marking task as SUCCESS. dag_id=example_bash_operator, task_id=runme_1, execution_date=20240816T000000, start_date=20240817T220807, end_date=20240817T220811
[2024-08-17T22:08:11.599+0000] {local_task_job_runner.py:225} INFO - Task exited with return code 0
[2024-08-17T22:08:11.715+0000] {taskinstance.py:2653} INFO - 0 downstream tasks scheduled from follow-on schedule check
