[2024-08-17T22:08:07.595+0000] {logging_mixin.py:150} WARNING - /home/***/.local/lib/python3.7/site-packages/***/utils/sqlalchemy.py:124 DeprecationWarning: The sql_alchemy_conn option in [core] has been moved to the sql_alchemy_conn option in [database] - the old setting has been used, but please update your config.
[2024-08-17T22:08:07.670+0000] {taskinstance.py:1103} INFO - Dependencies all met for dep_context=non-requeueable deps ti=<TaskInstance: example_bash_operator.also_run_this scheduled__2024-08-16T00:00:00+00:00 [queued]>
[2024-08-17T22:08:07.744+0000] {taskinstance.py:1103} INFO - Dependencies all met for dep_context=requeueable deps ti=<TaskInstance: example_bash_operator.also_run_this scheduled__2024-08-16T00:00:00+00:00 [queued]>
[2024-08-17T22:08:07.745+0000] {taskinstance.py:1308} INFO - Starting attempt 1 of 1
[2024-08-17T22:08:07.847+0000] {taskinstance.py:1327} INFO - Executing <Task(BashOperator): also_run_this> on 2024-08-16 00:00:00+00:00
[2024-08-17T22:08:08.021+0000] {standard_task_runner.py:57} INFO - Started process 2178 to run task
[2024-08-17T22:08:08.073+0000] {standard_task_runner.py:84} INFO - Running: ['***', 'tasks', 'run', 'example_bash_operator', 'also_run_this', 'scheduled__2024-08-16T00:00:00+00:00', '--job-id', '8', '--raw', '--subdir', '/home/***/.local/lib/python3.7/site-packages/***/example_dags/example_bash_operator.py', '--cfg-path', '/tmp/tmpgztxvpz1']
[2024-08-17T22:08:08.097+0000] {standard_task_runner.py:85} INFO - Job 8: Subtask also_run_this
[2024-08-17T22:08:08.474+0000] {logging_mixin.py:150} WARNING - /home/***/.local/lib/python3.7/site-packages/***/settings.py:195 DeprecationWarning: The sql_alchemy_conn option in [core] has been moved to the sql_alchemy_conn option in [database] - the old setting has been used, but please update your config.
[2024-08-17T22:08:09.355+0000] {task_command.py:410} INFO - Running <TaskInstance: example_bash_operator.also_run_this scheduled__2024-08-16T00:00:00+00:00 [running]> on host e9b2ee1caa8f
[2024-08-17T22:08:09.486+0000] {logging_mixin.py:150} WARNING - /home/***/.local/lib/python3.7/site-packages/***/utils/sqlalchemy.py:124 DeprecationWarning: The sql_alchemy_conn option in [core] has been moved to the sql_alchemy_conn option in [database] - the old setting has been used, but please update your config.
[2024-08-17T22:08:09.903+0000] {taskinstance.py:1547} INFO - Exporting env vars: AIRFLOW_CTX_DAG_OWNER='***' AIRFLOW_CTX_DAG_ID='example_bash_operator' AIRFLOW_CTX_TASK_ID='also_run_this' AIRFLOW_CTX_EXECUTION_DATE='2024-08-16T00:00:00+00:00' AIRFLOW_CTX_TRY_NUMBER='1' AIRFLOW_CTX_DAG_RUN_ID='scheduled__2024-08-16T00:00:00+00:00'
[2024-08-17T22:08:10.033+0000] {subprocess.py:63} INFO - Tmp dir root location: /tmp
[2024-08-17T22:08:10.100+0000] {subprocess.py:75} INFO - Running command: ['/bin/bash', '-c', 'echo "ti_key=example_bash_operator__also_run_this__20240816"']
[2024-08-17T22:08:10.189+0000] {subprocess.py:86} INFO - Output:
[2024-08-17T22:08:10.248+0000] {subprocess.py:93} INFO - ti_key=example_bash_operator__also_run_this__20240816
[2024-08-17T22:08:10.268+0000] {subprocess.py:97} INFO - Command exited with return code 0
[2024-08-17T22:08:10.433+0000] {taskinstance.py:1350} INFO - Marking task as SUCCESS. dag_id=example_bash_operator, task_id=also_run_this, execution_date=20240816T000000, start_date=20240817T220807, end_date=20240817T220810
[2024-08-17T22:08:10.640+0000] {local_task_job_runner.py:225} INFO - Task exited with return code 0
[2024-08-17T22:08:10.754+0000] {taskinstance.py:2653} INFO - 0 downstream tasks scheduled from follow-on schedule check
