[2024-08-17T22:08:09.462+0000] {logging_mixin.py:150} WARNING - /home/***/.local/lib/python3.7/site-packages/***/utils/sqlalchemy.py:124 DeprecationWarning: The sql_alchemy_conn option in [core] has been moved to the sql_alchemy_conn option in [database] - the old setting has been used, but please update your config.
[2024-08-17T22:08:09.538+0000] {taskinstance.py:1103} INFO - Dependencies all met for dep_context=non-requeueable deps ti=<TaskInstance: example_bash_operator.runme_2 scheduled__2024-08-16T00:00:00+00:00 [queued]>
[2024-08-17T22:08:09.626+0000] {taskinstance.py:1103} INFO - Dependencies all met for dep_context=requeueable deps ti=<TaskInstance: example_bash_operator.runme_2 scheduled__2024-08-16T00:00:00+00:00 [queued]>
[2024-08-17T22:08:09.630+0000] {taskinstance.py:1308} INFO - Starting attempt 1 of 1
[2024-08-17T22:08:09.718+0000] {taskinstance.py:1327} INFO - Executing <Task(BashOperator): runme_2> on 2024-08-16 00:00:00+00:00
[2024-08-17T22:08:09.754+0000] {standard_task_runner.py:57} INFO - Started process 2196 to run task
[2024-08-17T22:08:09.770+0000] {standard_task_runner.py:84} INFO - Running: ['***', 'tasks', 'run', 'example_bash_operator', 'runme_2', 'scheduled__2024-08-16T00:00:00+00:00', '--job-id', '11', '--raw', '--subdir', '/home/***/.local/lib/python3.7/site-packages/***/example_dags/example_bash_operator.py', '--cfg-path', '/tmp/tmp582wxboc']
[2024-08-17T22:08:09.789+0000] {standard_task_runner.py:85} INFO - Job 11: Subtask runme_2
[2024-08-17T22:08:09.867+0000] {logging_mixin.py:150} WARNING - /home/***/.local/lib/python3.7/site-packages/***/settings.py:195 DeprecationWarning: The sql_alchemy_conn option in [core] has been moved to the sql_alchemy_conn option in [database] - the old setting has been used, but please update your config.
[2024-08-17T22:08:10.412+0000] {task_command.py:410} INFO - Running <TaskInstance: example_bash_operator.runme_2 scheduled__2024-08-16T00:00:00+00:00 [running]> on host e9b2ee1caa8f
[2024-08-17T22:08:10.561+0000] {logging_mixin.py:150} WARNING - /home/***/.local/lib/python3.7/site-packages/***/utils/sqlalchemy.py:124 DeprecationWarning: The sql_alchemy_conn option in [core] has been moved to the sql_alchemy_conn option in [database] - the old setting has been used, but please update your config.
[2024-08-17T22:08:10.921+0000] {taskinstance.py:1547} INFO - Exporting env vars: AIRFLOW_CTX_DAG_OWNER='***' AIRFLOW_CTX_DAG_ID='example_bash_operator' AIRFLOW_CTX_TASK_ID='runme_2' AIRFLOW_CTX_EXECUTION_DATE='2024-08-16T00:00:00+00:00' AIRFLOW_CTX_TRY_NUMBER='1' AIRFLOW_CTX_DAG_RUN_ID='scheduled__2024-08-16T00:00:00+00:00'
[2024-08-17T22:08:10.937+0000] {subprocess.py:63} INFO - Tmp dir root location: /tmp
[2024-08-17T22:08:10.948+0000] {subprocess.py:75} INFO - Running command: ['/bin/bash', '-c', 'echo "example_bash_operator__runme_2__20240816" && sleep 1']
[2024-08-17T22:08:11.000+0000] {subprocess.py:86} INFO - Output:
[2024-08-17T22:08:11.007+0000] {subprocess.py:93} INFO - example_bash_operator__runme_2__20240816
[2024-08-17T22:08:12.011+0000] {subprocess.py:97} INFO - Command exited with return code 0
[2024-08-17T22:08:12.071+0000] {taskinstance.py:1350} INFO - Marking task as SUCCESS. dag_id=example_bash_operator, task_id=runme_2, execution_date=20240816T000000, start_date=20240817T220809, end_date=20240817T220812
[2024-08-17T22:08:12.137+0000] {local_task_job_runner.py:225} INFO - Task exited with return code 0
[2024-08-17T22:08:12.195+0000] {taskinstance.py:2653} INFO - 1 downstream tasks scheduled from follow-on schedule check
