[2024-08-17T22:08:15.726+0000] {logging_mixin.py:150} WARNING - /home/***/.local/lib/python3.7/site-packages/***/utils/sqlalchemy.py:124 DeprecationWarning: The sql_alchemy_conn option in [core] has been moved to the sql_alchemy_conn option in [database] - the old setting has been used, but please update your config.
[2024-08-17T22:08:15.775+0000] {taskinstance.py:1103} INFO - Dependencies all met for dep_context=non-requeueable deps ti=<TaskInstance: example_bash_operator.run_after_loop scheduled__2024-08-16T00:00:00+00:00 [queued]>
[2024-08-17T22:08:15.799+0000] {taskinstance.py:1103} INFO - Dependencies all met for dep_context=requeueable deps ti=<TaskInstance: example_bash_operator.run_after_loop scheduled__2024-08-16T00:00:00+00:00 [queued]>
[2024-08-17T22:08:15.802+0000] {taskinstance.py:1308} INFO - Starting attempt 1 of 1
[2024-08-17T22:08:15.830+0000] {taskinstance.py:1327} INFO - Executing <Task(BashOperator): run_after_loop> on 2024-08-16 00:00:00+00:00
[2024-08-17T22:08:15.842+0000] {standard_task_runner.py:57} INFO - Started process 2372 to run task
[2024-08-17T22:08:15.852+0000] {standard_task_runner.py:84} INFO - Running: ['***', 'tasks', 'run', 'example_bash_operator', 'run_after_loop', 'scheduled__2024-08-16T00:00:00+00:00', '--job-id', '13', '--raw', '--subdir', '/home/***/.local/lib/python3.7/site-packages/***/example_dags/example_bash_operator.py', '--cfg-path', '/tmp/tmpucea4wkv']
[2024-08-17T22:08:15.862+0000] {standard_task_runner.py:85} INFO - Job 13: Subtask run_after_loop
[2024-08-17T22:08:15.897+0000] {logging_mixin.py:150} WARNING - /home/***/.local/lib/python3.7/site-packages/***/settings.py:195 DeprecationWarning: The sql_alchemy_conn option in [core] has been moved to the sql_alchemy_conn option in [database] - the old setting has been used, but please update your config.
[2024-08-17T22:08:16.008+0000] {task_command.py:410} INFO - Running <TaskInstance: example_bash_operator.run_after_loop scheduled__2024-08-16T00:00:00+00:00 [running]> on host e9b2ee1caa8f
[2024-08-17T22:08:16.044+0000] {logging_mixin.py:150} WARNING - /home/***/.local/lib/python3.7/site-packages/***/utils/sqlalchemy.py:124 DeprecationWarning: The sql_alchemy_conn option in [core] has been moved to the sql_alchemy_conn option in [database] - the old setting has been used, but please update your config.
[2024-08-17T22:08:16.230+0000] {taskinstance.py:1547} INFO - Exporting env vars: AIRFLOW_CTX_DAG_OWNER='***' AIRFLOW_CTX_DAG_ID='example_bash_operator' AIRFLOW_CTX_TASK_ID='run_after_loop' AIRFLOW_CTX_EXECUTION_DATE='2024-08-16T00:00:00+00:00' AIRFLOW_CTX_TRY_NUMBER='1' AIRFLOW_CTX_DAG_RUN_ID='scheduled__2024-08-16T00:00:00+00:00'
[2024-08-17T22:08:16.233+0000] {subprocess.py:63} INFO - Tmp dir root location: /tmp
[2024-08-17T22:08:16.235+0000] {subprocess.py:75} INFO - Running command: ['/bin/bash', '-c', 'echo 1']
[2024-08-17T22:08:16.258+0000] {subprocess.py:86} INFO - Output:
[2024-08-17T22:08:16.262+0000] {subprocess.py:93} INFO - 1
[2024-08-17T22:08:16.262+0000] {subprocess.py:97} INFO - Command exited with return code 0
[2024-08-17T22:08:16.309+0000] {taskinstance.py:1350} INFO - Marking task as SUCCESS. dag_id=example_bash_operator, task_id=run_after_loop, execution_date=20240816T000000, start_date=20240817T220815, end_date=20240817T220816
[2024-08-17T22:08:16.358+0000] {local_task_job_runner.py:225} INFO - Task exited with return code 0
[2024-08-17T22:08:16.388+0000] {taskinstance.py:2653} INFO - 0 downstream tasks scheduled from follow-on schedule check
