[2024-08-17T22:08:08.947+0000] {logging_mixin.py:150} WARNING - /home/***/.local/lib/python3.7/site-packages/***/utils/sqlalchemy.py:124 DeprecationWarning: The sql_alchemy_conn option in [core] has been moved to the sql_alchemy_conn option in [database] - the old setting has been used, but please update your config.
[2024-08-17T22:08:09.121+0000] {taskinstance.py:1103} INFO - Dependencies all met for dep_context=non-requeueable deps ti=<TaskInstance: example_bash_operator.this_will_skip scheduled__2024-08-16T00:00:00+00:00 [queued]>
[2024-08-17T22:08:09.210+0000] {taskinstance.py:1103} INFO - Dependencies all met for dep_context=requeueable deps ti=<TaskInstance: example_bash_operator.this_will_skip scheduled__2024-08-16T00:00:00+00:00 [queued]>
[2024-08-17T22:08:09.216+0000] {taskinstance.py:1308} INFO - Starting attempt 1 of 1
[2024-08-17T22:08:09.365+0000] {taskinstance.py:1327} INFO - Executing <Task(BashOperator): this_will_skip> on 2024-08-16 00:00:00+00:00
[2024-08-17T22:08:09.439+0000] {standard_task_runner.py:57} INFO - Started process 2184 to run task
[2024-08-17T22:08:09.535+0000] {standard_task_runner.py:84} INFO - Running: ['***', 'tasks', 'run', 'example_bash_operator', 'this_will_skip', 'scheduled__2024-08-16T00:00:00+00:00', '--job-id', '10', '--raw', '--subdir', '/home/***/.local/lib/python3.7/site-packages/***/example_dags/example_bash_operator.py', '--cfg-path', '/tmp/tmpvdq0rq85']
[2024-08-17T22:08:09.557+0000] {standard_task_runner.py:85} INFO - Job 10: Subtask this_will_skip
[2024-08-17T22:08:09.705+0000] {logging_mixin.py:150} WARNING - /home/***/.local/lib/python3.7/site-packages/***/settings.py:195 DeprecationWarning: The sql_alchemy_conn option in [core] has been moved to the sql_alchemy_conn option in [database] - the old setting has been used, but please update your config.
[2024-08-17T22:08:09.973+0000] {task_command.py:410} INFO - Running <TaskInstance: example_bash_operator.this_will_skip scheduled__2024-08-16T00:00:00+00:00 [running]> on host e9b2ee1caa8f
[2024-08-17T22:08:10.262+0000] {logging_mixin.py:150} WARNING - /home/***/.local/lib/python3.7/site-packages/***/utils/sqlalchemy.py:124 DeprecationWarning: The sql_alchemy_conn option in [core] has been moved to the sql_alchemy_conn option in [database] - the old setting has been used, but please update your config.
[2024-08-17T22:08:10.773+0000] {taskinstance.py:1547} INFO - Exporting env vars: AIRFLOW_CTX_DAG_OWNER='***' AIRFLOW_CTX_DAG_ID='example_bash_operator' AIRFLOW_CTX_TASK_ID='this_will_skip' AIRFLOW_CTX_EXECUTION_DATE='2024-08-16T00:00:00+00:00' AIRFLOW_CTX_TRY_NUMBER='1' AIRFLOW_CTX_DAG_RUN_ID='scheduled__2024-08-16T00:00:00+00:00'
[2024-08-17T22:08:10.795+0000] {subprocess.py:63} INFO - Tmp dir root location: /tmp
[2024-08-17T22:08:10.803+0000] {subprocess.py:75} INFO - Running command: ['/bin/bash', '-c', 'echo "hello world"; exit 99;']
[2024-08-17T22:08:10.857+0000] {subprocess.py:86} INFO - Output:
[2024-08-17T22:08:10.864+0000] {subprocess.py:93} INFO - hello world
[2024-08-17T22:08:10.869+0000] {subprocess.py:97} INFO - Command exited with return code 99
[2024-08-17T22:08:10.873+0000] {taskinstance.py:1431} INFO - Bash command returned exit code [99]. Skipping.
[2024-08-17T22:08:10.932+0000] {taskinstance.py:1350} INFO - Marking task as SKIPPED. dag_id=example_bash_operator, task_id=this_will_skip, execution_date=20240816T000000, start_date=20240817T220809, end_date=20240817T220810
[2024-08-17T22:08:11.100+0000] {local_task_job_runner.py:225} INFO - Task exited with return code 0
[2024-08-17T22:08:11.475+0000] {taskinstance.py:2653} INFO - 0 downstream tasks scheduled from follow-on schedule check
