[2024-08-17T22:03:55.191+0000] {processor.py:157} INFO - Started process (PID=184) to work on /home/airflow/.local/lib/python3.7/site-packages/airflow/example_dags/example_trigger_controller_dag.py
[2024-08-17T22:03:55.193+0000] {processor.py:826} INFO - Processing file /home/airflow/.local/lib/python3.7/site-packages/airflow/example_dags/example_trigger_controller_dag.py for tasks to queue
[2024-08-17T22:03:55.195+0000] {logging_mixin.py:150} INFO - [2024-08-17T22:03:55.194+0000] {dagbag.py:541} INFO - Filling up the DagBag from /home/airflow/.local/lib/python3.7/site-packages/airflow/example_dags/example_trigger_controller_dag.py
[2024-08-17T22:03:55.209+0000] {processor.py:836} INFO - DAG(s) dict_keys(['example_trigger_controller_dag']) retrieved from /home/airflow/.local/lib/python3.7/site-packages/airflow/example_dags/example_trigger_controller_dag.py
[2024-08-17T22:03:55.446+0000] {logging_mixin.py:150} INFO - [2024-08-17T22:03:55.446+0000] {manager.py:504} INFO - Created Permission View: can read on DAG:example_trigger_controller_dag
[2024-08-17T22:03:55.478+0000] {logging_mixin.py:150} INFO - [2024-08-17T22:03:55.478+0000] {manager.py:504} INFO - Created Permission View: can edit on DAG:example_trigger_controller_dag
[2024-08-17T22:03:55.493+0000] {logging_mixin.py:150} INFO - [2024-08-17T22:03:55.493+0000] {manager.py:504} INFO - Created Permission View: can delete on DAG:example_trigger_controller_dag
[2024-08-17T22:03:55.530+0000] {logging_mixin.py:150} INFO - [2024-08-17T22:03:55.530+0000] {dag.py:2742} INFO - Sync 1 DAGs
[2024-08-17T22:03:55.557+0000] {logging_mixin.py:150} INFO - [2024-08-17T22:03:55.557+0000] {dag.py:2763} INFO - Creating ORM DAG for example_trigger_controller_dag
[2024-08-17T22:03:55.585+0000] {logging_mixin.py:150} INFO - [2024-08-17T22:03:55.585+0000] {dag.py:3508} INFO - Setting next_dagrun for example_trigger_controller_dag to 2021-01-01T00:00:00+00:00, run_after=2021-01-01T00:00:00+00:00
[2024-08-17T22:03:55.623+0000] {processor.py:179} INFO - Processing /home/airflow/.local/lib/python3.7/site-packages/airflow/example_dags/example_trigger_controller_dag.py took 0.438 seconds
[2024-08-17T22:04:26.162+0000] {processor.py:157} INFO - Started process (PID=420) to work on /home/airflow/.local/lib/python3.7/site-packages/airflow/example_dags/example_trigger_controller_dag.py
[2024-08-17T22:04:26.164+0000] {processor.py:826} INFO - Processing file /home/airflow/.local/lib/python3.7/site-packages/airflow/example_dags/example_trigger_controller_dag.py for tasks to queue
[2024-08-17T22:04:26.166+0000] {logging_mixin.py:150} INFO - [2024-08-17T22:04:26.166+0000] {dagbag.py:541} INFO - Filling up the DagBag from /home/airflow/.local/lib/python3.7/site-packages/airflow/example_dags/example_trigger_controller_dag.py
[2024-08-17T22:04:26.179+0000] {processor.py:836} INFO - DAG(s) dict_keys(['example_trigger_controller_dag']) retrieved from /home/airflow/.local/lib/python3.7/site-packages/airflow/example_dags/example_trigger_controller_dag.py
[2024-08-17T22:04:26.211+0000] {logging_mixin.py:150} INFO - [2024-08-17T22:04:26.211+0000] {dag.py:2742} INFO - Sync 1 DAGs
[2024-08-17T22:04:26.246+0000] {logging_mixin.py:150} INFO - [2024-08-17T22:04:26.245+0000] {dag.py:3508} INFO - Setting next_dagrun for example_trigger_controller_dag to 2021-01-01T00:00:00+00:00, run_after=2021-01-01T00:00:00+00:00
[2024-08-17T22:04:26.272+0000] {processor.py:179} INFO - Processing /home/airflow/.local/lib/python3.7/site-packages/airflow/example_dags/example_trigger_controller_dag.py took 0.115 seconds
[2024-08-17T22:04:56.913+0000] {processor.py:157} INFO - Started process (PID=660) to work on /home/airflow/.local/lib/python3.7/site-packages/airflow/example_dags/example_trigger_controller_dag.py
[2024-08-17T22:04:56.914+0000] {processor.py:826} INFO - Processing file /home/airflow/.local/lib/python3.7/site-packages/airflow/example_dags/example_trigger_controller_dag.py for tasks to queue
[2024-08-17T22:04:56.915+0000] {logging_mixin.py:150} INFO - [2024-08-17T22:04:56.915+0000] {dagbag.py:541} INFO - Filling up the DagBag from /home/airflow/.local/lib/python3.7/site-packages/airflow/example_dags/example_trigger_controller_dag.py
[2024-08-17T22:04:56.920+0000] {processor.py:836} INFO - DAG(s) dict_keys(['example_trigger_controller_dag']) retrieved from /home/airflow/.local/lib/python3.7/site-packages/airflow/example_dags/example_trigger_controller_dag.py
[2024-08-17T22:04:56.952+0000] {logging_mixin.py:150} INFO - [2024-08-17T22:04:56.952+0000] {dag.py:2742} INFO - Sync 1 DAGs
[2024-08-17T22:04:56.984+0000] {logging_mixin.py:150} INFO - [2024-08-17T22:04:56.983+0000] {dag.py:3508} INFO - Setting next_dagrun for example_trigger_controller_dag to 2021-01-01T00:00:00+00:00, run_after=2021-01-01T00:00:00+00:00
[2024-08-17T22:04:57.008+0000] {processor.py:179} INFO - Processing /home/airflow/.local/lib/python3.7/site-packages/airflow/example_dags/example_trigger_controller_dag.py took 0.099 seconds
[2024-08-17T22:05:30.873+0000] {processor.py:157} INFO - Started process (PID=896) to work on /home/airflow/.local/lib/python3.7/site-packages/airflow/example_dags/example_trigger_controller_dag.py
[2024-08-17T22:05:30.916+0000] {processor.py:826} INFO - Processing file /home/airflow/.local/lib/python3.7/site-packages/airflow/example_dags/example_trigger_controller_dag.py for tasks to queue
[2024-08-17T22:05:30.929+0000] {logging_mixin.py:150} INFO - [2024-08-17T22:05:30.928+0000] {dagbag.py:541} INFO - Filling up the DagBag from /home/airflow/.local/lib/python3.7/site-packages/airflow/example_dags/example_trigger_controller_dag.py
[2024-08-17T22:05:31.056+0000] {processor.py:836} INFO - DAG(s) dict_keys(['example_trigger_controller_dag']) retrieved from /home/airflow/.local/lib/python3.7/site-packages/airflow/example_dags/example_trigger_controller_dag.py
[2024-08-17T22:05:31.371+0000] {logging_mixin.py:150} INFO - [2024-08-17T22:05:31.370+0000] {dag.py:2742} INFO - Sync 1 DAGs
[2024-08-17T22:05:31.603+0000] {logging_mixin.py:150} INFO - [2024-08-17T22:05:31.601+0000] {dag.py:3508} INFO - Setting next_dagrun for example_trigger_controller_dag to 2021-01-01T00:00:00+00:00, run_after=2021-01-01T00:00:00+00:00
[2024-08-17T22:05:31.737+0000] {processor.py:179} INFO - Processing /home/airflow/.local/lib/python3.7/site-packages/airflow/example_dags/example_trigger_controller_dag.py took 0.969 seconds
[2024-08-17T22:06:01.922+0000] {processor.py:157} INFO - Started process (PID=1136) to work on /home/airflow/.local/lib/python3.7/site-packages/airflow/example_dags/example_trigger_controller_dag.py
[2024-08-17T22:06:01.924+0000] {processor.py:826} INFO - Processing file /home/airflow/.local/lib/python3.7/site-packages/airflow/example_dags/example_trigger_controller_dag.py for tasks to queue
[2024-08-17T22:06:01.925+0000] {logging_mixin.py:150} INFO - [2024-08-17T22:06:01.925+0000] {dagbag.py:541} INFO - Filling up the DagBag from /home/airflow/.local/lib/python3.7/site-packages/airflow/example_dags/example_trigger_controller_dag.py
[2024-08-17T22:06:01.930+0000] {processor.py:836} INFO - DAG(s) dict_keys(['example_trigger_controller_dag']) retrieved from /home/airflow/.local/lib/python3.7/site-packages/airflow/example_dags/example_trigger_controller_dag.py
[2024-08-17T22:06:01.966+0000] {logging_mixin.py:150} INFO - [2024-08-17T22:06:01.965+0000] {dag.py:2742} INFO - Sync 1 DAGs
[2024-08-17T22:06:02.008+0000] {logging_mixin.py:150} INFO - [2024-08-17T22:06:02.008+0000] {dag.py:3508} INFO - Setting next_dagrun for example_trigger_controller_dag to 2021-01-01T00:00:00+00:00, run_after=2021-01-01T00:00:00+00:00
[2024-08-17T22:06:02.053+0000] {processor.py:179} INFO - Processing /home/airflow/.local/lib/python3.7/site-packages/airflow/example_dags/example_trigger_controller_dag.py took 0.137 seconds
[2024-08-17T22:06:32.422+0000] {processor.py:157} INFO - Started process (PID=1372) to work on /home/airflow/.local/lib/python3.7/site-packages/airflow/example_dags/example_trigger_controller_dag.py
[2024-08-17T22:06:32.426+0000] {processor.py:826} INFO - Processing file /home/airflow/.local/lib/python3.7/site-packages/airflow/example_dags/example_trigger_controller_dag.py for tasks to queue
[2024-08-17T22:06:32.427+0000] {logging_mixin.py:150} INFO - [2024-08-17T22:06:32.427+0000] {dagbag.py:541} INFO - Filling up the DagBag from /home/airflow/.local/lib/python3.7/site-packages/airflow/example_dags/example_trigger_controller_dag.py
[2024-08-17T22:06:32.433+0000] {processor.py:836} INFO - DAG(s) dict_keys(['example_trigger_controller_dag']) retrieved from /home/airflow/.local/lib/python3.7/site-packages/airflow/example_dags/example_trigger_controller_dag.py
[2024-08-17T22:06:32.511+0000] {logging_mixin.py:150} INFO - [2024-08-17T22:06:32.510+0000] {dag.py:2742} INFO - Sync 1 DAGs
[2024-08-17T22:06:32.545+0000] {logging_mixin.py:150} INFO - [2024-08-17T22:06:32.545+0000] {dag.py:3508} INFO - Setting next_dagrun for example_trigger_controller_dag to 2021-01-01T00:00:00+00:00, run_after=2021-01-01T00:00:00+00:00
[2024-08-17T22:06:32.578+0000] {processor.py:179} INFO - Processing /home/airflow/.local/lib/python3.7/site-packages/airflow/example_dags/example_trigger_controller_dag.py took 0.161 seconds
[2024-08-17T22:07:02.962+0000] {processor.py:157} INFO - Started process (PID=1609) to work on /home/airflow/.local/lib/python3.7/site-packages/airflow/example_dags/example_trigger_controller_dag.py
[2024-08-17T22:07:02.965+0000] {processor.py:826} INFO - Processing file /home/airflow/.local/lib/python3.7/site-packages/airflow/example_dags/example_trigger_controller_dag.py for tasks to queue
[2024-08-17T22:07:02.967+0000] {logging_mixin.py:150} INFO - [2024-08-17T22:07:02.967+0000] {dagbag.py:541} INFO - Filling up the DagBag from /home/airflow/.local/lib/python3.7/site-packages/airflow/example_dags/example_trigger_controller_dag.py
[2024-08-17T22:07:02.977+0000] {processor.py:836} INFO - DAG(s) dict_keys(['example_trigger_controller_dag']) retrieved from /home/airflow/.local/lib/python3.7/site-packages/airflow/example_dags/example_trigger_controller_dag.py
[2024-08-17T22:07:03.021+0000] {logging_mixin.py:150} INFO - [2024-08-17T22:07:03.021+0000] {dag.py:2742} INFO - Sync 1 DAGs
[2024-08-17T22:07:03.062+0000] {logging_mixin.py:150} INFO - [2024-08-17T22:07:03.062+0000] {dag.py:3508} INFO - Setting next_dagrun for example_trigger_controller_dag to 2021-01-01T00:00:00+00:00, run_after=2021-01-01T00:00:00+00:00
[2024-08-17T22:07:03.095+0000] {processor.py:179} INFO - Processing /home/airflow/.local/lib/python3.7/site-packages/airflow/example_dags/example_trigger_controller_dag.py took 0.139 seconds
[2024-08-17T22:07:33.721+0000] {processor.py:157} INFO - Started process (PID=1848) to work on /home/airflow/.local/lib/python3.7/site-packages/airflow/example_dags/example_trigger_controller_dag.py
[2024-08-17T22:07:33.722+0000] {processor.py:826} INFO - Processing file /home/airflow/.local/lib/python3.7/site-packages/airflow/example_dags/example_trigger_controller_dag.py for tasks to queue
[2024-08-17T22:07:33.723+0000] {logging_mixin.py:150} INFO - [2024-08-17T22:07:33.723+0000] {dagbag.py:541} INFO - Filling up the DagBag from /home/airflow/.local/lib/python3.7/site-packages/airflow/example_dags/example_trigger_controller_dag.py
[2024-08-17T22:07:33.730+0000] {processor.py:836} INFO - DAG(s) dict_keys(['example_trigger_controller_dag']) retrieved from /home/airflow/.local/lib/python3.7/site-packages/airflow/example_dags/example_trigger_controller_dag.py
[2024-08-17T22:07:33.762+0000] {logging_mixin.py:150} INFO - [2024-08-17T22:07:33.762+0000] {dag.py:2742} INFO - Sync 1 DAGs
[2024-08-17T22:07:33.797+0000] {logging_mixin.py:150} INFO - [2024-08-17T22:07:33.796+0000] {dag.py:3508} INFO - Setting next_dagrun for example_trigger_controller_dag to 2021-01-01T00:00:00+00:00, run_after=2021-01-01T00:00:00+00:00
[2024-08-17T22:07:33.822+0000] {processor.py:179} INFO - Processing /home/airflow/.local/lib/python3.7/site-packages/airflow/example_dags/example_trigger_controller_dag.py took 0.106 seconds
[2024-08-17T22:08:09.594+0000] {processor.py:157} INFO - Started process (PID=2187) to work on /home/airflow/.local/lib/python3.7/site-packages/airflow/example_dags/example_trigger_controller_dag.py
[2024-08-17T22:08:09.620+0000] {processor.py:826} INFO - Processing file /home/airflow/.local/lib/python3.7/site-packages/airflow/example_dags/example_trigger_controller_dag.py for tasks to queue
[2024-08-17T22:08:09.645+0000] {logging_mixin.py:150} INFO - [2024-08-17T22:08:09.638+0000] {dagbag.py:541} INFO - Filling up the DagBag from /home/airflow/.local/lib/python3.7/site-packages/airflow/example_dags/example_trigger_controller_dag.py
[2024-08-17T22:08:09.707+0000] {processor.py:836} INFO - DAG(s) dict_keys(['example_trigger_controller_dag']) retrieved from /home/airflow/.local/lib/python3.7/site-packages/airflow/example_dags/example_trigger_controller_dag.py
[2024-08-17T22:08:09.826+0000] {logging_mixin.py:150} INFO - [2024-08-17T22:08:09.826+0000] {dag.py:2742} INFO - Sync 1 DAGs
[2024-08-17T22:08:10.107+0000] {logging_mixin.py:150} INFO - [2024-08-17T22:08:10.106+0000] {dag.py:3508} INFO - Setting next_dagrun for example_trigger_controller_dag to 2021-01-01T00:00:00+00:00, run_after=2021-01-01T00:00:00+00:00
[2024-08-17T22:08:10.369+0000] {processor.py:179} INFO - Processing /home/airflow/.local/lib/python3.7/site-packages/airflow/example_dags/example_trigger_controller_dag.py took 0.839 seconds
[2024-08-17T22:08:40.798+0000] {processor.py:157} INFO - Started process (PID=2458) to work on /home/airflow/.local/lib/python3.7/site-packages/airflow/example_dags/example_trigger_controller_dag.py
[2024-08-17T22:08:40.800+0000] {processor.py:826} INFO - Processing file /home/airflow/.local/lib/python3.7/site-packages/airflow/example_dags/example_trigger_controller_dag.py for tasks to queue
[2024-08-17T22:08:40.801+0000] {logging_mixin.py:150} INFO - [2024-08-17T22:08:40.801+0000] {dagbag.py:541} INFO - Filling up the DagBag from /home/airflow/.local/lib/python3.7/site-packages/airflow/example_dags/example_trigger_controller_dag.py
[2024-08-17T22:08:40.808+0000] {processor.py:836} INFO - DAG(s) dict_keys(['example_trigger_controller_dag']) retrieved from /home/airflow/.local/lib/python3.7/site-packages/airflow/example_dags/example_trigger_controller_dag.py
[2024-08-17T22:08:40.848+0000] {logging_mixin.py:150} INFO - [2024-08-17T22:08:40.847+0000] {dag.py:2742} INFO - Sync 1 DAGs
[2024-08-17T22:08:40.887+0000] {logging_mixin.py:150} INFO - [2024-08-17T22:08:40.886+0000] {dag.py:3508} INFO - Setting next_dagrun for example_trigger_controller_dag to 2021-01-01T00:00:00+00:00, run_after=2021-01-01T00:00:00+00:00
[2024-08-17T22:08:40.917+0000] {processor.py:179} INFO - Processing /home/airflow/.local/lib/python3.7/site-packages/airflow/example_dags/example_trigger_controller_dag.py took 0.124 seconds
[2024-08-17T22:09:11.303+0000] {processor.py:157} INFO - Started process (PID=2696) to work on /home/airflow/.local/lib/python3.7/site-packages/airflow/example_dags/example_trigger_controller_dag.py
[2024-08-17T22:09:11.304+0000] {processor.py:826} INFO - Processing file /home/airflow/.local/lib/python3.7/site-packages/airflow/example_dags/example_trigger_controller_dag.py for tasks to queue
[2024-08-17T22:09:11.305+0000] {logging_mixin.py:150} INFO - [2024-08-17T22:09:11.305+0000] {dagbag.py:541} INFO - Filling up the DagBag from /home/airflow/.local/lib/python3.7/site-packages/airflow/example_dags/example_trigger_controller_dag.py
[2024-08-17T22:09:11.311+0000] {processor.py:836} INFO - DAG(s) dict_keys(['example_trigger_controller_dag']) retrieved from /home/airflow/.local/lib/python3.7/site-packages/airflow/example_dags/example_trigger_controller_dag.py
[2024-08-17T22:09:11.346+0000] {logging_mixin.py:150} INFO - [2024-08-17T22:09:11.346+0000] {dag.py:2742} INFO - Sync 1 DAGs
[2024-08-17T22:09:11.377+0000] {logging_mixin.py:150} INFO - [2024-08-17T22:09:11.377+0000] {dag.py:3508} INFO - Setting next_dagrun for example_trigger_controller_dag to 2021-01-01T00:00:00+00:00, run_after=2021-01-01T00:00:00+00:00
[2024-08-17T22:09:11.405+0000] {processor.py:179} INFO - Processing /home/airflow/.local/lib/python3.7/site-packages/airflow/example_dags/example_trigger_controller_dag.py took 0.107 seconds
[2024-08-17T22:09:41.772+0000] {processor.py:157} INFO - Started process (PID=2934) to work on /home/airflow/.local/lib/python3.7/site-packages/airflow/example_dags/example_trigger_controller_dag.py
[2024-08-17T22:09:41.773+0000] {processor.py:826} INFO - Processing file /home/airflow/.local/lib/python3.7/site-packages/airflow/example_dags/example_trigger_controller_dag.py for tasks to queue
[2024-08-17T22:09:41.774+0000] {logging_mixin.py:150} INFO - [2024-08-17T22:09:41.774+0000] {dagbag.py:541} INFO - Filling up the DagBag from /home/airflow/.local/lib/python3.7/site-packages/airflow/example_dags/example_trigger_controller_dag.py
[2024-08-17T22:09:41.779+0000] {processor.py:836} INFO - DAG(s) dict_keys(['example_trigger_controller_dag']) retrieved from /home/airflow/.local/lib/python3.7/site-packages/airflow/example_dags/example_trigger_controller_dag.py
[2024-08-17T22:09:41.812+0000] {logging_mixin.py:150} INFO - [2024-08-17T22:09:41.812+0000] {dag.py:2742} INFO - Sync 1 DAGs
[2024-08-17T22:09:41.843+0000] {logging_mixin.py:150} INFO - [2024-08-17T22:09:41.843+0000] {dag.py:3508} INFO - Setting next_dagrun for example_trigger_controller_dag to 2021-01-01T00:00:00+00:00, run_after=2021-01-01T00:00:00+00:00
[2024-08-17T22:09:41.866+0000] {processor.py:179} INFO - Processing /home/airflow/.local/lib/python3.7/site-packages/airflow/example_dags/example_trigger_controller_dag.py took 0.099 seconds
[2024-08-17T22:10:12.542+0000] {processor.py:157} INFO - Started process (PID=3159) to work on /home/airflow/.local/lib/python3.7/site-packages/airflow/example_dags/example_trigger_controller_dag.py
[2024-08-17T22:10:12.543+0000] {processor.py:826} INFO - Processing file /home/airflow/.local/lib/python3.7/site-packages/airflow/example_dags/example_trigger_controller_dag.py for tasks to queue
[2024-08-17T22:10:12.544+0000] {logging_mixin.py:150} INFO - [2024-08-17T22:10:12.544+0000] {dagbag.py:541} INFO - Filling up the DagBag from /home/airflow/.local/lib/python3.7/site-packages/airflow/example_dags/example_trigger_controller_dag.py
[2024-08-17T22:10:12.550+0000] {processor.py:836} INFO - DAG(s) dict_keys(['example_trigger_controller_dag']) retrieved from /home/airflow/.local/lib/python3.7/site-packages/airflow/example_dags/example_trigger_controller_dag.py
[2024-08-17T22:10:12.583+0000] {logging_mixin.py:150} INFO - [2024-08-17T22:10:12.583+0000] {dag.py:2742} INFO - Sync 1 DAGs
[2024-08-17T22:10:12.615+0000] {logging_mixin.py:150} INFO - [2024-08-17T22:10:12.614+0000] {dag.py:3508} INFO - Setting next_dagrun for example_trigger_controller_dag to 2021-01-01T00:00:00+00:00, run_after=2021-01-01T00:00:00+00:00
[2024-08-17T22:10:12.644+0000] {processor.py:179} INFO - Processing /home/airflow/.local/lib/python3.7/site-packages/airflow/example_dags/example_trigger_controller_dag.py took 0.108 seconds
[2024-08-17T22:10:42.754+0000] {processor.py:157} INFO - Started process (PID=3397) to work on /home/airflow/.local/lib/python3.7/site-packages/airflow/example_dags/example_trigger_controller_dag.py
[2024-08-17T22:10:42.757+0000] {processor.py:826} INFO - Processing file /home/airflow/.local/lib/python3.7/site-packages/airflow/example_dags/example_trigger_controller_dag.py for tasks to queue
[2024-08-17T22:10:42.763+0000] {logging_mixin.py:150} INFO - [2024-08-17T22:10:42.763+0000] {dagbag.py:541} INFO - Filling up the DagBag from /home/airflow/.local/lib/python3.7/site-packages/airflow/example_dags/example_trigger_controller_dag.py
[2024-08-17T22:10:42.778+0000] {processor.py:836} INFO - DAG(s) dict_keys(['example_trigger_controller_dag']) retrieved from /home/airflow/.local/lib/python3.7/site-packages/airflow/example_dags/example_trigger_controller_dag.py
[2024-08-17T22:10:42.858+0000] {logging_mixin.py:150} INFO - [2024-08-17T22:10:42.857+0000] {dag.py:2742} INFO - Sync 1 DAGs
[2024-08-17T22:10:42.920+0000] {logging_mixin.py:150} INFO - [2024-08-17T22:10:42.920+0000] {dag.py:3508} INFO - Setting next_dagrun for example_trigger_controller_dag to 2021-01-01T00:00:00+00:00, run_after=2021-01-01T00:00:00+00:00
[2024-08-17T22:10:42.950+0000] {processor.py:179} INFO - Processing /home/airflow/.local/lib/python3.7/site-packages/airflow/example_dags/example_trigger_controller_dag.py took 0.203 seconds
[2024-08-17T22:11:13.611+0000] {processor.py:157} INFO - Started process (PID=3635) to work on /home/airflow/.local/lib/python3.7/site-packages/airflow/example_dags/example_trigger_controller_dag.py
[2024-08-17T22:11:13.613+0000] {processor.py:826} INFO - Processing file /home/airflow/.local/lib/python3.7/site-packages/airflow/example_dags/example_trigger_controller_dag.py for tasks to queue
[2024-08-17T22:11:13.615+0000] {logging_mixin.py:150} INFO - [2024-08-17T22:11:13.614+0000] {dagbag.py:541} INFO - Filling up the DagBag from /home/airflow/.local/lib/python3.7/site-packages/airflow/example_dags/example_trigger_controller_dag.py
[2024-08-17T22:11:13.621+0000] {processor.py:836} INFO - DAG(s) dict_keys(['example_trigger_controller_dag']) retrieved from /home/airflow/.local/lib/python3.7/site-packages/airflow/example_dags/example_trigger_controller_dag.py
[2024-08-17T22:11:13.667+0000] {logging_mixin.py:150} INFO - [2024-08-17T22:11:13.667+0000] {dag.py:2742} INFO - Sync 1 DAGs
[2024-08-17T22:11:13.718+0000] {logging_mixin.py:150} INFO - [2024-08-17T22:11:13.717+0000] {dag.py:3508} INFO - Setting next_dagrun for example_trigger_controller_dag to 2021-01-01T00:00:00+00:00, run_after=2021-01-01T00:00:00+00:00
[2024-08-17T22:11:13.750+0000] {processor.py:179} INFO - Processing /home/airflow/.local/lib/python3.7/site-packages/airflow/example_dags/example_trigger_controller_dag.py took 0.145 seconds
[2024-08-17T22:12:08.627+0000] {processor.py:157} INFO - Started process (PID=181) to work on /home/airflow/.local/lib/python3.7/site-packages/airflow/example_dags/example_trigger_controller_dag.py
[2024-08-17T22:12:08.629+0000] {processor.py:826} INFO - Processing file /home/airflow/.local/lib/python3.7/site-packages/airflow/example_dags/example_trigger_controller_dag.py for tasks to queue
[2024-08-17T22:12:08.633+0000] {logging_mixin.py:150} INFO - [2024-08-17T22:12:08.633+0000] {dagbag.py:541} INFO - Filling up the DagBag from /home/airflow/.local/lib/python3.7/site-packages/airflow/example_dags/example_trigger_controller_dag.py
[2024-08-17T22:12:08.642+0000] {processor.py:836} INFO - DAG(s) dict_keys(['example_trigger_controller_dag']) retrieved from /home/airflow/.local/lib/python3.7/site-packages/airflow/example_dags/example_trigger_controller_dag.py
[2024-08-17T22:12:08.683+0000] {logging_mixin.py:150} INFO - [2024-08-17T22:12:08.682+0000] {dag.py:2742} INFO - Sync 1 DAGs
[2024-08-17T22:12:08.736+0000] {logging_mixin.py:150} INFO - [2024-08-17T22:12:08.736+0000] {dag.py:3508} INFO - Setting next_dagrun for example_trigger_controller_dag to 2021-01-01T00:00:00+00:00, run_after=2021-01-01T00:00:00+00:00
[2024-08-17T22:12:08.773+0000] {processor.py:179} INFO - Processing /home/airflow/.local/lib/python3.7/site-packages/airflow/example_dags/example_trigger_controller_dag.py took 0.150 seconds
[2024-08-17T22:12:39.891+0000] {processor.py:157} INFO - Started process (PID=419) to work on /home/airflow/.local/lib/python3.7/site-packages/airflow/example_dags/example_trigger_controller_dag.py
[2024-08-17T22:12:39.894+0000] {processor.py:826} INFO - Processing file /home/airflow/.local/lib/python3.7/site-packages/airflow/example_dags/example_trigger_controller_dag.py for tasks to queue
[2024-08-17T22:12:39.896+0000] {logging_mixin.py:150} INFO - [2024-08-17T22:12:39.896+0000] {dagbag.py:541} INFO - Filling up the DagBag from /home/airflow/.local/lib/python3.7/site-packages/airflow/example_dags/example_trigger_controller_dag.py
[2024-08-17T22:12:39.904+0000] {processor.py:836} INFO - DAG(s) dict_keys(['example_trigger_controller_dag']) retrieved from /home/airflow/.local/lib/python3.7/site-packages/airflow/example_dags/example_trigger_controller_dag.py
[2024-08-17T22:12:39.947+0000] {logging_mixin.py:150} INFO - [2024-08-17T22:12:39.946+0000] {dag.py:2742} INFO - Sync 1 DAGs
[2024-08-17T22:12:39.986+0000] {logging_mixin.py:150} INFO - [2024-08-17T22:12:39.986+0000] {dag.py:3508} INFO - Setting next_dagrun for example_trigger_controller_dag to 2021-01-01T00:00:00+00:00, run_after=2021-01-01T00:00:00+00:00
[2024-08-17T22:12:40.012+0000] {processor.py:179} INFO - Processing /home/airflow/.local/lib/python3.7/site-packages/airflow/example_dags/example_trigger_controller_dag.py took 0.145 seconds
[2024-08-17T22:13:11.072+0000] {processor.py:157} INFO - Started process (PID=657) to work on /home/airflow/.local/lib/python3.7/site-packages/airflow/example_dags/example_trigger_controller_dag.py
[2024-08-17T22:13:11.075+0000] {processor.py:826} INFO - Processing file /home/airflow/.local/lib/python3.7/site-packages/airflow/example_dags/example_trigger_controller_dag.py for tasks to queue
[2024-08-17T22:13:11.077+0000] {logging_mixin.py:150} INFO - [2024-08-17T22:13:11.077+0000] {dagbag.py:541} INFO - Filling up the DagBag from /home/airflow/.local/lib/python3.7/site-packages/airflow/example_dags/example_trigger_controller_dag.py
[2024-08-17T22:13:11.088+0000] {processor.py:836} INFO - DAG(s) dict_keys(['example_trigger_controller_dag']) retrieved from /home/airflow/.local/lib/python3.7/site-packages/airflow/example_dags/example_trigger_controller_dag.py
[2024-08-17T22:13:11.134+0000] {logging_mixin.py:150} INFO - [2024-08-17T22:13:11.134+0000] {dag.py:2742} INFO - Sync 1 DAGs
[2024-08-17T22:13:11.170+0000] {logging_mixin.py:150} INFO - [2024-08-17T22:13:11.169+0000] {dag.py:3508} INFO - Setting next_dagrun for example_trigger_controller_dag to 2021-01-01T00:00:00+00:00, run_after=2021-01-01T00:00:00+00:00
[2024-08-17T22:13:11.193+0000] {processor.py:179} INFO - Processing /home/airflow/.local/lib/python3.7/site-packages/airflow/example_dags/example_trigger_controller_dag.py took 0.129 seconds
[2024-08-17T22:13:41.648+0000] {processor.py:157} INFO - Started process (PID=895) to work on /home/airflow/.local/lib/python3.7/site-packages/airflow/example_dags/example_trigger_controller_dag.py
[2024-08-17T22:13:41.649+0000] {processor.py:826} INFO - Processing file /home/airflow/.local/lib/python3.7/site-packages/airflow/example_dags/example_trigger_controller_dag.py for tasks to queue
[2024-08-17T22:13:41.650+0000] {logging_mixin.py:150} INFO - [2024-08-17T22:13:41.650+0000] {dagbag.py:541} INFO - Filling up the DagBag from /home/airflow/.local/lib/python3.7/site-packages/airflow/example_dags/example_trigger_controller_dag.py
[2024-08-17T22:13:41.656+0000] {processor.py:836} INFO - DAG(s) dict_keys(['example_trigger_controller_dag']) retrieved from /home/airflow/.local/lib/python3.7/site-packages/airflow/example_dags/example_trigger_controller_dag.py
[2024-08-17T22:13:41.686+0000] {logging_mixin.py:150} INFO - [2024-08-17T22:13:41.686+0000] {dag.py:2742} INFO - Sync 1 DAGs
[2024-08-17T22:13:41.718+0000] {logging_mixin.py:150} INFO - [2024-08-17T22:13:41.718+0000] {dag.py:3508} INFO - Setting next_dagrun for example_trigger_controller_dag to 2021-01-01T00:00:00+00:00, run_after=2021-01-01T00:00:00+00:00
[2024-08-17T22:13:41.744+0000] {processor.py:179} INFO - Processing /home/airflow/.local/lib/python3.7/site-packages/airflow/example_dags/example_trigger_controller_dag.py took 0.101 seconds
[2024-08-17T22:14:11.922+0000] {processor.py:157} INFO - Started process (PID=1135) to work on /home/airflow/.local/lib/python3.7/site-packages/airflow/example_dags/example_trigger_controller_dag.py
[2024-08-17T22:14:11.924+0000] {processor.py:826} INFO - Processing file /home/airflow/.local/lib/python3.7/site-packages/airflow/example_dags/example_trigger_controller_dag.py for tasks to queue
[2024-08-17T22:14:11.925+0000] {logging_mixin.py:150} INFO - [2024-08-17T22:14:11.924+0000] {dagbag.py:541} INFO - Filling up the DagBag from /home/airflow/.local/lib/python3.7/site-packages/airflow/example_dags/example_trigger_controller_dag.py
[2024-08-17T22:14:11.930+0000] {processor.py:836} INFO - DAG(s) dict_keys(['example_trigger_controller_dag']) retrieved from /home/airflow/.local/lib/python3.7/site-packages/airflow/example_dags/example_trigger_controller_dag.py
[2024-08-17T22:14:11.960+0000] {logging_mixin.py:150} INFO - [2024-08-17T22:14:11.960+0000] {dag.py:2742} INFO - Sync 1 DAGs
[2024-08-17T22:14:11.990+0000] {logging_mixin.py:150} INFO - [2024-08-17T22:14:11.990+0000] {dag.py:3508} INFO - Setting next_dagrun for example_trigger_controller_dag to 2021-01-01T00:00:00+00:00, run_after=2021-01-01T00:00:00+00:00
[2024-08-17T22:14:12.015+0000] {processor.py:179} INFO - Processing /home/airflow/.local/lib/python3.7/site-packages/airflow/example_dags/example_trigger_controller_dag.py took 0.097 seconds
[2024-08-17T22:14:42.693+0000] {processor.py:157} INFO - Started process (PID=1371) to work on /home/airflow/.local/lib/python3.7/site-packages/airflow/example_dags/example_trigger_controller_dag.py
[2024-08-17T22:14:42.695+0000] {processor.py:826} INFO - Processing file /home/airflow/.local/lib/python3.7/site-packages/airflow/example_dags/example_trigger_controller_dag.py for tasks to queue
[2024-08-17T22:14:42.696+0000] {logging_mixin.py:150} INFO - [2024-08-17T22:14:42.696+0000] {dagbag.py:541} INFO - Filling up the DagBag from /home/airflow/.local/lib/python3.7/site-packages/airflow/example_dags/example_trigger_controller_dag.py
[2024-08-17T22:14:42.701+0000] {processor.py:836} INFO - DAG(s) dict_keys(['example_trigger_controller_dag']) retrieved from /home/airflow/.local/lib/python3.7/site-packages/airflow/example_dags/example_trigger_controller_dag.py
[2024-08-17T22:14:42.734+0000] {logging_mixin.py:150} INFO - [2024-08-17T22:14:42.733+0000] {dag.py:2742} INFO - Sync 1 DAGs
[2024-08-17T22:14:42.765+0000] {logging_mixin.py:150} INFO - [2024-08-17T22:14:42.765+0000] {dag.py:3508} INFO - Setting next_dagrun for example_trigger_controller_dag to 2021-01-01T00:00:00+00:00, run_after=2021-01-01T00:00:00+00:00
[2024-08-17T22:14:42.791+0000] {processor.py:179} INFO - Processing /home/airflow/.local/lib/python3.7/site-packages/airflow/example_dags/example_trigger_controller_dag.py took 0.102 seconds
[2024-08-17T22:15:13.451+0000] {processor.py:157} INFO - Started process (PID=1609) to work on /home/airflow/.local/lib/python3.7/site-packages/airflow/example_dags/example_trigger_controller_dag.py
[2024-08-17T22:15:13.452+0000] {processor.py:826} INFO - Processing file /home/airflow/.local/lib/python3.7/site-packages/airflow/example_dags/example_trigger_controller_dag.py for tasks to queue
[2024-08-17T22:15:13.453+0000] {logging_mixin.py:150} INFO - [2024-08-17T22:15:13.453+0000] {dagbag.py:541} INFO - Filling up the DagBag from /home/airflow/.local/lib/python3.7/site-packages/airflow/example_dags/example_trigger_controller_dag.py
[2024-08-17T22:15:13.459+0000] {processor.py:836} INFO - DAG(s) dict_keys(['example_trigger_controller_dag']) retrieved from /home/airflow/.local/lib/python3.7/site-packages/airflow/example_dags/example_trigger_controller_dag.py
[2024-08-17T22:15:13.491+0000] {logging_mixin.py:150} INFO - [2024-08-17T22:15:13.491+0000] {dag.py:2742} INFO - Sync 1 DAGs
[2024-08-17T22:15:13.525+0000] {logging_mixin.py:150} INFO - [2024-08-17T22:15:13.524+0000] {dag.py:3508} INFO - Setting next_dagrun for example_trigger_controller_dag to 2021-01-01T00:00:00+00:00, run_after=2021-01-01T00:00:00+00:00
[2024-08-17T22:15:13.549+0000] {processor.py:179} INFO - Processing /home/airflow/.local/lib/python3.7/site-packages/airflow/example_dags/example_trigger_controller_dag.py took 0.102 seconds
[2024-08-17T22:15:43.585+0000] {processor.py:157} INFO - Started process (PID=1847) to work on /home/airflow/.local/lib/python3.7/site-packages/airflow/example_dags/example_trigger_controller_dag.py
[2024-08-17T22:15:43.587+0000] {processor.py:826} INFO - Processing file /home/airflow/.local/lib/python3.7/site-packages/airflow/example_dags/example_trigger_controller_dag.py for tasks to queue
[2024-08-17T22:15:43.588+0000] {logging_mixin.py:150} INFO - [2024-08-17T22:15:43.587+0000] {dagbag.py:541} INFO - Filling up the DagBag from /home/airflow/.local/lib/python3.7/site-packages/airflow/example_dags/example_trigger_controller_dag.py
[2024-08-17T22:15:43.593+0000] {processor.py:836} INFO - DAG(s) dict_keys(['example_trigger_controller_dag']) retrieved from /home/airflow/.local/lib/python3.7/site-packages/airflow/example_dags/example_trigger_controller_dag.py
[2024-08-17T22:15:43.623+0000] {logging_mixin.py:150} INFO - [2024-08-17T22:15:43.623+0000] {dag.py:2742} INFO - Sync 1 DAGs
[2024-08-17T22:15:43.654+0000] {logging_mixin.py:150} INFO - [2024-08-17T22:15:43.653+0000] {dag.py:3508} INFO - Setting next_dagrun for example_trigger_controller_dag to 2021-01-01T00:00:00+00:00, run_after=2021-01-01T00:00:00+00:00
[2024-08-17T22:15:43.677+0000] {processor.py:179} INFO - Processing /home/airflow/.local/lib/python3.7/site-packages/airflow/example_dags/example_trigger_controller_dag.py took 0.095 seconds
[2024-08-17T22:16:13.774+0000] {processor.py:157} INFO - Started process (PID=2085) to work on /home/airflow/.local/lib/python3.7/site-packages/airflow/example_dags/example_trigger_controller_dag.py
[2024-08-17T22:16:13.775+0000] {processor.py:826} INFO - Processing file /home/airflow/.local/lib/python3.7/site-packages/airflow/example_dags/example_trigger_controller_dag.py for tasks to queue
[2024-08-17T22:16:13.776+0000] {logging_mixin.py:150} INFO - [2024-08-17T22:16:13.776+0000] {dagbag.py:541} INFO - Filling up the DagBag from /home/airflow/.local/lib/python3.7/site-packages/airflow/example_dags/example_trigger_controller_dag.py
[2024-08-17T22:16:13.781+0000] {processor.py:836} INFO - DAG(s) dict_keys(['example_trigger_controller_dag']) retrieved from /home/airflow/.local/lib/python3.7/site-packages/airflow/example_dags/example_trigger_controller_dag.py
[2024-08-17T22:16:13.818+0000] {logging_mixin.py:150} INFO - [2024-08-17T22:16:13.818+0000] {dag.py:2742} INFO - Sync 1 DAGs
[2024-08-17T22:16:13.852+0000] {logging_mixin.py:150} INFO - [2024-08-17T22:16:13.852+0000] {dag.py:3508} INFO - Setting next_dagrun for example_trigger_controller_dag to 2021-01-01T00:00:00+00:00, run_after=2021-01-01T00:00:00+00:00
[2024-08-17T22:16:13.878+0000] {processor.py:179} INFO - Processing /home/airflow/.local/lib/python3.7/site-packages/airflow/example_dags/example_trigger_controller_dag.py took 0.108 seconds
[2024-08-17T22:16:44.253+0000] {processor.py:157} INFO - Started process (PID=2323) to work on /home/airflow/.local/lib/python3.7/site-packages/airflow/example_dags/example_trigger_controller_dag.py
[2024-08-17T22:16:44.255+0000] {processor.py:826} INFO - Processing file /home/airflow/.local/lib/python3.7/site-packages/airflow/example_dags/example_trigger_controller_dag.py for tasks to queue
[2024-08-17T22:16:44.257+0000] {logging_mixin.py:150} INFO - [2024-08-17T22:16:44.257+0000] {dagbag.py:541} INFO - Filling up the DagBag from /home/airflow/.local/lib/python3.7/site-packages/airflow/example_dags/example_trigger_controller_dag.py
[2024-08-17T22:16:44.269+0000] {processor.py:836} INFO - DAG(s) dict_keys(['example_trigger_controller_dag']) retrieved from /home/airflow/.local/lib/python3.7/site-packages/airflow/example_dags/example_trigger_controller_dag.py
[2024-08-17T22:16:44.327+0000] {logging_mixin.py:150} INFO - [2024-08-17T22:16:44.326+0000] {dag.py:2742} INFO - Sync 1 DAGs
[2024-08-17T22:16:44.377+0000] {logging_mixin.py:150} INFO - [2024-08-17T22:16:44.376+0000] {dag.py:3508} INFO - Setting next_dagrun for example_trigger_controller_dag to 2021-01-01T00:00:00+00:00, run_after=2021-01-01T00:00:00+00:00
[2024-08-17T22:16:44.442+0000] {processor.py:179} INFO - Processing /home/airflow/.local/lib/python3.7/site-packages/airflow/example_dags/example_trigger_controller_dag.py took 0.201 seconds
