[2024-08-17T22:04:01.202+0000] {processor.py:157} INFO - Started process (PID=352) to work on /home/airflow/.local/lib/python3.7/site-packages/airflow/example_dags/example_nested_branch_dag.py
[2024-08-17T22:04:01.204+0000] {processor.py:826} INFO - Processing file /home/airflow/.local/lib/python3.7/site-packages/airflow/example_dags/example_nested_branch_dag.py for tasks to queue
[2024-08-17T22:04:01.205+0000] {logging_mixin.py:150} INFO - [2024-08-17T22:04:01.205+0000] {dagbag.py:541} INFO - Filling up the DagBag from /home/airflow/.local/lib/python3.7/site-packages/airflow/example_dags/example_nested_branch_dag.py
[2024-08-17T22:04:01.225+0000] {processor.py:836} INFO - DAG(s) dict_keys(['example_nested_branch_dag']) retrieved from /home/airflow/.local/lib/python3.7/site-packages/airflow/example_dags/example_nested_branch_dag.py
[2024-08-17T22:04:01.245+0000] {logging_mixin.py:150} INFO - [2024-08-17T22:04:01.245+0000] {dag.py:2742} INFO - Sync 1 DAGs
[2024-08-17T22:04:01.272+0000] {logging_mixin.py:150} INFO - [2024-08-17T22:04:01.272+0000] {dag.py:2763} INFO - Creating ORM DAG for example_nested_branch_dag
[2024-08-17T22:04:01.296+0000] {logging_mixin.py:150} INFO - [2024-08-17T22:04:01.295+0000] {dag.py:3508} INFO - Setting next_dagrun for example_nested_branch_dag to 2024-08-16T00:00:00+00:00, run_after=2024-08-17T00:00:00+00:00
[2024-08-17T22:04:01.353+0000] {processor.py:179} INFO - Processing /home/airflow/.local/lib/python3.7/site-packages/airflow/example_dags/example_nested_branch_dag.py took 0.156 seconds
[2024-08-17T22:04:31.418+0000] {processor.py:157} INFO - Started process (PID=587) to work on /home/airflow/.local/lib/python3.7/site-packages/airflow/example_dags/example_nested_branch_dag.py
[2024-08-17T22:04:31.420+0000] {processor.py:826} INFO - Processing file /home/airflow/.local/lib/python3.7/site-packages/airflow/example_dags/example_nested_branch_dag.py for tasks to queue
[2024-08-17T22:04:31.421+0000] {logging_mixin.py:150} INFO - [2024-08-17T22:04:31.421+0000] {dagbag.py:541} INFO - Filling up the DagBag from /home/airflow/.local/lib/python3.7/site-packages/airflow/example_dags/example_nested_branch_dag.py
[2024-08-17T22:04:31.435+0000] {processor.py:836} INFO - DAG(s) dict_keys(['example_nested_branch_dag']) retrieved from /home/airflow/.local/lib/python3.7/site-packages/airflow/example_dags/example_nested_branch_dag.py
[2024-08-17T22:04:31.469+0000] {logging_mixin.py:150} INFO - [2024-08-17T22:04:31.469+0000] {dag.py:2742} INFO - Sync 1 DAGs
[2024-08-17T22:04:31.505+0000] {logging_mixin.py:150} INFO - [2024-08-17T22:04:31.504+0000] {dag.py:3508} INFO - Setting next_dagrun for example_nested_branch_dag to 2024-08-16T00:00:00+00:00, run_after=2024-08-17T00:00:00+00:00
[2024-08-17T22:04:31.530+0000] {processor.py:179} INFO - Processing /home/airflow/.local/lib/python3.7/site-packages/airflow/example_dags/example_nested_branch_dag.py took 0.116 seconds
[2024-08-17T22:05:02.029+0000] {processor.py:157} INFO - Started process (PID=823) to work on /home/airflow/.local/lib/python3.7/site-packages/airflow/example_dags/example_nested_branch_dag.py
[2024-08-17T22:05:02.031+0000] {processor.py:826} INFO - Processing file /home/airflow/.local/lib/python3.7/site-packages/airflow/example_dags/example_nested_branch_dag.py for tasks to queue
[2024-08-17T22:05:02.032+0000] {logging_mixin.py:150} INFO - [2024-08-17T22:05:02.032+0000] {dagbag.py:541} INFO - Filling up the DagBag from /home/airflow/.local/lib/python3.7/site-packages/airflow/example_dags/example_nested_branch_dag.py
[2024-08-17T22:05:02.049+0000] {processor.py:836} INFO - DAG(s) dict_keys(['example_nested_branch_dag']) retrieved from /home/airflow/.local/lib/python3.7/site-packages/airflow/example_dags/example_nested_branch_dag.py
[2024-08-17T22:05:02.091+0000] {logging_mixin.py:150} INFO - [2024-08-17T22:05:02.091+0000] {dag.py:2742} INFO - Sync 1 DAGs
[2024-08-17T22:05:02.134+0000] {logging_mixin.py:150} INFO - [2024-08-17T22:05:02.134+0000] {dag.py:3508} INFO - Setting next_dagrun for example_nested_branch_dag to 2024-08-16T00:00:00+00:00, run_after=2024-08-17T00:00:00+00:00
[2024-08-17T22:05:02.163+0000] {processor.py:179} INFO - Processing /home/airflow/.local/lib/python3.7/site-packages/airflow/example_dags/example_nested_branch_dag.py took 0.139 seconds
[2024-08-17T22:05:39.685+0000] {processor.py:157} INFO - Started process (PID=1061) to work on /home/airflow/.local/lib/python3.7/site-packages/airflow/example_dags/example_nested_branch_dag.py
[2024-08-17T22:05:39.688+0000] {processor.py:826} INFO - Processing file /home/airflow/.local/lib/python3.7/site-packages/airflow/example_dags/example_nested_branch_dag.py for tasks to queue
[2024-08-17T22:05:39.689+0000] {logging_mixin.py:150} INFO - [2024-08-17T22:05:39.689+0000] {dagbag.py:541} INFO - Filling up the DagBag from /home/airflow/.local/lib/python3.7/site-packages/airflow/example_dags/example_nested_branch_dag.py
[2024-08-17T22:05:39.711+0000] {processor.py:836} INFO - DAG(s) dict_keys(['example_nested_branch_dag']) retrieved from /home/airflow/.local/lib/python3.7/site-packages/airflow/example_dags/example_nested_branch_dag.py
[2024-08-17T22:05:39.779+0000] {logging_mixin.py:150} INFO - [2024-08-17T22:05:39.778+0000] {dag.py:2742} INFO - Sync 1 DAGs
[2024-08-17T22:05:39.835+0000] {logging_mixin.py:150} INFO - [2024-08-17T22:05:39.835+0000] {dag.py:3508} INFO - Setting next_dagrun for example_nested_branch_dag to 2024-08-16T00:00:00+00:00, run_after=2024-08-17T00:00:00+00:00
[2024-08-17T22:05:39.872+0000] {processor.py:179} INFO - Processing /home/airflow/.local/lib/python3.7/site-packages/airflow/example_dags/example_nested_branch_dag.py took 0.193 seconds
[2024-08-17T22:06:10.049+0000] {processor.py:157} INFO - Started process (PID=1299) to work on /home/airflow/.local/lib/python3.7/site-packages/airflow/example_dags/example_nested_branch_dag.py
[2024-08-17T22:06:10.051+0000] {processor.py:826} INFO - Processing file /home/airflow/.local/lib/python3.7/site-packages/airflow/example_dags/example_nested_branch_dag.py for tasks to queue
[2024-08-17T22:06:10.054+0000] {logging_mixin.py:150} INFO - [2024-08-17T22:06:10.054+0000] {dagbag.py:541} INFO - Filling up the DagBag from /home/airflow/.local/lib/python3.7/site-packages/airflow/example_dags/example_nested_branch_dag.py
[2024-08-17T22:06:10.069+0000] {processor.py:836} INFO - DAG(s) dict_keys(['example_nested_branch_dag']) retrieved from /home/airflow/.local/lib/python3.7/site-packages/airflow/example_dags/example_nested_branch_dag.py
[2024-08-17T22:06:10.148+0000] {logging_mixin.py:150} INFO - [2024-08-17T22:06:10.148+0000] {dag.py:2742} INFO - Sync 1 DAGs
[2024-08-17T22:06:10.239+0000] {logging_mixin.py:150} INFO - [2024-08-17T22:06:10.238+0000] {dag.py:3508} INFO - Setting next_dagrun for example_nested_branch_dag to 2024-08-16T00:00:00+00:00, run_after=2024-08-17T00:00:00+00:00
[2024-08-17T22:06:10.285+0000] {processor.py:179} INFO - Processing /home/airflow/.local/lib/python3.7/site-packages/airflow/example_dags/example_nested_branch_dag.py took 0.240 seconds
[2024-08-17T22:06:40.390+0000] {processor.py:157} INFO - Started process (PID=1537) to work on /home/airflow/.local/lib/python3.7/site-packages/airflow/example_dags/example_nested_branch_dag.py
[2024-08-17T22:06:40.392+0000] {processor.py:826} INFO - Processing file /home/airflow/.local/lib/python3.7/site-packages/airflow/example_dags/example_nested_branch_dag.py for tasks to queue
[2024-08-17T22:06:40.393+0000] {logging_mixin.py:150} INFO - [2024-08-17T22:06:40.393+0000] {dagbag.py:541} INFO - Filling up the DagBag from /home/airflow/.local/lib/python3.7/site-packages/airflow/example_dags/example_nested_branch_dag.py
[2024-08-17T22:06:40.408+0000] {processor.py:836} INFO - DAG(s) dict_keys(['example_nested_branch_dag']) retrieved from /home/airflow/.local/lib/python3.7/site-packages/airflow/example_dags/example_nested_branch_dag.py
[2024-08-17T22:06:40.444+0000] {logging_mixin.py:150} INFO - [2024-08-17T22:06:40.443+0000] {dag.py:2742} INFO - Sync 1 DAGs
[2024-08-17T22:06:40.481+0000] {logging_mixin.py:150} INFO - [2024-08-17T22:06:40.481+0000] {dag.py:3508} INFO - Setting next_dagrun for example_nested_branch_dag to 2024-08-16T00:00:00+00:00, run_after=2024-08-17T00:00:00+00:00
[2024-08-17T22:06:40.507+0000] {processor.py:179} INFO - Processing /home/airflow/.local/lib/python3.7/site-packages/airflow/example_dags/example_nested_branch_dag.py took 0.121 seconds
[2024-08-17T22:07:10.635+0000] {processor.py:157} INFO - Started process (PID=1775) to work on /home/airflow/.local/lib/python3.7/site-packages/airflow/example_dags/example_nested_branch_dag.py
[2024-08-17T22:07:10.637+0000] {processor.py:826} INFO - Processing file /home/airflow/.local/lib/python3.7/site-packages/airflow/example_dags/example_nested_branch_dag.py for tasks to queue
[2024-08-17T22:07:10.638+0000] {logging_mixin.py:150} INFO - [2024-08-17T22:07:10.637+0000] {dagbag.py:541} INFO - Filling up the DagBag from /home/airflow/.local/lib/python3.7/site-packages/airflow/example_dags/example_nested_branch_dag.py
[2024-08-17T22:07:10.650+0000] {processor.py:836} INFO - DAG(s) dict_keys(['example_nested_branch_dag']) retrieved from /home/airflow/.local/lib/python3.7/site-packages/airflow/example_dags/example_nested_branch_dag.py
[2024-08-17T22:07:10.685+0000] {logging_mixin.py:150} INFO - [2024-08-17T22:07:10.685+0000] {dag.py:2742} INFO - Sync 1 DAGs
[2024-08-17T22:07:10.722+0000] {logging_mixin.py:150} INFO - [2024-08-17T22:07:10.722+0000] {dag.py:3508} INFO - Setting next_dagrun for example_nested_branch_dag to 2024-08-16T00:00:00+00:00, run_after=2024-08-17T00:00:00+00:00
[2024-08-17T22:07:10.746+0000] {processor.py:179} INFO - Processing /home/airflow/.local/lib/python3.7/site-packages/airflow/example_dags/example_nested_branch_dag.py took 0.115 seconds
[2024-08-17T22:07:41.602+0000] {processor.py:157} INFO - Started process (PID=2013) to work on /home/airflow/.local/lib/python3.7/site-packages/airflow/example_dags/example_nested_branch_dag.py
[2024-08-17T22:07:41.606+0000] {processor.py:826} INFO - Processing file /home/airflow/.local/lib/python3.7/site-packages/airflow/example_dags/example_nested_branch_dag.py for tasks to queue
[2024-08-17T22:07:41.608+0000] {logging_mixin.py:150} INFO - [2024-08-17T22:07:41.608+0000] {dagbag.py:541} INFO - Filling up the DagBag from /home/airflow/.local/lib/python3.7/site-packages/airflow/example_dags/example_nested_branch_dag.py
[2024-08-17T22:07:41.634+0000] {processor.py:836} INFO - DAG(s) dict_keys(['example_nested_branch_dag']) retrieved from /home/airflow/.local/lib/python3.7/site-packages/airflow/example_dags/example_nested_branch_dag.py
[2024-08-17T22:07:41.694+0000] {logging_mixin.py:150} INFO - [2024-08-17T22:07:41.694+0000] {dag.py:2742} INFO - Sync 1 DAGs
[2024-08-17T22:07:41.748+0000] {logging_mixin.py:150} INFO - [2024-08-17T22:07:41.748+0000] {dag.py:3508} INFO - Setting next_dagrun for example_nested_branch_dag to 2024-08-16T00:00:00+00:00, run_after=2024-08-17T00:00:00+00:00
[2024-08-17T22:07:41.784+0000] {processor.py:179} INFO - Processing /home/airflow/.local/lib/python3.7/site-packages/airflow/example_dags/example_nested_branch_dag.py took 0.190 seconds
[2024-08-17T22:08:16.056+0000] {processor.py:157} INFO - Started process (PID=2381) to work on /home/airflow/.local/lib/python3.7/site-packages/airflow/example_dags/example_nested_branch_dag.py
[2024-08-17T22:08:16.059+0000] {processor.py:826} INFO - Processing file /home/airflow/.local/lib/python3.7/site-packages/airflow/example_dags/example_nested_branch_dag.py for tasks to queue
[2024-08-17T22:08:16.061+0000] {logging_mixin.py:150} INFO - [2024-08-17T22:08:16.061+0000] {dagbag.py:541} INFO - Filling up the DagBag from /home/airflow/.local/lib/python3.7/site-packages/airflow/example_dags/example_nested_branch_dag.py
[2024-08-17T22:08:16.096+0000] {processor.py:836} INFO - DAG(s) dict_keys(['example_nested_branch_dag']) retrieved from /home/airflow/.local/lib/python3.7/site-packages/airflow/example_dags/example_nested_branch_dag.py
[2024-08-17T22:08:16.173+0000] {logging_mixin.py:150} INFO - [2024-08-17T22:08:16.173+0000] {dag.py:2742} INFO - Sync 1 DAGs
[2024-08-17T22:08:16.236+0000] {logging_mixin.py:150} INFO - [2024-08-17T22:08:16.236+0000] {dag.py:3508} INFO - Setting next_dagrun for example_nested_branch_dag to 2024-08-16T00:00:00+00:00, run_after=2024-08-17T00:00:00+00:00
[2024-08-17T22:08:16.290+0000] {processor.py:179} INFO - Processing /home/airflow/.local/lib/python3.7/site-packages/airflow/example_dags/example_nested_branch_dag.py took 0.244 seconds
[2024-08-17T22:08:46.473+0000] {processor.py:157} INFO - Started process (PID=2621) to work on /home/airflow/.local/lib/python3.7/site-packages/airflow/example_dags/example_nested_branch_dag.py
[2024-08-17T22:08:46.475+0000] {processor.py:826} INFO - Processing file /home/airflow/.local/lib/python3.7/site-packages/airflow/example_dags/example_nested_branch_dag.py for tasks to queue
[2024-08-17T22:08:46.476+0000] {logging_mixin.py:150} INFO - [2024-08-17T22:08:46.475+0000] {dagbag.py:541} INFO - Filling up the DagBag from /home/airflow/.local/lib/python3.7/site-packages/airflow/example_dags/example_nested_branch_dag.py
[2024-08-17T22:08:46.489+0000] {processor.py:836} INFO - DAG(s) dict_keys(['example_nested_branch_dag']) retrieved from /home/airflow/.local/lib/python3.7/site-packages/airflow/example_dags/example_nested_branch_dag.py
[2024-08-17T22:08:46.532+0000] {logging_mixin.py:150} INFO - [2024-08-17T22:08:46.531+0000] {dag.py:2742} INFO - Sync 1 DAGs
[2024-08-17T22:08:46.575+0000] {logging_mixin.py:150} INFO - [2024-08-17T22:08:46.575+0000] {dag.py:3508} INFO - Setting next_dagrun for example_nested_branch_dag to 2024-08-16T00:00:00+00:00, run_after=2024-08-17T00:00:00+00:00
[2024-08-17T22:08:46.607+0000] {processor.py:179} INFO - Processing /home/airflow/.local/lib/python3.7/site-packages/airflow/example_dags/example_nested_branch_dag.py took 0.139 seconds
[2024-08-17T22:09:16.912+0000] {processor.py:157} INFO - Started process (PID=2859) to work on /home/airflow/.local/lib/python3.7/site-packages/airflow/example_dags/example_nested_branch_dag.py
[2024-08-17T22:09:16.914+0000] {processor.py:826} INFO - Processing file /home/airflow/.local/lib/python3.7/site-packages/airflow/example_dags/example_nested_branch_dag.py for tasks to queue
[2024-08-17T22:09:16.915+0000] {logging_mixin.py:150} INFO - [2024-08-17T22:09:16.915+0000] {dagbag.py:541} INFO - Filling up the DagBag from /home/airflow/.local/lib/python3.7/site-packages/airflow/example_dags/example_nested_branch_dag.py
[2024-08-17T22:09:16.935+0000] {processor.py:836} INFO - DAG(s) dict_keys(['example_nested_branch_dag']) retrieved from /home/airflow/.local/lib/python3.7/site-packages/airflow/example_dags/example_nested_branch_dag.py
[2024-08-17T22:09:16.970+0000] {logging_mixin.py:150} INFO - [2024-08-17T22:09:16.970+0000] {dag.py:2742} INFO - Sync 1 DAGs
[2024-08-17T22:09:17.011+0000] {logging_mixin.py:150} INFO - [2024-08-17T22:09:17.011+0000] {dag.py:3508} INFO - Setting next_dagrun for example_nested_branch_dag to 2024-08-16T00:00:00+00:00, run_after=2024-08-17T00:00:00+00:00
[2024-08-17T22:09:17.038+0000] {processor.py:179} INFO - Processing /home/airflow/.local/lib/python3.7/site-packages/airflow/example_dags/example_nested_branch_dag.py took 0.129 seconds
[2024-08-17T22:09:47.222+0000] {processor.py:157} INFO - Started process (PID=3097) to work on /home/airflow/.local/lib/python3.7/site-packages/airflow/example_dags/example_nested_branch_dag.py
[2024-08-17T22:09:47.223+0000] {processor.py:826} INFO - Processing file /home/airflow/.local/lib/python3.7/site-packages/airflow/example_dags/example_nested_branch_dag.py for tasks to queue
[2024-08-17T22:09:47.224+0000] {logging_mixin.py:150} INFO - [2024-08-17T22:09:47.224+0000] {dagbag.py:541} INFO - Filling up the DagBag from /home/airflow/.local/lib/python3.7/site-packages/airflow/example_dags/example_nested_branch_dag.py
[2024-08-17T22:09:47.237+0000] {processor.py:836} INFO - DAG(s) dict_keys(['example_nested_branch_dag']) retrieved from /home/airflow/.local/lib/python3.7/site-packages/airflow/example_dags/example_nested_branch_dag.py
[2024-08-17T22:09:47.270+0000] {logging_mixin.py:150} INFO - [2024-08-17T22:09:47.270+0000] {dag.py:2742} INFO - Sync 1 DAGs
[2024-08-17T22:09:47.303+0000] {logging_mixin.py:150} INFO - [2024-08-17T22:09:47.303+0000] {dag.py:3508} INFO - Setting next_dagrun for example_nested_branch_dag to 2024-08-16T00:00:00+00:00, run_after=2024-08-17T00:00:00+00:00
[2024-08-17T22:09:47.327+0000] {processor.py:179} INFO - Processing /home/airflow/.local/lib/python3.7/site-packages/airflow/example_dags/example_nested_branch_dag.py took 0.109 seconds
[2024-08-17T22:10:18.402+0000] {processor.py:157} INFO - Started process (PID=3337) to work on /home/airflow/.local/lib/python3.7/site-packages/airflow/example_dags/example_nested_branch_dag.py
[2024-08-17T22:10:18.403+0000] {processor.py:826} INFO - Processing file /home/airflow/.local/lib/python3.7/site-packages/airflow/example_dags/example_nested_branch_dag.py for tasks to queue
[2024-08-17T22:10:18.404+0000] {logging_mixin.py:150} INFO - [2024-08-17T22:10:18.404+0000] {dagbag.py:541} INFO - Filling up the DagBag from /home/airflow/.local/lib/python3.7/site-packages/airflow/example_dags/example_nested_branch_dag.py
[2024-08-17T22:10:18.418+0000] {processor.py:836} INFO - DAG(s) dict_keys(['example_nested_branch_dag']) retrieved from /home/airflow/.local/lib/python3.7/site-packages/airflow/example_dags/example_nested_branch_dag.py
[2024-08-17T22:10:18.453+0000] {logging_mixin.py:150} INFO - [2024-08-17T22:10:18.452+0000] {dag.py:2742} INFO - Sync 1 DAGs
[2024-08-17T22:10:18.497+0000] {logging_mixin.py:150} INFO - [2024-08-17T22:10:18.497+0000] {dag.py:3508} INFO - Setting next_dagrun for example_nested_branch_dag to 2024-08-16T00:00:00+00:00, run_after=2024-08-17T00:00:00+00:00
[2024-08-17T22:10:18.528+0000] {processor.py:179} INFO - Processing /home/airflow/.local/lib/python3.7/site-packages/airflow/example_dags/example_nested_branch_dag.py took 0.130 seconds
[2024-08-17T22:10:48.969+0000] {processor.py:157} INFO - Started process (PID=3573) to work on /home/airflow/.local/lib/python3.7/site-packages/airflow/example_dags/example_nested_branch_dag.py
[2024-08-17T22:10:48.971+0000] {processor.py:826} INFO - Processing file /home/airflow/.local/lib/python3.7/site-packages/airflow/example_dags/example_nested_branch_dag.py for tasks to queue
[2024-08-17T22:10:48.972+0000] {logging_mixin.py:150} INFO - [2024-08-17T22:10:48.971+0000] {dagbag.py:541} INFO - Filling up the DagBag from /home/airflow/.local/lib/python3.7/site-packages/airflow/example_dags/example_nested_branch_dag.py
[2024-08-17T22:10:48.984+0000] {processor.py:836} INFO - DAG(s) dict_keys(['example_nested_branch_dag']) retrieved from /home/airflow/.local/lib/python3.7/site-packages/airflow/example_dags/example_nested_branch_dag.py
[2024-08-17T22:10:49.023+0000] {logging_mixin.py:150} INFO - [2024-08-17T22:10:49.023+0000] {dag.py:2742} INFO - Sync 1 DAGs
[2024-08-17T22:10:49.058+0000] {logging_mixin.py:150} INFO - [2024-08-17T22:10:49.058+0000] {dag.py:3508} INFO - Setting next_dagrun for example_nested_branch_dag to 2024-08-16T00:00:00+00:00, run_after=2024-08-17T00:00:00+00:00
[2024-08-17T22:10:49.084+0000] {processor.py:179} INFO - Processing /home/airflow/.local/lib/python3.7/site-packages/airflow/example_dags/example_nested_branch_dag.py took 0.118 seconds
[2024-08-17T22:12:17.500+0000] {processor.py:157} INFO - Started process (PID=353) to work on /home/airflow/.local/lib/python3.7/site-packages/airflow/example_dags/example_nested_branch_dag.py
[2024-08-17T22:12:17.502+0000] {processor.py:826} INFO - Processing file /home/airflow/.local/lib/python3.7/site-packages/airflow/example_dags/example_nested_branch_dag.py for tasks to queue
[2024-08-17T22:12:17.503+0000] {logging_mixin.py:150} INFO - [2024-08-17T22:12:17.503+0000] {dagbag.py:541} INFO - Filling up the DagBag from /home/airflow/.local/lib/python3.7/site-packages/airflow/example_dags/example_nested_branch_dag.py
[2024-08-17T22:12:17.518+0000] {processor.py:836} INFO - DAG(s) dict_keys(['example_nested_branch_dag']) retrieved from /home/airflow/.local/lib/python3.7/site-packages/airflow/example_dags/example_nested_branch_dag.py
[2024-08-17T22:12:17.562+0000] {logging_mixin.py:150} INFO - [2024-08-17T22:12:17.561+0000] {dag.py:2742} INFO - Sync 1 DAGs
[2024-08-17T22:12:17.602+0000] {logging_mixin.py:150} INFO - [2024-08-17T22:12:17.602+0000] {dag.py:3508} INFO - Setting next_dagrun for example_nested_branch_dag to 2024-08-16T00:00:00+00:00, run_after=2024-08-17T00:00:00+00:00
[2024-08-17T22:12:17.632+0000] {processor.py:179} INFO - Processing /home/airflow/.local/lib/python3.7/site-packages/airflow/example_dags/example_nested_branch_dag.py took 0.137 seconds
[2024-08-17T22:12:48.453+0000] {processor.py:157} INFO - Started process (PID=589) to work on /home/airflow/.local/lib/python3.7/site-packages/airflow/example_dags/example_nested_branch_dag.py
[2024-08-17T22:12:48.454+0000] {processor.py:826} INFO - Processing file /home/airflow/.local/lib/python3.7/site-packages/airflow/example_dags/example_nested_branch_dag.py for tasks to queue
[2024-08-17T22:12:48.456+0000] {logging_mixin.py:150} INFO - [2024-08-17T22:12:48.455+0000] {dagbag.py:541} INFO - Filling up the DagBag from /home/airflow/.local/lib/python3.7/site-packages/airflow/example_dags/example_nested_branch_dag.py
[2024-08-17T22:12:48.469+0000] {processor.py:836} INFO - DAG(s) dict_keys(['example_nested_branch_dag']) retrieved from /home/airflow/.local/lib/python3.7/site-packages/airflow/example_dags/example_nested_branch_dag.py
[2024-08-17T22:12:48.557+0000] {logging_mixin.py:150} INFO - [2024-08-17T22:12:48.557+0000] {dag.py:2742} INFO - Sync 1 DAGs
[2024-08-17T22:12:48.602+0000] {logging_mixin.py:150} INFO - [2024-08-17T22:12:48.602+0000] {dag.py:3508} INFO - Setting next_dagrun for example_nested_branch_dag to 2024-08-16T00:00:00+00:00, run_after=2024-08-17T00:00:00+00:00
[2024-08-17T22:12:48.627+0000] {processor.py:179} INFO - Processing /home/airflow/.local/lib/python3.7/site-packages/airflow/example_dags/example_nested_branch_dag.py took 0.178 seconds
[2024-08-17T22:13:18.655+0000] {processor.py:157} INFO - Started process (PID=827) to work on /home/airflow/.local/lib/python3.7/site-packages/airflow/example_dags/example_nested_branch_dag.py
[2024-08-17T22:13:18.657+0000] {processor.py:826} INFO - Processing file /home/airflow/.local/lib/python3.7/site-packages/airflow/example_dags/example_nested_branch_dag.py for tasks to queue
[2024-08-17T22:13:18.658+0000] {logging_mixin.py:150} INFO - [2024-08-17T22:13:18.657+0000] {dagbag.py:541} INFO - Filling up the DagBag from /home/airflow/.local/lib/python3.7/site-packages/airflow/example_dags/example_nested_branch_dag.py
[2024-08-17T22:13:18.671+0000] {processor.py:836} INFO - DAG(s) dict_keys(['example_nested_branch_dag']) retrieved from /home/airflow/.local/lib/python3.7/site-packages/airflow/example_dags/example_nested_branch_dag.py
[2024-08-17T22:13:18.705+0000] {logging_mixin.py:150} INFO - [2024-08-17T22:13:18.705+0000] {dag.py:2742} INFO - Sync 1 DAGs
[2024-08-17T22:13:18.738+0000] {logging_mixin.py:150} INFO - [2024-08-17T22:13:18.737+0000] {dag.py:3508} INFO - Setting next_dagrun for example_nested_branch_dag to 2024-08-16T00:00:00+00:00, run_after=2024-08-17T00:00:00+00:00
[2024-08-17T22:13:18.760+0000] {processor.py:179} INFO - Processing /home/airflow/.local/lib/python3.7/site-packages/airflow/example_dags/example_nested_branch_dag.py took 0.109 seconds
[2024-08-17T22:13:49.395+0000] {processor.py:157} INFO - Started process (PID=1065) to work on /home/airflow/.local/lib/python3.7/site-packages/airflow/example_dags/example_nested_branch_dag.py
[2024-08-17T22:13:49.396+0000] {processor.py:826} INFO - Processing file /home/airflow/.local/lib/python3.7/site-packages/airflow/example_dags/example_nested_branch_dag.py for tasks to queue
[2024-08-17T22:13:49.397+0000] {logging_mixin.py:150} INFO - [2024-08-17T22:13:49.397+0000] {dagbag.py:541} INFO - Filling up the DagBag from /home/airflow/.local/lib/python3.7/site-packages/airflow/example_dags/example_nested_branch_dag.py
[2024-08-17T22:13:49.409+0000] {processor.py:836} INFO - DAG(s) dict_keys(['example_nested_branch_dag']) retrieved from /home/airflow/.local/lib/python3.7/site-packages/airflow/example_dags/example_nested_branch_dag.py
[2024-08-17T22:13:49.441+0000] {logging_mixin.py:150} INFO - [2024-08-17T22:13:49.440+0000] {dag.py:2742} INFO - Sync 1 DAGs
[2024-08-17T22:13:49.475+0000] {logging_mixin.py:150} INFO - [2024-08-17T22:13:49.475+0000] {dag.py:3508} INFO - Setting next_dagrun for example_nested_branch_dag to 2024-08-16T00:00:00+00:00, run_after=2024-08-17T00:00:00+00:00
[2024-08-17T22:13:49.499+0000] {processor.py:179} INFO - Processing /home/airflow/.local/lib/python3.7/site-packages/airflow/example_dags/example_nested_branch_dag.py took 0.108 seconds
[2024-08-17T22:14:19.785+0000] {processor.py:157} INFO - Started process (PID=1303) to work on /home/airflow/.local/lib/python3.7/site-packages/airflow/example_dags/example_nested_branch_dag.py
[2024-08-17T22:14:19.787+0000] {processor.py:826} INFO - Processing file /home/airflow/.local/lib/python3.7/site-packages/airflow/example_dags/example_nested_branch_dag.py for tasks to queue
[2024-08-17T22:14:19.788+0000] {logging_mixin.py:150} INFO - [2024-08-17T22:14:19.788+0000] {dagbag.py:541} INFO - Filling up the DagBag from /home/airflow/.local/lib/python3.7/site-packages/airflow/example_dags/example_nested_branch_dag.py
[2024-08-17T22:14:19.801+0000] {processor.py:836} INFO - DAG(s) dict_keys(['example_nested_branch_dag']) retrieved from /home/airflow/.local/lib/python3.7/site-packages/airflow/example_dags/example_nested_branch_dag.py
[2024-08-17T22:14:19.837+0000] {logging_mixin.py:150} INFO - [2024-08-17T22:14:19.837+0000] {dag.py:2742} INFO - Sync 1 DAGs
[2024-08-17T22:14:19.872+0000] {logging_mixin.py:150} INFO - [2024-08-17T22:14:19.872+0000] {dag.py:3508} INFO - Setting next_dagrun for example_nested_branch_dag to 2024-08-16T00:00:00+00:00, run_after=2024-08-17T00:00:00+00:00
[2024-08-17T22:14:19.897+0000] {processor.py:179} INFO - Processing /home/airflow/.local/lib/python3.7/site-packages/airflow/example_dags/example_nested_branch_dag.py took 0.116 seconds
[2024-08-17T22:14:50.003+0000] {processor.py:157} INFO - Started process (PID=1541) to work on /home/airflow/.local/lib/python3.7/site-packages/airflow/example_dags/example_nested_branch_dag.py
[2024-08-17T22:14:50.004+0000] {processor.py:826} INFO - Processing file /home/airflow/.local/lib/python3.7/site-packages/airflow/example_dags/example_nested_branch_dag.py for tasks to queue
[2024-08-17T22:14:50.005+0000] {logging_mixin.py:150} INFO - [2024-08-17T22:14:50.005+0000] {dagbag.py:541} INFO - Filling up the DagBag from /home/airflow/.local/lib/python3.7/site-packages/airflow/example_dags/example_nested_branch_dag.py
[2024-08-17T22:14:50.018+0000] {processor.py:836} INFO - DAG(s) dict_keys(['example_nested_branch_dag']) retrieved from /home/airflow/.local/lib/python3.7/site-packages/airflow/example_dags/example_nested_branch_dag.py
[2024-08-17T22:14:50.069+0000] {logging_mixin.py:150} INFO - [2024-08-17T22:14:50.068+0000] {dag.py:2742} INFO - Sync 1 DAGs
[2024-08-17T22:14:50.105+0000] {logging_mixin.py:150} INFO - [2024-08-17T22:14:50.104+0000] {dag.py:3508} INFO - Setting next_dagrun for example_nested_branch_dag to 2024-08-16T00:00:00+00:00, run_after=2024-08-17T00:00:00+00:00
[2024-08-17T22:14:50.134+0000] {processor.py:179} INFO - Processing /home/airflow/.local/lib/python3.7/site-packages/airflow/example_dags/example_nested_branch_dag.py took 0.135 seconds
[2024-08-17T22:15:20.180+0000] {processor.py:157} INFO - Started process (PID=1776) to work on /home/airflow/.local/lib/python3.7/site-packages/airflow/example_dags/example_nested_branch_dag.py
[2024-08-17T22:15:20.181+0000] {processor.py:826} INFO - Processing file /home/airflow/.local/lib/python3.7/site-packages/airflow/example_dags/example_nested_branch_dag.py for tasks to queue
[2024-08-17T22:15:20.182+0000] {logging_mixin.py:150} INFO - [2024-08-17T22:15:20.182+0000] {dagbag.py:541} INFO - Filling up the DagBag from /home/airflow/.local/lib/python3.7/site-packages/airflow/example_dags/example_nested_branch_dag.py
[2024-08-17T22:15:20.194+0000] {processor.py:836} INFO - DAG(s) dict_keys(['example_nested_branch_dag']) retrieved from /home/airflow/.local/lib/python3.7/site-packages/airflow/example_dags/example_nested_branch_dag.py
[2024-08-17T22:15:20.228+0000] {logging_mixin.py:150} INFO - [2024-08-17T22:15:20.228+0000] {dag.py:2742} INFO - Sync 1 DAGs
[2024-08-17T22:15:20.261+0000] {logging_mixin.py:150} INFO - [2024-08-17T22:15:20.261+0000] {dag.py:3508} INFO - Setting next_dagrun for example_nested_branch_dag to 2024-08-16T00:00:00+00:00, run_after=2024-08-17T00:00:00+00:00
[2024-08-17T22:15:20.287+0000] {processor.py:179} INFO - Processing /home/airflow/.local/lib/python3.7/site-packages/airflow/example_dags/example_nested_branch_dag.py took 0.111 seconds
[2024-08-17T22:15:50.370+0000] {processor.py:157} INFO - Started process (PID=2014) to work on /home/airflow/.local/lib/python3.7/site-packages/airflow/example_dags/example_nested_branch_dag.py
[2024-08-17T22:15:50.371+0000] {processor.py:826} INFO - Processing file /home/airflow/.local/lib/python3.7/site-packages/airflow/example_dags/example_nested_branch_dag.py for tasks to queue
[2024-08-17T22:15:50.372+0000] {logging_mixin.py:150} INFO - [2024-08-17T22:15:50.372+0000] {dagbag.py:541} INFO - Filling up the DagBag from /home/airflow/.local/lib/python3.7/site-packages/airflow/example_dags/example_nested_branch_dag.py
[2024-08-17T22:15:50.385+0000] {processor.py:836} INFO - DAG(s) dict_keys(['example_nested_branch_dag']) retrieved from /home/airflow/.local/lib/python3.7/site-packages/airflow/example_dags/example_nested_branch_dag.py
[2024-08-17T22:15:50.416+0000] {logging_mixin.py:150} INFO - [2024-08-17T22:15:50.416+0000] {dag.py:2742} INFO - Sync 1 DAGs
[2024-08-17T22:15:50.451+0000] {logging_mixin.py:150} INFO - [2024-08-17T22:15:50.450+0000] {dag.py:3508} INFO - Setting next_dagrun for example_nested_branch_dag to 2024-08-16T00:00:00+00:00, run_after=2024-08-17T00:00:00+00:00
[2024-08-17T22:15:50.474+0000] {processor.py:179} INFO - Processing /home/airflow/.local/lib/python3.7/site-packages/airflow/example_dags/example_nested_branch_dag.py took 0.109 seconds
[2024-08-17T22:16:20.718+0000] {processor.py:157} INFO - Started process (PID=2250) to work on /home/airflow/.local/lib/python3.7/site-packages/airflow/example_dags/example_nested_branch_dag.py
[2024-08-17T22:16:20.719+0000] {processor.py:826} INFO - Processing file /home/airflow/.local/lib/python3.7/site-packages/airflow/example_dags/example_nested_branch_dag.py for tasks to queue
[2024-08-17T22:16:20.720+0000] {logging_mixin.py:150} INFO - [2024-08-17T22:16:20.720+0000] {dagbag.py:541} INFO - Filling up the DagBag from /home/airflow/.local/lib/python3.7/site-packages/airflow/example_dags/example_nested_branch_dag.py
[2024-08-17T22:16:20.733+0000] {processor.py:836} INFO - DAG(s) dict_keys(['example_nested_branch_dag']) retrieved from /home/airflow/.local/lib/python3.7/site-packages/airflow/example_dags/example_nested_branch_dag.py
[2024-08-17T22:16:20.773+0000] {logging_mixin.py:150} INFO - [2024-08-17T22:16:20.773+0000] {dag.py:2742} INFO - Sync 1 DAGs
[2024-08-17T22:16:20.809+0000] {logging_mixin.py:150} INFO - [2024-08-17T22:16:20.809+0000] {dag.py:3508} INFO - Setting next_dagrun for example_nested_branch_dag to 2024-08-16T00:00:00+00:00, run_after=2024-08-17T00:00:00+00:00
[2024-08-17T22:16:20.833+0000] {processor.py:179} INFO - Processing /home/airflow/.local/lib/python3.7/site-packages/airflow/example_dags/example_nested_branch_dag.py took 0.119 seconds
