[2024-08-17T22:03:58.577+0000] {processor.py:157} INFO - Started process (PID=257) to work on /home/airflow/.local/lib/python3.7/site-packages/airflow/example_dags/example_params_ui_tutorial.py
[2024-08-17T22:03:58.580+0000] {processor.py:826} INFO - Processing file /home/airflow/.local/lib/python3.7/site-packages/airflow/example_dags/example_params_ui_tutorial.py for tasks to queue
[2024-08-17T22:03:58.584+0000] {logging_mixin.py:150} INFO - [2024-08-17T22:03:58.583+0000] {dagbag.py:541} INFO - Filling up the DagBag from /home/airflow/.local/lib/python3.7/site-packages/airflow/example_dags/example_params_ui_tutorial.py
[2024-08-17T22:03:58.729+0000] {processor.py:836} INFO - DAG(s) dict_keys(['example_params_ui_tutorial']) retrieved from /home/airflow/.local/lib/python3.7/site-packages/airflow/example_dags/example_params_ui_tutorial.py
[2024-08-17T22:03:58.776+0000] {logging_mixin.py:150} INFO - [2024-08-17T22:03:58.775+0000] {dag.py:2742} INFO - Sync 1 DAGs
[2024-08-17T22:03:58.821+0000] {logging_mixin.py:150} INFO - [2024-08-17T22:03:58.821+0000] {dag.py:2763} INFO - Creating ORM DAG for example_params_ui_tutorial
[2024-08-17T22:03:58.838+0000] {logging_mixin.py:150} INFO - [2024-08-17T22:03:58.838+0000] {dag.py:3508} INFO - Setting next_dagrun for example_params_ui_tutorial to None, run_after=None
[2024-08-17T22:03:58.871+0000] {processor.py:179} INFO - Processing /home/airflow/.local/lib/python3.7/site-packages/airflow/example_dags/example_params_ui_tutorial.py took 0.310 seconds
[2024-08-17T22:04:29.062+0000] {processor.py:157} INFO - Started process (PID=497) to work on /home/airflow/.local/lib/python3.7/site-packages/airflow/example_dags/example_params_ui_tutorial.py
[2024-08-17T22:04:29.063+0000] {processor.py:826} INFO - Processing file /home/airflow/.local/lib/python3.7/site-packages/airflow/example_dags/example_params_ui_tutorial.py for tasks to queue
[2024-08-17T22:04:29.064+0000] {logging_mixin.py:150} INFO - [2024-08-17T22:04:29.064+0000] {dagbag.py:541} INFO - Filling up the DagBag from /home/airflow/.local/lib/python3.7/site-packages/airflow/example_dags/example_params_ui_tutorial.py
[2024-08-17T22:04:29.120+0000] {processor.py:836} INFO - DAG(s) dict_keys(['example_params_ui_tutorial']) retrieved from /home/airflow/.local/lib/python3.7/site-packages/airflow/example_dags/example_params_ui_tutorial.py
[2024-08-17T22:04:29.209+0000] {logging_mixin.py:150} INFO - [2024-08-17T22:04:29.209+0000] {dag.py:2742} INFO - Sync 1 DAGs
[2024-08-17T22:04:29.244+0000] {logging_mixin.py:150} INFO - [2024-08-17T22:04:29.244+0000] {dag.py:3508} INFO - Setting next_dagrun for example_params_ui_tutorial to None, run_after=None
[2024-08-17T22:04:29.269+0000] {processor.py:179} INFO - Processing /home/airflow/.local/lib/python3.7/site-packages/airflow/example_dags/example_params_ui_tutorial.py took 0.212 seconds
[2024-08-17T22:05:00.123+0000] {processor.py:157} INFO - Started process (PID=735) to work on /home/airflow/.local/lib/python3.7/site-packages/airflow/example_dags/example_params_ui_tutorial.py
[2024-08-17T22:05:00.126+0000] {processor.py:826} INFO - Processing file /home/airflow/.local/lib/python3.7/site-packages/airflow/example_dags/example_params_ui_tutorial.py for tasks to queue
[2024-08-17T22:05:00.127+0000] {logging_mixin.py:150} INFO - [2024-08-17T22:05:00.127+0000] {dagbag.py:541} INFO - Filling up the DagBag from /home/airflow/.local/lib/python3.7/site-packages/airflow/example_dags/example_params_ui_tutorial.py
[2024-08-17T22:05:00.190+0000] {processor.py:836} INFO - DAG(s) dict_keys(['example_params_ui_tutorial']) retrieved from /home/airflow/.local/lib/python3.7/site-packages/airflow/example_dags/example_params_ui_tutorial.py
[2024-08-17T22:05:00.294+0000] {logging_mixin.py:150} INFO - [2024-08-17T22:05:00.294+0000] {dag.py:2742} INFO - Sync 1 DAGs
[2024-08-17T22:05:00.337+0000] {logging_mixin.py:150} INFO - [2024-08-17T22:05:00.337+0000] {dag.py:3508} INFO - Setting next_dagrun for example_params_ui_tutorial to None, run_after=None
[2024-08-17T22:05:00.370+0000] {processor.py:179} INFO - Processing /home/airflow/.local/lib/python3.7/site-packages/airflow/example_dags/example_params_ui_tutorial.py took 0.252 seconds
[2024-08-17T22:05:36.339+0000] {processor.py:157} INFO - Started process (PID=971) to work on /home/airflow/.local/lib/python3.7/site-packages/airflow/example_dags/example_params_ui_tutorial.py
[2024-08-17T22:05:36.341+0000] {processor.py:826} INFO - Processing file /home/airflow/.local/lib/python3.7/site-packages/airflow/example_dags/example_params_ui_tutorial.py for tasks to queue
[2024-08-17T22:05:36.342+0000] {logging_mixin.py:150} INFO - [2024-08-17T22:05:36.342+0000] {dagbag.py:541} INFO - Filling up the DagBag from /home/airflow/.local/lib/python3.7/site-packages/airflow/example_dags/example_params_ui_tutorial.py
[2024-08-17T22:05:36.444+0000] {processor.py:836} INFO - DAG(s) dict_keys(['example_params_ui_tutorial']) retrieved from /home/airflow/.local/lib/python3.7/site-packages/airflow/example_dags/example_params_ui_tutorial.py
[2024-08-17T22:05:36.611+0000] {logging_mixin.py:150} INFO - [2024-08-17T22:05:36.611+0000] {dag.py:2742} INFO - Sync 1 DAGs
[2024-08-17T22:05:36.676+0000] {logging_mixin.py:150} INFO - [2024-08-17T22:05:36.676+0000] {dag.py:3508} INFO - Setting next_dagrun for example_params_ui_tutorial to None, run_after=None
[2024-08-17T22:05:36.738+0000] {processor.py:179} INFO - Processing /home/airflow/.local/lib/python3.7/site-packages/airflow/example_dags/example_params_ui_tutorial.py took 0.434 seconds
[2024-08-17T22:06:07.544+0000] {processor.py:157} INFO - Started process (PID=1211) to work on /home/airflow/.local/lib/python3.7/site-packages/airflow/example_dags/example_params_ui_tutorial.py
[2024-08-17T22:06:07.545+0000] {processor.py:826} INFO - Processing file /home/airflow/.local/lib/python3.7/site-packages/airflow/example_dags/example_params_ui_tutorial.py for tasks to queue
[2024-08-17T22:06:07.546+0000] {logging_mixin.py:150} INFO - [2024-08-17T22:06:07.546+0000] {dagbag.py:541} INFO - Filling up the DagBag from /home/airflow/.local/lib/python3.7/site-packages/airflow/example_dags/example_params_ui_tutorial.py
[2024-08-17T22:06:07.602+0000] {processor.py:836} INFO - DAG(s) dict_keys(['example_params_ui_tutorial']) retrieved from /home/airflow/.local/lib/python3.7/site-packages/airflow/example_dags/example_params_ui_tutorial.py
[2024-08-17T22:06:07.694+0000] {logging_mixin.py:150} INFO - [2024-08-17T22:06:07.694+0000] {dag.py:2742} INFO - Sync 1 DAGs
[2024-08-17T22:06:07.727+0000] {logging_mixin.py:150} INFO - [2024-08-17T22:06:07.727+0000] {dag.py:3508} INFO - Setting next_dagrun for example_params_ui_tutorial to None, run_after=None
[2024-08-17T22:06:07.754+0000] {processor.py:179} INFO - Processing /home/airflow/.local/lib/python3.7/site-packages/airflow/example_dags/example_params_ui_tutorial.py took 0.215 seconds
[2024-08-17T22:06:37.787+0000] {processor.py:157} INFO - Started process (PID=1449) to work on /home/airflow/.local/lib/python3.7/site-packages/airflow/example_dags/example_params_ui_tutorial.py
[2024-08-17T22:06:37.788+0000] {processor.py:826} INFO - Processing file /home/airflow/.local/lib/python3.7/site-packages/airflow/example_dags/example_params_ui_tutorial.py for tasks to queue
[2024-08-17T22:06:37.789+0000] {logging_mixin.py:150} INFO - [2024-08-17T22:06:37.789+0000] {dagbag.py:541} INFO - Filling up the DagBag from /home/airflow/.local/lib/python3.7/site-packages/airflow/example_dags/example_params_ui_tutorial.py
[2024-08-17T22:06:37.859+0000] {processor.py:836} INFO - DAG(s) dict_keys(['example_params_ui_tutorial']) retrieved from /home/airflow/.local/lib/python3.7/site-packages/airflow/example_dags/example_params_ui_tutorial.py
[2024-08-17T22:06:37.956+0000] {logging_mixin.py:150} INFO - [2024-08-17T22:06:37.955+0000] {dag.py:2742} INFO - Sync 1 DAGs
[2024-08-17T22:06:38.001+0000] {logging_mixin.py:150} INFO - [2024-08-17T22:06:38.001+0000] {dag.py:3508} INFO - Setting next_dagrun for example_params_ui_tutorial to None, run_after=None
[2024-08-17T22:06:38.029+0000] {processor.py:179} INFO - Processing /home/airflow/.local/lib/python3.7/site-packages/airflow/example_dags/example_params_ui_tutorial.py took 0.246 seconds
[2024-08-17T22:07:08.132+0000] {processor.py:157} INFO - Started process (PID=1692) to work on /home/airflow/.local/lib/python3.7/site-packages/airflow/example_dags/example_params_ui_tutorial.py
[2024-08-17T22:07:08.134+0000] {processor.py:826} INFO - Processing file /home/airflow/.local/lib/python3.7/site-packages/airflow/example_dags/example_params_ui_tutorial.py for tasks to queue
[2024-08-17T22:07:08.136+0000] {logging_mixin.py:150} INFO - [2024-08-17T22:07:08.135+0000] {dagbag.py:541} INFO - Filling up the DagBag from /home/airflow/.local/lib/python3.7/site-packages/airflow/example_dags/example_params_ui_tutorial.py
[2024-08-17T22:07:08.211+0000] {processor.py:836} INFO - DAG(s) dict_keys(['example_params_ui_tutorial']) retrieved from /home/airflow/.local/lib/python3.7/site-packages/airflow/example_dags/example_params_ui_tutorial.py
[2024-08-17T22:07:08.344+0000] {logging_mixin.py:150} INFO - [2024-08-17T22:07:08.343+0000] {dag.py:2742} INFO - Sync 1 DAGs
[2024-08-17T22:07:08.394+0000] {logging_mixin.py:150} INFO - [2024-08-17T22:07:08.394+0000] {dag.py:3508} INFO - Setting next_dagrun for example_params_ui_tutorial to None, run_after=None
[2024-08-17T22:07:08.431+0000] {processor.py:179} INFO - Processing /home/airflow/.local/lib/python3.7/site-packages/airflow/example_dags/example_params_ui_tutorial.py took 0.304 seconds
[2024-08-17T22:07:38.655+0000] {processor.py:157} INFO - Started process (PID=1923) to work on /home/airflow/.local/lib/python3.7/site-packages/airflow/example_dags/example_params_ui_tutorial.py
[2024-08-17T22:07:38.656+0000] {processor.py:826} INFO - Processing file /home/airflow/.local/lib/python3.7/site-packages/airflow/example_dags/example_params_ui_tutorial.py for tasks to queue
[2024-08-17T22:07:38.658+0000] {logging_mixin.py:150} INFO - [2024-08-17T22:07:38.657+0000] {dagbag.py:541} INFO - Filling up the DagBag from /home/airflow/.local/lib/python3.7/site-packages/airflow/example_dags/example_params_ui_tutorial.py
[2024-08-17T22:07:38.713+0000] {processor.py:836} INFO - DAG(s) dict_keys(['example_params_ui_tutorial']) retrieved from /home/airflow/.local/lib/python3.7/site-packages/airflow/example_dags/example_params_ui_tutorial.py
[2024-08-17T22:07:38.811+0000] {logging_mixin.py:150} INFO - [2024-08-17T22:07:38.811+0000] {dag.py:2742} INFO - Sync 1 DAGs
[2024-08-17T22:07:38.844+0000] {logging_mixin.py:150} INFO - [2024-08-17T22:07:38.844+0000] {dag.py:3508} INFO - Setting next_dagrun for example_params_ui_tutorial to None, run_after=None
[2024-08-17T22:07:38.873+0000] {processor.py:179} INFO - Processing /home/airflow/.local/lib/python3.7/site-packages/airflow/example_dags/example_params_ui_tutorial.py took 0.222 seconds
[2024-08-17T22:08:13.102+0000] {processor.py:157} INFO - Started process (PID=2273) to work on /home/airflow/.local/lib/python3.7/site-packages/airflow/example_dags/example_params_ui_tutorial.py
[2024-08-17T22:08:13.104+0000] {processor.py:826} INFO - Processing file /home/airflow/.local/lib/python3.7/site-packages/airflow/example_dags/example_params_ui_tutorial.py for tasks to queue
[2024-08-17T22:08:13.105+0000] {logging_mixin.py:150} INFO - [2024-08-17T22:08:13.105+0000] {dagbag.py:541} INFO - Filling up the DagBag from /home/airflow/.local/lib/python3.7/site-packages/airflow/example_dags/example_params_ui_tutorial.py
[2024-08-17T22:08:13.186+0000] {processor.py:836} INFO - DAG(s) dict_keys(['example_params_ui_tutorial']) retrieved from /home/airflow/.local/lib/python3.7/site-packages/airflow/example_dags/example_params_ui_tutorial.py
[2024-08-17T22:08:13.323+0000] {logging_mixin.py:150} INFO - [2024-08-17T22:08:13.322+0000] {dag.py:2742} INFO - Sync 1 DAGs
[2024-08-17T22:08:13.370+0000] {logging_mixin.py:150} INFO - [2024-08-17T22:08:13.370+0000] {dag.py:3508} INFO - Setting next_dagrun for example_params_ui_tutorial to None, run_after=None
[2024-08-17T22:08:13.410+0000] {processor.py:179} INFO - Processing /home/airflow/.local/lib/python3.7/site-packages/airflow/example_dags/example_params_ui_tutorial.py took 0.314 seconds
[2024-08-17T22:08:43.963+0000] {processor.py:157} INFO - Started process (PID=2531) to work on /home/airflow/.local/lib/python3.7/site-packages/airflow/example_dags/example_params_ui_tutorial.py
[2024-08-17T22:08:43.964+0000] {processor.py:826} INFO - Processing file /home/airflow/.local/lib/python3.7/site-packages/airflow/example_dags/example_params_ui_tutorial.py for tasks to queue
[2024-08-17T22:08:43.965+0000] {logging_mixin.py:150} INFO - [2024-08-17T22:08:43.965+0000] {dagbag.py:541} INFO - Filling up the DagBag from /home/airflow/.local/lib/python3.7/site-packages/airflow/example_dags/example_params_ui_tutorial.py
[2024-08-17T22:08:44.020+0000] {processor.py:836} INFO - DAG(s) dict_keys(['example_params_ui_tutorial']) retrieved from /home/airflow/.local/lib/python3.7/site-packages/airflow/example_dags/example_params_ui_tutorial.py
[2024-08-17T22:08:44.113+0000] {logging_mixin.py:150} INFO - [2024-08-17T22:08:44.113+0000] {dag.py:2742} INFO - Sync 1 DAGs
[2024-08-17T22:08:44.145+0000] {logging_mixin.py:150} INFO - [2024-08-17T22:08:44.145+0000] {dag.py:3508} INFO - Setting next_dagrun for example_params_ui_tutorial to None, run_after=None
[2024-08-17T22:08:44.169+0000] {processor.py:179} INFO - Processing /home/airflow/.local/lib/python3.7/site-packages/airflow/example_dags/example_params_ui_tutorial.py took 0.211 seconds
[2024-08-17T22:09:14.341+0000] {processor.py:157} INFO - Started process (PID=2769) to work on /home/airflow/.local/lib/python3.7/site-packages/airflow/example_dags/example_params_ui_tutorial.py
[2024-08-17T22:09:14.343+0000] {processor.py:826} INFO - Processing file /home/airflow/.local/lib/python3.7/site-packages/airflow/example_dags/example_params_ui_tutorial.py for tasks to queue
[2024-08-17T22:09:14.344+0000] {logging_mixin.py:150} INFO - [2024-08-17T22:09:14.344+0000] {dagbag.py:541} INFO - Filling up the DagBag from /home/airflow/.local/lib/python3.7/site-packages/airflow/example_dags/example_params_ui_tutorial.py
[2024-08-17T22:09:14.404+0000] {processor.py:836} INFO - DAG(s) dict_keys(['example_params_ui_tutorial']) retrieved from /home/airflow/.local/lib/python3.7/site-packages/airflow/example_dags/example_params_ui_tutorial.py
[2024-08-17T22:09:14.493+0000] {logging_mixin.py:150} INFO - [2024-08-17T22:09:14.493+0000] {dag.py:2742} INFO - Sync 1 DAGs
[2024-08-17T22:09:14.523+0000] {logging_mixin.py:150} INFO - [2024-08-17T22:09:14.522+0000] {dag.py:3508} INFO - Setting next_dagrun for example_params_ui_tutorial to None, run_after=None
[2024-08-17T22:09:14.547+0000] {processor.py:179} INFO - Processing /home/airflow/.local/lib/python3.7/site-packages/airflow/example_dags/example_params_ui_tutorial.py took 0.210 seconds
[2024-08-17T22:09:44.818+0000] {processor.py:157} INFO - Started process (PID=3007) to work on /home/airflow/.local/lib/python3.7/site-packages/airflow/example_dags/example_params_ui_tutorial.py
[2024-08-17T22:09:44.820+0000] {processor.py:826} INFO - Processing file /home/airflow/.local/lib/python3.7/site-packages/airflow/example_dags/example_params_ui_tutorial.py for tasks to queue
[2024-08-17T22:09:44.821+0000] {logging_mixin.py:150} INFO - [2024-08-17T22:09:44.820+0000] {dagbag.py:541} INFO - Filling up the DagBag from /home/airflow/.local/lib/python3.7/site-packages/airflow/example_dags/example_params_ui_tutorial.py
[2024-08-17T22:09:44.871+0000] {processor.py:836} INFO - DAG(s) dict_keys(['example_params_ui_tutorial']) retrieved from /home/airflow/.local/lib/python3.7/site-packages/airflow/example_dags/example_params_ui_tutorial.py
[2024-08-17T22:09:44.959+0000] {logging_mixin.py:150} INFO - [2024-08-17T22:09:44.959+0000] {dag.py:2742} INFO - Sync 1 DAGs
[2024-08-17T22:09:44.990+0000] {logging_mixin.py:150} INFO - [2024-08-17T22:09:44.990+0000] {dag.py:3508} INFO - Setting next_dagrun for example_params_ui_tutorial to None, run_after=None
[2024-08-17T22:09:45.012+0000] {processor.py:179} INFO - Processing /home/airflow/.local/lib/python3.7/site-packages/airflow/example_dags/example_params_ui_tutorial.py took 0.198 seconds
[2024-08-17T22:10:15.784+0000] {processor.py:157} INFO - Started process (PID=3245) to work on /home/airflow/.local/lib/python3.7/site-packages/airflow/example_dags/example_params_ui_tutorial.py
[2024-08-17T22:10:15.785+0000] {processor.py:826} INFO - Processing file /home/airflow/.local/lib/python3.7/site-packages/airflow/example_dags/example_params_ui_tutorial.py for tasks to queue
[2024-08-17T22:10:15.786+0000] {logging_mixin.py:150} INFO - [2024-08-17T22:10:15.786+0000] {dagbag.py:541} INFO - Filling up the DagBag from /home/airflow/.local/lib/python3.7/site-packages/airflow/example_dags/example_params_ui_tutorial.py
[2024-08-17T22:10:15.843+0000] {processor.py:836} INFO - DAG(s) dict_keys(['example_params_ui_tutorial']) retrieved from /home/airflow/.local/lib/python3.7/site-packages/airflow/example_dags/example_params_ui_tutorial.py
[2024-08-17T22:10:15.932+0000] {logging_mixin.py:150} INFO - [2024-08-17T22:10:15.932+0000] {dag.py:2742} INFO - Sync 1 DAGs
[2024-08-17T22:10:15.963+0000] {logging_mixin.py:150} INFO - [2024-08-17T22:10:15.963+0000] {dag.py:3508} INFO - Setting next_dagrun for example_params_ui_tutorial to None, run_after=None
[2024-08-17T22:10:15.986+0000] {processor.py:179} INFO - Processing /home/airflow/.local/lib/python3.7/site-packages/airflow/example_dags/example_params_ui_tutorial.py took 0.206 seconds
[2024-08-17T22:10:46.447+0000] {processor.py:157} INFO - Started process (PID=3483) to work on /home/airflow/.local/lib/python3.7/site-packages/airflow/example_dags/example_params_ui_tutorial.py
[2024-08-17T22:10:46.448+0000] {processor.py:826} INFO - Processing file /home/airflow/.local/lib/python3.7/site-packages/airflow/example_dags/example_params_ui_tutorial.py for tasks to queue
[2024-08-17T22:10:46.450+0000] {logging_mixin.py:150} INFO - [2024-08-17T22:10:46.450+0000] {dagbag.py:541} INFO - Filling up the DagBag from /home/airflow/.local/lib/python3.7/site-packages/airflow/example_dags/example_params_ui_tutorial.py
[2024-08-17T22:10:46.504+0000] {processor.py:836} INFO - DAG(s) dict_keys(['example_params_ui_tutorial']) retrieved from /home/airflow/.local/lib/python3.7/site-packages/airflow/example_dags/example_params_ui_tutorial.py
[2024-08-17T22:10:46.591+0000] {logging_mixin.py:150} INFO - [2024-08-17T22:10:46.591+0000] {dag.py:2742} INFO - Sync 1 DAGs
[2024-08-17T22:10:46.621+0000] {logging_mixin.py:150} INFO - [2024-08-17T22:10:46.621+0000] {dag.py:3508} INFO - Setting next_dagrun for example_params_ui_tutorial to None, run_after=None
[2024-08-17T22:10:46.651+0000] {processor.py:179} INFO - Processing /home/airflow/.local/lib/python3.7/site-packages/airflow/example_dags/example_params_ui_tutorial.py took 0.208 seconds
[2024-08-17T22:12:14.082+0000] {processor.py:157} INFO - Started process (PID=256) to work on /home/airflow/.local/lib/python3.7/site-packages/airflow/example_dags/example_params_ui_tutorial.py
[2024-08-17T22:12:14.084+0000] {processor.py:826} INFO - Processing file /home/airflow/.local/lib/python3.7/site-packages/airflow/example_dags/example_params_ui_tutorial.py for tasks to queue
[2024-08-17T22:12:14.088+0000] {logging_mixin.py:150} INFO - [2024-08-17T22:12:14.088+0000] {dagbag.py:541} INFO - Filling up the DagBag from /home/airflow/.local/lib/python3.7/site-packages/airflow/example_dags/example_params_ui_tutorial.py
[2024-08-17T22:12:14.152+0000] {processor.py:836} INFO - DAG(s) dict_keys(['example_params_ui_tutorial']) retrieved from /home/airflow/.local/lib/python3.7/site-packages/airflow/example_dags/example_params_ui_tutorial.py
[2024-08-17T22:12:14.261+0000] {logging_mixin.py:150} INFO - [2024-08-17T22:12:14.260+0000] {dag.py:2742} INFO - Sync 1 DAGs
[2024-08-17T22:12:14.301+0000] {logging_mixin.py:150} INFO - [2024-08-17T22:12:14.301+0000] {dag.py:3508} INFO - Setting next_dagrun for example_params_ui_tutorial to None, run_after=None
[2024-08-17T22:12:14.331+0000] {processor.py:179} INFO - Processing /home/airflow/.local/lib/python3.7/site-packages/airflow/example_dags/example_params_ui_tutorial.py took 0.253 seconds
[2024-08-17T22:12:44.909+0000] {processor.py:157} INFO - Started process (PID=494) to work on /home/airflow/.local/lib/python3.7/site-packages/airflow/example_dags/example_params_ui_tutorial.py
[2024-08-17T22:12:44.911+0000] {processor.py:826} INFO - Processing file /home/airflow/.local/lib/python3.7/site-packages/airflow/example_dags/example_params_ui_tutorial.py for tasks to queue
[2024-08-17T22:12:44.913+0000] {logging_mixin.py:150} INFO - [2024-08-17T22:12:44.912+0000] {dagbag.py:541} INFO - Filling up the DagBag from /home/airflow/.local/lib/python3.7/site-packages/airflow/example_dags/example_params_ui_tutorial.py
[2024-08-17T22:12:44.978+0000] {processor.py:836} INFO - DAG(s) dict_keys(['example_params_ui_tutorial']) retrieved from /home/airflow/.local/lib/python3.7/site-packages/airflow/example_dags/example_params_ui_tutorial.py
[2024-08-17T22:12:45.082+0000] {logging_mixin.py:150} INFO - [2024-08-17T22:12:45.082+0000] {dag.py:2742} INFO - Sync 1 DAGs
[2024-08-17T22:12:45.114+0000] {logging_mixin.py:150} INFO - [2024-08-17T22:12:45.114+0000] {dag.py:3508} INFO - Setting next_dagrun for example_params_ui_tutorial to None, run_after=None
[2024-08-17T22:12:45.140+0000] {processor.py:179} INFO - Processing /home/airflow/.local/lib/python3.7/site-packages/airflow/example_dags/example_params_ui_tutorial.py took 0.237 seconds
[2024-08-17T22:13:15.234+0000] {processor.py:157} INFO - Started process (PID=732) to work on /home/airflow/.local/lib/python3.7/site-packages/airflow/example_dags/example_params_ui_tutorial.py
[2024-08-17T22:13:15.236+0000] {processor.py:826} INFO - Processing file /home/airflow/.local/lib/python3.7/site-packages/airflow/example_dags/example_params_ui_tutorial.py for tasks to queue
[2024-08-17T22:13:15.237+0000] {logging_mixin.py:150} INFO - [2024-08-17T22:13:15.236+0000] {dagbag.py:541} INFO - Filling up the DagBag from /home/airflow/.local/lib/python3.7/site-packages/airflow/example_dags/example_params_ui_tutorial.py
[2024-08-17T22:13:15.291+0000] {processor.py:836} INFO - DAG(s) dict_keys(['example_params_ui_tutorial']) retrieved from /home/airflow/.local/lib/python3.7/site-packages/airflow/example_dags/example_params_ui_tutorial.py
[2024-08-17T22:13:15.386+0000] {logging_mixin.py:150} INFO - [2024-08-17T22:13:15.385+0000] {dag.py:2742} INFO - Sync 1 DAGs
[2024-08-17T22:13:15.418+0000] {logging_mixin.py:150} INFO - [2024-08-17T22:13:15.418+0000] {dag.py:3508} INFO - Setting next_dagrun for example_params_ui_tutorial to None, run_after=None
[2024-08-17T22:13:15.442+0000] {processor.py:179} INFO - Processing /home/airflow/.local/lib/python3.7/site-packages/airflow/example_dags/example_params_ui_tutorial.py took 0.214 seconds
[2024-08-17T22:13:45.742+0000] {processor.py:157} INFO - Started process (PID=970) to work on /home/airflow/.local/lib/python3.7/site-packages/airflow/example_dags/example_params_ui_tutorial.py
[2024-08-17T22:13:45.743+0000] {processor.py:826} INFO - Processing file /home/airflow/.local/lib/python3.7/site-packages/airflow/example_dags/example_params_ui_tutorial.py for tasks to queue
[2024-08-17T22:13:45.744+0000] {logging_mixin.py:150} INFO - [2024-08-17T22:13:45.744+0000] {dagbag.py:541} INFO - Filling up the DagBag from /home/airflow/.local/lib/python3.7/site-packages/airflow/example_dags/example_params_ui_tutorial.py
[2024-08-17T22:13:45.796+0000] {processor.py:836} INFO - DAG(s) dict_keys(['example_params_ui_tutorial']) retrieved from /home/airflow/.local/lib/python3.7/site-packages/airflow/example_dags/example_params_ui_tutorial.py
[2024-08-17T22:13:45.902+0000] {logging_mixin.py:150} INFO - [2024-08-17T22:13:45.902+0000] {dag.py:2742} INFO - Sync 1 DAGs
[2024-08-17T22:13:45.939+0000] {logging_mixin.py:150} INFO - [2024-08-17T22:13:45.939+0000] {dag.py:3508} INFO - Setting next_dagrun for example_params_ui_tutorial to None, run_after=None
[2024-08-17T22:13:45.990+0000] {processor.py:179} INFO - Processing /home/airflow/.local/lib/python3.7/site-packages/airflow/example_dags/example_params_ui_tutorial.py took 0.253 seconds
[2024-08-17T22:14:16.129+0000] {processor.py:157} INFO - Started process (PID=1208) to work on /home/airflow/.local/lib/python3.7/site-packages/airflow/example_dags/example_params_ui_tutorial.py
[2024-08-17T22:14:16.130+0000] {processor.py:826} INFO - Processing file /home/airflow/.local/lib/python3.7/site-packages/airflow/example_dags/example_params_ui_tutorial.py for tasks to queue
[2024-08-17T22:14:16.132+0000] {logging_mixin.py:150} INFO - [2024-08-17T22:14:16.131+0000] {dagbag.py:541} INFO - Filling up the DagBag from /home/airflow/.local/lib/python3.7/site-packages/airflow/example_dags/example_params_ui_tutorial.py
[2024-08-17T22:14:16.194+0000] {processor.py:836} INFO - DAG(s) dict_keys(['example_params_ui_tutorial']) retrieved from /home/airflow/.local/lib/python3.7/site-packages/airflow/example_dags/example_params_ui_tutorial.py
[2024-08-17T22:14:16.328+0000] {logging_mixin.py:150} INFO - [2024-08-17T22:14:16.328+0000] {dag.py:2742} INFO - Sync 1 DAGs
[2024-08-17T22:14:16.386+0000] {logging_mixin.py:150} INFO - [2024-08-17T22:14:16.386+0000] {dag.py:3508} INFO - Setting next_dagrun for example_params_ui_tutorial to None, run_after=None
[2024-08-17T22:14:16.428+0000] {processor.py:179} INFO - Processing /home/airflow/.local/lib/python3.7/site-packages/airflow/example_dags/example_params_ui_tutorial.py took 0.304 seconds
[2024-08-17T22:14:47.844+0000] {processor.py:157} INFO - Started process (PID=1446) to work on /home/airflow/.local/lib/python3.7/site-packages/airflow/example_dags/example_params_ui_tutorial.py
[2024-08-17T22:14:47.846+0000] {processor.py:826} INFO - Processing file /home/airflow/.local/lib/python3.7/site-packages/airflow/example_dags/example_params_ui_tutorial.py for tasks to queue
[2024-08-17T22:14:47.872+0000] {logging_mixin.py:150} INFO - [2024-08-17T22:14:47.869+0000] {dagbag.py:541} INFO - Filling up the DagBag from /home/airflow/.local/lib/python3.7/site-packages/airflow/example_dags/example_params_ui_tutorial.py
[2024-08-17T22:14:48.020+0000] {processor.py:836} INFO - DAG(s) dict_keys(['example_params_ui_tutorial']) retrieved from /home/airflow/.local/lib/python3.7/site-packages/airflow/example_dags/example_params_ui_tutorial.py
[2024-08-17T22:14:48.222+0000] {logging_mixin.py:150} INFO - [2024-08-17T22:14:48.222+0000] {dag.py:2742} INFO - Sync 1 DAGs
[2024-08-17T22:14:48.275+0000] {logging_mixin.py:150} INFO - [2024-08-17T22:14:48.274+0000] {dag.py:3508} INFO - Setting next_dagrun for example_params_ui_tutorial to None, run_after=None
[2024-08-17T22:14:48.308+0000] {processor.py:179} INFO - Processing /home/airflow/.local/lib/python3.7/site-packages/airflow/example_dags/example_params_ui_tutorial.py took 0.472 seconds
[2024-08-17T22:15:18.544+0000] {processor.py:157} INFO - Started process (PID=1684) to work on /home/airflow/.local/lib/python3.7/site-packages/airflow/example_dags/example_params_ui_tutorial.py
[2024-08-17T22:15:18.545+0000] {processor.py:826} INFO - Processing file /home/airflow/.local/lib/python3.7/site-packages/airflow/example_dags/example_params_ui_tutorial.py for tasks to queue
[2024-08-17T22:15:18.546+0000] {logging_mixin.py:150} INFO - [2024-08-17T22:15:18.546+0000] {dagbag.py:541} INFO - Filling up the DagBag from /home/airflow/.local/lib/python3.7/site-packages/airflow/example_dags/example_params_ui_tutorial.py
[2024-08-17T22:15:18.598+0000] {processor.py:836} INFO - DAG(s) dict_keys(['example_params_ui_tutorial']) retrieved from /home/airflow/.local/lib/python3.7/site-packages/airflow/example_dags/example_params_ui_tutorial.py
[2024-08-17T22:15:18.677+0000] {logging_mixin.py:150} INFO - [2024-08-17T22:15:18.676+0000] {dag.py:2742} INFO - Sync 1 DAGs
[2024-08-17T22:15:18.710+0000] {logging_mixin.py:150} INFO - [2024-08-17T22:15:18.709+0000] {dag.py:3508} INFO - Setting next_dagrun for example_params_ui_tutorial to None, run_after=None
[2024-08-17T22:15:18.735+0000] {processor.py:179} INFO - Processing /home/airflow/.local/lib/python3.7/site-packages/airflow/example_dags/example_params_ui_tutorial.py took 0.195 seconds
[2024-08-17T22:15:48.786+0000] {processor.py:157} INFO - Started process (PID=1922) to work on /home/airflow/.local/lib/python3.7/site-packages/airflow/example_dags/example_params_ui_tutorial.py
[2024-08-17T22:15:48.788+0000] {processor.py:826} INFO - Processing file /home/airflow/.local/lib/python3.7/site-packages/airflow/example_dags/example_params_ui_tutorial.py for tasks to queue
[2024-08-17T22:15:48.789+0000] {logging_mixin.py:150} INFO - [2024-08-17T22:15:48.789+0000] {dagbag.py:541} INFO - Filling up the DagBag from /home/airflow/.local/lib/python3.7/site-packages/airflow/example_dags/example_params_ui_tutorial.py
[2024-08-17T22:15:48.841+0000] {processor.py:836} INFO - DAG(s) dict_keys(['example_params_ui_tutorial']) retrieved from /home/airflow/.local/lib/python3.7/site-packages/airflow/example_dags/example_params_ui_tutorial.py
[2024-08-17T22:15:48.922+0000] {logging_mixin.py:150} INFO - [2024-08-17T22:15:48.922+0000] {dag.py:2742} INFO - Sync 1 DAGs
[2024-08-17T22:15:48.953+0000] {logging_mixin.py:150} INFO - [2024-08-17T22:15:48.953+0000] {dag.py:3508} INFO - Setting next_dagrun for example_params_ui_tutorial to None, run_after=None
[2024-08-17T22:15:48.980+0000] {processor.py:179} INFO - Processing /home/airflow/.local/lib/python3.7/site-packages/airflow/example_dags/example_params_ui_tutorial.py took 0.198 seconds
[2024-08-17T22:16:19.076+0000] {processor.py:157} INFO - Started process (PID=2160) to work on /home/airflow/.local/lib/python3.7/site-packages/airflow/example_dags/example_params_ui_tutorial.py
[2024-08-17T22:16:19.077+0000] {processor.py:826} INFO - Processing file /home/airflow/.local/lib/python3.7/site-packages/airflow/example_dags/example_params_ui_tutorial.py for tasks to queue
[2024-08-17T22:16:19.079+0000] {logging_mixin.py:150} INFO - [2024-08-17T22:16:19.078+0000] {dagbag.py:541} INFO - Filling up the DagBag from /home/airflow/.local/lib/python3.7/site-packages/airflow/example_dags/example_params_ui_tutorial.py
[2024-08-17T22:16:19.141+0000] {processor.py:836} INFO - DAG(s) dict_keys(['example_params_ui_tutorial']) retrieved from /home/airflow/.local/lib/python3.7/site-packages/airflow/example_dags/example_params_ui_tutorial.py
[2024-08-17T22:16:19.379+0000] {logging_mixin.py:150} INFO - [2024-08-17T22:16:19.379+0000] {dag.py:2742} INFO - Sync 1 DAGs
[2024-08-17T22:16:19.428+0000] {logging_mixin.py:150} INFO - [2024-08-17T22:16:19.428+0000] {dag.py:3508} INFO - Setting next_dagrun for example_params_ui_tutorial to None, run_after=None
[2024-08-17T22:16:19.458+0000] {processor.py:179} INFO - Processing /home/airflow/.local/lib/python3.7/site-packages/airflow/example_dags/example_params_ui_tutorial.py took 0.387 seconds
