[2024-08-17T22:04:01.041+0000] {processor.py:157} INFO - Started process (PID=347) to work on /home/airflow/.local/lib/python3.7/site-packages/airflow/example_dags/example_short_circuit_operator.py
[2024-08-17T22:04:01.043+0000] {processor.py:826} INFO - Processing file /home/airflow/.local/lib/python3.7/site-packages/airflow/example_dags/example_short_circuit_operator.py for tasks to queue
[2024-08-17T22:04:01.044+0000] {logging_mixin.py:150} INFO - [2024-08-17T22:04:01.044+0000] {dagbag.py:541} INFO - Filling up the DagBag from /home/airflow/.local/lib/python3.7/site-packages/airflow/example_dags/example_short_circuit_operator.py
[2024-08-17T22:04:01.062+0000] {processor.py:836} INFO - DAG(s) dict_keys(['example_short_circuit_operator']) retrieved from /home/airflow/.local/lib/python3.7/site-packages/airflow/example_dags/example_short_circuit_operator.py
[2024-08-17T22:04:01.083+0000] {logging_mixin.py:150} INFO - [2024-08-17T22:04:01.083+0000] {dag.py:2742} INFO - Sync 1 DAGs
[2024-08-17T22:04:01.104+0000] {logging_mixin.py:150} INFO - [2024-08-17T22:04:01.104+0000] {dag.py:2763} INFO - Creating ORM DAG for example_short_circuit_operator
[2024-08-17T22:04:01.128+0000] {logging_mixin.py:150} INFO - [2024-08-17T22:04:01.128+0000] {dag.py:3508} INFO - Setting next_dagrun for example_short_circuit_operator to 2024-08-16T22:04:01.127616+00:00, run_after=2024-08-17T22:04:01.127616+00:00
[2024-08-17T22:04:01.164+0000] {processor.py:179} INFO - Processing /home/airflow/.local/lib/python3.7/site-packages/airflow/example_dags/example_short_circuit_operator.py took 0.130 seconds
[2024-08-17T22:04:31.274+0000] {processor.py:157} INFO - Started process (PID=582) to work on /home/airflow/.local/lib/python3.7/site-packages/airflow/example_dags/example_short_circuit_operator.py
[2024-08-17T22:04:31.275+0000] {processor.py:826} INFO - Processing file /home/airflow/.local/lib/python3.7/site-packages/airflow/example_dags/example_short_circuit_operator.py for tasks to queue
[2024-08-17T22:04:31.276+0000] {logging_mixin.py:150} INFO - [2024-08-17T22:04:31.276+0000] {dagbag.py:541} INFO - Filling up the DagBag from /home/airflow/.local/lib/python3.7/site-packages/airflow/example_dags/example_short_circuit_operator.py
[2024-08-17T22:04:31.288+0000] {processor.py:836} INFO - DAG(s) dict_keys(['example_short_circuit_operator']) retrieved from /home/airflow/.local/lib/python3.7/site-packages/airflow/example_dags/example_short_circuit_operator.py
[2024-08-17T22:04:31.325+0000] {logging_mixin.py:150} INFO - [2024-08-17T22:04:31.325+0000] {dag.py:2742} INFO - Sync 1 DAGs
[2024-08-17T22:04:31.360+0000] {logging_mixin.py:150} INFO - [2024-08-17T22:04:31.360+0000] {dag.py:3508} INFO - Setting next_dagrun for example_short_circuit_operator to 2024-08-16T22:04:31.360401+00:00, run_after=2024-08-17T22:04:31.360401+00:00
[2024-08-17T22:04:31.389+0000] {processor.py:179} INFO - Processing /home/airflow/.local/lib/python3.7/site-packages/airflow/example_dags/example_short_circuit_operator.py took 0.119 seconds
[2024-08-17T22:05:01.976+0000] {processor.py:157} INFO - Started process (PID=818) to work on /home/airflow/.local/lib/python3.7/site-packages/airflow/example_dags/example_short_circuit_operator.py
[2024-08-17T22:05:01.978+0000] {processor.py:826} INFO - Processing file /home/airflow/.local/lib/python3.7/site-packages/airflow/example_dags/example_short_circuit_operator.py for tasks to queue
[2024-08-17T22:05:01.980+0000] {logging_mixin.py:150} INFO - [2024-08-17T22:05:01.979+0000] {dagbag.py:541} INFO - Filling up the DagBag from /home/airflow/.local/lib/python3.7/site-packages/airflow/example_dags/example_short_circuit_operator.py
[2024-08-17T22:05:01.997+0000] {processor.py:836} INFO - DAG(s) dict_keys(['example_short_circuit_operator']) retrieved from /home/airflow/.local/lib/python3.7/site-packages/airflow/example_dags/example_short_circuit_operator.py
[2024-08-17T22:05:02.044+0000] {logging_mixin.py:150} INFO - [2024-08-17T22:05:02.044+0000] {dag.py:2742} INFO - Sync 1 DAGs
[2024-08-17T22:05:02.084+0000] {logging_mixin.py:150} INFO - [2024-08-17T22:05:02.084+0000] {dag.py:3508} INFO - Setting next_dagrun for example_short_circuit_operator to 2024-08-16T22:05:02.083729+00:00, run_after=2024-08-17T22:05:02.083729+00:00
[2024-08-17T22:05:02.117+0000] {processor.py:179} INFO - Processing /home/airflow/.local/lib/python3.7/site-packages/airflow/example_dags/example_short_circuit_operator.py took 0.149 seconds
[2024-08-17T22:05:39.577+0000] {processor.py:157} INFO - Started process (PID=1056) to work on /home/airflow/.local/lib/python3.7/site-packages/airflow/example_dags/example_short_circuit_operator.py
[2024-08-17T22:05:39.581+0000] {processor.py:826} INFO - Processing file /home/airflow/.local/lib/python3.7/site-packages/airflow/example_dags/example_short_circuit_operator.py for tasks to queue
[2024-08-17T22:05:39.583+0000] {logging_mixin.py:150} INFO - [2024-08-17T22:05:39.582+0000] {dagbag.py:541} INFO - Filling up the DagBag from /home/airflow/.local/lib/python3.7/site-packages/airflow/example_dags/example_short_circuit_operator.py
[2024-08-17T22:05:39.608+0000] {processor.py:836} INFO - DAG(s) dict_keys(['example_short_circuit_operator']) retrieved from /home/airflow/.local/lib/python3.7/site-packages/airflow/example_dags/example_short_circuit_operator.py
[2024-08-17T22:05:39.663+0000] {logging_mixin.py:150} INFO - [2024-08-17T22:05:39.662+0000] {dag.py:2742} INFO - Sync 1 DAGs
[2024-08-17T22:05:39.710+0000] {logging_mixin.py:150} INFO - [2024-08-17T22:05:39.710+0000] {dag.py:3508} INFO - Setting next_dagrun for example_short_circuit_operator to 2024-08-16T22:05:39.710302+00:00, run_after=2024-08-17T22:05:39.710302+00:00
[2024-08-17T22:05:39.757+0000] {processor.py:179} INFO - Processing /home/airflow/.local/lib/python3.7/site-packages/airflow/example_dags/example_short_circuit_operator.py took 0.190 seconds
[2024-08-17T22:06:09.993+0000] {processor.py:157} INFO - Started process (PID=1294) to work on /home/airflow/.local/lib/python3.7/site-packages/airflow/example_dags/example_short_circuit_operator.py
[2024-08-17T22:06:09.994+0000] {processor.py:826} INFO - Processing file /home/airflow/.local/lib/python3.7/site-packages/airflow/example_dags/example_short_circuit_operator.py for tasks to queue
[2024-08-17T22:06:09.996+0000] {logging_mixin.py:150} INFO - [2024-08-17T22:06:09.995+0000] {dagbag.py:541} INFO - Filling up the DagBag from /home/airflow/.local/lib/python3.7/site-packages/airflow/example_dags/example_short_circuit_operator.py
[2024-08-17T22:06:10.008+0000] {processor.py:836} INFO - DAG(s) dict_keys(['example_short_circuit_operator']) retrieved from /home/airflow/.local/lib/python3.7/site-packages/airflow/example_dags/example_short_circuit_operator.py
[2024-08-17T22:06:10.054+0000] {logging_mixin.py:150} INFO - [2024-08-17T22:06:10.054+0000] {dag.py:2742} INFO - Sync 1 DAGs
[2024-08-17T22:06:10.109+0000] {logging_mixin.py:150} INFO - [2024-08-17T22:06:10.107+0000] {dag.py:3508} INFO - Setting next_dagrun for example_short_circuit_operator to 2024-08-16T22:06:10.106383+00:00, run_after=2024-08-17T22:06:10.106383+00:00
[2024-08-17T22:06:10.185+0000] {processor.py:179} INFO - Processing /home/airflow/.local/lib/python3.7/site-packages/airflow/example_dags/example_short_circuit_operator.py took 0.197 seconds
[2024-08-17T22:06:40.339+0000] {processor.py:157} INFO - Started process (PID=1532) to work on /home/airflow/.local/lib/python3.7/site-packages/airflow/example_dags/example_short_circuit_operator.py
[2024-08-17T22:06:40.340+0000] {processor.py:826} INFO - Processing file /home/airflow/.local/lib/python3.7/site-packages/airflow/example_dags/example_short_circuit_operator.py for tasks to queue
[2024-08-17T22:06:40.342+0000] {logging_mixin.py:150} INFO - [2024-08-17T22:06:40.342+0000] {dagbag.py:541} INFO - Filling up the DagBag from /home/airflow/.local/lib/python3.7/site-packages/airflow/example_dags/example_short_circuit_operator.py
[2024-08-17T22:06:40.356+0000] {processor.py:836} INFO - DAG(s) dict_keys(['example_short_circuit_operator']) retrieved from /home/airflow/.local/lib/python3.7/site-packages/airflow/example_dags/example_short_circuit_operator.py
[2024-08-17T22:06:40.396+0000] {logging_mixin.py:150} INFO - [2024-08-17T22:06:40.395+0000] {dag.py:2742} INFO - Sync 1 DAGs
[2024-08-17T22:06:40.428+0000] {logging_mixin.py:150} INFO - [2024-08-17T22:06:40.428+0000] {dag.py:3508} INFO - Setting next_dagrun for example_short_circuit_operator to 2024-08-16T22:06:40.428123+00:00, run_after=2024-08-17T22:06:40.428123+00:00
[2024-08-17T22:06:40.454+0000] {processor.py:179} INFO - Processing /home/airflow/.local/lib/python3.7/site-packages/airflow/example_dags/example_short_circuit_operator.py took 0.119 seconds
[2024-08-17T22:07:10.588+0000] {processor.py:157} INFO - Started process (PID=1770) to work on /home/airflow/.local/lib/python3.7/site-packages/airflow/example_dags/example_short_circuit_operator.py
[2024-08-17T22:07:10.590+0000] {processor.py:826} INFO - Processing file /home/airflow/.local/lib/python3.7/site-packages/airflow/example_dags/example_short_circuit_operator.py for tasks to queue
[2024-08-17T22:07:10.591+0000] {logging_mixin.py:150} INFO - [2024-08-17T22:07:10.591+0000] {dagbag.py:541} INFO - Filling up the DagBag from /home/airflow/.local/lib/python3.7/site-packages/airflow/example_dags/example_short_circuit_operator.py
[2024-08-17T22:07:10.603+0000] {processor.py:836} INFO - DAG(s) dict_keys(['example_short_circuit_operator']) retrieved from /home/airflow/.local/lib/python3.7/site-packages/airflow/example_dags/example_short_circuit_operator.py
[2024-08-17T22:07:10.639+0000] {logging_mixin.py:150} INFO - [2024-08-17T22:07:10.638+0000] {dag.py:2742} INFO - Sync 1 DAGs
[2024-08-17T22:07:10.675+0000] {logging_mixin.py:150} INFO - [2024-08-17T22:07:10.675+0000] {dag.py:3508} INFO - Setting next_dagrun for example_short_circuit_operator to 2024-08-16T22:07:10.675228+00:00, run_after=2024-08-17T22:07:10.675228+00:00
[2024-08-17T22:07:10.704+0000] {processor.py:179} INFO - Processing /home/airflow/.local/lib/python3.7/site-packages/airflow/example_dags/example_short_circuit_operator.py took 0.120 seconds
[2024-08-17T22:07:41.341+0000] {processor.py:157} INFO - Started process (PID=2008) to work on /home/airflow/.local/lib/python3.7/site-packages/airflow/example_dags/example_short_circuit_operator.py
[2024-08-17T22:07:41.348+0000] {processor.py:826} INFO - Processing file /home/airflow/.local/lib/python3.7/site-packages/airflow/example_dags/example_short_circuit_operator.py for tasks to queue
[2024-08-17T22:07:41.351+0000] {logging_mixin.py:150} INFO - [2024-08-17T22:07:41.350+0000] {dagbag.py:541} INFO - Filling up the DagBag from /home/airflow/.local/lib/python3.7/site-packages/airflow/example_dags/example_short_circuit_operator.py
[2024-08-17T22:07:41.383+0000] {processor.py:836} INFO - DAG(s) dict_keys(['example_short_circuit_operator']) retrieved from /home/airflow/.local/lib/python3.7/site-packages/airflow/example_dags/example_short_circuit_operator.py
[2024-08-17T22:07:41.594+0000] {logging_mixin.py:150} INFO - [2024-08-17T22:07:41.593+0000] {dag.py:2742} INFO - Sync 1 DAGs
[2024-08-17T22:07:41.666+0000] {logging_mixin.py:150} INFO - [2024-08-17T22:07:41.666+0000] {dag.py:3508} INFO - Setting next_dagrun for example_short_circuit_operator to 2024-08-16T22:07:41.666009+00:00, run_after=2024-08-17T22:07:41.666009+00:00
[2024-08-17T22:07:41.703+0000] {processor.py:179} INFO - Processing /home/airflow/.local/lib/python3.7/site-packages/airflow/example_dags/example_short_circuit_operator.py took 0.380 seconds
[2024-08-17T22:08:15.948+0000] {processor.py:157} INFO - Started process (PID=2376) to work on /home/airflow/.local/lib/python3.7/site-packages/airflow/example_dags/example_short_circuit_operator.py
[2024-08-17T22:08:15.951+0000] {processor.py:826} INFO - Processing file /home/airflow/.local/lib/python3.7/site-packages/airflow/example_dags/example_short_circuit_operator.py for tasks to queue
[2024-08-17T22:08:15.954+0000] {logging_mixin.py:150} INFO - [2024-08-17T22:08:15.954+0000] {dagbag.py:541} INFO - Filling up the DagBag from /home/airflow/.local/lib/python3.7/site-packages/airflow/example_dags/example_short_circuit_operator.py
[2024-08-17T22:08:15.978+0000] {processor.py:836} INFO - DAG(s) dict_keys(['example_short_circuit_operator']) retrieved from /home/airflow/.local/lib/python3.7/site-packages/airflow/example_dags/example_short_circuit_operator.py
[2024-08-17T22:08:16.059+0000] {logging_mixin.py:150} INFO - [2024-08-17T22:08:16.058+0000] {dag.py:2742} INFO - Sync 1 DAGs
[2024-08-17T22:08:16.137+0000] {logging_mixin.py:150} INFO - [2024-08-17T22:08:16.137+0000] {dag.py:3508} INFO - Setting next_dagrun for example_short_circuit_operator to 2024-08-16T22:08:16.136794+00:00, run_after=2024-08-17T22:08:16.136794+00:00
[2024-08-17T22:08:16.186+0000] {processor.py:179} INFO - Processing /home/airflow/.local/lib/python3.7/site-packages/airflow/example_dags/example_short_circuit_operator.py took 0.245 seconds
[2024-08-17T22:08:46.369+0000] {processor.py:157} INFO - Started process (PID=2616) to work on /home/airflow/.local/lib/python3.7/site-packages/airflow/example_dags/example_short_circuit_operator.py
[2024-08-17T22:08:46.370+0000] {processor.py:826} INFO - Processing file /home/airflow/.local/lib/python3.7/site-packages/airflow/example_dags/example_short_circuit_operator.py for tasks to queue
[2024-08-17T22:08:46.371+0000] {logging_mixin.py:150} INFO - [2024-08-17T22:08:46.371+0000] {dagbag.py:541} INFO - Filling up the DagBag from /home/airflow/.local/lib/python3.7/site-packages/airflow/example_dags/example_short_circuit_operator.py
[2024-08-17T22:08:46.384+0000] {processor.py:836} INFO - DAG(s) dict_keys(['example_short_circuit_operator']) retrieved from /home/airflow/.local/lib/python3.7/site-packages/airflow/example_dags/example_short_circuit_operator.py
[2024-08-17T22:08:46.423+0000] {logging_mixin.py:150} INFO - [2024-08-17T22:08:46.423+0000] {dag.py:2742} INFO - Sync 1 DAGs
[2024-08-17T22:08:46.462+0000] {logging_mixin.py:150} INFO - [2024-08-17T22:08:46.462+0000] {dag.py:3508} INFO - Setting next_dagrun for example_short_circuit_operator to 2024-08-16T22:08:46.462121+00:00, run_after=2024-08-17T22:08:46.462121+00:00
[2024-08-17T22:08:46.489+0000] {processor.py:179} INFO - Processing /home/airflow/.local/lib/python3.7/site-packages/airflow/example_dags/example_short_circuit_operator.py took 0.125 seconds
[2024-08-17T22:09:16.764+0000] {processor.py:157} INFO - Started process (PID=2854) to work on /home/airflow/.local/lib/python3.7/site-packages/airflow/example_dags/example_short_circuit_operator.py
[2024-08-17T22:09:16.766+0000] {processor.py:826} INFO - Processing file /home/airflow/.local/lib/python3.7/site-packages/airflow/example_dags/example_short_circuit_operator.py for tasks to queue
[2024-08-17T22:09:16.767+0000] {logging_mixin.py:150} INFO - [2024-08-17T22:09:16.767+0000] {dagbag.py:541} INFO - Filling up the DagBag from /home/airflow/.local/lib/python3.7/site-packages/airflow/example_dags/example_short_circuit_operator.py
[2024-08-17T22:09:16.785+0000] {processor.py:836} INFO - DAG(s) dict_keys(['example_short_circuit_operator']) retrieved from /home/airflow/.local/lib/python3.7/site-packages/airflow/example_dags/example_short_circuit_operator.py
[2024-08-17T22:09:16.847+0000] {logging_mixin.py:150} INFO - [2024-08-17T22:09:16.847+0000] {dag.py:2742} INFO - Sync 1 DAGs
[2024-08-17T22:09:16.885+0000] {logging_mixin.py:150} INFO - [2024-08-17T22:09:16.884+0000] {dag.py:3508} INFO - Setting next_dagrun for example_short_circuit_operator to 2024-08-16T22:09:16.883991+00:00, run_after=2024-08-17T22:09:16.883991+00:00
[2024-08-17T22:09:16.913+0000] {processor.py:179} INFO - Processing /home/airflow/.local/lib/python3.7/site-packages/airflow/example_dags/example_short_circuit_operator.py took 0.154 seconds
[2024-08-17T22:09:47.119+0000] {processor.py:157} INFO - Started process (PID=3092) to work on /home/airflow/.local/lib/python3.7/site-packages/airflow/example_dags/example_short_circuit_operator.py
[2024-08-17T22:09:47.120+0000] {processor.py:826} INFO - Processing file /home/airflow/.local/lib/python3.7/site-packages/airflow/example_dags/example_short_circuit_operator.py for tasks to queue
[2024-08-17T22:09:47.121+0000] {logging_mixin.py:150} INFO - [2024-08-17T22:09:47.121+0000] {dagbag.py:541} INFO - Filling up the DagBag from /home/airflow/.local/lib/python3.7/site-packages/airflow/example_dags/example_short_circuit_operator.py
[2024-08-17T22:09:47.132+0000] {processor.py:836} INFO - DAG(s) dict_keys(['example_short_circuit_operator']) retrieved from /home/airflow/.local/lib/python3.7/site-packages/airflow/example_dags/example_short_circuit_operator.py
[2024-08-17T22:09:47.165+0000] {logging_mixin.py:150} INFO - [2024-08-17T22:09:47.165+0000] {dag.py:2742} INFO - Sync 1 DAGs
[2024-08-17T22:09:47.199+0000] {logging_mixin.py:150} INFO - [2024-08-17T22:09:47.198+0000] {dag.py:3508} INFO - Setting next_dagrun for example_short_circuit_operator to 2024-08-16T22:09:47.198535+00:00, run_after=2024-08-17T22:09:47.198535+00:00
[2024-08-17T22:09:47.223+0000] {processor.py:179} INFO - Processing /home/airflow/.local/lib/python3.7/site-packages/airflow/example_dags/example_short_circuit_operator.py took 0.108 seconds
[2024-08-17T22:10:18.239+0000] {processor.py:157} INFO - Started process (PID=3330) to work on /home/airflow/.local/lib/python3.7/site-packages/airflow/example_dags/example_short_circuit_operator.py
[2024-08-17T22:10:18.240+0000] {processor.py:826} INFO - Processing file /home/airflow/.local/lib/python3.7/site-packages/airflow/example_dags/example_short_circuit_operator.py for tasks to queue
[2024-08-17T22:10:18.241+0000] {logging_mixin.py:150} INFO - [2024-08-17T22:10:18.241+0000] {dagbag.py:541} INFO - Filling up the DagBag from /home/airflow/.local/lib/python3.7/site-packages/airflow/example_dags/example_short_circuit_operator.py
[2024-08-17T22:10:18.255+0000] {processor.py:836} INFO - DAG(s) dict_keys(['example_short_circuit_operator']) retrieved from /home/airflow/.local/lib/python3.7/site-packages/airflow/example_dags/example_short_circuit_operator.py
[2024-08-17T22:10:18.304+0000] {logging_mixin.py:150} INFO - [2024-08-17T22:10:18.303+0000] {dag.py:2742} INFO - Sync 1 DAGs
[2024-08-17T22:10:18.348+0000] {logging_mixin.py:150} INFO - [2024-08-17T22:10:18.348+0000] {dag.py:3508} INFO - Setting next_dagrun for example_short_circuit_operator to 2024-08-16T22:10:18.348113+00:00, run_after=2024-08-17T22:10:18.348113+00:00
[2024-08-17T22:10:18.380+0000] {processor.py:179} INFO - Processing /home/airflow/.local/lib/python3.7/site-packages/airflow/example_dags/example_short_circuit_operator.py took 0.145 seconds
[2024-08-17T22:10:48.862+0000] {processor.py:157} INFO - Started process (PID=3568) to work on /home/airflow/.local/lib/python3.7/site-packages/airflow/example_dags/example_short_circuit_operator.py
[2024-08-17T22:10:48.863+0000] {processor.py:826} INFO - Processing file /home/airflow/.local/lib/python3.7/site-packages/airflow/example_dags/example_short_circuit_operator.py for tasks to queue
[2024-08-17T22:10:48.864+0000] {logging_mixin.py:150} INFO - [2024-08-17T22:10:48.864+0000] {dagbag.py:541} INFO - Filling up the DagBag from /home/airflow/.local/lib/python3.7/site-packages/airflow/example_dags/example_short_circuit_operator.py
[2024-08-17T22:10:48.877+0000] {processor.py:836} INFO - DAG(s) dict_keys(['example_short_circuit_operator']) retrieved from /home/airflow/.local/lib/python3.7/site-packages/airflow/example_dags/example_short_circuit_operator.py
[2024-08-17T22:10:48.918+0000] {logging_mixin.py:150} INFO - [2024-08-17T22:10:48.918+0000] {dag.py:2742} INFO - Sync 1 DAGs
[2024-08-17T22:10:48.953+0000] {logging_mixin.py:150} INFO - [2024-08-17T22:10:48.953+0000] {dag.py:3508} INFO - Setting next_dagrun for example_short_circuit_operator to 2024-08-16T22:10:48.952839+00:00, run_after=2024-08-17T22:10:48.952839+00:00
[2024-08-17T22:10:48.980+0000] {processor.py:179} INFO - Processing /home/airflow/.local/lib/python3.7/site-packages/airflow/example_dags/example_short_circuit_operator.py took 0.123 seconds
[2024-08-17T22:12:17.335+0000] {processor.py:157} INFO - Started process (PID=346) to work on /home/airflow/.local/lib/python3.7/site-packages/airflow/example_dags/example_short_circuit_operator.py
[2024-08-17T22:12:17.337+0000] {processor.py:826} INFO - Processing file /home/airflow/.local/lib/python3.7/site-packages/airflow/example_dags/example_short_circuit_operator.py for tasks to queue
[2024-08-17T22:12:17.338+0000] {logging_mixin.py:150} INFO - [2024-08-17T22:12:17.338+0000] {dagbag.py:541} INFO - Filling up the DagBag from /home/airflow/.local/lib/python3.7/site-packages/airflow/example_dags/example_short_circuit_operator.py
[2024-08-17T22:12:17.353+0000] {processor.py:836} INFO - DAG(s) dict_keys(['example_short_circuit_operator']) retrieved from /home/airflow/.local/lib/python3.7/site-packages/airflow/example_dags/example_short_circuit_operator.py
[2024-08-17T22:12:17.395+0000] {logging_mixin.py:150} INFO - [2024-08-17T22:12:17.395+0000] {dag.py:2742} INFO - Sync 1 DAGs
[2024-08-17T22:12:17.434+0000] {logging_mixin.py:150} INFO - [2024-08-17T22:12:17.434+0000] {dag.py:3508} INFO - Setting next_dagrun for example_short_circuit_operator to 2024-08-16T22:12:17.433827+00:00, run_after=2024-08-17T22:12:17.433827+00:00
[2024-08-17T22:12:17.466+0000] {processor.py:179} INFO - Processing /home/airflow/.local/lib/python3.7/site-packages/airflow/example_dags/example_short_circuit_operator.py took 0.135 seconds
[2024-08-17T22:12:48.314+0000] {processor.py:157} INFO - Started process (PID=584) to work on /home/airflow/.local/lib/python3.7/site-packages/airflow/example_dags/example_short_circuit_operator.py
[2024-08-17T22:12:48.316+0000] {processor.py:826} INFO - Processing file /home/airflow/.local/lib/python3.7/site-packages/airflow/example_dags/example_short_circuit_operator.py for tasks to queue
[2024-08-17T22:12:48.317+0000] {logging_mixin.py:150} INFO - [2024-08-17T22:12:48.317+0000] {dagbag.py:541} INFO - Filling up the DagBag from /home/airflow/.local/lib/python3.7/site-packages/airflow/example_dags/example_short_circuit_operator.py
[2024-08-17T22:12:48.328+0000] {processor.py:836} INFO - DAG(s) dict_keys(['example_short_circuit_operator']) retrieved from /home/airflow/.local/lib/python3.7/site-packages/airflow/example_dags/example_short_circuit_operator.py
[2024-08-17T22:12:48.364+0000] {logging_mixin.py:150} INFO - [2024-08-17T22:12:48.364+0000] {dag.py:2742} INFO - Sync 1 DAGs
[2024-08-17T22:12:48.398+0000] {logging_mixin.py:150} INFO - [2024-08-17T22:12:48.398+0000] {dag.py:3508} INFO - Setting next_dagrun for example_short_circuit_operator to 2024-08-16T22:12:48.397753+00:00, run_after=2024-08-17T22:12:48.397753+00:00
[2024-08-17T22:12:48.423+0000] {processor.py:179} INFO - Processing /home/airflow/.local/lib/python3.7/site-packages/airflow/example_dags/example_short_circuit_operator.py took 0.114 seconds
[2024-08-17T22:13:18.490+0000] {processor.py:157} INFO - Started process (PID=817) to work on /home/airflow/.local/lib/python3.7/site-packages/airflow/example_dags/example_short_circuit_operator.py
[2024-08-17T22:13:18.492+0000] {processor.py:826} INFO - Processing file /home/airflow/.local/lib/python3.7/site-packages/airflow/example_dags/example_short_circuit_operator.py for tasks to queue
[2024-08-17T22:13:18.493+0000] {logging_mixin.py:150} INFO - [2024-08-17T22:13:18.492+0000] {dagbag.py:541} INFO - Filling up the DagBag from /home/airflow/.local/lib/python3.7/site-packages/airflow/example_dags/example_short_circuit_operator.py
[2024-08-17T22:13:18.504+0000] {processor.py:836} INFO - DAG(s) dict_keys(['example_short_circuit_operator']) retrieved from /home/airflow/.local/lib/python3.7/site-packages/airflow/example_dags/example_short_circuit_operator.py
[2024-08-17T22:13:18.537+0000] {logging_mixin.py:150} INFO - [2024-08-17T22:13:18.536+0000] {dag.py:2742} INFO - Sync 1 DAGs
[2024-08-17T22:13:18.568+0000] {logging_mixin.py:150} INFO - [2024-08-17T22:13:18.568+0000] {dag.py:3508} INFO - Setting next_dagrun for example_short_circuit_operator to 2024-08-16T22:13:18.567737+00:00, run_after=2024-08-17T22:13:18.567737+00:00
[2024-08-17T22:13:18.594+0000] {processor.py:179} INFO - Processing /home/airflow/.local/lib/python3.7/site-packages/airflow/example_dags/example_short_circuit_operator.py took 0.108 seconds
[2024-08-17T22:13:49.256+0000] {processor.py:157} INFO - Started process (PID=1060) to work on /home/airflow/.local/lib/python3.7/site-packages/airflow/example_dags/example_short_circuit_operator.py
[2024-08-17T22:13:49.257+0000] {processor.py:826} INFO - Processing file /home/airflow/.local/lib/python3.7/site-packages/airflow/example_dags/example_short_circuit_operator.py for tasks to queue
[2024-08-17T22:13:49.259+0000] {logging_mixin.py:150} INFO - [2024-08-17T22:13:49.258+0000] {dagbag.py:541} INFO - Filling up the DagBag from /home/airflow/.local/lib/python3.7/site-packages/airflow/example_dags/example_short_circuit_operator.py
[2024-08-17T22:13:49.271+0000] {processor.py:836} INFO - DAG(s) dict_keys(['example_short_circuit_operator']) retrieved from /home/airflow/.local/lib/python3.7/site-packages/airflow/example_dags/example_short_circuit_operator.py
[2024-08-17T22:13:49.309+0000] {logging_mixin.py:150} INFO - [2024-08-17T22:13:49.309+0000] {dag.py:2742} INFO - Sync 1 DAGs
[2024-08-17T22:13:49.345+0000] {logging_mixin.py:150} INFO - [2024-08-17T22:13:49.345+0000] {dag.py:3508} INFO - Setting next_dagrun for example_short_circuit_operator to 2024-08-16T22:13:49.344884+00:00, run_after=2024-08-17T22:13:49.344884+00:00
[2024-08-17T22:13:49.369+0000] {processor.py:179} INFO - Processing /home/airflow/.local/lib/python3.7/site-packages/airflow/example_dags/example_short_circuit_operator.py took 0.117 seconds
[2024-08-17T22:14:19.636+0000] {processor.py:157} INFO - Started process (PID=1298) to work on /home/airflow/.local/lib/python3.7/site-packages/airflow/example_dags/example_short_circuit_operator.py
[2024-08-17T22:14:19.639+0000] {processor.py:826} INFO - Processing file /home/airflow/.local/lib/python3.7/site-packages/airflow/example_dags/example_short_circuit_operator.py for tasks to queue
[2024-08-17T22:14:19.641+0000] {logging_mixin.py:150} INFO - [2024-08-17T22:14:19.640+0000] {dagbag.py:541} INFO - Filling up the DagBag from /home/airflow/.local/lib/python3.7/site-packages/airflow/example_dags/example_short_circuit_operator.py
[2024-08-17T22:14:19.652+0000] {processor.py:836} INFO - DAG(s) dict_keys(['example_short_circuit_operator']) retrieved from /home/airflow/.local/lib/python3.7/site-packages/airflow/example_dags/example_short_circuit_operator.py
[2024-08-17T22:14:19.695+0000] {logging_mixin.py:150} INFO - [2024-08-17T22:14:19.695+0000] {dag.py:2742} INFO - Sync 1 DAGs
[2024-08-17T22:14:19.732+0000] {logging_mixin.py:150} INFO - [2024-08-17T22:14:19.732+0000] {dag.py:3508} INFO - Setting next_dagrun for example_short_circuit_operator to 2024-08-16T22:14:19.731613+00:00, run_after=2024-08-17T22:14:19.731613+00:00
[2024-08-17T22:14:19.758+0000] {processor.py:179} INFO - Processing /home/airflow/.local/lib/python3.7/site-packages/airflow/example_dags/example_short_circuit_operator.py took 0.126 seconds
[2024-08-17T22:14:49.845+0000] {processor.py:157} INFO - Started process (PID=1533) to work on /home/airflow/.local/lib/python3.7/site-packages/airflow/example_dags/example_short_circuit_operator.py
[2024-08-17T22:14:49.846+0000] {processor.py:826} INFO - Processing file /home/airflow/.local/lib/python3.7/site-packages/airflow/example_dags/example_short_circuit_operator.py for tasks to queue
[2024-08-17T22:14:49.847+0000] {logging_mixin.py:150} INFO - [2024-08-17T22:14:49.847+0000] {dagbag.py:541} INFO - Filling up the DagBag from /home/airflow/.local/lib/python3.7/site-packages/airflow/example_dags/example_short_circuit_operator.py
[2024-08-17T22:14:49.858+0000] {processor.py:836} INFO - DAG(s) dict_keys(['example_short_circuit_operator']) retrieved from /home/airflow/.local/lib/python3.7/site-packages/airflow/example_dags/example_short_circuit_operator.py
[2024-08-17T22:14:49.893+0000] {logging_mixin.py:150} INFO - [2024-08-17T22:14:49.893+0000] {dag.py:2742} INFO - Sync 1 DAGs
[2024-08-17T22:14:49.938+0000] {logging_mixin.py:150} INFO - [2024-08-17T22:14:49.938+0000] {dag.py:3508} INFO - Setting next_dagrun for example_short_circuit_operator to 2024-08-16T22:14:49.938338+00:00, run_after=2024-08-17T22:14:49.938338+00:00
[2024-08-17T22:14:49.962+0000] {processor.py:179} INFO - Processing /home/airflow/.local/lib/python3.7/site-packages/airflow/example_dags/example_short_circuit_operator.py took 0.122 seconds
[2024-08-17T22:15:20.047+0000] {processor.py:157} INFO - Started process (PID=1769) to work on /home/airflow/.local/lib/python3.7/site-packages/airflow/example_dags/example_short_circuit_operator.py
[2024-08-17T22:15:20.048+0000] {processor.py:826} INFO - Processing file /home/airflow/.local/lib/python3.7/site-packages/airflow/example_dags/example_short_circuit_operator.py for tasks to queue
[2024-08-17T22:15:20.049+0000] {logging_mixin.py:150} INFO - [2024-08-17T22:15:20.049+0000] {dagbag.py:541} INFO - Filling up the DagBag from /home/airflow/.local/lib/python3.7/site-packages/airflow/example_dags/example_short_circuit_operator.py
[2024-08-17T22:15:20.064+0000] {processor.py:836} INFO - DAG(s) dict_keys(['example_short_circuit_operator']) retrieved from /home/airflow/.local/lib/python3.7/site-packages/airflow/example_dags/example_short_circuit_operator.py
[2024-08-17T22:15:20.099+0000] {logging_mixin.py:150} INFO - [2024-08-17T22:15:20.099+0000] {dag.py:2742} INFO - Sync 1 DAGs
[2024-08-17T22:15:20.130+0000] {logging_mixin.py:150} INFO - [2024-08-17T22:15:20.130+0000] {dag.py:3508} INFO - Setting next_dagrun for example_short_circuit_operator to 2024-08-16T22:15:20.130266+00:00, run_after=2024-08-17T22:15:20.130266+00:00
[2024-08-17T22:15:20.154+0000] {processor.py:179} INFO - Processing /home/airflow/.local/lib/python3.7/site-packages/airflow/example_dags/example_short_circuit_operator.py took 0.111 seconds
[2024-08-17T22:15:50.244+0000] {processor.py:157} INFO - Started process (PID=2007) to work on /home/airflow/.local/lib/python3.7/site-packages/airflow/example_dags/example_short_circuit_operator.py
[2024-08-17T22:15:50.245+0000] {processor.py:826} INFO - Processing file /home/airflow/.local/lib/python3.7/site-packages/airflow/example_dags/example_short_circuit_operator.py for tasks to queue
[2024-08-17T22:15:50.246+0000] {logging_mixin.py:150} INFO - [2024-08-17T22:15:50.246+0000] {dagbag.py:541} INFO - Filling up the DagBag from /home/airflow/.local/lib/python3.7/site-packages/airflow/example_dags/example_short_circuit_operator.py
[2024-08-17T22:15:50.257+0000] {processor.py:836} INFO - DAG(s) dict_keys(['example_short_circuit_operator']) retrieved from /home/airflow/.local/lib/python3.7/site-packages/airflow/example_dags/example_short_circuit_operator.py
[2024-08-17T22:15:50.289+0000] {logging_mixin.py:150} INFO - [2024-08-17T22:15:50.289+0000] {dag.py:2742} INFO - Sync 1 DAGs
[2024-08-17T22:15:50.319+0000] {logging_mixin.py:150} INFO - [2024-08-17T22:15:50.319+0000] {dag.py:3508} INFO - Setting next_dagrun for example_short_circuit_operator to 2024-08-16T22:15:50.319088+00:00, run_after=2024-08-17T22:15:50.319088+00:00
[2024-08-17T22:15:50.344+0000] {processor.py:179} INFO - Processing /home/airflow/.local/lib/python3.7/site-packages/airflow/example_dags/example_short_circuit_operator.py took 0.110 seconds
[2024-08-17T22:16:20.627+0000] {processor.py:157} INFO - Started process (PID=2245) to work on /home/airflow/.local/lib/python3.7/site-packages/airflow/example_dags/example_short_circuit_operator.py
[2024-08-17T22:16:20.628+0000] {processor.py:826} INFO - Processing file /home/airflow/.local/lib/python3.7/site-packages/airflow/example_dags/example_short_circuit_operator.py for tasks to queue
[2024-08-17T22:16:20.629+0000] {logging_mixin.py:150} INFO - [2024-08-17T22:16:20.629+0000] {dagbag.py:541} INFO - Filling up the DagBag from /home/airflow/.local/lib/python3.7/site-packages/airflow/example_dags/example_short_circuit_operator.py
[2024-08-17T22:16:20.640+0000] {processor.py:836} INFO - DAG(s) dict_keys(['example_short_circuit_operator']) retrieved from /home/airflow/.local/lib/python3.7/site-packages/airflow/example_dags/example_short_circuit_operator.py
[2024-08-17T22:16:20.676+0000] {logging_mixin.py:150} INFO - [2024-08-17T22:16:20.675+0000] {dag.py:2742} INFO - Sync 1 DAGs
[2024-08-17T22:16:20.707+0000] {logging_mixin.py:150} INFO - [2024-08-17T22:16:20.706+0000] {dag.py:3508} INFO - Setting next_dagrun for example_short_circuit_operator to 2024-08-16T22:16:20.706659+00:00, run_after=2024-08-17T22:16:20.706659+00:00
[2024-08-17T22:16:20.732+0000] {processor.py:179} INFO - Processing /home/airflow/.local/lib/python3.7/site-packages/airflow/example_dags/example_short_circuit_operator.py took 0.109 seconds
