[2024-08-17T22:03:58.557+0000] {processor.py:157} INFO - Started process (PID=254) to work on /home/airflow/.local/lib/python3.7/site-packages/airflow/example_dags/example_branch_operator.py
[2024-08-17T22:03:58.558+0000] {processor.py:826} INFO - Processing file /home/airflow/.local/lib/python3.7/site-packages/airflow/example_dags/example_branch_operator.py for tasks to queue
[2024-08-17T22:03:58.560+0000] {logging_mixin.py:150} INFO - [2024-08-17T22:03:58.560+0000] {dagbag.py:541} INFO - Filling up the DagBag from /home/airflow/.local/lib/python3.7/site-packages/airflow/example_dags/example_branch_operator.py
[2024-08-17T22:03:58.604+0000] {processor.py:836} INFO - DAG(s) dict_keys(['example_branch_operator']) retrieved from /home/airflow/.local/lib/python3.7/site-packages/airflow/example_dags/example_branch_operator.py
[2024-08-17T22:03:58.644+0000] {logging_mixin.py:150} INFO - [2024-08-17T22:03:58.643+0000] {dag.py:2742} INFO - Sync 1 DAGs
[2024-08-17T22:03:58.696+0000] {logging_mixin.py:150} INFO - [2024-08-17T22:03:58.696+0000] {dag.py:2763} INFO - Creating ORM DAG for example_branch_operator
[2024-08-17T22:03:58.745+0000] {logging_mixin.py:150} INFO - [2024-08-17T22:03:58.744+0000] {dag.py:3508} INFO - Setting next_dagrun for example_branch_operator to 2024-08-16T00:00:00+00:00, run_after=2024-08-17T00:00:00+00:00
[2024-08-17T22:03:58.810+0000] {processor.py:179} INFO - Processing /home/airflow/.local/lib/python3.7/site-packages/airflow/example_dags/example_branch_operator.py took 0.261 seconds
[2024-08-17T22:04:28.899+0000] {processor.py:157} INFO - Started process (PID=490) to work on /home/airflow/.local/lib/python3.7/site-packages/airflow/example_dags/example_branch_operator.py
[2024-08-17T22:04:28.901+0000] {processor.py:826} INFO - Processing file /home/airflow/.local/lib/python3.7/site-packages/airflow/example_dags/example_branch_operator.py for tasks to queue
[2024-08-17T22:04:28.905+0000] {logging_mixin.py:150} INFO - [2024-08-17T22:04:28.905+0000] {dagbag.py:541} INFO - Filling up the DagBag from /home/airflow/.local/lib/python3.7/site-packages/airflow/example_dags/example_branch_operator.py
[2024-08-17T22:04:28.922+0000] {processor.py:836} INFO - DAG(s) dict_keys(['example_branch_operator']) retrieved from /home/airflow/.local/lib/python3.7/site-packages/airflow/example_dags/example_branch_operator.py
[2024-08-17T22:04:28.964+0000] {logging_mixin.py:150} INFO - [2024-08-17T22:04:28.963+0000] {dag.py:2742} INFO - Sync 1 DAGs
[2024-08-17T22:04:29.003+0000] {logging_mixin.py:150} INFO - [2024-08-17T22:04:29.002+0000] {dag.py:3508} INFO - Setting next_dagrun for example_branch_operator to 2024-08-16T00:00:00+00:00, run_after=2024-08-17T00:00:00+00:00
[2024-08-17T22:04:29.031+0000] {processor.py:179} INFO - Processing /home/airflow/.local/lib/python3.7/site-packages/airflow/example_dags/example_branch_operator.py took 0.140 seconds
[2024-08-17T22:04:59.935+0000] {processor.py:157} INFO - Started process (PID=728) to work on /home/airflow/.local/lib/python3.7/site-packages/airflow/example_dags/example_branch_operator.py
[2024-08-17T22:04:59.937+0000] {processor.py:826} INFO - Processing file /home/airflow/.local/lib/python3.7/site-packages/airflow/example_dags/example_branch_operator.py for tasks to queue
[2024-08-17T22:04:59.938+0000] {logging_mixin.py:150} INFO - [2024-08-17T22:04:59.938+0000] {dagbag.py:541} INFO - Filling up the DagBag from /home/airflow/.local/lib/python3.7/site-packages/airflow/example_dags/example_branch_operator.py
[2024-08-17T22:04:59.953+0000] {processor.py:836} INFO - DAG(s) dict_keys(['example_branch_operator']) retrieved from /home/airflow/.local/lib/python3.7/site-packages/airflow/example_dags/example_branch_operator.py
[2024-08-17T22:04:59.991+0000] {logging_mixin.py:150} INFO - [2024-08-17T22:04:59.991+0000] {dag.py:2742} INFO - Sync 1 DAGs
[2024-08-17T22:05:00.046+0000] {logging_mixin.py:150} INFO - [2024-08-17T22:05:00.046+0000] {dag.py:3508} INFO - Setting next_dagrun for example_branch_operator to 2024-08-16T00:00:00+00:00, run_after=2024-08-17T00:00:00+00:00
[2024-08-17T22:05:00.086+0000] {processor.py:179} INFO - Processing /home/airflow/.local/lib/python3.7/site-packages/airflow/example_dags/example_branch_operator.py took 0.156 seconds
[2024-08-17T22:05:35.966+0000] {processor.py:157} INFO - Started process (PID=966) to work on /home/airflow/.local/lib/python3.7/site-packages/airflow/example_dags/example_branch_operator.py
[2024-08-17T22:05:35.970+0000] {processor.py:826} INFO - Processing file /home/airflow/.local/lib/python3.7/site-packages/airflow/example_dags/example_branch_operator.py for tasks to queue
[2024-08-17T22:05:35.972+0000] {logging_mixin.py:150} INFO - [2024-08-17T22:05:35.971+0000] {dagbag.py:541} INFO - Filling up the DagBag from /home/airflow/.local/lib/python3.7/site-packages/airflow/example_dags/example_branch_operator.py
[2024-08-17T22:05:36.006+0000] {processor.py:836} INFO - DAG(s) dict_keys(['example_branch_operator']) retrieved from /home/airflow/.local/lib/python3.7/site-packages/airflow/example_dags/example_branch_operator.py
[2024-08-17T22:05:36.123+0000] {logging_mixin.py:150} INFO - [2024-08-17T22:05:36.122+0000] {dag.py:2742} INFO - Sync 1 DAGs
[2024-08-17T22:05:36.255+0000] {logging_mixin.py:150} INFO - [2024-08-17T22:05:36.254+0000] {dag.py:3508} INFO - Setting next_dagrun for example_branch_operator to 2024-08-16T00:00:00+00:00, run_after=2024-08-17T00:00:00+00:00
[2024-08-17T22:05:36.320+0000] {processor.py:179} INFO - Processing /home/airflow/.local/lib/python3.7/site-packages/airflow/example_dags/example_branch_operator.py took 0.367 seconds
[2024-08-17T22:06:06.509+0000] {processor.py:157} INFO - Started process (PID=1204) to work on /home/airflow/.local/lib/python3.7/site-packages/airflow/example_dags/example_branch_operator.py
[2024-08-17T22:06:06.510+0000] {processor.py:826} INFO - Processing file /home/airflow/.local/lib/python3.7/site-packages/airflow/example_dags/example_branch_operator.py for tasks to queue
[2024-08-17T22:06:06.511+0000] {logging_mixin.py:150} INFO - [2024-08-17T22:06:06.511+0000] {dagbag.py:541} INFO - Filling up the DagBag from /home/airflow/.local/lib/python3.7/site-packages/airflow/example_dags/example_branch_operator.py
[2024-08-17T22:06:06.524+0000] {processor.py:836} INFO - DAG(s) dict_keys(['example_branch_operator']) retrieved from /home/airflow/.local/lib/python3.7/site-packages/airflow/example_dags/example_branch_operator.py
[2024-08-17T22:06:06.556+0000] {logging_mixin.py:150} INFO - [2024-08-17T22:06:06.556+0000] {dag.py:2742} INFO - Sync 1 DAGs
[2024-08-17T22:06:06.589+0000] {logging_mixin.py:150} INFO - [2024-08-17T22:06:06.589+0000] {dag.py:3508} INFO - Setting next_dagrun for example_branch_operator to 2024-08-16T00:00:00+00:00, run_after=2024-08-17T00:00:00+00:00
[2024-08-17T22:06:06.612+0000] {processor.py:179} INFO - Processing /home/airflow/.local/lib/python3.7/site-packages/airflow/example_dags/example_branch_operator.py took 0.107 seconds
[2024-08-17T22:06:36.746+0000] {processor.py:157} INFO - Started process (PID=1442) to work on /home/airflow/.local/lib/python3.7/site-packages/airflow/example_dags/example_branch_operator.py
[2024-08-17T22:06:36.748+0000] {processor.py:826} INFO - Processing file /home/airflow/.local/lib/python3.7/site-packages/airflow/example_dags/example_branch_operator.py for tasks to queue
[2024-08-17T22:06:36.750+0000] {logging_mixin.py:150} INFO - [2024-08-17T22:06:36.750+0000] {dagbag.py:541} INFO - Filling up the DagBag from /home/airflow/.local/lib/python3.7/site-packages/airflow/example_dags/example_branch_operator.py
[2024-08-17T22:06:36.766+0000] {processor.py:836} INFO - DAG(s) dict_keys(['example_branch_operator']) retrieved from /home/airflow/.local/lib/python3.7/site-packages/airflow/example_dags/example_branch_operator.py
[2024-08-17T22:06:36.800+0000] {logging_mixin.py:150} INFO - [2024-08-17T22:06:36.799+0000] {dag.py:2742} INFO - Sync 1 DAGs
[2024-08-17T22:06:36.835+0000] {logging_mixin.py:150} INFO - [2024-08-17T22:06:36.834+0000] {dag.py:3508} INFO - Setting next_dagrun for example_branch_operator to 2024-08-16T00:00:00+00:00, run_after=2024-08-17T00:00:00+00:00
[2024-08-17T22:06:36.859+0000] {processor.py:179} INFO - Processing /home/airflow/.local/lib/python3.7/site-packages/airflow/example_dags/example_branch_operator.py took 0.118 seconds
[2024-08-17T22:07:07.825+0000] {processor.py:157} INFO - Started process (PID=1680) to work on /home/airflow/.local/lib/python3.7/site-packages/airflow/example_dags/example_branch_operator.py
[2024-08-17T22:07:07.829+0000] {processor.py:826} INFO - Processing file /home/airflow/.local/lib/python3.7/site-packages/airflow/example_dags/example_branch_operator.py for tasks to queue
[2024-08-17T22:07:07.831+0000] {logging_mixin.py:150} INFO - [2024-08-17T22:07:07.830+0000] {dagbag.py:541} INFO - Filling up the DagBag from /home/airflow/.local/lib/python3.7/site-packages/airflow/example_dags/example_branch_operator.py
[2024-08-17T22:07:07.846+0000] {processor.py:836} INFO - DAG(s) dict_keys(['example_branch_operator']) retrieved from /home/airflow/.local/lib/python3.7/site-packages/airflow/example_dags/example_branch_operator.py
[2024-08-17T22:07:07.882+0000] {logging_mixin.py:150} INFO - [2024-08-17T22:07:07.882+0000] {dag.py:2742} INFO - Sync 1 DAGs
[2024-08-17T22:07:07.920+0000] {logging_mixin.py:150} INFO - [2024-08-17T22:07:07.920+0000] {dag.py:3508} INFO - Setting next_dagrun for example_branch_operator to 2024-08-16T00:00:00+00:00, run_after=2024-08-17T00:00:00+00:00
[2024-08-17T22:07:07.949+0000] {processor.py:179} INFO - Processing /home/airflow/.local/lib/python3.7/site-packages/airflow/example_dags/example_branch_operator.py took 0.130 seconds
[2024-08-17T22:07:38.633+0000] {processor.py:157} INFO - Started process (PID=1918) to work on /home/airflow/.local/lib/python3.7/site-packages/airflow/example_dags/example_branch_operator.py
[2024-08-17T22:07:38.634+0000] {processor.py:826} INFO - Processing file /home/airflow/.local/lib/python3.7/site-packages/airflow/example_dags/example_branch_operator.py for tasks to queue
[2024-08-17T22:07:38.635+0000] {logging_mixin.py:150} INFO - [2024-08-17T22:07:38.635+0000] {dagbag.py:541} INFO - Filling up the DagBag from /home/airflow/.local/lib/python3.7/site-packages/airflow/example_dags/example_branch_operator.py
[2024-08-17T22:07:38.647+0000] {processor.py:836} INFO - DAG(s) dict_keys(['example_branch_operator']) retrieved from /home/airflow/.local/lib/python3.7/site-packages/airflow/example_dags/example_branch_operator.py
[2024-08-17T22:07:38.684+0000] {logging_mixin.py:150} INFO - [2024-08-17T22:07:38.684+0000] {dag.py:2742} INFO - Sync 1 DAGs
[2024-08-17T22:07:38.720+0000] {logging_mixin.py:150} INFO - [2024-08-17T22:07:38.719+0000] {dag.py:3508} INFO - Setting next_dagrun for example_branch_operator to 2024-08-16T00:00:00+00:00, run_after=2024-08-17T00:00:00+00:00
[2024-08-17T22:07:38.747+0000] {processor.py:179} INFO - Processing /home/airflow/.local/lib/python3.7/site-packages/airflow/example_dags/example_branch_operator.py took 0.118 seconds
[2024-08-17T22:08:13.022+0000] {processor.py:157} INFO - Started process (PID=2268) to work on /home/airflow/.local/lib/python3.7/site-packages/airflow/example_dags/example_branch_operator.py
[2024-08-17T22:08:13.025+0000] {processor.py:826} INFO - Processing file /home/airflow/.local/lib/python3.7/site-packages/airflow/example_dags/example_branch_operator.py for tasks to queue
[2024-08-17T22:08:13.028+0000] {logging_mixin.py:150} INFO - [2024-08-17T22:08:13.027+0000] {dagbag.py:541} INFO - Filling up the DagBag from /home/airflow/.local/lib/python3.7/site-packages/airflow/example_dags/example_branch_operator.py
[2024-08-17T22:08:13.052+0000] {processor.py:836} INFO - DAG(s) dict_keys(['example_branch_operator']) retrieved from /home/airflow/.local/lib/python3.7/site-packages/airflow/example_dags/example_branch_operator.py
[2024-08-17T22:08:13.107+0000] {logging_mixin.py:150} INFO - [2024-08-17T22:08:13.107+0000] {dag.py:2742} INFO - Sync 1 DAGs
[2024-08-17T22:08:13.154+0000] {logging_mixin.py:150} INFO - [2024-08-17T22:08:13.154+0000] {dag.py:3508} INFO - Setting next_dagrun for example_branch_operator to 2024-08-16T00:00:00+00:00, run_after=2024-08-17T00:00:00+00:00
[2024-08-17T22:08:13.194+0000] {processor.py:179} INFO - Processing /home/airflow/.local/lib/python3.7/site-packages/airflow/example_dags/example_branch_operator.py took 0.179 seconds
[2024-08-17T22:08:43.943+0000] {processor.py:157} INFO - Started process (PID=2526) to work on /home/airflow/.local/lib/python3.7/site-packages/airflow/example_dags/example_branch_operator.py
[2024-08-17T22:08:43.944+0000] {processor.py:826} INFO - Processing file /home/airflow/.local/lib/python3.7/site-packages/airflow/example_dags/example_branch_operator.py for tasks to queue
[2024-08-17T22:08:43.945+0000] {logging_mixin.py:150} INFO - [2024-08-17T22:08:43.945+0000] {dagbag.py:541} INFO - Filling up the DagBag from /home/airflow/.local/lib/python3.7/site-packages/airflow/example_dags/example_branch_operator.py
[2024-08-17T22:08:43.957+0000] {processor.py:836} INFO - DAG(s) dict_keys(['example_branch_operator']) retrieved from /home/airflow/.local/lib/python3.7/site-packages/airflow/example_dags/example_branch_operator.py
[2024-08-17T22:08:43.993+0000] {logging_mixin.py:150} INFO - [2024-08-17T22:08:43.992+0000] {dag.py:2742} INFO - Sync 1 DAGs
[2024-08-17T22:08:44.025+0000] {logging_mixin.py:150} INFO - [2024-08-17T22:08:44.025+0000] {dag.py:3508} INFO - Setting next_dagrun for example_branch_operator to 2024-08-16T00:00:00+00:00, run_after=2024-08-17T00:00:00+00:00
[2024-08-17T22:08:44.058+0000] {processor.py:179} INFO - Processing /home/airflow/.local/lib/python3.7/site-packages/airflow/example_dags/example_branch_operator.py took 0.119 seconds
[2024-08-17T22:09:14.310+0000] {processor.py:157} INFO - Started process (PID=2764) to work on /home/airflow/.local/lib/python3.7/site-packages/airflow/example_dags/example_branch_operator.py
[2024-08-17T22:09:14.311+0000] {processor.py:826} INFO - Processing file /home/airflow/.local/lib/python3.7/site-packages/airflow/example_dags/example_branch_operator.py for tasks to queue
[2024-08-17T22:09:14.312+0000] {logging_mixin.py:150} INFO - [2024-08-17T22:09:14.312+0000] {dagbag.py:541} INFO - Filling up the DagBag from /home/airflow/.local/lib/python3.7/site-packages/airflow/example_dags/example_branch_operator.py
[2024-08-17T22:09:14.324+0000] {processor.py:836} INFO - DAG(s) dict_keys(['example_branch_operator']) retrieved from /home/airflow/.local/lib/python3.7/site-packages/airflow/example_dags/example_branch_operator.py
[2024-08-17T22:09:14.362+0000] {logging_mixin.py:150} INFO - [2024-08-17T22:09:14.362+0000] {dag.py:2742} INFO - Sync 1 DAGs
[2024-08-17T22:09:14.400+0000] {logging_mixin.py:150} INFO - [2024-08-17T22:09:14.399+0000] {dag.py:3508} INFO - Setting next_dagrun for example_branch_operator to 2024-08-16T00:00:00+00:00, run_after=2024-08-17T00:00:00+00:00
[2024-08-17T22:09:14.428+0000] {processor.py:179} INFO - Processing /home/airflow/.local/lib/python3.7/site-packages/airflow/example_dags/example_branch_operator.py took 0.123 seconds
[2024-08-17T22:09:44.801+0000] {processor.py:157} INFO - Started process (PID=3003) to work on /home/airflow/.local/lib/python3.7/site-packages/airflow/example_dags/example_branch_operator.py
[2024-08-17T22:09:44.802+0000] {processor.py:826} INFO - Processing file /home/airflow/.local/lib/python3.7/site-packages/airflow/example_dags/example_branch_operator.py for tasks to queue
[2024-08-17T22:09:44.803+0000] {logging_mixin.py:150} INFO - [2024-08-17T22:09:44.803+0000] {dagbag.py:541} INFO - Filling up the DagBag from /home/airflow/.local/lib/python3.7/site-packages/airflow/example_dags/example_branch_operator.py
[2024-08-17T22:09:44.815+0000] {processor.py:836} INFO - DAG(s) dict_keys(['example_branch_operator']) retrieved from /home/airflow/.local/lib/python3.7/site-packages/airflow/example_dags/example_branch_operator.py
[2024-08-17T22:09:44.847+0000] {logging_mixin.py:150} INFO - [2024-08-17T22:09:44.846+0000] {dag.py:2742} INFO - Sync 1 DAGs
[2024-08-17T22:09:44.879+0000] {logging_mixin.py:150} INFO - [2024-08-17T22:09:44.879+0000] {dag.py:3508} INFO - Setting next_dagrun for example_branch_operator to 2024-08-16T00:00:00+00:00, run_after=2024-08-17T00:00:00+00:00
[2024-08-17T22:09:44.903+0000] {processor.py:179} INFO - Processing /home/airflow/.local/lib/python3.7/site-packages/airflow/example_dags/example_branch_operator.py took 0.105 seconds
[2024-08-17T22:10:15.738+0000] {processor.py:157} INFO - Started process (PID=3240) to work on /home/airflow/.local/lib/python3.7/site-packages/airflow/example_dags/example_branch_operator.py
[2024-08-17T22:10:15.739+0000] {processor.py:826} INFO - Processing file /home/airflow/.local/lib/python3.7/site-packages/airflow/example_dags/example_branch_operator.py for tasks to queue
[2024-08-17T22:10:15.741+0000] {logging_mixin.py:150} INFO - [2024-08-17T22:10:15.740+0000] {dagbag.py:541} INFO - Filling up the DagBag from /home/airflow/.local/lib/python3.7/site-packages/airflow/example_dags/example_branch_operator.py
[2024-08-17T22:10:15.754+0000] {processor.py:836} INFO - DAG(s) dict_keys(['example_branch_operator']) retrieved from /home/airflow/.local/lib/python3.7/site-packages/airflow/example_dags/example_branch_operator.py
[2024-08-17T22:10:15.790+0000] {logging_mixin.py:150} INFO - [2024-08-17T22:10:15.790+0000] {dag.py:2742} INFO - Sync 1 DAGs
[2024-08-17T22:10:15.827+0000] {logging_mixin.py:150} INFO - [2024-08-17T22:10:15.826+0000] {dag.py:3508} INFO - Setting next_dagrun for example_branch_operator to 2024-08-16T00:00:00+00:00, run_after=2024-08-17T00:00:00+00:00
[2024-08-17T22:10:15.857+0000] {processor.py:179} INFO - Processing /home/airflow/.local/lib/python3.7/site-packages/airflow/example_dags/example_branch_operator.py took 0.123 seconds
[2024-08-17T22:10:46.426+0000] {processor.py:157} INFO - Started process (PID=3478) to work on /home/airflow/.local/lib/python3.7/site-packages/airflow/example_dags/example_branch_operator.py
[2024-08-17T22:10:46.427+0000] {processor.py:826} INFO - Processing file /home/airflow/.local/lib/python3.7/site-packages/airflow/example_dags/example_branch_operator.py for tasks to queue
[2024-08-17T22:10:46.428+0000] {logging_mixin.py:150} INFO - [2024-08-17T22:10:46.428+0000] {dagbag.py:541} INFO - Filling up the DagBag from /home/airflow/.local/lib/python3.7/site-packages/airflow/example_dags/example_branch_operator.py
[2024-08-17T22:10:46.439+0000] {processor.py:836} INFO - DAG(s) dict_keys(['example_branch_operator']) retrieved from /home/airflow/.local/lib/python3.7/site-packages/airflow/example_dags/example_branch_operator.py
[2024-08-17T22:10:46.475+0000] {logging_mixin.py:150} INFO - [2024-08-17T22:10:46.474+0000] {dag.py:2742} INFO - Sync 1 DAGs
[2024-08-17T22:10:46.508+0000] {logging_mixin.py:150} INFO - [2024-08-17T22:10:46.508+0000] {dag.py:3508} INFO - Setting next_dagrun for example_branch_operator to 2024-08-16T00:00:00+00:00, run_after=2024-08-17T00:00:00+00:00
[2024-08-17T22:10:46.534+0000] {processor.py:179} INFO - Processing /home/airflow/.local/lib/python3.7/site-packages/airflow/example_dags/example_branch_operator.py took 0.113 seconds
[2024-08-17T22:12:13.910+0000] {processor.py:157} INFO - Started process (PID=251) to work on /home/airflow/.local/lib/python3.7/site-packages/airflow/example_dags/example_branch_operator.py
[2024-08-17T22:12:13.912+0000] {processor.py:826} INFO - Processing file /home/airflow/.local/lib/python3.7/site-packages/airflow/example_dags/example_branch_operator.py for tasks to queue
[2024-08-17T22:12:13.913+0000] {logging_mixin.py:150} INFO - [2024-08-17T22:12:13.913+0000] {dagbag.py:541} INFO - Filling up the DagBag from /home/airflow/.local/lib/python3.7/site-packages/airflow/example_dags/example_branch_operator.py
[2024-08-17T22:12:13.931+0000] {processor.py:836} INFO - DAG(s) dict_keys(['example_branch_operator']) retrieved from /home/airflow/.local/lib/python3.7/site-packages/airflow/example_dags/example_branch_operator.py
[2024-08-17T22:12:13.972+0000] {logging_mixin.py:150} INFO - [2024-08-17T22:12:13.972+0000] {dag.py:2742} INFO - Sync 1 DAGs
[2024-08-17T22:12:14.024+0000] {logging_mixin.py:150} INFO - [2024-08-17T22:12:14.024+0000] {dag.py:3508} INFO - Setting next_dagrun for example_branch_operator to 2024-08-16T00:00:00+00:00, run_after=2024-08-17T00:00:00+00:00
[2024-08-17T22:12:14.054+0000] {processor.py:179} INFO - Processing /home/airflow/.local/lib/python3.7/site-packages/airflow/example_dags/example_branch_operator.py took 0.148 seconds
[2024-08-17T22:12:44.861+0000] {processor.py:157} INFO - Started process (PID=489) to work on /home/airflow/.local/lib/python3.7/site-packages/airflow/example_dags/example_branch_operator.py
[2024-08-17T22:12:44.862+0000] {processor.py:826} INFO - Processing file /home/airflow/.local/lib/python3.7/site-packages/airflow/example_dags/example_branch_operator.py for tasks to queue
[2024-08-17T22:12:44.863+0000] {logging_mixin.py:150} INFO - [2024-08-17T22:12:44.863+0000] {dagbag.py:541} INFO - Filling up the DagBag from /home/airflow/.local/lib/python3.7/site-packages/airflow/example_dags/example_branch_operator.py
[2024-08-17T22:12:44.876+0000] {processor.py:836} INFO - DAG(s) dict_keys(['example_branch_operator']) retrieved from /home/airflow/.local/lib/python3.7/site-packages/airflow/example_dags/example_branch_operator.py
[2024-08-17T22:12:44.911+0000] {logging_mixin.py:150} INFO - [2024-08-17T22:12:44.910+0000] {dag.py:2742} INFO - Sync 1 DAGs
[2024-08-17T22:12:44.948+0000] {logging_mixin.py:150} INFO - [2024-08-17T22:12:44.948+0000] {dag.py:3508} INFO - Setting next_dagrun for example_branch_operator to 2024-08-16T00:00:00+00:00, run_after=2024-08-17T00:00:00+00:00
[2024-08-17T22:12:44.982+0000] {processor.py:179} INFO - Processing /home/airflow/.local/lib/python3.7/site-packages/airflow/example_dags/example_branch_operator.py took 0.125 seconds
[2024-08-17T22:13:15.181+0000] {processor.py:157} INFO - Started process (PID=727) to work on /home/airflow/.local/lib/python3.7/site-packages/airflow/example_dags/example_branch_operator.py
[2024-08-17T22:13:15.183+0000] {processor.py:826} INFO - Processing file /home/airflow/.local/lib/python3.7/site-packages/airflow/example_dags/example_branch_operator.py for tasks to queue
[2024-08-17T22:13:15.185+0000] {logging_mixin.py:150} INFO - [2024-08-17T22:13:15.184+0000] {dagbag.py:541} INFO - Filling up the DagBag from /home/airflow/.local/lib/python3.7/site-packages/airflow/example_dags/example_branch_operator.py
[2024-08-17T22:13:15.196+0000] {processor.py:836} INFO - DAG(s) dict_keys(['example_branch_operator']) retrieved from /home/airflow/.local/lib/python3.7/site-packages/airflow/example_dags/example_branch_operator.py
[2024-08-17T22:13:15.239+0000] {logging_mixin.py:150} INFO - [2024-08-17T22:13:15.239+0000] {dag.py:2742} INFO - Sync 1 DAGs
[2024-08-17T22:13:15.273+0000] {logging_mixin.py:150} INFO - [2024-08-17T22:13:15.272+0000] {dag.py:3508} INFO - Setting next_dagrun for example_branch_operator to 2024-08-16T00:00:00+00:00, run_after=2024-08-17T00:00:00+00:00
[2024-08-17T22:13:15.298+0000] {processor.py:179} INFO - Processing /home/airflow/.local/lib/python3.7/site-packages/airflow/example_dags/example_branch_operator.py took 0.121 seconds
[2024-08-17T22:13:45.711+0000] {processor.py:157} INFO - Started process (PID=965) to work on /home/airflow/.local/lib/python3.7/site-packages/airflow/example_dags/example_branch_operator.py
[2024-08-17T22:13:45.712+0000] {processor.py:826} INFO - Processing file /home/airflow/.local/lib/python3.7/site-packages/airflow/example_dags/example_branch_operator.py for tasks to queue
[2024-08-17T22:13:45.713+0000] {logging_mixin.py:150} INFO - [2024-08-17T22:13:45.713+0000] {dagbag.py:541} INFO - Filling up the DagBag from /home/airflow/.local/lib/python3.7/site-packages/airflow/example_dags/example_branch_operator.py
[2024-08-17T22:13:45.730+0000] {processor.py:836} INFO - DAG(s) dict_keys(['example_branch_operator']) retrieved from /home/airflow/.local/lib/python3.7/site-packages/airflow/example_dags/example_branch_operator.py
[2024-08-17T22:13:45.764+0000] {logging_mixin.py:150} INFO - [2024-08-17T22:13:45.764+0000] {dag.py:2742} INFO - Sync 1 DAGs
[2024-08-17T22:13:45.798+0000] {logging_mixin.py:150} INFO - [2024-08-17T22:13:45.798+0000] {dag.py:3508} INFO - Setting next_dagrun for example_branch_operator to 2024-08-16T00:00:00+00:00, run_after=2024-08-17T00:00:00+00:00
[2024-08-17T22:13:45.824+0000] {processor.py:179} INFO - Processing /home/airflow/.local/lib/python3.7/site-packages/airflow/example_dags/example_branch_operator.py took 0.118 seconds
[2024-08-17T22:14:16.068+0000] {processor.py:157} INFO - Started process (PID=1203) to work on /home/airflow/.local/lib/python3.7/site-packages/airflow/example_dags/example_branch_operator.py
[2024-08-17T22:14:16.069+0000] {processor.py:826} INFO - Processing file /home/airflow/.local/lib/python3.7/site-packages/airflow/example_dags/example_branch_operator.py for tasks to queue
[2024-08-17T22:14:16.071+0000] {logging_mixin.py:150} INFO - [2024-08-17T22:14:16.071+0000] {dagbag.py:541} INFO - Filling up the DagBag from /home/airflow/.local/lib/python3.7/site-packages/airflow/example_dags/example_branch_operator.py
[2024-08-17T22:14:16.084+0000] {processor.py:836} INFO - DAG(s) dict_keys(['example_branch_operator']) retrieved from /home/airflow/.local/lib/python3.7/site-packages/airflow/example_dags/example_branch_operator.py
[2024-08-17T22:14:16.128+0000] {logging_mixin.py:150} INFO - [2024-08-17T22:14:16.128+0000] {dag.py:2742} INFO - Sync 1 DAGs
[2024-08-17T22:14:16.169+0000] {logging_mixin.py:150} INFO - [2024-08-17T22:14:16.169+0000] {dag.py:3508} INFO - Setting next_dagrun for example_branch_operator to 2024-08-16T00:00:00+00:00, run_after=2024-08-17T00:00:00+00:00
[2024-08-17T22:14:16.198+0000] {processor.py:179} INFO - Processing /home/airflow/.local/lib/python3.7/site-packages/airflow/example_dags/example_branch_operator.py took 0.135 seconds
[2024-08-17T22:14:47.744+0000] {processor.py:157} INFO - Started process (PID=1441) to work on /home/airflow/.local/lib/python3.7/site-packages/airflow/example_dags/example_branch_operator.py
[2024-08-17T22:14:47.746+0000] {processor.py:826} INFO - Processing file /home/airflow/.local/lib/python3.7/site-packages/airflow/example_dags/example_branch_operator.py for tasks to queue
[2024-08-17T22:14:47.748+0000] {logging_mixin.py:150} INFO - [2024-08-17T22:14:47.747+0000] {dagbag.py:541} INFO - Filling up the DagBag from /home/airflow/.local/lib/python3.7/site-packages/airflow/example_dags/example_branch_operator.py
[2024-08-17T22:14:47.767+0000] {processor.py:836} INFO - DAG(s) dict_keys(['example_branch_operator']) retrieved from /home/airflow/.local/lib/python3.7/site-packages/airflow/example_dags/example_branch_operator.py
[2024-08-17T22:14:47.891+0000] {logging_mixin.py:150} INFO - [2024-08-17T22:14:47.890+0000] {dag.py:2742} INFO - Sync 1 DAGs
[2024-08-17T22:14:47.956+0000] {logging_mixin.py:150} INFO - [2024-08-17T22:14:47.956+0000] {dag.py:3508} INFO - Setting next_dagrun for example_branch_operator to 2024-08-16T00:00:00+00:00, run_after=2024-08-17T00:00:00+00:00
[2024-08-17T22:14:48.004+0000] {processor.py:179} INFO - Processing /home/airflow/.local/lib/python3.7/site-packages/airflow/example_dags/example_branch_operator.py took 0.265 seconds
[2024-08-17T22:15:18.454+0000] {processor.py:157} INFO - Started process (PID=1679) to work on /home/airflow/.local/lib/python3.7/site-packages/airflow/example_dags/example_branch_operator.py
[2024-08-17T22:15:18.455+0000] {processor.py:826} INFO - Processing file /home/airflow/.local/lib/python3.7/site-packages/airflow/example_dags/example_branch_operator.py for tasks to queue
[2024-08-17T22:15:18.457+0000] {logging_mixin.py:150} INFO - [2024-08-17T22:15:18.456+0000] {dagbag.py:541} INFO - Filling up the DagBag from /home/airflow/.local/lib/python3.7/site-packages/airflow/example_dags/example_branch_operator.py
[2024-08-17T22:15:18.469+0000] {processor.py:836} INFO - DAG(s) dict_keys(['example_branch_operator']) retrieved from /home/airflow/.local/lib/python3.7/site-packages/airflow/example_dags/example_branch_operator.py
[2024-08-17T22:15:18.501+0000] {logging_mixin.py:150} INFO - [2024-08-17T22:15:18.501+0000] {dag.py:2742} INFO - Sync 1 DAGs
[2024-08-17T22:15:18.533+0000] {logging_mixin.py:150} INFO - [2024-08-17T22:15:18.533+0000] {dag.py:3508} INFO - Setting next_dagrun for example_branch_operator to 2024-08-16T00:00:00+00:00, run_after=2024-08-17T00:00:00+00:00
[2024-08-17T22:15:18.557+0000] {processor.py:179} INFO - Processing /home/airflow/.local/lib/python3.7/site-packages/airflow/example_dags/example_branch_operator.py took 0.107 seconds
[2024-08-17T22:15:48.710+0000] {processor.py:157} INFO - Started process (PID=1917) to work on /home/airflow/.local/lib/python3.7/site-packages/airflow/example_dags/example_branch_operator.py
[2024-08-17T22:15:48.711+0000] {processor.py:826} INFO - Processing file /home/airflow/.local/lib/python3.7/site-packages/airflow/example_dags/example_branch_operator.py for tasks to queue
[2024-08-17T22:15:48.712+0000] {logging_mixin.py:150} INFO - [2024-08-17T22:15:48.712+0000] {dagbag.py:541} INFO - Filling up the DagBag from /home/airflow/.local/lib/python3.7/site-packages/airflow/example_dags/example_branch_operator.py
[2024-08-17T22:15:48.724+0000] {processor.py:836} INFO - DAG(s) dict_keys(['example_branch_operator']) retrieved from /home/airflow/.local/lib/python3.7/site-packages/airflow/example_dags/example_branch_operator.py
[2024-08-17T22:15:48.757+0000] {logging_mixin.py:150} INFO - [2024-08-17T22:15:48.756+0000] {dag.py:2742} INFO - Sync 1 DAGs
[2024-08-17T22:15:48.790+0000] {logging_mixin.py:150} INFO - [2024-08-17T22:15:48.790+0000] {dag.py:3508} INFO - Setting next_dagrun for example_branch_operator to 2024-08-16T00:00:00+00:00, run_after=2024-08-17T00:00:00+00:00
[2024-08-17T22:15:48.814+0000] {processor.py:179} INFO - Processing /home/airflow/.local/lib/python3.7/site-packages/airflow/example_dags/example_branch_operator.py took 0.107 seconds
[2024-08-17T22:16:18.932+0000] {processor.py:157} INFO - Started process (PID=2155) to work on /home/airflow/.local/lib/python3.7/site-packages/airflow/example_dags/example_branch_operator.py
[2024-08-17T22:16:18.933+0000] {processor.py:826} INFO - Processing file /home/airflow/.local/lib/python3.7/site-packages/airflow/example_dags/example_branch_operator.py for tasks to queue
[2024-08-17T22:16:18.934+0000] {logging_mixin.py:150} INFO - [2024-08-17T22:16:18.934+0000] {dagbag.py:541} INFO - Filling up the DagBag from /home/airflow/.local/lib/python3.7/site-packages/airflow/example_dags/example_branch_operator.py
[2024-08-17T22:16:18.946+0000] {processor.py:836} INFO - DAG(s) dict_keys(['example_branch_operator']) retrieved from /home/airflow/.local/lib/python3.7/site-packages/airflow/example_dags/example_branch_operator.py
[2024-08-17T22:16:18.981+0000] {logging_mixin.py:150} INFO - [2024-08-17T22:16:18.981+0000] {dag.py:2742} INFO - Sync 1 DAGs
[2024-08-17T22:16:19.064+0000] {logging_mixin.py:150} INFO - [2024-08-17T22:16:19.064+0000] {dag.py:3508} INFO - Setting next_dagrun for example_branch_operator to 2024-08-16T00:00:00+00:00, run_after=2024-08-17T00:00:00+00:00
[2024-08-17T22:16:19.090+0000] {processor.py:179} INFO - Processing /home/airflow/.local/lib/python3.7/site-packages/airflow/example_dags/example_branch_operator.py took 0.162 seconds
