[2024-08-17T22:03:59.839+0000] {processor.py:157} INFO - Started process (PID=312) to work on /home/airflow/.local/lib/python3.7/site-packages/airflow/example_dags/example_task_group_decorator.py
[2024-08-17T22:03:59.840+0000] {processor.py:826} INFO - Processing file /home/airflow/.local/lib/python3.7/site-packages/airflow/example_dags/example_task_group_decorator.py for tasks to queue
[2024-08-17T22:03:59.842+0000] {logging_mixin.py:150} INFO - [2024-08-17T22:03:59.841+0000] {dagbag.py:541} INFO - Filling up the DagBag from /home/airflow/.local/lib/python3.7/site-packages/airflow/example_dags/example_task_group_decorator.py
[2024-08-17T22:03:59.873+0000] {processor.py:836} INFO - DAG(s) dict_keys(['example_task_group_decorator']) retrieved from /home/airflow/.local/lib/python3.7/site-packages/airflow/example_dags/example_task_group_decorator.py
[2024-08-17T22:03:59.896+0000] {logging_mixin.py:150} INFO - [2024-08-17T22:03:59.896+0000] {dag.py:2742} INFO - Sync 1 DAGs
[2024-08-17T22:03:59.923+0000] {logging_mixin.py:150} INFO - [2024-08-17T22:03:59.923+0000] {dag.py:2763} INFO - Creating ORM DAG for example_task_group_decorator
[2024-08-17T22:03:59.939+0000] {logging_mixin.py:150} INFO - [2024-08-17T22:03:59.939+0000] {dag.py:3508} INFO - Setting next_dagrun for example_task_group_decorator to 2024-08-16T22:03:59.939013+00:00, run_after=2024-08-17T22:03:59.939013+00:00
[2024-08-17T22:03:59.970+0000] {processor.py:179} INFO - Processing /home/airflow/.local/lib/python3.7/site-packages/airflow/example_dags/example_task_group_decorator.py took 0.136 seconds
[2024-08-17T22:04:30.436+0000] {processor.py:157} INFO - Started process (PID=545) to work on /home/airflow/.local/lib/python3.7/site-packages/airflow/example_dags/example_task_group_decorator.py
[2024-08-17T22:04:30.439+0000] {processor.py:826} INFO - Processing file /home/airflow/.local/lib/python3.7/site-packages/airflow/example_dags/example_task_group_decorator.py for tasks to queue
[2024-08-17T22:04:30.441+0000] {logging_mixin.py:150} INFO - [2024-08-17T22:04:30.440+0000] {dagbag.py:541} INFO - Filling up the DagBag from /home/airflow/.local/lib/python3.7/site-packages/airflow/example_dags/example_task_group_decorator.py
[2024-08-17T22:04:30.463+0000] {processor.py:836} INFO - DAG(s) dict_keys(['example_task_group_decorator']) retrieved from /home/airflow/.local/lib/python3.7/site-packages/airflow/example_dags/example_task_group_decorator.py
[2024-08-17T22:04:30.504+0000] {logging_mixin.py:150} INFO - [2024-08-17T22:04:30.504+0000] {dag.py:2742} INFO - Sync 1 DAGs
[2024-08-17T22:04:30.541+0000] {logging_mixin.py:150} INFO - [2024-08-17T22:04:30.541+0000] {dag.py:3508} INFO - Setting next_dagrun for example_task_group_decorator to 2024-08-16T22:04:30.541070+00:00, run_after=2024-08-17T22:04:30.541070+00:00
[2024-08-17T22:04:30.573+0000] {processor.py:179} INFO - Processing /home/airflow/.local/lib/python3.7/site-packages/airflow/example_dags/example_task_group_decorator.py took 0.141 seconds
[2024-08-17T22:05:01.079+0000] {processor.py:157} INFO - Started process (PID=783) to work on /home/airflow/.local/lib/python3.7/site-packages/airflow/example_dags/example_task_group_decorator.py
[2024-08-17T22:05:01.082+0000] {processor.py:826} INFO - Processing file /home/airflow/.local/lib/python3.7/site-packages/airflow/example_dags/example_task_group_decorator.py for tasks to queue
[2024-08-17T22:05:01.083+0000] {logging_mixin.py:150} INFO - [2024-08-17T22:05:01.083+0000] {dagbag.py:541} INFO - Filling up the DagBag from /home/airflow/.local/lib/python3.7/site-packages/airflow/example_dags/example_task_group_decorator.py
[2024-08-17T22:05:01.117+0000] {processor.py:836} INFO - DAG(s) dict_keys(['example_task_group_decorator']) retrieved from /home/airflow/.local/lib/python3.7/site-packages/airflow/example_dags/example_task_group_decorator.py
[2024-08-17T22:05:01.181+0000] {logging_mixin.py:150} INFO - [2024-08-17T22:05:01.181+0000] {dag.py:2742} INFO - Sync 1 DAGs
[2024-08-17T22:05:01.241+0000] {logging_mixin.py:150} INFO - [2024-08-17T22:05:01.241+0000] {dag.py:3508} INFO - Setting next_dagrun for example_task_group_decorator to 2024-08-16T22:05:01.240838+00:00, run_after=2024-08-17T22:05:01.240838+00:00
[2024-08-17T22:05:01.283+0000] {processor.py:179} INFO - Processing /home/airflow/.local/lib/python3.7/site-packages/airflow/example_dags/example_task_group_decorator.py took 0.211 seconds
[2024-08-17T22:05:37.865+0000] {processor.py:157} INFO - Started process (PID=1021) to work on /home/airflow/.local/lib/python3.7/site-packages/airflow/example_dags/example_task_group_decorator.py
[2024-08-17T22:05:37.872+0000] {processor.py:826} INFO - Processing file /home/airflow/.local/lib/python3.7/site-packages/airflow/example_dags/example_task_group_decorator.py for tasks to queue
[2024-08-17T22:05:37.875+0000] {logging_mixin.py:150} INFO - [2024-08-17T22:05:37.874+0000] {dagbag.py:541} INFO - Filling up the DagBag from /home/airflow/.local/lib/python3.7/site-packages/airflow/example_dags/example_task_group_decorator.py
[2024-08-17T22:05:38.003+0000] {processor.py:836} INFO - DAG(s) dict_keys(['example_task_group_decorator']) retrieved from /home/airflow/.local/lib/python3.7/site-packages/airflow/example_dags/example_task_group_decorator.py
[2024-08-17T22:05:38.081+0000] {logging_mixin.py:150} INFO - [2024-08-17T22:05:38.080+0000] {dag.py:2742} INFO - Sync 1 DAGs
[2024-08-17T22:05:38.219+0000] {logging_mixin.py:150} INFO - [2024-08-17T22:05:38.219+0000] {dag.py:3508} INFO - Setting next_dagrun for example_task_group_decorator to 2024-08-16T22:05:38.218465+00:00, run_after=2024-08-17T22:05:38.218465+00:00
[2024-08-17T22:05:38.282+0000] {processor.py:179} INFO - Processing /home/airflow/.local/lib/python3.7/site-packages/airflow/example_dags/example_task_group_decorator.py took 0.478 seconds
[2024-08-17T22:06:08.353+0000] {processor.py:157} INFO - Started process (PID=1259) to work on /home/airflow/.local/lib/python3.7/site-packages/airflow/example_dags/example_task_group_decorator.py
[2024-08-17T22:06:08.355+0000] {processor.py:826} INFO - Processing file /home/airflow/.local/lib/python3.7/site-packages/airflow/example_dags/example_task_group_decorator.py for tasks to queue
[2024-08-17T22:06:08.358+0000] {logging_mixin.py:150} INFO - [2024-08-17T22:06:08.357+0000] {dagbag.py:541} INFO - Filling up the DagBag from /home/airflow/.local/lib/python3.7/site-packages/airflow/example_dags/example_task_group_decorator.py
[2024-08-17T22:06:08.391+0000] {processor.py:836} INFO - DAG(s) dict_keys(['example_task_group_decorator']) retrieved from /home/airflow/.local/lib/python3.7/site-packages/airflow/example_dags/example_task_group_decorator.py
[2024-08-17T22:06:08.437+0000] {logging_mixin.py:150} INFO - [2024-08-17T22:06:08.437+0000] {dag.py:2742} INFO - Sync 1 DAGs
[2024-08-17T22:06:08.475+0000] {logging_mixin.py:150} INFO - [2024-08-17T22:06:08.475+0000] {dag.py:3508} INFO - Setting next_dagrun for example_task_group_decorator to 2024-08-16T22:06:08.475409+00:00, run_after=2024-08-17T22:06:08.475409+00:00
[2024-08-17T22:06:08.502+0000] {processor.py:179} INFO - Processing /home/airflow/.local/lib/python3.7/site-packages/airflow/example_dags/example_task_group_decorator.py took 0.156 seconds
[2024-08-17T22:06:38.729+0000] {processor.py:157} INFO - Started process (PID=1497) to work on /home/airflow/.local/lib/python3.7/site-packages/airflow/example_dags/example_task_group_decorator.py
[2024-08-17T22:06:38.731+0000] {processor.py:826} INFO - Processing file /home/airflow/.local/lib/python3.7/site-packages/airflow/example_dags/example_task_group_decorator.py for tasks to queue
[2024-08-17T22:06:38.734+0000] {logging_mixin.py:150} INFO - [2024-08-17T22:06:38.734+0000] {dagbag.py:541} INFO - Filling up the DagBag from /home/airflow/.local/lib/python3.7/site-packages/airflow/example_dags/example_task_group_decorator.py
[2024-08-17T22:06:38.758+0000] {processor.py:836} INFO - DAG(s) dict_keys(['example_task_group_decorator']) retrieved from /home/airflow/.local/lib/python3.7/site-packages/airflow/example_dags/example_task_group_decorator.py
[2024-08-17T22:06:38.799+0000] {logging_mixin.py:150} INFO - [2024-08-17T22:06:38.798+0000] {dag.py:2742} INFO - Sync 1 DAGs
[2024-08-17T22:06:38.832+0000] {logging_mixin.py:150} INFO - [2024-08-17T22:06:38.832+0000] {dag.py:3508} INFO - Setting next_dagrun for example_task_group_decorator to 2024-08-16T22:06:38.832124+00:00, run_after=2024-08-17T22:06:38.832124+00:00
[2024-08-17T22:06:38.856+0000] {processor.py:179} INFO - Processing /home/airflow/.local/lib/python3.7/site-packages/airflow/example_dags/example_task_group_decorator.py took 0.132 seconds
[2024-08-17T22:07:09.071+0000] {processor.py:157} INFO - Started process (PID=1735) to work on /home/airflow/.local/lib/python3.7/site-packages/airflow/example_dags/example_task_group_decorator.py
[2024-08-17T22:07:09.073+0000] {processor.py:826} INFO - Processing file /home/airflow/.local/lib/python3.7/site-packages/airflow/example_dags/example_task_group_decorator.py for tasks to queue
[2024-08-17T22:07:09.074+0000] {logging_mixin.py:150} INFO - [2024-08-17T22:07:09.074+0000] {dagbag.py:541} INFO - Filling up the DagBag from /home/airflow/.local/lib/python3.7/site-packages/airflow/example_dags/example_task_group_decorator.py
[2024-08-17T22:07:09.096+0000] {processor.py:836} INFO - DAG(s) dict_keys(['example_task_group_decorator']) retrieved from /home/airflow/.local/lib/python3.7/site-packages/airflow/example_dags/example_task_group_decorator.py
[2024-08-17T22:07:09.132+0000] {logging_mixin.py:150} INFO - [2024-08-17T22:07:09.132+0000] {dag.py:2742} INFO - Sync 1 DAGs
[2024-08-17T22:07:09.165+0000] {logging_mixin.py:150} INFO - [2024-08-17T22:07:09.164+0000] {dag.py:3508} INFO - Setting next_dagrun for example_task_group_decorator to 2024-08-16T22:07:09.164493+00:00, run_after=2024-08-17T22:07:09.164493+00:00
[2024-08-17T22:07:09.191+0000] {processor.py:179} INFO - Processing /home/airflow/.local/lib/python3.7/site-packages/airflow/example_dags/example_task_group_decorator.py took 0.125 seconds
[2024-08-17T22:07:39.713+0000] {processor.py:157} INFO - Started process (PID=1975) to work on /home/airflow/.local/lib/python3.7/site-packages/airflow/example_dags/example_task_group_decorator.py
[2024-08-17T22:07:39.714+0000] {processor.py:826} INFO - Processing file /home/airflow/.local/lib/python3.7/site-packages/airflow/example_dags/example_task_group_decorator.py for tasks to queue
[2024-08-17T22:07:39.716+0000] {logging_mixin.py:150} INFO - [2024-08-17T22:07:39.715+0000] {dagbag.py:541} INFO - Filling up the DagBag from /home/airflow/.local/lib/python3.7/site-packages/airflow/example_dags/example_task_group_decorator.py
[2024-08-17T22:07:39.737+0000] {processor.py:836} INFO - DAG(s) dict_keys(['example_task_group_decorator']) retrieved from /home/airflow/.local/lib/python3.7/site-packages/airflow/example_dags/example_task_group_decorator.py
[2024-08-17T22:07:39.775+0000] {logging_mixin.py:150} INFO - [2024-08-17T22:07:39.775+0000] {dag.py:2742} INFO - Sync 1 DAGs
[2024-08-17T22:07:39.806+0000] {logging_mixin.py:150} INFO - [2024-08-17T22:07:39.806+0000] {dag.py:3508} INFO - Setting next_dagrun for example_task_group_decorator to 2024-08-16T22:07:39.806144+00:00, run_after=2024-08-17T22:07:39.806144+00:00
[2024-08-17T22:07:39.830+0000] {processor.py:179} INFO - Processing /home/airflow/.local/lib/python3.7/site-packages/airflow/example_dags/example_task_group_decorator.py took 0.120 seconds
[2024-08-17T22:08:14.970+0000] {processor.py:157} INFO - Started process (PID=2337) to work on /home/airflow/.local/lib/python3.7/site-packages/airflow/example_dags/example_task_group_decorator.py
[2024-08-17T22:08:14.976+0000] {processor.py:826} INFO - Processing file /home/airflow/.local/lib/python3.7/site-packages/airflow/example_dags/example_task_group_decorator.py for tasks to queue
[2024-08-17T22:08:14.978+0000] {logging_mixin.py:150} INFO - [2024-08-17T22:08:14.978+0000] {dagbag.py:541} INFO - Filling up the DagBag from /home/airflow/.local/lib/python3.7/site-packages/airflow/example_dags/example_task_group_decorator.py
[2024-08-17T22:08:15.016+0000] {processor.py:836} INFO - DAG(s) dict_keys(['example_task_group_decorator']) retrieved from /home/airflow/.local/lib/python3.7/site-packages/airflow/example_dags/example_task_group_decorator.py
[2024-08-17T22:08:15.079+0000] {logging_mixin.py:150} INFO - [2024-08-17T22:08:15.079+0000] {dag.py:2742} INFO - Sync 1 DAGs
[2024-08-17T22:08:15.134+0000] {logging_mixin.py:150} INFO - [2024-08-17T22:08:15.134+0000] {dag.py:3508} INFO - Setting next_dagrun for example_task_group_decorator to 2024-08-16T22:08:15.134081+00:00, run_after=2024-08-17T22:08:15.134081+00:00
[2024-08-17T22:08:15.177+0000] {processor.py:179} INFO - Processing /home/airflow/.local/lib/python3.7/site-packages/airflow/example_dags/example_task_group_decorator.py took 0.224 seconds
[2024-08-17T22:08:45.838+0000] {processor.py:157} INFO - Started process (PID=2583) to work on /home/airflow/.local/lib/python3.7/site-packages/airflow/example_dags/example_task_group_decorator.py
[2024-08-17T22:08:45.839+0000] {processor.py:826} INFO - Processing file /home/airflow/.local/lib/python3.7/site-packages/airflow/example_dags/example_task_group_decorator.py for tasks to queue
[2024-08-17T22:08:45.841+0000] {logging_mixin.py:150} INFO - [2024-08-17T22:08:45.840+0000] {dagbag.py:541} INFO - Filling up the DagBag from /home/airflow/.local/lib/python3.7/site-packages/airflow/example_dags/example_task_group_decorator.py
[2024-08-17T22:08:45.866+0000] {processor.py:836} INFO - DAG(s) dict_keys(['example_task_group_decorator']) retrieved from /home/airflow/.local/lib/python3.7/site-packages/airflow/example_dags/example_task_group_decorator.py
[2024-08-17T22:08:45.917+0000] {logging_mixin.py:150} INFO - [2024-08-17T22:08:45.916+0000] {dag.py:2742} INFO - Sync 1 DAGs
[2024-08-17T22:08:45.950+0000] {logging_mixin.py:150} INFO - [2024-08-17T22:08:45.950+0000] {dag.py:3508} INFO - Setting next_dagrun for example_task_group_decorator to 2024-08-16T22:08:45.950449+00:00, run_after=2024-08-17T22:08:45.950449+00:00
[2024-08-17T22:08:45.983+0000] {processor.py:179} INFO - Processing /home/airflow/.local/lib/python3.7/site-packages/airflow/example_dags/example_task_group_decorator.py took 0.149 seconds
[2024-08-17T22:09:16.219+0000] {processor.py:157} INFO - Started process (PID=2821) to work on /home/airflow/.local/lib/python3.7/site-packages/airflow/example_dags/example_task_group_decorator.py
[2024-08-17T22:09:16.220+0000] {processor.py:826} INFO - Processing file /home/airflow/.local/lib/python3.7/site-packages/airflow/example_dags/example_task_group_decorator.py for tasks to queue
[2024-08-17T22:09:16.221+0000] {logging_mixin.py:150} INFO - [2024-08-17T22:09:16.221+0000] {dagbag.py:541} INFO - Filling up the DagBag from /home/airflow/.local/lib/python3.7/site-packages/airflow/example_dags/example_task_group_decorator.py
[2024-08-17T22:09:16.240+0000] {processor.py:836} INFO - DAG(s) dict_keys(['example_task_group_decorator']) retrieved from /home/airflow/.local/lib/python3.7/site-packages/airflow/example_dags/example_task_group_decorator.py
[2024-08-17T22:09:16.280+0000] {logging_mixin.py:150} INFO - [2024-08-17T22:09:16.280+0000] {dag.py:2742} INFO - Sync 1 DAGs
[2024-08-17T22:09:16.313+0000] {logging_mixin.py:150} INFO - [2024-08-17T22:09:16.313+0000] {dag.py:3508} INFO - Setting next_dagrun for example_task_group_decorator to 2024-08-16T22:09:16.313322+00:00, run_after=2024-08-17T22:09:16.313322+00:00
[2024-08-17T22:09:16.343+0000] {processor.py:179} INFO - Processing /home/airflow/.local/lib/python3.7/site-packages/airflow/example_dags/example_task_group_decorator.py took 0.128 seconds
[2024-08-17T22:09:46.626+0000] {processor.py:157} INFO - Started process (PID=3059) to work on /home/airflow/.local/lib/python3.7/site-packages/airflow/example_dags/example_task_group_decorator.py
[2024-08-17T22:09:46.627+0000] {processor.py:826} INFO - Processing file /home/airflow/.local/lib/python3.7/site-packages/airflow/example_dags/example_task_group_decorator.py for tasks to queue
[2024-08-17T22:09:46.628+0000] {logging_mixin.py:150} INFO - [2024-08-17T22:09:46.628+0000] {dagbag.py:541} INFO - Filling up the DagBag from /home/airflow/.local/lib/python3.7/site-packages/airflow/example_dags/example_task_group_decorator.py
[2024-08-17T22:09:46.648+0000] {processor.py:836} INFO - DAG(s) dict_keys(['example_task_group_decorator']) retrieved from /home/airflow/.local/lib/python3.7/site-packages/airflow/example_dags/example_task_group_decorator.py
[2024-08-17T22:09:46.685+0000] {logging_mixin.py:150} INFO - [2024-08-17T22:09:46.685+0000] {dag.py:2742} INFO - Sync 1 DAGs
[2024-08-17T22:09:46.715+0000] {logging_mixin.py:150} INFO - [2024-08-17T22:09:46.715+0000] {dag.py:3508} INFO - Setting next_dagrun for example_task_group_decorator to 2024-08-16T22:09:46.715326+00:00, run_after=2024-08-17T22:09:46.715326+00:00
[2024-08-17T22:09:46.744+0000] {processor.py:179} INFO - Processing /home/airflow/.local/lib/python3.7/site-packages/airflow/example_dags/example_task_group_decorator.py took 0.122 seconds
[2024-08-17T22:10:17.636+0000] {processor.py:157} INFO - Started process (PID=3297) to work on /home/airflow/.local/lib/python3.7/site-packages/airflow/example_dags/example_task_group_decorator.py
[2024-08-17T22:10:17.637+0000] {processor.py:826} INFO - Processing file /home/airflow/.local/lib/python3.7/site-packages/airflow/example_dags/example_task_group_decorator.py for tasks to queue
[2024-08-17T22:10:17.638+0000] {logging_mixin.py:150} INFO - [2024-08-17T22:10:17.638+0000] {dagbag.py:541} INFO - Filling up the DagBag from /home/airflow/.local/lib/python3.7/site-packages/airflow/example_dags/example_task_group_decorator.py
[2024-08-17T22:10:17.660+0000] {processor.py:836} INFO - DAG(s) dict_keys(['example_task_group_decorator']) retrieved from /home/airflow/.local/lib/python3.7/site-packages/airflow/example_dags/example_task_group_decorator.py
[2024-08-17T22:10:17.701+0000] {logging_mixin.py:150} INFO - [2024-08-17T22:10:17.701+0000] {dag.py:2742} INFO - Sync 1 DAGs
[2024-08-17T22:10:17.734+0000] {logging_mixin.py:150} INFO - [2024-08-17T22:10:17.734+0000] {dag.py:3508} INFO - Setting next_dagrun for example_task_group_decorator to 2024-08-16T22:10:17.733806+00:00, run_after=2024-08-17T22:10:17.733806+00:00
[2024-08-17T22:10:17.762+0000] {processor.py:179} INFO - Processing /home/airflow/.local/lib/python3.7/site-packages/airflow/example_dags/example_task_group_decorator.py took 0.130 seconds
[2024-08-17T22:10:48.320+0000] {processor.py:157} INFO - Started process (PID=3535) to work on /home/airflow/.local/lib/python3.7/site-packages/airflow/example_dags/example_task_group_decorator.py
[2024-08-17T22:10:48.324+0000] {processor.py:826} INFO - Processing file /home/airflow/.local/lib/python3.7/site-packages/airflow/example_dags/example_task_group_decorator.py for tasks to queue
[2024-08-17T22:10:48.325+0000] {logging_mixin.py:150} INFO - [2024-08-17T22:10:48.325+0000] {dagbag.py:541} INFO - Filling up the DagBag from /home/airflow/.local/lib/python3.7/site-packages/airflow/example_dags/example_task_group_decorator.py
[2024-08-17T22:10:48.353+0000] {processor.py:836} INFO - DAG(s) dict_keys(['example_task_group_decorator']) retrieved from /home/airflow/.local/lib/python3.7/site-packages/airflow/example_dags/example_task_group_decorator.py
[2024-08-17T22:10:48.393+0000] {logging_mixin.py:150} INFO - [2024-08-17T22:10:48.393+0000] {dag.py:2742} INFO - Sync 1 DAGs
[2024-08-17T22:10:48.431+0000] {logging_mixin.py:150} INFO - [2024-08-17T22:10:48.431+0000] {dag.py:3508} INFO - Setting next_dagrun for example_task_group_decorator to 2024-08-16T22:10:48.431255+00:00, run_after=2024-08-17T22:10:48.431255+00:00
[2024-08-17T22:10:48.457+0000] {processor.py:179} INFO - Processing /home/airflow/.local/lib/python3.7/site-packages/airflow/example_dags/example_task_group_decorator.py took 0.142 seconds
[2024-08-17T22:12:15.812+0000] {processor.py:157} INFO - Started process (PID=311) to work on /home/airflow/.local/lib/python3.7/site-packages/airflow/example_dags/example_task_group_decorator.py
[2024-08-17T22:12:15.816+0000] {processor.py:826} INFO - Processing file /home/airflow/.local/lib/python3.7/site-packages/airflow/example_dags/example_task_group_decorator.py for tasks to queue
[2024-08-17T22:12:15.817+0000] {logging_mixin.py:150} INFO - [2024-08-17T22:12:15.817+0000] {dagbag.py:541} INFO - Filling up the DagBag from /home/airflow/.local/lib/python3.7/site-packages/airflow/example_dags/example_task_group_decorator.py
[2024-08-17T22:12:15.854+0000] {processor.py:836} INFO - DAG(s) dict_keys(['example_task_group_decorator']) retrieved from /home/airflow/.local/lib/python3.7/site-packages/airflow/example_dags/example_task_group_decorator.py
[2024-08-17T22:12:15.949+0000] {logging_mixin.py:150} INFO - [2024-08-17T22:12:15.949+0000] {dag.py:2742} INFO - Sync 1 DAGs
[2024-08-17T22:12:16.034+0000] {logging_mixin.py:150} INFO - [2024-08-17T22:12:16.033+0000] {dag.py:3508} INFO - Setting next_dagrun for example_task_group_decorator to 2024-08-16T22:12:16.033203+00:00, run_after=2024-08-17T22:12:16.033203+00:00
[2024-08-17T22:12:16.089+0000] {processor.py:179} INFO - Processing /home/airflow/.local/lib/python3.7/site-packages/airflow/example_dags/example_task_group_decorator.py took 0.282 seconds
[2024-08-17T22:12:46.238+0000] {processor.py:157} INFO - Started process (PID=546) to work on /home/airflow/.local/lib/python3.7/site-packages/airflow/example_dags/example_task_group_decorator.py
[2024-08-17T22:12:46.240+0000] {processor.py:826} INFO - Processing file /home/airflow/.local/lib/python3.7/site-packages/airflow/example_dags/example_task_group_decorator.py for tasks to queue
[2024-08-17T22:12:46.241+0000] {logging_mixin.py:150} INFO - [2024-08-17T22:12:46.241+0000] {dagbag.py:541} INFO - Filling up the DagBag from /home/airflow/.local/lib/python3.7/site-packages/airflow/example_dags/example_task_group_decorator.py
[2024-08-17T22:12:46.275+0000] {processor.py:836} INFO - DAG(s) dict_keys(['example_task_group_decorator']) retrieved from /home/airflow/.local/lib/python3.7/site-packages/airflow/example_dags/example_task_group_decorator.py
[2024-08-17T22:12:46.311+0000] {logging_mixin.py:150} INFO - [2024-08-17T22:12:46.311+0000] {dag.py:2742} INFO - Sync 1 DAGs
[2024-08-17T22:12:46.346+0000] {logging_mixin.py:150} INFO - [2024-08-17T22:12:46.345+0000] {dag.py:3508} INFO - Setting next_dagrun for example_task_group_decorator to 2024-08-16T22:12:46.345572+00:00, run_after=2024-08-17T22:12:46.345572+00:00
[2024-08-17T22:12:46.371+0000] {processor.py:179} INFO - Processing /home/airflow/.local/lib/python3.7/site-packages/airflow/example_dags/example_task_group_decorator.py took 0.141 seconds
[2024-08-17T22:13:17.031+0000] {processor.py:157} INFO - Started process (PID=782) to work on /home/airflow/.local/lib/python3.7/site-packages/airflow/example_dags/example_task_group_decorator.py
[2024-08-17T22:13:17.033+0000] {processor.py:826} INFO - Processing file /home/airflow/.local/lib/python3.7/site-packages/airflow/example_dags/example_task_group_decorator.py for tasks to queue
[2024-08-17T22:13:17.034+0000] {logging_mixin.py:150} INFO - [2024-08-17T22:13:17.034+0000] {dagbag.py:541} INFO - Filling up the DagBag from /home/airflow/.local/lib/python3.7/site-packages/airflow/example_dags/example_task_group_decorator.py
[2024-08-17T22:13:17.054+0000] {processor.py:836} INFO - DAG(s) dict_keys(['example_task_group_decorator']) retrieved from /home/airflow/.local/lib/python3.7/site-packages/airflow/example_dags/example_task_group_decorator.py
[2024-08-17T22:13:17.092+0000] {logging_mixin.py:150} INFO - [2024-08-17T22:13:17.092+0000] {dag.py:2742} INFO - Sync 1 DAGs
[2024-08-17T22:13:17.125+0000] {logging_mixin.py:150} INFO - [2024-08-17T22:13:17.125+0000] {dag.py:3508} INFO - Setting next_dagrun for example_task_group_decorator to 2024-08-16T22:13:17.124984+00:00, run_after=2024-08-17T22:13:17.124984+00:00
[2024-08-17T22:13:17.149+0000] {processor.py:179} INFO - Processing /home/airflow/.local/lib/python3.7/site-packages/airflow/example_dags/example_task_group_decorator.py took 0.124 seconds
[2024-08-17T22:13:47.642+0000] {processor.py:157} INFO - Started process (PID=1022) to work on /home/airflow/.local/lib/python3.7/site-packages/airflow/example_dags/example_task_group_decorator.py
[2024-08-17T22:13:47.643+0000] {processor.py:826} INFO - Processing file /home/airflow/.local/lib/python3.7/site-packages/airflow/example_dags/example_task_group_decorator.py for tasks to queue
[2024-08-17T22:13:47.644+0000] {logging_mixin.py:150} INFO - [2024-08-17T22:13:47.644+0000] {dagbag.py:541} INFO - Filling up the DagBag from /home/airflow/.local/lib/python3.7/site-packages/airflow/example_dags/example_task_group_decorator.py
[2024-08-17T22:13:47.666+0000] {processor.py:836} INFO - DAG(s) dict_keys(['example_task_group_decorator']) retrieved from /home/airflow/.local/lib/python3.7/site-packages/airflow/example_dags/example_task_group_decorator.py
[2024-08-17T22:13:47.703+0000] {logging_mixin.py:150} INFO - [2024-08-17T22:13:47.703+0000] {dag.py:2742} INFO - Sync 1 DAGs
[2024-08-17T22:13:47.737+0000] {logging_mixin.py:150} INFO - [2024-08-17T22:13:47.737+0000] {dag.py:3508} INFO - Setting next_dagrun for example_task_group_decorator to 2024-08-16T22:13:47.736492+00:00, run_after=2024-08-17T22:13:47.736492+00:00
[2024-08-17T22:13:47.763+0000] {processor.py:179} INFO - Processing /home/airflow/.local/lib/python3.7/site-packages/airflow/example_dags/example_task_group_decorator.py took 0.125 seconds
[2024-08-17T22:14:17.854+0000] {processor.py:157} INFO - Started process (PID=1258) to work on /home/airflow/.local/lib/python3.7/site-packages/airflow/example_dags/example_task_group_decorator.py
[2024-08-17T22:14:17.856+0000] {processor.py:826} INFO - Processing file /home/airflow/.local/lib/python3.7/site-packages/airflow/example_dags/example_task_group_decorator.py for tasks to queue
[2024-08-17T22:14:17.857+0000] {logging_mixin.py:150} INFO - [2024-08-17T22:14:17.856+0000] {dagbag.py:541} INFO - Filling up the DagBag from /home/airflow/.local/lib/python3.7/site-packages/airflow/example_dags/example_task_group_decorator.py
[2024-08-17T22:14:17.879+0000] {processor.py:836} INFO - DAG(s) dict_keys(['example_task_group_decorator']) retrieved from /home/airflow/.local/lib/python3.7/site-packages/airflow/example_dags/example_task_group_decorator.py
[2024-08-17T22:14:17.933+0000] {logging_mixin.py:150} INFO - [2024-08-17T22:14:17.932+0000] {dag.py:2742} INFO - Sync 1 DAGs
[2024-08-17T22:14:17.965+0000] {logging_mixin.py:150} INFO - [2024-08-17T22:14:17.965+0000] {dag.py:3508} INFO - Setting next_dagrun for example_task_group_decorator to 2024-08-16T22:14:17.965117+00:00, run_after=2024-08-17T22:14:17.965117+00:00
[2024-08-17T22:14:17.993+0000] {processor.py:179} INFO - Processing /home/airflow/.local/lib/python3.7/site-packages/airflow/example_dags/example_task_group_decorator.py took 0.143 seconds
[2024-08-17T22:14:49.112+0000] {processor.py:157} INFO - Started process (PID=1496) to work on /home/airflow/.local/lib/python3.7/site-packages/airflow/example_dags/example_task_group_decorator.py
[2024-08-17T22:14:49.113+0000] {processor.py:826} INFO - Processing file /home/airflow/.local/lib/python3.7/site-packages/airflow/example_dags/example_task_group_decorator.py for tasks to queue
[2024-08-17T22:14:49.114+0000] {logging_mixin.py:150} INFO - [2024-08-17T22:14:49.114+0000] {dagbag.py:541} INFO - Filling up the DagBag from /home/airflow/.local/lib/python3.7/site-packages/airflow/example_dags/example_task_group_decorator.py
[2024-08-17T22:14:49.137+0000] {processor.py:836} INFO - DAG(s) dict_keys(['example_task_group_decorator']) retrieved from /home/airflow/.local/lib/python3.7/site-packages/airflow/example_dags/example_task_group_decorator.py
[2024-08-17T22:14:49.172+0000] {logging_mixin.py:150} INFO - [2024-08-17T22:14:49.171+0000] {dag.py:2742} INFO - Sync 1 DAGs
[2024-08-17T22:14:49.206+0000] {logging_mixin.py:150} INFO - [2024-08-17T22:14:49.206+0000] {dag.py:3508} INFO - Setting next_dagrun for example_task_group_decorator to 2024-08-16T22:14:49.205765+00:00, run_after=2024-08-17T22:14:49.205765+00:00
[2024-08-17T22:14:49.232+0000] {processor.py:179} INFO - Processing /home/airflow/.local/lib/python3.7/site-packages/airflow/example_dags/example_task_group_decorator.py took 0.124 seconds
[2024-08-17T22:15:19.293+0000] {processor.py:157} INFO - Started process (PID=1734) to work on /home/airflow/.local/lib/python3.7/site-packages/airflow/example_dags/example_task_group_decorator.py
[2024-08-17T22:15:19.294+0000] {processor.py:826} INFO - Processing file /home/airflow/.local/lib/python3.7/site-packages/airflow/example_dags/example_task_group_decorator.py for tasks to queue
[2024-08-17T22:15:19.295+0000] {logging_mixin.py:150} INFO - [2024-08-17T22:15:19.295+0000] {dagbag.py:541} INFO - Filling up the DagBag from /home/airflow/.local/lib/python3.7/site-packages/airflow/example_dags/example_task_group_decorator.py
[2024-08-17T22:15:19.316+0000] {processor.py:836} INFO - DAG(s) dict_keys(['example_task_group_decorator']) retrieved from /home/airflow/.local/lib/python3.7/site-packages/airflow/example_dags/example_task_group_decorator.py
[2024-08-17T22:15:19.350+0000] {logging_mixin.py:150} INFO - [2024-08-17T22:15:19.350+0000] {dag.py:2742} INFO - Sync 1 DAGs
[2024-08-17T22:15:19.381+0000] {logging_mixin.py:150} INFO - [2024-08-17T22:15:19.381+0000] {dag.py:3508} INFO - Setting next_dagrun for example_task_group_decorator to 2024-08-16T22:15:19.381487+00:00, run_after=2024-08-17T22:15:19.381487+00:00
[2024-08-17T22:15:19.405+0000] {processor.py:179} INFO - Processing /home/airflow/.local/lib/python3.7/site-packages/airflow/example_dags/example_task_group_decorator.py took 0.116 seconds
[2024-08-17T22:15:49.504+0000] {processor.py:157} INFO - Started process (PID=1972) to work on /home/airflow/.local/lib/python3.7/site-packages/airflow/example_dags/example_task_group_decorator.py
[2024-08-17T22:15:49.505+0000] {processor.py:826} INFO - Processing file /home/airflow/.local/lib/python3.7/site-packages/airflow/example_dags/example_task_group_decorator.py for tasks to queue
[2024-08-17T22:15:49.507+0000] {logging_mixin.py:150} INFO - [2024-08-17T22:15:49.507+0000] {dagbag.py:541} INFO - Filling up the DagBag from /home/airflow/.local/lib/python3.7/site-packages/airflow/example_dags/example_task_group_decorator.py
[2024-08-17T22:15:49.530+0000] {processor.py:836} INFO - DAG(s) dict_keys(['example_task_group_decorator']) retrieved from /home/airflow/.local/lib/python3.7/site-packages/airflow/example_dags/example_task_group_decorator.py
[2024-08-17T22:15:49.564+0000] {logging_mixin.py:150} INFO - [2024-08-17T22:15:49.564+0000] {dag.py:2742} INFO - Sync 1 DAGs
[2024-08-17T22:15:49.596+0000] {logging_mixin.py:150} INFO - [2024-08-17T22:15:49.595+0000] {dag.py:3508} INFO - Setting next_dagrun for example_task_group_decorator to 2024-08-16T22:15:49.595613+00:00, run_after=2024-08-17T22:15:49.595613+00:00
[2024-08-17T22:15:49.619+0000] {processor.py:179} INFO - Processing /home/airflow/.local/lib/python3.7/site-packages/airflow/example_dags/example_task_group_decorator.py took 0.119 seconds
[2024-08-17T22:16:20.043+0000] {processor.py:157} INFO - Started process (PID=2210) to work on /home/airflow/.local/lib/python3.7/site-packages/airflow/example_dags/example_task_group_decorator.py
[2024-08-17T22:16:20.045+0000] {processor.py:826} INFO - Processing file /home/airflow/.local/lib/python3.7/site-packages/airflow/example_dags/example_task_group_decorator.py for tasks to queue
[2024-08-17T22:16:20.046+0000] {logging_mixin.py:150} INFO - [2024-08-17T22:16:20.046+0000] {dagbag.py:541} INFO - Filling up the DagBag from /home/airflow/.local/lib/python3.7/site-packages/airflow/example_dags/example_task_group_decorator.py
[2024-08-17T22:16:20.086+0000] {processor.py:836} INFO - DAG(s) dict_keys(['example_task_group_decorator']) retrieved from /home/airflow/.local/lib/python3.7/site-packages/airflow/example_dags/example_task_group_decorator.py
[2024-08-17T22:16:20.147+0000] {logging_mixin.py:150} INFO - [2024-08-17T22:16:20.147+0000] {dag.py:2742} INFO - Sync 1 DAGs
[2024-08-17T22:16:20.192+0000] {logging_mixin.py:150} INFO - [2024-08-17T22:16:20.192+0000] {dag.py:3508} INFO - Setting next_dagrun for example_task_group_decorator to 2024-08-16T22:16:20.192068+00:00, run_after=2024-08-17T22:16:20.192068+00:00
[2024-08-17T22:16:20.221+0000] {processor.py:179} INFO - Processing /home/airflow/.local/lib/python3.7/site-packages/airflow/example_dags/example_task_group_decorator.py took 0.184 seconds
