[2024-08-17T22:03:58.865+0000] {processor.py:157} INFO - Started process (PID=262) to work on /home/airflow/.local/lib/python3.7/site-packages/airflow/example_dags/example_sensors.py
[2024-08-17T22:03:58.867+0000] {processor.py:826} INFO - Processing file /home/airflow/.local/lib/python3.7/site-packages/airflow/example_dags/example_sensors.py for tasks to queue
[2024-08-17T22:03:58.869+0000] {logging_mixin.py:150} INFO - [2024-08-17T22:03:58.868+0000] {dagbag.py:541} INFO - Filling up the DagBag from /home/airflow/.local/lib/python3.7/site-packages/airflow/example_dags/example_sensors.py
[2024-08-17T22:03:58.902+0000] {processor.py:836} INFO - DAG(s) dict_keys(['example_sensors']) retrieved from /home/airflow/.local/lib/python3.7/site-packages/airflow/example_dags/example_sensors.py
[2024-08-17T22:03:58.927+0000] {logging_mixin.py:150} INFO - [2024-08-17T22:03:58.926+0000] {dag.py:2742} INFO - Sync 1 DAGs
[2024-08-17T22:03:58.950+0000] {logging_mixin.py:150} INFO - [2024-08-17T22:03:58.950+0000] {dag.py:2763} INFO - Creating ORM DAG for example_sensors
[2024-08-17T22:03:58.981+0000] {logging_mixin.py:150} INFO - [2024-08-17T22:03:58.981+0000] {dag.py:3508} INFO - Setting next_dagrun for example_sensors to None, run_after=None
[2024-08-17T22:03:59.023+0000] {processor.py:179} INFO - Processing /home/airflow/.local/lib/python3.7/site-packages/airflow/example_dags/example_sensors.py took 0.165 seconds
[2024-08-17T22:04:29.298+0000] {processor.py:157} INFO - Started process (PID=502) to work on /home/airflow/.local/lib/python3.7/site-packages/airflow/example_dags/example_sensors.py
[2024-08-17T22:04:29.300+0000] {processor.py:826} INFO - Processing file /home/airflow/.local/lib/python3.7/site-packages/airflow/example_dags/example_sensors.py for tasks to queue
[2024-08-17T22:04:29.301+0000] {logging_mixin.py:150} INFO - [2024-08-17T22:04:29.300+0000] {dagbag.py:541} INFO - Filling up the DagBag from /home/airflow/.local/lib/python3.7/site-packages/airflow/example_dags/example_sensors.py
[2024-08-17T22:04:29.314+0000] {processor.py:836} INFO - DAG(s) dict_keys(['example_sensors']) retrieved from /home/airflow/.local/lib/python3.7/site-packages/airflow/example_dags/example_sensors.py
[2024-08-17T22:04:29.352+0000] {logging_mixin.py:150} INFO - [2024-08-17T22:04:29.352+0000] {dag.py:2742} INFO - Sync 1 DAGs
[2024-08-17T22:04:29.387+0000] {logging_mixin.py:150} INFO - [2024-08-17T22:04:29.387+0000] {dag.py:3508} INFO - Setting next_dagrun for example_sensors to None, run_after=None
[2024-08-17T22:04:29.415+0000] {processor.py:179} INFO - Processing /home/airflow/.local/lib/python3.7/site-packages/airflow/example_dags/example_sensors.py took 0.121 seconds
[2024-08-17T22:05:00.133+0000] {processor.py:157} INFO - Started process (PID=738) to work on /home/airflow/.local/lib/python3.7/site-packages/airflow/example_dags/example_sensors.py
[2024-08-17T22:05:00.135+0000] {processor.py:826} INFO - Processing file /home/airflow/.local/lib/python3.7/site-packages/airflow/example_dags/example_sensors.py for tasks to queue
[2024-08-17T22:05:00.136+0000] {logging_mixin.py:150} INFO - [2024-08-17T22:05:00.136+0000] {dagbag.py:541} INFO - Filling up the DagBag from /home/airflow/.local/lib/python3.7/site-packages/airflow/example_dags/example_sensors.py
[2024-08-17T22:05:00.149+0000] {processor.py:836} INFO - DAG(s) dict_keys(['example_sensors']) retrieved from /home/airflow/.local/lib/python3.7/site-packages/airflow/example_dags/example_sensors.py
[2024-08-17T22:05:00.193+0000] {logging_mixin.py:150} INFO - [2024-08-17T22:05:00.193+0000] {dag.py:2742} INFO - Sync 1 DAGs
[2024-08-17T22:05:00.233+0000] {logging_mixin.py:150} INFO - [2024-08-17T22:05:00.232+0000] {dag.py:3508} INFO - Setting next_dagrun for example_sensors to None, run_after=None
[2024-08-17T22:05:00.262+0000] {processor.py:179} INFO - Processing /home/airflow/.local/lib/python3.7/site-packages/airflow/example_dags/example_sensors.py took 0.135 seconds
[2024-08-17T22:05:36.396+0000] {processor.py:157} INFO - Started process (PID=976) to work on /home/airflow/.local/lib/python3.7/site-packages/airflow/example_dags/example_sensors.py
[2024-08-17T22:05:36.399+0000] {processor.py:826} INFO - Processing file /home/airflow/.local/lib/python3.7/site-packages/airflow/example_dags/example_sensors.py for tasks to queue
[2024-08-17T22:05:36.401+0000] {logging_mixin.py:150} INFO - [2024-08-17T22:05:36.400+0000] {dagbag.py:541} INFO - Filling up the DagBag from /home/airflow/.local/lib/python3.7/site-packages/airflow/example_dags/example_sensors.py
[2024-08-17T22:05:36.535+0000] {processor.py:836} INFO - DAG(s) dict_keys(['example_sensors']) retrieved from /home/airflow/.local/lib/python3.7/site-packages/airflow/example_dags/example_sensors.py
[2024-08-17T22:05:36.661+0000] {logging_mixin.py:150} INFO - [2024-08-17T22:05:36.661+0000] {dag.py:2742} INFO - Sync 1 DAGs
[2024-08-17T22:05:36.723+0000] {logging_mixin.py:150} INFO - [2024-08-17T22:05:36.722+0000] {dag.py:3508} INFO - Setting next_dagrun for example_sensors to None, run_after=None
[2024-08-17T22:05:36.796+0000] {processor.py:179} INFO - Processing /home/airflow/.local/lib/python3.7/site-packages/airflow/example_dags/example_sensors.py took 0.407 seconds
[2024-08-17T22:06:07.551+0000] {processor.py:157} INFO - Started process (PID=1214) to work on /home/airflow/.local/lib/python3.7/site-packages/airflow/example_dags/example_sensors.py
[2024-08-17T22:06:07.552+0000] {processor.py:826} INFO - Processing file /home/airflow/.local/lib/python3.7/site-packages/airflow/example_dags/example_sensors.py for tasks to queue
[2024-08-17T22:06:07.554+0000] {logging_mixin.py:150} INFO - [2024-08-17T22:06:07.553+0000] {dagbag.py:541} INFO - Filling up the DagBag from /home/airflow/.local/lib/python3.7/site-packages/airflow/example_dags/example_sensors.py
[2024-08-17T22:06:07.567+0000] {processor.py:836} INFO - DAG(s) dict_keys(['example_sensors']) retrieved from /home/airflow/.local/lib/python3.7/site-packages/airflow/example_dags/example_sensors.py
[2024-08-17T22:06:07.605+0000] {logging_mixin.py:150} INFO - [2024-08-17T22:06:07.605+0000] {dag.py:2742} INFO - Sync 1 DAGs
[2024-08-17T22:06:07.645+0000] {logging_mixin.py:150} INFO - [2024-08-17T22:06:07.645+0000] {dag.py:3508} INFO - Setting next_dagrun for example_sensors to None, run_after=None
[2024-08-17T22:06:07.669+0000] {processor.py:179} INFO - Processing /home/airflow/.local/lib/python3.7/site-packages/airflow/example_dags/example_sensors.py took 0.123 seconds
[2024-08-17T22:06:37.791+0000] {processor.py:157} INFO - Started process (PID=1452) to work on /home/airflow/.local/lib/python3.7/site-packages/airflow/example_dags/example_sensors.py
[2024-08-17T22:06:37.794+0000] {processor.py:826} INFO - Processing file /home/airflow/.local/lib/python3.7/site-packages/airflow/example_dags/example_sensors.py for tasks to queue
[2024-08-17T22:06:37.797+0000] {logging_mixin.py:150} INFO - [2024-08-17T22:06:37.797+0000] {dagbag.py:541} INFO - Filling up the DagBag from /home/airflow/.local/lib/python3.7/site-packages/airflow/example_dags/example_sensors.py
[2024-08-17T22:06:37.813+0000] {processor.py:836} INFO - DAG(s) dict_keys(['example_sensors']) retrieved from /home/airflow/.local/lib/python3.7/site-packages/airflow/example_dags/example_sensors.py
[2024-08-17T22:06:37.860+0000] {logging_mixin.py:150} INFO - [2024-08-17T22:06:37.860+0000] {dag.py:2742} INFO - Sync 1 DAGs
[2024-08-17T22:06:37.897+0000] {logging_mixin.py:150} INFO - [2024-08-17T22:06:37.897+0000] {dag.py:3508} INFO - Setting next_dagrun for example_sensors to None, run_after=None
[2024-08-17T22:06:37.923+0000] {processor.py:179} INFO - Processing /home/airflow/.local/lib/python3.7/site-packages/airflow/example_dags/example_sensors.py took 0.136 seconds
[2024-08-17T22:07:07.979+0000] {processor.py:157} INFO - Started process (PID=1687) to work on /home/airflow/.local/lib/python3.7/site-packages/airflow/example_dags/example_sensors.py
[2024-08-17T22:07:07.984+0000] {processor.py:826} INFO - Processing file /home/airflow/.local/lib/python3.7/site-packages/airflow/example_dags/example_sensors.py for tasks to queue
[2024-08-17T22:07:07.985+0000] {logging_mixin.py:150} INFO - [2024-08-17T22:07:07.985+0000] {dagbag.py:541} INFO - Filling up the DagBag from /home/airflow/.local/lib/python3.7/site-packages/airflow/example_dags/example_sensors.py
[2024-08-17T22:07:08.000+0000] {processor.py:836} INFO - DAG(s) dict_keys(['example_sensors']) retrieved from /home/airflow/.local/lib/python3.7/site-packages/airflow/example_dags/example_sensors.py
[2024-08-17T22:07:08.038+0000] {logging_mixin.py:150} INFO - [2024-08-17T22:07:08.038+0000] {dag.py:2742} INFO - Sync 1 DAGs
[2024-08-17T22:07:08.072+0000] {logging_mixin.py:150} INFO - [2024-08-17T22:07:08.071+0000] {dag.py:3508} INFO - Setting next_dagrun for example_sensors to None, run_after=None
[2024-08-17T22:07:08.097+0000] {processor.py:179} INFO - Processing /home/airflow/.local/lib/python3.7/site-packages/airflow/example_dags/example_sensors.py took 0.122 seconds
[2024-08-17T22:07:38.779+0000] {processor.py:157} INFO - Started process (PID=1928) to work on /home/airflow/.local/lib/python3.7/site-packages/airflow/example_dags/example_sensors.py
[2024-08-17T22:07:38.781+0000] {processor.py:826} INFO - Processing file /home/airflow/.local/lib/python3.7/site-packages/airflow/example_dags/example_sensors.py for tasks to queue
[2024-08-17T22:07:38.782+0000] {logging_mixin.py:150} INFO - [2024-08-17T22:07:38.782+0000] {dagbag.py:541} INFO - Filling up the DagBag from /home/airflow/.local/lib/python3.7/site-packages/airflow/example_dags/example_sensors.py
[2024-08-17T22:07:38.798+0000] {processor.py:836} INFO - DAG(s) dict_keys(['example_sensors']) retrieved from /home/airflow/.local/lib/python3.7/site-packages/airflow/example_dags/example_sensors.py
[2024-08-17T22:07:38.837+0000] {logging_mixin.py:150} INFO - [2024-08-17T22:07:38.837+0000] {dag.py:2742} INFO - Sync 1 DAGs
[2024-08-17T22:07:38.872+0000] {logging_mixin.py:150} INFO - [2024-08-17T22:07:38.872+0000] {dag.py:3508} INFO - Setting next_dagrun for example_sensors to None, run_after=None
[2024-08-17T22:07:38.901+0000] {processor.py:179} INFO - Processing /home/airflow/.local/lib/python3.7/site-packages/airflow/example_dags/example_sensors.py took 0.126 seconds
[2024-08-17T22:08:13.246+0000] {processor.py:157} INFO - Started process (PID=2278) to work on /home/airflow/.local/lib/python3.7/site-packages/airflow/example_dags/example_sensors.py
[2024-08-17T22:08:13.248+0000] {processor.py:826} INFO - Processing file /home/airflow/.local/lib/python3.7/site-packages/airflow/example_dags/example_sensors.py for tasks to queue
[2024-08-17T22:08:13.250+0000] {logging_mixin.py:150} INFO - [2024-08-17T22:08:13.249+0000] {dagbag.py:541} INFO - Filling up the DagBag from /home/airflow/.local/lib/python3.7/site-packages/airflow/example_dags/example_sensors.py
[2024-08-17T22:08:13.272+0000] {processor.py:836} INFO - DAG(s) dict_keys(['example_sensors']) retrieved from /home/airflow/.local/lib/python3.7/site-packages/airflow/example_dags/example_sensors.py
[2024-08-17T22:08:13.326+0000] {logging_mixin.py:150} INFO - [2024-08-17T22:08:13.325+0000] {dag.py:2742} INFO - Sync 1 DAGs
[2024-08-17T22:08:13.375+0000] {logging_mixin.py:150} INFO - [2024-08-17T22:08:13.374+0000] {dag.py:3508} INFO - Setting next_dagrun for example_sensors to None, run_after=None
[2024-08-17T22:08:13.416+0000] {processor.py:179} INFO - Processing /home/airflow/.local/lib/python3.7/site-packages/airflow/example_dags/example_sensors.py took 0.180 seconds
[2024-08-17T22:08:44.088+0000] {processor.py:157} INFO - Started process (PID=2536) to work on /home/airflow/.local/lib/python3.7/site-packages/airflow/example_dags/example_sensors.py
[2024-08-17T22:08:44.089+0000] {processor.py:826} INFO - Processing file /home/airflow/.local/lib/python3.7/site-packages/airflow/example_dags/example_sensors.py for tasks to queue
[2024-08-17T22:08:44.090+0000] {logging_mixin.py:150} INFO - [2024-08-17T22:08:44.090+0000] {dagbag.py:541} INFO - Filling up the DagBag from /home/airflow/.local/lib/python3.7/site-packages/airflow/example_dags/example_sensors.py
[2024-08-17T22:08:44.103+0000] {processor.py:836} INFO - DAG(s) dict_keys(['example_sensors']) retrieved from /home/airflow/.local/lib/python3.7/site-packages/airflow/example_dags/example_sensors.py
[2024-08-17T22:08:44.140+0000] {logging_mixin.py:150} INFO - [2024-08-17T22:08:44.139+0000] {dag.py:2742} INFO - Sync 1 DAGs
[2024-08-17T22:08:44.171+0000] {logging_mixin.py:150} INFO - [2024-08-17T22:08:44.171+0000] {dag.py:3508} INFO - Setting next_dagrun for example_sensors to None, run_after=None
[2024-08-17T22:08:44.197+0000] {processor.py:179} INFO - Processing /home/airflow/.local/lib/python3.7/site-packages/airflow/example_dags/example_sensors.py took 0.113 seconds
[2024-08-17T22:09:14.458+0000] {processor.py:157} INFO - Started process (PID=2774) to work on /home/airflow/.local/lib/python3.7/site-packages/airflow/example_dags/example_sensors.py
[2024-08-17T22:09:14.461+0000] {processor.py:826} INFO - Processing file /home/airflow/.local/lib/python3.7/site-packages/airflow/example_dags/example_sensors.py for tasks to queue
[2024-08-17T22:09:14.463+0000] {logging_mixin.py:150} INFO - [2024-08-17T22:09:14.463+0000] {dagbag.py:541} INFO - Filling up the DagBag from /home/airflow/.local/lib/python3.7/site-packages/airflow/example_dags/example_sensors.py
[2024-08-17T22:09:14.477+0000] {processor.py:836} INFO - DAG(s) dict_keys(['example_sensors']) retrieved from /home/airflow/.local/lib/python3.7/site-packages/airflow/example_dags/example_sensors.py
[2024-08-17T22:09:14.513+0000] {logging_mixin.py:150} INFO - [2024-08-17T22:09:14.512+0000] {dag.py:2742} INFO - Sync 1 DAGs
[2024-08-17T22:09:14.544+0000] {logging_mixin.py:150} INFO - [2024-08-17T22:09:14.544+0000] {dag.py:3508} INFO - Setting next_dagrun for example_sensors to None, run_after=None
[2024-08-17T22:09:14.574+0000] {processor.py:179} INFO - Processing /home/airflow/.local/lib/python3.7/site-packages/airflow/example_dags/example_sensors.py took 0.121 seconds
[2024-08-17T22:09:44.931+0000] {processor.py:157} INFO - Started process (PID=3012) to work on /home/airflow/.local/lib/python3.7/site-packages/airflow/example_dags/example_sensors.py
[2024-08-17T22:09:44.932+0000] {processor.py:826} INFO - Processing file /home/airflow/.local/lib/python3.7/site-packages/airflow/example_dags/example_sensors.py for tasks to queue
[2024-08-17T22:09:44.933+0000] {logging_mixin.py:150} INFO - [2024-08-17T22:09:44.933+0000] {dagbag.py:541} INFO - Filling up the DagBag from /home/airflow/.local/lib/python3.7/site-packages/airflow/example_dags/example_sensors.py
[2024-08-17T22:09:44.945+0000] {processor.py:836} INFO - DAG(s) dict_keys(['example_sensors']) retrieved from /home/airflow/.local/lib/python3.7/site-packages/airflow/example_dags/example_sensors.py
[2024-08-17T22:09:44.980+0000] {logging_mixin.py:150} INFO - [2024-08-17T22:09:44.980+0000] {dag.py:2742} INFO - Sync 1 DAGs
[2024-08-17T22:09:45.010+0000] {logging_mixin.py:150} INFO - [2024-08-17T22:09:45.010+0000] {dag.py:3508} INFO - Setting next_dagrun for example_sensors to None, run_after=None
[2024-08-17T22:09:45.034+0000] {processor.py:179} INFO - Processing /home/airflow/.local/lib/python3.7/site-packages/airflow/example_dags/example_sensors.py took 0.108 seconds
[2024-08-17T22:10:15.886+0000] {processor.py:157} INFO - Started process (PID=3250) to work on /home/airflow/.local/lib/python3.7/site-packages/airflow/example_dags/example_sensors.py
[2024-08-17T22:10:15.887+0000] {processor.py:826} INFO - Processing file /home/airflow/.local/lib/python3.7/site-packages/airflow/example_dags/example_sensors.py for tasks to queue
[2024-08-17T22:10:15.889+0000] {logging_mixin.py:150} INFO - [2024-08-17T22:10:15.889+0000] {dagbag.py:541} INFO - Filling up the DagBag from /home/airflow/.local/lib/python3.7/site-packages/airflow/example_dags/example_sensors.py
[2024-08-17T22:10:15.902+0000] {processor.py:836} INFO - DAG(s) dict_keys(['example_sensors']) retrieved from /home/airflow/.local/lib/python3.7/site-packages/airflow/example_dags/example_sensors.py
[2024-08-17T22:10:15.939+0000] {logging_mixin.py:150} INFO - [2024-08-17T22:10:15.939+0000] {dag.py:2742} INFO - Sync 1 DAGs
[2024-08-17T22:10:15.970+0000] {logging_mixin.py:150} INFO - [2024-08-17T22:10:15.970+0000] {dag.py:3508} INFO - Setting next_dagrun for example_sensors to None, run_after=None
[2024-08-17T22:10:15.997+0000] {processor.py:179} INFO - Processing /home/airflow/.local/lib/python3.7/site-packages/airflow/example_dags/example_sensors.py took 0.115 seconds
[2024-08-17T22:10:46.565+0000] {processor.py:157} INFO - Started process (PID=3488) to work on /home/airflow/.local/lib/python3.7/site-packages/airflow/example_dags/example_sensors.py
[2024-08-17T22:10:46.566+0000] {processor.py:826} INFO - Processing file /home/airflow/.local/lib/python3.7/site-packages/airflow/example_dags/example_sensors.py for tasks to queue
[2024-08-17T22:10:46.567+0000] {logging_mixin.py:150} INFO - [2024-08-17T22:10:46.567+0000] {dagbag.py:541} INFO - Filling up the DagBag from /home/airflow/.local/lib/python3.7/site-packages/airflow/example_dags/example_sensors.py
[2024-08-17T22:10:46.580+0000] {processor.py:836} INFO - DAG(s) dict_keys(['example_sensors']) retrieved from /home/airflow/.local/lib/python3.7/site-packages/airflow/example_dags/example_sensors.py
[2024-08-17T22:10:46.614+0000] {logging_mixin.py:150} INFO - [2024-08-17T22:10:46.614+0000] {dag.py:2742} INFO - Sync 1 DAGs
[2024-08-17T22:10:46.654+0000] {logging_mixin.py:150} INFO - [2024-08-17T22:10:46.653+0000] {dag.py:3508} INFO - Setting next_dagrun for example_sensors to None, run_after=None
[2024-08-17T22:10:46.689+0000] {processor.py:179} INFO - Processing /home/airflow/.local/lib/python3.7/site-packages/airflow/example_dags/example_sensors.py took 0.127 seconds
[2024-08-17T22:12:14.104+0000] {processor.py:157} INFO - Started process (PID=261) to work on /home/airflow/.local/lib/python3.7/site-packages/airflow/example_dags/example_sensors.py
[2024-08-17T22:12:14.106+0000] {processor.py:826} INFO - Processing file /home/airflow/.local/lib/python3.7/site-packages/airflow/example_dags/example_sensors.py for tasks to queue
[2024-08-17T22:12:14.108+0000] {logging_mixin.py:150} INFO - [2024-08-17T22:12:14.107+0000] {dagbag.py:541} INFO - Filling up the DagBag from /home/airflow/.local/lib/python3.7/site-packages/airflow/example_dags/example_sensors.py
[2024-08-17T22:12:14.129+0000] {processor.py:836} INFO - DAG(s) dict_keys(['example_sensors']) retrieved from /home/airflow/.local/lib/python3.7/site-packages/airflow/example_dags/example_sensors.py
[2024-08-17T22:12:14.183+0000] {logging_mixin.py:150} INFO - [2024-08-17T22:12:14.182+0000] {dag.py:2742} INFO - Sync 1 DAGs
[2024-08-17T22:12:14.220+0000] {logging_mixin.py:150} INFO - [2024-08-17T22:12:14.220+0000] {dag.py:3508} INFO - Setting next_dagrun for example_sensors to None, run_after=None
[2024-08-17T22:12:14.249+0000] {processor.py:179} INFO - Processing /home/airflow/.local/lib/python3.7/site-packages/airflow/example_dags/example_sensors.py took 0.149 seconds
[2024-08-17T22:12:45.020+0000] {processor.py:157} INFO - Started process (PID=499) to work on /home/airflow/.local/lib/python3.7/site-packages/airflow/example_dags/example_sensors.py
[2024-08-17T22:12:45.021+0000] {processor.py:826} INFO - Processing file /home/airflow/.local/lib/python3.7/site-packages/airflow/example_dags/example_sensors.py for tasks to queue
[2024-08-17T22:12:45.023+0000] {logging_mixin.py:150} INFO - [2024-08-17T22:12:45.023+0000] {dagbag.py:541} INFO - Filling up the DagBag from /home/airflow/.local/lib/python3.7/site-packages/airflow/example_dags/example_sensors.py
[2024-08-17T22:12:45.037+0000] {processor.py:836} INFO - DAG(s) dict_keys(['example_sensors']) retrieved from /home/airflow/.local/lib/python3.7/site-packages/airflow/example_dags/example_sensors.py
[2024-08-17T22:12:45.078+0000] {logging_mixin.py:150} INFO - [2024-08-17T22:12:45.078+0000] {dag.py:2742} INFO - Sync 1 DAGs
[2024-08-17T22:12:45.110+0000] {logging_mixin.py:150} INFO - [2024-08-17T22:12:45.110+0000] {dag.py:3508} INFO - Setting next_dagrun for example_sensors to None, run_after=None
[2024-08-17T22:12:45.137+0000] {processor.py:179} INFO - Processing /home/airflow/.local/lib/python3.7/site-packages/airflow/example_dags/example_sensors.py took 0.123 seconds
[2024-08-17T22:13:15.327+0000] {processor.py:157} INFO - Started process (PID=737) to work on /home/airflow/.local/lib/python3.7/site-packages/airflow/example_dags/example_sensors.py
[2024-08-17T22:13:15.328+0000] {processor.py:826} INFO - Processing file /home/airflow/.local/lib/python3.7/site-packages/airflow/example_dags/example_sensors.py for tasks to queue
[2024-08-17T22:13:15.329+0000] {logging_mixin.py:150} INFO - [2024-08-17T22:13:15.329+0000] {dagbag.py:541} INFO - Filling up the DagBag from /home/airflow/.local/lib/python3.7/site-packages/airflow/example_dags/example_sensors.py
[2024-08-17T22:13:15.343+0000] {processor.py:836} INFO - DAG(s) dict_keys(['example_sensors']) retrieved from /home/airflow/.local/lib/python3.7/site-packages/airflow/example_dags/example_sensors.py
[2024-08-17T22:13:15.381+0000] {logging_mixin.py:150} INFO - [2024-08-17T22:13:15.380+0000] {dag.py:2742} INFO - Sync 1 DAGs
[2024-08-17T22:13:15.413+0000] {logging_mixin.py:150} INFO - [2024-08-17T22:13:15.413+0000] {dag.py:3508} INFO - Setting next_dagrun for example_sensors to None, run_after=None
[2024-08-17T22:13:15.437+0000] {processor.py:179} INFO - Processing /home/airflow/.local/lib/python3.7/site-packages/airflow/example_dags/example_sensors.py took 0.114 seconds
[2024-08-17T22:13:45.859+0000] {processor.py:157} INFO - Started process (PID=975) to work on /home/airflow/.local/lib/python3.7/site-packages/airflow/example_dags/example_sensors.py
[2024-08-17T22:13:45.861+0000] {processor.py:826} INFO - Processing file /home/airflow/.local/lib/python3.7/site-packages/airflow/example_dags/example_sensors.py for tasks to queue
[2024-08-17T22:13:45.863+0000] {logging_mixin.py:150} INFO - [2024-08-17T22:13:45.862+0000] {dagbag.py:541} INFO - Filling up the DagBag from /home/airflow/.local/lib/python3.7/site-packages/airflow/example_dags/example_sensors.py
[2024-08-17T22:13:45.881+0000] {processor.py:836} INFO - DAG(s) dict_keys(['example_sensors']) retrieved from /home/airflow/.local/lib/python3.7/site-packages/airflow/example_dags/example_sensors.py
[2024-08-17T22:13:45.922+0000] {logging_mixin.py:150} INFO - [2024-08-17T22:13:45.922+0000] {dag.py:2742} INFO - Sync 1 DAGs
[2024-08-17T22:13:45.976+0000] {logging_mixin.py:150} INFO - [2024-08-17T22:13:45.976+0000] {dag.py:3508} INFO - Setting next_dagrun for example_sensors to None, run_after=None
[2024-08-17T22:13:46.011+0000] {processor.py:179} INFO - Processing /home/airflow/.local/lib/python3.7/site-packages/airflow/example_dags/example_sensors.py took 0.158 seconds
[2024-08-17T22:14:16.240+0000] {processor.py:157} INFO - Started process (PID=1213) to work on /home/airflow/.local/lib/python3.7/site-packages/airflow/example_dags/example_sensors.py
[2024-08-17T22:14:16.242+0000] {processor.py:826} INFO - Processing file /home/airflow/.local/lib/python3.7/site-packages/airflow/example_dags/example_sensors.py for tasks to queue
[2024-08-17T22:14:16.244+0000] {logging_mixin.py:150} INFO - [2024-08-17T22:14:16.244+0000] {dagbag.py:541} INFO - Filling up the DagBag from /home/airflow/.local/lib/python3.7/site-packages/airflow/example_dags/example_sensors.py
[2024-08-17T22:14:16.262+0000] {processor.py:836} INFO - DAG(s) dict_keys(['example_sensors']) retrieved from /home/airflow/.local/lib/python3.7/site-packages/airflow/example_dags/example_sensors.py
[2024-08-17T22:14:16.322+0000] {logging_mixin.py:150} INFO - [2024-08-17T22:14:16.321+0000] {dag.py:2742} INFO - Sync 1 DAGs
[2024-08-17T22:14:16.378+0000] {logging_mixin.py:150} INFO - [2024-08-17T22:14:16.377+0000] {dag.py:3508} INFO - Setting next_dagrun for example_sensors to None, run_after=None
[2024-08-17T22:14:16.424+0000] {processor.py:179} INFO - Processing /home/airflow/.local/lib/python3.7/site-packages/airflow/example_dags/example_sensors.py took 0.190 seconds
[2024-08-17T22:14:48.059+0000] {processor.py:157} INFO - Started process (PID=1451) to work on /home/airflow/.local/lib/python3.7/site-packages/airflow/example_dags/example_sensors.py
[2024-08-17T22:14:48.066+0000] {processor.py:826} INFO - Processing file /home/airflow/.local/lib/python3.7/site-packages/airflow/example_dags/example_sensors.py for tasks to queue
[2024-08-17T22:14:48.069+0000] {logging_mixin.py:150} INFO - [2024-08-17T22:14:48.069+0000] {dagbag.py:541} INFO - Filling up the DagBag from /home/airflow/.local/lib/python3.7/site-packages/airflow/example_dags/example_sensors.py
[2024-08-17T22:14:48.112+0000] {processor.py:836} INFO - DAG(s) dict_keys(['example_sensors']) retrieved from /home/airflow/.local/lib/python3.7/site-packages/airflow/example_dags/example_sensors.py
[2024-08-17T22:14:48.189+0000] {logging_mixin.py:150} INFO - [2024-08-17T22:14:48.189+0000] {dag.py:2742} INFO - Sync 1 DAGs
[2024-08-17T22:14:48.259+0000] {logging_mixin.py:150} INFO - [2024-08-17T22:14:48.259+0000] {dag.py:3508} INFO - Setting next_dagrun for example_sensors to None, run_after=None
[2024-08-17T22:14:48.295+0000] {processor.py:179} INFO - Processing /home/airflow/.local/lib/python3.7/site-packages/airflow/example_dags/example_sensors.py took 0.243 seconds
[2024-08-17T22:15:18.585+0000] {processor.py:157} INFO - Started process (PID=1689) to work on /home/airflow/.local/lib/python3.7/site-packages/airflow/example_dags/example_sensors.py
[2024-08-17T22:15:18.586+0000] {processor.py:826} INFO - Processing file /home/airflow/.local/lib/python3.7/site-packages/airflow/example_dags/example_sensors.py for tasks to queue
[2024-08-17T22:15:18.587+0000] {logging_mixin.py:150} INFO - [2024-08-17T22:15:18.587+0000] {dagbag.py:541} INFO - Filling up the DagBag from /home/airflow/.local/lib/python3.7/site-packages/airflow/example_dags/example_sensors.py
[2024-08-17T22:15:18.600+0000] {processor.py:836} INFO - DAG(s) dict_keys(['example_sensors']) retrieved from /home/airflow/.local/lib/python3.7/site-packages/airflow/example_dags/example_sensors.py
[2024-08-17T22:15:18.635+0000] {logging_mixin.py:150} INFO - [2024-08-17T22:15:18.634+0000] {dag.py:2742} INFO - Sync 1 DAGs
[2024-08-17T22:15:18.665+0000] {logging_mixin.py:150} INFO - [2024-08-17T22:15:18.665+0000] {dag.py:3508} INFO - Setting next_dagrun for example_sensors to None, run_after=None
[2024-08-17T22:15:18.688+0000] {processor.py:179} INFO - Processing /home/airflow/.local/lib/python3.7/site-packages/airflow/example_dags/example_sensors.py took 0.107 seconds
[2024-08-17T22:15:48.843+0000] {processor.py:157} INFO - Started process (PID=1927) to work on /home/airflow/.local/lib/python3.7/site-packages/airflow/example_dags/example_sensors.py
[2024-08-17T22:15:48.844+0000] {processor.py:826} INFO - Processing file /home/airflow/.local/lib/python3.7/site-packages/airflow/example_dags/example_sensors.py for tasks to queue
[2024-08-17T22:15:48.845+0000] {logging_mixin.py:150} INFO - [2024-08-17T22:15:48.845+0000] {dagbag.py:541} INFO - Filling up the DagBag from /home/airflow/.local/lib/python3.7/site-packages/airflow/example_dags/example_sensors.py
[2024-08-17T22:15:48.858+0000] {processor.py:836} INFO - DAG(s) dict_keys(['example_sensors']) retrieved from /home/airflow/.local/lib/python3.7/site-packages/airflow/example_dags/example_sensors.py
[2024-08-17T22:15:48.893+0000] {logging_mixin.py:150} INFO - [2024-08-17T22:15:48.893+0000] {dag.py:2742} INFO - Sync 1 DAGs
[2024-08-17T22:15:48.924+0000] {logging_mixin.py:150} INFO - [2024-08-17T22:15:48.924+0000] {dag.py:3508} INFO - Setting next_dagrun for example_sensors to None, run_after=None
[2024-08-17T22:15:48.947+0000] {processor.py:179} INFO - Processing /home/airflow/.local/lib/python3.7/site-packages/airflow/example_dags/example_sensors.py took 0.108 seconds
[2024-08-17T22:16:19.124+0000] {processor.py:157} INFO - Started process (PID=2165) to work on /home/airflow/.local/lib/python3.7/site-packages/airflow/example_dags/example_sensors.py
[2024-08-17T22:16:19.125+0000] {processor.py:826} INFO - Processing file /home/airflow/.local/lib/python3.7/site-packages/airflow/example_dags/example_sensors.py for tasks to queue
[2024-08-17T22:16:19.126+0000] {logging_mixin.py:150} INFO - [2024-08-17T22:16:19.126+0000] {dagbag.py:541} INFO - Filling up the DagBag from /home/airflow/.local/lib/python3.7/site-packages/airflow/example_dags/example_sensors.py
[2024-08-17T22:16:19.145+0000] {processor.py:836} INFO - DAG(s) dict_keys(['example_sensors']) retrieved from /home/airflow/.local/lib/python3.7/site-packages/airflow/example_dags/example_sensors.py
[2024-08-17T22:16:19.185+0000] {logging_mixin.py:150} INFO - [2024-08-17T22:16:19.185+0000] {dag.py:2742} INFO - Sync 1 DAGs
[2024-08-17T22:16:19.308+0000] {logging_mixin.py:150} INFO - [2024-08-17T22:16:19.308+0000] {dag.py:3508} INFO - Setting next_dagrun for example_sensors to None, run_after=None
[2024-08-17T22:16:19.365+0000] {processor.py:179} INFO - Processing /home/airflow/.local/lib/python3.7/site-packages/airflow/example_dags/example_sensors.py took 0.246 seconds
