[2024-08-17T22:03:56.382+0000] {processor.py:157} INFO - Started process (PID=207) to work on /home/airflow/.local/lib/python3.7/site-packages/airflow/example_dags/example_task_group.py
[2024-08-17T22:03:56.385+0000] {processor.py:826} INFO - Processing file /home/airflow/.local/lib/python3.7/site-packages/airflow/example_dags/example_task_group.py for tasks to queue
[2024-08-17T22:03:56.386+0000] {logging_mixin.py:150} INFO - [2024-08-17T22:03:56.386+0000] {dagbag.py:541} INFO - Filling up the DagBag from /home/airflow/.local/lib/python3.7/site-packages/airflow/example_dags/example_task_group.py
[2024-08-17T22:03:56.401+0000] {processor.py:836} INFO - DAG(s) dict_keys(['example_task_group']) retrieved from /home/airflow/.local/lib/python3.7/site-packages/airflow/example_dags/example_task_group.py
[2024-08-17T22:03:56.636+0000] {logging_mixin.py:150} INFO - [2024-08-17T22:03:56.636+0000] {manager.py:504} INFO - Created Permission View: can read on DAG:example_task_group
[2024-08-17T22:03:56.658+0000] {logging_mixin.py:150} INFO - [2024-08-17T22:03:56.658+0000] {manager.py:504} INFO - Created Permission View: can edit on DAG:example_task_group
[2024-08-17T22:03:56.671+0000] {logging_mixin.py:150} INFO - [2024-08-17T22:03:56.671+0000] {manager.py:504} INFO - Created Permission View: can delete on DAG:example_task_group
[2024-08-17T22:03:56.696+0000] {logging_mixin.py:150} INFO - [2024-08-17T22:03:56.696+0000] {dag.py:2742} INFO - Sync 1 DAGs
[2024-08-17T22:03:56.725+0000] {logging_mixin.py:150} INFO - [2024-08-17T22:03:56.725+0000] {dag.py:2763} INFO - Creating ORM DAG for example_task_group
[2024-08-17T22:03:56.743+0000] {logging_mixin.py:150} INFO - [2024-08-17T22:03:56.743+0000] {dag.py:3508} INFO - Setting next_dagrun for example_task_group to 2024-08-16T22:03:56.743111+00:00, run_after=2024-08-17T22:03:56.743111+00:00
[2024-08-17T22:03:56.774+0000] {processor.py:179} INFO - Processing /home/airflow/.local/lib/python3.7/site-packages/airflow/example_dags/example_task_group.py took 0.398 seconds
[2024-08-17T22:04:27.507+0000] {processor.py:157} INFO - Started process (PID=445) to work on /home/airflow/.local/lib/python3.7/site-packages/airflow/example_dags/example_task_group.py
[2024-08-17T22:04:27.508+0000] {processor.py:826} INFO - Processing file /home/airflow/.local/lib/python3.7/site-packages/airflow/example_dags/example_task_group.py for tasks to queue
[2024-08-17T22:04:27.512+0000] {logging_mixin.py:150} INFO - [2024-08-17T22:04:27.512+0000] {dagbag.py:541} INFO - Filling up the DagBag from /home/airflow/.local/lib/python3.7/site-packages/airflow/example_dags/example_task_group.py
[2024-08-17T22:04:27.524+0000] {processor.py:836} INFO - DAG(s) dict_keys(['example_task_group']) retrieved from /home/airflow/.local/lib/python3.7/site-packages/airflow/example_dags/example_task_group.py
[2024-08-17T22:04:27.564+0000] {logging_mixin.py:150} INFO - [2024-08-17T22:04:27.564+0000] {dag.py:2742} INFO - Sync 1 DAGs
[2024-08-17T22:04:27.628+0000] {logging_mixin.py:150} INFO - [2024-08-17T22:04:27.628+0000] {dag.py:3508} INFO - Setting next_dagrun for example_task_group to 2024-08-16T22:04:27.628032+00:00, run_after=2024-08-17T22:04:27.628032+00:00
[2024-08-17T22:04:27.653+0000] {processor.py:179} INFO - Processing /home/airflow/.local/lib/python3.7/site-packages/airflow/example_dags/example_task_group.py took 0.151 seconds
[2024-08-17T22:04:58.218+0000] {processor.py:157} INFO - Started process (PID=683) to work on /home/airflow/.local/lib/python3.7/site-packages/airflow/example_dags/example_task_group.py
[2024-08-17T22:04:58.220+0000] {processor.py:826} INFO - Processing file /home/airflow/.local/lib/python3.7/site-packages/airflow/example_dags/example_task_group.py for tasks to queue
[2024-08-17T22:04:58.221+0000] {logging_mixin.py:150} INFO - [2024-08-17T22:04:58.221+0000] {dagbag.py:541} INFO - Filling up the DagBag from /home/airflow/.local/lib/python3.7/site-packages/airflow/example_dags/example_task_group.py
[2024-08-17T22:04:58.234+0000] {processor.py:836} INFO - DAG(s) dict_keys(['example_task_group']) retrieved from /home/airflow/.local/lib/python3.7/site-packages/airflow/example_dags/example_task_group.py
[2024-08-17T22:04:58.274+0000] {logging_mixin.py:150} INFO - [2024-08-17T22:04:58.274+0000] {dag.py:2742} INFO - Sync 1 DAGs
[2024-08-17T22:04:58.307+0000] {logging_mixin.py:150} INFO - [2024-08-17T22:04:58.307+0000] {dag.py:3508} INFO - Setting next_dagrun for example_task_group to 2024-08-16T22:04:58.306942+00:00, run_after=2024-08-17T22:04:58.306942+00:00
[2024-08-17T22:04:58.334+0000] {processor.py:179} INFO - Processing /home/airflow/.local/lib/python3.7/site-packages/airflow/example_dags/example_task_group.py took 0.121 seconds
[2024-08-17T22:05:32.458+0000] {processor.py:157} INFO - Started process (PID=921) to work on /home/airflow/.local/lib/python3.7/site-packages/airflow/example_dags/example_task_group.py
[2024-08-17T22:05:32.461+0000] {processor.py:826} INFO - Processing file /home/airflow/.local/lib/python3.7/site-packages/airflow/example_dags/example_task_group.py for tasks to queue
[2024-08-17T22:05:32.470+0000] {logging_mixin.py:150} INFO - [2024-08-17T22:05:32.469+0000] {dagbag.py:541} INFO - Filling up the DagBag from /home/airflow/.local/lib/python3.7/site-packages/airflow/example_dags/example_task_group.py
[2024-08-17T22:05:32.508+0000] {processor.py:836} INFO - DAG(s) dict_keys(['example_task_group']) retrieved from /home/airflow/.local/lib/python3.7/site-packages/airflow/example_dags/example_task_group.py
[2024-08-17T22:05:32.656+0000] {logging_mixin.py:150} INFO - [2024-08-17T22:05:32.655+0000] {dag.py:2742} INFO - Sync 1 DAGs
[2024-08-17T22:05:32.772+0000] {logging_mixin.py:150} INFO - [2024-08-17T22:05:32.771+0000] {dag.py:3508} INFO - Setting next_dagrun for example_task_group to 2024-08-16T22:05:32.770507+00:00, run_after=2024-08-17T22:05:32.770507+00:00
[2024-08-17T22:05:32.869+0000] {processor.py:179} INFO - Processing /home/airflow/.local/lib/python3.7/site-packages/airflow/example_dags/example_task_group.py took 0.421 seconds
[2024-08-17T22:06:03.318+0000] {processor.py:157} INFO - Started process (PID=1154) to work on /home/airflow/.local/lib/python3.7/site-packages/airflow/example_dags/example_task_group.py
[2024-08-17T22:06:03.320+0000] {processor.py:826} INFO - Processing file /home/airflow/.local/lib/python3.7/site-packages/airflow/example_dags/example_task_group.py for tasks to queue
[2024-08-17T22:06:03.321+0000] {logging_mixin.py:150} INFO - [2024-08-17T22:06:03.321+0000] {dagbag.py:541} INFO - Filling up the DagBag from /home/airflow/.local/lib/python3.7/site-packages/airflow/example_dags/example_task_group.py
[2024-08-17T22:06:03.346+0000] {processor.py:836} INFO - DAG(s) dict_keys(['example_task_group']) retrieved from /home/airflow/.local/lib/python3.7/site-packages/airflow/example_dags/example_task_group.py
[2024-08-17T22:06:03.439+0000] {logging_mixin.py:150} INFO - [2024-08-17T22:06:03.439+0000] {dag.py:2742} INFO - Sync 1 DAGs
[2024-08-17T22:06:03.495+0000] {logging_mixin.py:150} INFO - [2024-08-17T22:06:03.495+0000] {dag.py:3508} INFO - Setting next_dagrun for example_task_group to 2024-08-16T22:06:03.494828+00:00, run_after=2024-08-17T22:06:03.494828+00:00
[2024-08-17T22:06:03.528+0000] {processor.py:179} INFO - Processing /home/airflow/.local/lib/python3.7/site-packages/airflow/example_dags/example_task_group.py took 0.219 seconds
[2024-08-17T22:06:33.709+0000] {processor.py:157} INFO - Started process (PID=1392) to work on /home/airflow/.local/lib/python3.7/site-packages/airflow/example_dags/example_task_group.py
[2024-08-17T22:06:33.713+0000] {processor.py:826} INFO - Processing file /home/airflow/.local/lib/python3.7/site-packages/airflow/example_dags/example_task_group.py for tasks to queue
[2024-08-17T22:06:33.714+0000] {logging_mixin.py:150} INFO - [2024-08-17T22:06:33.714+0000] {dagbag.py:541} INFO - Filling up the DagBag from /home/airflow/.local/lib/python3.7/site-packages/airflow/example_dags/example_task_group.py
[2024-08-17T22:06:33.727+0000] {processor.py:836} INFO - DAG(s) dict_keys(['example_task_group']) retrieved from /home/airflow/.local/lib/python3.7/site-packages/airflow/example_dags/example_task_group.py
[2024-08-17T22:06:33.771+0000] {logging_mixin.py:150} INFO - [2024-08-17T22:06:33.771+0000] {dag.py:2742} INFO - Sync 1 DAGs
[2024-08-17T22:06:33.811+0000] {logging_mixin.py:150} INFO - [2024-08-17T22:06:33.811+0000] {dag.py:3508} INFO - Setting next_dagrun for example_task_group to 2024-08-16T22:06:33.811357+00:00, run_after=2024-08-17T22:06:33.811357+00:00
[2024-08-17T22:06:33.839+0000] {processor.py:179} INFO - Processing /home/airflow/.local/lib/python3.7/site-packages/airflow/example_dags/example_task_group.py took 0.136 seconds
[2024-08-17T22:07:04.267+0000] {processor.py:157} INFO - Started process (PID=1630) to work on /home/airflow/.local/lib/python3.7/site-packages/airflow/example_dags/example_task_group.py
[2024-08-17T22:07:04.270+0000] {processor.py:826} INFO - Processing file /home/airflow/.local/lib/python3.7/site-packages/airflow/example_dags/example_task_group.py for tasks to queue
[2024-08-17T22:07:04.272+0000] {logging_mixin.py:150} INFO - [2024-08-17T22:07:04.271+0000] {dagbag.py:541} INFO - Filling up the DagBag from /home/airflow/.local/lib/python3.7/site-packages/airflow/example_dags/example_task_group.py
[2024-08-17T22:07:04.288+0000] {processor.py:836} INFO - DAG(s) dict_keys(['example_task_group']) retrieved from /home/airflow/.local/lib/python3.7/site-packages/airflow/example_dags/example_task_group.py
[2024-08-17T22:07:04.339+0000] {logging_mixin.py:150} INFO - [2024-08-17T22:07:04.339+0000] {dag.py:2742} INFO - Sync 1 DAGs
[2024-08-17T22:07:04.377+0000] {logging_mixin.py:150} INFO - [2024-08-17T22:07:04.377+0000] {dag.py:3508} INFO - Setting next_dagrun for example_task_group to 2024-08-16T22:07:04.376968+00:00, run_after=2024-08-17T22:07:04.376968+00:00
[2024-08-17T22:07:04.400+0000] {processor.py:179} INFO - Processing /home/airflow/.local/lib/python3.7/site-packages/airflow/example_dags/example_task_group.py took 0.141 seconds
[2024-08-17T22:07:34.948+0000] {processor.py:157} INFO - Started process (PID=1868) to work on /home/airflow/.local/lib/python3.7/site-packages/airflow/example_dags/example_task_group.py
[2024-08-17T22:07:34.949+0000] {processor.py:826} INFO - Processing file /home/airflow/.local/lib/python3.7/site-packages/airflow/example_dags/example_task_group.py for tasks to queue
[2024-08-17T22:07:34.952+0000] {logging_mixin.py:150} INFO - [2024-08-17T22:07:34.951+0000] {dagbag.py:541} INFO - Filling up the DagBag from /home/airflow/.local/lib/python3.7/site-packages/airflow/example_dags/example_task_group.py
[2024-08-17T22:07:34.966+0000] {processor.py:836} INFO - DAG(s) dict_keys(['example_task_group']) retrieved from /home/airflow/.local/lib/python3.7/site-packages/airflow/example_dags/example_task_group.py
[2024-08-17T22:07:35.009+0000] {logging_mixin.py:150} INFO - [2024-08-17T22:07:35.008+0000] {dag.py:2742} INFO - Sync 1 DAGs
[2024-08-17T22:07:35.047+0000] {logging_mixin.py:150} INFO - [2024-08-17T22:07:35.047+0000] {dag.py:3508} INFO - Setting next_dagrun for example_task_group to 2024-08-16T22:07:35.046715+00:00, run_after=2024-08-17T22:07:35.046715+00:00
[2024-08-17T22:07:35.078+0000] {processor.py:179} INFO - Processing /home/airflow/.local/lib/python3.7/site-packages/airflow/example_dags/example_task_group.py took 0.135 seconds
[2024-08-17T22:08:10.853+0000] {processor.py:157} INFO - Started process (PID=2214) to work on /home/airflow/.local/lib/python3.7/site-packages/airflow/example_dags/example_task_group.py
[2024-08-17T22:08:10.862+0000] {processor.py:826} INFO - Processing file /home/airflow/.local/lib/python3.7/site-packages/airflow/example_dags/example_task_group.py for tasks to queue
[2024-08-17T22:08:10.867+0000] {logging_mixin.py:150} INFO - [2024-08-17T22:08:10.866+0000] {dagbag.py:541} INFO - Filling up the DagBag from /home/airflow/.local/lib/python3.7/site-packages/airflow/example_dags/example_task_group.py
[2024-08-17T22:08:10.924+0000] {processor.py:836} INFO - DAG(s) dict_keys(['example_task_group']) retrieved from /home/airflow/.local/lib/python3.7/site-packages/airflow/example_dags/example_task_group.py
[2024-08-17T22:08:11.006+0000] {logging_mixin.py:150} INFO - [2024-08-17T22:08:11.005+0000] {dag.py:2742} INFO - Sync 1 DAGs
[2024-08-17T22:08:11.296+0000] {logging_mixin.py:150} INFO - [2024-08-17T22:08:11.293+0000] {dag.py:3508} INFO - Setting next_dagrun for example_task_group to 2024-08-16T22:08:11.293348+00:00, run_after=2024-08-17T22:08:11.293348+00:00
[2024-08-17T22:08:11.473+0000] {processor.py:179} INFO - Processing /home/airflow/.local/lib/python3.7/site-packages/airflow/example_dags/example_task_group.py took 0.652 seconds
[2024-08-17T22:08:41.993+0000] {processor.py:157} INFO - Started process (PID=2476) to work on /home/airflow/.local/lib/python3.7/site-packages/airflow/example_dags/example_task_group.py
[2024-08-17T22:08:41.994+0000] {processor.py:826} INFO - Processing file /home/airflow/.local/lib/python3.7/site-packages/airflow/example_dags/example_task_group.py for tasks to queue
[2024-08-17T22:08:41.995+0000] {logging_mixin.py:150} INFO - [2024-08-17T22:08:41.995+0000] {dagbag.py:541} INFO - Filling up the DagBag from /home/airflow/.local/lib/python3.7/site-packages/airflow/example_dags/example_task_group.py
[2024-08-17T22:08:42.007+0000] {processor.py:836} INFO - DAG(s) dict_keys(['example_task_group']) retrieved from /home/airflow/.local/lib/python3.7/site-packages/airflow/example_dags/example_task_group.py
[2024-08-17T22:08:42.045+0000] {logging_mixin.py:150} INFO - [2024-08-17T22:08:42.045+0000] {dag.py:2742} INFO - Sync 1 DAGs
[2024-08-17T22:08:42.077+0000] {logging_mixin.py:150} INFO - [2024-08-17T22:08:42.077+0000] {dag.py:3508} INFO - Setting next_dagrun for example_task_group to 2024-08-16T22:08:42.077006+00:00, run_after=2024-08-17T22:08:42.077006+00:00
[2024-08-17T22:08:42.106+0000] {processor.py:179} INFO - Processing /home/airflow/.local/lib/python3.7/site-packages/airflow/example_dags/example_task_group.py took 0.117 seconds
[2024-08-17T22:09:12.591+0000] {processor.py:157} INFO - Started process (PID=2719) to work on /home/airflow/.local/lib/python3.7/site-packages/airflow/example_dags/example_task_group.py
[2024-08-17T22:09:12.592+0000] {processor.py:826} INFO - Processing file /home/airflow/.local/lib/python3.7/site-packages/airflow/example_dags/example_task_group.py for tasks to queue
[2024-08-17T22:09:12.593+0000] {logging_mixin.py:150} INFO - [2024-08-17T22:09:12.593+0000] {dagbag.py:541} INFO - Filling up the DagBag from /home/airflow/.local/lib/python3.7/site-packages/airflow/example_dags/example_task_group.py
[2024-08-17T22:09:12.604+0000] {processor.py:836} INFO - DAG(s) dict_keys(['example_task_group']) retrieved from /home/airflow/.local/lib/python3.7/site-packages/airflow/example_dags/example_task_group.py
[2024-08-17T22:09:12.637+0000] {logging_mixin.py:150} INFO - [2024-08-17T22:09:12.637+0000] {dag.py:2742} INFO - Sync 1 DAGs
[2024-08-17T22:09:12.669+0000] {logging_mixin.py:150} INFO - [2024-08-17T22:09:12.669+0000] {dag.py:3508} INFO - Setting next_dagrun for example_task_group to 2024-08-16T22:09:12.669158+00:00, run_after=2024-08-17T22:09:12.669158+00:00
[2024-08-17T22:09:12.694+0000] {processor.py:179} INFO - Processing /home/airflow/.local/lib/python3.7/site-packages/airflow/example_dags/example_task_group.py took 0.108 seconds
[2024-08-17T22:09:43.050+0000] {processor.py:157} INFO - Started process (PID=2957) to work on /home/airflow/.local/lib/python3.7/site-packages/airflow/example_dags/example_task_group.py
[2024-08-17T22:09:43.052+0000] {processor.py:826} INFO - Processing file /home/airflow/.local/lib/python3.7/site-packages/airflow/example_dags/example_task_group.py for tasks to queue
[2024-08-17T22:09:43.053+0000] {logging_mixin.py:150} INFO - [2024-08-17T22:09:43.053+0000] {dagbag.py:541} INFO - Filling up the DagBag from /home/airflow/.local/lib/python3.7/site-packages/airflow/example_dags/example_task_group.py
[2024-08-17T22:09:43.063+0000] {processor.py:836} INFO - DAG(s) dict_keys(['example_task_group']) retrieved from /home/airflow/.local/lib/python3.7/site-packages/airflow/example_dags/example_task_group.py
[2024-08-17T22:09:43.096+0000] {logging_mixin.py:150} INFO - [2024-08-17T22:09:43.095+0000] {dag.py:2742} INFO - Sync 1 DAGs
[2024-08-17T22:09:43.129+0000] {logging_mixin.py:150} INFO - [2024-08-17T22:09:43.129+0000] {dag.py:3508} INFO - Setting next_dagrun for example_task_group to 2024-08-16T22:09:43.129297+00:00, run_after=2024-08-17T22:09:43.129297+00:00
[2024-08-17T22:09:43.160+0000] {processor.py:179} INFO - Processing /home/airflow/.local/lib/python3.7/site-packages/airflow/example_dags/example_task_group.py took 0.114 seconds
[2024-08-17T22:10:13.430+0000] {processor.py:157} INFO - Started process (PID=3195) to work on /home/airflow/.local/lib/python3.7/site-packages/airflow/example_dags/example_task_group.py
[2024-08-17T22:10:13.431+0000] {processor.py:826} INFO - Processing file /home/airflow/.local/lib/python3.7/site-packages/airflow/example_dags/example_task_group.py for tasks to queue
[2024-08-17T22:10:13.433+0000] {logging_mixin.py:150} INFO - [2024-08-17T22:10:13.432+0000] {dagbag.py:541} INFO - Filling up the DagBag from /home/airflow/.local/lib/python3.7/site-packages/airflow/example_dags/example_task_group.py
[2024-08-17T22:10:13.443+0000] {processor.py:836} INFO - DAG(s) dict_keys(['example_task_group']) retrieved from /home/airflow/.local/lib/python3.7/site-packages/airflow/example_dags/example_task_group.py
[2024-08-17T22:10:13.475+0000] {logging_mixin.py:150} INFO - [2024-08-17T22:10:13.475+0000] {dag.py:2742} INFO - Sync 1 DAGs
[2024-08-17T22:10:13.508+0000] {logging_mixin.py:150} INFO - [2024-08-17T22:10:13.508+0000] {dag.py:3508} INFO - Setting next_dagrun for example_task_group to 2024-08-16T22:10:13.508252+00:00, run_after=2024-08-17T22:10:13.508252+00:00
[2024-08-17T22:10:13.535+0000] {processor.py:179} INFO - Processing /home/airflow/.local/lib/python3.7/site-packages/airflow/example_dags/example_task_group.py took 0.109 seconds
[2024-08-17T22:10:44.131+0000] {processor.py:157} INFO - Started process (PID=3420) to work on /home/airflow/.local/lib/python3.7/site-packages/airflow/example_dags/example_task_group.py
[2024-08-17T22:10:44.133+0000] {processor.py:826} INFO - Processing file /home/airflow/.local/lib/python3.7/site-packages/airflow/example_dags/example_task_group.py for tasks to queue
[2024-08-17T22:10:44.134+0000] {logging_mixin.py:150} INFO - [2024-08-17T22:10:44.134+0000] {dagbag.py:541} INFO - Filling up the DagBag from /home/airflow/.local/lib/python3.7/site-packages/airflow/example_dags/example_task_group.py
[2024-08-17T22:10:44.144+0000] {processor.py:836} INFO - DAG(s) dict_keys(['example_task_group']) retrieved from /home/airflow/.local/lib/python3.7/site-packages/airflow/example_dags/example_task_group.py
[2024-08-17T22:10:44.175+0000] {logging_mixin.py:150} INFO - [2024-08-17T22:10:44.175+0000] {dag.py:2742} INFO - Sync 1 DAGs
[2024-08-17T22:10:44.206+0000] {logging_mixin.py:150} INFO - [2024-08-17T22:10:44.206+0000] {dag.py:3508} INFO - Setting next_dagrun for example_task_group to 2024-08-16T22:10:44.205980+00:00, run_after=2024-08-17T22:10:44.205980+00:00
[2024-08-17T22:10:44.235+0000] {processor.py:179} INFO - Processing /home/airflow/.local/lib/python3.7/site-packages/airflow/example_dags/example_task_group.py took 0.107 seconds
[2024-08-17T22:11:14.930+0000] {processor.py:157} INFO - Started process (PID=3658) to work on /home/airflow/.local/lib/python3.7/site-packages/airflow/example_dags/example_task_group.py
[2024-08-17T22:11:14.932+0000] {processor.py:826} INFO - Processing file /home/airflow/.local/lib/python3.7/site-packages/airflow/example_dags/example_task_group.py for tasks to queue
[2024-08-17T22:11:14.933+0000] {logging_mixin.py:150} INFO - [2024-08-17T22:11:14.932+0000] {dagbag.py:541} INFO - Filling up the DagBag from /home/airflow/.local/lib/python3.7/site-packages/airflow/example_dags/example_task_group.py
[2024-08-17T22:11:14.943+0000] {processor.py:836} INFO - DAG(s) dict_keys(['example_task_group']) retrieved from /home/airflow/.local/lib/python3.7/site-packages/airflow/example_dags/example_task_group.py
[2024-08-17T22:11:14.975+0000] {logging_mixin.py:150} INFO - [2024-08-17T22:11:14.974+0000] {dag.py:2742} INFO - Sync 1 DAGs
[2024-08-17T22:11:15.008+0000] {logging_mixin.py:150} INFO - [2024-08-17T22:11:15.007+0000] {dag.py:3508} INFO - Setting next_dagrun for example_task_group to 2024-08-16T22:11:15.007464+00:00, run_after=2024-08-17T22:11:15.007464+00:00
[2024-08-17T22:11:15.036+0000] {processor.py:179} INFO - Processing /home/airflow/.local/lib/python3.7/site-packages/airflow/example_dags/example_task_group.py took 0.110 seconds
[2024-08-17T22:12:09.129+0000] {processor.py:157} INFO - Started process (PID=206) to work on /home/airflow/.local/lib/python3.7/site-packages/airflow/example_dags/example_task_group.py
[2024-08-17T22:12:09.134+0000] {processor.py:826} INFO - Processing file /home/airflow/.local/lib/python3.7/site-packages/airflow/example_dags/example_task_group.py for tasks to queue
[2024-08-17T22:12:09.136+0000] {logging_mixin.py:150} INFO - [2024-08-17T22:12:09.135+0000] {dagbag.py:541} INFO - Filling up the DagBag from /home/airflow/.local/lib/python3.7/site-packages/airflow/example_dags/example_task_group.py
[2024-08-17T22:12:09.159+0000] {processor.py:836} INFO - DAG(s) dict_keys(['example_task_group']) retrieved from /home/airflow/.local/lib/python3.7/site-packages/airflow/example_dags/example_task_group.py
[2024-08-17T22:12:09.219+0000] {logging_mixin.py:150} INFO - [2024-08-17T22:12:09.219+0000] {dag.py:2742} INFO - Sync 1 DAGs
[2024-08-17T22:12:09.292+0000] {logging_mixin.py:150} INFO - [2024-08-17T22:12:09.292+0000] {dag.py:3508} INFO - Setting next_dagrun for example_task_group to 2024-08-16T22:12:09.292131+00:00, run_after=2024-08-17T22:12:09.292131+00:00
[2024-08-17T22:12:09.326+0000] {processor.py:179} INFO - Processing /home/airflow/.local/lib/python3.7/site-packages/airflow/example_dags/example_task_group.py took 0.205 seconds
[2024-08-17T22:12:40.133+0000] {processor.py:157} INFO - Started process (PID=439) to work on /home/airflow/.local/lib/python3.7/site-packages/airflow/example_dags/example_task_group.py
[2024-08-17T22:12:40.137+0000] {processor.py:826} INFO - Processing file /home/airflow/.local/lib/python3.7/site-packages/airflow/example_dags/example_task_group.py for tasks to queue
[2024-08-17T22:12:40.138+0000] {logging_mixin.py:150} INFO - [2024-08-17T22:12:40.138+0000] {dagbag.py:541} INFO - Filling up the DagBag from /home/airflow/.local/lib/python3.7/site-packages/airflow/example_dags/example_task_group.py
[2024-08-17T22:12:40.155+0000] {processor.py:836} INFO - DAG(s) dict_keys(['example_task_group']) retrieved from /home/airflow/.local/lib/python3.7/site-packages/airflow/example_dags/example_task_group.py
[2024-08-17T22:12:40.196+0000] {logging_mixin.py:150} INFO - [2024-08-17T22:12:40.195+0000] {dag.py:2742} INFO - Sync 1 DAGs
[2024-08-17T22:12:40.236+0000] {logging_mixin.py:150} INFO - [2024-08-17T22:12:40.236+0000] {dag.py:3508} INFO - Setting next_dagrun for example_task_group to 2024-08-16T22:12:40.235584+00:00, run_after=2024-08-17T22:12:40.235584+00:00
[2024-08-17T22:12:40.264+0000] {processor.py:179} INFO - Processing /home/airflow/.local/lib/python3.7/site-packages/airflow/example_dags/example_task_group.py took 0.138 seconds
[2024-08-17T22:13:11.436+0000] {processor.py:157} INFO - Started process (PID=677) to work on /home/airflow/.local/lib/python3.7/site-packages/airflow/example_dags/example_task_group.py
[2024-08-17T22:13:11.438+0000] {processor.py:826} INFO - Processing file /home/airflow/.local/lib/python3.7/site-packages/airflow/example_dags/example_task_group.py for tasks to queue
[2024-08-17T22:13:11.439+0000] {logging_mixin.py:150} INFO - [2024-08-17T22:13:11.439+0000] {dagbag.py:541} INFO - Filling up the DagBag from /home/airflow/.local/lib/python3.7/site-packages/airflow/example_dags/example_task_group.py
[2024-08-17T22:13:11.451+0000] {processor.py:836} INFO - DAG(s) dict_keys(['example_task_group']) retrieved from /home/airflow/.local/lib/python3.7/site-packages/airflow/example_dags/example_task_group.py
[2024-08-17T22:13:11.481+0000] {logging_mixin.py:150} INFO - [2024-08-17T22:13:11.480+0000] {dag.py:2742} INFO - Sync 1 DAGs
[2024-08-17T22:13:11.511+0000] {logging_mixin.py:150} INFO - [2024-08-17T22:13:11.511+0000] {dag.py:3508} INFO - Setting next_dagrun for example_task_group to 2024-08-16T22:13:11.510777+00:00, run_after=2024-08-17T22:13:11.510777+00:00
[2024-08-17T22:13:11.534+0000] {processor.py:179} INFO - Processing /home/airflow/.local/lib/python3.7/site-packages/airflow/example_dags/example_task_group.py took 0.102 seconds
[2024-08-17T22:13:41.961+0000] {processor.py:157} INFO - Started process (PID=917) to work on /home/airflow/.local/lib/python3.7/site-packages/airflow/example_dags/example_task_group.py
[2024-08-17T22:13:41.962+0000] {processor.py:826} INFO - Processing file /home/airflow/.local/lib/python3.7/site-packages/airflow/example_dags/example_task_group.py for tasks to queue
[2024-08-17T22:13:41.963+0000] {logging_mixin.py:150} INFO - [2024-08-17T22:13:41.962+0000] {dagbag.py:541} INFO - Filling up the DagBag from /home/airflow/.local/lib/python3.7/site-packages/airflow/example_dags/example_task_group.py
[2024-08-17T22:13:41.976+0000] {processor.py:836} INFO - DAG(s) dict_keys(['example_task_group']) retrieved from /home/airflow/.local/lib/python3.7/site-packages/airflow/example_dags/example_task_group.py
[2024-08-17T22:13:42.011+0000] {logging_mixin.py:150} INFO - [2024-08-17T22:13:42.011+0000] {dag.py:2742} INFO - Sync 1 DAGs
[2024-08-17T22:13:42.046+0000] {logging_mixin.py:150} INFO - [2024-08-17T22:13:42.045+0000] {dag.py:3508} INFO - Setting next_dagrun for example_task_group to 2024-08-16T22:13:42.045703+00:00, run_after=2024-08-17T22:13:42.045703+00:00
[2024-08-17T22:13:42.072+0000] {processor.py:179} INFO - Processing /home/airflow/.local/lib/python3.7/site-packages/airflow/example_dags/example_task_group.py took 0.115 seconds
[2024-08-17T22:14:12.214+0000] {processor.py:157} INFO - Started process (PID=1155) to work on /home/airflow/.local/lib/python3.7/site-packages/airflow/example_dags/example_task_group.py
[2024-08-17T22:14:12.215+0000] {processor.py:826} INFO - Processing file /home/airflow/.local/lib/python3.7/site-packages/airflow/example_dags/example_task_group.py for tasks to queue
[2024-08-17T22:14:12.217+0000] {logging_mixin.py:150} INFO - [2024-08-17T22:14:12.216+0000] {dagbag.py:541} INFO - Filling up the DagBag from /home/airflow/.local/lib/python3.7/site-packages/airflow/example_dags/example_task_group.py
[2024-08-17T22:14:12.230+0000] {processor.py:836} INFO - DAG(s) dict_keys(['example_task_group']) retrieved from /home/airflow/.local/lib/python3.7/site-packages/airflow/example_dags/example_task_group.py
[2024-08-17T22:14:12.264+0000] {logging_mixin.py:150} INFO - [2024-08-17T22:14:12.264+0000] {dag.py:2742} INFO - Sync 1 DAGs
[2024-08-17T22:14:12.299+0000] {logging_mixin.py:150} INFO - [2024-08-17T22:14:12.299+0000] {dag.py:3508} INFO - Setting next_dagrun for example_task_group to 2024-08-16T22:14:12.299022+00:00, run_after=2024-08-17T22:14:12.299022+00:00
[2024-08-17T22:14:12.329+0000] {processor.py:179} INFO - Processing /home/airflow/.local/lib/python3.7/site-packages/airflow/example_dags/example_task_group.py took 0.119 seconds
[2024-08-17T22:14:43.020+0000] {processor.py:157} INFO - Started process (PID=1391) to work on /home/airflow/.local/lib/python3.7/site-packages/airflow/example_dags/example_task_group.py
[2024-08-17T22:14:43.021+0000] {processor.py:826} INFO - Processing file /home/airflow/.local/lib/python3.7/site-packages/airflow/example_dags/example_task_group.py for tasks to queue
[2024-08-17T22:14:43.037+0000] {logging_mixin.py:150} INFO - [2024-08-17T22:14:43.037+0000] {dagbag.py:541} INFO - Filling up the DagBag from /home/airflow/.local/lib/python3.7/site-packages/airflow/example_dags/example_task_group.py
[2024-08-17T22:14:43.049+0000] {processor.py:836} INFO - DAG(s) dict_keys(['example_task_group']) retrieved from /home/airflow/.local/lib/python3.7/site-packages/airflow/example_dags/example_task_group.py
[2024-08-17T22:14:43.081+0000] {logging_mixin.py:150} INFO - [2024-08-17T22:14:43.080+0000] {dag.py:2742} INFO - Sync 1 DAGs
[2024-08-17T22:14:43.120+0000] {logging_mixin.py:150} INFO - [2024-08-17T22:14:43.119+0000] {dag.py:3508} INFO - Setting next_dagrun for example_task_group to 2024-08-16T22:14:43.119594+00:00, run_after=2024-08-17T22:14:43.119594+00:00
[2024-08-17T22:14:43.143+0000] {processor.py:179} INFO - Processing /home/airflow/.local/lib/python3.7/site-packages/airflow/example_dags/example_task_group.py took 0.132 seconds
[2024-08-17T22:15:13.707+0000] {processor.py:157} INFO - Started process (PID=1629) to work on /home/airflow/.local/lib/python3.7/site-packages/airflow/example_dags/example_task_group.py
[2024-08-17T22:15:13.708+0000] {processor.py:826} INFO - Processing file /home/airflow/.local/lib/python3.7/site-packages/airflow/example_dags/example_task_group.py for tasks to queue
[2024-08-17T22:15:13.709+0000] {logging_mixin.py:150} INFO - [2024-08-17T22:15:13.709+0000] {dagbag.py:541} INFO - Filling up the DagBag from /home/airflow/.local/lib/python3.7/site-packages/airflow/example_dags/example_task_group.py
[2024-08-17T22:15:13.720+0000] {processor.py:836} INFO - DAG(s) dict_keys(['example_task_group']) retrieved from /home/airflow/.local/lib/python3.7/site-packages/airflow/example_dags/example_task_group.py
[2024-08-17T22:15:13.751+0000] {logging_mixin.py:150} INFO - [2024-08-17T22:15:13.751+0000] {dag.py:2742} INFO - Sync 1 DAGs
[2024-08-17T22:15:13.782+0000] {logging_mixin.py:150} INFO - [2024-08-17T22:15:13.782+0000] {dag.py:3508} INFO - Setting next_dagrun for example_task_group to 2024-08-16T22:15:13.782252+00:00, run_after=2024-08-17T22:15:13.782252+00:00
[2024-08-17T22:15:13.806+0000] {processor.py:179} INFO - Processing /home/airflow/.local/lib/python3.7/site-packages/airflow/example_dags/example_task_group.py took 0.103 seconds
[2024-08-17T22:15:43.949+0000] {processor.py:157} INFO - Started process (PID=1867) to work on /home/airflow/.local/lib/python3.7/site-packages/airflow/example_dags/example_task_group.py
[2024-08-17T22:15:43.950+0000] {processor.py:826} INFO - Processing file /home/airflow/.local/lib/python3.7/site-packages/airflow/example_dags/example_task_group.py for tasks to queue
[2024-08-17T22:15:43.951+0000] {logging_mixin.py:150} INFO - [2024-08-17T22:15:43.951+0000] {dagbag.py:541} INFO - Filling up the DagBag from /home/airflow/.local/lib/python3.7/site-packages/airflow/example_dags/example_task_group.py
[2024-08-17T22:15:43.961+0000] {processor.py:836} INFO - DAG(s) dict_keys(['example_task_group']) retrieved from /home/airflow/.local/lib/python3.7/site-packages/airflow/example_dags/example_task_group.py
[2024-08-17T22:15:43.992+0000] {logging_mixin.py:150} INFO - [2024-08-17T22:15:43.992+0000] {dag.py:2742} INFO - Sync 1 DAGs
[2024-08-17T22:15:44.024+0000] {logging_mixin.py:150} INFO - [2024-08-17T22:15:44.024+0000] {dag.py:3508} INFO - Setting next_dagrun for example_task_group to 2024-08-16T22:15:44.023941+00:00, run_after=2024-08-17T22:15:44.023941+00:00
[2024-08-17T22:15:44.048+0000] {processor.py:179} INFO - Processing /home/airflow/.local/lib/python3.7/site-packages/airflow/example_dags/example_task_group.py took 0.103 seconds
[2024-08-17T22:16:14.094+0000] {processor.py:157} INFO - Started process (PID=2105) to work on /home/airflow/.local/lib/python3.7/site-packages/airflow/example_dags/example_task_group.py
[2024-08-17T22:16:14.096+0000] {processor.py:826} INFO - Processing file /home/airflow/.local/lib/python3.7/site-packages/airflow/example_dags/example_task_group.py for tasks to queue
[2024-08-17T22:16:14.098+0000] {logging_mixin.py:150} INFO - [2024-08-17T22:16:14.098+0000] {dagbag.py:541} INFO - Filling up the DagBag from /home/airflow/.local/lib/python3.7/site-packages/airflow/example_dags/example_task_group.py
[2024-08-17T22:16:14.113+0000] {processor.py:836} INFO - DAG(s) dict_keys(['example_task_group']) retrieved from /home/airflow/.local/lib/python3.7/site-packages/airflow/example_dags/example_task_group.py
[2024-08-17T22:16:14.158+0000] {logging_mixin.py:150} INFO - [2024-08-17T22:16:14.158+0000] {dag.py:2742} INFO - Sync 1 DAGs
[2024-08-17T22:16:14.191+0000] {logging_mixin.py:150} INFO - [2024-08-17T22:16:14.191+0000] {dag.py:3508} INFO - Setting next_dagrun for example_task_group to 2024-08-16T22:16:14.191258+00:00, run_after=2024-08-17T22:16:14.191258+00:00
[2024-08-17T22:16:14.216+0000] {processor.py:179} INFO - Processing /home/airflow/.local/lib/python3.7/site-packages/airflow/example_dags/example_task_group.py took 0.128 seconds
[2024-08-17T22:16:44.691+0000] {processor.py:157} INFO - Started process (PID=2345) to work on /home/airflow/.local/lib/python3.7/site-packages/airflow/example_dags/example_task_group.py
[2024-08-17T22:16:44.693+0000] {processor.py:826} INFO - Processing file /home/airflow/.local/lib/python3.7/site-packages/airflow/example_dags/example_task_group.py for tasks to queue
[2024-08-17T22:16:44.694+0000] {logging_mixin.py:150} INFO - [2024-08-17T22:16:44.693+0000] {dagbag.py:541} INFO - Filling up the DagBag from /home/airflow/.local/lib/python3.7/site-packages/airflow/example_dags/example_task_group.py
[2024-08-17T22:16:44.703+0000] {processor.py:836} INFO - DAG(s) dict_keys(['example_task_group']) retrieved from /home/airflow/.local/lib/python3.7/site-packages/airflow/example_dags/example_task_group.py
[2024-08-17T22:16:44.736+0000] {logging_mixin.py:150} INFO - [2024-08-17T22:16:44.736+0000] {dag.py:2742} INFO - Sync 1 DAGs
[2024-08-17T22:16:44.768+0000] {logging_mixin.py:150} INFO - [2024-08-17T22:16:44.767+0000] {dag.py:3508} INFO - Setting next_dagrun for example_task_group to 2024-08-16T22:16:44.767529+00:00, run_after=2024-08-17T22:16:44.767529+00:00
[2024-08-17T22:16:44.792+0000] {processor.py:179} INFO - Processing /home/airflow/.local/lib/python3.7/site-packages/airflow/example_dags/example_task_group.py took 0.106 seconds
