[2024-08-17T22:03:57.828+0000] {processor.py:157} INFO - Started process (PID=242) to work on /home/airflow/.local/lib/python3.7/site-packages/airflow/example_dags/example_trigger_target_dag.py
[2024-08-17T22:03:57.831+0000] {processor.py:826} INFO - Processing file /home/airflow/.local/lib/python3.7/site-packages/airflow/example_dags/example_trigger_target_dag.py for tasks to queue
[2024-08-17T22:03:57.832+0000] {logging_mixin.py:150} INFO - [2024-08-17T22:03:57.832+0000] {dagbag.py:541} INFO - Filling up the DagBag from /home/airflow/.local/lib/python3.7/site-packages/airflow/example_dags/example_trigger_target_dag.py
[2024-08-17T22:03:57.852+0000] {processor.py:836} INFO - DAG(s) dict_keys(['example_trigger_target_dag']) retrieved from /home/airflow/.local/lib/python3.7/site-packages/airflow/example_dags/example_trigger_target_dag.py
[2024-08-17T22:03:57.885+0000] {logging_mixin.py:150} INFO - [2024-08-17T22:03:57.885+0000] {dag.py:2742} INFO - Sync 1 DAGs
[2024-08-17T22:03:57.912+0000] {logging_mixin.py:150} INFO - [2024-08-17T22:03:57.911+0000] {dag.py:2763} INFO - Creating ORM DAG for example_trigger_target_dag
[2024-08-17T22:03:57.929+0000] {logging_mixin.py:150} INFO - [2024-08-17T22:03:57.929+0000] {dag.py:3508} INFO - Setting next_dagrun for example_trigger_target_dag to None, run_after=None
[2024-08-17T22:03:57.960+0000] {processor.py:179} INFO - Processing /home/airflow/.local/lib/python3.7/site-packages/airflow/example_dags/example_trigger_target_dag.py took 0.138 seconds
[2024-08-17T22:04:28.723+0000] {processor.py:157} INFO - Started process (PID=482) to work on /home/airflow/.local/lib/python3.7/site-packages/airflow/example_dags/example_trigger_target_dag.py
[2024-08-17T22:04:28.725+0000] {processor.py:826} INFO - Processing file /home/airflow/.local/lib/python3.7/site-packages/airflow/example_dags/example_trigger_target_dag.py for tasks to queue
[2024-08-17T22:04:28.727+0000] {logging_mixin.py:150} INFO - [2024-08-17T22:04:28.726+0000] {dagbag.py:541} INFO - Filling up the DagBag from /home/airflow/.local/lib/python3.7/site-packages/airflow/example_dags/example_trigger_target_dag.py
[2024-08-17T22:04:28.736+0000] {processor.py:836} INFO - DAG(s) dict_keys(['example_trigger_target_dag']) retrieved from /home/airflow/.local/lib/python3.7/site-packages/airflow/example_dags/example_trigger_target_dag.py
[2024-08-17T22:04:28.775+0000] {logging_mixin.py:150} INFO - [2024-08-17T22:04:28.775+0000] {dag.py:2742} INFO - Sync 1 DAGs
[2024-08-17T22:04:28.817+0000] {logging_mixin.py:150} INFO - [2024-08-17T22:04:28.816+0000] {dag.py:3508} INFO - Setting next_dagrun for example_trigger_target_dag to None, run_after=None
[2024-08-17T22:04:28.846+0000] {processor.py:179} INFO - Processing /home/airflow/.local/lib/python3.7/site-packages/airflow/example_dags/example_trigger_target_dag.py took 0.128 seconds
[2024-08-17T22:04:58.912+0000] {processor.py:157} INFO - Started process (PID=720) to work on /home/airflow/.local/lib/python3.7/site-packages/airflow/example_dags/example_trigger_target_dag.py
[2024-08-17T22:04:58.914+0000] {processor.py:826} INFO - Processing file /home/airflow/.local/lib/python3.7/site-packages/airflow/example_dags/example_trigger_target_dag.py for tasks to queue
[2024-08-17T22:04:58.915+0000] {logging_mixin.py:150} INFO - [2024-08-17T22:04:58.915+0000] {dagbag.py:541} INFO - Filling up the DagBag from /home/airflow/.local/lib/python3.7/site-packages/airflow/example_dags/example_trigger_target_dag.py
[2024-08-17T22:04:58.923+0000] {processor.py:836} INFO - DAG(s) dict_keys(['example_trigger_target_dag']) retrieved from /home/airflow/.local/lib/python3.7/site-packages/airflow/example_dags/example_trigger_target_dag.py
[2024-08-17T22:04:58.954+0000] {logging_mixin.py:150} INFO - [2024-08-17T22:04:58.953+0000] {dag.py:2742} INFO - Sync 1 DAGs
[2024-08-17T22:04:58.986+0000] {logging_mixin.py:150} INFO - [2024-08-17T22:04:58.986+0000] {dag.py:3508} INFO - Setting next_dagrun for example_trigger_target_dag to None, run_after=None
[2024-08-17T22:04:59.009+0000] {processor.py:179} INFO - Processing /home/airflow/.local/lib/python3.7/site-packages/airflow/example_dags/example_trigger_target_dag.py took 0.102 seconds
[2024-08-17T22:05:35.353+0000] {processor.py:157} INFO - Started process (PID=958) to work on /home/airflow/.local/lib/python3.7/site-packages/airflow/example_dags/example_trigger_target_dag.py
[2024-08-17T22:05:35.362+0000] {processor.py:826} INFO - Processing file /home/airflow/.local/lib/python3.7/site-packages/airflow/example_dags/example_trigger_target_dag.py for tasks to queue
[2024-08-17T22:05:35.366+0000] {logging_mixin.py:150} INFO - [2024-08-17T22:05:35.365+0000] {dagbag.py:541} INFO - Filling up the DagBag from /home/airflow/.local/lib/python3.7/site-packages/airflow/example_dags/example_trigger_target_dag.py
[2024-08-17T22:05:35.400+0000] {processor.py:836} INFO - DAG(s) dict_keys(['example_trigger_target_dag']) retrieved from /home/airflow/.local/lib/python3.7/site-packages/airflow/example_dags/example_trigger_target_dag.py
[2024-08-17T22:05:35.582+0000] {logging_mixin.py:150} INFO - [2024-08-17T22:05:35.581+0000] {dag.py:2742} INFO - Sync 1 DAGs
[2024-08-17T22:05:35.741+0000] {logging_mixin.py:150} INFO - [2024-08-17T22:05:35.740+0000] {dag.py:3508} INFO - Setting next_dagrun for example_trigger_target_dag to None, run_after=None
[2024-08-17T22:05:35.835+0000] {processor.py:179} INFO - Processing /home/airflow/.local/lib/python3.7/site-packages/airflow/example_dags/example_trigger_target_dag.py took 0.496 seconds
[2024-08-17T22:06:06.363+0000] {processor.py:157} INFO - Started process (PID=1196) to work on /home/airflow/.local/lib/python3.7/site-packages/airflow/example_dags/example_trigger_target_dag.py
[2024-08-17T22:06:06.365+0000] {processor.py:826} INFO - Processing file /home/airflow/.local/lib/python3.7/site-packages/airflow/example_dags/example_trigger_target_dag.py for tasks to queue
[2024-08-17T22:06:06.367+0000] {logging_mixin.py:150} INFO - [2024-08-17T22:06:06.367+0000] {dagbag.py:541} INFO - Filling up the DagBag from /home/airflow/.local/lib/python3.7/site-packages/airflow/example_dags/example_trigger_target_dag.py
[2024-08-17T22:06:06.376+0000] {processor.py:836} INFO - DAG(s) dict_keys(['example_trigger_target_dag']) retrieved from /home/airflow/.local/lib/python3.7/site-packages/airflow/example_dags/example_trigger_target_dag.py
[2024-08-17T22:06:06.415+0000] {logging_mixin.py:150} INFO - [2024-08-17T22:06:06.415+0000] {dag.py:2742} INFO - Sync 1 DAGs
[2024-08-17T22:06:06.449+0000] {logging_mixin.py:150} INFO - [2024-08-17T22:06:06.449+0000] {dag.py:3508} INFO - Setting next_dagrun for example_trigger_target_dag to None, run_after=None
[2024-08-17T22:06:06.479+0000] {processor.py:179} INFO - Processing /home/airflow/.local/lib/python3.7/site-packages/airflow/example_dags/example_trigger_target_dag.py took 0.122 seconds
[2024-08-17T22:06:36.598+0000] {processor.py:157} INFO - Started process (PID=1434) to work on /home/airflow/.local/lib/python3.7/site-packages/airflow/example_dags/example_trigger_target_dag.py
[2024-08-17T22:06:36.600+0000] {processor.py:826} INFO - Processing file /home/airflow/.local/lib/python3.7/site-packages/airflow/example_dags/example_trigger_target_dag.py for tasks to queue
[2024-08-17T22:06:36.603+0000] {logging_mixin.py:150} INFO - [2024-08-17T22:06:36.603+0000] {dagbag.py:541} INFO - Filling up the DagBag from /home/airflow/.local/lib/python3.7/site-packages/airflow/example_dags/example_trigger_target_dag.py
[2024-08-17T22:06:36.610+0000] {processor.py:836} INFO - DAG(s) dict_keys(['example_trigger_target_dag']) retrieved from /home/airflow/.local/lib/python3.7/site-packages/airflow/example_dags/example_trigger_target_dag.py
[2024-08-17T22:06:36.642+0000] {logging_mixin.py:150} INFO - [2024-08-17T22:06:36.642+0000] {dag.py:2742} INFO - Sync 1 DAGs
[2024-08-17T22:06:36.680+0000] {logging_mixin.py:150} INFO - [2024-08-17T22:06:36.680+0000] {dag.py:3508} INFO - Setting next_dagrun for example_trigger_target_dag to None, run_after=None
[2024-08-17T22:06:36.715+0000] {processor.py:179} INFO - Processing /home/airflow/.local/lib/python3.7/site-packages/airflow/example_dags/example_trigger_target_dag.py took 0.122 seconds
[2024-08-17T22:07:07.655+0000] {processor.py:157} INFO - Started process (PID=1672) to work on /home/airflow/.local/lib/python3.7/site-packages/airflow/example_dags/example_trigger_target_dag.py
[2024-08-17T22:07:07.658+0000] {processor.py:826} INFO - Processing file /home/airflow/.local/lib/python3.7/site-packages/airflow/example_dags/example_trigger_target_dag.py for tasks to queue
[2024-08-17T22:07:07.659+0000] {logging_mixin.py:150} INFO - [2024-08-17T22:07:07.659+0000] {dagbag.py:541} INFO - Filling up the DagBag from /home/airflow/.local/lib/python3.7/site-packages/airflow/example_dags/example_trigger_target_dag.py
[2024-08-17T22:07:07.668+0000] {processor.py:836} INFO - DAG(s) dict_keys(['example_trigger_target_dag']) retrieved from /home/airflow/.local/lib/python3.7/site-packages/airflow/example_dags/example_trigger_target_dag.py
[2024-08-17T22:07:07.715+0000] {logging_mixin.py:150} INFO - [2024-08-17T22:07:07.715+0000] {dag.py:2742} INFO - Sync 1 DAGs
[2024-08-17T22:07:07.759+0000] {logging_mixin.py:150} INFO - [2024-08-17T22:07:07.758+0000] {dag.py:3508} INFO - Setting next_dagrun for example_trigger_target_dag to None, run_after=None
[2024-08-17T22:07:07.792+0000] {processor.py:179} INFO - Processing /home/airflow/.local/lib/python3.7/site-packages/airflow/example_dags/example_trigger_target_dag.py took 0.142 seconds
[2024-08-17T22:07:38.498+0000] {processor.py:157} INFO - Started process (PID=1910) to work on /home/airflow/.local/lib/python3.7/site-packages/airflow/example_dags/example_trigger_target_dag.py
[2024-08-17T22:07:38.500+0000] {processor.py:826} INFO - Processing file /home/airflow/.local/lib/python3.7/site-packages/airflow/example_dags/example_trigger_target_dag.py for tasks to queue
[2024-08-17T22:07:38.502+0000] {logging_mixin.py:150} INFO - [2024-08-17T22:07:38.501+0000] {dagbag.py:541} INFO - Filling up the DagBag from /home/airflow/.local/lib/python3.7/site-packages/airflow/example_dags/example_trigger_target_dag.py
[2024-08-17T22:07:38.509+0000] {processor.py:836} INFO - DAG(s) dict_keys(['example_trigger_target_dag']) retrieved from /home/airflow/.local/lib/python3.7/site-packages/airflow/example_dags/example_trigger_target_dag.py
[2024-08-17T22:07:38.543+0000] {logging_mixin.py:150} INFO - [2024-08-17T22:07:38.543+0000] {dag.py:2742} INFO - Sync 1 DAGs
[2024-08-17T22:07:38.577+0000] {logging_mixin.py:150} INFO - [2024-08-17T22:07:38.577+0000] {dag.py:3508} INFO - Setting next_dagrun for example_trigger_target_dag to None, run_after=None
[2024-08-17T22:07:38.605+0000] {processor.py:179} INFO - Processing /home/airflow/.local/lib/python3.7/site-packages/airflow/example_dags/example_trigger_target_dag.py took 0.111 seconds
[2024-08-17T22:08:12.644+0000] {processor.py:157} INFO - Started process (PID=2258) to work on /home/airflow/.local/lib/python3.7/site-packages/airflow/example_dags/example_trigger_target_dag.py
[2024-08-17T22:08:12.646+0000] {processor.py:826} INFO - Processing file /home/airflow/.local/lib/python3.7/site-packages/airflow/example_dags/example_trigger_target_dag.py for tasks to queue
[2024-08-17T22:08:12.647+0000] {logging_mixin.py:150} INFO - [2024-08-17T22:08:12.647+0000] {dagbag.py:541} INFO - Filling up the DagBag from /home/airflow/.local/lib/python3.7/site-packages/airflow/example_dags/example_trigger_target_dag.py
[2024-08-17T22:08:12.659+0000] {processor.py:836} INFO - DAG(s) dict_keys(['example_trigger_target_dag']) retrieved from /home/airflow/.local/lib/python3.7/site-packages/airflow/example_dags/example_trigger_target_dag.py
[2024-08-17T22:08:12.792+0000] {logging_mixin.py:150} INFO - [2024-08-17T22:08:12.792+0000] {dag.py:2742} INFO - Sync 1 DAGs
[2024-08-17T22:08:12.888+0000] {logging_mixin.py:150} INFO - [2024-08-17T22:08:12.887+0000] {dag.py:3508} INFO - Setting next_dagrun for example_trigger_target_dag to None, run_after=None
[2024-08-17T22:08:12.948+0000] {processor.py:179} INFO - Processing /home/airflow/.local/lib/python3.7/site-packages/airflow/example_dags/example_trigger_target_dag.py took 0.310 seconds
[2024-08-17T22:08:43.800+0000] {processor.py:157} INFO - Started process (PID=2518) to work on /home/airflow/.local/lib/python3.7/site-packages/airflow/example_dags/example_trigger_target_dag.py
[2024-08-17T22:08:43.804+0000] {processor.py:826} INFO - Processing file /home/airflow/.local/lib/python3.7/site-packages/airflow/example_dags/example_trigger_target_dag.py for tasks to queue
[2024-08-17T22:08:43.806+0000] {logging_mixin.py:150} INFO - [2024-08-17T22:08:43.805+0000] {dagbag.py:541} INFO - Filling up the DagBag from /home/airflow/.local/lib/python3.7/site-packages/airflow/example_dags/example_trigger_target_dag.py
[2024-08-17T22:08:43.814+0000] {processor.py:836} INFO - DAG(s) dict_keys(['example_trigger_target_dag']) retrieved from /home/airflow/.local/lib/python3.7/site-packages/airflow/example_dags/example_trigger_target_dag.py
[2024-08-17T22:08:43.852+0000] {logging_mixin.py:150} INFO - [2024-08-17T22:08:43.852+0000] {dag.py:2742} INFO - Sync 1 DAGs
[2024-08-17T22:08:43.884+0000] {logging_mixin.py:150} INFO - [2024-08-17T22:08:43.884+0000] {dag.py:3508} INFO - Setting next_dagrun for example_trigger_target_dag to None, run_after=None
[2024-08-17T22:08:43.912+0000] {processor.py:179} INFO - Processing /home/airflow/.local/lib/python3.7/site-packages/airflow/example_dags/example_trigger_target_dag.py took 0.116 seconds
[2024-08-17T22:09:14.164+0000] {processor.py:157} INFO - Started process (PID=2756) to work on /home/airflow/.local/lib/python3.7/site-packages/airflow/example_dags/example_trigger_target_dag.py
[2024-08-17T22:09:14.165+0000] {processor.py:826} INFO - Processing file /home/airflow/.local/lib/python3.7/site-packages/airflow/example_dags/example_trigger_target_dag.py for tasks to queue
[2024-08-17T22:09:14.166+0000] {logging_mixin.py:150} INFO - [2024-08-17T22:09:14.166+0000] {dagbag.py:541} INFO - Filling up the DagBag from /home/airflow/.local/lib/python3.7/site-packages/airflow/example_dags/example_trigger_target_dag.py
[2024-08-17T22:09:14.174+0000] {processor.py:836} INFO - DAG(s) dict_keys(['example_trigger_target_dag']) retrieved from /home/airflow/.local/lib/python3.7/site-packages/airflow/example_dags/example_trigger_target_dag.py
[2024-08-17T22:09:14.211+0000] {logging_mixin.py:150} INFO - [2024-08-17T22:09:14.211+0000] {dag.py:2742} INFO - Sync 1 DAGs
[2024-08-17T22:09:14.250+0000] {logging_mixin.py:150} INFO - [2024-08-17T22:09:14.249+0000] {dag.py:3508} INFO - Setting next_dagrun for example_trigger_target_dag to None, run_after=None
[2024-08-17T22:09:14.279+0000] {processor.py:179} INFO - Processing /home/airflow/.local/lib/python3.7/site-packages/airflow/example_dags/example_trigger_target_dag.py took 0.121 seconds
[2024-08-17T22:09:44.674+0000] {processor.py:157} INFO - Started process (PID=2994) to work on /home/airflow/.local/lib/python3.7/site-packages/airflow/example_dags/example_trigger_target_dag.py
[2024-08-17T22:09:44.676+0000] {processor.py:826} INFO - Processing file /home/airflow/.local/lib/python3.7/site-packages/airflow/example_dags/example_trigger_target_dag.py for tasks to queue
[2024-08-17T22:09:44.677+0000] {logging_mixin.py:150} INFO - [2024-08-17T22:09:44.677+0000] {dagbag.py:541} INFO - Filling up the DagBag from /home/airflow/.local/lib/python3.7/site-packages/airflow/example_dags/example_trigger_target_dag.py
[2024-08-17T22:09:44.685+0000] {processor.py:836} INFO - DAG(s) dict_keys(['example_trigger_target_dag']) retrieved from /home/airflow/.local/lib/python3.7/site-packages/airflow/example_dags/example_trigger_target_dag.py
[2024-08-17T22:09:44.719+0000] {logging_mixin.py:150} INFO - [2024-08-17T22:09:44.719+0000] {dag.py:2742} INFO - Sync 1 DAGs
[2024-08-17T22:09:44.749+0000] {logging_mixin.py:150} INFO - [2024-08-17T22:09:44.749+0000] {dag.py:3508} INFO - Setting next_dagrun for example_trigger_target_dag to None, run_after=None
[2024-08-17T22:09:44.775+0000] {processor.py:179} INFO - Processing /home/airflow/.local/lib/python3.7/site-packages/airflow/example_dags/example_trigger_target_dag.py took 0.107 seconds
[2024-08-17T22:10:15.503+0000] {processor.py:157} INFO - Started process (PID=3232) to work on /home/airflow/.local/lib/python3.7/site-packages/airflow/example_dags/example_trigger_target_dag.py
[2024-08-17T22:10:15.505+0000] {processor.py:826} INFO - Processing file /home/airflow/.local/lib/python3.7/site-packages/airflow/example_dags/example_trigger_target_dag.py for tasks to queue
[2024-08-17T22:10:15.508+0000] {logging_mixin.py:150} INFO - [2024-08-17T22:10:15.507+0000] {dagbag.py:541} INFO - Filling up the DagBag from /home/airflow/.local/lib/python3.7/site-packages/airflow/example_dags/example_trigger_target_dag.py
[2024-08-17T22:10:15.516+0000] {processor.py:836} INFO - DAG(s) dict_keys(['example_trigger_target_dag']) retrieved from /home/airflow/.local/lib/python3.7/site-packages/airflow/example_dags/example_trigger_target_dag.py
[2024-08-17T22:10:15.577+0000] {logging_mixin.py:150} INFO - [2024-08-17T22:10:15.577+0000] {dag.py:2742} INFO - Sync 1 DAGs
[2024-08-17T22:10:15.636+0000] {logging_mixin.py:150} INFO - [2024-08-17T22:10:15.635+0000] {dag.py:3508} INFO - Setting next_dagrun for example_trigger_target_dag to None, run_after=None
[2024-08-17T22:10:15.711+0000] {processor.py:179} INFO - Processing /home/airflow/.local/lib/python3.7/site-packages/airflow/example_dags/example_trigger_target_dag.py took 0.217 seconds
[2024-08-17T22:10:46.295+0000] {processor.py:157} INFO - Started process (PID=3470) to work on /home/airflow/.local/lib/python3.7/site-packages/airflow/example_dags/example_trigger_target_dag.py
[2024-08-17T22:10:46.296+0000] {processor.py:826} INFO - Processing file /home/airflow/.local/lib/python3.7/site-packages/airflow/example_dags/example_trigger_target_dag.py for tasks to queue
[2024-08-17T22:10:46.298+0000] {logging_mixin.py:150} INFO - [2024-08-17T22:10:46.298+0000] {dagbag.py:541} INFO - Filling up the DagBag from /home/airflow/.local/lib/python3.7/site-packages/airflow/example_dags/example_trigger_target_dag.py
[2024-08-17T22:10:46.306+0000] {processor.py:836} INFO - DAG(s) dict_keys(['example_trigger_target_dag']) retrieved from /home/airflow/.local/lib/python3.7/site-packages/airflow/example_dags/example_trigger_target_dag.py
[2024-08-17T22:10:46.340+0000] {logging_mixin.py:150} INFO - [2024-08-17T22:10:46.339+0000] {dag.py:2742} INFO - Sync 1 DAGs
[2024-08-17T22:10:46.370+0000] {logging_mixin.py:150} INFO - [2024-08-17T22:10:46.370+0000] {dag.py:3508} INFO - Setting next_dagrun for example_trigger_target_dag to None, run_after=None
[2024-08-17T22:10:46.399+0000] {processor.py:179} INFO - Processing /home/airflow/.local/lib/python3.7/site-packages/airflow/example_dags/example_trigger_target_dag.py took 0.109 seconds
[2024-08-17T22:12:13.744+0000] {processor.py:157} INFO - Started process (PID=241) to work on /home/airflow/.local/lib/python3.7/site-packages/airflow/example_dags/example_trigger_target_dag.py
[2024-08-17T22:12:13.746+0000] {processor.py:826} INFO - Processing file /home/airflow/.local/lib/python3.7/site-packages/airflow/example_dags/example_trigger_target_dag.py for tasks to queue
[2024-08-17T22:12:13.747+0000] {logging_mixin.py:150} INFO - [2024-08-17T22:12:13.747+0000] {dagbag.py:541} INFO - Filling up the DagBag from /home/airflow/.local/lib/python3.7/site-packages/airflow/example_dags/example_trigger_target_dag.py
[2024-08-17T22:12:13.757+0000] {processor.py:836} INFO - DAG(s) dict_keys(['example_trigger_target_dag']) retrieved from /home/airflow/.local/lib/python3.7/site-packages/airflow/example_dags/example_trigger_target_dag.py
[2024-08-17T22:12:13.794+0000] {logging_mixin.py:150} INFO - [2024-08-17T22:12:13.793+0000] {dag.py:2742} INFO - Sync 1 DAGs
[2024-08-17T22:12:13.832+0000] {logging_mixin.py:150} INFO - [2024-08-17T22:12:13.831+0000] {dag.py:3508} INFO - Setting next_dagrun for example_trigger_target_dag to None, run_after=None
[2024-08-17T22:12:13.869+0000] {processor.py:179} INFO - Processing /home/airflow/.local/lib/python3.7/site-packages/airflow/example_dags/example_trigger_target_dag.py took 0.130 seconds
[2024-08-17T22:12:44.705+0000] {processor.py:157} INFO - Started process (PID=479) to work on /home/airflow/.local/lib/python3.7/site-packages/airflow/example_dags/example_trigger_target_dag.py
[2024-08-17T22:12:44.708+0000] {processor.py:826} INFO - Processing file /home/airflow/.local/lib/python3.7/site-packages/airflow/example_dags/example_trigger_target_dag.py for tasks to queue
[2024-08-17T22:12:44.709+0000] {logging_mixin.py:150} INFO - [2024-08-17T22:12:44.709+0000] {dagbag.py:541} INFO - Filling up the DagBag from /home/airflow/.local/lib/python3.7/site-packages/airflow/example_dags/example_trigger_target_dag.py
[2024-08-17T22:12:44.723+0000] {processor.py:836} INFO - DAG(s) dict_keys(['example_trigger_target_dag']) retrieved from /home/airflow/.local/lib/python3.7/site-packages/airflow/example_dags/example_trigger_target_dag.py
[2024-08-17T22:12:44.762+0000] {logging_mixin.py:150} INFO - [2024-08-17T22:12:44.761+0000] {dag.py:2742} INFO - Sync 1 DAGs
[2024-08-17T22:12:44.799+0000] {logging_mixin.py:150} INFO - [2024-08-17T22:12:44.798+0000] {dag.py:3508} INFO - Setting next_dagrun for example_trigger_target_dag to None, run_after=None
[2024-08-17T22:12:44.824+0000] {processor.py:179} INFO - Processing /home/airflow/.local/lib/python3.7/site-packages/airflow/example_dags/example_trigger_target_dag.py took 0.127 seconds
[2024-08-17T22:13:15.062+0000] {processor.py:157} INFO - Started process (PID=717) to work on /home/airflow/.local/lib/python3.7/site-packages/airflow/example_dags/example_trigger_target_dag.py
[2024-08-17T22:13:15.064+0000] {processor.py:826} INFO - Processing file /home/airflow/.local/lib/python3.7/site-packages/airflow/example_dags/example_trigger_target_dag.py for tasks to queue
[2024-08-17T22:13:15.065+0000] {logging_mixin.py:150} INFO - [2024-08-17T22:13:15.065+0000] {dagbag.py:541} INFO - Filling up the DagBag from /home/airflow/.local/lib/python3.7/site-packages/airflow/example_dags/example_trigger_target_dag.py
[2024-08-17T22:13:15.073+0000] {processor.py:836} INFO - DAG(s) dict_keys(['example_trigger_target_dag']) retrieved from /home/airflow/.local/lib/python3.7/site-packages/airflow/example_dags/example_trigger_target_dag.py
[2024-08-17T22:13:15.100+0000] {logging_mixin.py:150} INFO - [2024-08-17T22:13:15.100+0000] {dag.py:2742} INFO - Sync 1 DAGs
[2024-08-17T22:13:15.131+0000] {logging_mixin.py:150} INFO - [2024-08-17T22:13:15.130+0000] {dag.py:3508} INFO - Setting next_dagrun for example_trigger_target_dag to None, run_after=None
[2024-08-17T22:13:15.154+0000] {processor.py:179} INFO - Processing /home/airflow/.local/lib/python3.7/site-packages/airflow/example_dags/example_trigger_target_dag.py took 0.096 seconds
[2024-08-17T22:13:45.588+0000] {processor.py:157} INFO - Started process (PID=957) to work on /home/airflow/.local/lib/python3.7/site-packages/airflow/example_dags/example_trigger_target_dag.py
[2024-08-17T22:13:45.589+0000] {processor.py:826} INFO - Processing file /home/airflow/.local/lib/python3.7/site-packages/airflow/example_dags/example_trigger_target_dag.py for tasks to queue
[2024-08-17T22:13:45.590+0000] {logging_mixin.py:150} INFO - [2024-08-17T22:13:45.590+0000] {dagbag.py:541} INFO - Filling up the DagBag from /home/airflow/.local/lib/python3.7/site-packages/airflow/example_dags/example_trigger_target_dag.py
[2024-08-17T22:13:45.597+0000] {processor.py:836} INFO - DAG(s) dict_keys(['example_trigger_target_dag']) retrieved from /home/airflow/.local/lib/python3.7/site-packages/airflow/example_dags/example_trigger_target_dag.py
[2024-08-17T22:13:45.627+0000] {logging_mixin.py:150} INFO - [2024-08-17T22:13:45.626+0000] {dag.py:2742} INFO - Sync 1 DAGs
[2024-08-17T22:13:45.658+0000] {logging_mixin.py:150} INFO - [2024-08-17T22:13:45.658+0000] {dag.py:3508} INFO - Setting next_dagrun for example_trigger_target_dag to None, run_after=None
[2024-08-17T22:13:45.682+0000] {processor.py:179} INFO - Processing /home/airflow/.local/lib/python3.7/site-packages/airflow/example_dags/example_trigger_target_dag.py took 0.098 seconds
[2024-08-17T22:14:15.934+0000] {processor.py:157} INFO - Started process (PID=1193) to work on /home/airflow/.local/lib/python3.7/site-packages/airflow/example_dags/example_trigger_target_dag.py
[2024-08-17T22:14:15.935+0000] {processor.py:826} INFO - Processing file /home/airflow/.local/lib/python3.7/site-packages/airflow/example_dags/example_trigger_target_dag.py for tasks to queue
[2024-08-17T22:14:15.937+0000] {logging_mixin.py:150} INFO - [2024-08-17T22:14:15.936+0000] {dagbag.py:541} INFO - Filling up the DagBag from /home/airflow/.local/lib/python3.7/site-packages/airflow/example_dags/example_trigger_target_dag.py
[2024-08-17T22:14:15.944+0000] {processor.py:836} INFO - DAG(s) dict_keys(['example_trigger_target_dag']) retrieved from /home/airflow/.local/lib/python3.7/site-packages/airflow/example_dags/example_trigger_target_dag.py
[2024-08-17T22:14:15.979+0000] {logging_mixin.py:150} INFO - [2024-08-17T22:14:15.979+0000] {dag.py:2742} INFO - Sync 1 DAGs
[2024-08-17T22:14:16.013+0000] {logging_mixin.py:150} INFO - [2024-08-17T22:14:16.013+0000] {dag.py:3508} INFO - Setting next_dagrun for example_trigger_target_dag to None, run_after=None
[2024-08-17T22:14:16.039+0000] {processor.py:179} INFO - Processing /home/airflow/.local/lib/python3.7/site-packages/airflow/example_dags/example_trigger_target_dag.py took 0.110 seconds
[2024-08-17T22:14:47.409+0000] {processor.py:157} INFO - Started process (PID=1431) to work on /home/airflow/.local/lib/python3.7/site-packages/airflow/example_dags/example_trigger_target_dag.py
[2024-08-17T22:14:47.411+0000] {processor.py:826} INFO - Processing file /home/airflow/.local/lib/python3.7/site-packages/airflow/example_dags/example_trigger_target_dag.py for tasks to queue
[2024-08-17T22:14:47.413+0000] {logging_mixin.py:150} INFO - [2024-08-17T22:14:47.412+0000] {dagbag.py:541} INFO - Filling up the DagBag from /home/airflow/.local/lib/python3.7/site-packages/airflow/example_dags/example_trigger_target_dag.py
[2024-08-17T22:14:47.442+0000] {processor.py:836} INFO - DAG(s) dict_keys(['example_trigger_target_dag']) retrieved from /home/airflow/.local/lib/python3.7/site-packages/airflow/example_dags/example_trigger_target_dag.py
[2024-08-17T22:14:47.527+0000] {logging_mixin.py:150} INFO - [2024-08-17T22:14:47.527+0000] {dag.py:2742} INFO - Sync 1 DAGs
[2024-08-17T22:14:47.598+0000] {logging_mixin.py:150} INFO - [2024-08-17T22:14:47.597+0000] {dag.py:3508} INFO - Setting next_dagrun for example_trigger_target_dag to None, run_after=None
[2024-08-17T22:14:47.646+0000] {processor.py:179} INFO - Processing /home/airflow/.local/lib/python3.7/site-packages/airflow/example_dags/example_trigger_target_dag.py took 0.244 seconds
[2024-08-17T22:15:18.334+0000] {processor.py:157} INFO - Started process (PID=1669) to work on /home/airflow/.local/lib/python3.7/site-packages/airflow/example_dags/example_trigger_target_dag.py
[2024-08-17T22:15:18.335+0000] {processor.py:826} INFO - Processing file /home/airflow/.local/lib/python3.7/site-packages/airflow/example_dags/example_trigger_target_dag.py for tasks to queue
[2024-08-17T22:15:18.336+0000] {logging_mixin.py:150} INFO - [2024-08-17T22:15:18.336+0000] {dagbag.py:541} INFO - Filling up the DagBag from /home/airflow/.local/lib/python3.7/site-packages/airflow/example_dags/example_trigger_target_dag.py
[2024-08-17T22:15:18.343+0000] {processor.py:836} INFO - DAG(s) dict_keys(['example_trigger_target_dag']) retrieved from /home/airflow/.local/lib/python3.7/site-packages/airflow/example_dags/example_trigger_target_dag.py
[2024-08-17T22:15:18.372+0000] {logging_mixin.py:150} INFO - [2024-08-17T22:15:18.372+0000] {dag.py:2742} INFO - Sync 1 DAGs
[2024-08-17T22:15:18.404+0000] {logging_mixin.py:150} INFO - [2024-08-17T22:15:18.404+0000] {dag.py:3508} INFO - Setting next_dagrun for example_trigger_target_dag to None, run_after=None
[2024-08-17T22:15:18.427+0000] {processor.py:179} INFO - Processing /home/airflow/.local/lib/python3.7/site-packages/airflow/example_dags/example_trigger_target_dag.py took 0.097 seconds
[2024-08-17T22:15:48.532+0000] {processor.py:157} INFO - Started process (PID=1907) to work on /home/airflow/.local/lib/python3.7/site-packages/airflow/example_dags/example_trigger_target_dag.py
[2024-08-17T22:15:48.533+0000] {processor.py:826} INFO - Processing file /home/airflow/.local/lib/python3.7/site-packages/airflow/example_dags/example_trigger_target_dag.py for tasks to queue
[2024-08-17T22:15:48.534+0000] {logging_mixin.py:150} INFO - [2024-08-17T22:15:48.534+0000] {dagbag.py:541} INFO - Filling up the DagBag from /home/airflow/.local/lib/python3.7/site-packages/airflow/example_dags/example_trigger_target_dag.py
[2024-08-17T22:15:48.541+0000] {processor.py:836} INFO - DAG(s) dict_keys(['example_trigger_target_dag']) retrieved from /home/airflow/.local/lib/python3.7/site-packages/airflow/example_dags/example_trigger_target_dag.py
[2024-08-17T22:15:48.571+0000] {logging_mixin.py:150} INFO - [2024-08-17T22:15:48.571+0000] {dag.py:2742} INFO - Sync 1 DAGs
[2024-08-17T22:15:48.601+0000] {logging_mixin.py:150} INFO - [2024-08-17T22:15:48.601+0000] {dag.py:3508} INFO - Setting next_dagrun for example_trigger_target_dag to None, run_after=None
[2024-08-17T22:15:48.624+0000] {processor.py:179} INFO - Processing /home/airflow/.local/lib/python3.7/site-packages/airflow/example_dags/example_trigger_target_dag.py took 0.096 seconds
[2024-08-17T22:16:18.652+0000] {processor.py:157} INFO - Started process (PID=2140) to work on /home/airflow/.local/lib/python3.7/site-packages/airflow/example_dags/example_trigger_target_dag.py
[2024-08-17T22:16:18.653+0000] {processor.py:826} INFO - Processing file /home/airflow/.local/lib/python3.7/site-packages/airflow/example_dags/example_trigger_target_dag.py for tasks to queue
[2024-08-17T22:16:18.654+0000] {logging_mixin.py:150} INFO - [2024-08-17T22:16:18.654+0000] {dagbag.py:541} INFO - Filling up the DagBag from /home/airflow/.local/lib/python3.7/site-packages/airflow/example_dags/example_trigger_target_dag.py
[2024-08-17T22:16:18.662+0000] {processor.py:836} INFO - DAG(s) dict_keys(['example_trigger_target_dag']) retrieved from /home/airflow/.local/lib/python3.7/site-packages/airflow/example_dags/example_trigger_target_dag.py
[2024-08-17T22:16:18.693+0000] {logging_mixin.py:150} INFO - [2024-08-17T22:16:18.693+0000] {dag.py:2742} INFO - Sync 1 DAGs
[2024-08-17T22:16:18.728+0000] {logging_mixin.py:150} INFO - [2024-08-17T22:16:18.728+0000] {dag.py:3508} INFO - Setting next_dagrun for example_trigger_target_dag to None, run_after=None
[2024-08-17T22:16:18.753+0000] {processor.py:179} INFO - Processing /home/airflow/.local/lib/python3.7/site-packages/airflow/example_dags/example_trigger_target_dag.py took 0.105 seconds
