[2024-08-17T22:03:59.679+0000] {processor.py:157} INFO - Started process (PID=307) to work on /home/airflow/.local/lib/python3.7/site-packages/airflow/example_dags/example_short_circuit_decorator.py
[2024-08-17T22:03:59.681+0000] {processor.py:826} INFO - Processing file /home/airflow/.local/lib/python3.7/site-packages/airflow/example_dags/example_short_circuit_decorator.py for tasks to queue
[2024-08-17T22:03:59.682+0000] {logging_mixin.py:150} INFO - [2024-08-17T22:03:59.682+0000] {dagbag.py:541} INFO - Filling up the DagBag from /home/airflow/.local/lib/python3.7/site-packages/airflow/example_dags/example_short_circuit_decorator.py
[2024-08-17T22:03:59.701+0000] {processor.py:836} INFO - DAG(s) dict_keys(['example_short_circuit_decorator']) retrieved from /home/airflow/.local/lib/python3.7/site-packages/airflow/example_dags/example_short_circuit_decorator.py
[2024-08-17T22:03:59.724+0000] {logging_mixin.py:150} INFO - [2024-08-17T22:03:59.724+0000] {dag.py:2742} INFO - Sync 1 DAGs
[2024-08-17T22:03:59.747+0000] {logging_mixin.py:150} INFO - [2024-08-17T22:03:59.747+0000] {dag.py:2763} INFO - Creating ORM DAG for example_short_circuit_decorator
[2024-08-17T22:03:59.766+0000] {logging_mixin.py:150} INFO - [2024-08-17T22:03:59.766+0000] {dag.py:3508} INFO - Setting next_dagrun for example_short_circuit_decorator to 2024-08-16T22:03:59.766131+00:00, run_after=2024-08-17T22:03:59.766131+00:00
[2024-08-17T22:03:59.802+0000] {processor.py:179} INFO - Processing /home/airflow/.local/lib/python3.7/site-packages/airflow/example_dags/example_short_circuit_decorator.py took 0.127 seconds
[2024-08-17T22:04:30.295+0000] {processor.py:157} INFO - Started process (PID=540) to work on /home/airflow/.local/lib/python3.7/site-packages/airflow/example_dags/example_short_circuit_decorator.py
[2024-08-17T22:04:30.297+0000] {processor.py:826} INFO - Processing file /home/airflow/.local/lib/python3.7/site-packages/airflow/example_dags/example_short_circuit_decorator.py for tasks to queue
[2024-08-17T22:04:30.298+0000] {logging_mixin.py:150} INFO - [2024-08-17T22:04:30.298+0000] {dagbag.py:541} INFO - Filling up the DagBag from /home/airflow/.local/lib/python3.7/site-packages/airflow/example_dags/example_short_circuit_decorator.py
[2024-08-17T22:04:30.317+0000] {processor.py:836} INFO - DAG(s) dict_keys(['example_short_circuit_decorator']) retrieved from /home/airflow/.local/lib/python3.7/site-packages/airflow/example_dags/example_short_circuit_decorator.py
[2024-08-17T22:04:30.359+0000] {logging_mixin.py:150} INFO - [2024-08-17T22:04:30.359+0000] {dag.py:2742} INFO - Sync 1 DAGs
[2024-08-17T22:04:30.400+0000] {logging_mixin.py:150} INFO - [2024-08-17T22:04:30.399+0000] {dag.py:3508} INFO - Setting next_dagrun for example_short_circuit_decorator to 2024-08-16T22:04:30.399497+00:00, run_after=2024-08-17T22:04:30.399497+00:00
[2024-08-17T22:04:30.430+0000] {processor.py:179} INFO - Processing /home/airflow/.local/lib/python3.7/site-packages/airflow/example_dags/example_short_circuit_decorator.py took 0.139 seconds
[2024-08-17T22:05:00.983+0000] {processor.py:157} INFO - Started process (PID=778) to work on /home/airflow/.local/lib/python3.7/site-packages/airflow/example_dags/example_short_circuit_decorator.py
[2024-08-17T22:05:00.984+0000] {processor.py:826} INFO - Processing file /home/airflow/.local/lib/python3.7/site-packages/airflow/example_dags/example_short_circuit_decorator.py for tasks to queue
[2024-08-17T22:05:00.986+0000] {logging_mixin.py:150} INFO - [2024-08-17T22:05:00.985+0000] {dagbag.py:541} INFO - Filling up the DagBag from /home/airflow/.local/lib/python3.7/site-packages/airflow/example_dags/example_short_circuit_decorator.py
[2024-08-17T22:05:01.001+0000] {processor.py:836} INFO - DAG(s) dict_keys(['example_short_circuit_decorator']) retrieved from /home/airflow/.local/lib/python3.7/site-packages/airflow/example_dags/example_short_circuit_decorator.py
[2024-08-17T22:05:01.063+0000] {logging_mixin.py:150} INFO - [2024-08-17T22:05:01.063+0000] {dag.py:2742} INFO - Sync 1 DAGs
[2024-08-17T22:05:01.118+0000] {logging_mixin.py:150} INFO - [2024-08-17T22:05:01.118+0000] {dag.py:3508} INFO - Setting next_dagrun for example_short_circuit_decorator to 2024-08-16T22:05:01.117604+00:00, run_after=2024-08-17T22:05:01.117604+00:00
[2024-08-17T22:05:01.167+0000] {processor.py:179} INFO - Processing /home/airflow/.local/lib/python3.7/site-packages/airflow/example_dags/example_short_circuit_decorator.py took 0.189 seconds
[2024-08-17T22:05:37.729+0000] {processor.py:157} INFO - Started process (PID=1016) to work on /home/airflow/.local/lib/python3.7/site-packages/airflow/example_dags/example_short_circuit_decorator.py
[2024-08-17T22:05:37.742+0000] {processor.py:826} INFO - Processing file /home/airflow/.local/lib/python3.7/site-packages/airflow/example_dags/example_short_circuit_decorator.py for tasks to queue
[2024-08-17T22:05:37.746+0000] {logging_mixin.py:150} INFO - [2024-08-17T22:05:37.745+0000] {dagbag.py:541} INFO - Filling up the DagBag from /home/airflow/.local/lib/python3.7/site-packages/airflow/example_dags/example_short_circuit_decorator.py
[2024-08-17T22:05:37.801+0000] {processor.py:836} INFO - DAG(s) dict_keys(['example_short_circuit_decorator']) retrieved from /home/airflow/.local/lib/python3.7/site-packages/airflow/example_dags/example_short_circuit_decorator.py
[2024-08-17T22:05:37.884+0000] {logging_mixin.py:150} INFO - [2024-08-17T22:05:37.884+0000] {dag.py:2742} INFO - Sync 1 DAGs
[2024-08-17T22:05:37.931+0000] {logging_mixin.py:150} INFO - [2024-08-17T22:05:37.931+0000] {dag.py:3508} INFO - Setting next_dagrun for example_short_circuit_decorator to 2024-08-16T22:05:37.930701+00:00, run_after=2024-08-17T22:05:37.930701+00:00
[2024-08-17T22:05:37.968+0000] {processor.py:179} INFO - Processing /home/airflow/.local/lib/python3.7/site-packages/airflow/example_dags/example_short_circuit_decorator.py took 0.329 seconds
[2024-08-17T22:06:08.337+0000] {processor.py:157} INFO - Started process (PID=1254) to work on /home/airflow/.local/lib/python3.7/site-packages/airflow/example_dags/example_short_circuit_decorator.py
[2024-08-17T22:06:08.338+0000] {processor.py:826} INFO - Processing file /home/airflow/.local/lib/python3.7/site-packages/airflow/example_dags/example_short_circuit_decorator.py for tasks to queue
[2024-08-17T22:06:08.339+0000] {logging_mixin.py:150} INFO - [2024-08-17T22:06:08.339+0000] {dagbag.py:541} INFO - Filling up the DagBag from /home/airflow/.local/lib/python3.7/site-packages/airflow/example_dags/example_short_circuit_decorator.py
[2024-08-17T22:06:08.352+0000] {processor.py:836} INFO - DAG(s) dict_keys(['example_short_circuit_decorator']) retrieved from /home/airflow/.local/lib/python3.7/site-packages/airflow/example_dags/example_short_circuit_decorator.py
[2024-08-17T22:06:08.396+0000] {logging_mixin.py:150} INFO - [2024-08-17T22:06:08.395+0000] {dag.py:2742} INFO - Sync 1 DAGs
[2024-08-17T22:06:08.440+0000] {logging_mixin.py:150} INFO - [2024-08-17T22:06:08.440+0000] {dag.py:3508} INFO - Setting next_dagrun for example_short_circuit_decorator to 2024-08-16T22:06:08.439912+00:00, run_after=2024-08-17T22:06:08.439912+00:00
[2024-08-17T22:06:08.468+0000] {processor.py:179} INFO - Processing /home/airflow/.local/lib/python3.7/site-packages/airflow/example_dags/example_short_circuit_decorator.py took 0.137 seconds
[2024-08-17T22:06:38.642+0000] {processor.py:157} INFO - Started process (PID=1492) to work on /home/airflow/.local/lib/python3.7/site-packages/airflow/example_dags/example_short_circuit_decorator.py
[2024-08-17T22:06:38.643+0000] {processor.py:826} INFO - Processing file /home/airflow/.local/lib/python3.7/site-packages/airflow/example_dags/example_short_circuit_decorator.py for tasks to queue
[2024-08-17T22:06:38.646+0000] {logging_mixin.py:150} INFO - [2024-08-17T22:06:38.646+0000] {dagbag.py:541} INFO - Filling up the DagBag from /home/airflow/.local/lib/python3.7/site-packages/airflow/example_dags/example_short_circuit_decorator.py
[2024-08-17T22:06:38.662+0000] {processor.py:836} INFO - DAG(s) dict_keys(['example_short_circuit_decorator']) retrieved from /home/airflow/.local/lib/python3.7/site-packages/airflow/example_dags/example_short_circuit_decorator.py
[2024-08-17T22:06:38.711+0000] {logging_mixin.py:150} INFO - [2024-08-17T22:06:38.711+0000] {dag.py:2742} INFO - Sync 1 DAGs
[2024-08-17T22:06:38.753+0000] {logging_mixin.py:150} INFO - [2024-08-17T22:06:38.753+0000] {dag.py:3508} INFO - Setting next_dagrun for example_short_circuit_decorator to 2024-08-16T22:06:38.753215+00:00, run_after=2024-08-17T22:06:38.753215+00:00
[2024-08-17T22:06:38.781+0000] {processor.py:179} INFO - Processing /home/airflow/.local/lib/python3.7/site-packages/airflow/example_dags/example_short_circuit_decorator.py took 0.144 seconds
[2024-08-17T22:07:08.956+0000] {processor.py:157} INFO - Started process (PID=1730) to work on /home/airflow/.local/lib/python3.7/site-packages/airflow/example_dags/example_short_circuit_decorator.py
[2024-08-17T22:07:08.958+0000] {processor.py:826} INFO - Processing file /home/airflow/.local/lib/python3.7/site-packages/airflow/example_dags/example_short_circuit_decorator.py for tasks to queue
[2024-08-17T22:07:08.959+0000] {logging_mixin.py:150} INFO - [2024-08-17T22:07:08.959+0000] {dagbag.py:541} INFO - Filling up the DagBag from /home/airflow/.local/lib/python3.7/site-packages/airflow/example_dags/example_short_circuit_decorator.py
[2024-08-17T22:07:08.977+0000] {processor.py:836} INFO - DAG(s) dict_keys(['example_short_circuit_decorator']) retrieved from /home/airflow/.local/lib/python3.7/site-packages/airflow/example_dags/example_short_circuit_decorator.py
[2024-08-17T22:07:09.019+0000] {logging_mixin.py:150} INFO - [2024-08-17T22:07:09.019+0000] {dag.py:2742} INFO - Sync 1 DAGs
[2024-08-17T22:07:09.060+0000] {logging_mixin.py:150} INFO - [2024-08-17T22:07:09.059+0000] {dag.py:3508} INFO - Setting next_dagrun for example_short_circuit_decorator to 2024-08-16T22:07:09.059409+00:00, run_after=2024-08-17T22:07:09.059409+00:00
[2024-08-17T22:07:09.086+0000] {processor.py:179} INFO - Processing /home/airflow/.local/lib/python3.7/site-packages/airflow/example_dags/example_short_circuit_decorator.py took 0.135 seconds
[2024-08-17T22:07:39.576+0000] {processor.py:157} INFO - Started process (PID=1970) to work on /home/airflow/.local/lib/python3.7/site-packages/airflow/example_dags/example_short_circuit_decorator.py
[2024-08-17T22:07:39.577+0000] {processor.py:826} INFO - Processing file /home/airflow/.local/lib/python3.7/site-packages/airflow/example_dags/example_short_circuit_decorator.py for tasks to queue
[2024-08-17T22:07:39.578+0000] {logging_mixin.py:150} INFO - [2024-08-17T22:07:39.577+0000] {dagbag.py:541} INFO - Filling up the DagBag from /home/airflow/.local/lib/python3.7/site-packages/airflow/example_dags/example_short_circuit_decorator.py
[2024-08-17T22:07:39.593+0000] {processor.py:836} INFO - DAG(s) dict_keys(['example_short_circuit_decorator']) retrieved from /home/airflow/.local/lib/python3.7/site-packages/airflow/example_dags/example_short_circuit_decorator.py
[2024-08-17T22:07:39.627+0000] {logging_mixin.py:150} INFO - [2024-08-17T22:07:39.627+0000] {dag.py:2742} INFO - Sync 1 DAGs
[2024-08-17T22:07:39.661+0000] {logging_mixin.py:150} INFO - [2024-08-17T22:07:39.661+0000] {dag.py:3508} INFO - Setting next_dagrun for example_short_circuit_decorator to 2024-08-16T22:07:39.660802+00:00, run_after=2024-08-17T22:07:39.660802+00:00
[2024-08-17T22:07:39.685+0000] {processor.py:179} INFO - Processing /home/airflow/.local/lib/python3.7/site-packages/airflow/example_dags/example_short_circuit_decorator.py took 0.115 seconds
[2024-08-17T22:08:14.893+0000] {processor.py:157} INFO - Started process (PID=2332) to work on /home/airflow/.local/lib/python3.7/site-packages/airflow/example_dags/example_short_circuit_decorator.py
[2024-08-17T22:08:14.899+0000] {processor.py:826} INFO - Processing file /home/airflow/.local/lib/python3.7/site-packages/airflow/example_dags/example_short_circuit_decorator.py for tasks to queue
[2024-08-17T22:08:14.902+0000] {logging_mixin.py:150} INFO - [2024-08-17T22:08:14.900+0000] {dagbag.py:541} INFO - Filling up the DagBag from /home/airflow/.local/lib/python3.7/site-packages/airflow/example_dags/example_short_circuit_decorator.py
[2024-08-17T22:08:14.932+0000] {processor.py:836} INFO - DAG(s) dict_keys(['example_short_circuit_decorator']) retrieved from /home/airflow/.local/lib/python3.7/site-packages/airflow/example_dags/example_short_circuit_decorator.py
[2024-08-17T22:08:14.995+0000] {logging_mixin.py:150} INFO - [2024-08-17T22:08:14.995+0000] {dag.py:2742} INFO - Sync 1 DAGs
[2024-08-17T22:08:15.055+0000] {logging_mixin.py:150} INFO - [2024-08-17T22:08:15.055+0000] {dag.py:3508} INFO - Setting next_dagrun for example_short_circuit_decorator to 2024-08-16T22:08:15.054801+00:00, run_after=2024-08-17T22:08:15.054801+00:00
[2024-08-17T22:08:15.093+0000] {processor.py:179} INFO - Processing /home/airflow/.local/lib/python3.7/site-packages/airflow/example_dags/example_short_circuit_decorator.py took 0.214 seconds
[2024-08-17T22:08:45.698+0000] {processor.py:157} INFO - Started process (PID=2578) to work on /home/airflow/.local/lib/python3.7/site-packages/airflow/example_dags/example_short_circuit_decorator.py
[2024-08-17T22:08:45.699+0000] {processor.py:826} INFO - Processing file /home/airflow/.local/lib/python3.7/site-packages/airflow/example_dags/example_short_circuit_decorator.py for tasks to queue
[2024-08-17T22:08:45.701+0000] {logging_mixin.py:150} INFO - [2024-08-17T22:08:45.700+0000] {dagbag.py:541} INFO - Filling up the DagBag from /home/airflow/.local/lib/python3.7/site-packages/airflow/example_dags/example_short_circuit_decorator.py
[2024-08-17T22:08:45.714+0000] {processor.py:836} INFO - DAG(s) dict_keys(['example_short_circuit_decorator']) retrieved from /home/airflow/.local/lib/python3.7/site-packages/airflow/example_dags/example_short_circuit_decorator.py
[2024-08-17T22:08:45.749+0000] {logging_mixin.py:150} INFO - [2024-08-17T22:08:45.749+0000] {dag.py:2742} INFO - Sync 1 DAGs
[2024-08-17T22:08:45.784+0000] {logging_mixin.py:150} INFO - [2024-08-17T22:08:45.784+0000] {dag.py:3508} INFO - Setting next_dagrun for example_short_circuit_decorator to 2024-08-16T22:08:45.784328+00:00, run_after=2024-08-17T22:08:45.784328+00:00
[2024-08-17T22:08:45.811+0000] {processor.py:179} INFO - Processing /home/airflow/.local/lib/python3.7/site-packages/airflow/example_dags/example_short_circuit_decorator.py took 0.117 seconds
[2024-08-17T22:09:16.078+0000] {processor.py:157} INFO - Started process (PID=2816) to work on /home/airflow/.local/lib/python3.7/site-packages/airflow/example_dags/example_short_circuit_decorator.py
[2024-08-17T22:09:16.080+0000] {processor.py:826} INFO - Processing file /home/airflow/.local/lib/python3.7/site-packages/airflow/example_dags/example_short_circuit_decorator.py for tasks to queue
[2024-08-17T22:09:16.081+0000] {logging_mixin.py:150} INFO - [2024-08-17T22:09:16.080+0000] {dagbag.py:541} INFO - Filling up the DagBag from /home/airflow/.local/lib/python3.7/site-packages/airflow/example_dags/example_short_circuit_decorator.py
[2024-08-17T22:09:16.093+0000] {processor.py:836} INFO - DAG(s) dict_keys(['example_short_circuit_decorator']) retrieved from /home/airflow/.local/lib/python3.7/site-packages/airflow/example_dags/example_short_circuit_decorator.py
[2024-08-17T22:09:16.129+0000] {logging_mixin.py:150} INFO - [2024-08-17T22:09:16.129+0000] {dag.py:2742} INFO - Sync 1 DAGs
[2024-08-17T22:09:16.161+0000] {logging_mixin.py:150} INFO - [2024-08-17T22:09:16.160+0000] {dag.py:3508} INFO - Setting next_dagrun for example_short_circuit_decorator to 2024-08-16T22:09:16.160522+00:00, run_after=2024-08-17T22:09:16.160522+00:00
[2024-08-17T22:09:16.192+0000] {processor.py:179} INFO - Processing /home/airflow/.local/lib/python3.7/site-packages/airflow/example_dags/example_short_circuit_decorator.py took 0.118 seconds
[2024-08-17T22:09:46.495+0000] {processor.py:157} INFO - Started process (PID=3054) to work on /home/airflow/.local/lib/python3.7/site-packages/airflow/example_dags/example_short_circuit_decorator.py
[2024-08-17T22:09:46.497+0000] {processor.py:826} INFO - Processing file /home/airflow/.local/lib/python3.7/site-packages/airflow/example_dags/example_short_circuit_decorator.py for tasks to queue
[2024-08-17T22:09:46.498+0000] {logging_mixin.py:150} INFO - [2024-08-17T22:09:46.498+0000] {dagbag.py:541} INFO - Filling up the DagBag from /home/airflow/.local/lib/python3.7/site-packages/airflow/example_dags/example_short_circuit_decorator.py
[2024-08-17T22:09:46.510+0000] {processor.py:836} INFO - DAG(s) dict_keys(['example_short_circuit_decorator']) retrieved from /home/airflow/.local/lib/python3.7/site-packages/airflow/example_dags/example_short_circuit_decorator.py
[2024-08-17T22:09:46.545+0000] {logging_mixin.py:150} INFO - [2024-08-17T22:09:46.545+0000] {dag.py:2742} INFO - Sync 1 DAGs
[2024-08-17T22:09:46.576+0000] {logging_mixin.py:150} INFO - [2024-08-17T22:09:46.576+0000] {dag.py:3508} INFO - Setting next_dagrun for example_short_circuit_decorator to 2024-08-16T22:09:46.576013+00:00, run_after=2024-08-17T22:09:46.576013+00:00
[2024-08-17T22:09:46.599+0000] {processor.py:179} INFO - Processing /home/airflow/.local/lib/python3.7/site-packages/airflow/example_dags/example_short_circuit_decorator.py took 0.108 seconds
[2024-08-17T22:10:17.484+0000] {processor.py:157} INFO - Started process (PID=3292) to work on /home/airflow/.local/lib/python3.7/site-packages/airflow/example_dags/example_short_circuit_decorator.py
[2024-08-17T22:10:17.485+0000] {processor.py:826} INFO - Processing file /home/airflow/.local/lib/python3.7/site-packages/airflow/example_dags/example_short_circuit_decorator.py for tasks to queue
[2024-08-17T22:10:17.486+0000] {logging_mixin.py:150} INFO - [2024-08-17T22:10:17.486+0000] {dagbag.py:541} INFO - Filling up the DagBag from /home/airflow/.local/lib/python3.7/site-packages/airflow/example_dags/example_short_circuit_decorator.py
[2024-08-17T22:10:17.499+0000] {processor.py:836} INFO - DAG(s) dict_keys(['example_short_circuit_decorator']) retrieved from /home/airflow/.local/lib/python3.7/site-packages/airflow/example_dags/example_short_circuit_decorator.py
[2024-08-17T22:10:17.539+0000] {logging_mixin.py:150} INFO - [2024-08-17T22:10:17.539+0000] {dag.py:2742} INFO - Sync 1 DAGs
[2024-08-17T22:10:17.572+0000] {logging_mixin.py:150} INFO - [2024-08-17T22:10:17.571+0000] {dag.py:3508} INFO - Setting next_dagrun for example_short_circuit_decorator to 2024-08-16T22:10:17.571575+00:00, run_after=2024-08-17T22:10:17.571575+00:00
[2024-08-17T22:10:17.604+0000] {processor.py:179} INFO - Processing /home/airflow/.local/lib/python3.7/site-packages/airflow/example_dags/example_short_circuit_decorator.py took 0.126 seconds
[2024-08-17T22:10:48.182+0000] {processor.py:157} INFO - Started process (PID=3530) to work on /home/airflow/.local/lib/python3.7/site-packages/airflow/example_dags/example_short_circuit_decorator.py
[2024-08-17T22:10:48.184+0000] {processor.py:826} INFO - Processing file /home/airflow/.local/lib/python3.7/site-packages/airflow/example_dags/example_short_circuit_decorator.py for tasks to queue
[2024-08-17T22:10:48.185+0000] {logging_mixin.py:150} INFO - [2024-08-17T22:10:48.185+0000] {dagbag.py:541} INFO - Filling up the DagBag from /home/airflow/.local/lib/python3.7/site-packages/airflow/example_dags/example_short_circuit_decorator.py
[2024-08-17T22:10:48.198+0000] {processor.py:836} INFO - DAG(s) dict_keys(['example_short_circuit_decorator']) retrieved from /home/airflow/.local/lib/python3.7/site-packages/airflow/example_dags/example_short_circuit_decorator.py
[2024-08-17T22:10:48.232+0000] {logging_mixin.py:150} INFO - [2024-08-17T22:10:48.232+0000] {dag.py:2742} INFO - Sync 1 DAGs
[2024-08-17T22:10:48.265+0000] {logging_mixin.py:150} INFO - [2024-08-17T22:10:48.264+0000] {dag.py:3508} INFO - Setting next_dagrun for example_short_circuit_decorator to 2024-08-16T22:10:48.264675+00:00, run_after=2024-08-17T22:10:48.264675+00:00
[2024-08-17T22:10:48.291+0000] {processor.py:179} INFO - Processing /home/airflow/.local/lib/python3.7/site-packages/airflow/example_dags/example_short_circuit_decorator.py took 0.112 seconds
[2024-08-17T22:12:15.595+0000] {processor.py:157} INFO - Started process (PID=306) to work on /home/airflow/.local/lib/python3.7/site-packages/airflow/example_dags/example_short_circuit_decorator.py
[2024-08-17T22:12:15.599+0000] {processor.py:826} INFO - Processing file /home/airflow/.local/lib/python3.7/site-packages/airflow/example_dags/example_short_circuit_decorator.py for tasks to queue
[2024-08-17T22:12:15.601+0000] {logging_mixin.py:150} INFO - [2024-08-17T22:12:15.600+0000] {dagbag.py:541} INFO - Filling up the DagBag from /home/airflow/.local/lib/python3.7/site-packages/airflow/example_dags/example_short_circuit_decorator.py
[2024-08-17T22:12:15.635+0000] {processor.py:836} INFO - DAG(s) dict_keys(['example_short_circuit_decorator']) retrieved from /home/airflow/.local/lib/python3.7/site-packages/airflow/example_dags/example_short_circuit_decorator.py
[2024-08-17T22:12:15.705+0000] {logging_mixin.py:150} INFO - [2024-08-17T22:12:15.705+0000] {dag.py:2742} INFO - Sync 1 DAGs
[2024-08-17T22:12:15.745+0000] {logging_mixin.py:150} INFO - [2024-08-17T22:12:15.744+0000] {dag.py:3508} INFO - Setting next_dagrun for example_short_circuit_decorator to 2024-08-16T22:12:15.744487+00:00, run_after=2024-08-17T22:12:15.744487+00:00
[2024-08-17T22:12:15.775+0000] {processor.py:179} INFO - Processing /home/airflow/.local/lib/python3.7/site-packages/airflow/example_dags/example_short_circuit_decorator.py took 0.188 seconds
[2024-08-17T22:12:46.018+0000] {processor.py:157} INFO - Started process (PID=539) to work on /home/airflow/.local/lib/python3.7/site-packages/airflow/example_dags/example_short_circuit_decorator.py
[2024-08-17T22:12:46.019+0000] {processor.py:826} INFO - Processing file /home/airflow/.local/lib/python3.7/site-packages/airflow/example_dags/example_short_circuit_decorator.py for tasks to queue
[2024-08-17T22:12:46.021+0000] {logging_mixin.py:150} INFO - [2024-08-17T22:12:46.021+0000] {dagbag.py:541} INFO - Filling up the DagBag from /home/airflow/.local/lib/python3.7/site-packages/airflow/example_dags/example_short_circuit_decorator.py
[2024-08-17T22:12:46.037+0000] {processor.py:836} INFO - DAG(s) dict_keys(['example_short_circuit_decorator']) retrieved from /home/airflow/.local/lib/python3.7/site-packages/airflow/example_dags/example_short_circuit_decorator.py
[2024-08-17T22:12:46.111+0000] {logging_mixin.py:150} INFO - [2024-08-17T22:12:46.110+0000] {dag.py:2742} INFO - Sync 1 DAGs
[2024-08-17T22:12:46.159+0000] {logging_mixin.py:150} INFO - [2024-08-17T22:12:46.159+0000] {dag.py:3508} INFO - Setting next_dagrun for example_short_circuit_decorator to 2024-08-16T22:12:46.158762+00:00, run_after=2024-08-17T22:12:46.158762+00:00
[2024-08-17T22:12:46.192+0000] {processor.py:179} INFO - Processing /home/airflow/.local/lib/python3.7/site-packages/airflow/example_dags/example_short_circuit_decorator.py took 0.181 seconds
[2024-08-17T22:13:17.010+0000] {processor.py:157} INFO - Started process (PID=778) to work on /home/airflow/.local/lib/python3.7/site-packages/airflow/example_dags/example_short_circuit_decorator.py
[2024-08-17T22:13:17.011+0000] {processor.py:826} INFO - Processing file /home/airflow/.local/lib/python3.7/site-packages/airflow/example_dags/example_short_circuit_decorator.py for tasks to queue
[2024-08-17T22:13:17.012+0000] {logging_mixin.py:150} INFO - [2024-08-17T22:13:17.012+0000] {dagbag.py:541} INFO - Filling up the DagBag from /home/airflow/.local/lib/python3.7/site-packages/airflow/example_dags/example_short_circuit_decorator.py
[2024-08-17T22:13:17.030+0000] {processor.py:836} INFO - DAG(s) dict_keys(['example_short_circuit_decorator']) retrieved from /home/airflow/.local/lib/python3.7/site-packages/airflow/example_dags/example_short_circuit_decorator.py
[2024-08-17T22:13:17.063+0000] {logging_mixin.py:150} INFO - [2024-08-17T22:13:17.062+0000] {dag.py:2742} INFO - Sync 1 DAGs
[2024-08-17T22:13:17.098+0000] {logging_mixin.py:150} INFO - [2024-08-17T22:13:17.098+0000] {dag.py:3508} INFO - Setting next_dagrun for example_short_circuit_decorator to 2024-08-16T22:13:17.097871+00:00, run_after=2024-08-17T22:13:17.097871+00:00
[2024-08-17T22:13:17.122+0000] {processor.py:179} INFO - Processing /home/airflow/.local/lib/python3.7/site-packages/airflow/example_dags/example_short_circuit_decorator.py took 0.116 seconds
[2024-08-17T22:13:47.485+0000] {processor.py:157} INFO - Started process (PID=1017) to work on /home/airflow/.local/lib/python3.7/site-packages/airflow/example_dags/example_short_circuit_decorator.py
[2024-08-17T22:13:47.486+0000] {processor.py:826} INFO - Processing file /home/airflow/.local/lib/python3.7/site-packages/airflow/example_dags/example_short_circuit_decorator.py for tasks to queue
[2024-08-17T22:13:47.487+0000] {logging_mixin.py:150} INFO - [2024-08-17T22:13:47.487+0000] {dagbag.py:541} INFO - Filling up the DagBag from /home/airflow/.local/lib/python3.7/site-packages/airflow/example_dags/example_short_circuit_decorator.py
[2024-08-17T22:13:47.501+0000] {processor.py:836} INFO - DAG(s) dict_keys(['example_short_circuit_decorator']) retrieved from /home/airflow/.local/lib/python3.7/site-packages/airflow/example_dags/example_short_circuit_decorator.py
[2024-08-17T22:13:47.547+0000] {logging_mixin.py:150} INFO - [2024-08-17T22:13:47.547+0000] {dag.py:2742} INFO - Sync 1 DAGs
[2024-08-17T22:13:47.587+0000] {logging_mixin.py:150} INFO - [2024-08-17T22:13:47.587+0000] {dag.py:3508} INFO - Setting next_dagrun for example_short_circuit_decorator to 2024-08-16T22:13:47.587219+00:00, run_after=2024-08-17T22:13:47.587219+00:00
[2024-08-17T22:13:47.613+0000] {processor.py:179} INFO - Processing /home/airflow/.local/lib/python3.7/site-packages/airflow/example_dags/example_short_circuit_decorator.py took 0.133 seconds
[2024-08-17T22:14:17.819+0000] {processor.py:157} INFO - Started process (PID=1253) to work on /home/airflow/.local/lib/python3.7/site-packages/airflow/example_dags/example_short_circuit_decorator.py
[2024-08-17T22:14:17.821+0000] {processor.py:826} INFO - Processing file /home/airflow/.local/lib/python3.7/site-packages/airflow/example_dags/example_short_circuit_decorator.py for tasks to queue
[2024-08-17T22:14:17.823+0000] {logging_mixin.py:150} INFO - [2024-08-17T22:14:17.822+0000] {dagbag.py:541} INFO - Filling up the DagBag from /home/airflow/.local/lib/python3.7/site-packages/airflow/example_dags/example_short_circuit_decorator.py
[2024-08-17T22:14:17.840+0000] {processor.py:836} INFO - DAG(s) dict_keys(['example_short_circuit_decorator']) retrieved from /home/airflow/.local/lib/python3.7/site-packages/airflow/example_dags/example_short_circuit_decorator.py
[2024-08-17T22:14:17.890+0000] {logging_mixin.py:150} INFO - [2024-08-17T22:14:17.890+0000] {dag.py:2742} INFO - Sync 1 DAGs
[2024-08-17T22:14:17.929+0000] {logging_mixin.py:150} INFO - [2024-08-17T22:14:17.929+0000] {dag.py:3508} INFO - Setting next_dagrun for example_short_circuit_decorator to 2024-08-16T22:14:17.929083+00:00, run_after=2024-08-17T22:14:17.929083+00:00
[2024-08-17T22:14:17.953+0000] {processor.py:179} INFO - Processing /home/airflow/.local/lib/python3.7/site-packages/airflow/example_dags/example_short_circuit_decorator.py took 0.138 seconds
[2024-08-17T22:14:48.990+0000] {processor.py:157} INFO - Started process (PID=1491) to work on /home/airflow/.local/lib/python3.7/site-packages/airflow/example_dags/example_short_circuit_decorator.py
[2024-08-17T22:14:48.991+0000] {processor.py:826} INFO - Processing file /home/airflow/.local/lib/python3.7/site-packages/airflow/example_dags/example_short_circuit_decorator.py for tasks to queue
[2024-08-17T22:14:48.992+0000] {logging_mixin.py:150} INFO - [2024-08-17T22:14:48.992+0000] {dagbag.py:541} INFO - Filling up the DagBag from /home/airflow/.local/lib/python3.7/site-packages/airflow/example_dags/example_short_circuit_decorator.py
[2024-08-17T22:14:49.005+0000] {processor.py:836} INFO - DAG(s) dict_keys(['example_short_circuit_decorator']) retrieved from /home/airflow/.local/lib/python3.7/site-packages/airflow/example_dags/example_short_circuit_decorator.py
[2024-08-17T22:14:49.040+0000] {logging_mixin.py:150} INFO - [2024-08-17T22:14:49.040+0000] {dag.py:2742} INFO - Sync 1 DAGs
[2024-08-17T22:14:49.074+0000] {logging_mixin.py:150} INFO - [2024-08-17T22:14:49.074+0000] {dag.py:3508} INFO - Setting next_dagrun for example_short_circuit_decorator to 2024-08-16T22:14:49.074432+00:00, run_after=2024-08-17T22:14:49.074432+00:00
[2024-08-17T22:14:49.099+0000] {processor.py:179} INFO - Processing /home/airflow/.local/lib/python3.7/site-packages/airflow/example_dags/example_short_circuit_decorator.py took 0.113 seconds
[2024-08-17T22:15:19.200+0000] {processor.py:157} INFO - Started process (PID=1729) to work on /home/airflow/.local/lib/python3.7/site-packages/airflow/example_dags/example_short_circuit_decorator.py
[2024-08-17T22:15:19.201+0000] {processor.py:826} INFO - Processing file /home/airflow/.local/lib/python3.7/site-packages/airflow/example_dags/example_short_circuit_decorator.py for tasks to queue
[2024-08-17T22:15:19.202+0000] {logging_mixin.py:150} INFO - [2024-08-17T22:15:19.202+0000] {dagbag.py:541} INFO - Filling up the DagBag from /home/airflow/.local/lib/python3.7/site-packages/airflow/example_dags/example_short_circuit_decorator.py
[2024-08-17T22:15:19.215+0000] {processor.py:836} INFO - DAG(s) dict_keys(['example_short_circuit_decorator']) retrieved from /home/airflow/.local/lib/python3.7/site-packages/airflow/example_dags/example_short_circuit_decorator.py
[2024-08-17T22:15:19.249+0000] {logging_mixin.py:150} INFO - [2024-08-17T22:15:19.249+0000] {dag.py:2742} INFO - Sync 1 DAGs
[2024-08-17T22:15:19.280+0000] {logging_mixin.py:150} INFO - [2024-08-17T22:15:19.280+0000] {dag.py:3508} INFO - Setting next_dagrun for example_short_circuit_decorator to 2024-08-16T22:15:19.280249+00:00, run_after=2024-08-17T22:15:19.280249+00:00
[2024-08-17T22:15:19.305+0000] {processor.py:179} INFO - Processing /home/airflow/.local/lib/python3.7/site-packages/airflow/example_dags/example_short_circuit_decorator.py took 0.108 seconds
[2024-08-17T22:15:49.413+0000] {processor.py:157} INFO - Started process (PID=1967) to work on /home/airflow/.local/lib/python3.7/site-packages/airflow/example_dags/example_short_circuit_decorator.py
[2024-08-17T22:15:49.414+0000] {processor.py:826} INFO - Processing file /home/airflow/.local/lib/python3.7/site-packages/airflow/example_dags/example_short_circuit_decorator.py for tasks to queue
[2024-08-17T22:15:49.415+0000] {logging_mixin.py:150} INFO - [2024-08-17T22:15:49.415+0000] {dagbag.py:541} INFO - Filling up the DagBag from /home/airflow/.local/lib/python3.7/site-packages/airflow/example_dags/example_short_circuit_decorator.py
[2024-08-17T22:15:49.427+0000] {processor.py:836} INFO - DAG(s) dict_keys(['example_short_circuit_decorator']) retrieved from /home/airflow/.local/lib/python3.7/site-packages/airflow/example_dags/example_short_circuit_decorator.py
[2024-08-17T22:15:49.460+0000] {logging_mixin.py:150} INFO - [2024-08-17T22:15:49.460+0000] {dag.py:2742} INFO - Sync 1 DAGs
[2024-08-17T22:15:49.492+0000] {logging_mixin.py:150} INFO - [2024-08-17T22:15:49.491+0000] {dag.py:3508} INFO - Setting next_dagrun for example_short_circuit_decorator to 2024-08-16T22:15:49.491595+00:00, run_after=2024-08-17T22:15:49.491595+00:00
[2024-08-17T22:15:49.517+0000] {processor.py:179} INFO - Processing /home/airflow/.local/lib/python3.7/site-packages/airflow/example_dags/example_short_circuit_decorator.py took 0.108 seconds
[2024-08-17T22:16:19.920+0000] {processor.py:157} INFO - Started process (PID=2205) to work on /home/airflow/.local/lib/python3.7/site-packages/airflow/example_dags/example_short_circuit_decorator.py
[2024-08-17T22:16:19.922+0000] {processor.py:826} INFO - Processing file /home/airflow/.local/lib/python3.7/site-packages/airflow/example_dags/example_short_circuit_decorator.py for tasks to queue
[2024-08-17T22:16:19.924+0000] {logging_mixin.py:150} INFO - [2024-08-17T22:16:19.923+0000] {dagbag.py:541} INFO - Filling up the DagBag from /home/airflow/.local/lib/python3.7/site-packages/airflow/example_dags/example_short_circuit_decorator.py
[2024-08-17T22:16:19.939+0000] {processor.py:836} INFO - DAG(s) dict_keys(['example_short_circuit_decorator']) retrieved from /home/airflow/.local/lib/python3.7/site-packages/airflow/example_dags/example_short_circuit_decorator.py
[2024-08-17T22:16:19.986+0000] {logging_mixin.py:150} INFO - [2024-08-17T22:16:19.986+0000] {dag.py:2742} INFO - Sync 1 DAGs
[2024-08-17T22:16:20.036+0000] {logging_mixin.py:150} INFO - [2024-08-17T22:16:20.035+0000] {dag.py:3508} INFO - Setting next_dagrun for example_short_circuit_decorator to 2024-08-16T22:16:20.035538+00:00, run_after=2024-08-17T22:16:20.035538+00:00
[2024-08-17T22:16:20.078+0000] {processor.py:179} INFO - Processing /home/airflow/.local/lib/python3.7/site-packages/airflow/example_dags/example_short_circuit_decorator.py took 0.164 seconds
