[2024-08-17T22:03:59.504+0000] {processor.py:157} INFO - Started process (PID=297) to work on /home/airflow/.local/lib/python3.7/site-packages/airflow/example_dags/example_latest_only_with_trigger.py
[2024-08-17T22:03:59.505+0000] {processor.py:826} INFO - Processing file /home/airflow/.local/lib/python3.7/site-packages/airflow/example_dags/example_latest_only_with_trigger.py for tasks to queue
[2024-08-17T22:03:59.508+0000] {logging_mixin.py:150} INFO - [2024-08-17T22:03:59.508+0000] {dagbag.py:541} INFO - Filling up the DagBag from /home/airflow/.local/lib/python3.7/site-packages/airflow/example_dags/example_latest_only_with_trigger.py
[2024-08-17T22:03:59.525+0000] {processor.py:836} INFO - DAG(s) dict_keys(['latest_only_with_trigger']) retrieved from /home/airflow/.local/lib/python3.7/site-packages/airflow/example_dags/example_latest_only_with_trigger.py
[2024-08-17T22:03:59.552+0000] {logging_mixin.py:150} INFO - [2024-08-17T22:03:59.552+0000] {dag.py:2742} INFO - Sync 1 DAGs
[2024-08-17T22:03:59.582+0000] {logging_mixin.py:150} INFO - [2024-08-17T22:03:59.582+0000] {dag.py:2763} INFO - Creating ORM DAG for latest_only_with_trigger
[2024-08-17T22:03:59.600+0000] {logging_mixin.py:150} INFO - [2024-08-17T22:03:59.600+0000] {dag.py:3508} INFO - Setting next_dagrun for latest_only_with_trigger to 2024-08-17T18:03:59.600310+00:00, run_after=2024-08-17T22:03:59.600310+00:00
[2024-08-17T22:03:59.638+0000] {processor.py:179} INFO - Processing /home/airflow/.local/lib/python3.7/site-packages/airflow/example_dags/example_latest_only_with_trigger.py took 0.139 seconds
[2024-08-17T22:04:30.272+0000] {processor.py:157} INFO - Started process (PID=535) to work on /home/airflow/.local/lib/python3.7/site-packages/airflow/example_dags/example_latest_only_with_trigger.py
[2024-08-17T22:04:30.274+0000] {processor.py:826} INFO - Processing file /home/airflow/.local/lib/python3.7/site-packages/airflow/example_dags/example_latest_only_with_trigger.py for tasks to queue
[2024-08-17T22:04:30.275+0000] {logging_mixin.py:150} INFO - [2024-08-17T22:04:30.275+0000] {dagbag.py:541} INFO - Filling up the DagBag from /home/airflow/.local/lib/python3.7/site-packages/airflow/example_dags/example_latest_only_with_trigger.py
[2024-08-17T22:04:30.284+0000] {processor.py:836} INFO - DAG(s) dict_keys(['latest_only_with_trigger']) retrieved from /home/airflow/.local/lib/python3.7/site-packages/airflow/example_dags/example_latest_only_with_trigger.py
[2024-08-17T22:04:30.322+0000] {logging_mixin.py:150} INFO - [2024-08-17T22:04:30.322+0000] {dag.py:2742} INFO - Sync 1 DAGs
[2024-08-17T22:04:30.367+0000] {logging_mixin.py:150} INFO - [2024-08-17T22:04:30.367+0000] {dag.py:3508} INFO - Setting next_dagrun for latest_only_with_trigger to 2024-08-17T18:04:30.366822+00:00, run_after=2024-08-17T22:04:30.366822+00:00
[2024-08-17T22:04:30.403+0000] {processor.py:179} INFO - Processing /home/airflow/.local/lib/python3.7/site-packages/airflow/example_dags/example_latest_only_with_trigger.py took 0.136 seconds
[2024-08-17T22:05:00.903+0000] {processor.py:157} INFO - Started process (PID=773) to work on /home/airflow/.local/lib/python3.7/site-packages/airflow/example_dags/example_latest_only_with_trigger.py
[2024-08-17T22:05:00.905+0000] {processor.py:826} INFO - Processing file /home/airflow/.local/lib/python3.7/site-packages/airflow/example_dags/example_latest_only_with_trigger.py for tasks to queue
[2024-08-17T22:05:00.906+0000] {logging_mixin.py:150} INFO - [2024-08-17T22:05:00.906+0000] {dagbag.py:541} INFO - Filling up the DagBag from /home/airflow/.local/lib/python3.7/site-packages/airflow/example_dags/example_latest_only_with_trigger.py
[2024-08-17T22:05:00.916+0000] {processor.py:836} INFO - DAG(s) dict_keys(['latest_only_with_trigger']) retrieved from /home/airflow/.local/lib/python3.7/site-packages/airflow/example_dags/example_latest_only_with_trigger.py
[2024-08-17T22:05:00.953+0000] {logging_mixin.py:150} INFO - [2024-08-17T22:05:00.953+0000] {dag.py:2742} INFO - Sync 1 DAGs
[2024-08-17T22:05:00.989+0000] {logging_mixin.py:150} INFO - [2024-08-17T22:05:00.989+0000] {dag.py:3508} INFO - Setting next_dagrun for latest_only_with_trigger to 2024-08-17T18:05:00.989411+00:00, run_after=2024-08-17T22:05:00.989411+00:00
[2024-08-17T22:05:01.038+0000] {processor.py:179} INFO - Processing /home/airflow/.local/lib/python3.7/site-packages/airflow/example_dags/example_latest_only_with_trigger.py took 0.140 seconds
[2024-08-17T22:05:37.520+0000] {processor.py:157} INFO - Started process (PID=1011) to work on /home/airflow/.local/lib/python3.7/site-packages/airflow/example_dags/example_latest_only_with_trigger.py
[2024-08-17T22:05:37.523+0000] {processor.py:826} INFO - Processing file /home/airflow/.local/lib/python3.7/site-packages/airflow/example_dags/example_latest_only_with_trigger.py for tasks to queue
[2024-08-17T22:05:37.525+0000] {logging_mixin.py:150} INFO - [2024-08-17T22:05:37.525+0000] {dagbag.py:541} INFO - Filling up the DagBag from /home/airflow/.local/lib/python3.7/site-packages/airflow/example_dags/example_latest_only_with_trigger.py
[2024-08-17T22:05:37.535+0000] {processor.py:836} INFO - DAG(s) dict_keys(['latest_only_with_trigger']) retrieved from /home/airflow/.local/lib/python3.7/site-packages/airflow/example_dags/example_latest_only_with_trigger.py
[2024-08-17T22:05:37.583+0000] {logging_mixin.py:150} INFO - [2024-08-17T22:05:37.582+0000] {dag.py:2742} INFO - Sync 1 DAGs
[2024-08-17T22:05:37.625+0000] {logging_mixin.py:150} INFO - [2024-08-17T22:05:37.624+0000] {dag.py:3508} INFO - Setting next_dagrun for latest_only_with_trigger to 2024-08-17T18:05:37.624564+00:00, run_after=2024-08-17T22:05:37.624564+00:00
[2024-08-17T22:05:37.661+0000] {processor.py:179} INFO - Processing /home/airflow/.local/lib/python3.7/site-packages/airflow/example_dags/example_latest_only_with_trigger.py took 0.148 seconds
[2024-08-17T22:06:08.206+0000] {processor.py:157} INFO - Started process (PID=1249) to work on /home/airflow/.local/lib/python3.7/site-packages/airflow/example_dags/example_latest_only_with_trigger.py
[2024-08-17T22:06:08.209+0000] {processor.py:826} INFO - Processing file /home/airflow/.local/lib/python3.7/site-packages/airflow/example_dags/example_latest_only_with_trigger.py for tasks to queue
[2024-08-17T22:06:08.210+0000] {logging_mixin.py:150} INFO - [2024-08-17T22:06:08.210+0000] {dagbag.py:541} INFO - Filling up the DagBag from /home/airflow/.local/lib/python3.7/site-packages/airflow/example_dags/example_latest_only_with_trigger.py
[2024-08-17T22:06:08.218+0000] {processor.py:836} INFO - DAG(s) dict_keys(['latest_only_with_trigger']) retrieved from /home/airflow/.local/lib/python3.7/site-packages/airflow/example_dags/example_latest_only_with_trigger.py
[2024-08-17T22:06:08.256+0000] {logging_mixin.py:150} INFO - [2024-08-17T22:06:08.256+0000] {dag.py:2742} INFO - Sync 1 DAGs
[2024-08-17T22:06:08.290+0000] {logging_mixin.py:150} INFO - [2024-08-17T22:06:08.290+0000] {dag.py:3508} INFO - Setting next_dagrun for latest_only_with_trigger to 2024-08-17T18:06:08.290399+00:00, run_after=2024-08-17T22:06:08.290399+00:00
[2024-08-17T22:06:08.316+0000] {processor.py:179} INFO - Processing /home/airflow/.local/lib/python3.7/site-packages/airflow/example_dags/example_latest_only_with_trigger.py took 0.118 seconds
[2024-08-17T22:06:38.549+0000] {processor.py:157} INFO - Started process (PID=1487) to work on /home/airflow/.local/lib/python3.7/site-packages/airflow/example_dags/example_latest_only_with_trigger.py
[2024-08-17T22:06:38.551+0000] {processor.py:826} INFO - Processing file /home/airflow/.local/lib/python3.7/site-packages/airflow/example_dags/example_latest_only_with_trigger.py for tasks to queue
[2024-08-17T22:06:38.554+0000] {logging_mixin.py:150} INFO - [2024-08-17T22:06:38.554+0000] {dagbag.py:541} INFO - Filling up the DagBag from /home/airflow/.local/lib/python3.7/site-packages/airflow/example_dags/example_latest_only_with_trigger.py
[2024-08-17T22:06:38.568+0000] {processor.py:836} INFO - DAG(s) dict_keys(['latest_only_with_trigger']) retrieved from /home/airflow/.local/lib/python3.7/site-packages/airflow/example_dags/example_latest_only_with_trigger.py
[2024-08-17T22:06:38.618+0000] {logging_mixin.py:150} INFO - [2024-08-17T22:06:38.618+0000] {dag.py:2742} INFO - Sync 1 DAGs
[2024-08-17T22:06:38.662+0000] {logging_mixin.py:150} INFO - [2024-08-17T22:06:38.662+0000] {dag.py:3508} INFO - Setting next_dagrun for latest_only_with_trigger to 2024-08-17T18:06:38.662155+00:00, run_after=2024-08-17T22:06:38.662155+00:00
[2024-08-17T22:06:38.694+0000] {processor.py:179} INFO - Processing /home/airflow/.local/lib/python3.7/site-packages/airflow/example_dags/example_latest_only_with_trigger.py took 0.149 seconds
[2024-08-17T22:07:08.909+0000] {processor.py:157} INFO - Started process (PID=1725) to work on /home/airflow/.local/lib/python3.7/site-packages/airflow/example_dags/example_latest_only_with_trigger.py
[2024-08-17T22:07:08.911+0000] {processor.py:826} INFO - Processing file /home/airflow/.local/lib/python3.7/site-packages/airflow/example_dags/example_latest_only_with_trigger.py for tasks to queue
[2024-08-17T22:07:08.913+0000] {logging_mixin.py:150} INFO - [2024-08-17T22:07:08.912+0000] {dagbag.py:541} INFO - Filling up the DagBag from /home/airflow/.local/lib/python3.7/site-packages/airflow/example_dags/example_latest_only_with_trigger.py
[2024-08-17T22:07:08.925+0000] {processor.py:836} INFO - DAG(s) dict_keys(['latest_only_with_trigger']) retrieved from /home/airflow/.local/lib/python3.7/site-packages/airflow/example_dags/example_latest_only_with_trigger.py
[2024-08-17T22:07:08.967+0000] {logging_mixin.py:150} INFO - [2024-08-17T22:07:08.967+0000] {dag.py:2742} INFO - Sync 1 DAGs
[2024-08-17T22:07:09.006+0000] {logging_mixin.py:150} INFO - [2024-08-17T22:07:09.006+0000] {dag.py:3508} INFO - Setting next_dagrun for latest_only_with_trigger to 2024-08-17T18:07:09.006425+00:00, run_after=2024-08-17T22:07:09.006425+00:00
[2024-08-17T22:07:09.035+0000] {processor.py:179} INFO - Processing /home/airflow/.local/lib/python3.7/site-packages/airflow/example_dags/example_latest_only_with_trigger.py took 0.133 seconds
[2024-08-17T22:07:39.420+0000] {processor.py:157} INFO - Started process (PID=1963) to work on /home/airflow/.local/lib/python3.7/site-packages/airflow/example_dags/example_latest_only_with_trigger.py
[2024-08-17T22:07:39.421+0000] {processor.py:826} INFO - Processing file /home/airflow/.local/lib/python3.7/site-packages/airflow/example_dags/example_latest_only_with_trigger.py for tasks to queue
[2024-08-17T22:07:39.422+0000] {logging_mixin.py:150} INFO - [2024-08-17T22:07:39.422+0000] {dagbag.py:541} INFO - Filling up the DagBag from /home/airflow/.local/lib/python3.7/site-packages/airflow/example_dags/example_latest_only_with_trigger.py
[2024-08-17T22:07:39.432+0000] {processor.py:836} INFO - DAG(s) dict_keys(['latest_only_with_trigger']) retrieved from /home/airflow/.local/lib/python3.7/site-packages/airflow/example_dags/example_latest_only_with_trigger.py
[2024-08-17T22:07:39.467+0000] {logging_mixin.py:150} INFO - [2024-08-17T22:07:39.467+0000] {dag.py:2742} INFO - Sync 1 DAGs
[2024-08-17T22:07:39.508+0000] {logging_mixin.py:150} INFO - [2024-08-17T22:07:39.508+0000] {dag.py:3508} INFO - Setting next_dagrun for latest_only_with_trigger to 2024-08-17T18:07:39.507946+00:00, run_after=2024-08-17T22:07:39.507946+00:00
[2024-08-17T22:07:39.539+0000] {processor.py:179} INFO - Processing /home/airflow/.local/lib/python3.7/site-packages/airflow/example_dags/example_latest_only_with_trigger.py took 0.125 seconds
[2024-08-17T22:08:14.496+0000] {processor.py:157} INFO - Started process (PID=2313) to work on /home/airflow/.local/lib/python3.7/site-packages/airflow/example_dags/example_latest_only_with_trigger.py
[2024-08-17T22:08:14.498+0000] {processor.py:826} INFO - Processing file /home/airflow/.local/lib/python3.7/site-packages/airflow/example_dags/example_latest_only_with_trigger.py for tasks to queue
[2024-08-17T22:08:14.503+0000] {logging_mixin.py:150} INFO - [2024-08-17T22:08:14.502+0000] {dagbag.py:541} INFO - Filling up the DagBag from /home/airflow/.local/lib/python3.7/site-packages/airflow/example_dags/example_latest_only_with_trigger.py
[2024-08-17T22:08:14.526+0000] {processor.py:836} INFO - DAG(s) dict_keys(['latest_only_with_trigger']) retrieved from /home/airflow/.local/lib/python3.7/site-packages/airflow/example_dags/example_latest_only_with_trigger.py
[2024-08-17T22:08:14.607+0000] {logging_mixin.py:150} INFO - [2024-08-17T22:08:14.607+0000] {dag.py:2742} INFO - Sync 1 DAGs
[2024-08-17T22:08:14.825+0000] {logging_mixin.py:150} INFO - [2024-08-17T22:08:14.824+0000] {dag.py:3508} INFO - Setting next_dagrun for latest_only_with_trigger to 2024-08-17T18:08:14.823597+00:00, run_after=2024-08-17T22:08:14.823597+00:00
[2024-08-17T22:08:14.886+0000] {processor.py:179} INFO - Processing /home/airflow/.local/lib/python3.7/site-packages/airflow/example_dags/example_latest_only_with_trigger.py took 0.399 seconds
[2024-08-17T22:08:45.547+0000] {processor.py:157} INFO - Started process (PID=2571) to work on /home/airflow/.local/lib/python3.7/site-packages/airflow/example_dags/example_latest_only_with_trigger.py
[2024-08-17T22:08:45.549+0000] {processor.py:826} INFO - Processing file /home/airflow/.local/lib/python3.7/site-packages/airflow/example_dags/example_latest_only_with_trigger.py for tasks to queue
[2024-08-17T22:08:45.551+0000] {logging_mixin.py:150} INFO - [2024-08-17T22:08:45.551+0000] {dagbag.py:541} INFO - Filling up the DagBag from /home/airflow/.local/lib/python3.7/site-packages/airflow/example_dags/example_latest_only_with_trigger.py
[2024-08-17T22:08:45.560+0000] {processor.py:836} INFO - DAG(s) dict_keys(['latest_only_with_trigger']) retrieved from /home/airflow/.local/lib/python3.7/site-packages/airflow/example_dags/example_latest_only_with_trigger.py
[2024-08-17T22:08:45.600+0000] {logging_mixin.py:150} INFO - [2024-08-17T22:08:45.600+0000] {dag.py:2742} INFO - Sync 1 DAGs
[2024-08-17T22:08:45.637+0000] {logging_mixin.py:150} INFO - [2024-08-17T22:08:45.636+0000] {dag.py:3508} INFO - Setting next_dagrun for latest_only_with_trigger to 2024-08-17T18:08:45.636308+00:00, run_after=2024-08-17T22:08:45.636308+00:00
[2024-08-17T22:08:45.667+0000] {processor.py:179} INFO - Processing /home/airflow/.local/lib/python3.7/site-packages/airflow/example_dags/example_latest_only_with_trigger.py took 0.125 seconds
[2024-08-17T22:09:15.940+0000] {processor.py:157} INFO - Started process (PID=2809) to work on /home/airflow/.local/lib/python3.7/site-packages/airflow/example_dags/example_latest_only_with_trigger.py
[2024-08-17T22:09:15.944+0000] {processor.py:826} INFO - Processing file /home/airflow/.local/lib/python3.7/site-packages/airflow/example_dags/example_latest_only_with_trigger.py for tasks to queue
[2024-08-17T22:09:15.945+0000] {logging_mixin.py:150} INFO - [2024-08-17T22:09:15.945+0000] {dagbag.py:541} INFO - Filling up the DagBag from /home/airflow/.local/lib/python3.7/site-packages/airflow/example_dags/example_latest_only_with_trigger.py
[2024-08-17T22:09:15.955+0000] {processor.py:836} INFO - DAG(s) dict_keys(['latest_only_with_trigger']) retrieved from /home/airflow/.local/lib/python3.7/site-packages/airflow/example_dags/example_latest_only_with_trigger.py
[2024-08-17T22:09:15.989+0000] {logging_mixin.py:150} INFO - [2024-08-17T22:09:15.989+0000] {dag.py:2742} INFO - Sync 1 DAGs
[2024-08-17T22:09:16.022+0000] {logging_mixin.py:150} INFO - [2024-08-17T22:09:16.022+0000] {dag.py:3508} INFO - Setting next_dagrun for latest_only_with_trigger to 2024-08-17T18:09:16.022441+00:00, run_after=2024-08-17T22:09:16.022441+00:00
[2024-08-17T22:09:16.050+0000] {processor.py:179} INFO - Processing /home/airflow/.local/lib/python3.7/site-packages/airflow/example_dags/example_latest_only_with_trigger.py took 0.115 seconds
[2024-08-17T22:09:46.354+0000] {processor.py:157} INFO - Started process (PID=3047) to work on /home/airflow/.local/lib/python3.7/site-packages/airflow/example_dags/example_latest_only_with_trigger.py
[2024-08-17T22:09:46.355+0000] {processor.py:826} INFO - Processing file /home/airflow/.local/lib/python3.7/site-packages/airflow/example_dags/example_latest_only_with_trigger.py for tasks to queue
[2024-08-17T22:09:46.357+0000] {logging_mixin.py:150} INFO - [2024-08-17T22:09:46.356+0000] {dagbag.py:541} INFO - Filling up the DagBag from /home/airflow/.local/lib/python3.7/site-packages/airflow/example_dags/example_latest_only_with_trigger.py
[2024-08-17T22:09:46.367+0000] {processor.py:836} INFO - DAG(s) dict_keys(['latest_only_with_trigger']) retrieved from /home/airflow/.local/lib/python3.7/site-packages/airflow/example_dags/example_latest_only_with_trigger.py
[2024-08-17T22:09:46.402+0000] {logging_mixin.py:150} INFO - [2024-08-17T22:09:46.402+0000] {dag.py:2742} INFO - Sync 1 DAGs
[2024-08-17T22:09:46.436+0000] {logging_mixin.py:150} INFO - [2024-08-17T22:09:46.436+0000] {dag.py:3508} INFO - Setting next_dagrun for latest_only_with_trigger to 2024-08-17T18:09:46.436306+00:00, run_after=2024-08-17T22:09:46.436306+00:00
[2024-08-17T22:09:46.467+0000] {processor.py:179} INFO - Processing /home/airflow/.local/lib/python3.7/site-packages/airflow/example_dags/example_latest_only_with_trigger.py took 0.118 seconds
[2024-08-17T22:10:17.354+0000] {processor.py:157} INFO - Started process (PID=3285) to work on /home/airflow/.local/lib/python3.7/site-packages/airflow/example_dags/example_latest_only_with_trigger.py
[2024-08-17T22:10:17.355+0000] {processor.py:826} INFO - Processing file /home/airflow/.local/lib/python3.7/site-packages/airflow/example_dags/example_latest_only_with_trigger.py for tasks to queue
[2024-08-17T22:10:17.356+0000] {logging_mixin.py:150} INFO - [2024-08-17T22:10:17.356+0000] {dagbag.py:541} INFO - Filling up the DagBag from /home/airflow/.local/lib/python3.7/site-packages/airflow/example_dags/example_latest_only_with_trigger.py
[2024-08-17T22:10:17.365+0000] {processor.py:836} INFO - DAG(s) dict_keys(['latest_only_with_trigger']) retrieved from /home/airflow/.local/lib/python3.7/site-packages/airflow/example_dags/example_latest_only_with_trigger.py
[2024-08-17T22:10:17.396+0000] {logging_mixin.py:150} INFO - [2024-08-17T22:10:17.396+0000] {dag.py:2742} INFO - Sync 1 DAGs
[2024-08-17T22:10:17.428+0000] {logging_mixin.py:150} INFO - [2024-08-17T22:10:17.428+0000] {dag.py:3508} INFO - Setting next_dagrun for latest_only_with_trigger to 2024-08-17T18:10:17.427978+00:00, run_after=2024-08-17T22:10:17.427978+00:00
[2024-08-17T22:10:17.455+0000] {processor.py:179} INFO - Processing /home/airflow/.local/lib/python3.7/site-packages/airflow/example_dags/example_latest_only_with_trigger.py took 0.106 seconds
[2024-08-17T22:10:48.027+0000] {processor.py:157} INFO - Started process (PID=3523) to work on /home/airflow/.local/lib/python3.7/site-packages/airflow/example_dags/example_latest_only_with_trigger.py
[2024-08-17T22:10:48.028+0000] {processor.py:826} INFO - Processing file /home/airflow/.local/lib/python3.7/site-packages/airflow/example_dags/example_latest_only_with_trigger.py for tasks to queue
[2024-08-17T22:10:48.031+0000] {logging_mixin.py:150} INFO - [2024-08-17T22:10:48.030+0000] {dagbag.py:541} INFO - Filling up the DagBag from /home/airflow/.local/lib/python3.7/site-packages/airflow/example_dags/example_latest_only_with_trigger.py
[2024-08-17T22:10:48.043+0000] {processor.py:836} INFO - DAG(s) dict_keys(['latest_only_with_trigger']) retrieved from /home/airflow/.local/lib/python3.7/site-packages/airflow/example_dags/example_latest_only_with_trigger.py
[2024-08-17T22:10:48.088+0000] {logging_mixin.py:150} INFO - [2024-08-17T22:10:48.087+0000] {dag.py:2742} INFO - Sync 1 DAGs
[2024-08-17T22:10:48.125+0000] {logging_mixin.py:150} INFO - [2024-08-17T22:10:48.125+0000] {dag.py:3508} INFO - Setting next_dagrun for latest_only_with_trigger to 2024-08-17T18:10:48.125297+00:00, run_after=2024-08-17T22:10:48.125297+00:00
[2024-08-17T22:10:48.154+0000] {processor.py:179} INFO - Processing /home/airflow/.local/lib/python3.7/site-packages/airflow/example_dags/example_latest_only_with_trigger.py took 0.132 seconds
[2024-08-17T22:12:15.387+0000] {processor.py:157} INFO - Started process (PID=296) to work on /home/airflow/.local/lib/python3.7/site-packages/airflow/example_dags/example_latest_only_with_trigger.py
[2024-08-17T22:12:15.389+0000] {processor.py:826} INFO - Processing file /home/airflow/.local/lib/python3.7/site-packages/airflow/example_dags/example_latest_only_with_trigger.py for tasks to queue
[2024-08-17T22:12:15.391+0000] {logging_mixin.py:150} INFO - [2024-08-17T22:12:15.391+0000] {dagbag.py:541} INFO - Filling up the DagBag from /home/airflow/.local/lib/python3.7/site-packages/airflow/example_dags/example_latest_only_with_trigger.py
[2024-08-17T22:12:15.424+0000] {processor.py:836} INFO - DAG(s) dict_keys(['latest_only_with_trigger']) retrieved from /home/airflow/.local/lib/python3.7/site-packages/airflow/example_dags/example_latest_only_with_trigger.py
[2024-08-17T22:12:15.467+0000] {logging_mixin.py:150} INFO - [2024-08-17T22:12:15.467+0000] {dag.py:2742} INFO - Sync 1 DAGs
[2024-08-17T22:12:15.510+0000] {logging_mixin.py:150} INFO - [2024-08-17T22:12:15.510+0000] {dag.py:3508} INFO - Setting next_dagrun for latest_only_with_trigger to 2024-08-17T18:12:15.510283+00:00, run_after=2024-08-17T22:12:15.510283+00:00
[2024-08-17T22:12:15.542+0000] {processor.py:179} INFO - Processing /home/airflow/.local/lib/python3.7/site-packages/airflow/example_dags/example_latest_only_with_trigger.py took 0.161 seconds
[2024-08-17T22:12:45.812+0000] {processor.py:157} INFO - Started process (PID=534) to work on /home/airflow/.local/lib/python3.7/site-packages/airflow/example_dags/example_latest_only_with_trigger.py
[2024-08-17T22:12:45.814+0000] {processor.py:826} INFO - Processing file /home/airflow/.local/lib/python3.7/site-packages/airflow/example_dags/example_latest_only_with_trigger.py for tasks to queue
[2024-08-17T22:12:45.816+0000] {logging_mixin.py:150} INFO - [2024-08-17T22:12:45.816+0000] {dagbag.py:541} INFO - Filling up the DagBag from /home/airflow/.local/lib/python3.7/site-packages/airflow/example_dags/example_latest_only_with_trigger.py
[2024-08-17T22:12:45.851+0000] {processor.py:836} INFO - DAG(s) dict_keys(['latest_only_with_trigger']) retrieved from /home/airflow/.local/lib/python3.7/site-packages/airflow/example_dags/example_latest_only_with_trigger.py
[2024-08-17T22:12:45.934+0000] {logging_mixin.py:150} INFO - [2024-08-17T22:12:45.934+0000] {dag.py:2742} INFO - Sync 1 DAGs
[2024-08-17T22:12:46.003+0000] {logging_mixin.py:150} INFO - [2024-08-17T22:12:46.002+0000] {dag.py:3508} INFO - Setting next_dagrun for latest_only_with_trigger to 2024-08-17T18:12:46.001835+00:00, run_after=2024-08-17T22:12:46.001835+00:00
[2024-08-17T22:12:46.037+0000] {processor.py:179} INFO - Processing /home/airflow/.local/lib/python3.7/site-packages/airflow/example_dags/example_latest_only_with_trigger.py took 0.232 seconds
[2024-08-17T22:13:16.885+0000] {processor.py:157} INFO - Started process (PID=772) to work on /home/airflow/.local/lib/python3.7/site-packages/airflow/example_dags/example_latest_only_with_trigger.py
[2024-08-17T22:13:16.886+0000] {processor.py:826} INFO - Processing file /home/airflow/.local/lib/python3.7/site-packages/airflow/example_dags/example_latest_only_with_trigger.py for tasks to queue
[2024-08-17T22:13:16.887+0000] {logging_mixin.py:150} INFO - [2024-08-17T22:13:16.887+0000] {dagbag.py:541} INFO - Filling up the DagBag from /home/airflow/.local/lib/python3.7/site-packages/airflow/example_dags/example_latest_only_with_trigger.py
[2024-08-17T22:13:16.895+0000] {processor.py:836} INFO - DAG(s) dict_keys(['latest_only_with_trigger']) retrieved from /home/airflow/.local/lib/python3.7/site-packages/airflow/example_dags/example_latest_only_with_trigger.py
[2024-08-17T22:13:16.925+0000] {logging_mixin.py:150} INFO - [2024-08-17T22:13:16.925+0000] {dag.py:2742} INFO - Sync 1 DAGs
[2024-08-17T22:13:16.956+0000] {logging_mixin.py:150} INFO - [2024-08-17T22:13:16.956+0000] {dag.py:3508} INFO - Setting next_dagrun for latest_only_with_trigger to 2024-08-17T18:13:16.956272+00:00, run_after=2024-08-17T22:13:16.956272+00:00
[2024-08-17T22:13:16.980+0000] {processor.py:179} INFO - Processing /home/airflow/.local/lib/python3.7/site-packages/airflow/example_dags/example_latest_only_with_trigger.py took 0.101 seconds
[2024-08-17T22:13:47.353+0000] {processor.py:157} INFO - Started process (PID=1010) to work on /home/airflow/.local/lib/python3.7/site-packages/airflow/example_dags/example_latest_only_with_trigger.py
[2024-08-17T22:13:47.354+0000] {processor.py:826} INFO - Processing file /home/airflow/.local/lib/python3.7/site-packages/airflow/example_dags/example_latest_only_with_trigger.py for tasks to queue
[2024-08-17T22:13:47.355+0000] {logging_mixin.py:150} INFO - [2024-08-17T22:13:47.355+0000] {dagbag.py:541} INFO - Filling up the DagBag from /home/airflow/.local/lib/python3.7/site-packages/airflow/example_dags/example_latest_only_with_trigger.py
[2024-08-17T22:13:47.363+0000] {processor.py:836} INFO - DAG(s) dict_keys(['latest_only_with_trigger']) retrieved from /home/airflow/.local/lib/python3.7/site-packages/airflow/example_dags/example_latest_only_with_trigger.py
[2024-08-17T22:13:47.397+0000] {logging_mixin.py:150} INFO - [2024-08-17T22:13:47.396+0000] {dag.py:2742} INFO - Sync 1 DAGs
[2024-08-17T22:13:47.429+0000] {logging_mixin.py:150} INFO - [2024-08-17T22:13:47.429+0000] {dag.py:3508} INFO - Setting next_dagrun for latest_only_with_trigger to 2024-08-17T18:13:47.429232+00:00, run_after=2024-08-17T22:13:47.429232+00:00
[2024-08-17T22:13:47.453+0000] {processor.py:179} INFO - Processing /home/airflow/.local/lib/python3.7/site-packages/airflow/example_dags/example_latest_only_with_trigger.py took 0.106 seconds
[2024-08-17T22:14:17.657+0000] {processor.py:157} INFO - Started process (PID=1248) to work on /home/airflow/.local/lib/python3.7/site-packages/airflow/example_dags/example_latest_only_with_trigger.py
[2024-08-17T22:14:17.658+0000] {processor.py:826} INFO - Processing file /home/airflow/.local/lib/python3.7/site-packages/airflow/example_dags/example_latest_only_with_trigger.py for tasks to queue
[2024-08-17T22:14:17.660+0000] {logging_mixin.py:150} INFO - [2024-08-17T22:14:17.659+0000] {dagbag.py:541} INFO - Filling up the DagBag from /home/airflow/.local/lib/python3.7/site-packages/airflow/example_dags/example_latest_only_with_trigger.py
[2024-08-17T22:14:17.676+0000] {processor.py:836} INFO - DAG(s) dict_keys(['latest_only_with_trigger']) retrieved from /home/airflow/.local/lib/python3.7/site-packages/airflow/example_dags/example_latest_only_with_trigger.py
[2024-08-17T22:14:17.742+0000] {logging_mixin.py:150} INFO - [2024-08-17T22:14:17.742+0000] {dag.py:2742} INFO - Sync 1 DAGs
[2024-08-17T22:14:17.786+0000] {logging_mixin.py:150} INFO - [2024-08-17T22:14:17.786+0000] {dag.py:3508} INFO - Setting next_dagrun for latest_only_with_trigger to 2024-08-17T18:14:17.785665+00:00, run_after=2024-08-17T22:14:17.785665+00:00
[2024-08-17T22:14:17.818+0000] {processor.py:179} INFO - Processing /home/airflow/.local/lib/python3.7/site-packages/airflow/example_dags/example_latest_only_with_trigger.py took 0.174 seconds
[2024-08-17T22:14:48.983+0000] {processor.py:157} INFO - Started process (PID=1488) to work on /home/airflow/.local/lib/python3.7/site-packages/airflow/example_dags/example_latest_only_with_trigger.py
[2024-08-17T22:14:48.984+0000] {processor.py:826} INFO - Processing file /home/airflow/.local/lib/python3.7/site-packages/airflow/example_dags/example_latest_only_with_trigger.py for tasks to queue
[2024-08-17T22:14:48.986+0000] {logging_mixin.py:150} INFO - [2024-08-17T22:14:48.985+0000] {dagbag.py:541} INFO - Filling up the DagBag from /home/airflow/.local/lib/python3.7/site-packages/airflow/example_dags/example_latest_only_with_trigger.py
[2024-08-17T22:14:48.993+0000] {processor.py:836} INFO - DAG(s) dict_keys(['latest_only_with_trigger']) retrieved from /home/airflow/.local/lib/python3.7/site-packages/airflow/example_dags/example_latest_only_with_trigger.py
[2024-08-17T22:14:49.024+0000] {logging_mixin.py:150} INFO - [2024-08-17T22:14:49.023+0000] {dag.py:2742} INFO - Sync 1 DAGs
[2024-08-17T22:14:49.056+0000] {logging_mixin.py:150} INFO - [2024-08-17T22:14:49.056+0000] {dag.py:3508} INFO - Setting next_dagrun for latest_only_with_trigger to 2024-08-17T18:14:49.056101+00:00, run_after=2024-08-17T22:14:49.056101+00:00
[2024-08-17T22:14:49.083+0000] {processor.py:179} INFO - Processing /home/airflow/.local/lib/python3.7/site-packages/airflow/example_dags/example_latest_only_with_trigger.py took 0.105 seconds
[2024-08-17T22:15:19.165+0000] {processor.py:157} INFO - Started process (PID=1724) to work on /home/airflow/.local/lib/python3.7/site-packages/airflow/example_dags/example_latest_only_with_trigger.py
[2024-08-17T22:15:19.166+0000] {processor.py:826} INFO - Processing file /home/airflow/.local/lib/python3.7/site-packages/airflow/example_dags/example_latest_only_with_trigger.py for tasks to queue
[2024-08-17T22:15:19.167+0000] {logging_mixin.py:150} INFO - [2024-08-17T22:15:19.167+0000] {dagbag.py:541} INFO - Filling up the DagBag from /home/airflow/.local/lib/python3.7/site-packages/airflow/example_dags/example_latest_only_with_trigger.py
[2024-08-17T22:15:19.175+0000] {processor.py:836} INFO - DAG(s) dict_keys(['latest_only_with_trigger']) retrieved from /home/airflow/.local/lib/python3.7/site-packages/airflow/example_dags/example_latest_only_with_trigger.py
[2024-08-17T22:15:19.208+0000] {logging_mixin.py:150} INFO - [2024-08-17T22:15:19.207+0000] {dag.py:2742} INFO - Sync 1 DAGs
[2024-08-17T22:15:19.240+0000] {logging_mixin.py:150} INFO - [2024-08-17T22:15:19.240+0000] {dag.py:3508} INFO - Setting next_dagrun for latest_only_with_trigger to 2024-08-17T18:15:19.240184+00:00, run_after=2024-08-17T22:15:19.240184+00:00
[2024-08-17T22:15:19.265+0000] {processor.py:179} INFO - Processing /home/airflow/.local/lib/python3.7/site-packages/airflow/example_dags/example_latest_only_with_trigger.py took 0.104 seconds
[2024-08-17T22:15:49.382+0000] {processor.py:157} INFO - Started process (PID=1962) to work on /home/airflow/.local/lib/python3.7/site-packages/airflow/example_dags/example_latest_only_with_trigger.py
[2024-08-17T22:15:49.383+0000] {processor.py:826} INFO - Processing file /home/airflow/.local/lib/python3.7/site-packages/airflow/example_dags/example_latest_only_with_trigger.py for tasks to queue
[2024-08-17T22:15:49.384+0000] {logging_mixin.py:150} INFO - [2024-08-17T22:15:49.384+0000] {dagbag.py:541} INFO - Filling up the DagBag from /home/airflow/.local/lib/python3.7/site-packages/airflow/example_dags/example_latest_only_with_trigger.py
[2024-08-17T22:15:49.392+0000] {processor.py:836} INFO - DAG(s) dict_keys(['latest_only_with_trigger']) retrieved from /home/airflow/.local/lib/python3.7/site-packages/airflow/example_dags/example_latest_only_with_trigger.py
[2024-08-17T22:15:49.422+0000] {logging_mixin.py:150} INFO - [2024-08-17T22:15:49.422+0000] {dag.py:2742} INFO - Sync 1 DAGs
[2024-08-17T22:15:49.453+0000] {logging_mixin.py:150} INFO - [2024-08-17T22:15:49.453+0000] {dag.py:3508} INFO - Setting next_dagrun for latest_only_with_trigger to 2024-08-17T18:15:49.453019+00:00, run_after=2024-08-17T22:15:49.453019+00:00
[2024-08-17T22:15:49.476+0000] {processor.py:179} INFO - Processing /home/airflow/.local/lib/python3.7/site-packages/airflow/example_dags/example_latest_only_with_trigger.py took 0.099 seconds
[2024-08-17T22:16:19.892+0000] {processor.py:157} INFO - Started process (PID=2200) to work on /home/airflow/.local/lib/python3.7/site-packages/airflow/example_dags/example_latest_only_with_trigger.py
[2024-08-17T22:16:19.893+0000] {processor.py:826} INFO - Processing file /home/airflow/.local/lib/python3.7/site-packages/airflow/example_dags/example_latest_only_with_trigger.py for tasks to queue
[2024-08-17T22:16:19.895+0000] {logging_mixin.py:150} INFO - [2024-08-17T22:16:19.894+0000] {dagbag.py:541} INFO - Filling up the DagBag from /home/airflow/.local/lib/python3.7/site-packages/airflow/example_dags/example_latest_only_with_trigger.py
[2024-08-17T22:16:19.904+0000] {processor.py:836} INFO - DAG(s) dict_keys(['latest_only_with_trigger']) retrieved from /home/airflow/.local/lib/python3.7/site-packages/airflow/example_dags/example_latest_only_with_trigger.py
[2024-08-17T22:16:19.935+0000] {logging_mixin.py:150} INFO - [2024-08-17T22:16:19.935+0000] {dag.py:2742} INFO - Sync 1 DAGs
[2024-08-17T22:16:19.971+0000] {logging_mixin.py:150} INFO - [2024-08-17T22:16:19.970+0000] {dag.py:3508} INFO - Setting next_dagrun for latest_only_with_trigger to 2024-08-17T18:16:19.970610+00:00, run_after=2024-08-17T22:16:19.970610+00:00
[2024-08-17T22:16:20.003+0000] {processor.py:179} INFO - Processing /home/airflow/.local/lib/python3.7/site-packages/airflow/example_dags/example_latest_only_with_trigger.py took 0.115 seconds
