[2024-08-17T22:03:59.607+0000] {processor.py:157} INFO - Started process (PID=302) to work on /home/airflow/.local/lib/python3.7/site-packages/airflow/example_dags/example_local_kubernetes_executor.py
[2024-08-17T22:03:59.609+0000] {processor.py:826} INFO - Processing file /home/airflow/.local/lib/python3.7/site-packages/airflow/example_dags/example_local_kubernetes_executor.py for tasks to queue
[2024-08-17T22:03:59.613+0000] {logging_mixin.py:150} INFO - [2024-08-17T22:03:59.613+0000] {dagbag.py:541} INFO - Filling up the DagBag from /home/airflow/.local/lib/python3.7/site-packages/airflow/example_dags/example_local_kubernetes_executor.py
[2024-08-17T22:04:01.541+0000] {processor.py:836} INFO - DAG(s) dict_keys(['example_local_kubernetes_executor']) retrieved from /home/airflow/.local/lib/python3.7/site-packages/airflow/example_dags/example_local_kubernetes_executor.py
[2024-08-17T22:04:01.580+0000] {logging_mixin.py:150} INFO - [2024-08-17T22:04:01.579+0000] {dag.py:2742} INFO - Sync 1 DAGs
[2024-08-17T22:04:01.625+0000] {logging_mixin.py:150} INFO - [2024-08-17T22:04:01.625+0000] {dag.py:2763} INFO - Creating ORM DAG for example_local_kubernetes_executor
[2024-08-17T22:04:01.646+0000] {logging_mixin.py:150} INFO - [2024-08-17T22:04:01.645+0000] {dag.py:3508} INFO - Setting next_dagrun for example_local_kubernetes_executor to None, run_after=None
[2024-08-17T22:04:01.676+0000] {processor.py:179} INFO - Processing /home/airflow/.local/lib/python3.7/site-packages/airflow/example_dags/example_local_kubernetes_executor.py took 2.075 seconds
[2024-08-17T22:04:32.434+0000] {processor.py:157} INFO - Started process (PID=592) to work on /home/airflow/.local/lib/python3.7/site-packages/airflow/example_dags/example_local_kubernetes_executor.py
[2024-08-17T22:04:32.435+0000] {processor.py:826} INFO - Processing file /home/airflow/.local/lib/python3.7/site-packages/airflow/example_dags/example_local_kubernetes_executor.py for tasks to queue
[2024-08-17T22:04:32.436+0000] {logging_mixin.py:150} INFO - [2024-08-17T22:04:32.436+0000] {dagbag.py:541} INFO - Filling up the DagBag from /home/airflow/.local/lib/python3.7/site-packages/airflow/example_dags/example_local_kubernetes_executor.py
[2024-08-17T22:04:32.725+0000] {processor.py:836} INFO - DAG(s) dict_keys(['example_local_kubernetes_executor']) retrieved from /home/airflow/.local/lib/python3.7/site-packages/airflow/example_dags/example_local_kubernetes_executor.py
[2024-08-17T22:04:32.953+0000] {logging_mixin.py:150} INFO - [2024-08-17T22:04:32.953+0000] {dag.py:2742} INFO - Sync 1 DAGs
[2024-08-17T22:04:33.028+0000] {logging_mixin.py:150} INFO - [2024-08-17T22:04:33.027+0000] {dag.py:3508} INFO - Setting next_dagrun for example_local_kubernetes_executor to None, run_after=None
[2024-08-17T22:04:33.080+0000] {processor.py:179} INFO - Processing /home/airflow/.local/lib/python3.7/site-packages/airflow/example_dags/example_local_kubernetes_executor.py took 0.651 seconds
[2024-08-17T22:05:03.163+0000] {processor.py:157} INFO - Started process (PID=830) to work on /home/airflow/.local/lib/python3.7/site-packages/airflow/example_dags/example_local_kubernetes_executor.py
[2024-08-17T22:05:03.164+0000] {processor.py:826} INFO - Processing file /home/airflow/.local/lib/python3.7/site-packages/airflow/example_dags/example_local_kubernetes_executor.py for tasks to queue
[2024-08-17T22:05:03.165+0000] {logging_mixin.py:150} INFO - [2024-08-17T22:05:03.165+0000] {dagbag.py:541} INFO - Filling up the DagBag from /home/airflow/.local/lib/python3.7/site-packages/airflow/example_dags/example_local_kubernetes_executor.py
[2024-08-17T22:05:03.528+0000] {processor.py:836} INFO - DAG(s) dict_keys(['example_local_kubernetes_executor']) retrieved from /home/airflow/.local/lib/python3.7/site-packages/airflow/example_dags/example_local_kubernetes_executor.py
[2024-08-17T22:05:03.584+0000] {logging_mixin.py:150} INFO - [2024-08-17T22:05:03.584+0000] {dag.py:2742} INFO - Sync 1 DAGs
[2024-08-17T22:05:03.626+0000] {logging_mixin.py:150} INFO - [2024-08-17T22:05:03.626+0000] {dag.py:3508} INFO - Setting next_dagrun for example_local_kubernetes_executor to None, run_after=None
[2024-08-17T22:05:03.656+0000] {processor.py:179} INFO - Processing /home/airflow/.local/lib/python3.7/site-packages/airflow/example_dags/example_local_kubernetes_executor.py took 0.500 seconds
[2024-08-17T22:05:39.806+0000] {processor.py:157} INFO - Started process (PID=1066) to work on /home/airflow/.local/lib/python3.7/site-packages/airflow/example_dags/example_local_kubernetes_executor.py
[2024-08-17T22:05:39.808+0000] {processor.py:826} INFO - Processing file /home/airflow/.local/lib/python3.7/site-packages/airflow/example_dags/example_local_kubernetes_executor.py for tasks to queue
[2024-08-17T22:05:39.810+0000] {logging_mixin.py:150} INFO - [2024-08-17T22:05:39.810+0000] {dagbag.py:541} INFO - Filling up the DagBag from /home/airflow/.local/lib/python3.7/site-packages/airflow/example_dags/example_local_kubernetes_executor.py
[2024-08-17T22:05:40.941+0000] {processor.py:836} INFO - DAG(s) dict_keys(['example_local_kubernetes_executor']) retrieved from /home/airflow/.local/lib/python3.7/site-packages/airflow/example_dags/example_local_kubernetes_executor.py
[2024-08-17T22:05:41.354+0000] {logging_mixin.py:150} INFO - [2024-08-17T22:05:41.353+0000] {dag.py:2742} INFO - Sync 1 DAGs
[2024-08-17T22:05:41.547+0000] {logging_mixin.py:150} INFO - [2024-08-17T22:05:41.547+0000] {dag.py:3508} INFO - Setting next_dagrun for example_local_kubernetes_executor to None, run_after=None
[2024-08-17T22:05:41.665+0000] {processor.py:179} INFO - Processing /home/airflow/.local/lib/python3.7/site-packages/airflow/example_dags/example_local_kubernetes_executor.py took 1.869 seconds
[2024-08-17T22:06:12.345+0000] {processor.py:157} INFO - Started process (PID=1311) to work on /home/airflow/.local/lib/python3.7/site-packages/airflow/example_dags/example_local_kubernetes_executor.py
[2024-08-17T22:06:12.346+0000] {processor.py:826} INFO - Processing file /home/airflow/.local/lib/python3.7/site-packages/airflow/example_dags/example_local_kubernetes_executor.py for tasks to queue
[2024-08-17T22:06:12.348+0000] {logging_mixin.py:150} INFO - [2024-08-17T22:06:12.348+0000] {dagbag.py:541} INFO - Filling up the DagBag from /home/airflow/.local/lib/python3.7/site-packages/airflow/example_dags/example_local_kubernetes_executor.py
[2024-08-17T22:06:12.617+0000] {processor.py:836} INFO - DAG(s) dict_keys(['example_local_kubernetes_executor']) retrieved from /home/airflow/.local/lib/python3.7/site-packages/airflow/example_dags/example_local_kubernetes_executor.py
[2024-08-17T22:06:12.672+0000] {logging_mixin.py:150} INFO - [2024-08-17T22:06:12.672+0000] {dag.py:2742} INFO - Sync 1 DAGs
[2024-08-17T22:06:12.708+0000] {logging_mixin.py:150} INFO - [2024-08-17T22:06:12.708+0000] {dag.py:3508} INFO - Setting next_dagrun for example_local_kubernetes_executor to None, run_after=None
[2024-08-17T22:06:12.737+0000] {processor.py:179} INFO - Processing /home/airflow/.local/lib/python3.7/site-packages/airflow/example_dags/example_local_kubernetes_executor.py took 0.397 seconds
[2024-08-17T22:06:43.577+0000] {processor.py:157} INFO - Started process (PID=1549) to work on /home/airflow/.local/lib/python3.7/site-packages/airflow/example_dags/example_local_kubernetes_executor.py
[2024-08-17T22:06:43.581+0000] {processor.py:826} INFO - Processing file /home/airflow/.local/lib/python3.7/site-packages/airflow/example_dags/example_local_kubernetes_executor.py for tasks to queue
[2024-08-17T22:06:43.583+0000] {logging_mixin.py:150} INFO - [2024-08-17T22:06:43.583+0000] {dagbag.py:541} INFO - Filling up the DagBag from /home/airflow/.local/lib/python3.7/site-packages/airflow/example_dags/example_local_kubernetes_executor.py
[2024-08-17T22:06:44.013+0000] {processor.py:836} INFO - DAG(s) dict_keys(['example_local_kubernetes_executor']) retrieved from /home/airflow/.local/lib/python3.7/site-packages/airflow/example_dags/example_local_kubernetes_executor.py
[2024-08-17T22:06:44.082+0000] {logging_mixin.py:150} INFO - [2024-08-17T22:06:44.081+0000] {dag.py:2742} INFO - Sync 1 DAGs
[2024-08-17T22:06:44.139+0000] {logging_mixin.py:150} INFO - [2024-08-17T22:06:44.138+0000] {dag.py:3508} INFO - Setting next_dagrun for example_local_kubernetes_executor to None, run_after=None
[2024-08-17T22:06:44.180+0000] {processor.py:179} INFO - Processing /home/airflow/.local/lib/python3.7/site-packages/airflow/example_dags/example_local_kubernetes_executor.py took 0.615 seconds
[2024-08-17T22:07:14.835+0000] {processor.py:157} INFO - Started process (PID=1787) to work on /home/airflow/.local/lib/python3.7/site-packages/airflow/example_dags/example_local_kubernetes_executor.py
[2024-08-17T22:07:14.837+0000] {processor.py:826} INFO - Processing file /home/airflow/.local/lib/python3.7/site-packages/airflow/example_dags/example_local_kubernetes_executor.py for tasks to queue
[2024-08-17T22:07:14.838+0000] {logging_mixin.py:150} INFO - [2024-08-17T22:07:14.838+0000] {dagbag.py:541} INFO - Filling up the DagBag from /home/airflow/.local/lib/python3.7/site-packages/airflow/example_dags/example_local_kubernetes_executor.py
[2024-08-17T22:07:15.080+0000] {processor.py:836} INFO - DAG(s) dict_keys(['example_local_kubernetes_executor']) retrieved from /home/airflow/.local/lib/python3.7/site-packages/airflow/example_dags/example_local_kubernetes_executor.py
[2024-08-17T22:07:15.126+0000] {logging_mixin.py:150} INFO - [2024-08-17T22:07:15.125+0000] {dag.py:2742} INFO - Sync 1 DAGs
[2024-08-17T22:07:15.157+0000] {logging_mixin.py:150} INFO - [2024-08-17T22:07:15.157+0000] {dag.py:3508} INFO - Setting next_dagrun for example_local_kubernetes_executor to None, run_after=None
[2024-08-17T22:07:15.183+0000] {processor.py:179} INFO - Processing /home/airflow/.local/lib/python3.7/site-packages/airflow/example_dags/example_local_kubernetes_executor.py took 0.353 seconds
[2024-08-17T22:07:46.770+0000] {processor.py:157} INFO - Started process (PID=2035) to work on /home/airflow/.local/lib/python3.7/site-packages/airflow/example_dags/example_local_kubernetes_executor.py
[2024-08-17T22:07:46.817+0000] {processor.py:826} INFO - Processing file /home/airflow/.local/lib/python3.7/site-packages/airflow/example_dags/example_local_kubernetes_executor.py for tasks to queue
[2024-08-17T22:07:46.836+0000] {logging_mixin.py:150} INFO - [2024-08-17T22:07:46.826+0000] {dagbag.py:541} INFO - Filling up the DagBag from /home/airflow/.local/lib/python3.7/site-packages/airflow/example_dags/example_local_kubernetes_executor.py
[2024-08-17T22:07:51.573+0000] {processor.py:836} INFO - DAG(s) dict_keys(['example_local_kubernetes_executor']) retrieved from /home/airflow/.local/lib/python3.7/site-packages/airflow/example_dags/example_local_kubernetes_executor.py
[2024-08-17T22:07:53.376+0000] {logging_mixin.py:150} INFO - [2024-08-17T22:07:53.375+0000] {dag.py:2742} INFO - Sync 1 DAGs
[2024-08-17T22:07:54.158+0000] {logging_mixin.py:150} INFO - [2024-08-17T22:07:54.155+0000] {dag.py:3508} INFO - Setting next_dagrun for example_local_kubernetes_executor to None, run_after=None
[2024-08-17T22:07:54.537+0000] {processor.py:179} INFO - Processing /home/airflow/.local/lib/python3.7/site-packages/airflow/example_dags/example_local_kubernetes_executor.py took 8.043 seconds
[2024-08-17T22:08:25.425+0000] {processor.py:157} INFO - Started process (PID=2395) to work on /home/airflow/.local/lib/python3.7/site-packages/airflow/example_dags/example_local_kubernetes_executor.py
[2024-08-17T22:08:25.427+0000] {processor.py:826} INFO - Processing file /home/airflow/.local/lib/python3.7/site-packages/airflow/example_dags/example_local_kubernetes_executor.py for tasks to queue
[2024-08-17T22:08:25.429+0000] {logging_mixin.py:150} INFO - [2024-08-17T22:08:25.428+0000] {dagbag.py:541} INFO - Filling up the DagBag from /home/airflow/.local/lib/python3.7/site-packages/airflow/example_dags/example_local_kubernetes_executor.py
[2024-08-17T22:08:25.673+0000] {processor.py:836} INFO - DAG(s) dict_keys(['example_local_kubernetes_executor']) retrieved from /home/airflow/.local/lib/python3.7/site-packages/airflow/example_dags/example_local_kubernetes_executor.py
[2024-08-17T22:08:25.726+0000] {logging_mixin.py:150} INFO - [2024-08-17T22:08:25.726+0000] {dag.py:2742} INFO - Sync 1 DAGs
[2024-08-17T22:08:25.762+0000] {logging_mixin.py:150} INFO - [2024-08-17T22:08:25.762+0000] {dag.py:3508} INFO - Setting next_dagrun for example_local_kubernetes_executor to None, run_after=None
[2024-08-17T22:08:25.795+0000] {processor.py:179} INFO - Processing /home/airflow/.local/lib/python3.7/site-packages/airflow/example_dags/example_local_kubernetes_executor.py took 0.376 seconds
[2024-08-17T22:08:56.830+0000] {processor.py:157} INFO - Started process (PID=2633) to work on /home/airflow/.local/lib/python3.7/site-packages/airflow/example_dags/example_local_kubernetes_executor.py
[2024-08-17T22:08:56.832+0000] {processor.py:826} INFO - Processing file /home/airflow/.local/lib/python3.7/site-packages/airflow/example_dags/example_local_kubernetes_executor.py for tasks to queue
[2024-08-17T22:08:56.833+0000] {logging_mixin.py:150} INFO - [2024-08-17T22:08:56.833+0000] {dagbag.py:541} INFO - Filling up the DagBag from /home/airflow/.local/lib/python3.7/site-packages/airflow/example_dags/example_local_kubernetes_executor.py
[2024-08-17T22:08:57.053+0000] {processor.py:836} INFO - DAG(s) dict_keys(['example_local_kubernetes_executor']) retrieved from /home/airflow/.local/lib/python3.7/site-packages/airflow/example_dags/example_local_kubernetes_executor.py
[2024-08-17T22:08:57.100+0000] {logging_mixin.py:150} INFO - [2024-08-17T22:08:57.100+0000] {dag.py:2742} INFO - Sync 1 DAGs
[2024-08-17T22:08:57.138+0000] {logging_mixin.py:150} INFO - [2024-08-17T22:08:57.138+0000] {dag.py:3508} INFO - Setting next_dagrun for example_local_kubernetes_executor to None, run_after=None
[2024-08-17T22:08:57.165+0000] {processor.py:179} INFO - Processing /home/airflow/.local/lib/python3.7/site-packages/airflow/example_dags/example_local_kubernetes_executor.py took 0.339 seconds
[2024-08-17T22:09:27.221+0000] {processor.py:157} INFO - Started process (PID=2871) to work on /home/airflow/.local/lib/python3.7/site-packages/airflow/example_dags/example_local_kubernetes_executor.py
[2024-08-17T22:09:27.222+0000] {processor.py:826} INFO - Processing file /home/airflow/.local/lib/python3.7/site-packages/airflow/example_dags/example_local_kubernetes_executor.py for tasks to queue
[2024-08-17T22:09:27.224+0000] {logging_mixin.py:150} INFO - [2024-08-17T22:09:27.223+0000] {dagbag.py:541} INFO - Filling up the DagBag from /home/airflow/.local/lib/python3.7/site-packages/airflow/example_dags/example_local_kubernetes_executor.py
[2024-08-17T22:09:27.474+0000] {processor.py:836} INFO - DAG(s) dict_keys(['example_local_kubernetes_executor']) retrieved from /home/airflow/.local/lib/python3.7/site-packages/airflow/example_dags/example_local_kubernetes_executor.py
[2024-08-17T22:09:27.528+0000] {logging_mixin.py:150} INFO - [2024-08-17T22:09:27.528+0000] {dag.py:2742} INFO - Sync 1 DAGs
[2024-08-17T22:09:27.564+0000] {logging_mixin.py:150} INFO - [2024-08-17T22:09:27.563+0000] {dag.py:3508} INFO - Setting next_dagrun for example_local_kubernetes_executor to None, run_after=None
[2024-08-17T22:09:27.592+0000] {processor.py:179} INFO - Processing /home/airflow/.local/lib/python3.7/site-packages/airflow/example_dags/example_local_kubernetes_executor.py took 0.376 seconds
[2024-08-17T22:09:58.485+0000] {processor.py:157} INFO - Started process (PID=3109) to work on /home/airflow/.local/lib/python3.7/site-packages/airflow/example_dags/example_local_kubernetes_executor.py
[2024-08-17T22:09:58.486+0000] {processor.py:826} INFO - Processing file /home/airflow/.local/lib/python3.7/site-packages/airflow/example_dags/example_local_kubernetes_executor.py for tasks to queue
[2024-08-17T22:09:58.488+0000] {logging_mixin.py:150} INFO - [2024-08-17T22:09:58.488+0000] {dagbag.py:541} INFO - Filling up the DagBag from /home/airflow/.local/lib/python3.7/site-packages/airflow/example_dags/example_local_kubernetes_executor.py
[2024-08-17T22:09:58.733+0000] {processor.py:836} INFO - DAG(s) dict_keys(['example_local_kubernetes_executor']) retrieved from /home/airflow/.local/lib/python3.7/site-packages/airflow/example_dags/example_local_kubernetes_executor.py
[2024-08-17T22:09:58.778+0000] {logging_mixin.py:150} INFO - [2024-08-17T22:09:58.778+0000] {dag.py:2742} INFO - Sync 1 DAGs
[2024-08-17T22:09:58.827+0000] {logging_mixin.py:150} INFO - [2024-08-17T22:09:58.827+0000] {dag.py:3508} INFO - Setting next_dagrun for example_local_kubernetes_executor to None, run_after=None
[2024-08-17T22:09:58.853+0000] {processor.py:179} INFO - Processing /home/airflow/.local/lib/python3.7/site-packages/airflow/example_dags/example_local_kubernetes_executor.py took 0.373 seconds
[2024-08-17T22:10:29.823+0000] {processor.py:157} INFO - Started process (PID=3347) to work on /home/airflow/.local/lib/python3.7/site-packages/airflow/example_dags/example_local_kubernetes_executor.py
[2024-08-17T22:10:29.826+0000] {processor.py:826} INFO - Processing file /home/airflow/.local/lib/python3.7/site-packages/airflow/example_dags/example_local_kubernetes_executor.py for tasks to queue
[2024-08-17T22:10:29.832+0000] {logging_mixin.py:150} INFO - [2024-08-17T22:10:29.831+0000] {dagbag.py:541} INFO - Filling up the DagBag from /home/airflow/.local/lib/python3.7/site-packages/airflow/example_dags/example_local_kubernetes_executor.py
[2024-08-17T22:10:30.660+0000] {processor.py:836} INFO - DAG(s) dict_keys(['example_local_kubernetes_executor']) retrieved from /home/airflow/.local/lib/python3.7/site-packages/airflow/example_dags/example_local_kubernetes_executor.py
[2024-08-17T22:10:30.751+0000] {logging_mixin.py:150} INFO - [2024-08-17T22:10:30.750+0000] {dag.py:2742} INFO - Sync 1 DAGs
[2024-08-17T22:10:30.920+0000] {logging_mixin.py:150} INFO - [2024-08-17T22:10:30.920+0000] {dag.py:3508} INFO - Setting next_dagrun for example_local_kubernetes_executor to None, run_after=None
[2024-08-17T22:10:30.995+0000] {processor.py:179} INFO - Processing /home/airflow/.local/lib/python3.7/site-packages/airflow/example_dags/example_local_kubernetes_executor.py took 1.184 seconds
[2024-08-17T22:11:01.411+0000] {processor.py:157} INFO - Started process (PID=3585) to work on /home/airflow/.local/lib/python3.7/site-packages/airflow/example_dags/example_local_kubernetes_executor.py
[2024-08-17T22:11:01.413+0000] {processor.py:826} INFO - Processing file /home/airflow/.local/lib/python3.7/site-packages/airflow/example_dags/example_local_kubernetes_executor.py for tasks to queue
[2024-08-17T22:11:01.416+0000] {logging_mixin.py:150} INFO - [2024-08-17T22:11:01.416+0000] {dagbag.py:541} INFO - Filling up the DagBag from /home/airflow/.local/lib/python3.7/site-packages/airflow/example_dags/example_local_kubernetes_executor.py
[2024-08-17T22:11:01.754+0000] {processor.py:836} INFO - DAG(s) dict_keys(['example_local_kubernetes_executor']) retrieved from /home/airflow/.local/lib/python3.7/site-packages/airflow/example_dags/example_local_kubernetes_executor.py
[2024-08-17T22:11:01.823+0000] {logging_mixin.py:150} INFO - [2024-08-17T22:11:01.823+0000] {dag.py:2742} INFO - Sync 1 DAGs
[2024-08-17T22:11:01.868+0000] {logging_mixin.py:150} INFO - [2024-08-17T22:11:01.868+0000] {dag.py:3508} INFO - Setting next_dagrun for example_local_kubernetes_executor to None, run_after=None
[2024-08-17T22:11:01.919+0000] {processor.py:179} INFO - Processing /home/airflow/.local/lib/python3.7/site-packages/airflow/example_dags/example_local_kubernetes_executor.py took 0.517 seconds
[2024-08-17T22:12:15.502+0000] {processor.py:157} INFO - Started process (PID=301) to work on /home/airflow/.local/lib/python3.7/site-packages/airflow/example_dags/example_local_kubernetes_executor.py
[2024-08-17T22:12:15.510+0000] {processor.py:826} INFO - Processing file /home/airflow/.local/lib/python3.7/site-packages/airflow/example_dags/example_local_kubernetes_executor.py for tasks to queue
[2024-08-17T22:12:15.511+0000] {logging_mixin.py:150} INFO - [2024-08-17T22:12:15.511+0000] {dagbag.py:541} INFO - Filling up the DagBag from /home/airflow/.local/lib/python3.7/site-packages/airflow/example_dags/example_local_kubernetes_executor.py
[2024-08-17T22:12:17.338+0000] {processor.py:836} INFO - DAG(s) dict_keys(['example_local_kubernetes_executor']) retrieved from /home/airflow/.local/lib/python3.7/site-packages/airflow/example_dags/example_local_kubernetes_executor.py
[2024-08-17T22:12:17.399+0000] {logging_mixin.py:150} INFO - [2024-08-17T22:12:17.399+0000] {dag.py:2742} INFO - Sync 1 DAGs
[2024-08-17T22:12:17.438+0000] {logging_mixin.py:150} INFO - [2024-08-17T22:12:17.438+0000] {dag.py:3508} INFO - Setting next_dagrun for example_local_kubernetes_executor to None, run_after=None
[2024-08-17T22:12:17.469+0000] {processor.py:179} INFO - Processing /home/airflow/.local/lib/python3.7/site-packages/airflow/example_dags/example_local_kubernetes_executor.py took 1.972 seconds
[2024-08-17T22:12:48.149+0000] {processor.py:157} INFO - Started process (PID=576) to work on /home/airflow/.local/lib/python3.7/site-packages/airflow/example_dags/example_local_kubernetes_executor.py
[2024-08-17T22:12:48.151+0000] {processor.py:826} INFO - Processing file /home/airflow/.local/lib/python3.7/site-packages/airflow/example_dags/example_local_kubernetes_executor.py for tasks to queue
[2024-08-17T22:12:48.153+0000] {logging_mixin.py:150} INFO - [2024-08-17T22:12:48.152+0000] {dagbag.py:541} INFO - Filling up the DagBag from /home/airflow/.local/lib/python3.7/site-packages/airflow/example_dags/example_local_kubernetes_executor.py
[2024-08-17T22:12:48.421+0000] {processor.py:836} INFO - DAG(s) dict_keys(['example_local_kubernetes_executor']) retrieved from /home/airflow/.local/lib/python3.7/site-packages/airflow/example_dags/example_local_kubernetes_executor.py
[2024-08-17T22:12:48.469+0000] {logging_mixin.py:150} INFO - [2024-08-17T22:12:48.469+0000] {dag.py:2742} INFO - Sync 1 DAGs
[2024-08-17T22:12:48.518+0000] {logging_mixin.py:150} INFO - [2024-08-17T22:12:48.517+0000] {dag.py:3508} INFO - Setting next_dagrun for example_local_kubernetes_executor to None, run_after=None
[2024-08-17T22:12:48.561+0000] {processor.py:179} INFO - Processing /home/airflow/.local/lib/python3.7/site-packages/airflow/example_dags/example_local_kubernetes_executor.py took 0.417 seconds
[2024-08-17T22:13:18.625+0000] {processor.py:157} INFO - Started process (PID=822) to work on /home/airflow/.local/lib/python3.7/site-packages/airflow/example_dags/example_local_kubernetes_executor.py
[2024-08-17T22:13:18.627+0000] {processor.py:826} INFO - Processing file /home/airflow/.local/lib/python3.7/site-packages/airflow/example_dags/example_local_kubernetes_executor.py for tasks to queue
[2024-08-17T22:13:18.629+0000] {logging_mixin.py:150} INFO - [2024-08-17T22:13:18.628+0000] {dagbag.py:541} INFO - Filling up the DagBag from /home/airflow/.local/lib/python3.7/site-packages/airflow/example_dags/example_local_kubernetes_executor.py
[2024-08-17T22:13:18.885+0000] {processor.py:836} INFO - DAG(s) dict_keys(['example_local_kubernetes_executor']) retrieved from /home/airflow/.local/lib/python3.7/site-packages/airflow/example_dags/example_local_kubernetes_executor.py
[2024-08-17T22:13:18.935+0000] {logging_mixin.py:150} INFO - [2024-08-17T22:13:18.935+0000] {dag.py:2742} INFO - Sync 1 DAGs
[2024-08-17T22:13:18.968+0000] {logging_mixin.py:150} INFO - [2024-08-17T22:13:18.968+0000] {dag.py:3508} INFO - Setting next_dagrun for example_local_kubernetes_executor to None, run_after=None
[2024-08-17T22:13:18.991+0000] {processor.py:179} INFO - Processing /home/airflow/.local/lib/python3.7/site-packages/airflow/example_dags/example_local_kubernetes_executor.py took 0.370 seconds
[2024-08-17T22:13:49.098+0000] {processor.py:157} INFO - Started process (PID=1052) to work on /home/airflow/.local/lib/python3.7/site-packages/airflow/example_dags/example_local_kubernetes_executor.py
[2024-08-17T22:13:49.100+0000] {processor.py:826} INFO - Processing file /home/airflow/.local/lib/python3.7/site-packages/airflow/example_dags/example_local_kubernetes_executor.py for tasks to queue
[2024-08-17T22:13:49.101+0000] {logging_mixin.py:150} INFO - [2024-08-17T22:13:49.101+0000] {dagbag.py:541} INFO - Filling up the DagBag from /home/airflow/.local/lib/python3.7/site-packages/airflow/example_dags/example_local_kubernetes_executor.py
[2024-08-17T22:13:49.334+0000] {processor.py:836} INFO - DAG(s) dict_keys(['example_local_kubernetes_executor']) retrieved from /home/airflow/.local/lib/python3.7/site-packages/airflow/example_dags/example_local_kubernetes_executor.py
[2024-08-17T22:13:49.375+0000] {logging_mixin.py:150} INFO - [2024-08-17T22:13:49.375+0000] {dag.py:2742} INFO - Sync 1 DAGs
[2024-08-17T22:13:49.407+0000] {logging_mixin.py:150} INFO - [2024-08-17T22:13:49.406+0000] {dag.py:3508} INFO - Setting next_dagrun for example_local_kubernetes_executor to None, run_after=None
[2024-08-17T22:13:49.430+0000] {processor.py:179} INFO - Processing /home/airflow/.local/lib/python3.7/site-packages/airflow/example_dags/example_local_kubernetes_executor.py took 0.337 seconds
[2024-08-17T22:14:19.495+0000] {processor.py:157} INFO - Started process (PID=1293) to work on /home/airflow/.local/lib/python3.7/site-packages/airflow/example_dags/example_local_kubernetes_executor.py
[2024-08-17T22:14:19.497+0000] {processor.py:826} INFO - Processing file /home/airflow/.local/lib/python3.7/site-packages/airflow/example_dags/example_local_kubernetes_executor.py for tasks to queue
[2024-08-17T22:14:19.498+0000] {logging_mixin.py:150} INFO - [2024-08-17T22:14:19.498+0000] {dagbag.py:541} INFO - Filling up the DagBag from /home/airflow/.local/lib/python3.7/site-packages/airflow/example_dags/example_local_kubernetes_executor.py
[2024-08-17T22:14:19.829+0000] {processor.py:836} INFO - DAG(s) dict_keys(['example_local_kubernetes_executor']) retrieved from /home/airflow/.local/lib/python3.7/site-packages/airflow/example_dags/example_local_kubernetes_executor.py
[2024-08-17T22:14:19.874+0000] {logging_mixin.py:150} INFO - [2024-08-17T22:14:19.874+0000] {dag.py:2742} INFO - Sync 1 DAGs
[2024-08-17T22:14:19.906+0000] {logging_mixin.py:150} INFO - [2024-08-17T22:14:19.906+0000] {dag.py:3508} INFO - Setting next_dagrun for example_local_kubernetes_executor to None, run_after=None
[2024-08-17T22:14:19.933+0000] {processor.py:179} INFO - Processing /home/airflow/.local/lib/python3.7/site-packages/airflow/example_dags/example_local_kubernetes_executor.py took 0.443 seconds
[2024-08-17T22:14:49.996+0000] {processor.py:157} INFO - Started process (PID=1538) to work on /home/airflow/.local/lib/python3.7/site-packages/airflow/example_dags/example_local_kubernetes_executor.py
[2024-08-17T22:14:49.998+0000] {processor.py:826} INFO - Processing file /home/airflow/.local/lib/python3.7/site-packages/airflow/example_dags/example_local_kubernetes_executor.py for tasks to queue
[2024-08-17T22:14:49.999+0000] {logging_mixin.py:150} INFO - [2024-08-17T22:14:49.998+0000] {dagbag.py:541} INFO - Filling up the DagBag from /home/airflow/.local/lib/python3.7/site-packages/airflow/example_dags/example_local_kubernetes_executor.py
[2024-08-17T22:14:50.274+0000] {processor.py:836} INFO - DAG(s) dict_keys(['example_local_kubernetes_executor']) retrieved from /home/airflow/.local/lib/python3.7/site-packages/airflow/example_dags/example_local_kubernetes_executor.py
[2024-08-17T22:14:50.337+0000] {logging_mixin.py:150} INFO - [2024-08-17T22:14:50.336+0000] {dag.py:2742} INFO - Sync 1 DAGs
[2024-08-17T22:14:50.394+0000] {logging_mixin.py:150} INFO - [2024-08-17T22:14:50.394+0000] {dag.py:3508} INFO - Setting next_dagrun for example_local_kubernetes_executor to None, run_after=None
[2024-08-17T22:14:50.432+0000] {processor.py:179} INFO - Processing /home/airflow/.local/lib/python3.7/site-packages/airflow/example_dags/example_local_kubernetes_executor.py took 0.440 seconds
[2024-08-17T22:15:21.351+0000] {processor.py:157} INFO - Started process (PID=1786) to work on /home/airflow/.local/lib/python3.7/site-packages/airflow/example_dags/example_local_kubernetes_executor.py
[2024-08-17T22:15:21.355+0000] {processor.py:826} INFO - Processing file /home/airflow/.local/lib/python3.7/site-packages/airflow/example_dags/example_local_kubernetes_executor.py for tasks to queue
[2024-08-17T22:15:21.357+0000] {logging_mixin.py:150} INFO - [2024-08-17T22:15:21.356+0000] {dagbag.py:541} INFO - Filling up the DagBag from /home/airflow/.local/lib/python3.7/site-packages/airflow/example_dags/example_local_kubernetes_executor.py
[2024-08-17T22:15:21.711+0000] {processor.py:836} INFO - DAG(s) dict_keys(['example_local_kubernetes_executor']) retrieved from /home/airflow/.local/lib/python3.7/site-packages/airflow/example_dags/example_local_kubernetes_executor.py
[2024-08-17T22:15:21.767+0000] {logging_mixin.py:150} INFO - [2024-08-17T22:15:21.766+0000] {dag.py:2742} INFO - Sync 1 DAGs
[2024-08-17T22:15:21.814+0000] {logging_mixin.py:150} INFO - [2024-08-17T22:15:21.814+0000] {dag.py:3508} INFO - Setting next_dagrun for example_local_kubernetes_executor to None, run_after=None
[2024-08-17T22:15:21.847+0000] {processor.py:179} INFO - Processing /home/airflow/.local/lib/python3.7/site-packages/airflow/example_dags/example_local_kubernetes_executor.py took 0.500 seconds
[2024-08-17T22:15:52.714+0000] {processor.py:157} INFO - Started process (PID=2039) to work on /home/airflow/.local/lib/python3.7/site-packages/airflow/example_dags/example_local_kubernetes_executor.py
[2024-08-17T22:15:52.716+0000] {processor.py:826} INFO - Processing file /home/airflow/.local/lib/python3.7/site-packages/airflow/example_dags/example_local_kubernetes_executor.py for tasks to queue
[2024-08-17T22:15:52.717+0000] {logging_mixin.py:150} INFO - [2024-08-17T22:15:52.717+0000] {dagbag.py:541} INFO - Filling up the DagBag from /home/airflow/.local/lib/python3.7/site-packages/airflow/example_dags/example_local_kubernetes_executor.py
[2024-08-17T22:15:52.936+0000] {processor.py:836} INFO - DAG(s) dict_keys(['example_local_kubernetes_executor']) retrieved from /home/airflow/.local/lib/python3.7/site-packages/airflow/example_dags/example_local_kubernetes_executor.py
[2024-08-17T22:15:52.979+0000] {logging_mixin.py:150} INFO - [2024-08-17T22:15:52.979+0000] {dag.py:2742} INFO - Sync 1 DAGs
[2024-08-17T22:15:53.009+0000] {logging_mixin.py:150} INFO - [2024-08-17T22:15:53.008+0000] {dag.py:3508} INFO - Setting next_dagrun for example_local_kubernetes_executor to None, run_after=None
[2024-08-17T22:15:53.031+0000] {processor.py:179} INFO - Processing /home/airflow/.local/lib/python3.7/site-packages/airflow/example_dags/example_local_kubernetes_executor.py took 0.323 seconds
[2024-08-17T22:16:23.076+0000] {processor.py:157} INFO - Started process (PID=2280) to work on /home/airflow/.local/lib/python3.7/site-packages/airflow/example_dags/example_local_kubernetes_executor.py
[2024-08-17T22:16:23.078+0000] {processor.py:826} INFO - Processing file /home/airflow/.local/lib/python3.7/site-packages/airflow/example_dags/example_local_kubernetes_executor.py for tasks to queue
[2024-08-17T22:16:23.078+0000] {logging_mixin.py:150} INFO - [2024-08-17T22:16:23.078+0000] {dagbag.py:541} INFO - Filling up the DagBag from /home/airflow/.local/lib/python3.7/site-packages/airflow/example_dags/example_local_kubernetes_executor.py
[2024-08-17T22:16:23.332+0000] {processor.py:836} INFO - DAG(s) dict_keys(['example_local_kubernetes_executor']) retrieved from /home/airflow/.local/lib/python3.7/site-packages/airflow/example_dags/example_local_kubernetes_executor.py
[2024-08-17T22:16:23.374+0000] {logging_mixin.py:150} INFO - [2024-08-17T22:16:23.373+0000] {dag.py:2742} INFO - Sync 1 DAGs
[2024-08-17T22:16:23.404+0000] {logging_mixin.py:150} INFO - [2024-08-17T22:16:23.403+0000] {dag.py:3508} INFO - Setting next_dagrun for example_local_kubernetes_executor to None, run_after=None
[2024-08-17T22:16:23.426+0000] {processor.py:179} INFO - Processing /home/airflow/.local/lib/python3.7/site-packages/airflow/example_dags/example_local_kubernetes_executor.py took 0.354 seconds
