[2024-08-17T22:03:56.816+0000] {processor.py:157} INFO - Started process (PID=217) to work on /home/airflow/.local/lib/python3.7/site-packages/airflow/example_dags/example_params_trigger_ui.py
[2024-08-17T22:03:56.819+0000] {processor.py:826} INFO - Processing file /home/airflow/.local/lib/python3.7/site-packages/airflow/example_dags/example_params_trigger_ui.py for tasks to queue
[2024-08-17T22:03:56.823+0000] {logging_mixin.py:150} INFO - [2024-08-17T22:03:56.823+0000] {dagbag.py:541} INFO - Filling up the DagBag from /home/airflow/.local/lib/python3.7/site-packages/airflow/example_dags/example_params_trigger_ui.py
[2024-08-17T22:03:56.865+0000] {processor.py:836} INFO - DAG(s) dict_keys(['example_params_trigger_ui']) retrieved from /home/airflow/.local/lib/python3.7/site-packages/airflow/example_dags/example_params_trigger_ui.py
[2024-08-17T22:03:57.147+0000] {logging_mixin.py:150} INFO - [2024-08-17T22:03:57.146+0000] {manager.py:504} INFO - Created Permission View: can read on DAG:example_params_trigger_ui
[2024-08-17T22:03:57.171+0000] {logging_mixin.py:150} INFO - [2024-08-17T22:03:57.171+0000] {manager.py:504} INFO - Created Permission View: can edit on DAG:example_params_trigger_ui
[2024-08-17T22:03:57.221+0000] {logging_mixin.py:150} INFO - [2024-08-17T22:03:57.221+0000] {manager.py:504} INFO - Created Permission View: can delete on DAG:example_params_trigger_ui
[2024-08-17T22:03:57.255+0000] {logging_mixin.py:150} INFO - [2024-08-17T22:03:57.254+0000] {dag.py:2742} INFO - Sync 1 DAGs
[2024-08-17T22:03:57.284+0000] {logging_mixin.py:150} INFO - [2024-08-17T22:03:57.283+0000] {dag.py:2763} INFO - Creating ORM DAG for example_params_trigger_ui
[2024-08-17T22:03:57.312+0000] {logging_mixin.py:150} INFO - [2024-08-17T22:03:57.312+0000] {dag.py:3508} INFO - Setting next_dagrun for example_params_trigger_ui to None, run_after=None
[2024-08-17T22:03:57.347+0000] {processor.py:179} INFO - Processing /home/airflow/.local/lib/python3.7/site-packages/airflow/example_dags/example_params_trigger_ui.py took 0.538 seconds
[2024-08-17T22:04:27.847+0000] {processor.py:157} INFO - Started process (PID=457) to work on /home/airflow/.local/lib/python3.7/site-packages/airflow/example_dags/example_params_trigger_ui.py
[2024-08-17T22:04:27.849+0000] {processor.py:826} INFO - Processing file /home/airflow/.local/lib/python3.7/site-packages/airflow/example_dags/example_params_trigger_ui.py for tasks to queue
[2024-08-17T22:04:27.850+0000] {logging_mixin.py:150} INFO - [2024-08-17T22:04:27.850+0000] {dagbag.py:541} INFO - Filling up the DagBag from /home/airflow/.local/lib/python3.7/site-packages/airflow/example_dags/example_params_trigger_ui.py
[2024-08-17T22:04:27.883+0000] {processor.py:836} INFO - DAG(s) dict_keys(['example_params_trigger_ui']) retrieved from /home/airflow/.local/lib/python3.7/site-packages/airflow/example_dags/example_params_trigger_ui.py
[2024-08-17T22:04:28.129+0000] {logging_mixin.py:150} INFO - [2024-08-17T22:04:28.129+0000] {dag.py:2742} INFO - Sync 1 DAGs
[2024-08-17T22:04:28.171+0000] {logging_mixin.py:150} INFO - [2024-08-17T22:04:28.171+0000] {dag.py:3508} INFO - Setting next_dagrun for example_params_trigger_ui to None, run_after=None
[2024-08-17T22:04:28.200+0000] {processor.py:179} INFO - Processing /home/airflow/.local/lib/python3.7/site-packages/airflow/example_dags/example_params_trigger_ui.py took 0.357 seconds
[2024-08-17T22:04:58.523+0000] {processor.py:157} INFO - Started process (PID=698) to work on /home/airflow/.local/lib/python3.7/site-packages/airflow/example_dags/example_params_trigger_ui.py
[2024-08-17T22:04:58.525+0000] {processor.py:826} INFO - Processing file /home/airflow/.local/lib/python3.7/site-packages/airflow/example_dags/example_params_trigger_ui.py for tasks to queue
[2024-08-17T22:04:58.526+0000] {logging_mixin.py:150} INFO - [2024-08-17T22:04:58.526+0000] {dagbag.py:541} INFO - Filling up the DagBag from /home/airflow/.local/lib/python3.7/site-packages/airflow/example_dags/example_params_trigger_ui.py
[2024-08-17T22:04:58.555+0000] {processor.py:836} INFO - DAG(s) dict_keys(['example_params_trigger_ui']) retrieved from /home/airflow/.local/lib/python3.7/site-packages/airflow/example_dags/example_params_trigger_ui.py
[2024-08-17T22:04:58.676+0000] {logging_mixin.py:150} INFO - [2024-08-17T22:04:58.676+0000] {dag.py:2742} INFO - Sync 1 DAGs
[2024-08-17T22:04:58.708+0000] {logging_mixin.py:150} INFO - [2024-08-17T22:04:58.707+0000] {dag.py:3508} INFO - Setting next_dagrun for example_params_trigger_ui to None, run_after=None
[2024-08-17T22:04:58.732+0000] {processor.py:179} INFO - Processing /home/airflow/.local/lib/python3.7/site-packages/airflow/example_dags/example_params_trigger_ui.py took 0.212 seconds
[2024-08-17T22:05:34.265+0000] {processor.py:157} INFO - Started process (PID=931) to work on /home/airflow/.local/lib/python3.7/site-packages/airflow/example_dags/example_params_trigger_ui.py
[2024-08-17T22:05:34.269+0000] {processor.py:826} INFO - Processing file /home/airflow/.local/lib/python3.7/site-packages/airflow/example_dags/example_params_trigger_ui.py for tasks to queue
[2024-08-17T22:05:34.271+0000] {logging_mixin.py:150} INFO - [2024-08-17T22:05:34.270+0000] {dagbag.py:541} INFO - Filling up the DagBag from /home/airflow/.local/lib/python3.7/site-packages/airflow/example_dags/example_params_trigger_ui.py
[2024-08-17T22:05:34.395+0000] {processor.py:836} INFO - DAG(s) dict_keys(['example_params_trigger_ui']) retrieved from /home/airflow/.local/lib/python3.7/site-packages/airflow/example_dags/example_params_trigger_ui.py
[2024-08-17T22:05:34.689+0000] {logging_mixin.py:150} INFO - [2024-08-17T22:05:34.688+0000] {dag.py:2742} INFO - Sync 1 DAGs
[2024-08-17T22:05:34.784+0000] {logging_mixin.py:150} INFO - [2024-08-17T22:05:34.784+0000] {dag.py:3508} INFO - Setting next_dagrun for example_params_trigger_ui to None, run_after=None
[2024-08-17T22:05:34.842+0000] {processor.py:179} INFO - Processing /home/airflow/.local/lib/python3.7/site-packages/airflow/example_dags/example_params_trigger_ui.py took 0.596 seconds
[2024-08-17T22:06:04.881+0000] {processor.py:157} INFO - Started process (PID=1176) to work on /home/airflow/.local/lib/python3.7/site-packages/airflow/example_dags/example_params_trigger_ui.py
[2024-08-17T22:06:04.883+0000] {processor.py:826} INFO - Processing file /home/airflow/.local/lib/python3.7/site-packages/airflow/example_dags/example_params_trigger_ui.py for tasks to queue
[2024-08-17T22:06:04.884+0000] {logging_mixin.py:150} INFO - [2024-08-17T22:06:04.883+0000] {dagbag.py:541} INFO - Filling up the DagBag from /home/airflow/.local/lib/python3.7/site-packages/airflow/example_dags/example_params_trigger_ui.py
[2024-08-17T22:06:04.915+0000] {processor.py:836} INFO - DAG(s) dict_keys(['example_params_trigger_ui']) retrieved from /home/airflow/.local/lib/python3.7/site-packages/airflow/example_dags/example_params_trigger_ui.py
[2024-08-17T22:06:05.036+0000] {logging_mixin.py:150} INFO - [2024-08-17T22:06:05.036+0000] {dag.py:2742} INFO - Sync 1 DAGs
[2024-08-17T22:06:05.070+0000] {logging_mixin.py:150} INFO - [2024-08-17T22:06:05.070+0000] {dag.py:3508} INFO - Setting next_dagrun for example_params_trigger_ui to None, run_after=None
[2024-08-17T22:06:05.095+0000] {processor.py:179} INFO - Processing /home/airflow/.local/lib/python3.7/site-packages/airflow/example_dags/example_params_trigger_ui.py took 0.218 seconds
[2024-08-17T22:06:35.181+0000] {processor.py:157} INFO - Started process (PID=1414) to work on /home/airflow/.local/lib/python3.7/site-packages/airflow/example_dags/example_params_trigger_ui.py
[2024-08-17T22:06:35.184+0000] {processor.py:826} INFO - Processing file /home/airflow/.local/lib/python3.7/site-packages/airflow/example_dags/example_params_trigger_ui.py for tasks to queue
[2024-08-17T22:06:35.185+0000] {logging_mixin.py:150} INFO - [2024-08-17T22:06:35.185+0000] {dagbag.py:541} INFO - Filling up the DagBag from /home/airflow/.local/lib/python3.7/site-packages/airflow/example_dags/example_params_trigger_ui.py
[2024-08-17T22:06:35.218+0000] {processor.py:836} INFO - DAG(s) dict_keys(['example_params_trigger_ui']) retrieved from /home/airflow/.local/lib/python3.7/site-packages/airflow/example_dags/example_params_trigger_ui.py
[2024-08-17T22:06:35.334+0000] {logging_mixin.py:150} INFO - [2024-08-17T22:06:35.334+0000] {dag.py:2742} INFO - Sync 1 DAGs
[2024-08-17T22:06:35.367+0000] {logging_mixin.py:150} INFO - [2024-08-17T22:06:35.367+0000] {dag.py:3508} INFO - Setting next_dagrun for example_params_trigger_ui to None, run_after=None
[2024-08-17T22:06:35.391+0000] {processor.py:179} INFO - Processing /home/airflow/.local/lib/python3.7/site-packages/airflow/example_dags/example_params_trigger_ui.py took 0.215 seconds
[2024-08-17T22:07:06.038+0000] {processor.py:157} INFO - Started process (PID=1652) to work on /home/airflow/.local/lib/python3.7/site-packages/airflow/example_dags/example_params_trigger_ui.py
[2024-08-17T22:07:06.042+0000] {processor.py:826} INFO - Processing file /home/airflow/.local/lib/python3.7/site-packages/airflow/example_dags/example_params_trigger_ui.py for tasks to queue
[2024-08-17T22:07:06.044+0000] {logging_mixin.py:150} INFO - [2024-08-17T22:07:06.044+0000] {dagbag.py:541} INFO - Filling up the DagBag from /home/airflow/.local/lib/python3.7/site-packages/airflow/example_dags/example_params_trigger_ui.py
[2024-08-17T22:07:06.124+0000] {processor.py:836} INFO - DAG(s) dict_keys(['example_params_trigger_ui']) retrieved from /home/airflow/.local/lib/python3.7/site-packages/airflow/example_dags/example_params_trigger_ui.py
[2024-08-17T22:07:06.375+0000] {logging_mixin.py:150} INFO - [2024-08-17T22:07:06.375+0000] {dag.py:2742} INFO - Sync 1 DAGs
[2024-08-17T22:07:06.408+0000] {logging_mixin.py:150} INFO - [2024-08-17T22:07:06.408+0000] {dag.py:3508} INFO - Setting next_dagrun for example_params_trigger_ui to None, run_after=None
[2024-08-17T22:07:06.438+0000] {processor.py:179} INFO - Processing /home/airflow/.local/lib/python3.7/site-packages/airflow/example_dags/example_params_trigger_ui.py took 0.411 seconds
[2024-08-17T22:07:37.241+0000] {processor.py:157} INFO - Started process (PID=1890) to work on /home/airflow/.local/lib/python3.7/site-packages/airflow/example_dags/example_params_trigger_ui.py
[2024-08-17T22:07:37.243+0000] {processor.py:826} INFO - Processing file /home/airflow/.local/lib/python3.7/site-packages/airflow/example_dags/example_params_trigger_ui.py for tasks to queue
[2024-08-17T22:07:37.244+0000] {logging_mixin.py:150} INFO - [2024-08-17T22:07:37.243+0000] {dagbag.py:541} INFO - Filling up the DagBag from /home/airflow/.local/lib/python3.7/site-packages/airflow/example_dags/example_params_trigger_ui.py
[2024-08-17T22:07:37.272+0000] {processor.py:836} INFO - DAG(s) dict_keys(['example_params_trigger_ui']) retrieved from /home/airflow/.local/lib/python3.7/site-packages/airflow/example_dags/example_params_trigger_ui.py
[2024-08-17T22:07:37.389+0000] {logging_mixin.py:150} INFO - [2024-08-17T22:07:37.389+0000] {dag.py:2742} INFO - Sync 1 DAGs
[2024-08-17T22:07:37.421+0000] {logging_mixin.py:150} INFO - [2024-08-17T22:07:37.421+0000] {dag.py:3508} INFO - Setting next_dagrun for example_params_trigger_ui to None, run_after=None
[2024-08-17T22:07:37.450+0000] {processor.py:179} INFO - Processing /home/airflow/.local/lib/python3.7/site-packages/airflow/example_dags/example_params_trigger_ui.py took 0.214 seconds
[2024-08-17T22:08:11.889+0000] {processor.py:157} INFO - Started process (PID=2231) to work on /home/airflow/.local/lib/python3.7/site-packages/airflow/example_dags/example_params_trigger_ui.py
[2024-08-17T22:08:11.892+0000] {processor.py:826} INFO - Processing file /home/airflow/.local/lib/python3.7/site-packages/airflow/example_dags/example_params_trigger_ui.py for tasks to queue
[2024-08-17T22:08:11.895+0000] {logging_mixin.py:150} INFO - [2024-08-17T22:08:11.895+0000] {dagbag.py:541} INFO - Filling up the DagBag from /home/airflow/.local/lib/python3.7/site-packages/airflow/example_dags/example_params_trigger_ui.py
[2024-08-17T22:08:11.943+0000] {processor.py:836} INFO - DAG(s) dict_keys(['example_params_trigger_ui']) retrieved from /home/airflow/.local/lib/python3.7/site-packages/airflow/example_dags/example_params_trigger_ui.py
[2024-08-17T22:08:12.119+0000] {logging_mixin.py:150} INFO - [2024-08-17T22:08:12.119+0000] {dag.py:2742} INFO - Sync 1 DAGs
[2024-08-17T22:08:12.167+0000] {logging_mixin.py:150} INFO - [2024-08-17T22:08:12.167+0000] {dag.py:3508} INFO - Setting next_dagrun for example_params_trigger_ui to None, run_after=None
[2024-08-17T22:08:12.209+0000] {processor.py:179} INFO - Processing /home/airflow/.local/lib/python3.7/site-packages/airflow/example_dags/example_params_trigger_ui.py took 0.324 seconds
[2024-08-17T22:08:42.271+0000] {processor.py:157} INFO - Started process (PID=2491) to work on /home/airflow/.local/lib/python3.7/site-packages/airflow/example_dags/example_params_trigger_ui.py
[2024-08-17T22:08:42.273+0000] {processor.py:826} INFO - Processing file /home/airflow/.local/lib/python3.7/site-packages/airflow/example_dags/example_params_trigger_ui.py for tasks to queue
[2024-08-17T22:08:42.274+0000] {logging_mixin.py:150} INFO - [2024-08-17T22:08:42.274+0000] {dagbag.py:541} INFO - Filling up the DagBag from /home/airflow/.local/lib/python3.7/site-packages/airflow/example_dags/example_params_trigger_ui.py
[2024-08-17T22:08:42.301+0000] {processor.py:836} INFO - DAG(s) dict_keys(['example_params_trigger_ui']) retrieved from /home/airflow/.local/lib/python3.7/site-packages/airflow/example_dags/example_params_trigger_ui.py
[2024-08-17T22:08:42.413+0000] {logging_mixin.py:150} INFO - [2024-08-17T22:08:42.413+0000] {dag.py:2742} INFO - Sync 1 DAGs
[2024-08-17T22:08:42.445+0000] {logging_mixin.py:150} INFO - [2024-08-17T22:08:42.445+0000] {dag.py:3508} INFO - Setting next_dagrun for example_params_trigger_ui to None, run_after=None
[2024-08-17T22:08:42.469+0000] {processor.py:179} INFO - Processing /home/airflow/.local/lib/python3.7/site-packages/airflow/example_dags/example_params_trigger_ui.py took 0.202 seconds
[2024-08-17T22:09:12.744+0000] {processor.py:157} INFO - Started process (PID=2729) to work on /home/airflow/.local/lib/python3.7/site-packages/airflow/example_dags/example_params_trigger_ui.py
[2024-08-17T22:09:12.745+0000] {processor.py:826} INFO - Processing file /home/airflow/.local/lib/python3.7/site-packages/airflow/example_dags/example_params_trigger_ui.py for tasks to queue
[2024-08-17T22:09:12.747+0000] {logging_mixin.py:150} INFO - [2024-08-17T22:09:12.746+0000] {dagbag.py:541} INFO - Filling up the DagBag from /home/airflow/.local/lib/python3.7/site-packages/airflow/example_dags/example_params_trigger_ui.py
[2024-08-17T22:09:12.776+0000] {processor.py:836} INFO - DAG(s) dict_keys(['example_params_trigger_ui']) retrieved from /home/airflow/.local/lib/python3.7/site-packages/airflow/example_dags/example_params_trigger_ui.py
[2024-08-17T22:09:12.896+0000] {logging_mixin.py:150} INFO - [2024-08-17T22:09:12.896+0000] {dag.py:2742} INFO - Sync 1 DAGs
[2024-08-17T22:09:12.928+0000] {logging_mixin.py:150} INFO - [2024-08-17T22:09:12.927+0000] {dag.py:3508} INFO - Setting next_dagrun for example_params_trigger_ui to None, run_after=None
[2024-08-17T22:09:12.953+0000] {processor.py:179} INFO - Processing /home/airflow/.local/lib/python3.7/site-packages/airflow/example_dags/example_params_trigger_ui.py took 0.213 seconds
[2024-08-17T22:09:43.211+0000] {processor.py:157} INFO - Started process (PID=2967) to work on /home/airflow/.local/lib/python3.7/site-packages/airflow/example_dags/example_params_trigger_ui.py
[2024-08-17T22:09:43.212+0000] {processor.py:826} INFO - Processing file /home/airflow/.local/lib/python3.7/site-packages/airflow/example_dags/example_params_trigger_ui.py for tasks to queue
[2024-08-17T22:09:43.213+0000] {logging_mixin.py:150} INFO - [2024-08-17T22:09:43.213+0000] {dagbag.py:541} INFO - Filling up the DagBag from /home/airflow/.local/lib/python3.7/site-packages/airflow/example_dags/example_params_trigger_ui.py
[2024-08-17T22:09:43.243+0000] {processor.py:836} INFO - DAG(s) dict_keys(['example_params_trigger_ui']) retrieved from /home/airflow/.local/lib/python3.7/site-packages/airflow/example_dags/example_params_trigger_ui.py
[2024-08-17T22:09:43.385+0000] {logging_mixin.py:150} INFO - [2024-08-17T22:09:43.384+0000] {dag.py:2742} INFO - Sync 1 DAGs
[2024-08-17T22:09:43.420+0000] {logging_mixin.py:150} INFO - [2024-08-17T22:09:43.420+0000] {dag.py:3508} INFO - Setting next_dagrun for example_params_trigger_ui to None, run_after=None
[2024-08-17T22:09:43.448+0000] {processor.py:179} INFO - Processing /home/airflow/.local/lib/python3.7/site-packages/airflow/example_dags/example_params_trigger_ui.py took 0.241 seconds
[2024-08-17T22:10:13.705+0000] {processor.py:157} INFO - Started process (PID=3207) to work on /home/airflow/.local/lib/python3.7/site-packages/airflow/example_dags/example_params_trigger_ui.py
[2024-08-17T22:10:13.706+0000] {processor.py:826} INFO - Processing file /home/airflow/.local/lib/python3.7/site-packages/airflow/example_dags/example_params_trigger_ui.py for tasks to queue
[2024-08-17T22:10:13.707+0000] {logging_mixin.py:150} INFO - [2024-08-17T22:10:13.707+0000] {dagbag.py:541} INFO - Filling up the DagBag from /home/airflow/.local/lib/python3.7/site-packages/airflow/example_dags/example_params_trigger_ui.py
[2024-08-17T22:10:13.738+0000] {processor.py:836} INFO - DAG(s) dict_keys(['example_params_trigger_ui']) retrieved from /home/airflow/.local/lib/python3.7/site-packages/airflow/example_dags/example_params_trigger_ui.py
[2024-08-17T22:10:14.196+0000] {logging_mixin.py:150} INFO - [2024-08-17T22:10:14.189+0000] {dag.py:2742} INFO - Sync 1 DAGs
[2024-08-17T22:10:14.295+0000] {logging_mixin.py:150} INFO - [2024-08-17T22:10:14.295+0000] {dag.py:3508} INFO - Setting next_dagrun for example_params_trigger_ui to None, run_after=None
[2024-08-17T22:10:14.330+0000] {processor.py:179} INFO - Processing /home/airflow/.local/lib/python3.7/site-packages/airflow/example_dags/example_params_trigger_ui.py took 0.630 seconds
[2024-08-17T22:10:45.035+0000] {processor.py:157} INFO - Started process (PID=3450) to work on /home/airflow/.local/lib/python3.7/site-packages/airflow/example_dags/example_params_trigger_ui.py
[2024-08-17T22:10:45.037+0000] {processor.py:826} INFO - Processing file /home/airflow/.local/lib/python3.7/site-packages/airflow/example_dags/example_params_trigger_ui.py for tasks to queue
[2024-08-17T22:10:45.038+0000] {logging_mixin.py:150} INFO - [2024-08-17T22:10:45.038+0000] {dagbag.py:541} INFO - Filling up the DagBag from /home/airflow/.local/lib/python3.7/site-packages/airflow/example_dags/example_params_trigger_ui.py
[2024-08-17T22:10:45.067+0000] {processor.py:836} INFO - DAG(s) dict_keys(['example_params_trigger_ui']) retrieved from /home/airflow/.local/lib/python3.7/site-packages/airflow/example_dags/example_params_trigger_ui.py
[2024-08-17T22:10:45.188+0000] {logging_mixin.py:150} INFO - [2024-08-17T22:10:45.188+0000] {dag.py:2742} INFO - Sync 1 DAGs
[2024-08-17T22:10:45.220+0000] {logging_mixin.py:150} INFO - [2024-08-17T22:10:45.220+0000] {dag.py:3508} INFO - Setting next_dagrun for example_params_trigger_ui to None, run_after=None
[2024-08-17T22:10:45.243+0000] {processor.py:179} INFO - Processing /home/airflow/.local/lib/python3.7/site-packages/airflow/example_dags/example_params_trigger_ui.py took 0.212 seconds
[2024-08-17T22:11:16.066+0000] {processor.py:157} INFO - Started process (PID=3693) to work on /home/airflow/.local/lib/python3.7/site-packages/airflow/example_dags/example_params_trigger_ui.py
[2024-08-17T22:11:16.067+0000] {processor.py:826} INFO - Processing file /home/airflow/.local/lib/python3.7/site-packages/airflow/example_dags/example_params_trigger_ui.py for tasks to queue
[2024-08-17T22:11:16.068+0000] {logging_mixin.py:150} INFO - [2024-08-17T22:11:16.068+0000] {dagbag.py:541} INFO - Filling up the DagBag from /home/airflow/.local/lib/python3.7/site-packages/airflow/example_dags/example_params_trigger_ui.py
[2024-08-17T22:11:16.096+0000] {processor.py:836} INFO - DAG(s) dict_keys(['example_params_trigger_ui']) retrieved from /home/airflow/.local/lib/python3.7/site-packages/airflow/example_dags/example_params_trigger_ui.py
[2024-08-17T22:11:16.253+0000] {logging_mixin.py:150} INFO - [2024-08-17T22:11:16.252+0000] {dag.py:2742} INFO - Sync 1 DAGs
[2024-08-17T22:11:16.291+0000] {logging_mixin.py:150} INFO - [2024-08-17T22:11:16.291+0000] {dag.py:3508} INFO - Setting next_dagrun for example_params_trigger_ui to None, run_after=None
[2024-08-17T22:11:16.315+0000] {processor.py:179} INFO - Processing /home/airflow/.local/lib/python3.7/site-packages/airflow/example_dags/example_params_trigger_ui.py took 0.253 seconds
[2024-08-17T22:12:09.570+0000] {processor.py:157} INFO - Started process (PID=216) to work on /home/airflow/.local/lib/python3.7/site-packages/airflow/example_dags/example_params_trigger_ui.py
[2024-08-17T22:12:09.572+0000] {processor.py:826} INFO - Processing file /home/airflow/.local/lib/python3.7/site-packages/airflow/example_dags/example_params_trigger_ui.py for tasks to queue
[2024-08-17T22:12:09.573+0000] {logging_mixin.py:150} INFO - [2024-08-17T22:12:09.573+0000] {dagbag.py:541} INFO - Filling up the DagBag from /home/airflow/.local/lib/python3.7/site-packages/airflow/example_dags/example_params_trigger_ui.py
[2024-08-17T22:12:09.608+0000] {processor.py:836} INFO - DAG(s) dict_keys(['example_params_trigger_ui']) retrieved from /home/airflow/.local/lib/python3.7/site-packages/airflow/example_dags/example_params_trigger_ui.py
[2024-08-17T22:12:09.747+0000] {logging_mixin.py:150} INFO - [2024-08-17T22:12:09.746+0000] {dag.py:2742} INFO - Sync 1 DAGs
[2024-08-17T22:12:09.783+0000] {logging_mixin.py:150} INFO - [2024-08-17T22:12:09.783+0000] {dag.py:3508} INFO - Setting next_dagrun for example_params_trigger_ui to None, run_after=None
[2024-08-17T22:12:09.815+0000] {processor.py:179} INFO - Processing /home/airflow/.local/lib/python3.7/site-packages/airflow/example_dags/example_params_trigger_ui.py took 0.250 seconds
[2024-08-17T22:12:40.293+0000] {processor.py:157} INFO - Started process (PID=449) to work on /home/airflow/.local/lib/python3.7/site-packages/airflow/example_dags/example_params_trigger_ui.py
[2024-08-17T22:12:40.296+0000] {processor.py:826} INFO - Processing file /home/airflow/.local/lib/python3.7/site-packages/airflow/example_dags/example_params_trigger_ui.py for tasks to queue
[2024-08-17T22:12:40.298+0000] {logging_mixin.py:150} INFO - [2024-08-17T22:12:40.297+0000] {dagbag.py:541} INFO - Filling up the DagBag from /home/airflow/.local/lib/python3.7/site-packages/airflow/example_dags/example_params_trigger_ui.py
[2024-08-17T22:12:40.329+0000] {processor.py:836} INFO - DAG(s) dict_keys(['example_params_trigger_ui']) retrieved from /home/airflow/.local/lib/python3.7/site-packages/airflow/example_dags/example_params_trigger_ui.py
[2024-08-17T22:12:40.436+0000] {logging_mixin.py:150} INFO - [2024-08-17T22:12:40.435+0000] {dag.py:2742} INFO - Sync 1 DAGs
[2024-08-17T22:12:40.467+0000] {logging_mixin.py:150} INFO - [2024-08-17T22:12:40.467+0000] {dag.py:3508} INFO - Setting next_dagrun for example_params_trigger_ui to None, run_after=None
[2024-08-17T22:12:40.489+0000] {processor.py:179} INFO - Processing /home/airflow/.local/lib/python3.7/site-packages/airflow/example_dags/example_params_trigger_ui.py took 0.200 seconds
[2024-08-17T22:13:11.562+0000] {processor.py:157} INFO - Started process (PID=687) to work on /home/airflow/.local/lib/python3.7/site-packages/airflow/example_dags/example_params_trigger_ui.py
[2024-08-17T22:13:11.565+0000] {processor.py:826} INFO - Processing file /home/airflow/.local/lib/python3.7/site-packages/airflow/example_dags/example_params_trigger_ui.py for tasks to queue
[2024-08-17T22:13:11.568+0000] {logging_mixin.py:150} INFO - [2024-08-17T22:13:11.567+0000] {dagbag.py:541} INFO - Filling up the DagBag from /home/airflow/.local/lib/python3.7/site-packages/airflow/example_dags/example_params_trigger_ui.py
[2024-08-17T22:13:11.599+0000] {processor.py:836} INFO - DAG(s) dict_keys(['example_params_trigger_ui']) retrieved from /home/airflow/.local/lib/python3.7/site-packages/airflow/example_dags/example_params_trigger_ui.py
[2024-08-17T22:13:11.703+0000] {logging_mixin.py:150} INFO - [2024-08-17T22:13:11.702+0000] {dag.py:2742} INFO - Sync 1 DAGs
[2024-08-17T22:13:11.742+0000] {logging_mixin.py:150} INFO - [2024-08-17T22:13:11.741+0000] {dag.py:3508} INFO - Setting next_dagrun for example_params_trigger_ui to None, run_after=None
[2024-08-17T22:13:11.764+0000] {processor.py:179} INFO - Processing /home/airflow/.local/lib/python3.7/site-packages/airflow/example_dags/example_params_trigger_ui.py took 0.206 seconds
[2024-08-17T22:13:42.132+0000] {processor.py:157} INFO - Started process (PID=930) to work on /home/airflow/.local/lib/python3.7/site-packages/airflow/example_dags/example_params_trigger_ui.py
[2024-08-17T22:13:42.134+0000] {processor.py:826} INFO - Processing file /home/airflow/.local/lib/python3.7/site-packages/airflow/example_dags/example_params_trigger_ui.py for tasks to queue
[2024-08-17T22:13:42.135+0000] {logging_mixin.py:150} INFO - [2024-08-17T22:13:42.134+0000] {dagbag.py:541} INFO - Filling up the DagBag from /home/airflow/.local/lib/python3.7/site-packages/airflow/example_dags/example_params_trigger_ui.py
[2024-08-17T22:13:42.163+0000] {processor.py:836} INFO - DAG(s) dict_keys(['example_params_trigger_ui']) retrieved from /home/airflow/.local/lib/python3.7/site-packages/airflow/example_dags/example_params_trigger_ui.py
[2024-08-17T22:13:42.273+0000] {logging_mixin.py:150} INFO - [2024-08-17T22:13:42.273+0000] {dag.py:2742} INFO - Sync 1 DAGs
[2024-08-17T22:13:42.304+0000] {logging_mixin.py:150} INFO - [2024-08-17T22:13:42.303+0000] {dag.py:3508} INFO - Setting next_dagrun for example_params_trigger_ui to None, run_after=None
[2024-08-17T22:13:42.327+0000] {processor.py:179} INFO - Processing /home/airflow/.local/lib/python3.7/site-packages/airflow/example_dags/example_params_trigger_ui.py took 0.199 seconds
[2024-08-17T22:14:12.385+0000] {processor.py:157} INFO - Started process (PID=1163) to work on /home/airflow/.local/lib/python3.7/site-packages/airflow/example_dags/example_params_trigger_ui.py
[2024-08-17T22:14:12.386+0000] {processor.py:826} INFO - Processing file /home/airflow/.local/lib/python3.7/site-packages/airflow/example_dags/example_params_trigger_ui.py for tasks to queue
[2024-08-17T22:14:12.388+0000] {logging_mixin.py:150} INFO - [2024-08-17T22:14:12.387+0000] {dagbag.py:541} INFO - Filling up the DagBag from /home/airflow/.local/lib/python3.7/site-packages/airflow/example_dags/example_params_trigger_ui.py
[2024-08-17T22:14:12.415+0000] {processor.py:836} INFO - DAG(s) dict_keys(['example_params_trigger_ui']) retrieved from /home/airflow/.local/lib/python3.7/site-packages/airflow/example_dags/example_params_trigger_ui.py
[2024-08-17T22:14:12.555+0000] {logging_mixin.py:150} INFO - [2024-08-17T22:14:12.555+0000] {dag.py:2742} INFO - Sync 1 DAGs
[2024-08-17T22:14:12.597+0000] {logging_mixin.py:150} INFO - [2024-08-17T22:14:12.597+0000] {dag.py:3508} INFO - Setting next_dagrun for example_params_trigger_ui to None, run_after=None
[2024-08-17T22:14:12.714+0000] {processor.py:179} INFO - Processing /home/airflow/.local/lib/python3.7/site-packages/airflow/example_dags/example_params_trigger_ui.py took 0.333 seconds
[2024-08-17T22:14:43.173+0000] {processor.py:157} INFO - Started process (PID=1401) to work on /home/airflow/.local/lib/python3.7/site-packages/airflow/example_dags/example_params_trigger_ui.py
[2024-08-17T22:14:43.174+0000] {processor.py:826} INFO - Processing file /home/airflow/.local/lib/python3.7/site-packages/airflow/example_dags/example_params_trigger_ui.py for tasks to queue
[2024-08-17T22:14:43.175+0000] {logging_mixin.py:150} INFO - [2024-08-17T22:14:43.175+0000] {dagbag.py:541} INFO - Filling up the DagBag from /home/airflow/.local/lib/python3.7/site-packages/airflow/example_dags/example_params_trigger_ui.py
[2024-08-17T22:14:43.206+0000] {processor.py:836} INFO - DAG(s) dict_keys(['example_params_trigger_ui']) retrieved from /home/airflow/.local/lib/python3.7/site-packages/airflow/example_dags/example_params_trigger_ui.py
[2024-08-17T22:14:43.312+0000] {logging_mixin.py:150} INFO - [2024-08-17T22:14:43.312+0000] {dag.py:2742} INFO - Sync 1 DAGs
[2024-08-17T22:14:43.344+0000] {logging_mixin.py:150} INFO - [2024-08-17T22:14:43.343+0000] {dag.py:3508} INFO - Setting next_dagrun for example_params_trigger_ui to None, run_after=None
[2024-08-17T22:14:43.368+0000] {processor.py:179} INFO - Processing /home/airflow/.local/lib/python3.7/site-packages/airflow/example_dags/example_params_trigger_ui.py took 0.200 seconds
[2024-08-17T22:15:13.833+0000] {processor.py:157} INFO - Started process (PID=1639) to work on /home/airflow/.local/lib/python3.7/site-packages/airflow/example_dags/example_params_trigger_ui.py
[2024-08-17T22:15:13.837+0000] {processor.py:826} INFO - Processing file /home/airflow/.local/lib/python3.7/site-packages/airflow/example_dags/example_params_trigger_ui.py for tasks to queue
[2024-08-17T22:15:13.838+0000] {logging_mixin.py:150} INFO - [2024-08-17T22:15:13.838+0000] {dagbag.py:541} INFO - Filling up the DagBag from /home/airflow/.local/lib/python3.7/site-packages/airflow/example_dags/example_params_trigger_ui.py
[2024-08-17T22:15:13.866+0000] {processor.py:836} INFO - DAG(s) dict_keys(['example_params_trigger_ui']) retrieved from /home/airflow/.local/lib/python3.7/site-packages/airflow/example_dags/example_params_trigger_ui.py
[2024-08-17T22:15:14.015+0000] {logging_mixin.py:150} INFO - [2024-08-17T22:15:14.014+0000] {dag.py:2742} INFO - Sync 1 DAGs
[2024-08-17T22:15:14.046+0000] {logging_mixin.py:150} INFO - [2024-08-17T22:15:14.046+0000] {dag.py:3508} INFO - Setting next_dagrun for example_params_trigger_ui to None, run_after=None
[2024-08-17T22:15:14.070+0000] {processor.py:179} INFO - Processing /home/airflow/.local/lib/python3.7/site-packages/airflow/example_dags/example_params_trigger_ui.py took 0.241 seconds
[2024-08-17T22:15:44.140+0000] {processor.py:157} INFO - Started process (PID=1882) to work on /home/airflow/.local/lib/python3.7/site-packages/airflow/example_dags/example_params_trigger_ui.py
[2024-08-17T22:15:44.141+0000] {processor.py:826} INFO - Processing file /home/airflow/.local/lib/python3.7/site-packages/airflow/example_dags/example_params_trigger_ui.py for tasks to queue
[2024-08-17T22:15:44.142+0000] {logging_mixin.py:150} INFO - [2024-08-17T22:15:44.142+0000] {dagbag.py:541} INFO - Filling up the DagBag from /home/airflow/.local/lib/python3.7/site-packages/airflow/example_dags/example_params_trigger_ui.py
[2024-08-17T22:15:44.169+0000] {processor.py:836} INFO - DAG(s) dict_keys(['example_params_trigger_ui']) retrieved from /home/airflow/.local/lib/python3.7/site-packages/airflow/example_dags/example_params_trigger_ui.py
[2024-08-17T22:15:44.277+0000] {logging_mixin.py:150} INFO - [2024-08-17T22:15:44.277+0000] {dag.py:2742} INFO - Sync 1 DAGs
[2024-08-17T22:15:44.307+0000] {logging_mixin.py:150} INFO - [2024-08-17T22:15:44.307+0000] {dag.py:3508} INFO - Setting next_dagrun for example_params_trigger_ui to None, run_after=None
[2024-08-17T22:15:44.332+0000] {processor.py:179} INFO - Processing /home/airflow/.local/lib/python3.7/site-packages/airflow/example_dags/example_params_trigger_ui.py took 0.196 seconds
[2024-08-17T22:16:14.367+0000] {processor.py:157} INFO - Started process (PID=2122) to work on /home/airflow/.local/lib/python3.7/site-packages/airflow/example_dags/example_params_trigger_ui.py
[2024-08-17T22:16:14.369+0000] {processor.py:826} INFO - Processing file /home/airflow/.local/lib/python3.7/site-packages/airflow/example_dags/example_params_trigger_ui.py for tasks to queue
[2024-08-17T22:16:14.370+0000] {logging_mixin.py:150} INFO - [2024-08-17T22:16:14.369+0000] {dagbag.py:541} INFO - Filling up the DagBag from /home/airflow/.local/lib/python3.7/site-packages/airflow/example_dags/example_params_trigger_ui.py
[2024-08-17T22:16:14.398+0000] {processor.py:836} INFO - DAG(s) dict_keys(['example_params_trigger_ui']) retrieved from /home/airflow/.local/lib/python3.7/site-packages/airflow/example_dags/example_params_trigger_ui.py
[2024-08-17T22:16:14.502+0000] {logging_mixin.py:150} INFO - [2024-08-17T22:16:14.502+0000] {dag.py:2742} INFO - Sync 1 DAGs
[2024-08-17T22:16:14.533+0000] {logging_mixin.py:150} INFO - [2024-08-17T22:16:14.532+0000] {dag.py:3508} INFO - Setting next_dagrun for example_params_trigger_ui to None, run_after=None
[2024-08-17T22:16:14.556+0000] {processor.py:179} INFO - Processing /home/airflow/.local/lib/python3.7/site-packages/airflow/example_dags/example_params_trigger_ui.py took 0.193 seconds
[2024-08-17T22:16:44.863+0000] {processor.py:157} INFO - Started process (PID=2358) to work on /home/airflow/.local/lib/python3.7/site-packages/airflow/example_dags/example_params_trigger_ui.py
[2024-08-17T22:16:44.865+0000] {processor.py:826} INFO - Processing file /home/airflow/.local/lib/python3.7/site-packages/airflow/example_dags/example_params_trigger_ui.py for tasks to queue
[2024-08-17T22:16:44.866+0000] {logging_mixin.py:150} INFO - [2024-08-17T22:16:44.866+0000] {dagbag.py:541} INFO - Filling up the DagBag from /home/airflow/.local/lib/python3.7/site-packages/airflow/example_dags/example_params_trigger_ui.py
[2024-08-17T22:16:44.909+0000] {processor.py:836} INFO - DAG(s) dict_keys(['example_params_trigger_ui']) retrieved from /home/airflow/.local/lib/python3.7/site-packages/airflow/example_dags/example_params_trigger_ui.py
[2024-08-17T22:16:45.035+0000] {logging_mixin.py:150} INFO - [2024-08-17T22:16:45.034+0000] {dag.py:2742} INFO - Sync 1 DAGs
[2024-08-17T22:16:45.066+0000] {logging_mixin.py:150} INFO - [2024-08-17T22:16:45.066+0000] {dag.py:3508} INFO - Setting next_dagrun for example_params_trigger_ui to None, run_after=None
[2024-08-17T22:16:45.090+0000] {processor.py:179} INFO - Processing /home/airflow/.local/lib/python3.7/site-packages/airflow/example_dags/example_params_trigger_ui.py took 0.233 seconds
