[2024-08-17T22:03:59.423+0000] {processor.py:157} INFO - Started process (PID=292) to work on /home/airflow/.local/lib/python3.7/site-packages/airflow/example_dags/example_xcomargs.py
[2024-08-17T22:03:59.425+0000] {processor.py:826} INFO - Processing file /home/airflow/.local/lib/python3.7/site-packages/airflow/example_dags/example_xcomargs.py for tasks to queue
[2024-08-17T22:03:59.428+0000] {logging_mixin.py:150} INFO - [2024-08-17T22:03:59.427+0000] {dagbag.py:541} INFO - Filling up the DagBag from /home/airflow/.local/lib/python3.7/site-packages/airflow/example_dags/example_xcomargs.py
[2024-08-17T22:03:59.444+0000] {processor.py:836} INFO - DAG(s) dict_keys(['example_xcom_args_with_operators', 'example_xcom_args']) retrieved from /home/airflow/.local/lib/python3.7/site-packages/airflow/example_dags/example_xcomargs.py
[2024-08-17T22:03:59.474+0000] {logging_mixin.py:150} INFO - [2024-08-17T22:03:59.474+0000] {dag.py:2742} INFO - Sync 2 DAGs
[2024-08-17T22:03:59.499+0000] {logging_mixin.py:150} INFO - [2024-08-17T22:03:59.499+0000] {dag.py:2763} INFO - Creating ORM DAG for example_xcom_args_with_operators
[2024-08-17T22:03:59.500+0000] {logging_mixin.py:150} INFO - [2024-08-17T22:03:59.500+0000] {dag.py:2763} INFO - Creating ORM DAG for example_xcom_args
[2024-08-17T22:03:59.521+0000] {logging_mixin.py:150} INFO - [2024-08-17T22:03:59.521+0000] {dag.py:3508} INFO - Setting next_dagrun for example_xcom_args to None, run_after=None
[2024-08-17T22:03:59.522+0000] {logging_mixin.py:150} INFO - [2024-08-17T22:03:59.522+0000] {dag.py:3508} INFO - Setting next_dagrun for example_xcom_args_with_operators to None, run_after=None
[2024-08-17T22:03:59.567+0000] {processor.py:179} INFO - Processing /home/airflow/.local/lib/python3.7/site-packages/airflow/example_dags/example_xcomargs.py took 0.150 seconds
[2024-08-17T22:04:30.124+0000] {processor.py:157} INFO - Started process (PID=530) to work on /home/airflow/.local/lib/python3.7/site-packages/airflow/example_dags/example_xcomargs.py
[2024-08-17T22:04:30.125+0000] {processor.py:826} INFO - Processing file /home/airflow/.local/lib/python3.7/site-packages/airflow/example_dags/example_xcomargs.py for tasks to queue
[2024-08-17T22:04:30.128+0000] {logging_mixin.py:150} INFO - [2024-08-17T22:04:30.128+0000] {dagbag.py:541} INFO - Filling up the DagBag from /home/airflow/.local/lib/python3.7/site-packages/airflow/example_dags/example_xcomargs.py
[2024-08-17T22:04:30.141+0000] {processor.py:836} INFO - DAG(s) dict_keys(['example_xcom_args_with_operators', 'example_xcom_args']) retrieved from /home/airflow/.local/lib/python3.7/site-packages/airflow/example_dags/example_xcomargs.py
[2024-08-17T22:04:30.194+0000] {logging_mixin.py:150} INFO - [2024-08-17T22:04:30.194+0000] {dag.py:2742} INFO - Sync 2 DAGs
[2024-08-17T22:04:30.229+0000] {logging_mixin.py:150} INFO - [2024-08-17T22:04:30.229+0000] {dag.py:3508} INFO - Setting next_dagrun for example_xcom_args to None, run_after=None
[2024-08-17T22:04:30.234+0000] {logging_mixin.py:150} INFO - [2024-08-17T22:04:30.234+0000] {dag.py:3508} INFO - Setting next_dagrun for example_xcom_args_with_operators to None, run_after=None
[2024-08-17T22:04:30.262+0000] {processor.py:179} INFO - Processing /home/airflow/.local/lib/python3.7/site-packages/airflow/example_dags/example_xcomargs.py took 0.142 seconds
[2024-08-17T22:05:00.815+0000] {processor.py:157} INFO - Started process (PID=768) to work on /home/airflow/.local/lib/python3.7/site-packages/airflow/example_dags/example_xcomargs.py
[2024-08-17T22:05:00.818+0000] {processor.py:826} INFO - Processing file /home/airflow/.local/lib/python3.7/site-packages/airflow/example_dags/example_xcomargs.py for tasks to queue
[2024-08-17T22:05:00.821+0000] {logging_mixin.py:150} INFO - [2024-08-17T22:05:00.821+0000] {dagbag.py:541} INFO - Filling up the DagBag from /home/airflow/.local/lib/python3.7/site-packages/airflow/example_dags/example_xcomargs.py
[2024-08-17T22:05:00.833+0000] {processor.py:836} INFO - DAG(s) dict_keys(['example_xcom_args_with_operators', 'example_xcom_args']) retrieved from /home/airflow/.local/lib/python3.7/site-packages/airflow/example_dags/example_xcomargs.py
[2024-08-17T22:05:00.882+0000] {logging_mixin.py:150} INFO - [2024-08-17T22:05:00.881+0000] {dag.py:2742} INFO - Sync 2 DAGs
[2024-08-17T22:05:00.920+0000] {logging_mixin.py:150} INFO - [2024-08-17T22:05:00.920+0000] {dag.py:3508} INFO - Setting next_dagrun for example_xcom_args to None, run_after=None
[2024-08-17T22:05:00.928+0000] {logging_mixin.py:150} INFO - [2024-08-17T22:05:00.927+0000] {dag.py:3508} INFO - Setting next_dagrun for example_xcom_args_with_operators to None, run_after=None
[2024-08-17T22:05:00.951+0000] {processor.py:179} INFO - Processing /home/airflow/.local/lib/python3.7/site-packages/airflow/example_dags/example_xcomargs.py took 0.141 seconds
[2024-08-17T22:05:37.388+0000] {processor.py:157} INFO - Started process (PID=1006) to work on /home/airflow/.local/lib/python3.7/site-packages/airflow/example_dags/example_xcomargs.py
[2024-08-17T22:05:37.390+0000] {processor.py:826} INFO - Processing file /home/airflow/.local/lib/python3.7/site-packages/airflow/example_dags/example_xcomargs.py for tasks to queue
[2024-08-17T22:05:37.391+0000] {logging_mixin.py:150} INFO - [2024-08-17T22:05:37.391+0000] {dagbag.py:541} INFO - Filling up the DagBag from /home/airflow/.local/lib/python3.7/site-packages/airflow/example_dags/example_xcomargs.py
[2024-08-17T22:05:37.409+0000] {processor.py:836} INFO - DAG(s) dict_keys(['example_xcom_args_with_operators', 'example_xcom_args']) retrieved from /home/airflow/.local/lib/python3.7/site-packages/airflow/example_dags/example_xcomargs.py
[2024-08-17T22:05:37.519+0000] {logging_mixin.py:150} INFO - [2024-08-17T22:05:37.519+0000] {dag.py:2742} INFO - Sync 2 DAGs
[2024-08-17T22:05:37.565+0000] {logging_mixin.py:150} INFO - [2024-08-17T22:05:37.565+0000] {dag.py:3508} INFO - Setting next_dagrun for example_xcom_args to None, run_after=None
[2024-08-17T22:05:37.571+0000] {logging_mixin.py:150} INFO - [2024-08-17T22:05:37.570+0000] {dag.py:3508} INFO - Setting next_dagrun for example_xcom_args_with_operators to None, run_after=None
[2024-08-17T22:05:37.600+0000] {processor.py:179} INFO - Processing /home/airflow/.local/lib/python3.7/site-packages/airflow/example_dags/example_xcomargs.py took 0.219 seconds
[2024-08-17T22:06:08.117+0000] {processor.py:157} INFO - Started process (PID=1244) to work on /home/airflow/.local/lib/python3.7/site-packages/airflow/example_dags/example_xcomargs.py
[2024-08-17T22:06:08.118+0000] {processor.py:826} INFO - Processing file /home/airflow/.local/lib/python3.7/site-packages/airflow/example_dags/example_xcomargs.py for tasks to queue
[2024-08-17T22:06:08.120+0000] {logging_mixin.py:150} INFO - [2024-08-17T22:06:08.120+0000] {dagbag.py:541} INFO - Filling up the DagBag from /home/airflow/.local/lib/python3.7/site-packages/airflow/example_dags/example_xcomargs.py
[2024-08-17T22:06:08.133+0000] {processor.py:836} INFO - DAG(s) dict_keys(['example_xcom_args', 'example_xcom_args_with_operators']) retrieved from /home/airflow/.local/lib/python3.7/site-packages/airflow/example_dags/example_xcomargs.py
[2024-08-17T22:06:08.168+0000] {logging_mixin.py:150} INFO - [2024-08-17T22:06:08.168+0000] {dag.py:2742} INFO - Sync 2 DAGs
[2024-08-17T22:06:08.201+0000] {logging_mixin.py:150} INFO - [2024-08-17T22:06:08.201+0000] {dag.py:3508} INFO - Setting next_dagrun for example_xcom_args to None, run_after=None
[2024-08-17T22:06:08.205+0000] {logging_mixin.py:150} INFO - [2024-08-17T22:06:08.205+0000] {dag.py:3508} INFO - Setting next_dagrun for example_xcom_args_with_operators to None, run_after=None
[2024-08-17T22:06:08.229+0000] {processor.py:179} INFO - Processing /home/airflow/.local/lib/python3.7/site-packages/airflow/example_dags/example_xcomargs.py took 0.120 seconds
[2024-08-17T22:06:38.439+0000] {processor.py:157} INFO - Started process (PID=1482) to work on /home/airflow/.local/lib/python3.7/site-packages/airflow/example_dags/example_xcomargs.py
[2024-08-17T22:06:38.441+0000] {processor.py:826} INFO - Processing file /home/airflow/.local/lib/python3.7/site-packages/airflow/example_dags/example_xcomargs.py for tasks to queue
[2024-08-17T22:06:38.444+0000] {logging_mixin.py:150} INFO - [2024-08-17T22:06:38.444+0000] {dagbag.py:541} INFO - Filling up the DagBag from /home/airflow/.local/lib/python3.7/site-packages/airflow/example_dags/example_xcomargs.py
[2024-08-17T22:06:38.460+0000] {processor.py:836} INFO - DAG(s) dict_keys(['example_xcom_args_with_operators', 'example_xcom_args']) retrieved from /home/airflow/.local/lib/python3.7/site-packages/airflow/example_dags/example_xcomargs.py
[2024-08-17T22:06:38.512+0000] {logging_mixin.py:150} INFO - [2024-08-17T22:06:38.512+0000] {dag.py:2742} INFO - Sync 2 DAGs
[2024-08-17T22:06:38.557+0000] {logging_mixin.py:150} INFO - [2024-08-17T22:06:38.557+0000] {dag.py:3508} INFO - Setting next_dagrun for example_xcom_args to None, run_after=None
[2024-08-17T22:06:38.564+0000] {logging_mixin.py:150} INFO - [2024-08-17T22:06:38.564+0000] {dag.py:3508} INFO - Setting next_dagrun for example_xcom_args_with_operators to None, run_after=None
[2024-08-17T22:06:38.597+0000] {processor.py:179} INFO - Processing /home/airflow/.local/lib/python3.7/site-packages/airflow/example_dags/example_xcomargs.py took 0.164 seconds
[2024-08-17T22:07:08.709+0000] {processor.py:157} INFO - Started process (PID=1720) to work on /home/airflow/.local/lib/python3.7/site-packages/airflow/example_dags/example_xcomargs.py
[2024-08-17T22:07:08.711+0000] {processor.py:826} INFO - Processing file /home/airflow/.local/lib/python3.7/site-packages/airflow/example_dags/example_xcomargs.py for tasks to queue
[2024-08-17T22:07:08.712+0000] {logging_mixin.py:150} INFO - [2024-08-17T22:07:08.712+0000] {dagbag.py:541} INFO - Filling up the DagBag from /home/airflow/.local/lib/python3.7/site-packages/airflow/example_dags/example_xcomargs.py
[2024-08-17T22:07:08.764+0000] {processor.py:836} INFO - DAG(s) dict_keys(['example_xcom_args_with_operators', 'example_xcom_args']) retrieved from /home/airflow/.local/lib/python3.7/site-packages/airflow/example_dags/example_xcomargs.py
[2024-08-17T22:07:08.821+0000] {logging_mixin.py:150} INFO - [2024-08-17T22:07:08.821+0000] {dag.py:2742} INFO - Sync 2 DAGs
[2024-08-17T22:07:08.865+0000] {logging_mixin.py:150} INFO - [2024-08-17T22:07:08.865+0000] {dag.py:3508} INFO - Setting next_dagrun for example_xcom_args to None, run_after=None
[2024-08-17T22:07:08.874+0000] {logging_mixin.py:150} INFO - [2024-08-17T22:07:08.874+0000] {dag.py:3508} INFO - Setting next_dagrun for example_xcom_args_with_operators to None, run_after=None
[2024-08-17T22:07:08.913+0000] {processor.py:179} INFO - Processing /home/airflow/.local/lib/python3.7/site-packages/airflow/example_dags/example_xcomargs.py took 0.211 seconds
[2024-08-17T22:07:39.410+0000] {processor.py:157} INFO - Started process (PID=1960) to work on /home/airflow/.local/lib/python3.7/site-packages/airflow/example_dags/example_xcomargs.py
[2024-08-17T22:07:39.411+0000] {processor.py:826} INFO - Processing file /home/airflow/.local/lib/python3.7/site-packages/airflow/example_dags/example_xcomargs.py for tasks to queue
[2024-08-17T22:07:39.413+0000] {logging_mixin.py:150} INFO - [2024-08-17T22:07:39.412+0000] {dagbag.py:541} INFO - Filling up the DagBag from /home/airflow/.local/lib/python3.7/site-packages/airflow/example_dags/example_xcomargs.py
[2024-08-17T22:07:39.428+0000] {processor.py:836} INFO - DAG(s) dict_keys(['example_xcom_args_with_operators', 'example_xcom_args']) retrieved from /home/airflow/.local/lib/python3.7/site-packages/airflow/example_dags/example_xcomargs.py
[2024-08-17T22:07:39.469+0000] {logging_mixin.py:150} INFO - [2024-08-17T22:07:39.469+0000] {dag.py:2742} INFO - Sync 2 DAGs
[2024-08-17T22:07:39.512+0000] {logging_mixin.py:150} INFO - [2024-08-17T22:07:39.512+0000] {dag.py:3508} INFO - Setting next_dagrun for example_xcom_args to None, run_after=None
[2024-08-17T22:07:39.517+0000] {logging_mixin.py:150} INFO - [2024-08-17T22:07:39.517+0000] {dag.py:3508} INFO - Setting next_dagrun for example_xcom_args_with_operators to None, run_after=None
[2024-08-17T22:07:39.546+0000] {processor.py:179} INFO - Processing /home/airflow/.local/lib/python3.7/site-packages/airflow/example_dags/example_xcomargs.py took 0.141 seconds
[2024-08-17T22:08:14.275+0000] {processor.py:157} INFO - Started process (PID=2308) to work on /home/airflow/.local/lib/python3.7/site-packages/airflow/example_dags/example_xcomargs.py
[2024-08-17T22:08:14.289+0000] {processor.py:826} INFO - Processing file /home/airflow/.local/lib/python3.7/site-packages/airflow/example_dags/example_xcomargs.py for tasks to queue
[2024-08-17T22:08:14.293+0000] {logging_mixin.py:150} INFO - [2024-08-17T22:08:14.292+0000] {dagbag.py:541} INFO - Filling up the DagBag from /home/airflow/.local/lib/python3.7/site-packages/airflow/example_dags/example_xcomargs.py
[2024-08-17T22:08:14.315+0000] {processor.py:836} INFO - DAG(s) dict_keys(['example_xcom_args', 'example_xcom_args_with_operators']) retrieved from /home/airflow/.local/lib/python3.7/site-packages/airflow/example_dags/example_xcomargs.py
[2024-08-17T22:08:14.518+0000] {logging_mixin.py:150} INFO - [2024-08-17T22:08:14.517+0000] {dag.py:2742} INFO - Sync 2 DAGs
[2024-08-17T22:08:14.652+0000] {logging_mixin.py:150} INFO - [2024-08-17T22:08:14.651+0000] {dag.py:3508} INFO - Setting next_dagrun for example_xcom_args to None, run_after=None
[2024-08-17T22:08:14.686+0000] {logging_mixin.py:150} INFO - [2024-08-17T22:08:14.686+0000] {dag.py:3508} INFO - Setting next_dagrun for example_xcom_args_with_operators to None, run_after=None
[2024-08-17T22:08:14.817+0000] {processor.py:179} INFO - Processing /home/airflow/.local/lib/python3.7/site-packages/airflow/example_dags/example_xcomargs.py took 0.555 seconds
[2024-08-17T22:08:45.541+0000] {processor.py:157} INFO - Started process (PID=2568) to work on /home/airflow/.local/lib/python3.7/site-packages/airflow/example_dags/example_xcomargs.py
[2024-08-17T22:08:45.543+0000] {processor.py:826} INFO - Processing file /home/airflow/.local/lib/python3.7/site-packages/airflow/example_dags/example_xcomargs.py for tasks to queue
[2024-08-17T22:08:45.545+0000] {logging_mixin.py:150} INFO - [2024-08-17T22:08:45.544+0000] {dagbag.py:541} INFO - Filling up the DagBag from /home/airflow/.local/lib/python3.7/site-packages/airflow/example_dags/example_xcomargs.py
[2024-08-17T22:08:45.557+0000] {processor.py:836} INFO - DAG(s) dict_keys(['example_xcom_args', 'example_xcom_args_with_operators']) retrieved from /home/airflow/.local/lib/python3.7/site-packages/airflow/example_dags/example_xcomargs.py
[2024-08-17T22:08:45.603+0000] {logging_mixin.py:150} INFO - [2024-08-17T22:08:45.603+0000] {dag.py:2742} INFO - Sync 2 DAGs
[2024-08-17T22:08:45.640+0000] {logging_mixin.py:150} INFO - [2024-08-17T22:08:45.640+0000] {dag.py:3508} INFO - Setting next_dagrun for example_xcom_args to None, run_after=None
[2024-08-17T22:08:45.645+0000] {logging_mixin.py:150} INFO - [2024-08-17T22:08:45.645+0000] {dag.py:3508} INFO - Setting next_dagrun for example_xcom_args_with_operators to None, run_after=None
[2024-08-17T22:08:45.673+0000] {processor.py:179} INFO - Processing /home/airflow/.local/lib/python3.7/site-packages/airflow/example_dags/example_xcomargs.py took 0.137 seconds
[2024-08-17T22:09:15.934+0000] {processor.py:157} INFO - Started process (PID=2806) to work on /home/airflow/.local/lib/python3.7/site-packages/airflow/example_dags/example_xcomargs.py
[2024-08-17T22:09:15.936+0000] {processor.py:826} INFO - Processing file /home/airflow/.local/lib/python3.7/site-packages/airflow/example_dags/example_xcomargs.py for tasks to queue
[2024-08-17T22:09:15.937+0000] {logging_mixin.py:150} INFO - [2024-08-17T22:09:15.936+0000] {dagbag.py:541} INFO - Filling up the DagBag from /home/airflow/.local/lib/python3.7/site-packages/airflow/example_dags/example_xcomargs.py
[2024-08-17T22:09:15.951+0000] {processor.py:836} INFO - DAG(s) dict_keys(['example_xcom_args_with_operators', 'example_xcom_args']) retrieved from /home/airflow/.local/lib/python3.7/site-packages/airflow/example_dags/example_xcomargs.py
[2024-08-17T22:09:15.987+0000] {logging_mixin.py:150} INFO - [2024-08-17T22:09:15.987+0000] {dag.py:2742} INFO - Sync 2 DAGs
[2024-08-17T22:09:16.020+0000] {logging_mixin.py:150} INFO - [2024-08-17T22:09:16.020+0000] {dag.py:3508} INFO - Setting next_dagrun for example_xcom_args to None, run_after=None
[2024-08-17T22:09:16.026+0000] {logging_mixin.py:150} INFO - [2024-08-17T22:09:16.025+0000] {dag.py:3508} INFO - Setting next_dagrun for example_xcom_args_with_operators to None, run_after=None
[2024-08-17T22:09:16.054+0000] {processor.py:179} INFO - Processing /home/airflow/.local/lib/python3.7/site-packages/airflow/example_dags/example_xcomargs.py took 0.126 seconds
[2024-08-17T22:09:46.349+0000] {processor.py:157} INFO - Started process (PID=3044) to work on /home/airflow/.local/lib/python3.7/site-packages/airflow/example_dags/example_xcomargs.py
[2024-08-17T22:09:46.350+0000] {processor.py:826} INFO - Processing file /home/airflow/.local/lib/python3.7/site-packages/airflow/example_dags/example_xcomargs.py for tasks to queue
[2024-08-17T22:09:46.351+0000] {logging_mixin.py:150} INFO - [2024-08-17T22:09:46.351+0000] {dagbag.py:541} INFO - Filling up the DagBag from /home/airflow/.local/lib/python3.7/site-packages/airflow/example_dags/example_xcomargs.py
[2024-08-17T22:09:46.364+0000] {processor.py:836} INFO - DAG(s) dict_keys(['example_xcom_args_with_operators', 'example_xcom_args']) retrieved from /home/airflow/.local/lib/python3.7/site-packages/airflow/example_dags/example_xcomargs.py
[2024-08-17T22:09:46.404+0000] {logging_mixin.py:150} INFO - [2024-08-17T22:09:46.404+0000] {dag.py:2742} INFO - Sync 2 DAGs
[2024-08-17T22:09:46.438+0000] {logging_mixin.py:150} INFO - [2024-08-17T22:09:46.438+0000] {dag.py:3508} INFO - Setting next_dagrun for example_xcom_args to None, run_after=None
[2024-08-17T22:09:46.443+0000] {logging_mixin.py:150} INFO - [2024-08-17T22:09:46.443+0000] {dag.py:3508} INFO - Setting next_dagrun for example_xcom_args_with_operators to None, run_after=None
[2024-08-17T22:09:46.474+0000] {processor.py:179} INFO - Processing /home/airflow/.local/lib/python3.7/site-packages/airflow/example_dags/example_xcomargs.py took 0.130 seconds
[2024-08-17T22:10:17.346+0000] {processor.py:157} INFO - Started process (PID=3282) to work on /home/airflow/.local/lib/python3.7/site-packages/airflow/example_dags/example_xcomargs.py
[2024-08-17T22:10:17.347+0000] {processor.py:826} INFO - Processing file /home/airflow/.local/lib/python3.7/site-packages/airflow/example_dags/example_xcomargs.py for tasks to queue
[2024-08-17T22:10:17.349+0000] {logging_mixin.py:150} INFO - [2024-08-17T22:10:17.348+0000] {dagbag.py:541} INFO - Filling up the DagBag from /home/airflow/.local/lib/python3.7/site-packages/airflow/example_dags/example_xcomargs.py
[2024-08-17T22:10:17.361+0000] {processor.py:836} INFO - DAG(s) dict_keys(['example_xcom_args', 'example_xcom_args_with_operators']) retrieved from /home/airflow/.local/lib/python3.7/site-packages/airflow/example_dags/example_xcomargs.py
[2024-08-17T22:10:17.400+0000] {logging_mixin.py:150} INFO - [2024-08-17T22:10:17.400+0000] {dag.py:2742} INFO - Sync 2 DAGs
[2024-08-17T22:10:17.431+0000] {logging_mixin.py:150} INFO - [2024-08-17T22:10:17.431+0000] {dag.py:3508} INFO - Setting next_dagrun for example_xcom_args to None, run_after=None
[2024-08-17T22:10:17.437+0000] {logging_mixin.py:150} INFO - [2024-08-17T22:10:17.437+0000] {dag.py:3508} INFO - Setting next_dagrun for example_xcom_args_with_operators to None, run_after=None
[2024-08-17T22:10:17.459+0000] {processor.py:179} INFO - Processing /home/airflow/.local/lib/python3.7/site-packages/airflow/example_dags/example_xcomargs.py took 0.120 seconds
[2024-08-17T22:10:48.019+0000] {processor.py:157} INFO - Started process (PID=3520) to work on /home/airflow/.local/lib/python3.7/site-packages/airflow/example_dags/example_xcomargs.py
[2024-08-17T22:10:48.020+0000] {processor.py:826} INFO - Processing file /home/airflow/.local/lib/python3.7/site-packages/airflow/example_dags/example_xcomargs.py for tasks to queue
[2024-08-17T22:10:48.022+0000] {logging_mixin.py:150} INFO - [2024-08-17T22:10:48.022+0000] {dagbag.py:541} INFO - Filling up the DagBag from /home/airflow/.local/lib/python3.7/site-packages/airflow/example_dags/example_xcomargs.py
[2024-08-17T22:10:48.037+0000] {processor.py:836} INFO - DAG(s) dict_keys(['example_xcom_args', 'example_xcom_args_with_operators']) retrieved from /home/airflow/.local/lib/python3.7/site-packages/airflow/example_dags/example_xcomargs.py
[2024-08-17T22:10:48.083+0000] {logging_mixin.py:150} INFO - [2024-08-17T22:10:48.083+0000] {dag.py:2742} INFO - Sync 2 DAGs
[2024-08-17T22:10:48.123+0000] {logging_mixin.py:150} INFO - [2024-08-17T22:10:48.123+0000] {dag.py:3508} INFO - Setting next_dagrun for example_xcom_args to None, run_after=None
[2024-08-17T22:10:48.129+0000] {logging_mixin.py:150} INFO - [2024-08-17T22:10:48.129+0000] {dag.py:3508} INFO - Setting next_dagrun for example_xcom_args_with_operators to None, run_after=None
[2024-08-17T22:10:48.156+0000] {processor.py:179} INFO - Processing /home/airflow/.local/lib/python3.7/site-packages/airflow/example_dags/example_xcomargs.py took 0.142 seconds
[2024-08-17T22:12:15.124+0000] {processor.py:157} INFO - Started process (PID=291) to work on /home/airflow/.local/lib/python3.7/site-packages/airflow/example_dags/example_xcomargs.py
[2024-08-17T22:12:15.154+0000] {processor.py:826} INFO - Processing file /home/airflow/.local/lib/python3.7/site-packages/airflow/example_dags/example_xcomargs.py for tasks to queue
[2024-08-17T22:12:15.191+0000] {logging_mixin.py:150} INFO - [2024-08-17T22:12:15.187+0000] {dagbag.py:541} INFO - Filling up the DagBag from /home/airflow/.local/lib/python3.7/site-packages/airflow/example_dags/example_xcomargs.py
[2024-08-17T22:12:15.210+0000] {processor.py:836} INFO - DAG(s) dict_keys(['example_xcom_args_with_operators', 'example_xcom_args']) retrieved from /home/airflow/.local/lib/python3.7/site-packages/airflow/example_dags/example_xcomargs.py
[2024-08-17T22:12:15.354+0000] {logging_mixin.py:150} INFO - [2024-08-17T22:12:15.353+0000] {dag.py:2742} INFO - Sync 2 DAGs
[2024-08-17T22:12:15.431+0000] {logging_mixin.py:150} INFO - [2024-08-17T22:12:15.431+0000] {dag.py:3508} INFO - Setting next_dagrun for example_xcom_args to None, run_after=None
[2024-08-17T22:12:15.437+0000] {logging_mixin.py:150} INFO - [2024-08-17T22:12:15.436+0000] {dag.py:3508} INFO - Setting next_dagrun for example_xcom_args_with_operators to None, run_after=None
[2024-08-17T22:12:15.463+0000] {processor.py:179} INFO - Processing /home/airflow/.local/lib/python3.7/site-packages/airflow/example_dags/example_xcomargs.py took 0.440 seconds
[2024-08-17T22:12:45.685+0000] {processor.py:157} INFO - Started process (PID=529) to work on /home/airflow/.local/lib/python3.7/site-packages/airflow/example_dags/example_xcomargs.py
[2024-08-17T22:12:45.687+0000] {processor.py:826} INFO - Processing file /home/airflow/.local/lib/python3.7/site-packages/airflow/example_dags/example_xcomargs.py for tasks to queue
[2024-08-17T22:12:45.689+0000] {logging_mixin.py:150} INFO - [2024-08-17T22:12:45.688+0000] {dagbag.py:541} INFO - Filling up the DagBag from /home/airflow/.local/lib/python3.7/site-packages/airflow/example_dags/example_xcomargs.py
[2024-08-17T22:12:45.722+0000] {processor.py:836} INFO - DAG(s) dict_keys(['example_xcom_args', 'example_xcom_args_with_operators']) retrieved from /home/airflow/.local/lib/python3.7/site-packages/airflow/example_dags/example_xcomargs.py
[2024-08-17T22:12:45.804+0000] {logging_mixin.py:150} INFO - [2024-08-17T22:12:45.804+0000] {dag.py:2742} INFO - Sync 2 DAGs
[2024-08-17T22:12:45.915+0000] {logging_mixin.py:150} INFO - [2024-08-17T22:12:45.914+0000] {dag.py:3508} INFO - Setting next_dagrun for example_xcom_args to None, run_after=None
[2024-08-17T22:12:45.925+0000] {logging_mixin.py:150} INFO - [2024-08-17T22:12:45.925+0000] {dag.py:3508} INFO - Setting next_dagrun for example_xcom_args_with_operators to None, run_after=None
[2024-08-17T22:12:45.975+0000] {processor.py:179} INFO - Processing /home/airflow/.local/lib/python3.7/site-packages/airflow/example_dags/example_xcomargs.py took 0.298 seconds
[2024-08-17T22:13:16.879+0000] {processor.py:157} INFO - Started process (PID=769) to work on /home/airflow/.local/lib/python3.7/site-packages/airflow/example_dags/example_xcomargs.py
[2024-08-17T22:13:16.882+0000] {processor.py:826} INFO - Processing file /home/airflow/.local/lib/python3.7/site-packages/airflow/example_dags/example_xcomargs.py for tasks to queue
[2024-08-17T22:13:16.883+0000] {logging_mixin.py:150} INFO - [2024-08-17T22:13:16.883+0000] {dagbag.py:541} INFO - Filling up the DagBag from /home/airflow/.local/lib/python3.7/site-packages/airflow/example_dags/example_xcomargs.py
[2024-08-17T22:13:16.895+0000] {processor.py:836} INFO - DAG(s) dict_keys(['example_xcom_args_with_operators', 'example_xcom_args']) retrieved from /home/airflow/.local/lib/python3.7/site-packages/airflow/example_dags/example_xcomargs.py
[2024-08-17T22:13:16.930+0000] {logging_mixin.py:150} INFO - [2024-08-17T22:13:16.930+0000] {dag.py:2742} INFO - Sync 2 DAGs
[2024-08-17T22:13:16.963+0000] {logging_mixin.py:150} INFO - [2024-08-17T22:13:16.963+0000] {dag.py:3508} INFO - Setting next_dagrun for example_xcom_args to None, run_after=None
[2024-08-17T22:13:16.971+0000] {logging_mixin.py:150} INFO - [2024-08-17T22:13:16.971+0000] {dag.py:3508} INFO - Setting next_dagrun for example_xcom_args_with_operators to None, run_after=None
[2024-08-17T22:13:16.995+0000] {processor.py:179} INFO - Processing /home/airflow/.local/lib/python3.7/site-packages/airflow/example_dags/example_xcomargs.py took 0.120 seconds
[2024-08-17T22:13:47.348+0000] {processor.py:157} INFO - Started process (PID=1007) to work on /home/airflow/.local/lib/python3.7/site-packages/airflow/example_dags/example_xcomargs.py
[2024-08-17T22:13:47.351+0000] {processor.py:826} INFO - Processing file /home/airflow/.local/lib/python3.7/site-packages/airflow/example_dags/example_xcomargs.py for tasks to queue
[2024-08-17T22:13:47.352+0000] {logging_mixin.py:150} INFO - [2024-08-17T22:13:47.352+0000] {dagbag.py:541} INFO - Filling up the DagBag from /home/airflow/.local/lib/python3.7/site-packages/airflow/example_dags/example_xcomargs.py
[2024-08-17T22:13:47.363+0000] {processor.py:836} INFO - DAG(s) dict_keys(['example_xcom_args_with_operators', 'example_xcom_args']) retrieved from /home/airflow/.local/lib/python3.7/site-packages/airflow/example_dags/example_xcomargs.py
[2024-08-17T22:13:47.401+0000] {logging_mixin.py:150} INFO - [2024-08-17T22:13:47.401+0000] {dag.py:2742} INFO - Sync 2 DAGs
[2024-08-17T22:13:47.436+0000] {logging_mixin.py:150} INFO - [2024-08-17T22:13:47.435+0000] {dag.py:3508} INFO - Setting next_dagrun for example_xcom_args to None, run_after=None
[2024-08-17T22:13:47.440+0000] {logging_mixin.py:150} INFO - [2024-08-17T22:13:47.440+0000] {dag.py:3508} INFO - Setting next_dagrun for example_xcom_args_with_operators to None, run_after=None
[2024-08-17T22:13:47.461+0000] {processor.py:179} INFO - Processing /home/airflow/.local/lib/python3.7/site-packages/airflow/example_dags/example_xcomargs.py took 0.118 seconds
[2024-08-17T22:14:17.576+0000] {processor.py:157} INFO - Started process (PID=1243) to work on /home/airflow/.local/lib/python3.7/site-packages/airflow/example_dags/example_xcomargs.py
[2024-08-17T22:14:17.579+0000] {processor.py:826} INFO - Processing file /home/airflow/.local/lib/python3.7/site-packages/airflow/example_dags/example_xcomargs.py for tasks to queue
[2024-08-17T22:14:17.580+0000] {logging_mixin.py:150} INFO - [2024-08-17T22:14:17.580+0000] {dagbag.py:541} INFO - Filling up the DagBag from /home/airflow/.local/lib/python3.7/site-packages/airflow/example_dags/example_xcomargs.py
[2024-08-17T22:14:17.592+0000] {processor.py:836} INFO - DAG(s) dict_keys(['example_xcom_args_with_operators', 'example_xcom_args']) retrieved from /home/airflow/.local/lib/python3.7/site-packages/airflow/example_dags/example_xcomargs.py
[2024-08-17T22:14:17.683+0000] {logging_mixin.py:150} INFO - [2024-08-17T22:14:17.683+0000] {dag.py:2742} INFO - Sync 2 DAGs
[2024-08-17T22:14:17.751+0000] {logging_mixin.py:150} INFO - [2024-08-17T22:14:17.751+0000] {dag.py:3508} INFO - Setting next_dagrun for example_xcom_args to None, run_after=None
[2024-08-17T22:14:17.759+0000] {logging_mixin.py:150} INFO - [2024-08-17T22:14:17.758+0000] {dag.py:3508} INFO - Setting next_dagrun for example_xcom_args_with_operators to None, run_after=None
[2024-08-17T22:14:17.785+0000] {processor.py:179} INFO - Processing /home/airflow/.local/lib/python3.7/site-packages/airflow/example_dags/example_xcomargs.py took 0.212 seconds
[2024-08-17T22:14:48.838+0000] {processor.py:157} INFO - Started process (PID=1483) to work on /home/airflow/.local/lib/python3.7/site-packages/airflow/example_dags/example_xcomargs.py
[2024-08-17T22:14:48.840+0000] {processor.py:826} INFO - Processing file /home/airflow/.local/lib/python3.7/site-packages/airflow/example_dags/example_xcomargs.py for tasks to queue
[2024-08-17T22:14:48.841+0000] {logging_mixin.py:150} INFO - [2024-08-17T22:14:48.840+0000] {dagbag.py:541} INFO - Filling up the DagBag from /home/airflow/.local/lib/python3.7/site-packages/airflow/example_dags/example_xcomargs.py
[2024-08-17T22:14:48.851+0000] {processor.py:836} INFO - DAG(s) dict_keys(['example_xcom_args', 'example_xcom_args_with_operators']) retrieved from /home/airflow/.local/lib/python3.7/site-packages/airflow/example_dags/example_xcomargs.py
[2024-08-17T22:14:48.886+0000] {logging_mixin.py:150} INFO - [2024-08-17T22:14:48.886+0000] {dag.py:2742} INFO - Sync 2 DAGs
[2024-08-17T22:14:48.924+0000] {logging_mixin.py:150} INFO - [2024-08-17T22:14:48.924+0000] {dag.py:3508} INFO - Setting next_dagrun for example_xcom_args to None, run_after=None
[2024-08-17T22:14:48.931+0000] {logging_mixin.py:150} INFO - [2024-08-17T22:14:48.931+0000] {dag.py:3508} INFO - Setting next_dagrun for example_xcom_args_with_operators to None, run_after=None
[2024-08-17T22:14:48.954+0000] {processor.py:179} INFO - Processing /home/airflow/.local/lib/python3.7/site-packages/airflow/example_dags/example_xcomargs.py took 0.120 seconds
[2024-08-17T22:15:19.064+0000] {processor.py:157} INFO - Started process (PID=1719) to work on /home/airflow/.local/lib/python3.7/site-packages/airflow/example_dags/example_xcomargs.py
[2024-08-17T22:15:19.066+0000] {processor.py:826} INFO - Processing file /home/airflow/.local/lib/python3.7/site-packages/airflow/example_dags/example_xcomargs.py for tasks to queue
[2024-08-17T22:15:19.067+0000] {logging_mixin.py:150} INFO - [2024-08-17T22:15:19.066+0000] {dagbag.py:541} INFO - Filling up the DagBag from /home/airflow/.local/lib/python3.7/site-packages/airflow/example_dags/example_xcomargs.py
[2024-08-17T22:15:19.077+0000] {processor.py:836} INFO - DAG(s) dict_keys(['example_xcom_args_with_operators', 'example_xcom_args']) retrieved from /home/airflow/.local/lib/python3.7/site-packages/airflow/example_dags/example_xcomargs.py
[2024-08-17T22:15:19.111+0000] {logging_mixin.py:150} INFO - [2024-08-17T22:15:19.111+0000] {dag.py:2742} INFO - Sync 2 DAGs
[2024-08-17T22:15:19.142+0000] {logging_mixin.py:150} INFO - [2024-08-17T22:15:19.142+0000] {dag.py:3508} INFO - Setting next_dagrun for example_xcom_args to None, run_after=None
[2024-08-17T22:15:19.147+0000] {logging_mixin.py:150} INFO - [2024-08-17T22:15:19.146+0000] {dag.py:3508} INFO - Setting next_dagrun for example_xcom_args_with_operators to None, run_after=None
[2024-08-17T22:15:19.168+0000] {processor.py:179} INFO - Processing /home/airflow/.local/lib/python3.7/site-packages/airflow/example_dags/example_xcomargs.py took 0.109 seconds
[2024-08-17T22:15:49.276+0000] {processor.py:157} INFO - Started process (PID=1957) to work on /home/airflow/.local/lib/python3.7/site-packages/airflow/example_dags/example_xcomargs.py
[2024-08-17T22:15:49.277+0000] {processor.py:826} INFO - Processing file /home/airflow/.local/lib/python3.7/site-packages/airflow/example_dags/example_xcomargs.py for tasks to queue
[2024-08-17T22:15:49.279+0000] {logging_mixin.py:150} INFO - [2024-08-17T22:15:49.278+0000] {dagbag.py:541} INFO - Filling up the DagBag from /home/airflow/.local/lib/python3.7/site-packages/airflow/example_dags/example_xcomargs.py
[2024-08-17T22:15:49.289+0000] {processor.py:836} INFO - DAG(s) dict_keys(['example_xcom_args', 'example_xcom_args_with_operators']) retrieved from /home/airflow/.local/lib/python3.7/site-packages/airflow/example_dags/example_xcomargs.py
[2024-08-17T22:15:49.324+0000] {logging_mixin.py:150} INFO - [2024-08-17T22:15:49.324+0000] {dag.py:2742} INFO - Sync 2 DAGs
[2024-08-17T22:15:49.355+0000] {logging_mixin.py:150} INFO - [2024-08-17T22:15:49.355+0000] {dag.py:3508} INFO - Setting next_dagrun for example_xcom_args to None, run_after=None
[2024-08-17T22:15:49.359+0000] {logging_mixin.py:150} INFO - [2024-08-17T22:15:49.359+0000] {dag.py:3508} INFO - Setting next_dagrun for example_xcom_args_with_operators to None, run_after=None
[2024-08-17T22:15:49.381+0000] {processor.py:179} INFO - Processing /home/airflow/.local/lib/python3.7/site-packages/airflow/example_dags/example_xcomargs.py took 0.109 seconds
[2024-08-17T22:16:19.777+0000] {processor.py:157} INFO - Started process (PID=2195) to work on /home/airflow/.local/lib/python3.7/site-packages/airflow/example_dags/example_xcomargs.py
[2024-08-17T22:16:19.778+0000] {processor.py:826} INFO - Processing file /home/airflow/.local/lib/python3.7/site-packages/airflow/example_dags/example_xcomargs.py for tasks to queue
[2024-08-17T22:16:19.780+0000] {logging_mixin.py:150} INFO - [2024-08-17T22:16:19.779+0000] {dagbag.py:541} INFO - Filling up the DagBag from /home/airflow/.local/lib/python3.7/site-packages/airflow/example_dags/example_xcomargs.py
[2024-08-17T22:16:19.791+0000] {processor.py:836} INFO - DAG(s) dict_keys(['example_xcom_args', 'example_xcom_args_with_operators']) retrieved from /home/airflow/.local/lib/python3.7/site-packages/airflow/example_dags/example_xcomargs.py
[2024-08-17T22:16:19.826+0000] {logging_mixin.py:150} INFO - [2024-08-17T22:16:19.826+0000] {dag.py:2742} INFO - Sync 2 DAGs
[2024-08-17T22:16:19.860+0000] {logging_mixin.py:150} INFO - [2024-08-17T22:16:19.859+0000] {dag.py:3508} INFO - Setting next_dagrun for example_xcom_args to None, run_after=None
[2024-08-17T22:16:19.865+0000] {logging_mixin.py:150} INFO - [2024-08-17T22:16:19.864+0000] {dag.py:3508} INFO - Setting next_dagrun for example_xcom_args_with_operators to None, run_after=None
[2024-08-17T22:16:19.887+0000] {processor.py:179} INFO - Processing /home/airflow/.local/lib/python3.7/site-packages/airflow/example_dags/example_xcomargs.py took 0.114 seconds
