[2024-08-17T22:03:59.068+0000] {processor.py:157} INFO - Started process (PID=272) to work on /home/airflow/.local/lib/python3.7/site-packages/airflow/example_dags/example_time_delta_sensor_async.py
[2024-08-17T22:03:59.070+0000] {processor.py:826} INFO - Processing file /home/airflow/.local/lib/python3.7/site-packages/airflow/example_dags/example_time_delta_sensor_async.py for tasks to queue
[2024-08-17T22:03:59.072+0000] {logging_mixin.py:150} INFO - [2024-08-17T22:03:59.071+0000] {dagbag.py:541} INFO - Filling up the DagBag from /home/airflow/.local/lib/python3.7/site-packages/airflow/example_dags/example_time_delta_sensor_async.py
[2024-08-17T22:03:59.086+0000] {processor.py:836} INFO - DAG(s) dict_keys(['example_time_delta_sensor_async']) retrieved from /home/airflow/.local/lib/python3.7/site-packages/airflow/example_dags/example_time_delta_sensor_async.py
[2024-08-17T22:03:59.109+0000] {logging_mixin.py:150} INFO - [2024-08-17T22:03:59.109+0000] {dag.py:2742} INFO - Sync 1 DAGs
[2024-08-17T22:03:59.137+0000] {logging_mixin.py:150} INFO - [2024-08-17T22:03:59.137+0000] {dag.py:2763} INFO - Creating ORM DAG for example_time_delta_sensor_async
[2024-08-17T22:03:59.154+0000] {logging_mixin.py:150} INFO - [2024-08-17T22:03:59.154+0000] {dag.py:3508} INFO - Setting next_dagrun for example_time_delta_sensor_async to None, run_after=None
[2024-08-17T22:03:59.190+0000] {processor.py:179} INFO - Processing /home/airflow/.local/lib/python3.7/site-packages/airflow/example_dags/example_time_delta_sensor_async.py took 0.128 seconds
[2024-08-17T22:04:29.459+0000] {processor.py:157} INFO - Started process (PID=510) to work on /home/airflow/.local/lib/python3.7/site-packages/airflow/example_dags/example_time_delta_sensor_async.py
[2024-08-17T22:04:29.461+0000] {processor.py:826} INFO - Processing file /home/airflow/.local/lib/python3.7/site-packages/airflow/example_dags/example_time_delta_sensor_async.py for tasks to queue
[2024-08-17T22:04:29.467+0000] {logging_mixin.py:150} INFO - [2024-08-17T22:04:29.465+0000] {dagbag.py:541} INFO - Filling up the DagBag from /home/airflow/.local/lib/python3.7/site-packages/airflow/example_dags/example_time_delta_sensor_async.py
[2024-08-17T22:04:29.483+0000] {processor.py:836} INFO - DAG(s) dict_keys(['example_time_delta_sensor_async']) retrieved from /home/airflow/.local/lib/python3.7/site-packages/airflow/example_dags/example_time_delta_sensor_async.py
[2024-08-17T22:04:29.568+0000] {logging_mixin.py:150} INFO - [2024-08-17T22:04:29.567+0000] {dag.py:2742} INFO - Sync 1 DAGs
[2024-08-17T22:04:29.643+0000] {logging_mixin.py:150} INFO - [2024-08-17T22:04:29.643+0000] {dag.py:3508} INFO - Setting next_dagrun for example_time_delta_sensor_async to None, run_after=None
[2024-08-17T22:04:29.695+0000] {processor.py:179} INFO - Processing /home/airflow/.local/lib/python3.7/site-packages/airflow/example_dags/example_time_delta_sensor_async.py took 0.242 seconds
[2024-08-17T22:05:00.405+0000] {processor.py:157} INFO - Started process (PID=748) to work on /home/airflow/.local/lib/python3.7/site-packages/airflow/example_dags/example_time_delta_sensor_async.py
[2024-08-17T22:05:00.406+0000] {processor.py:826} INFO - Processing file /home/airflow/.local/lib/python3.7/site-packages/airflow/example_dags/example_time_delta_sensor_async.py for tasks to queue
[2024-08-17T22:05:00.412+0000] {logging_mixin.py:150} INFO - [2024-08-17T22:05:00.411+0000] {dagbag.py:541} INFO - Filling up the DagBag from /home/airflow/.local/lib/python3.7/site-packages/airflow/example_dags/example_time_delta_sensor_async.py
[2024-08-17T22:05:00.418+0000] {processor.py:836} INFO - DAG(s) dict_keys(['example_time_delta_sensor_async']) retrieved from /home/airflow/.local/lib/python3.7/site-packages/airflow/example_dags/example_time_delta_sensor_async.py
[2024-08-17T22:05:00.453+0000] {logging_mixin.py:150} INFO - [2024-08-17T22:05:00.453+0000] {dag.py:2742} INFO - Sync 1 DAGs
[2024-08-17T22:05:00.518+0000] {logging_mixin.py:150} INFO - [2024-08-17T22:05:00.518+0000] {dag.py:3508} INFO - Setting next_dagrun for example_time_delta_sensor_async to None, run_after=None
[2024-08-17T22:05:00.565+0000] {processor.py:179} INFO - Processing /home/airflow/.local/lib/python3.7/site-packages/airflow/example_dags/example_time_delta_sensor_async.py took 0.164 seconds
[2024-08-17T22:05:36.865+0000] {processor.py:157} INFO - Started process (PID=986) to work on /home/airflow/.local/lib/python3.7/site-packages/airflow/example_dags/example_time_delta_sensor_async.py
[2024-08-17T22:05:36.867+0000] {processor.py:826} INFO - Processing file /home/airflow/.local/lib/python3.7/site-packages/airflow/example_dags/example_time_delta_sensor_async.py for tasks to queue
[2024-08-17T22:05:36.869+0000] {logging_mixin.py:150} INFO - [2024-08-17T22:05:36.868+0000] {dagbag.py:541} INFO - Filling up the DagBag from /home/airflow/.local/lib/python3.7/site-packages/airflow/example_dags/example_time_delta_sensor_async.py
[2024-08-17T22:05:36.879+0000] {processor.py:836} INFO - DAG(s) dict_keys(['example_time_delta_sensor_async']) retrieved from /home/airflow/.local/lib/python3.7/site-packages/airflow/example_dags/example_time_delta_sensor_async.py
[2024-08-17T22:05:36.949+0000] {logging_mixin.py:150} INFO - [2024-08-17T22:05:36.949+0000] {dag.py:2742} INFO - Sync 1 DAGs
[2024-08-17T22:05:37.008+0000] {logging_mixin.py:150} INFO - [2024-08-17T22:05:37.008+0000] {dag.py:3508} INFO - Setting next_dagrun for example_time_delta_sensor_async to None, run_after=None
[2024-08-17T22:05:37.048+0000] {processor.py:179} INFO - Processing /home/airflow/.local/lib/python3.7/site-packages/airflow/example_dags/example_time_delta_sensor_async.py took 0.190 seconds
[2024-08-17T22:06:07.786+0000] {processor.py:157} INFO - Started process (PID=1224) to work on /home/airflow/.local/lib/python3.7/site-packages/airflow/example_dags/example_time_delta_sensor_async.py
[2024-08-17T22:06:07.787+0000] {processor.py:826} INFO - Processing file /home/airflow/.local/lib/python3.7/site-packages/airflow/example_dags/example_time_delta_sensor_async.py for tasks to queue
[2024-08-17T22:06:07.789+0000] {logging_mixin.py:150} INFO - [2024-08-17T22:06:07.788+0000] {dagbag.py:541} INFO - Filling up the DagBag from /home/airflow/.local/lib/python3.7/site-packages/airflow/example_dags/example_time_delta_sensor_async.py
[2024-08-17T22:06:07.794+0000] {processor.py:836} INFO - DAG(s) dict_keys(['example_time_delta_sensor_async']) retrieved from /home/airflow/.local/lib/python3.7/site-packages/airflow/example_dags/example_time_delta_sensor_async.py
[2024-08-17T22:06:07.827+0000] {logging_mixin.py:150} INFO - [2024-08-17T22:06:07.827+0000] {dag.py:2742} INFO - Sync 1 DAGs
[2024-08-17T22:06:07.866+0000] {logging_mixin.py:150} INFO - [2024-08-17T22:06:07.866+0000] {dag.py:3508} INFO - Setting next_dagrun for example_time_delta_sensor_async to None, run_after=None
[2024-08-17T22:06:07.893+0000] {processor.py:179} INFO - Processing /home/airflow/.local/lib/python3.7/site-packages/airflow/example_dags/example_time_delta_sensor_async.py took 0.111 seconds
[2024-08-17T22:06:38.065+0000] {processor.py:157} INFO - Started process (PID=1462) to work on /home/airflow/.local/lib/python3.7/site-packages/airflow/example_dags/example_time_delta_sensor_async.py
[2024-08-17T22:06:38.067+0000] {processor.py:826} INFO - Processing file /home/airflow/.local/lib/python3.7/site-packages/airflow/example_dags/example_time_delta_sensor_async.py for tasks to queue
[2024-08-17T22:06:38.070+0000] {logging_mixin.py:150} INFO - [2024-08-17T22:06:38.070+0000] {dagbag.py:541} INFO - Filling up the DagBag from /home/airflow/.local/lib/python3.7/site-packages/airflow/example_dags/example_time_delta_sensor_async.py
[2024-08-17T22:06:38.077+0000] {processor.py:836} INFO - DAG(s) dict_keys(['example_time_delta_sensor_async']) retrieved from /home/airflow/.local/lib/python3.7/site-packages/airflow/example_dags/example_time_delta_sensor_async.py
[2024-08-17T22:06:38.123+0000] {logging_mixin.py:150} INFO - [2024-08-17T22:06:38.123+0000] {dag.py:2742} INFO - Sync 1 DAGs
[2024-08-17T22:06:38.170+0000] {logging_mixin.py:150} INFO - [2024-08-17T22:06:38.169+0000] {dag.py:3508} INFO - Setting next_dagrun for example_time_delta_sensor_async to None, run_after=None
[2024-08-17T22:06:38.200+0000] {processor.py:179} INFO - Processing /home/airflow/.local/lib/python3.7/site-packages/airflow/example_dags/example_time_delta_sensor_async.py took 0.141 seconds
[2024-08-17T22:07:08.337+0000] {processor.py:157} INFO - Started process (PID=1700) to work on /home/airflow/.local/lib/python3.7/site-packages/airflow/example_dags/example_time_delta_sensor_async.py
[2024-08-17T22:07:08.339+0000] {processor.py:826} INFO - Processing file /home/airflow/.local/lib/python3.7/site-packages/airflow/example_dags/example_time_delta_sensor_async.py for tasks to queue
[2024-08-17T22:07:08.341+0000] {logging_mixin.py:150} INFO - [2024-08-17T22:07:08.340+0000] {dagbag.py:541} INFO - Filling up the DagBag from /home/airflow/.local/lib/python3.7/site-packages/airflow/example_dags/example_time_delta_sensor_async.py
[2024-08-17T22:07:08.350+0000] {processor.py:836} INFO - DAG(s) dict_keys(['example_time_delta_sensor_async']) retrieved from /home/airflow/.local/lib/python3.7/site-packages/airflow/example_dags/example_time_delta_sensor_async.py
[2024-08-17T22:07:08.398+0000] {logging_mixin.py:150} INFO - [2024-08-17T22:07:08.398+0000] {dag.py:2742} INFO - Sync 1 DAGs
[2024-08-17T22:07:08.444+0000] {logging_mixin.py:150} INFO - [2024-08-17T22:07:08.444+0000] {dag.py:3508} INFO - Setting next_dagrun for example_time_delta_sensor_async to None, run_after=None
[2024-08-17T22:07:08.479+0000] {processor.py:179} INFO - Processing /home/airflow/.local/lib/python3.7/site-packages/airflow/example_dags/example_time_delta_sensor_async.py took 0.147 seconds
[2024-08-17T22:07:38.933+0000] {processor.py:157} INFO - Started process (PID=1938) to work on /home/airflow/.local/lib/python3.7/site-packages/airflow/example_dags/example_time_delta_sensor_async.py
[2024-08-17T22:07:38.934+0000] {processor.py:826} INFO - Processing file /home/airflow/.local/lib/python3.7/site-packages/airflow/example_dags/example_time_delta_sensor_async.py for tasks to queue
[2024-08-17T22:07:38.936+0000] {logging_mixin.py:150} INFO - [2024-08-17T22:07:38.936+0000] {dagbag.py:541} INFO - Filling up the DagBag from /home/airflow/.local/lib/python3.7/site-packages/airflow/example_dags/example_time_delta_sensor_async.py
[2024-08-17T22:07:38.943+0000] {processor.py:836} INFO - DAG(s) dict_keys(['example_time_delta_sensor_async']) retrieved from /home/airflow/.local/lib/python3.7/site-packages/airflow/example_dags/example_time_delta_sensor_async.py
[2024-08-17T22:07:38.980+0000] {logging_mixin.py:150} INFO - [2024-08-17T22:07:38.980+0000] {dag.py:2742} INFO - Sync 1 DAGs
[2024-08-17T22:07:39.024+0000] {logging_mixin.py:150} INFO - [2024-08-17T22:07:39.024+0000] {dag.py:3508} INFO - Setting next_dagrun for example_time_delta_sensor_async to None, run_after=None
[2024-08-17T22:07:39.056+0000] {processor.py:179} INFO - Processing /home/airflow/.local/lib/python3.7/site-packages/airflow/example_dags/example_time_delta_sensor_async.py took 0.127 seconds
[2024-08-17T22:08:13.703+0000] {processor.py:157} INFO - Started process (PID=2290) to work on /home/airflow/.local/lib/python3.7/site-packages/airflow/example_dags/example_time_delta_sensor_async.py
[2024-08-17T22:08:13.709+0000] {processor.py:826} INFO - Processing file /home/airflow/.local/lib/python3.7/site-packages/airflow/example_dags/example_time_delta_sensor_async.py for tasks to queue
[2024-08-17T22:08:13.711+0000] {logging_mixin.py:150} INFO - [2024-08-17T22:08:13.711+0000] {dagbag.py:541} INFO - Filling up the DagBag from /home/airflow/.local/lib/python3.7/site-packages/airflow/example_dags/example_time_delta_sensor_async.py
[2024-08-17T22:08:13.720+0000] {processor.py:836} INFO - DAG(s) dict_keys(['example_time_delta_sensor_async']) retrieved from /home/airflow/.local/lib/python3.7/site-packages/airflow/example_dags/example_time_delta_sensor_async.py
[2024-08-17T22:08:13.784+0000] {logging_mixin.py:150} INFO - [2024-08-17T22:08:13.783+0000] {dag.py:2742} INFO - Sync 1 DAGs
[2024-08-17T22:08:13.835+0000] {logging_mixin.py:150} INFO - [2024-08-17T22:08:13.834+0000] {dag.py:3508} INFO - Setting next_dagrun for example_time_delta_sensor_async to None, run_after=None
[2024-08-17T22:08:13.871+0000] {processor.py:179} INFO - Processing /home/airflow/.local/lib/python3.7/site-packages/airflow/example_dags/example_time_delta_sensor_async.py took 0.180 seconds
[2024-08-17T22:08:44.228+0000] {processor.py:157} INFO - Started process (PID=2546) to work on /home/airflow/.local/lib/python3.7/site-packages/airflow/example_dags/example_time_delta_sensor_async.py
[2024-08-17T22:08:44.229+0000] {processor.py:826} INFO - Processing file /home/airflow/.local/lib/python3.7/site-packages/airflow/example_dags/example_time_delta_sensor_async.py for tasks to queue
[2024-08-17T22:08:44.232+0000] {logging_mixin.py:150} INFO - [2024-08-17T22:08:44.231+0000] {dagbag.py:541} INFO - Filling up the DagBag from /home/airflow/.local/lib/python3.7/site-packages/airflow/example_dags/example_time_delta_sensor_async.py
[2024-08-17T22:08:44.237+0000] {processor.py:836} INFO - DAG(s) dict_keys(['example_time_delta_sensor_async']) retrieved from /home/airflow/.local/lib/python3.7/site-packages/airflow/example_dags/example_time_delta_sensor_async.py
[2024-08-17T22:08:44.267+0000] {logging_mixin.py:150} INFO - [2024-08-17T22:08:44.267+0000] {dag.py:2742} INFO - Sync 1 DAGs
[2024-08-17T22:08:44.300+0000] {logging_mixin.py:150} INFO - [2024-08-17T22:08:44.300+0000] {dag.py:3508} INFO - Setting next_dagrun for example_time_delta_sensor_async to None, run_after=None
[2024-08-17T22:08:44.325+0000] {processor.py:179} INFO - Processing /home/airflow/.local/lib/python3.7/site-packages/airflow/example_dags/example_time_delta_sensor_async.py took 0.101 seconds
[2024-08-17T22:09:14.609+0000] {processor.py:157} INFO - Started process (PID=2784) to work on /home/airflow/.local/lib/python3.7/site-packages/airflow/example_dags/example_time_delta_sensor_async.py
[2024-08-17T22:09:14.611+0000] {processor.py:826} INFO - Processing file /home/airflow/.local/lib/python3.7/site-packages/airflow/example_dags/example_time_delta_sensor_async.py for tasks to queue
[2024-08-17T22:09:14.612+0000] {logging_mixin.py:150} INFO - [2024-08-17T22:09:14.611+0000] {dagbag.py:541} INFO - Filling up the DagBag from /home/airflow/.local/lib/python3.7/site-packages/airflow/example_dags/example_time_delta_sensor_async.py
[2024-08-17T22:09:14.617+0000] {processor.py:836} INFO - DAG(s) dict_keys(['example_time_delta_sensor_async']) retrieved from /home/airflow/.local/lib/python3.7/site-packages/airflow/example_dags/example_time_delta_sensor_async.py
[2024-08-17T22:09:14.650+0000] {logging_mixin.py:150} INFO - [2024-08-17T22:09:14.649+0000] {dag.py:2742} INFO - Sync 1 DAGs
[2024-08-17T22:09:14.681+0000] {logging_mixin.py:150} INFO - [2024-08-17T22:09:14.681+0000] {dag.py:3508} INFO - Setting next_dagrun for example_time_delta_sensor_async to None, run_after=None
[2024-08-17T22:09:14.707+0000] {processor.py:179} INFO - Processing /home/airflow/.local/lib/python3.7/site-packages/airflow/example_dags/example_time_delta_sensor_async.py took 0.103 seconds
[2024-08-17T22:09:45.064+0000] {processor.py:157} INFO - Started process (PID=3022) to work on /home/airflow/.local/lib/python3.7/site-packages/airflow/example_dags/example_time_delta_sensor_async.py
[2024-08-17T22:09:45.065+0000] {processor.py:826} INFO - Processing file /home/airflow/.local/lib/python3.7/site-packages/airflow/example_dags/example_time_delta_sensor_async.py for tasks to queue
[2024-08-17T22:09:45.066+0000] {logging_mixin.py:150} INFO - [2024-08-17T22:09:45.066+0000] {dagbag.py:541} INFO - Filling up the DagBag from /home/airflow/.local/lib/python3.7/site-packages/airflow/example_dags/example_time_delta_sensor_async.py
[2024-08-17T22:09:45.072+0000] {processor.py:836} INFO - DAG(s) dict_keys(['example_time_delta_sensor_async']) retrieved from /home/airflow/.local/lib/python3.7/site-packages/airflow/example_dags/example_time_delta_sensor_async.py
[2024-08-17T22:09:45.102+0000] {logging_mixin.py:150} INFO - [2024-08-17T22:09:45.102+0000] {dag.py:2742} INFO - Sync 1 DAGs
[2024-08-17T22:09:45.134+0000] {logging_mixin.py:150} INFO - [2024-08-17T22:09:45.134+0000] {dag.py:3508} INFO - Setting next_dagrun for example_time_delta_sensor_async to None, run_after=None
[2024-08-17T22:09:45.158+0000] {processor.py:179} INFO - Processing /home/airflow/.local/lib/python3.7/site-packages/airflow/example_dags/example_time_delta_sensor_async.py took 0.098 seconds
[2024-08-17T22:10:16.028+0000] {processor.py:157} INFO - Started process (PID=3260) to work on /home/airflow/.local/lib/python3.7/site-packages/airflow/example_dags/example_time_delta_sensor_async.py
[2024-08-17T22:10:16.029+0000] {processor.py:826} INFO - Processing file /home/airflow/.local/lib/python3.7/site-packages/airflow/example_dags/example_time_delta_sensor_async.py for tasks to queue
[2024-08-17T22:10:16.030+0000] {logging_mixin.py:150} INFO - [2024-08-17T22:10:16.030+0000] {dagbag.py:541} INFO - Filling up the DagBag from /home/airflow/.local/lib/python3.7/site-packages/airflow/example_dags/example_time_delta_sensor_async.py
[2024-08-17T22:10:16.035+0000] {processor.py:836} INFO - DAG(s) dict_keys(['example_time_delta_sensor_async']) retrieved from /home/airflow/.local/lib/python3.7/site-packages/airflow/example_dags/example_time_delta_sensor_async.py
[2024-08-17T22:10:16.068+0000] {logging_mixin.py:150} INFO - [2024-08-17T22:10:16.068+0000] {dag.py:2742} INFO - Sync 1 DAGs
[2024-08-17T22:10:16.104+0000] {logging_mixin.py:150} INFO - [2024-08-17T22:10:16.103+0000] {dag.py:3508} INFO - Setting next_dagrun for example_time_delta_sensor_async to None, run_after=None
[2024-08-17T22:10:16.133+0000] {processor.py:179} INFO - Processing /home/airflow/.local/lib/python3.7/site-packages/airflow/example_dags/example_time_delta_sensor_async.py took 0.109 seconds
[2024-08-17T22:10:46.727+0000] {processor.py:157} INFO - Started process (PID=3498) to work on /home/airflow/.local/lib/python3.7/site-packages/airflow/example_dags/example_time_delta_sensor_async.py
[2024-08-17T22:10:46.729+0000] {processor.py:826} INFO - Processing file /home/airflow/.local/lib/python3.7/site-packages/airflow/example_dags/example_time_delta_sensor_async.py for tasks to queue
[2024-08-17T22:10:46.731+0000] {logging_mixin.py:150} INFO - [2024-08-17T22:10:46.731+0000] {dagbag.py:541} INFO - Filling up the DagBag from /home/airflow/.local/lib/python3.7/site-packages/airflow/example_dags/example_time_delta_sensor_async.py
[2024-08-17T22:10:46.737+0000] {processor.py:836} INFO - DAG(s) dict_keys(['example_time_delta_sensor_async']) retrieved from /home/airflow/.local/lib/python3.7/site-packages/airflow/example_dags/example_time_delta_sensor_async.py
[2024-08-17T22:10:46.767+0000] {logging_mixin.py:150} INFO - [2024-08-17T22:10:46.767+0000] {dag.py:2742} INFO - Sync 1 DAGs
[2024-08-17T22:10:46.801+0000] {logging_mixin.py:150} INFO - [2024-08-17T22:10:46.801+0000] {dag.py:3508} INFO - Setting next_dagrun for example_time_delta_sensor_async to None, run_after=None
[2024-08-17T22:10:46.826+0000] {processor.py:179} INFO - Processing /home/airflow/.local/lib/python3.7/site-packages/airflow/example_dags/example_time_delta_sensor_async.py took 0.104 seconds
[2024-08-17T22:12:14.366+0000] {processor.py:157} INFO - Started process (PID=271) to work on /home/airflow/.local/lib/python3.7/site-packages/airflow/example_dags/example_time_delta_sensor_async.py
[2024-08-17T22:12:14.368+0000] {processor.py:826} INFO - Processing file /home/airflow/.local/lib/python3.7/site-packages/airflow/example_dags/example_time_delta_sensor_async.py for tasks to queue
[2024-08-17T22:12:14.369+0000] {logging_mixin.py:150} INFO - [2024-08-17T22:12:14.369+0000] {dagbag.py:541} INFO - Filling up the DagBag from /home/airflow/.local/lib/python3.7/site-packages/airflow/example_dags/example_time_delta_sensor_async.py
[2024-08-17T22:12:14.378+0000] {processor.py:836} INFO - DAG(s) dict_keys(['example_time_delta_sensor_async']) retrieved from /home/airflow/.local/lib/python3.7/site-packages/airflow/example_dags/example_time_delta_sensor_async.py
[2024-08-17T22:12:14.413+0000] {logging_mixin.py:150} INFO - [2024-08-17T22:12:14.413+0000] {dag.py:2742} INFO - Sync 1 DAGs
[2024-08-17T22:12:14.579+0000] {logging_mixin.py:150} INFO - [2024-08-17T22:12:14.578+0000] {dag.py:3508} INFO - Setting next_dagrun for example_time_delta_sensor_async to None, run_after=None
[2024-08-17T22:12:14.608+0000] {processor.py:179} INFO - Processing /home/airflow/.local/lib/python3.7/site-packages/airflow/example_dags/example_time_delta_sensor_async.py took 0.247 seconds
[2024-08-17T22:12:45.296+0000] {processor.py:157} INFO - Started process (PID=511) to work on /home/airflow/.local/lib/python3.7/site-packages/airflow/example_dags/example_time_delta_sensor_async.py
[2024-08-17T22:12:45.297+0000] {processor.py:826} INFO - Processing file /home/airflow/.local/lib/python3.7/site-packages/airflow/example_dags/example_time_delta_sensor_async.py for tasks to queue
[2024-08-17T22:12:45.299+0000] {logging_mixin.py:150} INFO - [2024-08-17T22:12:45.298+0000] {dagbag.py:541} INFO - Filling up the DagBag from /home/airflow/.local/lib/python3.7/site-packages/airflow/example_dags/example_time_delta_sensor_async.py
[2024-08-17T22:12:45.304+0000] {processor.py:836} INFO - DAG(s) dict_keys(['example_time_delta_sensor_async']) retrieved from /home/airflow/.local/lib/python3.7/site-packages/airflow/example_dags/example_time_delta_sensor_async.py
[2024-08-17T22:12:45.335+0000] {logging_mixin.py:150} INFO - [2024-08-17T22:12:45.335+0000] {dag.py:2742} INFO - Sync 1 DAGs
[2024-08-17T22:12:45.368+0000] {logging_mixin.py:150} INFO - [2024-08-17T22:12:45.368+0000] {dag.py:3508} INFO - Setting next_dagrun for example_time_delta_sensor_async to None, run_after=None
[2024-08-17T22:12:45.392+0000] {processor.py:179} INFO - Processing /home/airflow/.local/lib/python3.7/site-packages/airflow/example_dags/example_time_delta_sensor_async.py took 0.101 seconds
[2024-08-17T22:13:15.594+0000] {processor.py:157} INFO - Started process (PID=749) to work on /home/airflow/.local/lib/python3.7/site-packages/airflow/example_dags/example_time_delta_sensor_async.py
[2024-08-17T22:13:15.595+0000] {processor.py:826} INFO - Processing file /home/airflow/.local/lib/python3.7/site-packages/airflow/example_dags/example_time_delta_sensor_async.py for tasks to queue
[2024-08-17T22:13:15.596+0000] {logging_mixin.py:150} INFO - [2024-08-17T22:13:15.596+0000] {dagbag.py:541} INFO - Filling up the DagBag from /home/airflow/.local/lib/python3.7/site-packages/airflow/example_dags/example_time_delta_sensor_async.py
[2024-08-17T22:13:15.602+0000] {processor.py:836} INFO - DAG(s) dict_keys(['example_time_delta_sensor_async']) retrieved from /home/airflow/.local/lib/python3.7/site-packages/airflow/example_dags/example_time_delta_sensor_async.py
[2024-08-17T22:13:15.634+0000] {logging_mixin.py:150} INFO - [2024-08-17T22:13:15.634+0000] {dag.py:2742} INFO - Sync 1 DAGs
[2024-08-17T22:13:15.666+0000] {logging_mixin.py:150} INFO - [2024-08-17T22:13:15.666+0000] {dag.py:3508} INFO - Setting next_dagrun for example_time_delta_sensor_async to None, run_after=None
[2024-08-17T22:13:15.692+0000] {processor.py:179} INFO - Processing /home/airflow/.local/lib/python3.7/site-packages/airflow/example_dags/example_time_delta_sensor_async.py took 0.102 seconds
[2024-08-17T22:13:46.056+0000] {processor.py:157} INFO - Started process (PID=985) to work on /home/airflow/.local/lib/python3.7/site-packages/airflow/example_dags/example_time_delta_sensor_async.py
[2024-08-17T22:13:46.058+0000] {processor.py:826} INFO - Processing file /home/airflow/.local/lib/python3.7/site-packages/airflow/example_dags/example_time_delta_sensor_async.py for tasks to queue
[2024-08-17T22:13:46.059+0000] {logging_mixin.py:150} INFO - [2024-08-17T22:13:46.059+0000] {dagbag.py:541} INFO - Filling up the DagBag from /home/airflow/.local/lib/python3.7/site-packages/airflow/example_dags/example_time_delta_sensor_async.py
[2024-08-17T22:13:46.065+0000] {processor.py:836} INFO - DAG(s) dict_keys(['example_time_delta_sensor_async']) retrieved from /home/airflow/.local/lib/python3.7/site-packages/airflow/example_dags/example_time_delta_sensor_async.py
[2024-08-17T22:13:46.101+0000] {logging_mixin.py:150} INFO - [2024-08-17T22:13:46.100+0000] {dag.py:2742} INFO - Sync 1 DAGs
[2024-08-17T22:13:46.134+0000] {logging_mixin.py:150} INFO - [2024-08-17T22:13:46.134+0000] {dag.py:3508} INFO - Setting next_dagrun for example_time_delta_sensor_async to None, run_after=None
[2024-08-17T22:13:46.159+0000] {processor.py:179} INFO - Processing /home/airflow/.local/lib/python3.7/site-packages/airflow/example_dags/example_time_delta_sensor_async.py took 0.108 seconds
[2024-08-17T22:14:17.064+0000] {processor.py:157} INFO - Started process (PID=1225) to work on /home/airflow/.local/lib/python3.7/site-packages/airflow/example_dags/example_time_delta_sensor_async.py
[2024-08-17T22:14:17.068+0000] {processor.py:826} INFO - Processing file /home/airflow/.local/lib/python3.7/site-packages/airflow/example_dags/example_time_delta_sensor_async.py for tasks to queue
[2024-08-17T22:14:17.072+0000] {logging_mixin.py:150} INFO - [2024-08-17T22:14:17.070+0000] {dagbag.py:541} INFO - Filling up the DagBag from /home/airflow/.local/lib/python3.7/site-packages/airflow/example_dags/example_time_delta_sensor_async.py
[2024-08-17T22:14:17.089+0000] {processor.py:836} INFO - DAG(s) dict_keys(['example_time_delta_sensor_async']) retrieved from /home/airflow/.local/lib/python3.7/site-packages/airflow/example_dags/example_time_delta_sensor_async.py
[2024-08-17T22:14:17.162+0000] {logging_mixin.py:150} INFO - [2024-08-17T22:14:17.162+0000] {dag.py:2742} INFO - Sync 1 DAGs
[2024-08-17T22:14:17.212+0000] {logging_mixin.py:150} INFO - [2024-08-17T22:14:17.212+0000] {dag.py:3508} INFO - Setting next_dagrun for example_time_delta_sensor_async to None, run_after=None
[2024-08-17T22:14:17.245+0000] {processor.py:179} INFO - Processing /home/airflow/.local/lib/python3.7/site-packages/airflow/example_dags/example_time_delta_sensor_async.py took 0.214 seconds
[2024-08-17T22:14:48.355+0000] {processor.py:157} INFO - Started process (PID=1461) to work on /home/airflow/.local/lib/python3.7/site-packages/airflow/example_dags/example_time_delta_sensor_async.py
[2024-08-17T22:14:48.356+0000] {processor.py:826} INFO - Processing file /home/airflow/.local/lib/python3.7/site-packages/airflow/example_dags/example_time_delta_sensor_async.py for tasks to queue
[2024-08-17T22:14:48.358+0000] {logging_mixin.py:150} INFO - [2024-08-17T22:14:48.357+0000] {dagbag.py:541} INFO - Filling up the DagBag from /home/airflow/.local/lib/python3.7/site-packages/airflow/example_dags/example_time_delta_sensor_async.py
[2024-08-17T22:14:48.368+0000] {processor.py:836} INFO - DAG(s) dict_keys(['example_time_delta_sensor_async']) retrieved from /home/airflow/.local/lib/python3.7/site-packages/airflow/example_dags/example_time_delta_sensor_async.py
[2024-08-17T22:14:48.413+0000] {logging_mixin.py:150} INFO - [2024-08-17T22:14:48.412+0000] {dag.py:2742} INFO - Sync 1 DAGs
[2024-08-17T22:14:48.470+0000] {logging_mixin.py:150} INFO - [2024-08-17T22:14:48.470+0000] {dag.py:3508} INFO - Setting next_dagrun for example_time_delta_sensor_async to None, run_after=None
[2024-08-17T22:14:48.501+0000] {processor.py:179} INFO - Processing /home/airflow/.local/lib/python3.7/site-packages/airflow/example_dags/example_time_delta_sensor_async.py took 0.152 seconds
[2024-08-17T22:15:18.799+0000] {processor.py:157} INFO - Started process (PID=1699) to work on /home/airflow/.local/lib/python3.7/site-packages/airflow/example_dags/example_time_delta_sensor_async.py
[2024-08-17T22:15:18.800+0000] {processor.py:826} INFO - Processing file /home/airflow/.local/lib/python3.7/site-packages/airflow/example_dags/example_time_delta_sensor_async.py for tasks to queue
[2024-08-17T22:15:18.802+0000] {logging_mixin.py:150} INFO - [2024-08-17T22:15:18.801+0000] {dagbag.py:541} INFO - Filling up the DagBag from /home/airflow/.local/lib/python3.7/site-packages/airflow/example_dags/example_time_delta_sensor_async.py
[2024-08-17T22:15:18.808+0000] {processor.py:836} INFO - DAG(s) dict_keys(['example_time_delta_sensor_async']) retrieved from /home/airflow/.local/lib/python3.7/site-packages/airflow/example_dags/example_time_delta_sensor_async.py
[2024-08-17T22:15:18.840+0000] {logging_mixin.py:150} INFO - [2024-08-17T22:15:18.840+0000] {dag.py:2742} INFO - Sync 1 DAGs
[2024-08-17T22:15:18.872+0000] {logging_mixin.py:150} INFO - [2024-08-17T22:15:18.872+0000] {dag.py:3508} INFO - Setting next_dagrun for example_time_delta_sensor_async to None, run_after=None
[2024-08-17T22:15:18.900+0000] {processor.py:179} INFO - Processing /home/airflow/.local/lib/python3.7/site-packages/airflow/example_dags/example_time_delta_sensor_async.py took 0.105 seconds
[2024-08-17T22:15:49.010+0000] {processor.py:157} INFO - Started process (PID=1937) to work on /home/airflow/.local/lib/python3.7/site-packages/airflow/example_dags/example_time_delta_sensor_async.py
[2024-08-17T22:15:49.011+0000] {processor.py:826} INFO - Processing file /home/airflow/.local/lib/python3.7/site-packages/airflow/example_dags/example_time_delta_sensor_async.py for tasks to queue
[2024-08-17T22:15:49.012+0000] {logging_mixin.py:150} INFO - [2024-08-17T22:15:49.012+0000] {dagbag.py:541} INFO - Filling up the DagBag from /home/airflow/.local/lib/python3.7/site-packages/airflow/example_dags/example_time_delta_sensor_async.py
[2024-08-17T22:15:49.018+0000] {processor.py:836} INFO - DAG(s) dict_keys(['example_time_delta_sensor_async']) retrieved from /home/airflow/.local/lib/python3.7/site-packages/airflow/example_dags/example_time_delta_sensor_async.py
[2024-08-17T22:15:49.048+0000] {logging_mixin.py:150} INFO - [2024-08-17T22:15:49.048+0000] {dag.py:2742} INFO - Sync 1 DAGs
[2024-08-17T22:15:49.080+0000] {logging_mixin.py:150} INFO - [2024-08-17T22:15:49.080+0000] {dag.py:3508} INFO - Setting next_dagrun for example_time_delta_sensor_async to None, run_after=None
[2024-08-17T22:15:49.107+0000] {processor.py:179} INFO - Processing /home/airflow/.local/lib/python3.7/site-packages/airflow/example_dags/example_time_delta_sensor_async.py took 0.101 seconds
[2024-08-17T22:16:19.490+0000] {processor.py:157} INFO - Started process (PID=2175) to work on /home/airflow/.local/lib/python3.7/site-packages/airflow/example_dags/example_time_delta_sensor_async.py
[2024-08-17T22:16:19.491+0000] {processor.py:826} INFO - Processing file /home/airflow/.local/lib/python3.7/site-packages/airflow/example_dags/example_time_delta_sensor_async.py for tasks to queue
[2024-08-17T22:16:19.492+0000] {logging_mixin.py:150} INFO - [2024-08-17T22:16:19.492+0000] {dagbag.py:541} INFO - Filling up the DagBag from /home/airflow/.local/lib/python3.7/site-packages/airflow/example_dags/example_time_delta_sensor_async.py
[2024-08-17T22:16:19.498+0000] {processor.py:836} INFO - DAG(s) dict_keys(['example_time_delta_sensor_async']) retrieved from /home/airflow/.local/lib/python3.7/site-packages/airflow/example_dags/example_time_delta_sensor_async.py
[2024-08-17T22:16:19.534+0000] {logging_mixin.py:150} INFO - [2024-08-17T22:16:19.533+0000] {dag.py:2742} INFO - Sync 1 DAGs
[2024-08-17T22:16:19.569+0000] {logging_mixin.py:150} INFO - [2024-08-17T22:16:19.569+0000] {dag.py:3508} INFO - Setting next_dagrun for example_time_delta_sensor_async to None, run_after=None
[2024-08-17T22:16:19.593+0000] {processor.py:179} INFO - Processing /home/airflow/.local/lib/python3.7/site-packages/airflow/example_dags/example_time_delta_sensor_async.py took 0.108 seconds
