[2024-08-17T22:03:56.273+0000] {processor.py:157} INFO - Started process (PID=197) to work on /home/airflow/.local/lib/python3.7/site-packages/airflow/example_dags/example_dag_decorator.py
[2024-08-17T22:03:56.275+0000] {processor.py:826} INFO - Processing file /home/airflow/.local/lib/python3.7/site-packages/airflow/example_dags/example_dag_decorator.py for tasks to queue
[2024-08-17T22:03:56.279+0000] {logging_mixin.py:150} INFO - [2024-08-17T22:03:56.279+0000] {dagbag.py:541} INFO - Filling up the DagBag from /home/airflow/.local/lib/python3.7/site-packages/airflow/example_dags/example_dag_decorator.py
[2024-08-17T22:03:56.318+0000] {processor.py:836} INFO - DAG(s) dict_keys(['example_dag_decorator']) retrieved from /home/airflow/.local/lib/python3.7/site-packages/airflow/example_dags/example_dag_decorator.py
[2024-08-17T22:03:56.519+0000] {logging_mixin.py:150} INFO - [2024-08-17T22:03:56.519+0000] {manager.py:504} INFO - Created Permission View: can read on DAG:example_dag_decorator
[2024-08-17T22:03:56.535+0000] {logging_mixin.py:150} INFO - [2024-08-17T22:03:56.535+0000] {manager.py:504} INFO - Created Permission View: can edit on DAG:example_dag_decorator
[2024-08-17T22:03:56.593+0000] {logging_mixin.py:150} INFO - [2024-08-17T22:03:56.593+0000] {manager.py:504} INFO - Created Permission View: can delete on DAG:example_dag_decorator
[2024-08-17T22:03:56.622+0000] {logging_mixin.py:150} INFO - [2024-08-17T22:03:56.622+0000] {dag.py:2742} INFO - Sync 1 DAGs
[2024-08-17T22:03:56.644+0000] {logging_mixin.py:150} INFO - [2024-08-17T22:03:56.644+0000] {dag.py:2763} INFO - Creating ORM DAG for example_dag_decorator
[2024-08-17T22:03:56.665+0000] {logging_mixin.py:150} INFO - [2024-08-17T22:03:56.665+0000] {dag.py:3508} INFO - Setting next_dagrun for example_dag_decorator to None, run_after=None
[2024-08-17T22:03:56.704+0000] {processor.py:179} INFO - Processing /home/airflow/.local/lib/python3.7/site-packages/airflow/example_dags/example_dag_decorator.py took 0.436 seconds
[2024-08-17T22:04:27.502+0000] {processor.py:157} INFO - Started process (PID=442) to work on /home/airflow/.local/lib/python3.7/site-packages/airflow/example_dags/example_dag_decorator.py
[2024-08-17T22:04:27.506+0000] {processor.py:826} INFO - Processing file /home/airflow/.local/lib/python3.7/site-packages/airflow/example_dags/example_dag_decorator.py for tasks to queue
[2024-08-17T22:04:27.507+0000] {logging_mixin.py:150} INFO - [2024-08-17T22:04:27.507+0000] {dagbag.py:541} INFO - Filling up the DagBag from /home/airflow/.local/lib/python3.7/site-packages/airflow/example_dags/example_dag_decorator.py
[2024-08-17T22:04:27.530+0000] {processor.py:836} INFO - DAG(s) dict_keys(['example_dag_decorator']) retrieved from /home/airflow/.local/lib/python3.7/site-packages/airflow/example_dags/example_dag_decorator.py
[2024-08-17T22:04:27.744+0000] {logging_mixin.py:150} INFO - [2024-08-17T22:04:27.743+0000] {dag.py:2742} INFO - Sync 1 DAGs
[2024-08-17T22:04:27.779+0000] {logging_mixin.py:150} INFO - [2024-08-17T22:04:27.779+0000] {dag.py:3508} INFO - Setting next_dagrun for example_dag_decorator to None, run_after=None
[2024-08-17T22:04:27.812+0000] {processor.py:179} INFO - Processing /home/airflow/.local/lib/python3.7/site-packages/airflow/example_dags/example_dag_decorator.py took 0.316 seconds
[2024-08-17T22:04:58.209+0000] {processor.py:157} INFO - Started process (PID=680) to work on /home/airflow/.local/lib/python3.7/site-packages/airflow/example_dags/example_dag_decorator.py
[2024-08-17T22:04:58.211+0000] {processor.py:826} INFO - Processing file /home/airflow/.local/lib/python3.7/site-packages/airflow/example_dags/example_dag_decorator.py for tasks to queue
[2024-08-17T22:04:58.213+0000] {logging_mixin.py:150} INFO - [2024-08-17T22:04:58.212+0000] {dagbag.py:541} INFO - Filling up the DagBag from /home/airflow/.local/lib/python3.7/site-packages/airflow/example_dags/example_dag_decorator.py
[2024-08-17T22:04:58.235+0000] {processor.py:836} INFO - DAG(s) dict_keys(['example_dag_decorator']) retrieved from /home/airflow/.local/lib/python3.7/site-packages/airflow/example_dags/example_dag_decorator.py
[2024-08-17T22:04:58.418+0000] {logging_mixin.py:150} INFO - [2024-08-17T22:04:58.417+0000] {dag.py:2742} INFO - Sync 1 DAGs
[2024-08-17T22:04:58.448+0000] {logging_mixin.py:150} INFO - [2024-08-17T22:04:58.448+0000] {dag.py:3508} INFO - Setting next_dagrun for example_dag_decorator to None, run_after=None
[2024-08-17T22:04:58.476+0000] {processor.py:179} INFO - Processing /home/airflow/.local/lib/python3.7/site-packages/airflow/example_dags/example_dag_decorator.py took 0.272 seconds
[2024-08-17T22:05:32.419+0000] {processor.py:157} INFO - Started process (PID=916) to work on /home/airflow/.local/lib/python3.7/site-packages/airflow/example_dags/example_dag_decorator.py
[2024-08-17T22:05:32.422+0000] {processor.py:826} INFO - Processing file /home/airflow/.local/lib/python3.7/site-packages/airflow/example_dags/example_dag_decorator.py for tasks to queue
[2024-08-17T22:05:32.426+0000] {logging_mixin.py:150} INFO - [2024-08-17T22:05:32.424+0000] {dagbag.py:541} INFO - Filling up the DagBag from /home/airflow/.local/lib/python3.7/site-packages/airflow/example_dags/example_dag_decorator.py
[2024-08-17T22:05:32.516+0000] {processor.py:836} INFO - DAG(s) dict_keys(['example_dag_decorator']) retrieved from /home/airflow/.local/lib/python3.7/site-packages/airflow/example_dags/example_dag_decorator.py
[2024-08-17T22:05:34.086+0000] {logging_mixin.py:150} INFO - [2024-08-17T22:05:34.085+0000] {dag.py:2742} INFO - Sync 1 DAGs
[2024-08-17T22:05:34.227+0000] {logging_mixin.py:150} INFO - [2024-08-17T22:05:34.226+0000] {dag.py:3508} INFO - Setting next_dagrun for example_dag_decorator to None, run_after=None
[2024-08-17T22:05:34.333+0000] {processor.py:179} INFO - Processing /home/airflow/.local/lib/python3.7/site-packages/airflow/example_dags/example_dag_decorator.py took 1.930 seconds
[2024-08-17T22:06:04.530+0000] {processor.py:157} INFO - Started process (PID=1161) to work on /home/airflow/.local/lib/python3.7/site-packages/airflow/example_dags/example_dag_decorator.py
[2024-08-17T22:06:04.531+0000] {processor.py:826} INFO - Processing file /home/airflow/.local/lib/python3.7/site-packages/airflow/example_dags/example_dag_decorator.py for tasks to queue
[2024-08-17T22:06:04.533+0000] {logging_mixin.py:150} INFO - [2024-08-17T22:06:04.533+0000] {dagbag.py:541} INFO - Filling up the DagBag from /home/airflow/.local/lib/python3.7/site-packages/airflow/example_dags/example_dag_decorator.py
[2024-08-17T22:06:04.561+0000] {processor.py:836} INFO - DAG(s) dict_keys(['example_dag_decorator']) retrieved from /home/airflow/.local/lib/python3.7/site-packages/airflow/example_dags/example_dag_decorator.py
[2024-08-17T22:06:04.770+0000] {logging_mixin.py:150} INFO - [2024-08-17T22:06:04.769+0000] {dag.py:2742} INFO - Sync 1 DAGs
[2024-08-17T22:06:04.806+0000] {logging_mixin.py:150} INFO - [2024-08-17T22:06:04.806+0000] {dag.py:3508} INFO - Setting next_dagrun for example_dag_decorator to None, run_after=None
[2024-08-17T22:06:04.842+0000] {processor.py:179} INFO - Processing /home/airflow/.local/lib/python3.7/site-packages/airflow/example_dags/example_dag_decorator.py took 0.319 seconds
[2024-08-17T22:06:34.877+0000] {processor.py:157} INFO - Started process (PID=1402) to work on /home/airflow/.local/lib/python3.7/site-packages/airflow/example_dags/example_dag_decorator.py
[2024-08-17T22:06:34.878+0000] {processor.py:826} INFO - Processing file /home/airflow/.local/lib/python3.7/site-packages/airflow/example_dags/example_dag_decorator.py for tasks to queue
[2024-08-17T22:06:34.880+0000] {logging_mixin.py:150} INFO - [2024-08-17T22:06:34.879+0000] {dagbag.py:541} INFO - Filling up the DagBag from /home/airflow/.local/lib/python3.7/site-packages/airflow/example_dags/example_dag_decorator.py
[2024-08-17T22:06:34.899+0000] {processor.py:836} INFO - DAG(s) dict_keys(['example_dag_decorator']) retrieved from /home/airflow/.local/lib/python3.7/site-packages/airflow/example_dags/example_dag_decorator.py
[2024-08-17T22:06:35.083+0000] {logging_mixin.py:150} INFO - [2024-08-17T22:06:35.083+0000] {dag.py:2742} INFO - Sync 1 DAGs
[2024-08-17T22:06:35.117+0000] {logging_mixin.py:150} INFO - [2024-08-17T22:06:35.117+0000] {dag.py:3508} INFO - Setting next_dagrun for example_dag_decorator to None, run_after=None
[2024-08-17T22:06:35.149+0000] {processor.py:179} INFO - Processing /home/airflow/.local/lib/python3.7/site-packages/airflow/example_dags/example_dag_decorator.py took 0.276 seconds
[2024-08-17T22:07:05.542+0000] {processor.py:157} INFO - Started process (PID=1637) to work on /home/airflow/.local/lib/python3.7/site-packages/airflow/example_dags/example_dag_decorator.py
[2024-08-17T22:07:05.545+0000] {processor.py:826} INFO - Processing file /home/airflow/.local/lib/python3.7/site-packages/airflow/example_dags/example_dag_decorator.py for tasks to queue
[2024-08-17T22:07:05.546+0000] {logging_mixin.py:150} INFO - [2024-08-17T22:07:05.546+0000] {dagbag.py:541} INFO - Filling up the DagBag from /home/airflow/.local/lib/python3.7/site-packages/airflow/example_dags/example_dag_decorator.py
[2024-08-17T22:07:05.576+0000] {processor.py:836} INFO - DAG(s) dict_keys(['example_dag_decorator']) retrieved from /home/airflow/.local/lib/python3.7/site-packages/airflow/example_dags/example_dag_decorator.py
[2024-08-17T22:07:05.868+0000] {logging_mixin.py:150} INFO - [2024-08-17T22:07:05.867+0000] {dag.py:2742} INFO - Sync 1 DAGs
[2024-08-17T22:07:05.906+0000] {logging_mixin.py:150} INFO - [2024-08-17T22:07:05.905+0000] {dag.py:3508} INFO - Setting next_dagrun for example_dag_decorator to None, run_after=None
[2024-08-17T22:07:05.971+0000] {processor.py:179} INFO - Processing /home/airflow/.local/lib/python3.7/site-packages/airflow/example_dags/example_dag_decorator.py took 0.436 seconds
[2024-08-17T22:07:36.060+0000] {processor.py:157} INFO - Started process (PID=1875) to work on /home/airflow/.local/lib/python3.7/site-packages/airflow/example_dags/example_dag_decorator.py
[2024-08-17T22:07:36.061+0000] {processor.py:826} INFO - Processing file /home/airflow/.local/lib/python3.7/site-packages/airflow/example_dags/example_dag_decorator.py for tasks to queue
[2024-08-17T22:07:36.063+0000] {logging_mixin.py:150} INFO - [2024-08-17T22:07:36.062+0000] {dagbag.py:541} INFO - Filling up the DagBag from /home/airflow/.local/lib/python3.7/site-packages/airflow/example_dags/example_dag_decorator.py
[2024-08-17T22:07:36.089+0000] {processor.py:836} INFO - DAG(s) dict_keys(['example_dag_decorator']) retrieved from /home/airflow/.local/lib/python3.7/site-packages/airflow/example_dags/example_dag_decorator.py
[2024-08-17T22:07:36.252+0000] {logging_mixin.py:150} INFO - [2024-08-17T22:07:36.252+0000] {dag.py:2742} INFO - Sync 1 DAGs
[2024-08-17T22:07:36.282+0000] {logging_mixin.py:150} INFO - [2024-08-17T22:07:36.282+0000] {dag.py:3508} INFO - Setting next_dagrun for example_dag_decorator to None, run_after=None
[2024-08-17T22:07:36.310+0000] {processor.py:179} INFO - Processing /home/airflow/.local/lib/python3.7/site-packages/airflow/example_dags/example_dag_decorator.py took 0.255 seconds
[2024-08-17T22:08:11.224+0000] {processor.py:157} INFO - Started process (PID=2221) to work on /home/airflow/.local/lib/python3.7/site-packages/airflow/example_dags/example_dag_decorator.py
[2024-08-17T22:08:11.233+0000] {processor.py:826} INFO - Processing file /home/airflow/.local/lib/python3.7/site-packages/airflow/example_dags/example_dag_decorator.py for tasks to queue
[2024-08-17T22:08:11.235+0000] {logging_mixin.py:150} INFO - [2024-08-17T22:08:11.235+0000] {dagbag.py:541} INFO - Filling up the DagBag from /home/airflow/.local/lib/python3.7/site-packages/airflow/example_dags/example_dag_decorator.py
[2024-08-17T22:08:11.418+0000] {processor.py:836} INFO - DAG(s) dict_keys(['example_dag_decorator']) retrieved from /home/airflow/.local/lib/python3.7/site-packages/airflow/example_dags/example_dag_decorator.py
[2024-08-17T22:08:11.872+0000] {logging_mixin.py:150} INFO - [2024-08-17T22:08:11.871+0000] {dag.py:2742} INFO - Sync 1 DAGs
[2024-08-17T22:08:11.919+0000] {logging_mixin.py:150} INFO - [2024-08-17T22:08:11.918+0000] {dag.py:3508} INFO - Setting next_dagrun for example_dag_decorator to None, run_after=None
[2024-08-17T22:08:11.957+0000] {processor.py:179} INFO - Processing /home/airflow/.local/lib/python3.7/site-packages/airflow/example_dags/example_dag_decorator.py took 0.839 seconds
[2024-08-17T22:08:42.138+0000] {processor.py:157} INFO - Started process (PID=2486) to work on /home/airflow/.local/lib/python3.7/site-packages/airflow/example_dags/example_dag_decorator.py
[2024-08-17T22:08:42.140+0000] {processor.py:826} INFO - Processing file /home/airflow/.local/lib/python3.7/site-packages/airflow/example_dags/example_dag_decorator.py for tasks to queue
[2024-08-17T22:08:42.141+0000] {logging_mixin.py:150} INFO - [2024-08-17T22:08:42.140+0000] {dagbag.py:541} INFO - Filling up the DagBag from /home/airflow/.local/lib/python3.7/site-packages/airflow/example_dags/example_dag_decorator.py
[2024-08-17T22:08:42.158+0000] {processor.py:836} INFO - DAG(s) dict_keys(['example_dag_decorator']) retrieved from /home/airflow/.local/lib/python3.7/site-packages/airflow/example_dags/example_dag_decorator.py
[2024-08-17T22:08:42.317+0000] {logging_mixin.py:150} INFO - [2024-08-17T22:08:42.317+0000] {dag.py:2742} INFO - Sync 1 DAGs
[2024-08-17T22:08:42.345+0000] {logging_mixin.py:150} INFO - [2024-08-17T22:08:42.345+0000] {dag.py:3508} INFO - Setting next_dagrun for example_dag_decorator to None, run_after=None
[2024-08-17T22:08:42.369+0000] {processor.py:179} INFO - Processing /home/airflow/.local/lib/python3.7/site-packages/airflow/example_dags/example_dag_decorator.py took 0.235 seconds
[2024-08-17T22:09:12.467+0000] {processor.py:157} INFO - Started process (PID=2714) to work on /home/airflow/.local/lib/python3.7/site-packages/airflow/example_dags/example_dag_decorator.py
[2024-08-17T22:09:12.468+0000] {processor.py:826} INFO - Processing file /home/airflow/.local/lib/python3.7/site-packages/airflow/example_dags/example_dag_decorator.py for tasks to queue
[2024-08-17T22:09:12.469+0000] {logging_mixin.py:150} INFO - [2024-08-17T22:09:12.469+0000] {dagbag.py:541} INFO - Filling up the DagBag from /home/airflow/.local/lib/python3.7/site-packages/airflow/example_dags/example_dag_decorator.py
[2024-08-17T22:09:12.487+0000] {processor.py:836} INFO - DAG(s) dict_keys(['example_dag_decorator']) retrieved from /home/airflow/.local/lib/python3.7/site-packages/airflow/example_dags/example_dag_decorator.py
[2024-08-17T22:09:12.656+0000] {logging_mixin.py:150} INFO - [2024-08-17T22:09:12.656+0000] {dag.py:2742} INFO - Sync 1 DAGs
[2024-08-17T22:09:12.685+0000] {logging_mixin.py:150} INFO - [2024-08-17T22:09:12.685+0000] {dag.py:3508} INFO - Setting next_dagrun for example_dag_decorator to None, run_after=None
[2024-08-17T22:09:12.711+0000] {processor.py:179} INFO - Processing /home/airflow/.local/lib/python3.7/site-packages/airflow/example_dags/example_dag_decorator.py took 0.250 seconds
[2024-08-17T22:09:42.930+0000] {processor.py:157} INFO - Started process (PID=2952) to work on /home/airflow/.local/lib/python3.7/site-packages/airflow/example_dags/example_dag_decorator.py
[2024-08-17T22:09:42.931+0000] {processor.py:826} INFO - Processing file /home/airflow/.local/lib/python3.7/site-packages/airflow/example_dags/example_dag_decorator.py for tasks to queue
[2024-08-17T22:09:42.932+0000] {logging_mixin.py:150} INFO - [2024-08-17T22:09:42.932+0000] {dagbag.py:541} INFO - Filling up the DagBag from /home/airflow/.local/lib/python3.7/site-packages/airflow/example_dags/example_dag_decorator.py
[2024-08-17T22:09:42.950+0000] {processor.py:836} INFO - DAG(s) dict_keys(['example_dag_decorator']) retrieved from /home/airflow/.local/lib/python3.7/site-packages/airflow/example_dags/example_dag_decorator.py
[2024-08-17T22:09:43.114+0000] {logging_mixin.py:150} INFO - [2024-08-17T22:09:43.114+0000] {dag.py:2742} INFO - Sync 1 DAGs
[2024-08-17T22:09:43.145+0000] {logging_mixin.py:150} INFO - [2024-08-17T22:09:43.145+0000] {dag.py:3508} INFO - Setting next_dagrun for example_dag_decorator to None, run_after=None
[2024-08-17T22:09:43.177+0000] {processor.py:179} INFO - Processing /home/airflow/.local/lib/python3.7/site-packages/airflow/example_dags/example_dag_decorator.py took 0.252 seconds
[2024-08-17T22:10:13.287+0000] {processor.py:157} INFO - Started process (PID=3190) to work on /home/airflow/.local/lib/python3.7/site-packages/airflow/example_dags/example_dag_decorator.py
[2024-08-17T22:10:13.288+0000] {processor.py:826} INFO - Processing file /home/airflow/.local/lib/python3.7/site-packages/airflow/example_dags/example_dag_decorator.py for tasks to queue
[2024-08-17T22:10:13.291+0000] {logging_mixin.py:150} INFO - [2024-08-17T22:10:13.291+0000] {dagbag.py:541} INFO - Filling up the DagBag from /home/airflow/.local/lib/python3.7/site-packages/airflow/example_dags/example_dag_decorator.py
[2024-08-17T22:10:13.313+0000] {processor.py:836} INFO - DAG(s) dict_keys(['example_dag_decorator']) retrieved from /home/airflow/.local/lib/python3.7/site-packages/airflow/example_dags/example_dag_decorator.py
[2024-08-17T22:10:13.471+0000] {logging_mixin.py:150} INFO - [2024-08-17T22:10:13.471+0000] {dag.py:2742} INFO - Sync 1 DAGs
[2024-08-17T22:10:13.502+0000] {logging_mixin.py:150} INFO - [2024-08-17T22:10:13.502+0000] {dag.py:3508} INFO - Setting next_dagrun for example_dag_decorator to None, run_after=None
[2024-08-17T22:10:13.530+0000] {processor.py:179} INFO - Processing /home/airflow/.local/lib/python3.7/site-packages/airflow/example_dags/example_dag_decorator.py took 0.248 seconds
[2024-08-17T22:10:44.010+0000] {processor.py:157} INFO - Started process (PID=3415) to work on /home/airflow/.local/lib/python3.7/site-packages/airflow/example_dags/example_dag_decorator.py
[2024-08-17T22:10:44.012+0000] {processor.py:826} INFO - Processing file /home/airflow/.local/lib/python3.7/site-packages/airflow/example_dags/example_dag_decorator.py for tasks to queue
[2024-08-17T22:10:44.013+0000] {logging_mixin.py:150} INFO - [2024-08-17T22:10:44.012+0000] {dagbag.py:541} INFO - Filling up the DagBag from /home/airflow/.local/lib/python3.7/site-packages/airflow/example_dags/example_dag_decorator.py
[2024-08-17T22:10:44.042+0000] {processor.py:836} INFO - DAG(s) dict_keys(['example_dag_decorator']) retrieved from /home/airflow/.local/lib/python3.7/site-packages/airflow/example_dags/example_dag_decorator.py
[2024-08-17T22:10:44.194+0000] {logging_mixin.py:150} INFO - [2024-08-17T22:10:44.194+0000] {dag.py:2742} INFO - Sync 1 DAGs
[2024-08-17T22:10:44.222+0000] {logging_mixin.py:150} INFO - [2024-08-17T22:10:44.222+0000] {dag.py:3508} INFO - Setting next_dagrun for example_dag_decorator to None, run_after=None
[2024-08-17T22:10:44.248+0000] {processor.py:179} INFO - Processing /home/airflow/.local/lib/python3.7/site-packages/airflow/example_dags/example_dag_decorator.py took 0.243 seconds
[2024-08-17T22:11:14.804+0000] {processor.py:157} INFO - Started process (PID=3653) to work on /home/airflow/.local/lib/python3.7/site-packages/airflow/example_dags/example_dag_decorator.py
[2024-08-17T22:11:14.805+0000] {processor.py:826} INFO - Processing file /home/airflow/.local/lib/python3.7/site-packages/airflow/example_dags/example_dag_decorator.py for tasks to queue
[2024-08-17T22:11:14.806+0000] {logging_mixin.py:150} INFO - [2024-08-17T22:11:14.806+0000] {dagbag.py:541} INFO - Filling up the DagBag from /home/airflow/.local/lib/python3.7/site-packages/airflow/example_dags/example_dag_decorator.py
[2024-08-17T22:11:14.830+0000] {processor.py:836} INFO - DAG(s) dict_keys(['example_dag_decorator']) retrieved from /home/airflow/.local/lib/python3.7/site-packages/airflow/example_dags/example_dag_decorator.py
[2024-08-17T22:11:14.997+0000] {logging_mixin.py:150} INFO - [2024-08-17T22:11:14.997+0000] {dag.py:2742} INFO - Sync 1 DAGs
[2024-08-17T22:11:15.029+0000] {logging_mixin.py:150} INFO - [2024-08-17T22:11:15.029+0000] {dag.py:3508} INFO - Setting next_dagrun for example_dag_decorator to None, run_after=None
[2024-08-17T22:11:15.056+0000] {processor.py:179} INFO - Processing /home/airflow/.local/lib/python3.7/site-packages/airflow/example_dags/example_dag_decorator.py took 0.257 seconds
[2024-08-17T22:12:08.906+0000] {processor.py:157} INFO - Started process (PID=196) to work on /home/airflow/.local/lib/python3.7/site-packages/airflow/example_dags/example_dag_decorator.py
[2024-08-17T22:12:08.908+0000] {processor.py:826} INFO - Processing file /home/airflow/.local/lib/python3.7/site-packages/airflow/example_dags/example_dag_decorator.py for tasks to queue
[2024-08-17T22:12:08.910+0000] {logging_mixin.py:150} INFO - [2024-08-17T22:12:08.910+0000] {dagbag.py:541} INFO - Filling up the DagBag from /home/airflow/.local/lib/python3.7/site-packages/airflow/example_dags/example_dag_decorator.py
[2024-08-17T22:12:08.954+0000] {processor.py:836} INFO - DAG(s) dict_keys(['example_dag_decorator']) retrieved from /home/airflow/.local/lib/python3.7/site-packages/airflow/example_dags/example_dag_decorator.py
[2024-08-17T22:12:09.444+0000] {logging_mixin.py:150} INFO - [2024-08-17T22:12:09.444+0000] {dag.py:2742} INFO - Sync 1 DAGs
[2024-08-17T22:12:09.484+0000] {logging_mixin.py:150} INFO - [2024-08-17T22:12:09.484+0000] {dag.py:3508} INFO - Setting next_dagrun for example_dag_decorator to None, run_after=None
[2024-08-17T22:12:13.554+0000] {processor.py:179} INFO - Processing /home/airflow/.local/lib/python3.7/site-packages/airflow/example_dags/example_dag_decorator.py took 4.656 seconds
[2024-08-17T22:12:44.395+0000] {processor.py:157} INFO - Started process (PID=461) to work on /home/airflow/.local/lib/python3.7/site-packages/airflow/example_dags/example_dag_decorator.py
[2024-08-17T22:12:44.397+0000] {processor.py:826} INFO - Processing file /home/airflow/.local/lib/python3.7/site-packages/airflow/example_dags/example_dag_decorator.py for tasks to queue
[2024-08-17T22:12:44.398+0000] {logging_mixin.py:150} INFO - [2024-08-17T22:12:44.398+0000] {dagbag.py:541} INFO - Filling up the DagBag from /home/airflow/.local/lib/python3.7/site-packages/airflow/example_dags/example_dag_decorator.py
[2024-08-17T22:12:44.424+0000] {processor.py:836} INFO - DAG(s) dict_keys(['example_dag_decorator']) retrieved from /home/airflow/.local/lib/python3.7/site-packages/airflow/example_dags/example_dag_decorator.py
[2024-08-17T22:12:44.608+0000] {logging_mixin.py:150} INFO - [2024-08-17T22:12:44.608+0000] {dag.py:2742} INFO - Sync 1 DAGs
[2024-08-17T22:12:44.637+0000] {logging_mixin.py:150} INFO - [2024-08-17T22:12:44.637+0000] {dag.py:3508} INFO - Setting next_dagrun for example_dag_decorator to None, run_after=None
[2024-08-17T22:12:44.661+0000] {processor.py:179} INFO - Processing /home/airflow/.local/lib/python3.7/site-packages/airflow/example_dags/example_dag_decorator.py took 0.271 seconds
[2024-08-17T22:13:14.762+0000] {processor.py:157} INFO - Started process (PID=699) to work on /home/airflow/.local/lib/python3.7/site-packages/airflow/example_dags/example_dag_decorator.py
[2024-08-17T22:13:14.763+0000] {processor.py:826} INFO - Processing file /home/airflow/.local/lib/python3.7/site-packages/airflow/example_dags/example_dag_decorator.py for tasks to queue
[2024-08-17T22:13:14.764+0000] {logging_mixin.py:150} INFO - [2024-08-17T22:13:14.764+0000] {dagbag.py:541} INFO - Filling up the DagBag from /home/airflow/.local/lib/python3.7/site-packages/airflow/example_dags/example_dag_decorator.py
[2024-08-17T22:13:14.786+0000] {processor.py:836} INFO - DAG(s) dict_keys(['example_dag_decorator']) retrieved from /home/airflow/.local/lib/python3.7/site-packages/airflow/example_dags/example_dag_decorator.py
[2024-08-17T22:13:14.958+0000] {logging_mixin.py:150} INFO - [2024-08-17T22:13:14.958+0000] {dag.py:2742} INFO - Sync 1 DAGs
[2024-08-17T22:13:14.987+0000] {logging_mixin.py:150} INFO - [2024-08-17T22:13:14.987+0000] {dag.py:3508} INFO - Setting next_dagrun for example_dag_decorator to None, run_after=None
[2024-08-17T22:13:15.012+0000] {processor.py:179} INFO - Processing /home/airflow/.local/lib/python3.7/site-packages/airflow/example_dags/example_dag_decorator.py took 0.255 seconds
[2024-08-17T22:13:45.270+0000] {processor.py:157} INFO - Started process (PID=937) to work on /home/airflow/.local/lib/python3.7/site-packages/airflow/example_dags/example_dag_decorator.py
[2024-08-17T22:13:45.271+0000] {processor.py:826} INFO - Processing file /home/airflow/.local/lib/python3.7/site-packages/airflow/example_dags/example_dag_decorator.py for tasks to queue
[2024-08-17T22:13:45.272+0000] {logging_mixin.py:150} INFO - [2024-08-17T22:13:45.272+0000] {dagbag.py:541} INFO - Filling up the DagBag from /home/airflow/.local/lib/python3.7/site-packages/airflow/example_dags/example_dag_decorator.py
[2024-08-17T22:13:45.290+0000] {processor.py:836} INFO - DAG(s) dict_keys(['example_dag_decorator']) retrieved from /home/airflow/.local/lib/python3.7/site-packages/airflow/example_dags/example_dag_decorator.py
[2024-08-17T22:13:45.449+0000] {logging_mixin.py:150} INFO - [2024-08-17T22:13:45.449+0000] {dag.py:2742} INFO - Sync 1 DAGs
[2024-08-17T22:13:45.485+0000] {logging_mixin.py:150} INFO - [2024-08-17T22:13:45.485+0000] {dag.py:3508} INFO - Setting next_dagrun for example_dag_decorator to None, run_after=None
[2024-08-17T22:13:45.513+0000] {processor.py:179} INFO - Processing /home/airflow/.local/lib/python3.7/site-packages/airflow/example_dags/example_dag_decorator.py took 0.248 seconds
[2024-08-17T22:14:15.614+0000] {processor.py:157} INFO - Started process (PID=1175) to work on /home/airflow/.local/lib/python3.7/site-packages/airflow/example_dags/example_dag_decorator.py
[2024-08-17T22:14:15.617+0000] {processor.py:826} INFO - Processing file /home/airflow/.local/lib/python3.7/site-packages/airflow/example_dags/example_dag_decorator.py for tasks to queue
[2024-08-17T22:14:15.618+0000] {logging_mixin.py:150} INFO - [2024-08-17T22:14:15.618+0000] {dagbag.py:541} INFO - Filling up the DagBag from /home/airflow/.local/lib/python3.7/site-packages/airflow/example_dags/example_dag_decorator.py
[2024-08-17T22:14:15.643+0000] {processor.py:836} INFO - DAG(s) dict_keys(['example_dag_decorator']) retrieved from /home/airflow/.local/lib/python3.7/site-packages/airflow/example_dags/example_dag_decorator.py
[2024-08-17T22:14:15.820+0000] {logging_mixin.py:150} INFO - [2024-08-17T22:14:15.820+0000] {dag.py:2742} INFO - Sync 1 DAGs
[2024-08-17T22:14:15.852+0000] {logging_mixin.py:150} INFO - [2024-08-17T22:14:15.852+0000] {dag.py:3508} INFO - Setting next_dagrun for example_dag_decorator to None, run_after=None
[2024-08-17T22:14:15.879+0000] {processor.py:179} INFO - Processing /home/airflow/.local/lib/python3.7/site-packages/airflow/example_dags/example_dag_decorator.py took 0.270 seconds
[2024-08-17T22:14:46.445+0000] {processor.py:157} INFO - Started process (PID=1413) to work on /home/airflow/.local/lib/python3.7/site-packages/airflow/example_dags/example_dag_decorator.py
[2024-08-17T22:14:46.511+0000] {processor.py:826} INFO - Processing file /home/airflow/.local/lib/python3.7/site-packages/airflow/example_dags/example_dag_decorator.py for tasks to queue
[2024-08-17T22:14:46.548+0000] {logging_mixin.py:150} INFO - [2024-08-17T22:14:46.532+0000] {dagbag.py:541} INFO - Filling up the DagBag from /home/airflow/.local/lib/python3.7/site-packages/airflow/example_dags/example_dag_decorator.py
[2024-08-17T22:14:46.712+0000] {processor.py:836} INFO - DAG(s) dict_keys(['example_dag_decorator']) retrieved from /home/airflow/.local/lib/python3.7/site-packages/airflow/example_dags/example_dag_decorator.py
[2024-08-17T22:14:47.143+0000] {logging_mixin.py:150} INFO - [2024-08-17T22:14:47.142+0000] {dag.py:2742} INFO - Sync 1 DAGs
[2024-08-17T22:14:47.225+0000] {logging_mixin.py:150} INFO - [2024-08-17T22:14:47.224+0000] {dag.py:3508} INFO - Setting next_dagrun for example_dag_decorator to None, run_after=None
[2024-08-17T22:14:47.288+0000] {processor.py:179} INFO - Processing /home/airflow/.local/lib/python3.7/site-packages/airflow/example_dags/example_dag_decorator.py took 0.853 seconds
[2024-08-17T22:15:18.149+0000] {processor.py:157} INFO - Started process (PID=1656) to work on /home/airflow/.local/lib/python3.7/site-packages/airflow/example_dags/example_dag_decorator.py
[2024-08-17T22:15:18.150+0000] {processor.py:826} INFO - Processing file /home/airflow/.local/lib/python3.7/site-packages/airflow/example_dags/example_dag_decorator.py for tasks to queue
[2024-08-17T22:15:18.152+0000] {logging_mixin.py:150} INFO - [2024-08-17T22:15:18.151+0000] {dagbag.py:541} INFO - Filling up the DagBag from /home/airflow/.local/lib/python3.7/site-packages/airflow/example_dags/example_dag_decorator.py
[2024-08-17T22:15:18.170+0000] {processor.py:836} INFO - DAG(s) dict_keys(['example_dag_decorator']) retrieved from /home/airflow/.local/lib/python3.7/site-packages/airflow/example_dags/example_dag_decorator.py
[2024-08-17T22:15:18.326+0000] {logging_mixin.py:150} INFO - [2024-08-17T22:15:18.325+0000] {dag.py:2742} INFO - Sync 1 DAGs
[2024-08-17T22:15:18.355+0000] {logging_mixin.py:150} INFO - [2024-08-17T22:15:18.354+0000] {dag.py:3508} INFO - Setting next_dagrun for example_dag_decorator to None, run_after=None
[2024-08-17T22:15:18.381+0000] {processor.py:179} INFO - Processing /home/airflow/.local/lib/python3.7/site-packages/airflow/example_dags/example_dag_decorator.py took 0.238 seconds
[2024-08-17T22:15:48.454+0000] {processor.py:157} INFO - Started process (PID=1902) to work on /home/airflow/.local/lib/python3.7/site-packages/airflow/example_dags/example_dag_decorator.py
[2024-08-17T22:15:48.455+0000] {processor.py:826} INFO - Processing file /home/airflow/.local/lib/python3.7/site-packages/airflow/example_dags/example_dag_decorator.py for tasks to queue
[2024-08-17T22:15:48.456+0000] {logging_mixin.py:150} INFO - [2024-08-17T22:15:48.455+0000] {dagbag.py:541} INFO - Filling up the DagBag from /home/airflow/.local/lib/python3.7/site-packages/airflow/example_dags/example_dag_decorator.py
[2024-08-17T22:15:48.473+0000] {processor.py:836} INFO - DAG(s) dict_keys(['example_dag_decorator']) retrieved from /home/airflow/.local/lib/python3.7/site-packages/airflow/example_dags/example_dag_decorator.py
[2024-08-17T22:15:48.630+0000] {logging_mixin.py:150} INFO - [2024-08-17T22:15:48.630+0000] {dag.py:2742} INFO - Sync 1 DAGs
[2024-08-17T22:15:48.660+0000] {logging_mixin.py:150} INFO - [2024-08-17T22:15:48.659+0000] {dag.py:3508} INFO - Setting next_dagrun for example_dag_decorator to None, run_after=None
[2024-08-17T22:15:48.683+0000] {processor.py:179} INFO - Processing /home/airflow/.local/lib/python3.7/site-packages/airflow/example_dags/example_dag_decorator.py took 0.234 seconds
[2024-08-17T22:16:18.732+0000] {processor.py:157} INFO - Started process (PID=2145) to work on /home/airflow/.local/lib/python3.7/site-packages/airflow/example_dags/example_dag_decorator.py
[2024-08-17T22:16:18.733+0000] {processor.py:826} INFO - Processing file /home/airflow/.local/lib/python3.7/site-packages/airflow/example_dags/example_dag_decorator.py for tasks to queue
[2024-08-17T22:16:18.735+0000] {logging_mixin.py:150} INFO - [2024-08-17T22:16:18.735+0000] {dagbag.py:541} INFO - Filling up the DagBag from /home/airflow/.local/lib/python3.7/site-packages/airflow/example_dags/example_dag_decorator.py
[2024-08-17T22:16:18.753+0000] {processor.py:836} INFO - DAG(s) dict_keys(['example_dag_decorator']) retrieved from /home/airflow/.local/lib/python3.7/site-packages/airflow/example_dags/example_dag_decorator.py
[2024-08-17T22:16:18.939+0000] {logging_mixin.py:150} INFO - [2024-08-17T22:16:18.939+0000] {dag.py:2742} INFO - Sync 1 DAGs
[2024-08-17T22:16:18.968+0000] {logging_mixin.py:150} INFO - [2024-08-17T22:16:18.968+0000] {dag.py:3508} INFO - Setting next_dagrun for example_dag_decorator to None, run_after=None
[2024-08-17T22:16:19.044+0000] {processor.py:179} INFO - Processing /home/airflow/.local/lib/python3.7/site-packages/airflow/example_dags/example_dag_decorator.py took 0.317 seconds
