[2024-08-17T22:03:59.233+0000] {processor.py:157} INFO - Started process (PID=282) to work on /home/airflow/.local/lib/python3.7/site-packages/airflow/example_dags/example_external_task_marker_dag.py
[2024-08-17T22:03:59.235+0000] {processor.py:826} INFO - Processing file /home/airflow/.local/lib/python3.7/site-packages/airflow/example_dags/example_external_task_marker_dag.py for tasks to queue
[2024-08-17T22:03:59.236+0000] {logging_mixin.py:150} INFO - [2024-08-17T22:03:59.236+0000] {dagbag.py:541} INFO - Filling up the DagBag from /home/airflow/.local/lib/python3.7/site-packages/airflow/example_dags/example_external_task_marker_dag.py
[2024-08-17T22:03:59.251+0000] {processor.py:836} INFO - DAG(s) dict_keys(['example_external_task_marker_child', 'example_external_task_marker_parent']) retrieved from /home/airflow/.local/lib/python3.7/site-packages/airflow/example_dags/example_external_task_marker_dag.py
[2024-08-17T22:03:59.280+0000] {logging_mixin.py:150} INFO - [2024-08-17T22:03:59.279+0000] {dag.py:2742} INFO - Sync 2 DAGs
[2024-08-17T22:03:59.309+0000] {logging_mixin.py:150} INFO - [2024-08-17T22:03:59.309+0000] {dag.py:2763} INFO - Creating ORM DAG for example_external_task_marker_child
[2024-08-17T22:03:59.311+0000] {logging_mixin.py:150} INFO - [2024-08-17T22:03:59.311+0000] {dag.py:2763} INFO - Creating ORM DAG for example_external_task_marker_parent
[2024-08-17T22:03:59.329+0000] {logging_mixin.py:150} INFO - [2024-08-17T22:03:59.329+0000] {dag.py:3508} INFO - Setting next_dagrun for example_external_task_marker_child to None, run_after=None
[2024-08-17T22:03:59.331+0000] {logging_mixin.py:150} INFO - [2024-08-17T22:03:59.331+0000] {dag.py:3508} INFO - Setting next_dagrun for example_external_task_marker_parent to None, run_after=None
[2024-08-17T22:03:59.376+0000] {processor.py:179} INFO - Processing /home/airflow/.local/lib/python3.7/site-packages/airflow/example_dags/example_external_task_marker_dag.py took 0.148 seconds
[2024-08-17T22:04:29.971+0000] {processor.py:157} INFO - Started process (PID=522) to work on /home/airflow/.local/lib/python3.7/site-packages/airflow/example_dags/example_external_task_marker_dag.py
[2024-08-17T22:04:29.974+0000] {processor.py:826} INFO - Processing file /home/airflow/.local/lib/python3.7/site-packages/airflow/example_dags/example_external_task_marker_dag.py for tasks to queue
[2024-08-17T22:04:29.975+0000] {logging_mixin.py:150} INFO - [2024-08-17T22:04:29.975+0000] {dagbag.py:541} INFO - Filling up the DagBag from /home/airflow/.local/lib/python3.7/site-packages/airflow/example_dags/example_external_task_marker_dag.py
[2024-08-17T22:04:29.984+0000] {processor.py:836} INFO - DAG(s) dict_keys(['example_external_task_marker_parent', 'example_external_task_marker_child']) retrieved from /home/airflow/.local/lib/python3.7/site-packages/airflow/example_dags/example_external_task_marker_dag.py
[2024-08-17T22:04:30.027+0000] {logging_mixin.py:150} INFO - [2024-08-17T22:04:30.027+0000] {dag.py:2742} INFO - Sync 2 DAGs
[2024-08-17T22:04:30.061+0000] {logging_mixin.py:150} INFO - [2024-08-17T22:04:30.061+0000] {dag.py:3508} INFO - Setting next_dagrun for example_external_task_marker_child to None, run_after=None
[2024-08-17T22:04:30.066+0000] {logging_mixin.py:150} INFO - [2024-08-17T22:04:30.066+0000] {dag.py:3508} INFO - Setting next_dagrun for example_external_task_marker_parent to None, run_after=None
[2024-08-17T22:04:30.089+0000] {processor.py:179} INFO - Processing /home/airflow/.local/lib/python3.7/site-packages/airflow/example_dags/example_external_task_marker_dag.py took 0.123 seconds
[2024-08-17T22:05:00.614+0000] {processor.py:157} INFO - Started process (PID=758) to work on /home/airflow/.local/lib/python3.7/site-packages/airflow/example_dags/example_external_task_marker_dag.py
[2024-08-17T22:05:00.618+0000] {processor.py:826} INFO - Processing file /home/airflow/.local/lib/python3.7/site-packages/airflow/example_dags/example_external_task_marker_dag.py for tasks to queue
[2024-08-17T22:05:00.620+0000] {logging_mixin.py:150} INFO - [2024-08-17T22:05:00.620+0000] {dagbag.py:541} INFO - Filling up the DagBag from /home/airflow/.local/lib/python3.7/site-packages/airflow/example_dags/example_external_task_marker_dag.py
[2024-08-17T22:05:00.637+0000] {processor.py:836} INFO - DAG(s) dict_keys(['example_external_task_marker_child', 'example_external_task_marker_parent']) retrieved from /home/airflow/.local/lib/python3.7/site-packages/airflow/example_dags/example_external_task_marker_dag.py
[2024-08-17T22:05:00.704+0000] {logging_mixin.py:150} INFO - [2024-08-17T22:05:00.704+0000] {dag.py:2742} INFO - Sync 2 DAGs
[2024-08-17T22:05:00.748+0000] {logging_mixin.py:150} INFO - [2024-08-17T22:05:00.748+0000] {dag.py:3508} INFO - Setting next_dagrun for example_external_task_marker_child to None, run_after=None
[2024-08-17T22:05:00.755+0000] {logging_mixin.py:150} INFO - [2024-08-17T22:05:00.755+0000] {dag.py:3508} INFO - Setting next_dagrun for example_external_task_marker_parent to None, run_after=None
[2024-08-17T22:05:00.782+0000] {processor.py:179} INFO - Processing /home/airflow/.local/lib/python3.7/site-packages/airflow/example_dags/example_external_task_marker_dag.py took 0.177 seconds
[2024-08-17T22:05:37.103+0000] {processor.py:157} INFO - Started process (PID=996) to work on /home/airflow/.local/lib/python3.7/site-packages/airflow/example_dags/example_external_task_marker_dag.py
[2024-08-17T22:05:37.105+0000] {processor.py:826} INFO - Processing file /home/airflow/.local/lib/python3.7/site-packages/airflow/example_dags/example_external_task_marker_dag.py for tasks to queue
[2024-08-17T22:05:37.107+0000] {logging_mixin.py:150} INFO - [2024-08-17T22:05:37.106+0000] {dagbag.py:541} INFO - Filling up the DagBag from /home/airflow/.local/lib/python3.7/site-packages/airflow/example_dags/example_external_task_marker_dag.py
[2024-08-17T22:05:37.119+0000] {processor.py:836} INFO - DAG(s) dict_keys(['example_external_task_marker_parent', 'example_external_task_marker_child']) retrieved from /home/airflow/.local/lib/python3.7/site-packages/airflow/example_dags/example_external_task_marker_dag.py
[2024-08-17T22:05:37.168+0000] {logging_mixin.py:150} INFO - [2024-08-17T22:05:37.168+0000] {dag.py:2742} INFO - Sync 2 DAGs
[2024-08-17T22:05:37.214+0000] {logging_mixin.py:150} INFO - [2024-08-17T22:05:37.214+0000] {dag.py:3508} INFO - Setting next_dagrun for example_external_task_marker_child to None, run_after=None
[2024-08-17T22:05:37.220+0000] {logging_mixin.py:150} INFO - [2024-08-17T22:05:37.220+0000] {dag.py:3508} INFO - Setting next_dagrun for example_external_task_marker_parent to None, run_after=None
[2024-08-17T22:05:37.260+0000] {processor.py:179} INFO - Processing /home/airflow/.local/lib/python3.7/site-packages/airflow/example_dags/example_external_task_marker_dag.py took 0.163 seconds
[2024-08-17T22:06:07.928+0000] {processor.py:157} INFO - Started process (PID=1234) to work on /home/airflow/.local/lib/python3.7/site-packages/airflow/example_dags/example_external_task_marker_dag.py
[2024-08-17T22:06:07.931+0000] {processor.py:826} INFO - Processing file /home/airflow/.local/lib/python3.7/site-packages/airflow/example_dags/example_external_task_marker_dag.py for tasks to queue
[2024-08-17T22:06:07.932+0000] {logging_mixin.py:150} INFO - [2024-08-17T22:06:07.932+0000] {dagbag.py:541} INFO - Filling up the DagBag from /home/airflow/.local/lib/python3.7/site-packages/airflow/example_dags/example_external_task_marker_dag.py
[2024-08-17T22:06:07.942+0000] {processor.py:836} INFO - DAG(s) dict_keys(['example_external_task_marker_child', 'example_external_task_marker_parent']) retrieved from /home/airflow/.local/lib/python3.7/site-packages/airflow/example_dags/example_external_task_marker_dag.py
[2024-08-17T22:06:08.012+0000] {logging_mixin.py:150} INFO - [2024-08-17T22:06:08.011+0000] {dag.py:2742} INFO - Sync 2 DAGs
[2024-08-17T22:06:08.049+0000] {logging_mixin.py:150} INFO - [2024-08-17T22:06:08.049+0000] {dag.py:3508} INFO - Setting next_dagrun for example_external_task_marker_child to None, run_after=None
[2024-08-17T22:06:08.056+0000] {logging_mixin.py:150} INFO - [2024-08-17T22:06:08.055+0000] {dag.py:3508} INFO - Setting next_dagrun for example_external_task_marker_parent to None, run_after=None
[2024-08-17T22:06:08.078+0000] {processor.py:179} INFO - Processing /home/airflow/.local/lib/python3.7/site-packages/airflow/example_dags/example_external_task_marker_dag.py took 0.156 seconds
[2024-08-17T22:06:38.250+0000] {processor.py:157} INFO - Started process (PID=1472) to work on /home/airflow/.local/lib/python3.7/site-packages/airflow/example_dags/example_external_task_marker_dag.py
[2024-08-17T22:06:38.253+0000] {processor.py:826} INFO - Processing file /home/airflow/.local/lib/python3.7/site-packages/airflow/example_dags/example_external_task_marker_dag.py for tasks to queue
[2024-08-17T22:06:38.255+0000] {logging_mixin.py:150} INFO - [2024-08-17T22:06:38.254+0000] {dagbag.py:541} INFO - Filling up the DagBag from /home/airflow/.local/lib/python3.7/site-packages/airflow/example_dags/example_external_task_marker_dag.py
[2024-08-17T22:06:38.264+0000] {processor.py:836} INFO - DAG(s) dict_keys(['example_external_task_marker_parent', 'example_external_task_marker_child']) retrieved from /home/airflow/.local/lib/python3.7/site-packages/airflow/example_dags/example_external_task_marker_dag.py
[2024-08-17T22:06:38.313+0000] {logging_mixin.py:150} INFO - [2024-08-17T22:06:38.312+0000] {dag.py:2742} INFO - Sync 2 DAGs
[2024-08-17T22:06:38.364+0000] {logging_mixin.py:150} INFO - [2024-08-17T22:06:38.363+0000] {dag.py:3508} INFO - Setting next_dagrun for example_external_task_marker_child to None, run_after=None
[2024-08-17T22:06:38.370+0000] {logging_mixin.py:150} INFO - [2024-08-17T22:06:38.369+0000] {dag.py:3508} INFO - Setting next_dagrun for example_external_task_marker_parent to None, run_after=None
[2024-08-17T22:06:38.397+0000] {processor.py:179} INFO - Processing /home/airflow/.local/lib/python3.7/site-packages/airflow/example_dags/example_external_task_marker_dag.py took 0.152 seconds
[2024-08-17T22:07:08.521+0000] {processor.py:157} INFO - Started process (PID=1710) to work on /home/airflow/.local/lib/python3.7/site-packages/airflow/example_dags/example_external_task_marker_dag.py
[2024-08-17T22:07:08.526+0000] {processor.py:826} INFO - Processing file /home/airflow/.local/lib/python3.7/site-packages/airflow/example_dags/example_external_task_marker_dag.py for tasks to queue
[2024-08-17T22:07:08.528+0000] {logging_mixin.py:150} INFO - [2024-08-17T22:07:08.527+0000] {dagbag.py:541} INFO - Filling up the DagBag from /home/airflow/.local/lib/python3.7/site-packages/airflow/example_dags/example_external_task_marker_dag.py
[2024-08-17T22:07:08.537+0000] {processor.py:836} INFO - DAG(s) dict_keys(['example_external_task_marker_child', 'example_external_task_marker_parent']) retrieved from /home/airflow/.local/lib/python3.7/site-packages/airflow/example_dags/example_external_task_marker_dag.py
[2024-08-17T22:07:08.588+0000] {logging_mixin.py:150} INFO - [2024-08-17T22:07:08.587+0000] {dag.py:2742} INFO - Sync 2 DAGs
[2024-08-17T22:07:08.629+0000] {logging_mixin.py:150} INFO - [2024-08-17T22:07:08.628+0000] {dag.py:3508} INFO - Setting next_dagrun for example_external_task_marker_child to None, run_after=None
[2024-08-17T22:07:08.637+0000] {logging_mixin.py:150} INFO - [2024-08-17T22:07:08.636+0000] {dag.py:3508} INFO - Setting next_dagrun for example_external_task_marker_parent to None, run_after=None
[2024-08-17T22:07:08.664+0000] {processor.py:179} INFO - Processing /home/airflow/.local/lib/python3.7/site-packages/airflow/example_dags/example_external_task_marker_dag.py took 0.148 seconds
[2024-08-17T22:07:39.097+0000] {processor.py:157} INFO - Started process (PID=1948) to work on /home/airflow/.local/lib/python3.7/site-packages/airflow/example_dags/example_external_task_marker_dag.py
[2024-08-17T22:07:39.099+0000] {processor.py:826} INFO - Processing file /home/airflow/.local/lib/python3.7/site-packages/airflow/example_dags/example_external_task_marker_dag.py for tasks to queue
[2024-08-17T22:07:39.101+0000] {logging_mixin.py:150} INFO - [2024-08-17T22:07:39.101+0000] {dagbag.py:541} INFO - Filling up the DagBag from /home/airflow/.local/lib/python3.7/site-packages/airflow/example_dags/example_external_task_marker_dag.py
[2024-08-17T22:07:39.111+0000] {processor.py:836} INFO - DAG(s) dict_keys(['example_external_task_marker_parent', 'example_external_task_marker_child']) retrieved from /home/airflow/.local/lib/python3.7/site-packages/airflow/example_dags/example_external_task_marker_dag.py
[2024-08-17T22:07:39.156+0000] {logging_mixin.py:150} INFO - [2024-08-17T22:07:39.155+0000] {dag.py:2742} INFO - Sync 2 DAGs
[2024-08-17T22:07:39.195+0000] {logging_mixin.py:150} INFO - [2024-08-17T22:07:39.194+0000] {dag.py:3508} INFO - Setting next_dagrun for example_external_task_marker_child to None, run_after=None
[2024-08-17T22:07:39.202+0000] {logging_mixin.py:150} INFO - [2024-08-17T22:07:39.202+0000] {dag.py:3508} INFO - Setting next_dagrun for example_external_task_marker_parent to None, run_after=None
[2024-08-17T22:07:39.226+0000] {processor.py:179} INFO - Processing /home/airflow/.local/lib/python3.7/site-packages/airflow/example_dags/example_external_task_marker_dag.py took 0.133 seconds
[2024-08-17T22:08:13.920+0000] {processor.py:157} INFO - Started process (PID=2298) to work on /home/airflow/.local/lib/python3.7/site-packages/airflow/example_dags/example_external_task_marker_dag.py
[2024-08-17T22:08:13.923+0000] {processor.py:826} INFO - Processing file /home/airflow/.local/lib/python3.7/site-packages/airflow/example_dags/example_external_task_marker_dag.py for tasks to queue
[2024-08-17T22:08:13.925+0000] {logging_mixin.py:150} INFO - [2024-08-17T22:08:13.924+0000] {dagbag.py:541} INFO - Filling up the DagBag from /home/airflow/.local/lib/python3.7/site-packages/airflow/example_dags/example_external_task_marker_dag.py
[2024-08-17T22:08:13.936+0000] {processor.py:836} INFO - DAG(s) dict_keys(['example_external_task_marker_parent', 'example_external_task_marker_child']) retrieved from /home/airflow/.local/lib/python3.7/site-packages/airflow/example_dags/example_external_task_marker_dag.py
[2024-08-17T22:08:13.991+0000] {logging_mixin.py:150} INFO - [2024-08-17T22:08:13.991+0000] {dag.py:2742} INFO - Sync 2 DAGs
[2024-08-17T22:08:14.078+0000] {logging_mixin.py:150} INFO - [2024-08-17T22:08:14.077+0000] {dag.py:3508} INFO - Setting next_dagrun for example_external_task_marker_child to None, run_after=None
[2024-08-17T22:08:14.083+0000] {logging_mixin.py:150} INFO - [2024-08-17T22:08:14.083+0000] {dag.py:3508} INFO - Setting next_dagrun for example_external_task_marker_parent to None, run_after=None
[2024-08-17T22:08:14.126+0000] {processor.py:179} INFO - Processing /home/airflow/.local/lib/python3.7/site-packages/airflow/example_dags/example_external_task_marker_dag.py took 0.214 seconds
[2024-08-17T22:08:44.358+0000] {processor.py:157} INFO - Started process (PID=2556) to work on /home/airflow/.local/lib/python3.7/site-packages/airflow/example_dags/example_external_task_marker_dag.py
[2024-08-17T22:08:44.360+0000] {processor.py:826} INFO - Processing file /home/airflow/.local/lib/python3.7/site-packages/airflow/example_dags/example_external_task_marker_dag.py for tasks to queue
[2024-08-17T22:08:44.361+0000] {logging_mixin.py:150} INFO - [2024-08-17T22:08:44.361+0000] {dagbag.py:541} INFO - Filling up the DagBag from /home/airflow/.local/lib/python3.7/site-packages/airflow/example_dags/example_external_task_marker_dag.py
[2024-08-17T22:08:44.372+0000] {processor.py:836} INFO - DAG(s) dict_keys(['example_external_task_marker_child', 'example_external_task_marker_parent']) retrieved from /home/airflow/.local/lib/python3.7/site-packages/airflow/example_dags/example_external_task_marker_dag.py
[2024-08-17T22:08:44.416+0000] {logging_mixin.py:150} INFO - [2024-08-17T22:08:44.415+0000] {dag.py:2742} INFO - Sync 2 DAGs
[2024-08-17T22:08:44.454+0000] {logging_mixin.py:150} INFO - [2024-08-17T22:08:44.454+0000] {dag.py:3508} INFO - Setting next_dagrun for example_external_task_marker_child to None, run_after=None
[2024-08-17T22:08:44.459+0000] {logging_mixin.py:150} INFO - [2024-08-17T22:08:44.459+0000] {dag.py:3508} INFO - Setting next_dagrun for example_external_task_marker_parent to None, run_after=None
[2024-08-17T22:08:44.486+0000] {processor.py:179} INFO - Processing /home/airflow/.local/lib/python3.7/site-packages/airflow/example_dags/example_external_task_marker_dag.py took 0.132 seconds
[2024-08-17T22:09:14.737+0000] {processor.py:157} INFO - Started process (PID=2794) to work on /home/airflow/.local/lib/python3.7/site-packages/airflow/example_dags/example_external_task_marker_dag.py
[2024-08-17T22:09:14.739+0000] {processor.py:826} INFO - Processing file /home/airflow/.local/lib/python3.7/site-packages/airflow/example_dags/example_external_task_marker_dag.py for tasks to queue
[2024-08-17T22:09:14.741+0000] {logging_mixin.py:150} INFO - [2024-08-17T22:09:14.740+0000] {dagbag.py:541} INFO - Filling up the DagBag from /home/airflow/.local/lib/python3.7/site-packages/airflow/example_dags/example_external_task_marker_dag.py
[2024-08-17T22:09:14.755+0000] {processor.py:836} INFO - DAG(s) dict_keys(['example_external_task_marker_child', 'example_external_task_marker_parent']) retrieved from /home/airflow/.local/lib/python3.7/site-packages/airflow/example_dags/example_external_task_marker_dag.py
[2024-08-17T22:09:14.801+0000] {logging_mixin.py:150} INFO - [2024-08-17T22:09:14.801+0000] {dag.py:2742} INFO - Sync 2 DAGs
[2024-08-17T22:09:14.833+0000] {logging_mixin.py:150} INFO - [2024-08-17T22:09:14.833+0000] {dag.py:3508} INFO - Setting next_dagrun for example_external_task_marker_child to None, run_after=None
[2024-08-17T22:09:14.838+0000] {logging_mixin.py:150} INFO - [2024-08-17T22:09:14.838+0000] {dag.py:3508} INFO - Setting next_dagrun for example_external_task_marker_parent to None, run_after=None
[2024-08-17T22:09:14.886+0000] {processor.py:179} INFO - Processing /home/airflow/.local/lib/python3.7/site-packages/airflow/example_dags/example_external_task_marker_dag.py took 0.153 seconds
[2024-08-17T22:09:45.191+0000] {processor.py:157} INFO - Started process (PID=3032) to work on /home/airflow/.local/lib/python3.7/site-packages/airflow/example_dags/example_external_task_marker_dag.py
[2024-08-17T22:09:45.193+0000] {processor.py:826} INFO - Processing file /home/airflow/.local/lib/python3.7/site-packages/airflow/example_dags/example_external_task_marker_dag.py for tasks to queue
[2024-08-17T22:09:45.194+0000] {logging_mixin.py:150} INFO - [2024-08-17T22:09:45.193+0000] {dagbag.py:541} INFO - Filling up the DagBag from /home/airflow/.local/lib/python3.7/site-packages/airflow/example_dags/example_external_task_marker_dag.py
[2024-08-17T22:09:45.203+0000] {processor.py:836} INFO - DAG(s) dict_keys(['example_external_task_marker_child', 'example_external_task_marker_parent']) retrieved from /home/airflow/.local/lib/python3.7/site-packages/airflow/example_dags/example_external_task_marker_dag.py
[2024-08-17T22:09:45.245+0000] {logging_mixin.py:150} INFO - [2024-08-17T22:09:45.244+0000] {dag.py:2742} INFO - Sync 2 DAGs
[2024-08-17T22:09:45.275+0000] {logging_mixin.py:150} INFO - [2024-08-17T22:09:45.275+0000] {dag.py:3508} INFO - Setting next_dagrun for example_external_task_marker_child to None, run_after=None
[2024-08-17T22:09:45.279+0000] {logging_mixin.py:150} INFO - [2024-08-17T22:09:45.279+0000] {dag.py:3508} INFO - Setting next_dagrun for example_external_task_marker_parent to None, run_after=None
[2024-08-17T22:09:45.305+0000] {processor.py:179} INFO - Processing /home/airflow/.local/lib/python3.7/site-packages/airflow/example_dags/example_external_task_marker_dag.py took 0.118 seconds
[2024-08-17T22:10:16.318+0000] {processor.py:157} INFO - Started process (PID=3272) to work on /home/airflow/.local/lib/python3.7/site-packages/airflow/example_dags/example_external_task_marker_dag.py
[2024-08-17T22:10:16.320+0000] {processor.py:826} INFO - Processing file /home/airflow/.local/lib/python3.7/site-packages/airflow/example_dags/example_external_task_marker_dag.py for tasks to queue
[2024-08-17T22:10:16.322+0000] {logging_mixin.py:150} INFO - [2024-08-17T22:10:16.321+0000] {dagbag.py:541} INFO - Filling up the DagBag from /home/airflow/.local/lib/python3.7/site-packages/airflow/example_dags/example_external_task_marker_dag.py
[2024-08-17T22:10:16.330+0000] {processor.py:836} INFO - DAG(s) dict_keys(['example_external_task_marker_child', 'example_external_task_marker_parent']) retrieved from /home/airflow/.local/lib/python3.7/site-packages/airflow/example_dags/example_external_task_marker_dag.py
[2024-08-17T22:10:16.369+0000] {logging_mixin.py:150} INFO - [2024-08-17T22:10:16.368+0000] {dag.py:2742} INFO - Sync 2 DAGs
[2024-08-17T22:10:16.409+0000] {logging_mixin.py:150} INFO - [2024-08-17T22:10:16.409+0000] {dag.py:3508} INFO - Setting next_dagrun for example_external_task_marker_child to None, run_after=None
[2024-08-17T22:10:16.413+0000] {logging_mixin.py:150} INFO - [2024-08-17T22:10:16.413+0000] {dag.py:3508} INFO - Setting next_dagrun for example_external_task_marker_parent to None, run_after=None
[2024-08-17T22:10:16.442+0000] {processor.py:179} INFO - Processing /home/airflow/.local/lib/python3.7/site-packages/airflow/example_dags/example_external_task_marker_dag.py took 0.128 seconds
[2024-08-17T22:10:46.855+0000] {processor.py:157} INFO - Started process (PID=3508) to work on /home/airflow/.local/lib/python3.7/site-packages/airflow/example_dags/example_external_task_marker_dag.py
[2024-08-17T22:10:46.857+0000] {processor.py:826} INFO - Processing file /home/airflow/.local/lib/python3.7/site-packages/airflow/example_dags/example_external_task_marker_dag.py for tasks to queue
[2024-08-17T22:10:46.858+0000] {logging_mixin.py:150} INFO - [2024-08-17T22:10:46.858+0000] {dagbag.py:541} INFO - Filling up the DagBag from /home/airflow/.local/lib/python3.7/site-packages/airflow/example_dags/example_external_task_marker_dag.py
[2024-08-17T22:10:46.870+0000] {processor.py:836} INFO - DAG(s) dict_keys(['example_external_task_marker_parent', 'example_external_task_marker_child']) retrieved from /home/airflow/.local/lib/python3.7/site-packages/airflow/example_dags/example_external_task_marker_dag.py
[2024-08-17T22:10:46.912+0000] {logging_mixin.py:150} INFO - [2024-08-17T22:10:46.912+0000] {dag.py:2742} INFO - Sync 2 DAGs
[2024-08-17T22:10:46.945+0000] {logging_mixin.py:150} INFO - [2024-08-17T22:10:46.944+0000] {dag.py:3508} INFO - Setting next_dagrun for example_external_task_marker_child to None, run_after=None
[2024-08-17T22:10:46.949+0000] {logging_mixin.py:150} INFO - [2024-08-17T22:10:46.948+0000] {dag.py:3508} INFO - Setting next_dagrun for example_external_task_marker_parent to None, run_after=None
[2024-08-17T22:10:46.973+0000] {processor.py:179} INFO - Processing /home/airflow/.local/lib/python3.7/site-packages/airflow/example_dags/example_external_task_marker_dag.py took 0.122 seconds
[2024-08-17T22:12:14.821+0000] {processor.py:157} INFO - Started process (PID=283) to work on /home/airflow/.local/lib/python3.7/site-packages/airflow/example_dags/example_external_task_marker_dag.py
[2024-08-17T22:12:14.823+0000] {processor.py:826} INFO - Processing file /home/airflow/.local/lib/python3.7/site-packages/airflow/example_dags/example_external_task_marker_dag.py for tasks to queue
[2024-08-17T22:12:14.824+0000] {logging_mixin.py:150} INFO - [2024-08-17T22:12:14.824+0000] {dagbag.py:541} INFO - Filling up the DagBag from /home/airflow/.local/lib/python3.7/site-packages/airflow/example_dags/example_external_task_marker_dag.py
[2024-08-17T22:12:14.837+0000] {processor.py:836} INFO - DAG(s) dict_keys(['example_external_task_marker_parent', 'example_external_task_marker_child']) retrieved from /home/airflow/.local/lib/python3.7/site-packages/airflow/example_dags/example_external_task_marker_dag.py
[2024-08-17T22:12:14.881+0000] {logging_mixin.py:150} INFO - [2024-08-17T22:12:14.880+0000] {dag.py:2742} INFO - Sync 2 DAGs
[2024-08-17T22:12:14.925+0000] {logging_mixin.py:150} INFO - [2024-08-17T22:12:14.924+0000] {dag.py:3508} INFO - Setting next_dagrun for example_external_task_marker_child to None, run_after=None
[2024-08-17T22:12:14.930+0000] {logging_mixin.py:150} INFO - [2024-08-17T22:12:14.929+0000] {dag.py:3508} INFO - Setting next_dagrun for example_external_task_marker_parent to None, run_after=None
[2024-08-17T22:12:14.954+0000] {processor.py:179} INFO - Processing /home/airflow/.local/lib/python3.7/site-packages/airflow/example_dags/example_external_task_marker_dag.py took 0.138 seconds
[2024-08-17T22:12:45.425+0000] {processor.py:157} INFO - Started process (PID=519) to work on /home/airflow/.local/lib/python3.7/site-packages/airflow/example_dags/example_external_task_marker_dag.py
[2024-08-17T22:12:45.426+0000] {processor.py:826} INFO - Processing file /home/airflow/.local/lib/python3.7/site-packages/airflow/example_dags/example_external_task_marker_dag.py for tasks to queue
[2024-08-17T22:12:45.428+0000] {logging_mixin.py:150} INFO - [2024-08-17T22:12:45.427+0000] {dagbag.py:541} INFO - Filling up the DagBag from /home/airflow/.local/lib/python3.7/site-packages/airflow/example_dags/example_external_task_marker_dag.py
[2024-08-17T22:12:45.435+0000] {processor.py:836} INFO - DAG(s) dict_keys(['example_external_task_marker_parent', 'example_external_task_marker_child']) retrieved from /home/airflow/.local/lib/python3.7/site-packages/airflow/example_dags/example_external_task_marker_dag.py
[2024-08-17T22:12:45.499+0000] {logging_mixin.py:150} INFO - [2024-08-17T22:12:45.499+0000] {dag.py:2742} INFO - Sync 2 DAGs
[2024-08-17T22:12:45.565+0000] {logging_mixin.py:150} INFO - [2024-08-17T22:12:45.565+0000] {dag.py:3508} INFO - Setting next_dagrun for example_external_task_marker_child to None, run_after=None
[2024-08-17T22:12:45.575+0000] {logging_mixin.py:150} INFO - [2024-08-17T22:12:45.575+0000] {dag.py:3508} INFO - Setting next_dagrun for example_external_task_marker_parent to None, run_after=None
[2024-08-17T22:12:45.615+0000] {processor.py:179} INFO - Processing /home/airflow/.local/lib/python3.7/site-packages/airflow/example_dags/example_external_task_marker_dag.py took 0.195 seconds
[2024-08-17T22:13:15.726+0000] {processor.py:157} INFO - Started process (PID=757) to work on /home/airflow/.local/lib/python3.7/site-packages/airflow/example_dags/example_external_task_marker_dag.py
[2024-08-17T22:13:15.728+0000] {processor.py:826} INFO - Processing file /home/airflow/.local/lib/python3.7/site-packages/airflow/example_dags/example_external_task_marker_dag.py for tasks to queue
[2024-08-17T22:13:15.731+0000] {logging_mixin.py:150} INFO - [2024-08-17T22:13:15.730+0000] {dagbag.py:541} INFO - Filling up the DagBag from /home/airflow/.local/lib/python3.7/site-packages/airflow/example_dags/example_external_task_marker_dag.py
[2024-08-17T22:13:15.741+0000] {processor.py:836} INFO - DAG(s) dict_keys(['example_external_task_marker_parent', 'example_external_task_marker_child']) retrieved from /home/airflow/.local/lib/python3.7/site-packages/airflow/example_dags/example_external_task_marker_dag.py
[2024-08-17T22:13:15.781+0000] {logging_mixin.py:150} INFO - [2024-08-17T22:13:15.781+0000] {dag.py:2742} INFO - Sync 2 DAGs
[2024-08-17T22:13:15.812+0000] {logging_mixin.py:150} INFO - [2024-08-17T22:13:15.812+0000] {dag.py:3508} INFO - Setting next_dagrun for example_external_task_marker_child to None, run_after=None
[2024-08-17T22:13:15.818+0000] {logging_mixin.py:150} INFO - [2024-08-17T22:13:15.817+0000] {dag.py:3508} INFO - Setting next_dagrun for example_external_task_marker_parent to None, run_after=None
[2024-08-17T22:13:15.839+0000] {processor.py:179} INFO - Processing /home/airflow/.local/lib/python3.7/site-packages/airflow/example_dags/example_external_task_marker_dag.py took 0.119 seconds
[2024-08-17T22:13:46.193+0000] {processor.py:157} INFO - Started process (PID=995) to work on /home/airflow/.local/lib/python3.7/site-packages/airflow/example_dags/example_external_task_marker_dag.py
[2024-08-17T22:13:46.194+0000] {processor.py:826} INFO - Processing file /home/airflow/.local/lib/python3.7/site-packages/airflow/example_dags/example_external_task_marker_dag.py for tasks to queue
[2024-08-17T22:13:46.195+0000] {logging_mixin.py:150} INFO - [2024-08-17T22:13:46.195+0000] {dagbag.py:541} INFO - Filling up the DagBag from /home/airflow/.local/lib/python3.7/site-packages/airflow/example_dags/example_external_task_marker_dag.py
[2024-08-17T22:13:46.203+0000] {processor.py:836} INFO - DAG(s) dict_keys(['example_external_task_marker_child', 'example_external_task_marker_parent']) retrieved from /home/airflow/.local/lib/python3.7/site-packages/airflow/example_dags/example_external_task_marker_dag.py
[2024-08-17T22:13:46.239+0000] {logging_mixin.py:150} INFO - [2024-08-17T22:13:46.238+0000] {dag.py:2742} INFO - Sync 2 DAGs
[2024-08-17T22:13:46.271+0000] {logging_mixin.py:150} INFO - [2024-08-17T22:13:46.271+0000] {dag.py:3508} INFO - Setting next_dagrun for example_external_task_marker_child to None, run_after=None
[2024-08-17T22:13:46.276+0000] {logging_mixin.py:150} INFO - [2024-08-17T22:13:46.276+0000] {dag.py:3508} INFO - Setting next_dagrun for example_external_task_marker_parent to None, run_after=None
[2024-08-17T22:13:46.298+0000] {processor.py:179} INFO - Processing /home/airflow/.local/lib/python3.7/site-packages/airflow/example_dags/example_external_task_marker_dag.py took 0.109 seconds
[2024-08-17T22:14:17.306+0000] {processor.py:157} INFO - Started process (PID=1233) to work on /home/airflow/.local/lib/python3.7/site-packages/airflow/example_dags/example_external_task_marker_dag.py
[2024-08-17T22:14:17.307+0000] {processor.py:826} INFO - Processing file /home/airflow/.local/lib/python3.7/site-packages/airflow/example_dags/example_external_task_marker_dag.py for tasks to queue
[2024-08-17T22:14:17.312+0000] {logging_mixin.py:150} INFO - [2024-08-17T22:14:17.311+0000] {dagbag.py:541} INFO - Filling up the DagBag from /home/airflow/.local/lib/python3.7/site-packages/airflow/example_dags/example_external_task_marker_dag.py
[2024-08-17T22:14:17.332+0000] {processor.py:836} INFO - DAG(s) dict_keys(['example_external_task_marker_child', 'example_external_task_marker_parent']) retrieved from /home/airflow/.local/lib/python3.7/site-packages/airflow/example_dags/example_external_task_marker_dag.py
[2024-08-17T22:14:17.409+0000] {logging_mixin.py:150} INFO - [2024-08-17T22:14:17.409+0000] {dag.py:2742} INFO - Sync 2 DAGs
[2024-08-17T22:14:17.483+0000] {logging_mixin.py:150} INFO - [2024-08-17T22:14:17.483+0000] {dag.py:3508} INFO - Setting next_dagrun for example_external_task_marker_child to None, run_after=None
[2024-08-17T22:14:17.494+0000] {logging_mixin.py:150} INFO - [2024-08-17T22:14:17.493+0000] {dag.py:3508} INFO - Setting next_dagrun for example_external_task_marker_parent to None, run_after=None
[2024-08-17T22:14:17.540+0000] {processor.py:179} INFO - Processing /home/airflow/.local/lib/python3.7/site-packages/airflow/example_dags/example_external_task_marker_dag.py took 0.242 seconds
[2024-08-17T22:14:48.554+0000] {processor.py:157} INFO - Started process (PID=1471) to work on /home/airflow/.local/lib/python3.7/site-packages/airflow/example_dags/example_external_task_marker_dag.py
[2024-08-17T22:14:48.557+0000] {processor.py:826} INFO - Processing file /home/airflow/.local/lib/python3.7/site-packages/airflow/example_dags/example_external_task_marker_dag.py for tasks to queue
[2024-08-17T22:14:48.559+0000] {logging_mixin.py:150} INFO - [2024-08-17T22:14:48.558+0000] {dagbag.py:541} INFO - Filling up the DagBag from /home/airflow/.local/lib/python3.7/site-packages/airflow/example_dags/example_external_task_marker_dag.py
[2024-08-17T22:14:48.571+0000] {processor.py:836} INFO - DAG(s) dict_keys(['example_external_task_marker_parent', 'example_external_task_marker_child']) retrieved from /home/airflow/.local/lib/python3.7/site-packages/airflow/example_dags/example_external_task_marker_dag.py
[2024-08-17T22:14:48.610+0000] {logging_mixin.py:150} INFO - [2024-08-17T22:14:48.610+0000] {dag.py:2742} INFO - Sync 2 DAGs
[2024-08-17T22:14:48.646+0000] {logging_mixin.py:150} INFO - [2024-08-17T22:14:48.646+0000] {dag.py:3508} INFO - Setting next_dagrun for example_external_task_marker_child to None, run_after=None
[2024-08-17T22:14:48.651+0000] {logging_mixin.py:150} INFO - [2024-08-17T22:14:48.650+0000] {dag.py:3508} INFO - Setting next_dagrun for example_external_task_marker_parent to None, run_after=None
[2024-08-17T22:14:48.675+0000] {processor.py:179} INFO - Processing /home/airflow/.local/lib/python3.7/site-packages/airflow/example_dags/example_external_task_marker_dag.py took 0.129 seconds
[2024-08-17T22:15:18.930+0000] {processor.py:157} INFO - Started process (PID=1709) to work on /home/airflow/.local/lib/python3.7/site-packages/airflow/example_dags/example_external_task_marker_dag.py
[2024-08-17T22:15:18.931+0000] {processor.py:826} INFO - Processing file /home/airflow/.local/lib/python3.7/site-packages/airflow/example_dags/example_external_task_marker_dag.py for tasks to queue
[2024-08-17T22:15:18.932+0000] {logging_mixin.py:150} INFO - [2024-08-17T22:15:18.932+0000] {dagbag.py:541} INFO - Filling up the DagBag from /home/airflow/.local/lib/python3.7/site-packages/airflow/example_dags/example_external_task_marker_dag.py
[2024-08-17T22:15:18.939+0000] {processor.py:836} INFO - DAG(s) dict_keys(['example_external_task_marker_child', 'example_external_task_marker_parent']) retrieved from /home/airflow/.local/lib/python3.7/site-packages/airflow/example_dags/example_external_task_marker_dag.py
[2024-08-17T22:15:18.974+0000] {logging_mixin.py:150} INFO - [2024-08-17T22:15:18.974+0000] {dag.py:2742} INFO - Sync 2 DAGs
[2024-08-17T22:15:19.006+0000] {logging_mixin.py:150} INFO - [2024-08-17T22:15:19.006+0000] {dag.py:3508} INFO - Setting next_dagrun for example_external_task_marker_child to None, run_after=None
[2024-08-17T22:15:19.010+0000] {logging_mixin.py:150} INFO - [2024-08-17T22:15:19.010+0000] {dag.py:3508} INFO - Setting next_dagrun for example_external_task_marker_parent to None, run_after=None
[2024-08-17T22:15:19.032+0000] {processor.py:179} INFO - Processing /home/airflow/.local/lib/python3.7/site-packages/airflow/example_dags/example_external_task_marker_dag.py took 0.106 seconds
[2024-08-17T22:15:49.139+0000] {processor.py:157} INFO - Started process (PID=1947) to work on /home/airflow/.local/lib/python3.7/site-packages/airflow/example_dags/example_external_task_marker_dag.py
[2024-08-17T22:15:49.140+0000] {processor.py:826} INFO - Processing file /home/airflow/.local/lib/python3.7/site-packages/airflow/example_dags/example_external_task_marker_dag.py for tasks to queue
[2024-08-17T22:15:49.141+0000] {logging_mixin.py:150} INFO - [2024-08-17T22:15:49.141+0000] {dagbag.py:541} INFO - Filling up the DagBag from /home/airflow/.local/lib/python3.7/site-packages/airflow/example_dags/example_external_task_marker_dag.py
[2024-08-17T22:15:49.148+0000] {processor.py:836} INFO - DAG(s) dict_keys(['example_external_task_marker_parent', 'example_external_task_marker_child']) retrieved from /home/airflow/.local/lib/python3.7/site-packages/airflow/example_dags/example_external_task_marker_dag.py
[2024-08-17T22:15:49.182+0000] {logging_mixin.py:150} INFO - [2024-08-17T22:15:49.182+0000] {dag.py:2742} INFO - Sync 2 DAGs
[2024-08-17T22:15:49.213+0000] {logging_mixin.py:150} INFO - [2024-08-17T22:15:49.212+0000] {dag.py:3508} INFO - Setting next_dagrun for example_external_task_marker_child to None, run_after=None
[2024-08-17T22:15:49.217+0000] {logging_mixin.py:150} INFO - [2024-08-17T22:15:49.217+0000] {dag.py:3508} INFO - Setting next_dagrun for example_external_task_marker_parent to None, run_after=None
[2024-08-17T22:15:49.239+0000] {processor.py:179} INFO - Processing /home/airflow/.local/lib/python3.7/site-packages/airflow/example_dags/example_external_task_marker_dag.py took 0.104 seconds
[2024-08-17T22:16:19.627+0000] {processor.py:157} INFO - Started process (PID=2185) to work on /home/airflow/.local/lib/python3.7/site-packages/airflow/example_dags/example_external_task_marker_dag.py
[2024-08-17T22:16:19.628+0000] {processor.py:826} INFO - Processing file /home/airflow/.local/lib/python3.7/site-packages/airflow/example_dags/example_external_task_marker_dag.py for tasks to queue
[2024-08-17T22:16:19.629+0000] {logging_mixin.py:150} INFO - [2024-08-17T22:16:19.629+0000] {dagbag.py:541} INFO - Filling up the DagBag from /home/airflow/.local/lib/python3.7/site-packages/airflow/example_dags/example_external_task_marker_dag.py
[2024-08-17T22:16:19.637+0000] {processor.py:836} INFO - DAG(s) dict_keys(['example_external_task_marker_parent', 'example_external_task_marker_child']) retrieved from /home/airflow/.local/lib/python3.7/site-packages/airflow/example_dags/example_external_task_marker_dag.py
[2024-08-17T22:16:19.673+0000] {logging_mixin.py:150} INFO - [2024-08-17T22:16:19.673+0000] {dag.py:2742} INFO - Sync 2 DAGs
[2024-08-17T22:16:19.708+0000] {logging_mixin.py:150} INFO - [2024-08-17T22:16:19.708+0000] {dag.py:3508} INFO - Setting next_dagrun for example_external_task_marker_child to None, run_after=None
[2024-08-17T22:16:19.713+0000] {logging_mixin.py:150} INFO - [2024-08-17T22:16:19.712+0000] {dag.py:3508} INFO - Setting next_dagrun for example_external_task_marker_parent to None, run_after=None
[2024-08-17T22:16:19.741+0000] {processor.py:179} INFO - Processing /home/airflow/.local/lib/python3.7/site-packages/airflow/example_dags/example_external_task_marker_dag.py took 0.119 seconds
