[2024-08-17T22:03:57.585+0000] {processor.py:157} INFO - Started process (PID=232) to work on /home/airflow/.local/lib/python3.7/site-packages/airflow/example_dags/example_branch_day_of_week_operator.py
[2024-08-17T22:03:57.588+0000] {processor.py:826} INFO - Processing file /home/airflow/.local/lib/python3.7/site-packages/airflow/example_dags/example_branch_day_of_week_operator.py for tasks to queue
[2024-08-17T22:03:57.590+0000] {logging_mixin.py:150} INFO - [2024-08-17T22:03:57.590+0000] {dagbag.py:541} INFO - Filling up the DagBag from /home/airflow/.local/lib/python3.7/site-packages/airflow/example_dags/example_branch_day_of_week_operator.py
[2024-08-17T22:03:57.606+0000] {processor.py:836} INFO - DAG(s) dict_keys(['example_weekday_branch_operator']) retrieved from /home/airflow/.local/lib/python3.7/site-packages/airflow/example_dags/example_branch_day_of_week_operator.py
[2024-08-17T22:03:57.818+0000] {logging_mixin.py:150} INFO - [2024-08-17T22:03:57.818+0000] {dag.py:2742} INFO - Sync 1 DAGs
[2024-08-17T22:03:57.846+0000] {logging_mixin.py:150} INFO - [2024-08-17T22:03:57.845+0000] {dag.py:2763} INFO - Creating ORM DAG for example_weekday_branch_operator
[2024-08-17T22:03:57.872+0000] {logging_mixin.py:150} INFO - [2024-08-17T22:03:57.872+0000] {dag.py:3508} INFO - Setting next_dagrun for example_weekday_branch_operator to 2024-08-16T00:00:00+00:00, run_after=2024-08-17T00:00:00+00:00
[2024-08-17T22:03:57.967+0000] {logging_mixin.py:150} INFO - [2024-08-17T22:03:57.961+0000] {dagbag.py:649} ERROR - Failed to write serialized DAG: /home/airflow/.local/lib/python3.7/site-packages/airflow/example_dags/example_branch_day_of_week_operator.py
Traceback (most recent call last):
  File "/home/airflow/.local/lib/python3.7/site-packages/airflow/models/dagbag.py", line 641, in _serialize_dag_capturing_errors
    session=session,
  File "/home/airflow/.local/lib/python3.7/site-packages/airflow/utils/session.py", line 73, in wrapper
    return func(*args, **kwargs)
  File "/home/airflow/.local/lib/python3.7/site-packages/airflow/models/serialized_dag.py", line 149, in write_dag
    (timezone.utcnow() - timedelta(seconds=min_update_interval)) < cls.last_updated,
  File "/home/airflow/.local/lib/python3.7/site-packages/sqlalchemy/orm/query.py", line 2893, in scalar
    ret = self.one()
  File "/home/airflow/.local/lib/python3.7/site-packages/sqlalchemy/orm/query.py", line 2870, in one
    return self._iter().one()
  File "/home/airflow/.local/lib/python3.7/site-packages/sqlalchemy/orm/query.py", line 2919, in _iter
    execution_options={"_sa_orm_load_options": self.load_options},
  File "/home/airflow/.local/lib/python3.7/site-packages/sqlalchemy/orm/session.py", line 1716, in execute
    conn = self._connection_for_bind(bind)
  File "/home/airflow/.local/lib/python3.7/site-packages/sqlalchemy/orm/session.py", line 1556, in _connection_for_bind
    engine, execution_options
  File "/home/airflow/.local/lib/python3.7/site-packages/sqlalchemy/orm/session.py", line 724, in _connection_for_bind
    self._assert_active()
  File "/home/airflow/.local/lib/python3.7/site-packages/sqlalchemy/orm/session.py", line 611, in _assert_active
    code="7s2a",
sqlalchemy.exc.PendingRollbackError: This Session's transaction has been rolled back due to a previous exception during flush. To begin a new transaction with this Session, first issue Session.rollback(). Original exception was: (psycopg2.errors.UniqueViolation) duplicate key value violates unique constraint "serialized_dag_pkey"
DETAIL:  Key (dag_id)=(example_weekday_branch_operator) already exists.

[SQL: INSERT INTO serialized_dag (dag_id, fileloc, fileloc_hash, data, data_compressed, last_updated, dag_hash, processor_subdir) VALUES (%(dag_id)s, %(fileloc)s, %(fileloc_hash)s, %(data)s, %(data_compressed)s, %(last_updated)s, %(dag_hash)s, %(processor_subdir)s)]
[parameters: {'dag_id': 'example_weekday_branch_operator', 'fileloc': '/home/airflow/.local/lib/python3.7/site-packages/airflow/example_dags/example_branch_day_of_week_operator.py', 'fileloc_hash': 14331402642511383, 'data': '{"__version": 1, "dag": {"tags": ["example"], "catchup": false, "_dag_id": "example_weekday_branch_operator", "start_date": 1609459200.0, "fileloc":  ... (3035 characters truncated) ... ], "_task_type": "BranchDayOfWeekOperator", "_task_module": "airflow.operators.weekday", "_is_empty": false}], "dag_dependencies": [], "params": {}}}', 'data_compressed': None, 'last_updated': datetime.datetime(2024, 8, 17, 22, 3, 57, 631441, tzinfo=Timezone('UTC')), 'dag_hash': '7fed1c70cbbe6e9aa24c36a30bb75006', 'processor_subdir': None}]
(Background on this error at: https://sqlalche.me/e/14/gkpj) (Background on this error at: https://sqlalche.me/e/14/7s2a)
[2024-08-17T22:03:57.968+0000] {logging_mixin.py:150} INFO - [2024-08-17T22:03:57.968+0000] {dag.py:2742} INFO - Sync 1 DAGs
[2024-08-17T22:03:57.970+0000] {processor.py:182} ERROR - Got an exception! Propagating...
Traceback (most recent call last):
  File "/home/airflow/.local/lib/python3.7/site-packages/airflow/dag_processing/processor.py", line 178, in _run_file_processor
    _handle_dag_file_processing()
  File "/home/airflow/.local/lib/python3.7/site-packages/airflow/dag_processing/processor.py", line 162, in _handle_dag_file_processing
    callback_requests=callback_requests,
  File "/home/airflow/.local/lib/python3.7/site-packages/airflow/utils/session.py", line 76, in wrapper
    return func(*args, session=session, **kwargs)
  File "/home/airflow/.local/lib/python3.7/site-packages/airflow/dag_processing/processor.py", line 857, in process_file
    pickle_dags=pickle_dags,
  File "/home/airflow/.local/lib/python3.7/site-packages/airflow/api_internal/internal_api_call.py", line 112, in wrapper
    return func(*args, **kwargs)
  File "/home/airflow/.local/lib/python3.7/site-packages/airflow/utils/session.py", line 76, in wrapper
    return func(*args, session=session, **kwargs)
  File "/home/airflow/.local/lib/python3.7/site-packages/airflow/dag_processing/processor.py", line 890, in save_dag_to_db
    import_errors = DagBag._sync_to_db(dags=dags, processor_subdir=dag_directory, session=session)
  File "/home/airflow/.local/lib/python3.7/site-packages/airflow/utils/session.py", line 73, in wrapper
    return func(*args, **kwargs)
  File "/home/airflow/.local/lib/python3.7/site-packages/airflow/models/dagbag.py", line 659, in _sync_to_db
    for attempt in run_with_db_retries(logger=log):
  File "/home/airflow/.local/lib/python3.7/site-packages/tenacity/__init__.py", line 347, in __iter__
    do = self.iter(retry_state=retry_state)
  File "/home/airflow/.local/lib/python3.7/site-packages/tenacity/__init__.py", line 314, in iter
    return fut.result()
  File "/usr/local/lib/python3.7/concurrent/futures/_base.py", line 428, in result
    return self.__get_result()
  File "/usr/local/lib/python3.7/concurrent/futures/_base.py", line 384, in __get_result
    raise self._exception
  File "/home/airflow/.local/lib/python3.7/site-packages/airflow/models/dagbag.py", line 673, in _sync_to_db
    DAG.bulk_write_to_db(dags.values(), processor_subdir=processor_subdir, session=session)
  File "/home/airflow/.local/lib/python3.7/site-packages/airflow/utils/session.py", line 73, in wrapper
    return func(*args, **kwargs)
  File "/home/airflow/.local/lib/python3.7/site-packages/airflow/models/dag.py", line 2753, in bulk_write_to_db
    orm_dags: list[DagModel] = with_row_locks(query, of=DagModel, session=session).all()
  File "/home/airflow/.local/lib/python3.7/site-packages/sqlalchemy/orm/query.py", line 2773, in all
    return self._iter().all()
  File "/home/airflow/.local/lib/python3.7/site-packages/sqlalchemy/orm/query.py", line 2919, in _iter
    execution_options={"_sa_orm_load_options": self.load_options},
  File "/home/airflow/.local/lib/python3.7/site-packages/sqlalchemy/orm/session.py", line 1716, in execute
    conn = self._connection_for_bind(bind)
  File "/home/airflow/.local/lib/python3.7/site-packages/sqlalchemy/orm/session.py", line 1556, in _connection_for_bind
    engine, execution_options
  File "/home/airflow/.local/lib/python3.7/site-packages/sqlalchemy/orm/session.py", line 724, in _connection_for_bind
    self._assert_active()
  File "/home/airflow/.local/lib/python3.7/site-packages/sqlalchemy/orm/session.py", line 611, in _assert_active
    code="7s2a",
sqlalchemy.exc.PendingRollbackError: This Session's transaction has been rolled back due to a previous exception during flush. To begin a new transaction with this Session, first issue Session.rollback(). Original exception was: (psycopg2.errors.UniqueViolation) duplicate key value violates unique constraint "serialized_dag_pkey"
DETAIL:  Key (dag_id)=(example_weekday_branch_operator) already exists.

[SQL: INSERT INTO serialized_dag (dag_id, fileloc, fileloc_hash, data, data_compressed, last_updated, dag_hash, processor_subdir) VALUES (%(dag_id)s, %(fileloc)s, %(fileloc_hash)s, %(data)s, %(data_compressed)s, %(last_updated)s, %(dag_hash)s, %(processor_subdir)s)]
[parameters: {'dag_id': 'example_weekday_branch_operator', 'fileloc': '/home/airflow/.local/lib/python3.7/site-packages/airflow/example_dags/example_branch_day_of_week_operator.py', 'fileloc_hash': 14331402642511383, 'data': '{"__version": 1, "dag": {"tags": ["example"], "catchup": false, "_dag_id": "example_weekday_branch_operator", "start_date": 1609459200.0, "fileloc":  ... (3035 characters truncated) ... ], "_task_type": "BranchDayOfWeekOperator", "_task_module": "airflow.operators.weekday", "_is_empty": false}], "dag_dependencies": [], "params": {}}}', 'data_compressed': None, 'last_updated': datetime.datetime(2024, 8, 17, 22, 3, 57, 631441, tzinfo=Timezone('UTC')), 'dag_hash': '7fed1c70cbbe6e9aa24c36a30bb75006', 'processor_subdir': None}]
(Background on this error at: https://sqlalche.me/e/14/gkpj) (Background on this error at: https://sqlalche.me/e/14/7s2a)
[2024-08-17T22:04:28.317+0000] {processor.py:157} INFO - Started process (PID=475) to work on /home/airflow/.local/lib/python3.7/site-packages/airflow/example_dags/example_branch_day_of_week_operator.py
[2024-08-17T22:04:28.318+0000] {processor.py:826} INFO - Processing file /home/airflow/.local/lib/python3.7/site-packages/airflow/example_dags/example_branch_day_of_week_operator.py for tasks to queue
[2024-08-17T22:04:28.320+0000] {logging_mixin.py:150} INFO - [2024-08-17T22:04:28.320+0000] {dagbag.py:541} INFO - Filling up the DagBag from /home/airflow/.local/lib/python3.7/site-packages/airflow/example_dags/example_branch_day_of_week_operator.py
[2024-08-17T22:04:28.333+0000] {processor.py:836} INFO - DAG(s) dict_keys(['example_weekday_branch_operator']) retrieved from /home/airflow/.local/lib/python3.7/site-packages/airflow/example_dags/example_branch_day_of_week_operator.py
[2024-08-17T22:04:28.388+0000] {logging_mixin.py:150} INFO - [2024-08-17T22:04:28.388+0000] {dag.py:2742} INFO - Sync 1 DAGs
[2024-08-17T22:04:28.471+0000] {logging_mixin.py:150} INFO - [2024-08-17T22:04:28.470+0000] {dag.py:2763} INFO - Creating ORM DAG for example_weekday_branch_operator
[2024-08-17T22:04:28.637+0000] {logging_mixin.py:150} INFO - [2024-08-17T22:04:28.636+0000] {dag.py:3508} INFO - Setting next_dagrun for example_weekday_branch_operator to 2024-08-16T00:00:00+00:00, run_after=2024-08-17T00:00:00+00:00
[2024-08-17T22:04:28.682+0000] {processor.py:179} INFO - Processing /home/airflow/.local/lib/python3.7/site-packages/airflow/example_dags/example_branch_day_of_week_operator.py took 0.370 seconds
[2024-08-17T22:04:58.765+0000] {processor.py:157} INFO - Started process (PID=713) to work on /home/airflow/.local/lib/python3.7/site-packages/airflow/example_dags/example_branch_day_of_week_operator.py
[2024-08-17T22:04:58.767+0000] {processor.py:826} INFO - Processing file /home/airflow/.local/lib/python3.7/site-packages/airflow/example_dags/example_branch_day_of_week_operator.py for tasks to queue
[2024-08-17T22:04:58.768+0000] {logging_mixin.py:150} INFO - [2024-08-17T22:04:58.768+0000] {dagbag.py:541} INFO - Filling up the DagBag from /home/airflow/.local/lib/python3.7/site-packages/airflow/example_dags/example_branch_day_of_week_operator.py
[2024-08-17T22:04:58.782+0000] {processor.py:836} INFO - DAG(s) dict_keys(['example_weekday_branch_operator']) retrieved from /home/airflow/.local/lib/python3.7/site-packages/airflow/example_dags/example_branch_day_of_week_operator.py
[2024-08-17T22:04:58.822+0000] {logging_mixin.py:150} INFO - [2024-08-17T22:04:58.822+0000] {dag.py:2742} INFO - Sync 1 DAGs
[2024-08-17T22:04:58.857+0000] {logging_mixin.py:150} INFO - [2024-08-17T22:04:58.857+0000] {dag.py:3508} INFO - Setting next_dagrun for example_weekday_branch_operator to 2024-08-16T00:00:00+00:00, run_after=2024-08-17T00:00:00+00:00
[2024-08-17T22:04:58.886+0000] {processor.py:179} INFO - Processing /home/airflow/.local/lib/python3.7/site-packages/airflow/example_dags/example_branch_day_of_week_operator.py took 0.125 seconds
[2024-08-17T22:05:34.913+0000] {processor.py:157} INFO - Started process (PID=946) to work on /home/airflow/.local/lib/python3.7/site-packages/airflow/example_dags/example_branch_day_of_week_operator.py
[2024-08-17T22:05:34.915+0000] {processor.py:826} INFO - Processing file /home/airflow/.local/lib/python3.7/site-packages/airflow/example_dags/example_branch_day_of_week_operator.py for tasks to queue
[2024-08-17T22:05:34.917+0000] {logging_mixin.py:150} INFO - [2024-08-17T22:05:34.916+0000] {dagbag.py:541} INFO - Filling up the DagBag from /home/airflow/.local/lib/python3.7/site-packages/airflow/example_dags/example_branch_day_of_week_operator.py
[2024-08-17T22:05:34.934+0000] {processor.py:836} INFO - DAG(s) dict_keys(['example_weekday_branch_operator']) retrieved from /home/airflow/.local/lib/python3.7/site-packages/airflow/example_dags/example_branch_day_of_week_operator.py
[2024-08-17T22:05:35.000+0000] {logging_mixin.py:150} INFO - [2024-08-17T22:05:34.999+0000] {dag.py:2742} INFO - Sync 1 DAGs
[2024-08-17T22:05:35.066+0000] {logging_mixin.py:150} INFO - [2024-08-17T22:05:35.065+0000] {dag.py:3508} INFO - Setting next_dagrun for example_weekday_branch_operator to 2024-08-16T00:00:00+00:00, run_after=2024-08-17T00:00:00+00:00
[2024-08-17T22:05:35.159+0000] {processor.py:179} INFO - Processing /home/airflow/.local/lib/python3.7/site-packages/airflow/example_dags/example_branch_day_of_week_operator.py took 0.255 seconds
[2024-08-17T22:06:05.276+0000] {processor.py:157} INFO - Started process (PID=1186) to work on /home/airflow/.local/lib/python3.7/site-packages/airflow/example_dags/example_branch_day_of_week_operator.py
[2024-08-17T22:06:05.277+0000] {processor.py:826} INFO - Processing file /home/airflow/.local/lib/python3.7/site-packages/airflow/example_dags/example_branch_day_of_week_operator.py for tasks to queue
[2024-08-17T22:06:05.278+0000] {logging_mixin.py:150} INFO - [2024-08-17T22:06:05.278+0000] {dagbag.py:541} INFO - Filling up the DagBag from /home/airflow/.local/lib/python3.7/site-packages/airflow/example_dags/example_branch_day_of_week_operator.py
[2024-08-17T22:06:05.290+0000] {processor.py:836} INFO - DAG(s) dict_keys(['example_weekday_branch_operator']) retrieved from /home/airflow/.local/lib/python3.7/site-packages/airflow/example_dags/example_branch_day_of_week_operator.py
[2024-08-17T22:06:05.332+0000] {logging_mixin.py:150} INFO - [2024-08-17T22:06:05.332+0000] {dag.py:2742} INFO - Sync 1 DAGs
[2024-08-17T22:06:05.372+0000] {logging_mixin.py:150} INFO - [2024-08-17T22:06:05.372+0000] {dag.py:3508} INFO - Setting next_dagrun for example_weekday_branch_operator to 2024-08-16T00:00:00+00:00, run_after=2024-08-17T00:00:00+00:00
[2024-08-17T22:06:05.404+0000] {processor.py:179} INFO - Processing /home/airflow/.local/lib/python3.7/site-packages/airflow/example_dags/example_branch_day_of_week_operator.py took 0.132 seconds
[2024-08-17T22:06:35.483+0000] {processor.py:157} INFO - Started process (PID=1427) to work on /home/airflow/.local/lib/python3.7/site-packages/airflow/example_dags/example_branch_day_of_week_operator.py
[2024-08-17T22:06:35.485+0000] {processor.py:826} INFO - Processing file /home/airflow/.local/lib/python3.7/site-packages/airflow/example_dags/example_branch_day_of_week_operator.py for tasks to queue
[2024-08-17T22:06:35.486+0000] {logging_mixin.py:150} INFO - [2024-08-17T22:06:35.486+0000] {dagbag.py:541} INFO - Filling up the DagBag from /home/airflow/.local/lib/python3.7/site-packages/airflow/example_dags/example_branch_day_of_week_operator.py
[2024-08-17T22:06:35.499+0000] {processor.py:836} INFO - DAG(s) dict_keys(['example_weekday_branch_operator']) retrieved from /home/airflow/.local/lib/python3.7/site-packages/airflow/example_dags/example_branch_day_of_week_operator.py
[2024-08-17T22:06:35.543+0000] {logging_mixin.py:150} INFO - [2024-08-17T22:06:35.543+0000] {dag.py:2742} INFO - Sync 1 DAGs
[2024-08-17T22:06:35.583+0000] {logging_mixin.py:150} INFO - [2024-08-17T22:06:35.583+0000] {dag.py:3508} INFO - Setting next_dagrun for example_weekday_branch_operator to 2024-08-16T00:00:00+00:00, run_after=2024-08-17T00:00:00+00:00
[2024-08-17T22:06:35.609+0000] {processor.py:179} INFO - Processing /home/airflow/.local/lib/python3.7/site-packages/airflow/example_dags/example_branch_day_of_week_operator.py took 0.129 seconds
[2024-08-17T22:07:06.481+0000] {processor.py:157} INFO - Started process (PID=1660) to work on /home/airflow/.local/lib/python3.7/site-packages/airflow/example_dags/example_branch_day_of_week_operator.py
[2024-08-17T22:07:06.483+0000] {processor.py:826} INFO - Processing file /home/airflow/.local/lib/python3.7/site-packages/airflow/example_dags/example_branch_day_of_week_operator.py for tasks to queue
[2024-08-17T22:07:06.484+0000] {logging_mixin.py:150} INFO - [2024-08-17T22:07:06.484+0000] {dagbag.py:541} INFO - Filling up the DagBag from /home/airflow/.local/lib/python3.7/site-packages/airflow/example_dags/example_branch_day_of_week_operator.py
[2024-08-17T22:07:06.496+0000] {processor.py:836} INFO - DAG(s) dict_keys(['example_weekday_branch_operator']) retrieved from /home/airflow/.local/lib/python3.7/site-packages/airflow/example_dags/example_branch_day_of_week_operator.py
[2024-08-17T22:07:06.537+0000] {logging_mixin.py:150} INFO - [2024-08-17T22:07:06.536+0000] {dag.py:2742} INFO - Sync 1 DAGs
[2024-08-17T22:07:06.575+0000] {logging_mixin.py:150} INFO - [2024-08-17T22:07:06.574+0000] {dag.py:3508} INFO - Setting next_dagrun for example_weekday_branch_operator to 2024-08-16T00:00:00+00:00, run_after=2024-08-17T00:00:00+00:00
[2024-08-17T22:07:06.603+0000] {processor.py:179} INFO - Processing /home/airflow/.local/lib/python3.7/site-packages/airflow/example_dags/example_branch_day_of_week_operator.py took 0.127 seconds
[2024-08-17T22:07:37.394+0000] {processor.py:157} INFO - Started process (PID=1898) to work on /home/airflow/.local/lib/python3.7/site-packages/airflow/example_dags/example_branch_day_of_week_operator.py
[2024-08-17T22:07:37.395+0000] {processor.py:826} INFO - Processing file /home/airflow/.local/lib/python3.7/site-packages/airflow/example_dags/example_branch_day_of_week_operator.py for tasks to queue
[2024-08-17T22:07:37.396+0000] {logging_mixin.py:150} INFO - [2024-08-17T22:07:37.395+0000] {dagbag.py:541} INFO - Filling up the DagBag from /home/airflow/.local/lib/python3.7/site-packages/airflow/example_dags/example_branch_day_of_week_operator.py
[2024-08-17T22:07:37.405+0000] {processor.py:836} INFO - DAG(s) dict_keys(['example_weekday_branch_operator']) retrieved from /home/airflow/.local/lib/python3.7/site-packages/airflow/example_dags/example_branch_day_of_week_operator.py
[2024-08-17T22:07:37.437+0000] {logging_mixin.py:150} INFO - [2024-08-17T22:07:37.436+0000] {dag.py:2742} INFO - Sync 1 DAGs
[2024-08-17T22:07:37.476+0000] {logging_mixin.py:150} INFO - [2024-08-17T22:07:37.475+0000] {dag.py:3508} INFO - Setting next_dagrun for example_weekday_branch_operator to 2024-08-16T00:00:00+00:00, run_after=2024-08-17T00:00:00+00:00
[2024-08-17T22:07:37.501+0000] {processor.py:179} INFO - Processing /home/airflow/.local/lib/python3.7/site-packages/airflow/example_dags/example_branch_day_of_week_operator.py took 0.111 seconds
[2024-08-17T22:08:12.256+0000] {processor.py:157} INFO - Started process (PID=2246) to work on /home/airflow/.local/lib/python3.7/site-packages/airflow/example_dags/example_branch_day_of_week_operator.py
[2024-08-17T22:08:12.258+0000] {processor.py:826} INFO - Processing file /home/airflow/.local/lib/python3.7/site-packages/airflow/example_dags/example_branch_day_of_week_operator.py for tasks to queue
[2024-08-17T22:08:12.262+0000] {logging_mixin.py:150} INFO - [2024-08-17T22:08:12.261+0000] {dagbag.py:541} INFO - Filling up the DagBag from /home/airflow/.local/lib/python3.7/site-packages/airflow/example_dags/example_branch_day_of_week_operator.py
[2024-08-17T22:08:12.277+0000] {processor.py:836} INFO - DAG(s) dict_keys(['example_weekday_branch_operator']) retrieved from /home/airflow/.local/lib/python3.7/site-packages/airflow/example_dags/example_branch_day_of_week_operator.py
[2024-08-17T22:08:12.336+0000] {logging_mixin.py:150} INFO - [2024-08-17T22:08:12.336+0000] {dag.py:2742} INFO - Sync 1 DAGs
[2024-08-17T22:08:12.448+0000] {logging_mixin.py:150} INFO - [2024-08-17T22:08:12.447+0000] {dag.py:3508} INFO - Setting next_dagrun for example_weekday_branch_operator to 2024-08-16T00:00:00+00:00, run_after=2024-08-17T00:00:00+00:00
[2024-08-17T22:08:12.573+0000] {processor.py:179} INFO - Processing /home/airflow/.local/lib/python3.7/site-packages/airflow/example_dags/example_branch_day_of_week_operator.py took 0.326 seconds
[2024-08-17T22:08:42.700+0000] {processor.py:157} INFO - Started process (PID=2508) to work on /home/airflow/.local/lib/python3.7/site-packages/airflow/example_dags/example_branch_day_of_week_operator.py
[2024-08-17T22:08:42.703+0000] {processor.py:826} INFO - Processing file /home/airflow/.local/lib/python3.7/site-packages/airflow/example_dags/example_branch_day_of_week_operator.py for tasks to queue
[2024-08-17T22:08:42.704+0000] {logging_mixin.py:150} INFO - [2024-08-17T22:08:42.703+0000] {dagbag.py:541} INFO - Filling up the DagBag from /home/airflow/.local/lib/python3.7/site-packages/airflow/example_dags/example_branch_day_of_week_operator.py
[2024-08-17T22:08:42.718+0000] {processor.py:836} INFO - DAG(s) dict_keys(['example_weekday_branch_operator']) retrieved from /home/airflow/.local/lib/python3.7/site-packages/airflow/example_dags/example_branch_day_of_week_operator.py
[2024-08-17T22:08:42.773+0000] {logging_mixin.py:150} INFO - [2024-08-17T22:08:42.773+0000] {dag.py:2742} INFO - Sync 1 DAGs
[2024-08-17T22:08:42.819+0000] {logging_mixin.py:150} INFO - [2024-08-17T22:08:42.818+0000] {dag.py:3508} INFO - Setting next_dagrun for example_weekday_branch_operator to 2024-08-16T00:00:00+00:00, run_after=2024-08-17T00:00:00+00:00
[2024-08-17T22:08:42.846+0000] {processor.py:179} INFO - Processing /home/airflow/.local/lib/python3.7/site-packages/airflow/example_dags/example_branch_day_of_week_operator.py took 0.151 seconds
[2024-08-17T22:09:13.013+0000] {processor.py:157} INFO - Started process (PID=2744) to work on /home/airflow/.local/lib/python3.7/site-packages/airflow/example_dags/example_branch_day_of_week_operator.py
[2024-08-17T22:09:13.015+0000] {processor.py:826} INFO - Processing file /home/airflow/.local/lib/python3.7/site-packages/airflow/example_dags/example_branch_day_of_week_operator.py for tasks to queue
[2024-08-17T22:09:13.016+0000] {logging_mixin.py:150} INFO - [2024-08-17T22:09:13.016+0000] {dagbag.py:541} INFO - Filling up the DagBag from /home/airflow/.local/lib/python3.7/site-packages/airflow/example_dags/example_branch_day_of_week_operator.py
[2024-08-17T22:09:13.025+0000] {processor.py:836} INFO - DAG(s) dict_keys(['example_weekday_branch_operator']) retrieved from /home/airflow/.local/lib/python3.7/site-packages/airflow/example_dags/example_branch_day_of_week_operator.py
[2024-08-17T22:09:13.056+0000] {logging_mixin.py:150} INFO - [2024-08-17T22:09:13.056+0000] {dag.py:2742} INFO - Sync 1 DAGs
[2024-08-17T22:09:13.089+0000] {logging_mixin.py:150} INFO - [2024-08-17T22:09:13.089+0000] {dag.py:3508} INFO - Setting next_dagrun for example_weekday_branch_operator to 2024-08-16T00:00:00+00:00, run_after=2024-08-17T00:00:00+00:00
[2024-08-17T22:09:13.113+0000] {processor.py:179} INFO - Processing /home/airflow/.local/lib/python3.7/site-packages/airflow/example_dags/example_branch_day_of_week_operator.py took 0.104 seconds
[2024-08-17T22:09:43.500+0000] {processor.py:157} INFO - Started process (PID=2982) to work on /home/airflow/.local/lib/python3.7/site-packages/airflow/example_dags/example_branch_day_of_week_operator.py
[2024-08-17T22:09:43.501+0000] {processor.py:826} INFO - Processing file /home/airflow/.local/lib/python3.7/site-packages/airflow/example_dags/example_branch_day_of_week_operator.py for tasks to queue
[2024-08-17T22:09:43.503+0000] {logging_mixin.py:150} INFO - [2024-08-17T22:09:43.502+0000] {dagbag.py:541} INFO - Filling up the DagBag from /home/airflow/.local/lib/python3.7/site-packages/airflow/example_dags/example_branch_day_of_week_operator.py
[2024-08-17T22:09:43.513+0000] {processor.py:836} INFO - DAG(s) dict_keys(['example_weekday_branch_operator']) retrieved from /home/airflow/.local/lib/python3.7/site-packages/airflow/example_dags/example_branch_day_of_week_operator.py
[2024-08-17T22:09:43.554+0000] {logging_mixin.py:150} INFO - [2024-08-17T22:09:43.554+0000] {dag.py:2742} INFO - Sync 1 DAGs
[2024-08-17T22:09:43.592+0000] {logging_mixin.py:150} INFO - [2024-08-17T22:09:43.592+0000] {dag.py:3508} INFO - Setting next_dagrun for example_weekday_branch_operator to 2024-08-16T00:00:00+00:00, run_after=2024-08-17T00:00:00+00:00
[2024-08-17T22:09:43.621+0000] {processor.py:179} INFO - Processing /home/airflow/.local/lib/python3.7/site-packages/airflow/example_dags/example_branch_day_of_week_operator.py took 0.125 seconds
[2024-08-17T22:10:14.398+0000] {processor.py:157} INFO - Started process (PID=3220) to work on /home/airflow/.local/lib/python3.7/site-packages/airflow/example_dags/example_branch_day_of_week_operator.py
[2024-08-17T22:10:14.400+0000] {processor.py:826} INFO - Processing file /home/airflow/.local/lib/python3.7/site-packages/airflow/example_dags/example_branch_day_of_week_operator.py for tasks to queue
[2024-08-17T22:10:14.401+0000] {logging_mixin.py:150} INFO - [2024-08-17T22:10:14.401+0000] {dagbag.py:541} INFO - Filling up the DagBag from /home/airflow/.local/lib/python3.7/site-packages/airflow/example_dags/example_branch_day_of_week_operator.py
[2024-08-17T22:10:14.413+0000] {processor.py:836} INFO - DAG(s) dict_keys(['example_weekday_branch_operator']) retrieved from /home/airflow/.local/lib/python3.7/site-packages/airflow/example_dags/example_branch_day_of_week_operator.py
[2024-08-17T22:10:14.450+0000] {logging_mixin.py:150} INFO - [2024-08-17T22:10:14.450+0000] {dag.py:2742} INFO - Sync 1 DAGs
[2024-08-17T22:10:14.491+0000] {logging_mixin.py:150} INFO - [2024-08-17T22:10:14.491+0000] {dag.py:3508} INFO - Setting next_dagrun for example_weekday_branch_operator to 2024-08-16T00:00:00+00:00, run_after=2024-08-17T00:00:00+00:00
[2024-08-17T22:10:14.516+0000] {processor.py:179} INFO - Processing /home/airflow/.local/lib/python3.7/site-packages/airflow/example_dags/example_branch_day_of_week_operator.py took 0.124 seconds
[2024-08-17T22:10:45.186+0000] {processor.py:157} INFO - Started process (PID=3458) to work on /home/airflow/.local/lib/python3.7/site-packages/airflow/example_dags/example_branch_day_of_week_operator.py
[2024-08-17T22:10:45.188+0000] {processor.py:826} INFO - Processing file /home/airflow/.local/lib/python3.7/site-packages/airflow/example_dags/example_branch_day_of_week_operator.py for tasks to queue
[2024-08-17T22:10:45.189+0000] {logging_mixin.py:150} INFO - [2024-08-17T22:10:45.189+0000] {dagbag.py:541} INFO - Filling up the DagBag from /home/airflow/.local/lib/python3.7/site-packages/airflow/example_dags/example_branch_day_of_week_operator.py
[2024-08-17T22:10:45.200+0000] {processor.py:836} INFO - DAG(s) dict_keys(['example_weekday_branch_operator']) retrieved from /home/airflow/.local/lib/python3.7/site-packages/airflow/example_dags/example_branch_day_of_week_operator.py
[2024-08-17T22:10:45.233+0000] {logging_mixin.py:150} INFO - [2024-08-17T22:10:45.233+0000] {dag.py:2742} INFO - Sync 1 DAGs
[2024-08-17T22:10:45.268+0000] {logging_mixin.py:150} INFO - [2024-08-17T22:10:45.267+0000] {dag.py:3508} INFO - Setting next_dagrun for example_weekday_branch_operator to 2024-08-16T00:00:00+00:00, run_after=2024-08-17T00:00:00+00:00
[2024-08-17T22:10:45.292+0000] {processor.py:179} INFO - Processing /home/airflow/.local/lib/python3.7/site-packages/airflow/example_dags/example_branch_day_of_week_operator.py took 0.111 seconds
[2024-08-17T22:11:16.069+0000] {processor.py:157} INFO - Started process (PID=3696) to work on /home/airflow/.local/lib/python3.7/site-packages/airflow/example_dags/example_branch_day_of_week_operator.py
[2024-08-17T22:11:16.071+0000] {processor.py:826} INFO - Processing file /home/airflow/.local/lib/python3.7/site-packages/airflow/example_dags/example_branch_day_of_week_operator.py for tasks to queue
[2024-08-17T22:11:16.072+0000] {logging_mixin.py:150} INFO - [2024-08-17T22:11:16.071+0000] {dagbag.py:541} INFO - Filling up the DagBag from /home/airflow/.local/lib/python3.7/site-packages/airflow/example_dags/example_branch_day_of_week_operator.py
[2024-08-17T22:11:16.081+0000] {processor.py:836} INFO - DAG(s) dict_keys(['example_weekday_branch_operator']) retrieved from /home/airflow/.local/lib/python3.7/site-packages/airflow/example_dags/example_branch_day_of_week_operator.py
[2024-08-17T22:11:16.151+0000] {logging_mixin.py:150} INFO - [2024-08-17T22:11:16.151+0000] {dag.py:2742} INFO - Sync 1 DAGs
[2024-08-17T22:11:16.193+0000] {logging_mixin.py:150} INFO - [2024-08-17T22:11:16.193+0000] {dag.py:3508} INFO - Setting next_dagrun for example_weekday_branch_operator to 2024-08-16T00:00:00+00:00, run_after=2024-08-17T00:00:00+00:00
[2024-08-17T22:11:16.220+0000] {processor.py:179} INFO - Processing /home/airflow/.local/lib/python3.7/site-packages/airflow/example_dags/example_branch_day_of_week_operator.py took 0.154 seconds
[2024-08-17T22:12:13.679+0000] {processor.py:157} INFO - Started process (PID=233) to work on /home/airflow/.local/lib/python3.7/site-packages/airflow/example_dags/example_branch_day_of_week_operator.py
[2024-08-17T22:12:13.681+0000] {processor.py:826} INFO - Processing file /home/airflow/.local/lib/python3.7/site-packages/airflow/example_dags/example_branch_day_of_week_operator.py for tasks to queue
[2024-08-17T22:12:13.682+0000] {logging_mixin.py:150} INFO - [2024-08-17T22:12:13.682+0000] {dagbag.py:541} INFO - Filling up the DagBag from /home/airflow/.local/lib/python3.7/site-packages/airflow/example_dags/example_branch_day_of_week_operator.py
[2024-08-17T22:12:13.697+0000] {processor.py:836} INFO - DAG(s) dict_keys(['example_weekday_branch_operator']) retrieved from /home/airflow/.local/lib/python3.7/site-packages/airflow/example_dags/example_branch_day_of_week_operator.py
[2024-08-17T22:12:13.740+0000] {logging_mixin.py:150} INFO - [2024-08-17T22:12:13.740+0000] {dag.py:2742} INFO - Sync 1 DAGs
[2024-08-17T22:12:13.789+0000] {logging_mixin.py:150} INFO - [2024-08-17T22:12:13.789+0000] {dag.py:3508} INFO - Setting next_dagrun for example_weekday_branch_operator to 2024-08-16T00:00:00+00:00, run_after=2024-08-17T00:00:00+00:00
[2024-08-17T22:12:13.826+0000] {processor.py:179} INFO - Processing /home/airflow/.local/lib/python3.7/site-packages/airflow/example_dags/example_branch_day_of_week_operator.py took 0.151 seconds
[2024-08-17T22:12:44.561+0000] {processor.py:157} INFO - Started process (PID=469) to work on /home/airflow/.local/lib/python3.7/site-packages/airflow/example_dags/example_branch_day_of_week_operator.py
[2024-08-17T22:12:44.563+0000] {processor.py:826} INFO - Processing file /home/airflow/.local/lib/python3.7/site-packages/airflow/example_dags/example_branch_day_of_week_operator.py for tasks to queue
[2024-08-17T22:12:44.564+0000] {logging_mixin.py:150} INFO - [2024-08-17T22:12:44.563+0000] {dagbag.py:541} INFO - Filling up the DagBag from /home/airflow/.local/lib/python3.7/site-packages/airflow/example_dags/example_branch_day_of_week_operator.py
[2024-08-17T22:12:44.575+0000] {processor.py:836} INFO - DAG(s) dict_keys(['example_weekday_branch_operator']) retrieved from /home/airflow/.local/lib/python3.7/site-packages/airflow/example_dags/example_branch_day_of_week_operator.py
[2024-08-17T22:12:44.608+0000] {logging_mixin.py:150} INFO - [2024-08-17T22:12:44.607+0000] {dag.py:2742} INFO - Sync 1 DAGs
[2024-08-17T22:12:44.641+0000] {logging_mixin.py:150} INFO - [2024-08-17T22:12:44.641+0000] {dag.py:3508} INFO - Setting next_dagrun for example_weekday_branch_operator to 2024-08-16T00:00:00+00:00, run_after=2024-08-17T00:00:00+00:00
[2024-08-17T22:12:44.664+0000] {processor.py:179} INFO - Processing /home/airflow/.local/lib/python3.7/site-packages/airflow/example_dags/example_branch_day_of_week_operator.py took 0.107 seconds
[2024-08-17T22:13:14.929+0000] {processor.py:157} INFO - Started process (PID=707) to work on /home/airflow/.local/lib/python3.7/site-packages/airflow/example_dags/example_branch_day_of_week_operator.py
[2024-08-17T22:13:14.930+0000] {processor.py:826} INFO - Processing file /home/airflow/.local/lib/python3.7/site-packages/airflow/example_dags/example_branch_day_of_week_operator.py for tasks to queue
[2024-08-17T22:13:14.931+0000] {logging_mixin.py:150} INFO - [2024-08-17T22:13:14.931+0000] {dagbag.py:541} INFO - Filling up the DagBag from /home/airflow/.local/lib/python3.7/site-packages/airflow/example_dags/example_branch_day_of_week_operator.py
[2024-08-17T22:13:14.940+0000] {processor.py:836} INFO - DAG(s) dict_keys(['example_weekday_branch_operator']) retrieved from /home/airflow/.local/lib/python3.7/site-packages/airflow/example_dags/example_branch_day_of_week_operator.py
[2024-08-17T22:13:14.972+0000] {logging_mixin.py:150} INFO - [2024-08-17T22:13:14.972+0000] {dag.py:2742} INFO - Sync 1 DAGs
[2024-08-17T22:13:15.005+0000] {logging_mixin.py:150} INFO - [2024-08-17T22:13:15.005+0000] {dag.py:3508} INFO - Setting next_dagrun for example_weekday_branch_operator to 2024-08-16T00:00:00+00:00, run_after=2024-08-17T00:00:00+00:00
[2024-08-17T22:13:15.029+0000] {processor.py:179} INFO - Processing /home/airflow/.local/lib/python3.7/site-packages/airflow/example_dags/example_branch_day_of_week_operator.py took 0.104 seconds
[2024-08-17T22:13:45.404+0000] {processor.py:157} INFO - Started process (PID=945) to work on /home/airflow/.local/lib/python3.7/site-packages/airflow/example_dags/example_branch_day_of_week_operator.py
[2024-08-17T22:13:45.405+0000] {processor.py:826} INFO - Processing file /home/airflow/.local/lib/python3.7/site-packages/airflow/example_dags/example_branch_day_of_week_operator.py for tasks to queue
[2024-08-17T22:13:45.406+0000] {logging_mixin.py:150} INFO - [2024-08-17T22:13:45.406+0000] {dagbag.py:541} INFO - Filling up the DagBag from /home/airflow/.local/lib/python3.7/site-packages/airflow/example_dags/example_branch_day_of_week_operator.py
[2024-08-17T22:13:45.419+0000] {processor.py:836} INFO - DAG(s) dict_keys(['example_weekday_branch_operator']) retrieved from /home/airflow/.local/lib/python3.7/site-packages/airflow/example_dags/example_branch_day_of_week_operator.py
[2024-08-17T22:13:45.452+0000] {logging_mixin.py:150} INFO - [2024-08-17T22:13:45.452+0000] {dag.py:2742} INFO - Sync 1 DAGs
[2024-08-17T22:13:45.490+0000] {logging_mixin.py:150} INFO - [2024-08-17T22:13:45.490+0000] {dag.py:3508} INFO - Setting next_dagrun for example_weekday_branch_operator to 2024-08-16T00:00:00+00:00, run_after=2024-08-17T00:00:00+00:00
[2024-08-17T22:13:45.518+0000] {processor.py:179} INFO - Processing /home/airflow/.local/lib/python3.7/site-packages/airflow/example_dags/example_branch_day_of_week_operator.py took 0.118 seconds
[2024-08-17T22:14:15.790+0000] {processor.py:157} INFO - Started process (PID=1183) to work on /home/airflow/.local/lib/python3.7/site-packages/airflow/example_dags/example_branch_day_of_week_operator.py
[2024-08-17T22:14:15.791+0000] {processor.py:826} INFO - Processing file /home/airflow/.local/lib/python3.7/site-packages/airflow/example_dags/example_branch_day_of_week_operator.py for tasks to queue
[2024-08-17T22:14:15.792+0000] {logging_mixin.py:150} INFO - [2024-08-17T22:14:15.792+0000] {dagbag.py:541} INFO - Filling up the DagBag from /home/airflow/.local/lib/python3.7/site-packages/airflow/example_dags/example_branch_day_of_week_operator.py
[2024-08-17T22:14:15.803+0000] {processor.py:836} INFO - DAG(s) dict_keys(['example_weekday_branch_operator']) retrieved from /home/airflow/.local/lib/python3.7/site-packages/airflow/example_dags/example_branch_day_of_week_operator.py
[2024-08-17T22:14:15.837+0000] {logging_mixin.py:150} INFO - [2024-08-17T22:14:15.837+0000] {dag.py:2742} INFO - Sync 1 DAGs
[2024-08-17T22:14:15.873+0000] {logging_mixin.py:150} INFO - [2024-08-17T22:14:15.873+0000] {dag.py:3508} INFO - Setting next_dagrun for example_weekday_branch_operator to 2024-08-16T00:00:00+00:00, run_after=2024-08-17T00:00:00+00:00
[2024-08-17T22:14:15.900+0000] {processor.py:179} INFO - Processing /home/airflow/.local/lib/python3.7/site-packages/airflow/example_dags/example_branch_day_of_week_operator.py took 0.115 seconds
[2024-08-17T22:14:47.008+0000] {processor.py:157} INFO - Started process (PID=1421) to work on /home/airflow/.local/lib/python3.7/site-packages/airflow/example_dags/example_branch_day_of_week_operator.py
[2024-08-17T22:14:47.010+0000] {processor.py:826} INFO - Processing file /home/airflow/.local/lib/python3.7/site-packages/airflow/example_dags/example_branch_day_of_week_operator.py for tasks to queue
[2024-08-17T22:14:47.013+0000] {logging_mixin.py:150} INFO - [2024-08-17T22:14:47.013+0000] {dagbag.py:541} INFO - Filling up the DagBag from /home/airflow/.local/lib/python3.7/site-packages/airflow/example_dags/example_branch_day_of_week_operator.py
[2024-08-17T22:14:47.033+0000] {processor.py:836} INFO - DAG(s) dict_keys(['example_weekday_branch_operator']) retrieved from /home/airflow/.local/lib/python3.7/site-packages/airflow/example_dags/example_branch_day_of_week_operator.py
[2024-08-17T22:14:47.111+0000] {logging_mixin.py:150} INFO - [2024-08-17T22:14:47.110+0000] {dag.py:2742} INFO - Sync 1 DAGs
[2024-08-17T22:14:47.203+0000] {logging_mixin.py:150} INFO - [2024-08-17T22:14:47.202+0000] {dag.py:3508} INFO - Setting next_dagrun for example_weekday_branch_operator to 2024-08-16T00:00:00+00:00, run_after=2024-08-17T00:00:00+00:00
[2024-08-17T22:14:47.250+0000] {processor.py:179} INFO - Processing /home/airflow/.local/lib/python3.7/site-packages/airflow/example_dags/example_branch_day_of_week_operator.py took 0.250 seconds
[2024-08-17T22:15:18.155+0000] {processor.py:157} INFO - Started process (PID=1659) to work on /home/airflow/.local/lib/python3.7/site-packages/airflow/example_dags/example_branch_day_of_week_operator.py
[2024-08-17T22:15:18.156+0000] {processor.py:826} INFO - Processing file /home/airflow/.local/lib/python3.7/site-packages/airflow/example_dags/example_branch_day_of_week_operator.py for tasks to queue
[2024-08-17T22:15:18.157+0000] {logging_mixin.py:150} INFO - [2024-08-17T22:15:18.157+0000] {dagbag.py:541} INFO - Filling up the DagBag from /home/airflow/.local/lib/python3.7/site-packages/airflow/example_dags/example_branch_day_of_week_operator.py
[2024-08-17T22:15:18.167+0000] {processor.py:836} INFO - DAG(s) dict_keys(['example_weekday_branch_operator']) retrieved from /home/airflow/.local/lib/python3.7/site-packages/airflow/example_dags/example_branch_day_of_week_operator.py
[2024-08-17T22:15:18.200+0000] {logging_mixin.py:150} INFO - [2024-08-17T22:15:18.200+0000] {dag.py:2742} INFO - Sync 1 DAGs
[2024-08-17T22:15:18.237+0000] {logging_mixin.py:150} INFO - [2024-08-17T22:15:18.236+0000] {dag.py:3508} INFO - Setting next_dagrun for example_weekday_branch_operator to 2024-08-16T00:00:00+00:00, run_after=2024-08-17T00:00:00+00:00
[2024-08-17T22:15:18.260+0000] {processor.py:179} INFO - Processing /home/airflow/.local/lib/python3.7/site-packages/airflow/example_dags/example_branch_day_of_week_operator.py took 0.111 seconds
[2024-08-17T22:15:48.394+0000] {processor.py:157} INFO - Started process (PID=1894) to work on /home/airflow/.local/lib/python3.7/site-packages/airflow/example_dags/example_branch_day_of_week_operator.py
[2024-08-17T22:15:48.395+0000] {processor.py:826} INFO - Processing file /home/airflow/.local/lib/python3.7/site-packages/airflow/example_dags/example_branch_day_of_week_operator.py for tasks to queue
[2024-08-17T22:15:48.397+0000] {logging_mixin.py:150} INFO - [2024-08-17T22:15:48.397+0000] {dagbag.py:541} INFO - Filling up the DagBag from /home/airflow/.local/lib/python3.7/site-packages/airflow/example_dags/example_branch_day_of_week_operator.py
[2024-08-17T22:15:48.408+0000] {processor.py:836} INFO - DAG(s) dict_keys(['example_weekday_branch_operator']) retrieved from /home/airflow/.local/lib/python3.7/site-packages/airflow/example_dags/example_branch_day_of_week_operator.py
[2024-08-17T22:15:48.444+0000] {logging_mixin.py:150} INFO - [2024-08-17T22:15:48.444+0000] {dag.py:2742} INFO - Sync 1 DAGs
[2024-08-17T22:15:48.480+0000] {logging_mixin.py:150} INFO - [2024-08-17T22:15:48.480+0000] {dag.py:3508} INFO - Setting next_dagrun for example_weekday_branch_operator to 2024-08-16T00:00:00+00:00, run_after=2024-08-17T00:00:00+00:00
[2024-08-17T22:15:48.504+0000] {processor.py:179} INFO - Processing /home/airflow/.local/lib/python3.7/site-packages/airflow/example_dags/example_branch_day_of_week_operator.py took 0.114 seconds
[2024-08-17T22:16:18.587+0000] {processor.py:157} INFO - Started process (PID=2132) to work on /home/airflow/.local/lib/python3.7/site-packages/airflow/example_dags/example_branch_day_of_week_operator.py
[2024-08-17T22:16:18.589+0000] {processor.py:826} INFO - Processing file /home/airflow/.local/lib/python3.7/site-packages/airflow/example_dags/example_branch_day_of_week_operator.py for tasks to queue
[2024-08-17T22:16:18.592+0000] {logging_mixin.py:150} INFO - [2024-08-17T22:16:18.591+0000] {dagbag.py:541} INFO - Filling up the DagBag from /home/airflow/.local/lib/python3.7/site-packages/airflow/example_dags/example_branch_day_of_week_operator.py
[2024-08-17T22:16:18.602+0000] {processor.py:836} INFO - DAG(s) dict_keys(['example_weekday_branch_operator']) retrieved from /home/airflow/.local/lib/python3.7/site-packages/airflow/example_dags/example_branch_day_of_week_operator.py
[2024-08-17T22:16:18.640+0000] {logging_mixin.py:150} INFO - [2024-08-17T22:16:18.640+0000] {dag.py:2742} INFO - Sync 1 DAGs
[2024-08-17T22:16:18.678+0000] {logging_mixin.py:150} INFO - [2024-08-17T22:16:18.677+0000] {dag.py:3508} INFO - Setting next_dagrun for example_weekday_branch_operator to 2024-08-16T00:00:00+00:00, run_after=2024-08-17T00:00:00+00:00
[2024-08-17T22:16:18.702+0000] {processor.py:179} INFO - Processing /home/airflow/.local/lib/python3.7/site-packages/airflow/example_dags/example_branch_day_of_week_operator.py took 0.121 seconds
