[2024-08-17T22:04:00.376+0000] {processor.py:157} INFO - Started process (PID=327) to work on /home/airflow/.local/lib/python3.7/site-packages/airflow/example_dags/example_datasets.py
[2024-08-17T22:04:00.379+0000] {processor.py:826} INFO - Processing file /home/airflow/.local/lib/python3.7/site-packages/airflow/example_dags/example_datasets.py for tasks to queue
[2024-08-17T22:04:00.380+0000] {logging_mixin.py:150} INFO - [2024-08-17T22:04:00.380+0000] {dagbag.py:541} INFO - Filling up the DagBag from /home/airflow/.local/lib/python3.7/site-packages/airflow/example_dags/example_datasets.py
[2024-08-17T22:04:00.395+0000] {processor.py:836} INFO - DAG(s) dict_keys(['dataset_consumes_1_and_2', 'dataset_consumes_1', 'dataset_consumes_1_never_scheduled', 'dataset_consumes_unknown_never_scheduled', 'dataset_produces_2', 'dataset_produces_1']) retrieved from /home/airflow/.local/lib/python3.7/site-packages/airflow/example_dags/example_datasets.py
[2024-08-17T22:04:00.426+0000] {logging_mixin.py:150} INFO - [2024-08-17T22:04:00.426+0000] {dag.py:2742} INFO - Sync 6 DAGs
[2024-08-17T22:04:00.450+0000] {logging_mixin.py:150} INFO - [2024-08-17T22:04:00.450+0000] {dag.py:2763} INFO - Creating ORM DAG for dataset_consumes_1_and_2
[2024-08-17T22:04:00.452+0000] {logging_mixin.py:150} INFO - [2024-08-17T22:04:00.452+0000] {dag.py:2763} INFO - Creating ORM DAG for dataset_consumes_1_never_scheduled
[2024-08-17T22:04:00.453+0000] {logging_mixin.py:150} INFO - [2024-08-17T22:04:00.453+0000] {dag.py:2763} INFO - Creating ORM DAG for dataset_produces_2
[2024-08-17T22:04:00.455+0000] {logging_mixin.py:150} INFO - [2024-08-17T22:04:00.455+0000] {dag.py:2763} INFO - Creating ORM DAG for dataset_consumes_unknown_never_scheduled
[2024-08-17T22:04:00.456+0000] {logging_mixin.py:150} INFO - [2024-08-17T22:04:00.456+0000] {dag.py:2763} INFO - Creating ORM DAG for dataset_produces_1
[2024-08-17T22:04:00.458+0000] {logging_mixin.py:150} INFO - [2024-08-17T22:04:00.458+0000] {dag.py:2763} INFO - Creating ORM DAG for dataset_consumes_1
[2024-08-17T22:04:00.475+0000] {logging_mixin.py:150} INFO - [2024-08-17T22:04:00.475+0000] {dag.py:3508} INFO - Setting next_dagrun for dataset_consumes_1 to None, run_after=None
[2024-08-17T22:04:00.476+0000] {logging_mixin.py:150} INFO - [2024-08-17T22:04:00.476+0000] {dag.py:3508} INFO - Setting next_dagrun for dataset_consumes_1_and_2 to None, run_after=None
[2024-08-17T22:04:00.477+0000] {logging_mixin.py:150} INFO - [2024-08-17T22:04:00.477+0000] {dag.py:3508} INFO - Setting next_dagrun for dataset_consumes_1_never_scheduled to None, run_after=None
[2024-08-17T22:04:00.478+0000] {logging_mixin.py:150} INFO - [2024-08-17T22:04:00.478+0000] {dag.py:3508} INFO - Setting next_dagrun for dataset_consumes_unknown_never_scheduled to None, run_after=None
[2024-08-17T22:04:00.482+0000] {logging_mixin.py:150} INFO - [2024-08-17T22:04:00.481+0000] {dag.py:3508} INFO - Setting next_dagrun for dataset_produces_1 to 2024-08-16T00:00:00+00:00, run_after=2024-08-17T00:00:00+00:00
[2024-08-17T22:04:00.483+0000] {logging_mixin.py:150} INFO - [2024-08-17T22:04:00.483+0000] {dag.py:3508} INFO - Setting next_dagrun for dataset_produces_2 to None, run_after=None
[2024-08-17T22:04:00.561+0000] {processor.py:179} INFO - Processing /home/airflow/.local/lib/python3.7/site-packages/airflow/example_dags/example_datasets.py took 0.190 seconds
[2024-08-17T22:04:30.779+0000] {processor.py:157} INFO - Started process (PID=562) to work on /home/airflow/.local/lib/python3.7/site-packages/airflow/example_dags/example_datasets.py
[2024-08-17T22:04:30.781+0000] {processor.py:826} INFO - Processing file /home/airflow/.local/lib/python3.7/site-packages/airflow/example_dags/example_datasets.py for tasks to queue
[2024-08-17T22:04:30.783+0000] {logging_mixin.py:150} INFO - [2024-08-17T22:04:30.783+0000] {dagbag.py:541} INFO - Filling up the DagBag from /home/airflow/.local/lib/python3.7/site-packages/airflow/example_dags/example_datasets.py
[2024-08-17T22:04:30.796+0000] {processor.py:836} INFO - DAG(s) dict_keys(['dataset_consumes_1_never_scheduled', 'dataset_consumes_1_and_2', 'dataset_consumes_1', 'dataset_produces_1', 'dataset_consumes_unknown_never_scheduled', 'dataset_produces_2']) retrieved from /home/airflow/.local/lib/python3.7/site-packages/airflow/example_dags/example_datasets.py
[2024-08-17T22:04:30.869+0000] {logging_mixin.py:150} INFO - [2024-08-17T22:04:30.869+0000] {dag.py:2742} INFO - Sync 6 DAGs
[2024-08-17T22:04:30.907+0000] {logging_mixin.py:150} INFO - [2024-08-17T22:04:30.907+0000] {dag.py:3508} INFO - Setting next_dagrun for dataset_consumes_1 to None, run_after=None
[2024-08-17T22:04:30.913+0000] {logging_mixin.py:150} INFO - [2024-08-17T22:04:30.913+0000] {dag.py:3508} INFO - Setting next_dagrun for dataset_consumes_1_and_2 to None, run_after=None
[2024-08-17T22:04:30.916+0000] {logging_mixin.py:150} INFO - [2024-08-17T22:04:30.916+0000] {dag.py:3508} INFO - Setting next_dagrun for dataset_consumes_1_never_scheduled to None, run_after=None
[2024-08-17T22:04:30.918+0000] {logging_mixin.py:150} INFO - [2024-08-17T22:04:30.918+0000] {dag.py:3508} INFO - Setting next_dagrun for dataset_consumes_unknown_never_scheduled to None, run_after=None
[2024-08-17T22:04:30.924+0000] {logging_mixin.py:150} INFO - [2024-08-17T22:04:30.924+0000] {dag.py:3508} INFO - Setting next_dagrun for dataset_produces_1 to 2024-08-16T00:00:00+00:00, run_after=2024-08-17T00:00:00+00:00
[2024-08-17T22:04:30.928+0000] {logging_mixin.py:150} INFO - [2024-08-17T22:04:30.928+0000] {dag.py:3508} INFO - Setting next_dagrun for dataset_produces_2 to None, run_after=None
[2024-08-17T22:04:30.982+0000] {processor.py:179} INFO - Processing /home/airflow/.local/lib/python3.7/site-packages/airflow/example_dags/example_datasets.py took 0.207 seconds
[2024-08-17T22:05:01.457+0000] {processor.py:157} INFO - Started process (PID=798) to work on /home/airflow/.local/lib/python3.7/site-packages/airflow/example_dags/example_datasets.py
[2024-08-17T22:05:01.462+0000] {processor.py:826} INFO - Processing file /home/airflow/.local/lib/python3.7/site-packages/airflow/example_dags/example_datasets.py for tasks to queue
[2024-08-17T22:05:01.464+0000] {logging_mixin.py:150} INFO - [2024-08-17T22:05:01.463+0000] {dagbag.py:541} INFO - Filling up the DagBag from /home/airflow/.local/lib/python3.7/site-packages/airflow/example_dags/example_datasets.py
[2024-08-17T22:05:01.481+0000] {processor.py:836} INFO - DAG(s) dict_keys(['dataset_produces_1', 'dataset_consumes_1_and_2', 'dataset_consumes_1_never_scheduled', 'dataset_consumes_unknown_never_scheduled', 'dataset_produces_2', 'dataset_consumes_1']) retrieved from /home/airflow/.local/lib/python3.7/site-packages/airflow/example_dags/example_datasets.py
[2024-08-17T22:05:01.579+0000] {logging_mixin.py:150} INFO - [2024-08-17T22:05:01.578+0000] {dag.py:2742} INFO - Sync 6 DAGs
[2024-08-17T22:05:01.631+0000] {logging_mixin.py:150} INFO - [2024-08-17T22:05:01.631+0000] {dag.py:3508} INFO - Setting next_dagrun for dataset_consumes_1 to None, run_after=None
[2024-08-17T22:05:01.638+0000] {logging_mixin.py:150} INFO - [2024-08-17T22:05:01.638+0000] {dag.py:3508} INFO - Setting next_dagrun for dataset_consumes_1_and_2 to None, run_after=None
[2024-08-17T22:05:01.642+0000] {logging_mixin.py:150} INFO - [2024-08-17T22:05:01.642+0000] {dag.py:3508} INFO - Setting next_dagrun for dataset_consumes_1_never_scheduled to None, run_after=None
[2024-08-17T22:05:01.644+0000] {logging_mixin.py:150} INFO - [2024-08-17T22:05:01.644+0000] {dag.py:3508} INFO - Setting next_dagrun for dataset_consumes_unknown_never_scheduled to None, run_after=None
[2024-08-17T22:05:01.649+0000] {logging_mixin.py:150} INFO - [2024-08-17T22:05:01.648+0000] {dag.py:3508} INFO - Setting next_dagrun for dataset_produces_1 to 2024-08-16T00:00:00+00:00, run_after=2024-08-17T00:00:00+00:00
[2024-08-17T22:05:01.651+0000] {logging_mixin.py:150} INFO - [2024-08-17T22:05:01.651+0000] {dag.py:3508} INFO - Setting next_dagrun for dataset_produces_2 to None, run_after=None
[2024-08-17T22:05:01.729+0000] {processor.py:179} INFO - Processing /home/airflow/.local/lib/python3.7/site-packages/airflow/example_dags/example_datasets.py took 0.278 seconds
[2024-08-17T22:05:38.600+0000] {processor.py:157} INFO - Started process (PID=1036) to work on /home/airflow/.local/lib/python3.7/site-packages/airflow/example_dags/example_datasets.py
[2024-08-17T22:05:38.605+0000] {processor.py:826} INFO - Processing file /home/airflow/.local/lib/python3.7/site-packages/airflow/example_dags/example_datasets.py for tasks to queue
[2024-08-17T22:05:38.609+0000] {logging_mixin.py:150} INFO - [2024-08-17T22:05:38.608+0000] {dagbag.py:541} INFO - Filling up the DagBag from /home/airflow/.local/lib/python3.7/site-packages/airflow/example_dags/example_datasets.py
[2024-08-17T22:05:38.681+0000] {processor.py:836} INFO - DAG(s) dict_keys(['dataset_consumes_1_and_2', 'dataset_consumes_unknown_never_scheduled', 'dataset_produces_1', 'dataset_consumes_1_never_scheduled', 'dataset_produces_2', 'dataset_consumes_1']) retrieved from /home/airflow/.local/lib/python3.7/site-packages/airflow/example_dags/example_datasets.py
[2024-08-17T22:05:39.031+0000] {logging_mixin.py:150} INFO - [2024-08-17T22:05:39.028+0000] {dag.py:2742} INFO - Sync 6 DAGs
[2024-08-17T22:05:39.122+0000] {logging_mixin.py:150} INFO - [2024-08-17T22:05:39.122+0000] {dag.py:3508} INFO - Setting next_dagrun for dataset_consumes_1 to None, run_after=None
[2024-08-17T22:05:39.133+0000] {logging_mixin.py:150} INFO - [2024-08-17T22:05:39.132+0000] {dag.py:3508} INFO - Setting next_dagrun for dataset_consumes_1_and_2 to None, run_after=None
[2024-08-17T22:05:39.135+0000] {logging_mixin.py:150} INFO - [2024-08-17T22:05:39.135+0000] {dag.py:3508} INFO - Setting next_dagrun for dataset_consumes_1_never_scheduled to None, run_after=None
[2024-08-17T22:05:39.139+0000] {logging_mixin.py:150} INFO - [2024-08-17T22:05:39.139+0000] {dag.py:3508} INFO - Setting next_dagrun for dataset_consumes_unknown_never_scheduled to None, run_after=None
[2024-08-17T22:05:39.148+0000] {logging_mixin.py:150} INFO - [2024-08-17T22:05:39.147+0000] {dag.py:3508} INFO - Setting next_dagrun for dataset_produces_1 to 2024-08-16T00:00:00+00:00, run_after=2024-08-17T00:00:00+00:00
[2024-08-17T22:05:39.156+0000] {logging_mixin.py:150} INFO - [2024-08-17T22:05:39.156+0000] {dag.py:3508} INFO - Setting next_dagrun for dataset_produces_2 to None, run_after=None
[2024-08-17T22:05:39.247+0000] {processor.py:179} INFO - Processing /home/airflow/.local/lib/python3.7/site-packages/airflow/example_dags/example_datasets.py took 0.661 seconds
[2024-08-17T22:06:09.651+0000] {processor.py:157} INFO - Started process (PID=1274) to work on /home/airflow/.local/lib/python3.7/site-packages/airflow/example_dags/example_datasets.py
[2024-08-17T22:06:09.653+0000] {processor.py:826} INFO - Processing file /home/airflow/.local/lib/python3.7/site-packages/airflow/example_dags/example_datasets.py for tasks to queue
[2024-08-17T22:06:09.654+0000] {logging_mixin.py:150} INFO - [2024-08-17T22:06:09.654+0000] {dagbag.py:541} INFO - Filling up the DagBag from /home/airflow/.local/lib/python3.7/site-packages/airflow/example_dags/example_datasets.py
[2024-08-17T22:06:09.667+0000] {processor.py:836} INFO - DAG(s) dict_keys(['dataset_consumes_1', 'dataset_consumes_1_never_scheduled', 'dataset_consumes_1_and_2', 'dataset_produces_2', 'dataset_produces_1', 'dataset_consumes_unknown_never_scheduled']) retrieved from /home/airflow/.local/lib/python3.7/site-packages/airflow/example_dags/example_datasets.py
[2024-08-17T22:06:09.722+0000] {logging_mixin.py:150} INFO - [2024-08-17T22:06:09.721+0000] {dag.py:2742} INFO - Sync 6 DAGs
[2024-08-17T22:06:09.758+0000] {logging_mixin.py:150} INFO - [2024-08-17T22:06:09.758+0000] {dag.py:3508} INFO - Setting next_dagrun for dataset_consumes_1 to None, run_after=None
[2024-08-17T22:06:09.762+0000] {logging_mixin.py:150} INFO - [2024-08-17T22:06:09.762+0000] {dag.py:3508} INFO - Setting next_dagrun for dataset_consumes_1_and_2 to None, run_after=None
[2024-08-17T22:06:09.764+0000] {logging_mixin.py:150} INFO - [2024-08-17T22:06:09.764+0000] {dag.py:3508} INFO - Setting next_dagrun for dataset_consumes_1_never_scheduled to None, run_after=None
[2024-08-17T22:06:09.766+0000] {logging_mixin.py:150} INFO - [2024-08-17T22:06:09.766+0000] {dag.py:3508} INFO - Setting next_dagrun for dataset_consumes_unknown_never_scheduled to None, run_after=None
[2024-08-17T22:06:09.769+0000] {logging_mixin.py:150} INFO - [2024-08-17T22:06:09.769+0000] {dag.py:3508} INFO - Setting next_dagrun for dataset_produces_1 to 2024-08-16T00:00:00+00:00, run_after=2024-08-17T00:00:00+00:00
[2024-08-17T22:06:09.771+0000] {logging_mixin.py:150} INFO - [2024-08-17T22:06:09.771+0000] {dag.py:3508} INFO - Setting next_dagrun for dataset_produces_2 to None, run_after=None
[2024-08-17T22:06:09.824+0000] {processor.py:179} INFO - Processing /home/airflow/.local/lib/python3.7/site-packages/airflow/example_dags/example_datasets.py took 0.177 seconds
[2024-08-17T22:06:40.007+0000] {processor.py:157} INFO - Started process (PID=1512) to work on /home/airflow/.local/lib/python3.7/site-packages/airflow/example_dags/example_datasets.py
[2024-08-17T22:06:40.009+0000] {processor.py:826} INFO - Processing file /home/airflow/.local/lib/python3.7/site-packages/airflow/example_dags/example_datasets.py for tasks to queue
[2024-08-17T22:06:40.011+0000] {logging_mixin.py:150} INFO - [2024-08-17T22:06:40.010+0000] {dagbag.py:541} INFO - Filling up the DagBag from /home/airflow/.local/lib/python3.7/site-packages/airflow/example_dags/example_datasets.py
[2024-08-17T22:06:40.024+0000] {processor.py:836} INFO - DAG(s) dict_keys(['dataset_consumes_1', 'dataset_consumes_unknown_never_scheduled', 'dataset_produces_1', 'dataset_produces_2', 'dataset_consumes_1_and_2', 'dataset_consumes_1_never_scheduled']) retrieved from /home/airflow/.local/lib/python3.7/site-packages/airflow/example_dags/example_datasets.py
[2024-08-17T22:06:40.082+0000] {logging_mixin.py:150} INFO - [2024-08-17T22:06:40.082+0000] {dag.py:2742} INFO - Sync 6 DAGs
[2024-08-17T22:06:40.121+0000] {logging_mixin.py:150} INFO - [2024-08-17T22:06:40.121+0000] {dag.py:3508} INFO - Setting next_dagrun for dataset_consumes_1 to None, run_after=None
[2024-08-17T22:06:40.127+0000] {logging_mixin.py:150} INFO - [2024-08-17T22:06:40.127+0000] {dag.py:3508} INFO - Setting next_dagrun for dataset_consumes_1_and_2 to None, run_after=None
[2024-08-17T22:06:40.129+0000] {logging_mixin.py:150} INFO - [2024-08-17T22:06:40.129+0000] {dag.py:3508} INFO - Setting next_dagrun for dataset_consumes_1_never_scheduled to None, run_after=None
[2024-08-17T22:06:40.133+0000] {logging_mixin.py:150} INFO - [2024-08-17T22:06:40.133+0000] {dag.py:3508} INFO - Setting next_dagrun for dataset_consumes_unknown_never_scheduled to None, run_after=None
[2024-08-17T22:06:40.140+0000] {logging_mixin.py:150} INFO - [2024-08-17T22:06:40.140+0000] {dag.py:3508} INFO - Setting next_dagrun for dataset_produces_1 to 2024-08-16T00:00:00+00:00, run_after=2024-08-17T00:00:00+00:00
[2024-08-17T22:06:40.142+0000] {logging_mixin.py:150} INFO - [2024-08-17T22:06:40.142+0000] {dag.py:3508} INFO - Setting next_dagrun for dataset_produces_2 to None, run_after=None
[2024-08-17T22:06:40.192+0000] {processor.py:179} INFO - Processing /home/airflow/.local/lib/python3.7/site-packages/airflow/example_dags/example_datasets.py took 0.190 seconds
[2024-08-17T22:07:10.266+0000] {processor.py:157} INFO - Started process (PID=1750) to work on /home/airflow/.local/lib/python3.7/site-packages/airflow/example_dags/example_datasets.py
[2024-08-17T22:07:10.267+0000] {processor.py:826} INFO - Processing file /home/airflow/.local/lib/python3.7/site-packages/airflow/example_dags/example_datasets.py for tasks to queue
[2024-08-17T22:07:10.268+0000] {logging_mixin.py:150} INFO - [2024-08-17T22:07:10.268+0000] {dagbag.py:541} INFO - Filling up the DagBag from /home/airflow/.local/lib/python3.7/site-packages/airflow/example_dags/example_datasets.py
[2024-08-17T22:07:10.281+0000] {processor.py:836} INFO - DAG(s) dict_keys(['dataset_consumes_1_never_scheduled', 'dataset_produces_1', 'dataset_consumes_unknown_never_scheduled', 'dataset_consumes_1_and_2', 'dataset_consumes_1', 'dataset_produces_2']) retrieved from /home/airflow/.local/lib/python3.7/site-packages/airflow/example_dags/example_datasets.py
[2024-08-17T22:07:10.335+0000] {logging_mixin.py:150} INFO - [2024-08-17T22:07:10.335+0000] {dag.py:2742} INFO - Sync 6 DAGs
[2024-08-17T22:07:10.369+0000] {logging_mixin.py:150} INFO - [2024-08-17T22:07:10.369+0000] {dag.py:3508} INFO - Setting next_dagrun for dataset_consumes_1 to None, run_after=None
[2024-08-17T22:07:10.374+0000] {logging_mixin.py:150} INFO - [2024-08-17T22:07:10.374+0000] {dag.py:3508} INFO - Setting next_dagrun for dataset_consumes_1_and_2 to None, run_after=None
[2024-08-17T22:07:10.376+0000] {logging_mixin.py:150} INFO - [2024-08-17T22:07:10.375+0000] {dag.py:3508} INFO - Setting next_dagrun for dataset_consumes_1_never_scheduled to None, run_after=None
[2024-08-17T22:07:10.377+0000] {logging_mixin.py:150} INFO - [2024-08-17T22:07:10.377+0000] {dag.py:3508} INFO - Setting next_dagrun for dataset_consumes_unknown_never_scheduled to None, run_after=None
[2024-08-17T22:07:10.381+0000] {logging_mixin.py:150} INFO - [2024-08-17T22:07:10.381+0000] {dag.py:3508} INFO - Setting next_dagrun for dataset_produces_1 to 2024-08-16T00:00:00+00:00, run_after=2024-08-17T00:00:00+00:00
[2024-08-17T22:07:10.383+0000] {logging_mixin.py:150} INFO - [2024-08-17T22:07:10.383+0000] {dag.py:3508} INFO - Setting next_dagrun for dataset_produces_2 to None, run_after=None
[2024-08-17T22:07:10.429+0000] {processor.py:179} INFO - Processing /home/airflow/.local/lib/python3.7/site-packages/airflow/example_dags/example_datasets.py took 0.168 seconds
[2024-08-17T22:07:40.861+0000] {processor.py:157} INFO - Started process (PID=1988) to work on /home/airflow/.local/lib/python3.7/site-packages/airflow/example_dags/example_datasets.py
[2024-08-17T22:07:40.862+0000] {processor.py:826} INFO - Processing file /home/airflow/.local/lib/python3.7/site-packages/airflow/example_dags/example_datasets.py for tasks to queue
[2024-08-17T22:07:40.863+0000] {logging_mixin.py:150} INFO - [2024-08-17T22:07:40.863+0000] {dagbag.py:541} INFO - Filling up the DagBag from /home/airflow/.local/lib/python3.7/site-packages/airflow/example_dags/example_datasets.py
[2024-08-17T22:07:40.875+0000] {processor.py:836} INFO - DAG(s) dict_keys(['dataset_consumes_1_and_2', 'dataset_consumes_1', 'dataset_produces_2', 'dataset_produces_1', 'dataset_consumes_unknown_never_scheduled', 'dataset_consumes_1_never_scheduled']) retrieved from /home/airflow/.local/lib/python3.7/site-packages/airflow/example_dags/example_datasets.py
[2024-08-17T22:07:40.928+0000] {logging_mixin.py:150} INFO - [2024-08-17T22:07:40.928+0000] {dag.py:2742} INFO - Sync 6 DAGs
[2024-08-17T22:07:40.963+0000] {logging_mixin.py:150} INFO - [2024-08-17T22:07:40.962+0000] {dag.py:3508} INFO - Setting next_dagrun for dataset_consumes_1 to None, run_after=None
[2024-08-17T22:07:40.967+0000] {logging_mixin.py:150} INFO - [2024-08-17T22:07:40.967+0000] {dag.py:3508} INFO - Setting next_dagrun for dataset_consumes_1_and_2 to None, run_after=None
[2024-08-17T22:07:40.969+0000] {logging_mixin.py:150} INFO - [2024-08-17T22:07:40.969+0000] {dag.py:3508} INFO - Setting next_dagrun for dataset_consumes_1_never_scheduled to None, run_after=None
[2024-08-17T22:07:40.971+0000] {logging_mixin.py:150} INFO - [2024-08-17T22:07:40.971+0000] {dag.py:3508} INFO - Setting next_dagrun for dataset_consumes_unknown_never_scheduled to None, run_after=None
[2024-08-17T22:07:40.974+0000] {logging_mixin.py:150} INFO - [2024-08-17T22:07:40.974+0000] {dag.py:3508} INFO - Setting next_dagrun for dataset_produces_1 to 2024-08-16T00:00:00+00:00, run_after=2024-08-17T00:00:00+00:00
[2024-08-17T22:07:40.976+0000] {logging_mixin.py:150} INFO - [2024-08-17T22:07:40.976+0000] {dag.py:3508} INFO - Setting next_dagrun for dataset_produces_2 to None, run_after=None
[2024-08-17T22:07:41.024+0000] {processor.py:179} INFO - Processing /home/airflow/.local/lib/python3.7/site-packages/airflow/example_dags/example_datasets.py took 0.167 seconds
[2024-08-17T22:08:15.362+0000] {processor.py:157} INFO - Started process (PID=2354) to work on /home/airflow/.local/lib/python3.7/site-packages/airflow/example_dags/example_datasets.py
[2024-08-17T22:08:15.365+0000] {processor.py:826} INFO - Processing file /home/airflow/.local/lib/python3.7/site-packages/airflow/example_dags/example_datasets.py for tasks to queue
[2024-08-17T22:08:15.367+0000] {logging_mixin.py:150} INFO - [2024-08-17T22:08:15.366+0000] {dagbag.py:541} INFO - Filling up the DagBag from /home/airflow/.local/lib/python3.7/site-packages/airflow/example_dags/example_datasets.py
[2024-08-17T22:08:15.385+0000] {processor.py:836} INFO - DAG(s) dict_keys(['dataset_consumes_1_and_2', 'dataset_consumes_1', 'dataset_produces_1', 'dataset_consumes_1_never_scheduled', 'dataset_consumes_unknown_never_scheduled', 'dataset_produces_2']) retrieved from /home/airflow/.local/lib/python3.7/site-packages/airflow/example_dags/example_datasets.py
[2024-08-17T22:08:15.472+0000] {logging_mixin.py:150} INFO - [2024-08-17T22:08:15.472+0000] {dag.py:2742} INFO - Sync 6 DAGs
[2024-08-17T22:08:15.523+0000] {logging_mixin.py:150} INFO - [2024-08-17T22:08:15.523+0000] {dag.py:3508} INFO - Setting next_dagrun for dataset_consumes_1 to None, run_after=None
[2024-08-17T22:08:15.531+0000] {logging_mixin.py:150} INFO - [2024-08-17T22:08:15.530+0000] {dag.py:3508} INFO - Setting next_dagrun for dataset_consumes_1_and_2 to None, run_after=None
[2024-08-17T22:08:15.536+0000] {logging_mixin.py:150} INFO - [2024-08-17T22:08:15.535+0000] {dag.py:3508} INFO - Setting next_dagrun for dataset_consumes_1_never_scheduled to None, run_after=None
[2024-08-17T22:08:15.541+0000] {logging_mixin.py:150} INFO - [2024-08-17T22:08:15.541+0000] {dag.py:3508} INFO - Setting next_dagrun for dataset_consumes_unknown_never_scheduled to None, run_after=None
[2024-08-17T22:08:15.548+0000] {logging_mixin.py:150} INFO - [2024-08-17T22:08:15.548+0000] {dag.py:3508} INFO - Setting next_dagrun for dataset_produces_1 to 2024-08-16T00:00:00+00:00, run_after=2024-08-17T00:00:00+00:00
[2024-08-17T22:08:15.554+0000] {logging_mixin.py:150} INFO - [2024-08-17T22:08:15.554+0000] {dag.py:3508} INFO - Setting next_dagrun for dataset_produces_2 to None, run_after=None
[2024-08-17T22:08:15.627+0000] {processor.py:179} INFO - Processing /home/airflow/.local/lib/python3.7/site-packages/airflow/example_dags/example_datasets.py took 0.273 seconds
[2024-08-17T22:08:46.013+0000] {processor.py:157} INFO - Started process (PID=2596) to work on /home/airflow/.local/lib/python3.7/site-packages/airflow/example_dags/example_datasets.py
[2024-08-17T22:08:46.014+0000] {processor.py:826} INFO - Processing file /home/airflow/.local/lib/python3.7/site-packages/airflow/example_dags/example_datasets.py for tasks to queue
[2024-08-17T22:08:46.015+0000] {logging_mixin.py:150} INFO - [2024-08-17T22:08:46.015+0000] {dagbag.py:541} INFO - Filling up the DagBag from /home/airflow/.local/lib/python3.7/site-packages/airflow/example_dags/example_datasets.py
[2024-08-17T22:08:46.030+0000] {processor.py:836} INFO - DAG(s) dict_keys(['dataset_consumes_1_and_2', 'dataset_consumes_1', 'dataset_produces_1', 'dataset_produces_2', 'dataset_consumes_unknown_never_scheduled', 'dataset_consumes_1_never_scheduled']) retrieved from /home/airflow/.local/lib/python3.7/site-packages/airflow/example_dags/example_datasets.py
[2024-08-17T22:08:46.089+0000] {logging_mixin.py:150} INFO - [2024-08-17T22:08:46.089+0000] {dag.py:2742} INFO - Sync 6 DAGs
[2024-08-17T22:08:46.122+0000] {logging_mixin.py:150} INFO - [2024-08-17T22:08:46.121+0000] {dag.py:3508} INFO - Setting next_dagrun for dataset_consumes_1 to None, run_after=None
[2024-08-17T22:08:46.126+0000] {logging_mixin.py:150} INFO - [2024-08-17T22:08:46.126+0000] {dag.py:3508} INFO - Setting next_dagrun for dataset_consumes_1_and_2 to None, run_after=None
[2024-08-17T22:08:46.128+0000] {logging_mixin.py:150} INFO - [2024-08-17T22:08:46.128+0000] {dag.py:3508} INFO - Setting next_dagrun for dataset_consumes_1_never_scheduled to None, run_after=None
[2024-08-17T22:08:46.130+0000] {logging_mixin.py:150} INFO - [2024-08-17T22:08:46.130+0000] {dag.py:3508} INFO - Setting next_dagrun for dataset_consumes_unknown_never_scheduled to None, run_after=None
[2024-08-17T22:08:46.133+0000] {logging_mixin.py:150} INFO - [2024-08-17T22:08:46.133+0000] {dag.py:3508} INFO - Setting next_dagrun for dataset_produces_1 to 2024-08-16T00:00:00+00:00, run_after=2024-08-17T00:00:00+00:00
[2024-08-17T22:08:46.136+0000] {logging_mixin.py:150} INFO - [2024-08-17T22:08:46.135+0000] {dag.py:3508} INFO - Setting next_dagrun for dataset_produces_2 to None, run_after=None
[2024-08-17T22:08:46.181+0000] {processor.py:179} INFO - Processing /home/airflow/.local/lib/python3.7/site-packages/airflow/example_dags/example_datasets.py took 0.172 seconds
[2024-08-17T22:09:16.384+0000] {processor.py:157} INFO - Started process (PID=2834) to work on /home/airflow/.local/lib/python3.7/site-packages/airflow/example_dags/example_datasets.py
[2024-08-17T22:09:16.387+0000] {processor.py:826} INFO - Processing file /home/airflow/.local/lib/python3.7/site-packages/airflow/example_dags/example_datasets.py for tasks to queue
[2024-08-17T22:09:16.390+0000] {logging_mixin.py:150} INFO - [2024-08-17T22:09:16.390+0000] {dagbag.py:541} INFO - Filling up the DagBag from /home/airflow/.local/lib/python3.7/site-packages/airflow/example_dags/example_datasets.py
[2024-08-17T22:09:16.404+0000] {processor.py:836} INFO - DAG(s) dict_keys(['dataset_produces_2', 'dataset_produces_1', 'dataset_consumes_unknown_never_scheduled', 'dataset_consumes_1_and_2', 'dataset_consumes_1_never_scheduled', 'dataset_consumes_1']) retrieved from /home/airflow/.local/lib/python3.7/site-packages/airflow/example_dags/example_datasets.py
[2024-08-17T22:09:16.458+0000] {logging_mixin.py:150} INFO - [2024-08-17T22:09:16.458+0000] {dag.py:2742} INFO - Sync 6 DAGs
[2024-08-17T22:09:16.493+0000] {logging_mixin.py:150} INFO - [2024-08-17T22:09:16.493+0000] {dag.py:3508} INFO - Setting next_dagrun for dataset_consumes_1 to None, run_after=None
[2024-08-17T22:09:16.497+0000] {logging_mixin.py:150} INFO - [2024-08-17T22:09:16.497+0000] {dag.py:3508} INFO - Setting next_dagrun for dataset_consumes_1_and_2 to None, run_after=None
[2024-08-17T22:09:16.500+0000] {logging_mixin.py:150} INFO - [2024-08-17T22:09:16.500+0000] {dag.py:3508} INFO - Setting next_dagrun for dataset_consumes_1_never_scheduled to None, run_after=None
[2024-08-17T22:09:16.502+0000] {logging_mixin.py:150} INFO - [2024-08-17T22:09:16.502+0000] {dag.py:3508} INFO - Setting next_dagrun for dataset_consumes_unknown_never_scheduled to None, run_after=None
[2024-08-17T22:09:16.509+0000] {logging_mixin.py:150} INFO - [2024-08-17T22:09:16.509+0000] {dag.py:3508} INFO - Setting next_dagrun for dataset_produces_1 to 2024-08-16T00:00:00+00:00, run_after=2024-08-17T00:00:00+00:00
[2024-08-17T22:09:16.511+0000] {logging_mixin.py:150} INFO - [2024-08-17T22:09:16.511+0000] {dag.py:3508} INFO - Setting next_dagrun for dataset_produces_2 to None, run_after=None
[2024-08-17T22:09:16.559+0000] {processor.py:179} INFO - Processing /home/airflow/.local/lib/python3.7/site-packages/airflow/example_dags/example_datasets.py took 0.181 seconds
[2024-08-17T22:09:46.775+0000] {processor.py:157} INFO - Started process (PID=3072) to work on /home/airflow/.local/lib/python3.7/site-packages/airflow/example_dags/example_datasets.py
[2024-08-17T22:09:46.776+0000] {processor.py:826} INFO - Processing file /home/airflow/.local/lib/python3.7/site-packages/airflow/example_dags/example_datasets.py for tasks to queue
[2024-08-17T22:09:46.777+0000] {logging_mixin.py:150} INFO - [2024-08-17T22:09:46.777+0000] {dagbag.py:541} INFO - Filling up the DagBag from /home/airflow/.local/lib/python3.7/site-packages/airflow/example_dags/example_datasets.py
[2024-08-17T22:09:46.790+0000] {processor.py:836} INFO - DAG(s) dict_keys(['dataset_consumes_unknown_never_scheduled', 'dataset_consumes_1_never_scheduled', 'dataset_consumes_1', 'dataset_consumes_1_and_2', 'dataset_produces_1', 'dataset_produces_2']) retrieved from /home/airflow/.local/lib/python3.7/site-packages/airflow/example_dags/example_datasets.py
[2024-08-17T22:09:46.843+0000] {logging_mixin.py:150} INFO - [2024-08-17T22:09:46.843+0000] {dag.py:2742} INFO - Sync 6 DAGs
[2024-08-17T22:09:46.875+0000] {logging_mixin.py:150} INFO - [2024-08-17T22:09:46.875+0000] {dag.py:3508} INFO - Setting next_dagrun for dataset_consumes_1 to None, run_after=None
[2024-08-17T22:09:46.879+0000] {logging_mixin.py:150} INFO - [2024-08-17T22:09:46.879+0000] {dag.py:3508} INFO - Setting next_dagrun for dataset_consumes_1_and_2 to None, run_after=None
[2024-08-17T22:09:46.882+0000] {logging_mixin.py:150} INFO - [2024-08-17T22:09:46.882+0000] {dag.py:3508} INFO - Setting next_dagrun for dataset_consumes_1_never_scheduled to None, run_after=None
[2024-08-17T22:09:46.885+0000] {logging_mixin.py:150} INFO - [2024-08-17T22:09:46.885+0000] {dag.py:3508} INFO - Setting next_dagrun for dataset_consumes_unknown_never_scheduled to None, run_after=None
[2024-08-17T22:09:46.889+0000] {logging_mixin.py:150} INFO - [2024-08-17T22:09:46.889+0000] {dag.py:3508} INFO - Setting next_dagrun for dataset_produces_1 to 2024-08-16T00:00:00+00:00, run_after=2024-08-17T00:00:00+00:00
[2024-08-17T22:09:46.892+0000] {logging_mixin.py:150} INFO - [2024-08-17T22:09:46.891+0000] {dag.py:3508} INFO - Setting next_dagrun for dataset_produces_2 to None, run_after=None
[2024-08-17T22:09:46.944+0000] {processor.py:179} INFO - Processing /home/airflow/.local/lib/python3.7/site-packages/airflow/example_dags/example_datasets.py took 0.173 seconds
[2024-08-17T22:10:17.798+0000] {processor.py:157} INFO - Started process (PID=3310) to work on /home/airflow/.local/lib/python3.7/site-packages/airflow/example_dags/example_datasets.py
[2024-08-17T22:10:17.799+0000] {processor.py:826} INFO - Processing file /home/airflow/.local/lib/python3.7/site-packages/airflow/example_dags/example_datasets.py for tasks to queue
[2024-08-17T22:10:17.800+0000] {logging_mixin.py:150} INFO - [2024-08-17T22:10:17.800+0000] {dagbag.py:541} INFO - Filling up the DagBag from /home/airflow/.local/lib/python3.7/site-packages/airflow/example_dags/example_datasets.py
[2024-08-17T22:10:17.815+0000] {processor.py:836} INFO - DAG(s) dict_keys(['dataset_consumes_1_and_2', 'dataset_produces_2', 'dataset_produces_1', 'dataset_consumes_1', 'dataset_consumes_unknown_never_scheduled', 'dataset_consumes_1_never_scheduled']) retrieved from /home/airflow/.local/lib/python3.7/site-packages/airflow/example_dags/example_datasets.py
[2024-08-17T22:10:17.879+0000] {logging_mixin.py:150} INFO - [2024-08-17T22:10:17.878+0000] {dag.py:2742} INFO - Sync 6 DAGs
[2024-08-17T22:10:17.945+0000] {logging_mixin.py:150} INFO - [2024-08-17T22:10:17.945+0000] {dag.py:3508} INFO - Setting next_dagrun for dataset_consumes_1 to None, run_after=None
[2024-08-17T22:10:17.952+0000] {logging_mixin.py:150} INFO - [2024-08-17T22:10:17.952+0000] {dag.py:3508} INFO - Setting next_dagrun for dataset_consumes_1_and_2 to None, run_after=None
[2024-08-17T22:10:17.955+0000] {logging_mixin.py:150} INFO - [2024-08-17T22:10:17.955+0000] {dag.py:3508} INFO - Setting next_dagrun for dataset_consumes_1_never_scheduled to None, run_after=None
[2024-08-17T22:10:17.957+0000] {logging_mixin.py:150} INFO - [2024-08-17T22:10:17.957+0000] {dag.py:3508} INFO - Setting next_dagrun for dataset_consumes_unknown_never_scheduled to None, run_after=None
[2024-08-17T22:10:17.963+0000] {logging_mixin.py:150} INFO - [2024-08-17T22:10:17.961+0000] {dag.py:3508} INFO - Setting next_dagrun for dataset_produces_1 to 2024-08-16T00:00:00+00:00, run_after=2024-08-17T00:00:00+00:00
[2024-08-17T22:10:17.965+0000] {logging_mixin.py:150} INFO - [2024-08-17T22:10:17.965+0000] {dag.py:3508} INFO - Setting next_dagrun for dataset_produces_2 to None, run_after=None
[2024-08-17T22:10:18.050+0000] {processor.py:179} INFO - Processing /home/airflow/.local/lib/python3.7/site-packages/airflow/example_dags/example_datasets.py took 0.258 seconds
[2024-08-17T22:10:48.490+0000] {processor.py:157} INFO - Started process (PID=3548) to work on /home/airflow/.local/lib/python3.7/site-packages/airflow/example_dags/example_datasets.py
[2024-08-17T22:10:48.492+0000] {processor.py:826} INFO - Processing file /home/airflow/.local/lib/python3.7/site-packages/airflow/example_dags/example_datasets.py for tasks to queue
[2024-08-17T22:10:48.493+0000] {logging_mixin.py:150} INFO - [2024-08-17T22:10:48.493+0000] {dagbag.py:541} INFO - Filling up the DagBag from /home/airflow/.local/lib/python3.7/site-packages/airflow/example_dags/example_datasets.py
[2024-08-17T22:10:48.509+0000] {processor.py:836} INFO - DAG(s) dict_keys(['dataset_produces_2', 'dataset_consumes_unknown_never_scheduled', 'dataset_produces_1', 'dataset_consumes_1', 'dataset_consumes_1_never_scheduled', 'dataset_consumes_1_and_2']) retrieved from /home/airflow/.local/lib/python3.7/site-packages/airflow/example_dags/example_datasets.py
[2024-08-17T22:10:48.569+0000] {logging_mixin.py:150} INFO - [2024-08-17T22:10:48.569+0000] {dag.py:2742} INFO - Sync 6 DAGs
[2024-08-17T22:10:48.606+0000] {logging_mixin.py:150} INFO - [2024-08-17T22:10:48.605+0000] {dag.py:3508} INFO - Setting next_dagrun for dataset_consumes_1 to None, run_after=None
[2024-08-17T22:10:48.611+0000] {logging_mixin.py:150} INFO - [2024-08-17T22:10:48.610+0000] {dag.py:3508} INFO - Setting next_dagrun for dataset_consumes_1_and_2 to None, run_after=None
[2024-08-17T22:10:48.612+0000] {logging_mixin.py:150} INFO - [2024-08-17T22:10:48.612+0000] {dag.py:3508} INFO - Setting next_dagrun for dataset_consumes_1_never_scheduled to None, run_after=None
[2024-08-17T22:10:48.615+0000] {logging_mixin.py:150} INFO - [2024-08-17T22:10:48.615+0000] {dag.py:3508} INFO - Setting next_dagrun for dataset_consumes_unknown_never_scheduled to None, run_after=None
[2024-08-17T22:10:48.620+0000] {logging_mixin.py:150} INFO - [2024-08-17T22:10:48.620+0000] {dag.py:3508} INFO - Setting next_dagrun for dataset_produces_1 to 2024-08-16T00:00:00+00:00, run_after=2024-08-17T00:00:00+00:00
[2024-08-17T22:10:48.623+0000] {logging_mixin.py:150} INFO - [2024-08-17T22:10:48.623+0000] {dag.py:3508} INFO - Setting next_dagrun for dataset_produces_2 to None, run_after=None
[2024-08-17T22:10:48.674+0000] {processor.py:179} INFO - Processing /home/airflow/.local/lib/python3.7/site-packages/airflow/example_dags/example_datasets.py took 0.188 seconds
[2024-08-17T22:12:16.501+0000] {processor.py:157} INFO - Started process (PID=326) to work on /home/airflow/.local/lib/python3.7/site-packages/airflow/example_dags/example_datasets.py
[2024-08-17T22:12:16.502+0000] {processor.py:826} INFO - Processing file /home/airflow/.local/lib/python3.7/site-packages/airflow/example_dags/example_datasets.py for tasks to queue
[2024-08-17T22:12:16.504+0000] {logging_mixin.py:150} INFO - [2024-08-17T22:12:16.503+0000] {dagbag.py:541} INFO - Filling up the DagBag from /home/airflow/.local/lib/python3.7/site-packages/airflow/example_dags/example_datasets.py
[2024-08-17T22:12:16.519+0000] {processor.py:836} INFO - DAG(s) dict_keys(['dataset_consumes_1_and_2', 'dataset_produces_1', 'dataset_consumes_unknown_never_scheduled', 'dataset_consumes_1', 'dataset_produces_2', 'dataset_consumes_1_never_scheduled']) retrieved from /home/airflow/.local/lib/python3.7/site-packages/airflow/example_dags/example_datasets.py
[2024-08-17T22:12:16.588+0000] {logging_mixin.py:150} INFO - [2024-08-17T22:12:16.588+0000] {dag.py:2742} INFO - Sync 6 DAGs
[2024-08-17T22:12:16.636+0000] {logging_mixin.py:150} INFO - [2024-08-17T22:12:16.635+0000] {dag.py:3508} INFO - Setting next_dagrun for dataset_consumes_1 to None, run_after=None
[2024-08-17T22:12:16.641+0000] {logging_mixin.py:150} INFO - [2024-08-17T22:12:16.641+0000] {dag.py:3508} INFO - Setting next_dagrun for dataset_consumes_1_and_2 to None, run_after=None
[2024-08-17T22:12:16.644+0000] {logging_mixin.py:150} INFO - [2024-08-17T22:12:16.643+0000] {dag.py:3508} INFO - Setting next_dagrun for dataset_consumes_1_never_scheduled to None, run_after=None
[2024-08-17T22:12:16.646+0000] {logging_mixin.py:150} INFO - [2024-08-17T22:12:16.646+0000] {dag.py:3508} INFO - Setting next_dagrun for dataset_consumes_unknown_never_scheduled to None, run_after=None
[2024-08-17T22:12:16.650+0000] {logging_mixin.py:150} INFO - [2024-08-17T22:12:16.650+0000] {dag.py:3508} INFO - Setting next_dagrun for dataset_produces_1 to 2024-08-16T00:00:00+00:00, run_after=2024-08-17T00:00:00+00:00
[2024-08-17T22:12:16.653+0000] {logging_mixin.py:150} INFO - [2024-08-17T22:12:16.652+0000] {dag.py:3508} INFO - Setting next_dagrun for dataset_produces_2 to None, run_after=None
[2024-08-17T22:12:16.710+0000] {processor.py:179} INFO - Processing /home/airflow/.local/lib/python3.7/site-packages/airflow/example_dags/example_datasets.py took 0.214 seconds
[2024-08-17T22:12:46.798+0000] {processor.py:157} INFO - Started process (PID=561) to work on /home/airflow/.local/lib/python3.7/site-packages/airflow/example_dags/example_datasets.py
[2024-08-17T22:12:46.800+0000] {processor.py:826} INFO - Processing file /home/airflow/.local/lib/python3.7/site-packages/airflow/example_dags/example_datasets.py for tasks to queue
[2024-08-17T22:12:46.802+0000] {logging_mixin.py:150} INFO - [2024-08-17T22:12:46.801+0000] {dagbag.py:541} INFO - Filling up the DagBag from /home/airflow/.local/lib/python3.7/site-packages/airflow/example_dags/example_datasets.py
[2024-08-17T22:12:46.816+0000] {processor.py:836} INFO - DAG(s) dict_keys(['dataset_consumes_1_never_scheduled', 'dataset_consumes_unknown_never_scheduled', 'dataset_consumes_1_and_2', 'dataset_produces_1', 'dataset_produces_2', 'dataset_consumes_1']) retrieved from /home/airflow/.local/lib/python3.7/site-packages/airflow/example_dags/example_datasets.py
[2024-08-17T22:12:46.875+0000] {logging_mixin.py:150} INFO - [2024-08-17T22:12:46.875+0000] {dag.py:2742} INFO - Sync 6 DAGs
[2024-08-17T22:12:46.911+0000] {logging_mixin.py:150} INFO - [2024-08-17T22:12:46.911+0000] {dag.py:3508} INFO - Setting next_dagrun for dataset_consumes_1 to None, run_after=None
[2024-08-17T22:12:46.917+0000] {logging_mixin.py:150} INFO - [2024-08-17T22:12:46.917+0000] {dag.py:3508} INFO - Setting next_dagrun for dataset_consumes_1_and_2 to None, run_after=None
[2024-08-17T22:12:46.919+0000] {logging_mixin.py:150} INFO - [2024-08-17T22:12:46.918+0000] {dag.py:3508} INFO - Setting next_dagrun for dataset_consumes_1_never_scheduled to None, run_after=None
[2024-08-17T22:12:46.921+0000] {logging_mixin.py:150} INFO - [2024-08-17T22:12:46.921+0000] {dag.py:3508} INFO - Setting next_dagrun for dataset_consumes_unknown_never_scheduled to None, run_after=None
[2024-08-17T22:12:46.925+0000] {logging_mixin.py:150} INFO - [2024-08-17T22:12:46.925+0000] {dag.py:3508} INFO - Setting next_dagrun for dataset_produces_1 to 2024-08-16T00:00:00+00:00, run_after=2024-08-17T00:00:00+00:00
[2024-08-17T22:12:46.927+0000] {logging_mixin.py:150} INFO - [2024-08-17T22:12:46.926+0000] {dag.py:3508} INFO - Setting next_dagrun for dataset_produces_2 to None, run_after=None
[2024-08-17T22:12:46.969+0000] {processor.py:179} INFO - Processing /home/airflow/.local/lib/python3.7/site-packages/airflow/example_dags/example_datasets.py took 0.175 seconds
[2024-08-17T22:13:17.276+0000] {processor.py:157} INFO - Started process (PID=797) to work on /home/airflow/.local/lib/python3.7/site-packages/airflow/example_dags/example_datasets.py
[2024-08-17T22:13:17.277+0000] {processor.py:826} INFO - Processing file /home/airflow/.local/lib/python3.7/site-packages/airflow/example_dags/example_datasets.py for tasks to queue
[2024-08-17T22:13:17.278+0000] {logging_mixin.py:150} INFO - [2024-08-17T22:13:17.278+0000] {dagbag.py:541} INFO - Filling up the DagBag from /home/airflow/.local/lib/python3.7/site-packages/airflow/example_dags/example_datasets.py
[2024-08-17T22:13:17.289+0000] {processor.py:836} INFO - DAG(s) dict_keys(['dataset_consumes_1_and_2', 'dataset_consumes_1', 'dataset_produces_1', 'dataset_consumes_1_never_scheduled', 'dataset_consumes_unknown_never_scheduled', 'dataset_produces_2']) retrieved from /home/airflow/.local/lib/python3.7/site-packages/airflow/example_dags/example_datasets.py
[2024-08-17T22:13:17.342+0000] {logging_mixin.py:150} INFO - [2024-08-17T22:13:17.342+0000] {dag.py:2742} INFO - Sync 6 DAGs
[2024-08-17T22:13:17.379+0000] {logging_mixin.py:150} INFO - [2024-08-17T22:13:17.379+0000] {dag.py:3508} INFO - Setting next_dagrun for dataset_consumes_1 to None, run_after=None
[2024-08-17T22:13:17.384+0000] {logging_mixin.py:150} INFO - [2024-08-17T22:13:17.383+0000] {dag.py:3508} INFO - Setting next_dagrun for dataset_consumes_1_and_2 to None, run_after=None
[2024-08-17T22:13:17.385+0000] {logging_mixin.py:150} INFO - [2024-08-17T22:13:17.385+0000] {dag.py:3508} INFO - Setting next_dagrun for dataset_consumes_1_never_scheduled to None, run_after=None
[2024-08-17T22:13:17.387+0000] {logging_mixin.py:150} INFO - [2024-08-17T22:13:17.387+0000] {dag.py:3508} INFO - Setting next_dagrun for dataset_consumes_unknown_never_scheduled to None, run_after=None
[2024-08-17T22:13:17.390+0000] {logging_mixin.py:150} INFO - [2024-08-17T22:13:17.390+0000] {dag.py:3508} INFO - Setting next_dagrun for dataset_produces_1 to 2024-08-16T00:00:00+00:00, run_after=2024-08-17T00:00:00+00:00
[2024-08-17T22:13:17.392+0000] {logging_mixin.py:150} INFO - [2024-08-17T22:13:17.392+0000] {dag.py:3508} INFO - Setting next_dagrun for dataset_produces_2 to None, run_after=None
[2024-08-17T22:13:17.436+0000] {processor.py:179} INFO - Processing /home/airflow/.local/lib/python3.7/site-packages/airflow/example_dags/example_datasets.py took 0.163 seconds
[2024-08-17T22:13:47.799+0000] {processor.py:157} INFO - Started process (PID=1035) to work on /home/airflow/.local/lib/python3.7/site-packages/airflow/example_dags/example_datasets.py
[2024-08-17T22:13:47.800+0000] {processor.py:826} INFO - Processing file /home/airflow/.local/lib/python3.7/site-packages/airflow/example_dags/example_datasets.py for tasks to queue
[2024-08-17T22:13:47.801+0000] {logging_mixin.py:150} INFO - [2024-08-17T22:13:47.800+0000] {dagbag.py:541} INFO - Filling up the DagBag from /home/airflow/.local/lib/python3.7/site-packages/airflow/example_dags/example_datasets.py
[2024-08-17T22:13:47.813+0000] {processor.py:836} INFO - DAG(s) dict_keys(['dataset_consumes_1', 'dataset_produces_2', 'dataset_consumes_1_and_2', 'dataset_produces_1', 'dataset_consumes_1_never_scheduled', 'dataset_consumes_unknown_never_scheduled']) retrieved from /home/airflow/.local/lib/python3.7/site-packages/airflow/example_dags/example_datasets.py
[2024-08-17T22:13:47.870+0000] {logging_mixin.py:150} INFO - [2024-08-17T22:13:47.870+0000] {dag.py:2742} INFO - Sync 6 DAGs
[2024-08-17T22:13:47.908+0000] {logging_mixin.py:150} INFO - [2024-08-17T22:13:47.907+0000] {dag.py:3508} INFO - Setting next_dagrun for dataset_consumes_1 to None, run_after=None
[2024-08-17T22:13:47.912+0000] {logging_mixin.py:150} INFO - [2024-08-17T22:13:47.912+0000] {dag.py:3508} INFO - Setting next_dagrun for dataset_consumes_1_and_2 to None, run_after=None
[2024-08-17T22:13:47.914+0000] {logging_mixin.py:150} INFO - [2024-08-17T22:13:47.914+0000] {dag.py:3508} INFO - Setting next_dagrun for dataset_consumes_1_never_scheduled to None, run_after=None
[2024-08-17T22:13:47.916+0000] {logging_mixin.py:150} INFO - [2024-08-17T22:13:47.916+0000] {dag.py:3508} INFO - Setting next_dagrun for dataset_consumes_unknown_never_scheduled to None, run_after=None
[2024-08-17T22:13:47.920+0000] {logging_mixin.py:150} INFO - [2024-08-17T22:13:47.920+0000] {dag.py:3508} INFO - Setting next_dagrun for dataset_produces_1 to 2024-08-16T00:00:00+00:00, run_after=2024-08-17T00:00:00+00:00
[2024-08-17T22:13:47.922+0000] {logging_mixin.py:150} INFO - [2024-08-17T22:13:47.922+0000] {dag.py:3508} INFO - Setting next_dagrun for dataset_produces_2 to None, run_after=None
[2024-08-17T22:13:47.967+0000] {processor.py:179} INFO - Processing /home/airflow/.local/lib/python3.7/site-packages/airflow/example_dags/example_datasets.py took 0.173 seconds
[2024-08-17T22:14:18.122+0000] {processor.py:157} INFO - Started process (PID=1273) to work on /home/airflow/.local/lib/python3.7/site-packages/airflow/example_dags/example_datasets.py
[2024-08-17T22:14:18.124+0000] {processor.py:826} INFO - Processing file /home/airflow/.local/lib/python3.7/site-packages/airflow/example_dags/example_datasets.py for tasks to queue
[2024-08-17T22:14:18.125+0000] {logging_mixin.py:150} INFO - [2024-08-17T22:14:18.125+0000] {dagbag.py:541} INFO - Filling up the DagBag from /home/airflow/.local/lib/python3.7/site-packages/airflow/example_dags/example_datasets.py
[2024-08-17T22:14:18.137+0000] {processor.py:836} INFO - DAG(s) dict_keys(['dataset_consumes_unknown_never_scheduled', 'dataset_produces_1', 'dataset_consumes_1_never_scheduled', 'dataset_consumes_1', 'dataset_produces_2', 'dataset_consumes_1_and_2']) retrieved from /home/airflow/.local/lib/python3.7/site-packages/airflow/example_dags/example_datasets.py
[2024-08-17T22:14:18.201+0000] {logging_mixin.py:150} INFO - [2024-08-17T22:14:18.200+0000] {dag.py:2742} INFO - Sync 6 DAGs
[2024-08-17T22:14:18.245+0000] {logging_mixin.py:150} INFO - [2024-08-17T22:14:18.245+0000] {dag.py:3508} INFO - Setting next_dagrun for dataset_consumes_1 to None, run_after=None
[2024-08-17T22:14:18.250+0000] {logging_mixin.py:150} INFO - [2024-08-17T22:14:18.250+0000] {dag.py:3508} INFO - Setting next_dagrun for dataset_consumes_1_and_2 to None, run_after=None
[2024-08-17T22:14:18.252+0000] {logging_mixin.py:150} INFO - [2024-08-17T22:14:18.252+0000] {dag.py:3508} INFO - Setting next_dagrun for dataset_consumes_1_never_scheduled to None, run_after=None
[2024-08-17T22:14:18.254+0000] {logging_mixin.py:150} INFO - [2024-08-17T22:14:18.254+0000] {dag.py:3508} INFO - Setting next_dagrun for dataset_consumes_unknown_never_scheduled to None, run_after=None
[2024-08-17T22:14:18.259+0000] {logging_mixin.py:150} INFO - [2024-08-17T22:14:18.258+0000] {dag.py:3508} INFO - Setting next_dagrun for dataset_produces_1 to 2024-08-16T00:00:00+00:00, run_after=2024-08-17T00:00:00+00:00
[2024-08-17T22:14:18.261+0000] {logging_mixin.py:150} INFO - [2024-08-17T22:14:18.261+0000] {dag.py:3508} INFO - Setting next_dagrun for dataset_produces_2 to None, run_after=None
[2024-08-17T22:14:18.312+0000] {processor.py:179} INFO - Processing /home/airflow/.local/lib/python3.7/site-packages/airflow/example_dags/example_datasets.py took 0.194 seconds
[2024-08-17T22:14:49.419+0000] {processor.py:157} INFO - Started process (PID=1513) to work on /home/airflow/.local/lib/python3.7/site-packages/airflow/example_dags/example_datasets.py
[2024-08-17T22:14:49.421+0000] {processor.py:826} INFO - Processing file /home/airflow/.local/lib/python3.7/site-packages/airflow/example_dags/example_datasets.py for tasks to queue
[2024-08-17T22:14:49.422+0000] {logging_mixin.py:150} INFO - [2024-08-17T22:14:49.422+0000] {dagbag.py:541} INFO - Filling up the DagBag from /home/airflow/.local/lib/python3.7/site-packages/airflow/example_dags/example_datasets.py
[2024-08-17T22:14:49.436+0000] {processor.py:836} INFO - DAG(s) dict_keys(['dataset_consumes_1', 'dataset_consumes_1_never_scheduled', 'dataset_consumes_1_and_2', 'dataset_produces_2', 'dataset_produces_1', 'dataset_consumes_unknown_never_scheduled']) retrieved from /home/airflow/.local/lib/python3.7/site-packages/airflow/example_dags/example_datasets.py
[2024-08-17T22:14:49.499+0000] {logging_mixin.py:150} INFO - [2024-08-17T22:14:49.499+0000] {dag.py:2742} INFO - Sync 6 DAGs
[2024-08-17T22:14:49.539+0000] {logging_mixin.py:150} INFO - [2024-08-17T22:14:49.539+0000] {dag.py:3508} INFO - Setting next_dagrun for dataset_consumes_1 to None, run_after=None
[2024-08-17T22:14:49.546+0000] {logging_mixin.py:150} INFO - [2024-08-17T22:14:49.545+0000] {dag.py:3508} INFO - Setting next_dagrun for dataset_consumes_1_and_2 to None, run_after=None
[2024-08-17T22:14:49.548+0000] {logging_mixin.py:150} INFO - [2024-08-17T22:14:49.548+0000] {dag.py:3508} INFO - Setting next_dagrun for dataset_consumes_1_never_scheduled to None, run_after=None
[2024-08-17T22:14:49.550+0000] {logging_mixin.py:150} INFO - [2024-08-17T22:14:49.550+0000] {dag.py:3508} INFO - Setting next_dagrun for dataset_consumes_unknown_never_scheduled to None, run_after=None
[2024-08-17T22:14:49.554+0000] {logging_mixin.py:150} INFO - [2024-08-17T22:14:49.554+0000] {dag.py:3508} INFO - Setting next_dagrun for dataset_produces_1 to 2024-08-16T00:00:00+00:00, run_after=2024-08-17T00:00:00+00:00
[2024-08-17T22:14:49.556+0000] {logging_mixin.py:150} INFO - [2024-08-17T22:14:49.556+0000] {dag.py:3508} INFO - Setting next_dagrun for dataset_produces_2 to None, run_after=None
[2024-08-17T22:14:49.611+0000] {processor.py:179} INFO - Processing /home/airflow/.local/lib/python3.7/site-packages/airflow/example_dags/example_datasets.py took 0.198 seconds
[2024-08-17T22:15:19.706+0000] {processor.py:157} INFO - Started process (PID=1756) to work on /home/airflow/.local/lib/python3.7/site-packages/airflow/example_dags/example_datasets.py
[2024-08-17T22:15:19.707+0000] {processor.py:826} INFO - Processing file /home/airflow/.local/lib/python3.7/site-packages/airflow/example_dags/example_datasets.py for tasks to queue
[2024-08-17T22:15:19.708+0000] {logging_mixin.py:150} INFO - [2024-08-17T22:15:19.708+0000] {dagbag.py:541} INFO - Filling up the DagBag from /home/airflow/.local/lib/python3.7/site-packages/airflow/example_dags/example_datasets.py
[2024-08-17T22:15:19.721+0000] {processor.py:836} INFO - DAG(s) dict_keys(['dataset_produces_2', 'dataset_consumes_unknown_never_scheduled', 'dataset_consumes_1', 'dataset_produces_1', 'dataset_consumes_1_never_scheduled', 'dataset_consumes_1_and_2']) retrieved from /home/airflow/.local/lib/python3.7/site-packages/airflow/example_dags/example_datasets.py
[2024-08-17T22:15:19.772+0000] {logging_mixin.py:150} INFO - [2024-08-17T22:15:19.772+0000] {dag.py:2742} INFO - Sync 6 DAGs
[2024-08-17T22:15:19.805+0000] {logging_mixin.py:150} INFO - [2024-08-17T22:15:19.805+0000] {dag.py:3508} INFO - Setting next_dagrun for dataset_consumes_1 to None, run_after=None
[2024-08-17T22:15:19.809+0000] {logging_mixin.py:150} INFO - [2024-08-17T22:15:19.809+0000] {dag.py:3508} INFO - Setting next_dagrun for dataset_consumes_1_and_2 to None, run_after=None
[2024-08-17T22:15:19.811+0000] {logging_mixin.py:150} INFO - [2024-08-17T22:15:19.811+0000] {dag.py:3508} INFO - Setting next_dagrun for dataset_consumes_1_never_scheduled to None, run_after=None
[2024-08-17T22:15:19.812+0000] {logging_mixin.py:150} INFO - [2024-08-17T22:15:19.812+0000] {dag.py:3508} INFO - Setting next_dagrun for dataset_consumes_unknown_never_scheduled to None, run_after=None
[2024-08-17T22:15:19.816+0000] {logging_mixin.py:150} INFO - [2024-08-17T22:15:19.816+0000] {dag.py:3508} INFO - Setting next_dagrun for dataset_produces_1 to 2024-08-16T00:00:00+00:00, run_after=2024-08-17T00:00:00+00:00
[2024-08-17T22:15:19.818+0000] {logging_mixin.py:150} INFO - [2024-08-17T22:15:19.817+0000] {dag.py:3508} INFO - Setting next_dagrun for dataset_produces_2 to None, run_after=None
[2024-08-17T22:15:19.865+0000] {processor.py:179} INFO - Processing /home/airflow/.local/lib/python3.7/site-packages/airflow/example_dags/example_datasets.py took 0.163 seconds
[2024-08-17T22:15:49.920+0000] {processor.py:157} INFO - Started process (PID=1994) to work on /home/airflow/.local/lib/python3.7/site-packages/airflow/example_dags/example_datasets.py
[2024-08-17T22:15:49.921+0000] {processor.py:826} INFO - Processing file /home/airflow/.local/lib/python3.7/site-packages/airflow/example_dags/example_datasets.py for tasks to queue
[2024-08-17T22:15:49.923+0000] {logging_mixin.py:150} INFO - [2024-08-17T22:15:49.922+0000] {dagbag.py:541} INFO - Filling up the DagBag from /home/airflow/.local/lib/python3.7/site-packages/airflow/example_dags/example_datasets.py
[2024-08-17T22:15:49.935+0000] {processor.py:836} INFO - DAG(s) dict_keys(['dataset_consumes_1_never_scheduled', 'dataset_produces_1', 'dataset_consumes_1_and_2', 'dataset_consumes_unknown_never_scheduled', 'dataset_consumes_1', 'dataset_produces_2']) retrieved from /home/airflow/.local/lib/python3.7/site-packages/airflow/example_dags/example_datasets.py
[2024-08-17T22:15:49.985+0000] {logging_mixin.py:150} INFO - [2024-08-17T22:15:49.984+0000] {dag.py:2742} INFO - Sync 6 DAGs
[2024-08-17T22:15:50.017+0000] {logging_mixin.py:150} INFO - [2024-08-17T22:15:50.016+0000] {dag.py:3508} INFO - Setting next_dagrun for dataset_consumes_1 to None, run_after=None
[2024-08-17T22:15:50.021+0000] {logging_mixin.py:150} INFO - [2024-08-17T22:15:50.021+0000] {dag.py:3508} INFO - Setting next_dagrun for dataset_consumes_1_and_2 to None, run_after=None
[2024-08-17T22:15:50.023+0000] {logging_mixin.py:150} INFO - [2024-08-17T22:15:50.023+0000] {dag.py:3508} INFO - Setting next_dagrun for dataset_consumes_1_never_scheduled to None, run_after=None
[2024-08-17T22:15:50.025+0000] {logging_mixin.py:150} INFO - [2024-08-17T22:15:50.025+0000] {dag.py:3508} INFO - Setting next_dagrun for dataset_consumes_unknown_never_scheduled to None, run_after=None
[2024-08-17T22:15:50.028+0000] {logging_mixin.py:150} INFO - [2024-08-17T22:15:50.028+0000] {dag.py:3508} INFO - Setting next_dagrun for dataset_produces_1 to 2024-08-16T00:00:00+00:00, run_after=2024-08-17T00:00:00+00:00
[2024-08-17T22:15:50.030+0000] {logging_mixin.py:150} INFO - [2024-08-17T22:15:50.030+0000] {dag.py:3508} INFO - Setting next_dagrun for dataset_produces_2 to None, run_after=None
[2024-08-17T22:15:50.075+0000] {processor.py:179} INFO - Processing /home/airflow/.local/lib/python3.7/site-packages/airflow/example_dags/example_datasets.py took 0.159 seconds
[2024-08-17T22:16:20.281+0000] {processor.py:157} INFO - Started process (PID=2225) to work on /home/airflow/.local/lib/python3.7/site-packages/airflow/example_dags/example_datasets.py
[2024-08-17T22:16:20.282+0000] {processor.py:826} INFO - Processing file /home/airflow/.local/lib/python3.7/site-packages/airflow/example_dags/example_datasets.py for tasks to queue
[2024-08-17T22:16:20.283+0000] {logging_mixin.py:150} INFO - [2024-08-17T22:16:20.283+0000] {dagbag.py:541} INFO - Filling up the DagBag from /home/airflow/.local/lib/python3.7/site-packages/airflow/example_dags/example_datasets.py
[2024-08-17T22:16:20.295+0000] {processor.py:836} INFO - DAG(s) dict_keys(['dataset_consumes_1_and_2', 'dataset_produces_2', 'dataset_produces_1', 'dataset_consumes_unknown_never_scheduled', 'dataset_consumes_1_never_scheduled', 'dataset_consumes_1']) retrieved from /home/airflow/.local/lib/python3.7/site-packages/airflow/example_dags/example_datasets.py
[2024-08-17T22:16:20.345+0000] {logging_mixin.py:150} INFO - [2024-08-17T22:16:20.345+0000] {dag.py:2742} INFO - Sync 6 DAGs
[2024-08-17T22:16:20.380+0000] {logging_mixin.py:150} INFO - [2024-08-17T22:16:20.380+0000] {dag.py:3508} INFO - Setting next_dagrun for dataset_consumes_1 to None, run_after=None
[2024-08-17T22:16:20.385+0000] {logging_mixin.py:150} INFO - [2024-08-17T22:16:20.385+0000] {dag.py:3508} INFO - Setting next_dagrun for dataset_consumes_1_and_2 to None, run_after=None
[2024-08-17T22:16:20.387+0000] {logging_mixin.py:150} INFO - [2024-08-17T22:16:20.386+0000] {dag.py:3508} INFO - Setting next_dagrun for dataset_consumes_1_never_scheduled to None, run_after=None
[2024-08-17T22:16:20.389+0000] {logging_mixin.py:150} INFO - [2024-08-17T22:16:20.389+0000] {dag.py:3508} INFO - Setting next_dagrun for dataset_consumes_unknown_never_scheduled to None, run_after=None
[2024-08-17T22:16:20.394+0000] {logging_mixin.py:150} INFO - [2024-08-17T22:16:20.393+0000] {dag.py:3508} INFO - Setting next_dagrun for dataset_produces_1 to 2024-08-16T00:00:00+00:00, run_after=2024-08-17T00:00:00+00:00
[2024-08-17T22:16:20.397+0000] {logging_mixin.py:150} INFO - [2024-08-17T22:16:20.397+0000] {dag.py:3508} INFO - Setting next_dagrun for dataset_produces_2 to None, run_after=None
[2024-08-17T22:16:20.448+0000] {processor.py:179} INFO - Processing /home/airflow/.local/lib/python3.7/site-packages/airflow/example_dags/example_datasets.py took 0.172 seconds
