[2024-08-17T22:04:00.601+0000] {processor.py:157} INFO - Started process (PID=332) to work on /home/airflow/.local/lib/python3.7/site-packages/airflow/example_dags/example_dynamic_task_mapping_with_no_taskflow_operators.py
[2024-08-17T22:04:00.602+0000] {processor.py:826} INFO - Processing file /home/airflow/.local/lib/python3.7/site-packages/airflow/example_dags/example_dynamic_task_mapping_with_no_taskflow_operators.py for tasks to queue
[2024-08-17T22:04:00.604+0000] {logging_mixin.py:150} INFO - [2024-08-17T22:04:00.604+0000] {dagbag.py:541} INFO - Filling up the DagBag from /home/airflow/.local/lib/python3.7/site-packages/airflow/example_dags/example_dynamic_task_mapping_with_no_taskflow_operators.py
[2024-08-17T22:04:00.617+0000] {processor.py:836} INFO - DAG(s) dict_keys(['example_dynamic_task_mapping_with_no_taskflow_operators']) retrieved from /home/airflow/.local/lib/python3.7/site-packages/airflow/example_dags/example_dynamic_task_mapping_with_no_taskflow_operators.py
[2024-08-17T22:04:00.636+0000] {logging_mixin.py:150} INFO - [2024-08-17T22:04:00.636+0000] {dag.py:2742} INFO - Sync 1 DAGs
[2024-08-17T22:04:00.658+0000] {logging_mixin.py:150} INFO - [2024-08-17T22:04:00.658+0000] {dag.py:2763} INFO - Creating ORM DAG for example_dynamic_task_mapping_with_no_taskflow_operators
[2024-08-17T22:04:00.674+0000] {logging_mixin.py:150} INFO - [2024-08-17T22:04:00.674+0000] {dag.py:3508} INFO - Setting next_dagrun for example_dynamic_task_mapping_with_no_taskflow_operators to 2024-08-16T22:04:00.674303+00:00, run_after=2024-08-17T22:04:00.674303+00:00
[2024-08-17T22:04:00.699+0000] {processor.py:179} INFO - Processing /home/airflow/.local/lib/python3.7/site-packages/airflow/example_dags/example_dynamic_task_mapping_with_no_taskflow_operators.py took 0.103 seconds
[2024-08-17T22:04:30.788+0000] {processor.py:157} INFO - Started process (PID=565) to work on /home/airflow/.local/lib/python3.7/site-packages/airflow/example_dags/example_dynamic_task_mapping_with_no_taskflow_operators.py
[2024-08-17T22:04:30.791+0000] {processor.py:826} INFO - Processing file /home/airflow/.local/lib/python3.7/site-packages/airflow/example_dags/example_dynamic_task_mapping_with_no_taskflow_operators.py for tasks to queue
[2024-08-17T22:04:30.792+0000] {logging_mixin.py:150} INFO - [2024-08-17T22:04:30.792+0000] {dagbag.py:541} INFO - Filling up the DagBag from /home/airflow/.local/lib/python3.7/site-packages/airflow/example_dags/example_dynamic_task_mapping_with_no_taskflow_operators.py
[2024-08-17T22:04:30.804+0000] {processor.py:836} INFO - DAG(s) dict_keys(['example_dynamic_task_mapping_with_no_taskflow_operators']) retrieved from /home/airflow/.local/lib/python3.7/site-packages/airflow/example_dags/example_dynamic_task_mapping_with_no_taskflow_operators.py
[2024-08-17T22:04:30.843+0000] {logging_mixin.py:150} INFO - [2024-08-17T22:04:30.843+0000] {dag.py:2742} INFO - Sync 1 DAGs
[2024-08-17T22:04:30.883+0000] {logging_mixin.py:150} INFO - [2024-08-17T22:04:30.883+0000] {dag.py:3508} INFO - Setting next_dagrun for example_dynamic_task_mapping_with_no_taskflow_operators to 2024-08-16T22:04:30.883042+00:00, run_after=2024-08-17T22:04:30.883042+00:00
[2024-08-17T22:04:30.919+0000] {processor.py:179} INFO - Processing /home/airflow/.local/lib/python3.7/site-packages/airflow/example_dags/example_dynamic_task_mapping_with_no_taskflow_operators.py took 0.136 seconds
[2024-08-17T22:05:01.595+0000] {processor.py:157} INFO - Started process (PID=803) to work on /home/airflow/.local/lib/python3.7/site-packages/airflow/example_dags/example_dynamic_task_mapping_with_no_taskflow_operators.py
[2024-08-17T22:05:01.598+0000] {processor.py:826} INFO - Processing file /home/airflow/.local/lib/python3.7/site-packages/airflow/example_dags/example_dynamic_task_mapping_with_no_taskflow_operators.py for tasks to queue
[2024-08-17T22:05:01.600+0000] {logging_mixin.py:150} INFO - [2024-08-17T22:05:01.600+0000] {dagbag.py:541} INFO - Filling up the DagBag from /home/airflow/.local/lib/python3.7/site-packages/airflow/example_dags/example_dynamic_task_mapping_with_no_taskflow_operators.py
[2024-08-17T22:05:01.616+0000] {processor.py:836} INFO - DAG(s) dict_keys(['example_dynamic_task_mapping_with_no_taskflow_operators']) retrieved from /home/airflow/.local/lib/python3.7/site-packages/airflow/example_dags/example_dynamic_task_mapping_with_no_taskflow_operators.py
[2024-08-17T22:05:01.664+0000] {logging_mixin.py:150} INFO - [2024-08-17T22:05:01.664+0000] {dag.py:2742} INFO - Sync 1 DAGs
[2024-08-17T22:05:01.719+0000] {logging_mixin.py:150} INFO - [2024-08-17T22:05:01.719+0000] {dag.py:3508} INFO - Setting next_dagrun for example_dynamic_task_mapping_with_no_taskflow_operators to 2024-08-16T22:05:01.718667+00:00, run_after=2024-08-17T22:05:01.718667+00:00
[2024-08-17T22:05:01.749+0000] {processor.py:179} INFO - Processing /home/airflow/.local/lib/python3.7/site-packages/airflow/example_dags/example_dynamic_task_mapping_with_no_taskflow_operators.py took 0.159 seconds
[2024-08-17T22:05:39.119+0000] {processor.py:157} INFO - Started process (PID=1041) to work on /home/airflow/.local/lib/python3.7/site-packages/airflow/example_dags/example_dynamic_task_mapping_with_no_taskflow_operators.py
[2024-08-17T22:05:39.122+0000] {processor.py:826} INFO - Processing file /home/airflow/.local/lib/python3.7/site-packages/airflow/example_dags/example_dynamic_task_mapping_with_no_taskflow_operators.py for tasks to queue
[2024-08-17T22:05:39.124+0000] {logging_mixin.py:150} INFO - [2024-08-17T22:05:39.124+0000] {dagbag.py:541} INFO - Filling up the DagBag from /home/airflow/.local/lib/python3.7/site-packages/airflow/example_dags/example_dynamic_task_mapping_with_no_taskflow_operators.py
[2024-08-17T22:05:39.145+0000] {processor.py:836} INFO - DAG(s) dict_keys(['example_dynamic_task_mapping_with_no_taskflow_operators']) retrieved from /home/airflow/.local/lib/python3.7/site-packages/airflow/example_dags/example_dynamic_task_mapping_with_no_taskflow_operators.py
[2024-08-17T22:05:39.225+0000] {logging_mixin.py:150} INFO - [2024-08-17T22:05:39.225+0000] {dag.py:2742} INFO - Sync 1 DAGs
[2024-08-17T22:05:39.283+0000] {logging_mixin.py:150} INFO - [2024-08-17T22:05:39.283+0000] {dag.py:3508} INFO - Setting next_dagrun for example_dynamic_task_mapping_with_no_taskflow_operators to 2024-08-16T22:05:39.283042+00:00, run_after=2024-08-17T22:05:39.283042+00:00
[2024-08-17T22:05:39.318+0000] {processor.py:179} INFO - Processing /home/airflow/.local/lib/python3.7/site-packages/airflow/example_dags/example_dynamic_task_mapping_with_no_taskflow_operators.py took 0.208 seconds
[2024-08-17T22:06:09.695+0000] {processor.py:157} INFO - Started process (PID=1279) to work on /home/airflow/.local/lib/python3.7/site-packages/airflow/example_dags/example_dynamic_task_mapping_with_no_taskflow_operators.py
[2024-08-17T22:06:09.697+0000] {processor.py:826} INFO - Processing file /home/airflow/.local/lib/python3.7/site-packages/airflow/example_dags/example_dynamic_task_mapping_with_no_taskflow_operators.py for tasks to queue
[2024-08-17T22:06:09.698+0000] {logging_mixin.py:150} INFO - [2024-08-17T22:06:09.697+0000] {dagbag.py:541} INFO - Filling up the DagBag from /home/airflow/.local/lib/python3.7/site-packages/airflow/example_dags/example_dynamic_task_mapping_with_no_taskflow_operators.py
[2024-08-17T22:06:09.711+0000] {processor.py:836} INFO - DAG(s) dict_keys(['example_dynamic_task_mapping_with_no_taskflow_operators']) retrieved from /home/airflow/.local/lib/python3.7/site-packages/airflow/example_dags/example_dynamic_task_mapping_with_no_taskflow_operators.py
[2024-08-17T22:06:09.749+0000] {logging_mixin.py:150} INFO - [2024-08-17T22:06:09.748+0000] {dag.py:2742} INFO - Sync 1 DAGs
[2024-08-17T22:06:09.780+0000] {logging_mixin.py:150} INFO - [2024-08-17T22:06:09.780+0000] {dag.py:3508} INFO - Setting next_dagrun for example_dynamic_task_mapping_with_no_taskflow_operators to 2024-08-16T22:06:09.780332+00:00, run_after=2024-08-17T22:06:09.780332+00:00
[2024-08-17T22:06:09.807+0000] {processor.py:179} INFO - Processing /home/airflow/.local/lib/python3.7/site-packages/airflow/example_dags/example_dynamic_task_mapping_with_no_taskflow_operators.py took 0.116 seconds
[2024-08-17T22:06:40.051+0000] {processor.py:157} INFO - Started process (PID=1517) to work on /home/airflow/.local/lib/python3.7/site-packages/airflow/example_dags/example_dynamic_task_mapping_with_no_taskflow_operators.py
[2024-08-17T22:06:40.053+0000] {processor.py:826} INFO - Processing file /home/airflow/.local/lib/python3.7/site-packages/airflow/example_dags/example_dynamic_task_mapping_with_no_taskflow_operators.py for tasks to queue
[2024-08-17T22:06:40.055+0000] {logging_mixin.py:150} INFO - [2024-08-17T22:06:40.055+0000] {dagbag.py:541} INFO - Filling up the DagBag from /home/airflow/.local/lib/python3.7/site-packages/airflow/example_dags/example_dynamic_task_mapping_with_no_taskflow_operators.py
[2024-08-17T22:06:40.067+0000] {processor.py:836} INFO - DAG(s) dict_keys(['example_dynamic_task_mapping_with_no_taskflow_operators']) retrieved from /home/airflow/.local/lib/python3.7/site-packages/airflow/example_dags/example_dynamic_task_mapping_with_no_taskflow_operators.py
[2024-08-17T22:06:40.096+0000] {logging_mixin.py:150} INFO - [2024-08-17T22:06:40.096+0000] {dag.py:2742} INFO - Sync 1 DAGs
[2024-08-17T22:06:40.135+0000] {logging_mixin.py:150} INFO - [2024-08-17T22:06:40.135+0000] {dag.py:3508} INFO - Setting next_dagrun for example_dynamic_task_mapping_with_no_taskflow_operators to 2024-08-16T22:06:40.134744+00:00, run_after=2024-08-17T22:06:40.134744+00:00
[2024-08-17T22:06:40.163+0000] {processor.py:179} INFO - Processing /home/airflow/.local/lib/python3.7/site-packages/airflow/example_dags/example_dynamic_task_mapping_with_no_taskflow_operators.py took 0.116 seconds
[2024-08-17T22:07:10.312+0000] {processor.py:157} INFO - Started process (PID=1755) to work on /home/airflow/.local/lib/python3.7/site-packages/airflow/example_dags/example_dynamic_task_mapping_with_no_taskflow_operators.py
[2024-08-17T22:07:10.314+0000] {processor.py:826} INFO - Processing file /home/airflow/.local/lib/python3.7/site-packages/airflow/example_dags/example_dynamic_task_mapping_with_no_taskflow_operators.py for tasks to queue
[2024-08-17T22:07:10.315+0000] {logging_mixin.py:150} INFO - [2024-08-17T22:07:10.315+0000] {dagbag.py:541} INFO - Filling up the DagBag from /home/airflow/.local/lib/python3.7/site-packages/airflow/example_dags/example_dynamic_task_mapping_with_no_taskflow_operators.py
[2024-08-17T22:07:10.325+0000] {processor.py:836} INFO - DAG(s) dict_keys(['example_dynamic_task_mapping_with_no_taskflow_operators']) retrieved from /home/airflow/.local/lib/python3.7/site-packages/airflow/example_dags/example_dynamic_task_mapping_with_no_taskflow_operators.py
[2024-08-17T22:07:10.354+0000] {logging_mixin.py:150} INFO - [2024-08-17T22:07:10.354+0000] {dag.py:2742} INFO - Sync 1 DAGs
[2024-08-17T22:07:10.386+0000] {logging_mixin.py:150} INFO - [2024-08-17T22:07:10.386+0000] {dag.py:3508} INFO - Setting next_dagrun for example_dynamic_task_mapping_with_no_taskflow_operators to 2024-08-16T22:07:10.386403+00:00, run_after=2024-08-17T22:07:10.386403+00:00
[2024-08-17T22:07:10.412+0000] {processor.py:179} INFO - Processing /home/airflow/.local/lib/python3.7/site-packages/airflow/example_dags/example_dynamic_task_mapping_with_no_taskflow_operators.py took 0.104 seconds
[2024-08-17T22:07:40.904+0000] {processor.py:157} INFO - Started process (PID=1993) to work on /home/airflow/.local/lib/python3.7/site-packages/airflow/example_dags/example_dynamic_task_mapping_with_no_taskflow_operators.py
[2024-08-17T22:07:40.905+0000] {processor.py:826} INFO - Processing file /home/airflow/.local/lib/python3.7/site-packages/airflow/example_dags/example_dynamic_task_mapping_with_no_taskflow_operators.py for tasks to queue
[2024-08-17T22:07:40.907+0000] {logging_mixin.py:150} INFO - [2024-08-17T22:07:40.906+0000] {dagbag.py:541} INFO - Filling up the DagBag from /home/airflow/.local/lib/python3.7/site-packages/airflow/example_dags/example_dynamic_task_mapping_with_no_taskflow_operators.py
[2024-08-17T22:07:40.915+0000] {processor.py:836} INFO - DAG(s) dict_keys(['example_dynamic_task_mapping_with_no_taskflow_operators']) retrieved from /home/airflow/.local/lib/python3.7/site-packages/airflow/example_dags/example_dynamic_task_mapping_with_no_taskflow_operators.py
[2024-08-17T22:07:40.949+0000] {logging_mixin.py:150} INFO - [2024-08-17T22:07:40.949+0000] {dag.py:2742} INFO - Sync 1 DAGs
[2024-08-17T22:07:40.982+0000] {logging_mixin.py:150} INFO - [2024-08-17T22:07:40.981+0000] {dag.py:3508} INFO - Setting next_dagrun for example_dynamic_task_mapping_with_no_taskflow_operators to 2024-08-16T22:07:40.981658+00:00, run_after=2024-08-17T22:07:40.981658+00:00
[2024-08-17T22:07:41.009+0000] {processor.py:179} INFO - Processing /home/airflow/.local/lib/python3.7/site-packages/airflow/example_dags/example_dynamic_task_mapping_with_no_taskflow_operators.py took 0.109 seconds
[2024-08-17T22:08:15.487+0000] {processor.py:157} INFO - Started process (PID=2359) to work on /home/airflow/.local/lib/python3.7/site-packages/airflow/example_dags/example_dynamic_task_mapping_with_no_taskflow_operators.py
[2024-08-17T22:08:15.489+0000] {processor.py:826} INFO - Processing file /home/airflow/.local/lib/python3.7/site-packages/airflow/example_dags/example_dynamic_task_mapping_with_no_taskflow_operators.py for tasks to queue
[2024-08-17T22:08:15.490+0000] {logging_mixin.py:150} INFO - [2024-08-17T22:08:15.490+0000] {dagbag.py:541} INFO - Filling up the DagBag from /home/airflow/.local/lib/python3.7/site-packages/airflow/example_dags/example_dynamic_task_mapping_with_no_taskflow_operators.py
[2024-08-17T22:08:15.501+0000] {processor.py:836} INFO - DAG(s) dict_keys(['example_dynamic_task_mapping_with_no_taskflow_operators']) retrieved from /home/airflow/.local/lib/python3.7/site-packages/airflow/example_dags/example_dynamic_task_mapping_with_no_taskflow_operators.py
[2024-08-17T22:08:15.556+0000] {logging_mixin.py:150} INFO - [2024-08-17T22:08:15.556+0000] {dag.py:2742} INFO - Sync 1 DAGs
[2024-08-17T22:08:15.614+0000] {logging_mixin.py:150} INFO - [2024-08-17T22:08:15.614+0000] {dag.py:3508} INFO - Setting next_dagrun for example_dynamic_task_mapping_with_no_taskflow_operators to 2024-08-16T22:08:15.613569+00:00, run_after=2024-08-17T22:08:15.613569+00:00
[2024-08-17T22:08:15.650+0000] {processor.py:179} INFO - Processing /home/airflow/.local/lib/python3.7/site-packages/airflow/example_dags/example_dynamic_task_mapping_with_no_taskflow_operators.py took 0.169 seconds
[2024-08-17T22:08:46.161+0000] {processor.py:157} INFO - Started process (PID=2601) to work on /home/airflow/.local/lib/python3.7/site-packages/airflow/example_dags/example_dynamic_task_mapping_with_no_taskflow_operators.py
[2024-08-17T22:08:46.162+0000] {processor.py:826} INFO - Processing file /home/airflow/.local/lib/python3.7/site-packages/airflow/example_dags/example_dynamic_task_mapping_with_no_taskflow_operators.py for tasks to queue
[2024-08-17T22:08:46.163+0000] {logging_mixin.py:150} INFO - [2024-08-17T22:08:46.163+0000] {dagbag.py:541} INFO - Filling up the DagBag from /home/airflow/.local/lib/python3.7/site-packages/airflow/example_dags/example_dynamic_task_mapping_with_no_taskflow_operators.py
[2024-08-17T22:08:46.172+0000] {processor.py:836} INFO - DAG(s) dict_keys(['example_dynamic_task_mapping_with_no_taskflow_operators']) retrieved from /home/airflow/.local/lib/python3.7/site-packages/airflow/example_dags/example_dynamic_task_mapping_with_no_taskflow_operators.py
[2024-08-17T22:08:46.202+0000] {logging_mixin.py:150} INFO - [2024-08-17T22:08:46.202+0000] {dag.py:2742} INFO - Sync 1 DAGs
[2024-08-17T22:08:46.235+0000] {logging_mixin.py:150} INFO - [2024-08-17T22:08:46.235+0000] {dag.py:3508} INFO - Setting next_dagrun for example_dynamic_task_mapping_with_no_taskflow_operators to 2024-08-16T22:08:46.235178+00:00, run_after=2024-08-17T22:08:46.235178+00:00
[2024-08-17T22:08:46.262+0000] {processor.py:179} INFO - Processing /home/airflow/.local/lib/python3.7/site-packages/airflow/example_dags/example_dynamic_task_mapping_with_no_taskflow_operators.py took 0.105 seconds
[2024-08-17T22:09:16.531+0000] {processor.py:157} INFO - Started process (PID=2839) to work on /home/airflow/.local/lib/python3.7/site-packages/airflow/example_dags/example_dynamic_task_mapping_with_no_taskflow_operators.py
[2024-08-17T22:09:16.533+0000] {processor.py:826} INFO - Processing file /home/airflow/.local/lib/python3.7/site-packages/airflow/example_dags/example_dynamic_task_mapping_with_no_taskflow_operators.py for tasks to queue
[2024-08-17T22:09:16.534+0000] {logging_mixin.py:150} INFO - [2024-08-17T22:09:16.534+0000] {dagbag.py:541} INFO - Filling up the DagBag from /home/airflow/.local/lib/python3.7/site-packages/airflow/example_dags/example_dynamic_task_mapping_with_no_taskflow_operators.py
[2024-08-17T22:09:16.543+0000] {processor.py:836} INFO - DAG(s) dict_keys(['example_dynamic_task_mapping_with_no_taskflow_operators']) retrieved from /home/airflow/.local/lib/python3.7/site-packages/airflow/example_dags/example_dynamic_task_mapping_with_no_taskflow_operators.py
[2024-08-17T22:09:16.576+0000] {logging_mixin.py:150} INFO - [2024-08-17T22:09:16.575+0000] {dag.py:2742} INFO - Sync 1 DAGs
[2024-08-17T22:09:16.625+0000] {logging_mixin.py:150} INFO - [2024-08-17T22:09:16.624+0000] {dag.py:3508} INFO - Setting next_dagrun for example_dynamic_task_mapping_with_no_taskflow_operators to 2024-08-16T22:09:16.624349+00:00, run_after=2024-08-17T22:09:16.624349+00:00
[2024-08-17T22:09:16.663+0000] {processor.py:179} INFO - Processing /home/airflow/.local/lib/python3.7/site-packages/airflow/example_dags/example_dynamic_task_mapping_with_no_taskflow_operators.py took 0.136 seconds
[2024-08-17T22:09:46.925+0000] {processor.py:157} INFO - Started process (PID=3077) to work on /home/airflow/.local/lib/python3.7/site-packages/airflow/example_dags/example_dynamic_task_mapping_with_no_taskflow_operators.py
[2024-08-17T22:09:46.926+0000] {processor.py:826} INFO - Processing file /home/airflow/.local/lib/python3.7/site-packages/airflow/example_dags/example_dynamic_task_mapping_with_no_taskflow_operators.py for tasks to queue
[2024-08-17T22:09:46.927+0000] {logging_mixin.py:150} INFO - [2024-08-17T22:09:46.927+0000] {dagbag.py:541} INFO - Filling up the DagBag from /home/airflow/.local/lib/python3.7/site-packages/airflow/example_dags/example_dynamic_task_mapping_with_no_taskflow_operators.py
[2024-08-17T22:09:46.936+0000] {processor.py:836} INFO - DAG(s) dict_keys(['example_dynamic_task_mapping_with_no_taskflow_operators']) retrieved from /home/airflow/.local/lib/python3.7/site-packages/airflow/example_dags/example_dynamic_task_mapping_with_no_taskflow_operators.py
[2024-08-17T22:09:46.971+0000] {logging_mixin.py:150} INFO - [2024-08-17T22:09:46.971+0000] {dag.py:2742} INFO - Sync 1 DAGs
[2024-08-17T22:09:47.004+0000] {logging_mixin.py:150} INFO - [2024-08-17T22:09:47.004+0000] {dag.py:3508} INFO - Setting next_dagrun for example_dynamic_task_mapping_with_no_taskflow_operators to 2024-08-16T22:09:47.004072+00:00, run_after=2024-08-17T22:09:47.004072+00:00
[2024-08-17T22:09:47.031+0000] {processor.py:179} INFO - Processing /home/airflow/.local/lib/python3.7/site-packages/airflow/example_dags/example_dynamic_task_mapping_with_no_taskflow_operators.py took 0.111 seconds
[2024-08-17T22:10:18.059+0000] {processor.py:157} INFO - Started process (PID=3315) to work on /home/airflow/.local/lib/python3.7/site-packages/airflow/example_dags/example_dynamic_task_mapping_with_no_taskflow_operators.py
[2024-08-17T22:10:18.060+0000] {processor.py:826} INFO - Processing file /home/airflow/.local/lib/python3.7/site-packages/airflow/example_dags/example_dynamic_task_mapping_with_no_taskflow_operators.py for tasks to queue
[2024-08-17T22:10:18.061+0000] {logging_mixin.py:150} INFO - [2024-08-17T22:10:18.061+0000] {dagbag.py:541} INFO - Filling up the DagBag from /home/airflow/.local/lib/python3.7/site-packages/airflow/example_dags/example_dynamic_task_mapping_with_no_taskflow_operators.py
[2024-08-17T22:10:18.072+0000] {processor.py:836} INFO - DAG(s) dict_keys(['example_dynamic_task_mapping_with_no_taskflow_operators']) retrieved from /home/airflow/.local/lib/python3.7/site-packages/airflow/example_dags/example_dynamic_task_mapping_with_no_taskflow_operators.py
[2024-08-17T22:10:18.104+0000] {logging_mixin.py:150} INFO - [2024-08-17T22:10:18.104+0000] {dag.py:2742} INFO - Sync 1 DAGs
[2024-08-17T22:10:18.144+0000] {logging_mixin.py:150} INFO - [2024-08-17T22:10:18.144+0000] {dag.py:3508} INFO - Setting next_dagrun for example_dynamic_task_mapping_with_no_taskflow_operators to 2024-08-16T22:10:18.143808+00:00, run_after=2024-08-17T22:10:18.143808+00:00
[2024-08-17T22:10:18.169+0000] {processor.py:179} INFO - Processing /home/airflow/.local/lib/python3.7/site-packages/airflow/example_dags/example_dynamic_task_mapping_with_no_taskflow_operators.py took 0.115 seconds
[2024-08-17T22:10:48.656+0000] {processor.py:157} INFO - Started process (PID=3553) to work on /home/airflow/.local/lib/python3.7/site-packages/airflow/example_dags/example_dynamic_task_mapping_with_no_taskflow_operators.py
[2024-08-17T22:10:48.658+0000] {processor.py:826} INFO - Processing file /home/airflow/.local/lib/python3.7/site-packages/airflow/example_dags/example_dynamic_task_mapping_with_no_taskflow_operators.py for tasks to queue
[2024-08-17T22:10:48.659+0000] {logging_mixin.py:150} INFO - [2024-08-17T22:10:48.659+0000] {dagbag.py:541} INFO - Filling up the DagBag from /home/airflow/.local/lib/python3.7/site-packages/airflow/example_dags/example_dynamic_task_mapping_with_no_taskflow_operators.py
[2024-08-17T22:10:48.668+0000] {processor.py:836} INFO - DAG(s) dict_keys(['example_dynamic_task_mapping_with_no_taskflow_operators']) retrieved from /home/airflow/.local/lib/python3.7/site-packages/airflow/example_dags/example_dynamic_task_mapping_with_no_taskflow_operators.py
[2024-08-17T22:10:48.701+0000] {logging_mixin.py:150} INFO - [2024-08-17T22:10:48.701+0000] {dag.py:2742} INFO - Sync 1 DAGs
[2024-08-17T22:10:48.738+0000] {logging_mixin.py:150} INFO - [2024-08-17T22:10:48.737+0000] {dag.py:3508} INFO - Setting next_dagrun for example_dynamic_task_mapping_with_no_taskflow_operators to 2024-08-16T22:10:48.737668+00:00, run_after=2024-08-17T22:10:48.737668+00:00
[2024-08-17T22:10:48.763+0000] {processor.py:179} INFO - Processing /home/airflow/.local/lib/python3.7/site-packages/airflow/example_dags/example_dynamic_task_mapping_with_no_taskflow_operators.py took 0.112 seconds
[2024-08-17T22:12:16.746+0000] {processor.py:157} INFO - Started process (PID=331) to work on /home/airflow/.local/lib/python3.7/site-packages/airflow/example_dags/example_dynamic_task_mapping_with_no_taskflow_operators.py
[2024-08-17T22:12:16.747+0000] {processor.py:826} INFO - Processing file /home/airflow/.local/lib/python3.7/site-packages/airflow/example_dags/example_dynamic_task_mapping_with_no_taskflow_operators.py for tasks to queue
[2024-08-17T22:12:16.749+0000] {logging_mixin.py:150} INFO - [2024-08-17T22:12:16.749+0000] {dagbag.py:541} INFO - Filling up the DagBag from /home/airflow/.local/lib/python3.7/site-packages/airflow/example_dags/example_dynamic_task_mapping_with_no_taskflow_operators.py
[2024-08-17T22:12:16.760+0000] {processor.py:836} INFO - DAG(s) dict_keys(['example_dynamic_task_mapping_with_no_taskflow_operators']) retrieved from /home/airflow/.local/lib/python3.7/site-packages/airflow/example_dags/example_dynamic_task_mapping_with_no_taskflow_operators.py
[2024-08-17T22:12:16.800+0000] {logging_mixin.py:150} INFO - [2024-08-17T22:12:16.799+0000] {dag.py:2742} INFO - Sync 1 DAGs
[2024-08-17T22:12:16.844+0000] {logging_mixin.py:150} INFO - [2024-08-17T22:12:16.844+0000] {dag.py:3508} INFO - Setting next_dagrun for example_dynamic_task_mapping_with_no_taskflow_operators to 2024-08-16T22:12:16.844153+00:00, run_after=2024-08-17T22:12:16.844153+00:00
[2024-08-17T22:12:16.876+0000] {processor.py:179} INFO - Processing /home/airflow/.local/lib/python3.7/site-packages/airflow/example_dags/example_dynamic_task_mapping_with_no_taskflow_operators.py took 0.136 seconds
[2024-08-17T22:12:46.996+0000] {processor.py:157} INFO - Started process (PID=566) to work on /home/airflow/.local/lib/python3.7/site-packages/airflow/example_dags/example_dynamic_task_mapping_with_no_taskflow_operators.py
[2024-08-17T22:12:46.998+0000] {processor.py:826} INFO - Processing file /home/airflow/.local/lib/python3.7/site-packages/airflow/example_dags/example_dynamic_task_mapping_with_no_taskflow_operators.py for tasks to queue
[2024-08-17T22:12:46.999+0000] {logging_mixin.py:150} INFO - [2024-08-17T22:12:46.999+0000] {dagbag.py:541} INFO - Filling up the DagBag from /home/airflow/.local/lib/python3.7/site-packages/airflow/example_dags/example_dynamic_task_mapping_with_no_taskflow_operators.py
[2024-08-17T22:12:47.007+0000] {processor.py:836} INFO - DAG(s) dict_keys(['example_dynamic_task_mapping_with_no_taskflow_operators']) retrieved from /home/airflow/.local/lib/python3.7/site-packages/airflow/example_dags/example_dynamic_task_mapping_with_no_taskflow_operators.py
[2024-08-17T22:12:47.038+0000] {logging_mixin.py:150} INFO - [2024-08-17T22:12:47.037+0000] {dag.py:2742} INFO - Sync 1 DAGs
[2024-08-17T22:12:47.071+0000] {logging_mixin.py:150} INFO - [2024-08-17T22:12:47.070+0000] {dag.py:3508} INFO - Setting next_dagrun for example_dynamic_task_mapping_with_no_taskflow_operators to 2024-08-16T22:12:47.070536+00:00, run_after=2024-08-17T22:12:47.070536+00:00
[2024-08-17T22:12:47.096+0000] {processor.py:179} INFO - Processing /home/airflow/.local/lib/python3.7/site-packages/airflow/example_dags/example_dynamic_task_mapping_with_no_taskflow_operators.py took 0.104 seconds
[2024-08-17T22:13:17.332+0000] {processor.py:157} INFO - Started process (PID=802) to work on /home/airflow/.local/lib/python3.7/site-packages/airflow/example_dags/example_dynamic_task_mapping_with_no_taskflow_operators.py
[2024-08-17T22:13:17.333+0000] {processor.py:826} INFO - Processing file /home/airflow/.local/lib/python3.7/site-packages/airflow/example_dags/example_dynamic_task_mapping_with_no_taskflow_operators.py for tasks to queue
[2024-08-17T22:13:17.334+0000] {logging_mixin.py:150} INFO - [2024-08-17T22:13:17.334+0000] {dagbag.py:541} INFO - Filling up the DagBag from /home/airflow/.local/lib/python3.7/site-packages/airflow/example_dags/example_dynamic_task_mapping_with_no_taskflow_operators.py
[2024-08-17T22:13:17.343+0000] {processor.py:836} INFO - DAG(s) dict_keys(['example_dynamic_task_mapping_with_no_taskflow_operators']) retrieved from /home/airflow/.local/lib/python3.7/site-packages/airflow/example_dags/example_dynamic_task_mapping_with_no_taskflow_operators.py
[2024-08-17T22:13:17.375+0000] {logging_mixin.py:150} INFO - [2024-08-17T22:13:17.374+0000] {dag.py:2742} INFO - Sync 1 DAGs
[2024-08-17T22:13:17.407+0000] {logging_mixin.py:150} INFO - [2024-08-17T22:13:17.406+0000] {dag.py:3508} INFO - Setting next_dagrun for example_dynamic_task_mapping_with_no_taskflow_operators to 2024-08-16T22:13:17.406677+00:00, run_after=2024-08-17T22:13:17.406677+00:00
[2024-08-17T22:13:17.431+0000] {processor.py:179} INFO - Processing /home/airflow/.local/lib/python3.7/site-packages/airflow/example_dags/example_dynamic_task_mapping_with_no_taskflow_operators.py took 0.103 seconds
[2024-08-17T22:13:47.953+0000] {processor.py:157} INFO - Started process (PID=1040) to work on /home/airflow/.local/lib/python3.7/site-packages/airflow/example_dags/example_dynamic_task_mapping_with_no_taskflow_operators.py
[2024-08-17T22:13:47.954+0000] {processor.py:826} INFO - Processing file /home/airflow/.local/lib/python3.7/site-packages/airflow/example_dags/example_dynamic_task_mapping_with_no_taskflow_operators.py for tasks to queue
[2024-08-17T22:13:47.955+0000] {logging_mixin.py:150} INFO - [2024-08-17T22:13:47.955+0000] {dagbag.py:541} INFO - Filling up the DagBag from /home/airflow/.local/lib/python3.7/site-packages/airflow/example_dags/example_dynamic_task_mapping_with_no_taskflow_operators.py
[2024-08-17T22:13:47.963+0000] {processor.py:836} INFO - DAG(s) dict_keys(['example_dynamic_task_mapping_with_no_taskflow_operators']) retrieved from /home/airflow/.local/lib/python3.7/site-packages/airflow/example_dags/example_dynamic_task_mapping_with_no_taskflow_operators.py
[2024-08-17T22:13:47.995+0000] {logging_mixin.py:150} INFO - [2024-08-17T22:13:47.995+0000] {dag.py:2742} INFO - Sync 1 DAGs
[2024-08-17T22:13:48.027+0000] {logging_mixin.py:150} INFO - [2024-08-17T22:13:48.027+0000] {dag.py:3508} INFO - Setting next_dagrun for example_dynamic_task_mapping_with_no_taskflow_operators to 2024-08-16T22:13:48.026912+00:00, run_after=2024-08-17T22:13:48.026912+00:00
[2024-08-17T22:13:48.050+0000] {processor.py:179} INFO - Processing /home/airflow/.local/lib/python3.7/site-packages/airflow/example_dags/example_dynamic_task_mapping_with_no_taskflow_operators.py took 0.101 seconds
[2024-08-17T22:14:18.218+0000] {processor.py:157} INFO - Started process (PID=1278) to work on /home/airflow/.local/lib/python3.7/site-packages/airflow/example_dags/example_dynamic_task_mapping_with_no_taskflow_operators.py
[2024-08-17T22:14:18.220+0000] {processor.py:826} INFO - Processing file /home/airflow/.local/lib/python3.7/site-packages/airflow/example_dags/example_dynamic_task_mapping_with_no_taskflow_operators.py for tasks to queue
[2024-08-17T22:14:18.221+0000] {logging_mixin.py:150} INFO - [2024-08-17T22:14:18.221+0000] {dagbag.py:541} INFO - Filling up the DagBag from /home/airflow/.local/lib/python3.7/site-packages/airflow/example_dags/example_dynamic_task_mapping_with_no_taskflow_operators.py
[2024-08-17T22:14:18.231+0000] {processor.py:836} INFO - DAG(s) dict_keys(['example_dynamic_task_mapping_with_no_taskflow_operators']) retrieved from /home/airflow/.local/lib/python3.7/site-packages/airflow/example_dags/example_dynamic_task_mapping_with_no_taskflow_operators.py
[2024-08-17T22:14:18.266+0000] {logging_mixin.py:150} INFO - [2024-08-17T22:14:18.266+0000] {dag.py:2742} INFO - Sync 1 DAGs
[2024-08-17T22:14:18.305+0000] {logging_mixin.py:150} INFO - [2024-08-17T22:14:18.305+0000] {dag.py:3508} INFO - Setting next_dagrun for example_dynamic_task_mapping_with_no_taskflow_operators to 2024-08-16T22:14:18.304910+00:00, run_after=2024-08-17T22:14:18.304910+00:00
[2024-08-17T22:14:18.331+0000] {processor.py:179} INFO - Processing /home/airflow/.local/lib/python3.7/site-packages/airflow/example_dags/example_dynamic_task_mapping_with_no_taskflow_operators.py took 0.118 seconds
[2024-08-17T22:14:49.425+0000] {processor.py:157} INFO - Started process (PID=1516) to work on /home/airflow/.local/lib/python3.7/site-packages/airflow/example_dags/example_dynamic_task_mapping_with_no_taskflow_operators.py
[2024-08-17T22:14:49.427+0000] {processor.py:826} INFO - Processing file /home/airflow/.local/lib/python3.7/site-packages/airflow/example_dags/example_dynamic_task_mapping_with_no_taskflow_operators.py for tasks to queue
[2024-08-17T22:14:49.428+0000] {logging_mixin.py:150} INFO - [2024-08-17T22:14:49.428+0000] {dagbag.py:541} INFO - Filling up the DagBag from /home/airflow/.local/lib/python3.7/site-packages/airflow/example_dags/example_dynamic_task_mapping_with_no_taskflow_operators.py
[2024-08-17T22:14:49.437+0000] {processor.py:836} INFO - DAG(s) dict_keys(['example_dynamic_task_mapping_with_no_taskflow_operators']) retrieved from /home/airflow/.local/lib/python3.7/site-packages/airflow/example_dags/example_dynamic_task_mapping_with_no_taskflow_operators.py
[2024-08-17T22:14:49.468+0000] {logging_mixin.py:150} INFO - [2024-08-17T22:14:49.468+0000] {dag.py:2742} INFO - Sync 1 DAGs
[2024-08-17T22:14:49.511+0000] {logging_mixin.py:150} INFO - [2024-08-17T22:14:49.511+0000] {dag.py:3508} INFO - Setting next_dagrun for example_dynamic_task_mapping_with_no_taskflow_operators to 2024-08-16T22:14:49.511319+00:00, run_after=2024-08-17T22:14:49.511319+00:00
[2024-08-17T22:14:49.541+0000] {processor.py:179} INFO - Processing /home/airflow/.local/lib/python3.7/site-packages/airflow/example_dags/example_dynamic_task_mapping_with_no_taskflow_operators.py took 0.121 seconds
[2024-08-17T22:15:19.584+0000] {processor.py:157} INFO - Started process (PID=1751) to work on /home/airflow/.local/lib/python3.7/site-packages/airflow/example_dags/example_dynamic_task_mapping_with_no_taskflow_operators.py
[2024-08-17T22:15:19.586+0000] {processor.py:826} INFO - Processing file /home/airflow/.local/lib/python3.7/site-packages/airflow/example_dags/example_dynamic_task_mapping_with_no_taskflow_operators.py for tasks to queue
[2024-08-17T22:15:19.587+0000] {logging_mixin.py:150} INFO - [2024-08-17T22:15:19.586+0000] {dagbag.py:541} INFO - Filling up the DagBag from /home/airflow/.local/lib/python3.7/site-packages/airflow/example_dags/example_dynamic_task_mapping_with_no_taskflow_operators.py
[2024-08-17T22:15:19.595+0000] {processor.py:836} INFO - DAG(s) dict_keys(['example_dynamic_task_mapping_with_no_taskflow_operators']) retrieved from /home/airflow/.local/lib/python3.7/site-packages/airflow/example_dags/example_dynamic_task_mapping_with_no_taskflow_operators.py
[2024-08-17T22:15:19.624+0000] {logging_mixin.py:150} INFO - [2024-08-17T22:15:19.623+0000] {dag.py:2742} INFO - Sync 1 DAGs
[2024-08-17T22:15:19.655+0000] {logging_mixin.py:150} INFO - [2024-08-17T22:15:19.655+0000] {dag.py:3508} INFO - Setting next_dagrun for example_dynamic_task_mapping_with_no_taskflow_operators to 2024-08-16T22:15:19.654773+00:00, run_after=2024-08-17T22:15:19.654773+00:00
[2024-08-17T22:15:19.678+0000] {processor.py:179} INFO - Processing /home/airflow/.local/lib/python3.7/site-packages/airflow/example_dags/example_dynamic_task_mapping_with_no_taskflow_operators.py took 0.098 seconds
[2024-08-17T22:15:49.799+0000] {processor.py:157} INFO - Started process (PID=1989) to work on /home/airflow/.local/lib/python3.7/site-packages/airflow/example_dags/example_dynamic_task_mapping_with_no_taskflow_operators.py
[2024-08-17T22:15:49.800+0000] {processor.py:826} INFO - Processing file /home/airflow/.local/lib/python3.7/site-packages/airflow/example_dags/example_dynamic_task_mapping_with_no_taskflow_operators.py for tasks to queue
[2024-08-17T22:15:49.802+0000] {logging_mixin.py:150} INFO - [2024-08-17T22:15:49.801+0000] {dagbag.py:541} INFO - Filling up the DagBag from /home/airflow/.local/lib/python3.7/site-packages/airflow/example_dags/example_dynamic_task_mapping_with_no_taskflow_operators.py
[2024-08-17T22:15:49.810+0000] {processor.py:836} INFO - DAG(s) dict_keys(['example_dynamic_task_mapping_with_no_taskflow_operators']) retrieved from /home/airflow/.local/lib/python3.7/site-packages/airflow/example_dags/example_dynamic_task_mapping_with_no_taskflow_operators.py
[2024-08-17T22:15:49.839+0000] {logging_mixin.py:150} INFO - [2024-08-17T22:15:49.838+0000] {dag.py:2742} INFO - Sync 1 DAGs
[2024-08-17T22:15:49.870+0000] {logging_mixin.py:150} INFO - [2024-08-17T22:15:49.869+0000] {dag.py:3508} INFO - Setting next_dagrun for example_dynamic_task_mapping_with_no_taskflow_operators to 2024-08-16T22:15:49.869624+00:00, run_after=2024-08-17T22:15:49.869624+00:00
[2024-08-17T22:15:49.893+0000] {processor.py:179} INFO - Processing /home/airflow/.local/lib/python3.7/site-packages/airflow/example_dags/example_dynamic_task_mapping_with_no_taskflow_operators.py took 0.098 seconds
[2024-08-17T22:16:20.419+0000] {processor.py:157} INFO - Started process (PID=2230) to work on /home/airflow/.local/lib/python3.7/site-packages/airflow/example_dags/example_dynamic_task_mapping_with_no_taskflow_operators.py
[2024-08-17T22:16:20.420+0000] {processor.py:826} INFO - Processing file /home/airflow/.local/lib/python3.7/site-packages/airflow/example_dags/example_dynamic_task_mapping_with_no_taskflow_operators.py for tasks to queue
[2024-08-17T22:16:20.422+0000] {logging_mixin.py:150} INFO - [2024-08-17T22:16:20.421+0000] {dagbag.py:541} INFO - Filling up the DagBag from /home/airflow/.local/lib/python3.7/site-packages/airflow/example_dags/example_dynamic_task_mapping_with_no_taskflow_operators.py
[2024-08-17T22:16:20.432+0000] {processor.py:836} INFO - DAG(s) dict_keys(['example_dynamic_task_mapping_with_no_taskflow_operators']) retrieved from /home/airflow/.local/lib/python3.7/site-packages/airflow/example_dags/example_dynamic_task_mapping_with_no_taskflow_operators.py
[2024-08-17T22:16:20.463+0000] {logging_mixin.py:150} INFO - [2024-08-17T22:16:20.463+0000] {dag.py:2742} INFO - Sync 1 DAGs
[2024-08-17T22:16:20.502+0000] {logging_mixin.py:150} INFO - [2024-08-17T22:16:20.501+0000] {dag.py:3508} INFO - Setting next_dagrun for example_dynamic_task_mapping_with_no_taskflow_operators to 2024-08-16T22:16:20.501363+00:00, run_after=2024-08-17T22:16:20.501363+00:00
[2024-08-17T22:16:20.528+0000] {processor.py:179} INFO - Processing /home/airflow/.local/lib/python3.7/site-packages/airflow/example_dags/example_dynamic_task_mapping_with_no_taskflow_operators.py took 0.113 seconds
