[2024-08-17T22:03:50.406+0000] {processor.py:157} INFO - Started process (PID=166) to work on /home/airflow/.local/lib/python3.7/site-packages/airflow/example_dags/example_xcom.py
[2024-08-17T22:03:50.411+0000] {processor.py:826} INFO - Processing file /home/airflow/.local/lib/python3.7/site-packages/airflow/example_dags/example_xcom.py for tasks to queue
[2024-08-17T22:03:50.422+0000] {logging_mixin.py:150} INFO - [2024-08-17T22:03:50.419+0000] {dagbag.py:541} INFO - Filling up the DagBag from /home/airflow/.local/lib/python3.7/site-packages/airflow/example_dags/example_xcom.py
[2024-08-17T22:03:52.752+0000] {processor.py:836} INFO - DAG(s) dict_keys(['example_xcom']) retrieved from /home/airflow/.local/lib/python3.7/site-packages/airflow/example_dags/example_xcom.py
[2024-08-17T22:03:53.902+0000] {logging_mixin.py:150} INFO - [2024-08-17T22:03:53.901+0000] {manager.py:504} INFO - Created Permission View: can read on DAG:example_xcom
[2024-08-17T22:03:53.946+0000] {logging_mixin.py:150} INFO - [2024-08-17T22:03:53.945+0000] {manager.py:504} INFO - Created Permission View: can edit on DAG:example_xcom
[2024-08-17T22:03:53.978+0000] {logging_mixin.py:150} INFO - [2024-08-17T22:03:53.977+0000] {manager.py:504} INFO - Created Permission View: can delete on DAG:example_xcom
[2024-08-17T22:03:54.060+0000] {logging_mixin.py:150} INFO - [2024-08-17T22:03:54.059+0000] {dag.py:2742} INFO - Sync 1 DAGs
[2024-08-17T22:03:54.106+0000] {logging_mixin.py:150} INFO - [2024-08-17T22:03:54.106+0000] {dag.py:2763} INFO - Creating ORM DAG for example_xcom
[2024-08-17T22:03:54.168+0000] {logging_mixin.py:150} INFO - [2024-08-17T22:03:54.167+0000] {dag.py:3508} INFO - Setting next_dagrun for example_xcom to 2021-01-01T00:00:00+00:00, run_after=2021-01-01T00:00:00+00:00
[2024-08-17T22:03:54.226+0000] {processor.py:179} INFO - Processing /home/airflow/.local/lib/python3.7/site-packages/airflow/example_dags/example_xcom.py took 3.882 seconds
[2024-08-17T22:04:24.715+0000] {processor.py:157} INFO - Started process (PID=405) to work on /home/airflow/.local/lib/python3.7/site-packages/airflow/example_dags/example_xcom.py
[2024-08-17T22:04:24.717+0000] {processor.py:826} INFO - Processing file /home/airflow/.local/lib/python3.7/site-packages/airflow/example_dags/example_xcom.py for tasks to queue
[2024-08-17T22:04:24.723+0000] {logging_mixin.py:150} INFO - [2024-08-17T22:04:24.722+0000] {dagbag.py:541} INFO - Filling up the DagBag from /home/airflow/.local/lib/python3.7/site-packages/airflow/example_dags/example_xcom.py
[2024-08-17T22:04:24.753+0000] {processor.py:836} INFO - DAG(s) dict_keys(['example_xcom']) retrieved from /home/airflow/.local/lib/python3.7/site-packages/airflow/example_dags/example_xcom.py
[2024-08-17T22:04:24.852+0000] {logging_mixin.py:150} INFO - [2024-08-17T22:04:24.852+0000] {dag.py:2742} INFO - Sync 1 DAGs
[2024-08-17T22:04:24.894+0000] {logging_mixin.py:150} INFO - [2024-08-17T22:04:24.893+0000] {dag.py:3508} INFO - Setting next_dagrun for example_xcom to 2021-01-01T00:00:00+00:00, run_after=2021-01-01T00:00:00+00:00
[2024-08-17T22:04:24.947+0000] {processor.py:179} INFO - Processing /home/airflow/.local/lib/python3.7/site-packages/airflow/example_dags/example_xcom.py took 0.238 seconds
[2024-08-17T22:04:55.493+0000] {processor.py:157} INFO - Started process (PID=643) to work on /home/airflow/.local/lib/python3.7/site-packages/airflow/example_dags/example_xcom.py
[2024-08-17T22:04:55.500+0000] {processor.py:826} INFO - Processing file /home/airflow/.local/lib/python3.7/site-packages/airflow/example_dags/example_xcom.py for tasks to queue
[2024-08-17T22:04:55.502+0000] {logging_mixin.py:150} INFO - [2024-08-17T22:04:55.502+0000] {dagbag.py:541} INFO - Filling up the DagBag from /home/airflow/.local/lib/python3.7/site-packages/airflow/example_dags/example_xcom.py
[2024-08-17T22:04:55.516+0000] {processor.py:836} INFO - DAG(s) dict_keys(['example_xcom']) retrieved from /home/airflow/.local/lib/python3.7/site-packages/airflow/example_dags/example_xcom.py
[2024-08-17T22:04:55.664+0000] {logging_mixin.py:150} INFO - [2024-08-17T22:04:55.664+0000] {dag.py:2742} INFO - Sync 1 DAGs
[2024-08-17T22:04:55.747+0000] {logging_mixin.py:150} INFO - [2024-08-17T22:04:55.746+0000] {dag.py:3508} INFO - Setting next_dagrun for example_xcom to 2021-01-01T00:00:00+00:00, run_after=2021-01-01T00:00:00+00:00
[2024-08-17T22:04:55.783+0000] {processor.py:179} INFO - Processing /home/airflow/.local/lib/python3.7/site-packages/airflow/example_dags/example_xcom.py took 0.385 seconds
[2024-08-17T22:05:27.590+0000] {processor.py:157} INFO - Started process (PID=881) to work on /home/airflow/.local/lib/python3.7/site-packages/airflow/example_dags/example_xcom.py
[2024-08-17T22:05:27.614+0000] {processor.py:826} INFO - Processing file /home/airflow/.local/lib/python3.7/site-packages/airflow/example_dags/example_xcom.py for tasks to queue
[2024-08-17T22:05:27.622+0000] {logging_mixin.py:150} INFO - [2024-08-17T22:05:27.620+0000] {dagbag.py:541} INFO - Filling up the DagBag from /home/airflow/.local/lib/python3.7/site-packages/airflow/example_dags/example_xcom.py
[2024-08-17T22:05:27.801+0000] {processor.py:836} INFO - DAG(s) dict_keys(['example_xcom']) retrieved from /home/airflow/.local/lib/python3.7/site-packages/airflow/example_dags/example_xcom.py
[2024-08-17T22:05:28.417+0000] {logging_mixin.py:150} INFO - [2024-08-17T22:05:28.405+0000] {dag.py:2742} INFO - Sync 1 DAGs
[2024-08-17T22:05:28.845+0000] {logging_mixin.py:150} INFO - [2024-08-17T22:05:28.842+0000] {dag.py:3508} INFO - Setting next_dagrun for example_xcom to 2021-01-01T00:00:00+00:00, run_after=2021-01-01T00:00:00+00:00
[2024-08-17T22:05:29.034+0000] {processor.py:179} INFO - Processing /home/airflow/.local/lib/python3.7/site-packages/airflow/example_dags/example_xcom.py took 1.572 seconds
[2024-08-17T22:05:59.487+0000] {processor.py:157} INFO - Started process (PID=1116) to work on /home/airflow/.local/lib/python3.7/site-packages/airflow/example_dags/example_xcom.py
[2024-08-17T22:05:59.491+0000] {processor.py:826} INFO - Processing file /home/airflow/.local/lib/python3.7/site-packages/airflow/example_dags/example_xcom.py for tasks to queue
[2024-08-17T22:05:59.493+0000] {logging_mixin.py:150} INFO - [2024-08-17T22:05:59.493+0000] {dagbag.py:541} INFO - Filling up the DagBag from /home/airflow/.local/lib/python3.7/site-packages/airflow/example_dags/example_xcom.py
[2024-08-17T22:05:59.523+0000] {processor.py:836} INFO - DAG(s) dict_keys(['example_xcom']) retrieved from /home/airflow/.local/lib/python3.7/site-packages/airflow/example_dags/example_xcom.py
[2024-08-17T22:05:59.589+0000] {logging_mixin.py:150} INFO - [2024-08-17T22:05:59.589+0000] {dag.py:2742} INFO - Sync 1 DAGs
[2024-08-17T22:05:59.667+0000] {logging_mixin.py:150} INFO - [2024-08-17T22:05:59.666+0000] {dag.py:3508} INFO - Setting next_dagrun for example_xcom to 2021-01-01T00:00:00+00:00, run_after=2021-01-01T00:00:00+00:00
[2024-08-17T22:05:59.704+0000] {processor.py:179} INFO - Processing /home/airflow/.local/lib/python3.7/site-packages/airflow/example_dags/example_xcom.py took 0.229 seconds
[2024-08-17T22:06:30.113+0000] {processor.py:157} INFO - Started process (PID=1357) to work on /home/airflow/.local/lib/python3.7/site-packages/airflow/example_dags/example_xcom.py
[2024-08-17T22:06:30.114+0000] {processor.py:826} INFO - Processing file /home/airflow/.local/lib/python3.7/site-packages/airflow/example_dags/example_xcom.py for tasks to queue
[2024-08-17T22:06:30.117+0000] {logging_mixin.py:150} INFO - [2024-08-17T22:06:30.116+0000] {dagbag.py:541} INFO - Filling up the DagBag from /home/airflow/.local/lib/python3.7/site-packages/airflow/example_dags/example_xcom.py
[2024-08-17T22:06:30.132+0000] {processor.py:836} INFO - DAG(s) dict_keys(['example_xcom']) retrieved from /home/airflow/.local/lib/python3.7/site-packages/airflow/example_dags/example_xcom.py
[2024-08-17T22:06:30.173+0000] {logging_mixin.py:150} INFO - [2024-08-17T22:06:30.173+0000] {dag.py:2742} INFO - Sync 1 DAGs
[2024-08-17T22:06:30.256+0000] {logging_mixin.py:150} INFO - [2024-08-17T22:06:30.256+0000] {dag.py:3508} INFO - Setting next_dagrun for example_xcom to 2021-01-01T00:00:00+00:00, run_after=2021-01-01T00:00:00+00:00
[2024-08-17T22:06:30.294+0000] {processor.py:179} INFO - Processing /home/airflow/.local/lib/python3.7/site-packages/airflow/example_dags/example_xcom.py took 0.187 seconds
[2024-08-17T22:07:00.901+0000] {processor.py:157} INFO - Started process (PID=1595) to work on /home/airflow/.local/lib/python3.7/site-packages/airflow/example_dags/example_xcom.py
[2024-08-17T22:07:00.902+0000] {processor.py:826} INFO - Processing file /home/airflow/.local/lib/python3.7/site-packages/airflow/example_dags/example_xcom.py for tasks to queue
[2024-08-17T22:07:00.905+0000] {logging_mixin.py:150} INFO - [2024-08-17T22:07:00.904+0000] {dagbag.py:541} INFO - Filling up the DagBag from /home/airflow/.local/lib/python3.7/site-packages/airflow/example_dags/example_xcom.py
[2024-08-17T22:07:00.921+0000] {processor.py:836} INFO - DAG(s) dict_keys(['example_xcom']) retrieved from /home/airflow/.local/lib/python3.7/site-packages/airflow/example_dags/example_xcom.py
[2024-08-17T22:07:00.990+0000] {logging_mixin.py:150} INFO - [2024-08-17T22:07:00.990+0000] {dag.py:2742} INFO - Sync 1 DAGs
[2024-08-17T22:07:01.047+0000] {logging_mixin.py:150} INFO - [2024-08-17T22:07:01.046+0000] {dag.py:3508} INFO - Setting next_dagrun for example_xcom to 2021-01-01T00:00:00+00:00, run_after=2021-01-01T00:00:00+00:00
[2024-08-17T22:07:01.092+0000] {processor.py:179} INFO - Processing /home/airflow/.local/lib/python3.7/site-packages/airflow/example_dags/example_xcom.py took 0.200 seconds
[2024-08-17T22:07:31.542+0000] {processor.py:157} INFO - Started process (PID=1833) to work on /home/airflow/.local/lib/python3.7/site-packages/airflow/example_dags/example_xcom.py
[2024-08-17T22:07:31.543+0000] {processor.py:826} INFO - Processing file /home/airflow/.local/lib/python3.7/site-packages/airflow/example_dags/example_xcom.py for tasks to queue
[2024-08-17T22:07:31.544+0000] {logging_mixin.py:150} INFO - [2024-08-17T22:07:31.544+0000] {dagbag.py:541} INFO - Filling up the DagBag from /home/airflow/.local/lib/python3.7/site-packages/airflow/example_dags/example_xcom.py
[2024-08-17T22:07:31.554+0000] {processor.py:836} INFO - DAG(s) dict_keys(['example_xcom']) retrieved from /home/airflow/.local/lib/python3.7/site-packages/airflow/example_dags/example_xcom.py
[2024-08-17T22:07:31.589+0000] {logging_mixin.py:150} INFO - [2024-08-17T22:07:31.589+0000] {dag.py:2742} INFO - Sync 1 DAGs
[2024-08-17T22:07:31.627+0000] {logging_mixin.py:150} INFO - [2024-08-17T22:07:31.627+0000] {dag.py:3508} INFO - Setting next_dagrun for example_xcom to 2021-01-01T00:00:00+00:00, run_after=2021-01-01T00:00:00+00:00
[2024-08-17T22:07:31.657+0000] {processor.py:179} INFO - Processing /home/airflow/.local/lib/python3.7/site-packages/airflow/example_dags/example_xcom.py took 0.119 seconds
[2024-08-17T22:08:05.880+0000] {processor.py:157} INFO - Started process (PID=2161) to work on /home/airflow/.local/lib/python3.7/site-packages/airflow/example_dags/example_xcom.py
[2024-08-17T22:08:05.886+0000] {processor.py:826} INFO - Processing file /home/airflow/.local/lib/python3.7/site-packages/airflow/example_dags/example_xcom.py for tasks to queue
[2024-08-17T22:08:05.888+0000] {logging_mixin.py:150} INFO - [2024-08-17T22:08:05.887+0000] {dagbag.py:541} INFO - Filling up the DagBag from /home/airflow/.local/lib/python3.7/site-packages/airflow/example_dags/example_xcom.py
[2024-08-17T22:08:05.994+0000] {processor.py:836} INFO - DAG(s) dict_keys(['example_xcom']) retrieved from /home/airflow/.local/lib/python3.7/site-packages/airflow/example_dags/example_xcom.py
[2024-08-17T22:08:06.855+0000] {logging_mixin.py:150} INFO - [2024-08-17T22:08:06.854+0000] {dag.py:2742} INFO - Sync 1 DAGs
[2024-08-17T22:08:07.479+0000] {logging_mixin.py:150} INFO - [2024-08-17T22:08:07.477+0000] {dag.py:3508} INFO - Setting next_dagrun for example_xcom to 2021-01-01T00:00:00+00:00, run_after=2021-01-01T00:00:00+00:00
[2024-08-17T22:08:07.733+0000] {processor.py:179} INFO - Processing /home/airflow/.local/lib/python3.7/site-packages/airflow/example_dags/example_xcom.py took 2.276 seconds
[2024-08-17T22:08:38.098+0000] {processor.py:157} INFO - Started process (PID=2430) to work on /home/airflow/.local/lib/python3.7/site-packages/airflow/example_dags/example_xcom.py
[2024-08-17T22:08:38.099+0000] {processor.py:826} INFO - Processing file /home/airflow/.local/lib/python3.7/site-packages/airflow/example_dags/example_xcom.py for tasks to queue
[2024-08-17T22:08:38.101+0000] {logging_mixin.py:150} INFO - [2024-08-17T22:08:38.100+0000] {dagbag.py:541} INFO - Filling up the DagBag from /home/airflow/.local/lib/python3.7/site-packages/airflow/example_dags/example_xcom.py
[2024-08-17T22:08:38.112+0000] {processor.py:836} INFO - DAG(s) dict_keys(['example_xcom']) retrieved from /home/airflow/.local/lib/python3.7/site-packages/airflow/example_dags/example_xcom.py
[2024-08-17T22:08:38.171+0000] {logging_mixin.py:150} INFO - [2024-08-17T22:08:38.170+0000] {dag.py:2742} INFO - Sync 1 DAGs
[2024-08-17T22:08:38.246+0000] {logging_mixin.py:150} INFO - [2024-08-17T22:08:38.246+0000] {dag.py:3508} INFO - Setting next_dagrun for example_xcom to 2021-01-01T00:00:00+00:00, run_after=2021-01-01T00:00:00+00:00
[2024-08-17T22:08:38.316+0000] {processor.py:179} INFO - Processing /home/airflow/.local/lib/python3.7/site-packages/airflow/example_dags/example_xcom.py took 0.224 seconds
[2024-08-17T22:09:08.399+0000] {processor.py:157} INFO - Started process (PID=2668) to work on /home/airflow/.local/lib/python3.7/site-packages/airflow/example_dags/example_xcom.py
[2024-08-17T22:09:08.401+0000] {processor.py:826} INFO - Processing file /home/airflow/.local/lib/python3.7/site-packages/airflow/example_dags/example_xcom.py for tasks to queue
[2024-08-17T22:09:08.402+0000] {logging_mixin.py:150} INFO - [2024-08-17T22:09:08.402+0000] {dagbag.py:541} INFO - Filling up the DagBag from /home/airflow/.local/lib/python3.7/site-packages/airflow/example_dags/example_xcom.py
[2024-08-17T22:09:08.415+0000] {processor.py:836} INFO - DAG(s) dict_keys(['example_xcom']) retrieved from /home/airflow/.local/lib/python3.7/site-packages/airflow/example_dags/example_xcom.py
[2024-08-17T22:09:08.462+0000] {logging_mixin.py:150} INFO - [2024-08-17T22:09:08.461+0000] {dag.py:2742} INFO - Sync 1 DAGs
[2024-08-17T22:09:08.501+0000] {logging_mixin.py:150} INFO - [2024-08-17T22:09:08.501+0000] {dag.py:3508} INFO - Setting next_dagrun for example_xcom to 2021-01-01T00:00:00+00:00, run_after=2021-01-01T00:00:00+00:00
[2024-08-17T22:09:08.528+0000] {processor.py:179} INFO - Processing /home/airflow/.local/lib/python3.7/site-packages/airflow/example_dags/example_xcom.py took 0.134 seconds
[2024-08-17T22:09:38.989+0000] {processor.py:157} INFO - Started process (PID=2906) to work on /home/airflow/.local/lib/python3.7/site-packages/airflow/example_dags/example_xcom.py
[2024-08-17T22:09:38.990+0000] {processor.py:826} INFO - Processing file /home/airflow/.local/lib/python3.7/site-packages/airflow/example_dags/example_xcom.py for tasks to queue
[2024-08-17T22:09:38.992+0000] {logging_mixin.py:150} INFO - [2024-08-17T22:09:38.991+0000] {dagbag.py:541} INFO - Filling up the DagBag from /home/airflow/.local/lib/python3.7/site-packages/airflow/example_dags/example_xcom.py
[2024-08-17T22:09:39.002+0000] {processor.py:836} INFO - DAG(s) dict_keys(['example_xcom']) retrieved from /home/airflow/.local/lib/python3.7/site-packages/airflow/example_dags/example_xcom.py
[2024-08-17T22:09:39.040+0000] {logging_mixin.py:150} INFO - [2024-08-17T22:09:39.039+0000] {dag.py:2742} INFO - Sync 1 DAGs
[2024-08-17T22:09:39.072+0000] {logging_mixin.py:150} INFO - [2024-08-17T22:09:39.072+0000] {dag.py:3508} INFO - Setting next_dagrun for example_xcom to 2021-01-01T00:00:00+00:00, run_after=2021-01-01T00:00:00+00:00
[2024-08-17T22:09:39.096+0000] {processor.py:179} INFO - Processing /home/airflow/.local/lib/python3.7/site-packages/airflow/example_dags/example_xcom.py took 0.113 seconds
[2024-08-17T22:10:09.259+0000] {processor.py:157} INFO - Started process (PID=3144) to work on /home/airflow/.local/lib/python3.7/site-packages/airflow/example_dags/example_xcom.py
[2024-08-17T22:10:09.260+0000] {processor.py:826} INFO - Processing file /home/airflow/.local/lib/python3.7/site-packages/airflow/example_dags/example_xcom.py for tasks to queue
[2024-08-17T22:10:09.261+0000] {logging_mixin.py:150} INFO - [2024-08-17T22:10:09.261+0000] {dagbag.py:541} INFO - Filling up the DagBag from /home/airflow/.local/lib/python3.7/site-packages/airflow/example_dags/example_xcom.py
[2024-08-17T22:10:09.275+0000] {processor.py:836} INFO - DAG(s) dict_keys(['example_xcom']) retrieved from /home/airflow/.local/lib/python3.7/site-packages/airflow/example_dags/example_xcom.py
[2024-08-17T22:10:09.322+0000] {logging_mixin.py:150} INFO - [2024-08-17T22:10:09.322+0000] {dag.py:2742} INFO - Sync 1 DAGs
[2024-08-17T22:10:09.365+0000] {logging_mixin.py:150} INFO - [2024-08-17T22:10:09.364+0000] {dag.py:3508} INFO - Setting next_dagrun for example_xcom to 2021-01-01T00:00:00+00:00, run_after=2021-01-01T00:00:00+00:00
[2024-08-17T22:10:09.396+0000] {processor.py:179} INFO - Processing /home/airflow/.local/lib/python3.7/site-packages/airflow/example_dags/example_xcom.py took 0.142 seconds
[2024-08-17T22:10:39.535+0000] {processor.py:157} INFO - Started process (PID=3382) to work on /home/airflow/.local/lib/python3.7/site-packages/airflow/example_dags/example_xcom.py
[2024-08-17T22:10:39.536+0000] {processor.py:826} INFO - Processing file /home/airflow/.local/lib/python3.7/site-packages/airflow/example_dags/example_xcom.py for tasks to queue
[2024-08-17T22:10:39.538+0000] {logging_mixin.py:150} INFO - [2024-08-17T22:10:39.538+0000] {dagbag.py:541} INFO - Filling up the DagBag from /home/airflow/.local/lib/python3.7/site-packages/airflow/example_dags/example_xcom.py
[2024-08-17T22:10:39.549+0000] {processor.py:836} INFO - DAG(s) dict_keys(['example_xcom']) retrieved from /home/airflow/.local/lib/python3.7/site-packages/airflow/example_dags/example_xcom.py
[2024-08-17T22:10:39.583+0000] {logging_mixin.py:150} INFO - [2024-08-17T22:10:39.583+0000] {dag.py:2742} INFO - Sync 1 DAGs
[2024-08-17T22:10:39.619+0000] {logging_mixin.py:150} INFO - [2024-08-17T22:10:39.619+0000] {dag.py:3508} INFO - Setting next_dagrun for example_xcom to 2021-01-01T00:00:00+00:00, run_after=2021-01-01T00:00:00+00:00
[2024-08-17T22:10:39.657+0000] {processor.py:179} INFO - Processing /home/airflow/.local/lib/python3.7/site-packages/airflow/example_dags/example_xcom.py took 0.127 seconds
[2024-08-17T22:11:10.367+0000] {processor.py:157} INFO - Started process (PID=3620) to work on /home/airflow/.local/lib/python3.7/site-packages/airflow/example_dags/example_xcom.py
[2024-08-17T22:11:10.369+0000] {processor.py:826} INFO - Processing file /home/airflow/.local/lib/python3.7/site-packages/airflow/example_dags/example_xcom.py for tasks to queue
[2024-08-17T22:11:10.370+0000] {logging_mixin.py:150} INFO - [2024-08-17T22:11:10.370+0000] {dagbag.py:541} INFO - Filling up the DagBag from /home/airflow/.local/lib/python3.7/site-packages/airflow/example_dags/example_xcom.py
[2024-08-17T22:11:10.380+0000] {processor.py:836} INFO - DAG(s) dict_keys(['example_xcom']) retrieved from /home/airflow/.local/lib/python3.7/site-packages/airflow/example_dags/example_xcom.py
[2024-08-17T22:11:10.463+0000] {logging_mixin.py:150} INFO - [2024-08-17T22:11:10.462+0000] {dag.py:2742} INFO - Sync 1 DAGs
[2024-08-17T22:11:10.508+0000] {logging_mixin.py:150} INFO - [2024-08-17T22:11:10.508+0000] {dag.py:3508} INFO - Setting next_dagrun for example_xcom to 2021-01-01T00:00:00+00:00, run_after=2021-01-01T00:00:00+00:00
[2024-08-17T22:11:10.545+0000] {processor.py:179} INFO - Processing /home/airflow/.local/lib/python3.7/site-packages/airflow/example_dags/example_xcom.py took 0.184 seconds
[2024-08-17T22:12:07.057+0000] {processor.py:157} INFO - Started process (PID=165) to work on /home/airflow/.local/lib/python3.7/site-packages/airflow/example_dags/example_xcom.py
[2024-08-17T22:12:07.065+0000] {processor.py:826} INFO - Processing file /home/airflow/.local/lib/python3.7/site-packages/airflow/example_dags/example_xcom.py for tasks to queue
[2024-08-17T22:12:07.074+0000] {logging_mixin.py:150} INFO - [2024-08-17T22:12:07.070+0000] {dagbag.py:541} INFO - Filling up the DagBag from /home/airflow/.local/lib/python3.7/site-packages/airflow/example_dags/example_xcom.py
[2024-08-17T22:12:08.173+0000] {processor.py:836} INFO - DAG(s) dict_keys(['example_xcom']) retrieved from /home/airflow/.local/lib/python3.7/site-packages/airflow/example_dags/example_xcom.py
[2024-08-17T22:12:08.382+0000] {logging_mixin.py:150} INFO - [2024-08-17T22:12:08.381+0000] {dag.py:2742} INFO - Sync 1 DAGs
[2024-08-17T22:12:08.453+0000] {logging_mixin.py:150} INFO - [2024-08-17T22:12:08.453+0000] {dag.py:3508} INFO - Setting next_dagrun for example_xcom to 2021-01-01T00:00:00+00:00, run_after=2021-01-01T00:00:00+00:00
[2024-08-17T22:12:08.499+0000] {processor.py:179} INFO - Processing /home/airflow/.local/lib/python3.7/site-packages/airflow/example_dags/example_xcom.py took 1.467 seconds
[2024-08-17T22:12:39.467+0000] {processor.py:157} INFO - Started process (PID=404) to work on /home/airflow/.local/lib/python3.7/site-packages/airflow/example_dags/example_xcom.py
[2024-08-17T22:12:39.471+0000] {processor.py:826} INFO - Processing file /home/airflow/.local/lib/python3.7/site-packages/airflow/example_dags/example_xcom.py for tasks to queue
[2024-08-17T22:12:39.474+0000] {logging_mixin.py:150} INFO - [2024-08-17T22:12:39.473+0000] {dagbag.py:541} INFO - Filling up the DagBag from /home/airflow/.local/lib/python3.7/site-packages/airflow/example_dags/example_xcom.py
[2024-08-17T22:12:39.520+0000] {processor.py:836} INFO - DAG(s) dict_keys(['example_xcom']) retrieved from /home/airflow/.local/lib/python3.7/site-packages/airflow/example_dags/example_xcom.py
[2024-08-17T22:12:39.600+0000] {logging_mixin.py:150} INFO - [2024-08-17T22:12:39.600+0000] {dag.py:2742} INFO - Sync 1 DAGs
[2024-08-17T22:12:39.654+0000] {logging_mixin.py:150} INFO - [2024-08-17T22:12:39.653+0000] {dag.py:3508} INFO - Setting next_dagrun for example_xcom to 2021-01-01T00:00:00+00:00, run_after=2021-01-01T00:00:00+00:00
[2024-08-17T22:12:39.684+0000] {processor.py:179} INFO - Processing /home/airflow/.local/lib/python3.7/site-packages/airflow/example_dags/example_xcom.py took 0.235 seconds
[2024-08-17T22:13:10.240+0000] {processor.py:157} INFO - Started process (PID=642) to work on /home/airflow/.local/lib/python3.7/site-packages/airflow/example_dags/example_xcom.py
[2024-08-17T22:13:10.242+0000] {processor.py:826} INFO - Processing file /home/airflow/.local/lib/python3.7/site-packages/airflow/example_dags/example_xcom.py for tasks to queue
[2024-08-17T22:13:10.243+0000] {logging_mixin.py:150} INFO - [2024-08-17T22:13:10.243+0000] {dagbag.py:541} INFO - Filling up the DagBag from /home/airflow/.local/lib/python3.7/site-packages/airflow/example_dags/example_xcom.py
[2024-08-17T22:13:10.257+0000] {processor.py:836} INFO - DAG(s) dict_keys(['example_xcom']) retrieved from /home/airflow/.local/lib/python3.7/site-packages/airflow/example_dags/example_xcom.py
[2024-08-17T22:13:10.432+0000] {logging_mixin.py:150} INFO - [2024-08-17T22:13:10.432+0000] {dag.py:2742} INFO - Sync 1 DAGs
[2024-08-17T22:13:10.676+0000] {logging_mixin.py:150} INFO - [2024-08-17T22:13:10.676+0000] {dag.py:3508} INFO - Setting next_dagrun for example_xcom to 2021-01-01T00:00:00+00:00, run_after=2021-01-01T00:00:00+00:00
[2024-08-17T22:13:10.878+0000] {processor.py:179} INFO - Processing /home/airflow/.local/lib/python3.7/site-packages/airflow/example_dags/example_xcom.py took 0.644 seconds
[2024-08-17T22:13:41.388+0000] {processor.py:157} INFO - Started process (PID=880) to work on /home/airflow/.local/lib/python3.7/site-packages/airflow/example_dags/example_xcom.py
[2024-08-17T22:13:41.389+0000] {processor.py:826} INFO - Processing file /home/airflow/.local/lib/python3.7/site-packages/airflow/example_dags/example_xcom.py for tasks to queue
[2024-08-17T22:13:41.390+0000] {logging_mixin.py:150} INFO - [2024-08-17T22:13:41.390+0000] {dagbag.py:541} INFO - Filling up the DagBag from /home/airflow/.local/lib/python3.7/site-packages/airflow/example_dags/example_xcom.py
[2024-08-17T22:13:41.400+0000] {processor.py:836} INFO - DAG(s) dict_keys(['example_xcom']) retrieved from /home/airflow/.local/lib/python3.7/site-packages/airflow/example_dags/example_xcom.py
[2024-08-17T22:13:41.433+0000] {logging_mixin.py:150} INFO - [2024-08-17T22:13:41.433+0000] {dag.py:2742} INFO - Sync 1 DAGs
[2024-08-17T22:13:41.468+0000] {logging_mixin.py:150} INFO - [2024-08-17T22:13:41.467+0000] {dag.py:3508} INFO - Setting next_dagrun for example_xcom to 2021-01-01T00:00:00+00:00, run_after=2021-01-01T00:00:00+00:00
[2024-08-17T22:13:41.493+0000] {processor.py:179} INFO - Processing /home/airflow/.local/lib/python3.7/site-packages/airflow/example_dags/example_xcom.py took 0.109 seconds
[2024-08-17T22:14:11.672+0000] {processor.py:157} INFO - Started process (PID=1120) to work on /home/airflow/.local/lib/python3.7/site-packages/airflow/example_dags/example_xcom.py
[2024-08-17T22:14:11.676+0000] {processor.py:826} INFO - Processing file /home/airflow/.local/lib/python3.7/site-packages/airflow/example_dags/example_xcom.py for tasks to queue
[2024-08-17T22:14:11.677+0000] {logging_mixin.py:150} INFO - [2024-08-17T22:14:11.677+0000] {dagbag.py:541} INFO - Filling up the DagBag from /home/airflow/.local/lib/python3.7/site-packages/airflow/example_dags/example_xcom.py
[2024-08-17T22:14:11.686+0000] {processor.py:836} INFO - DAG(s) dict_keys(['example_xcom']) retrieved from /home/airflow/.local/lib/python3.7/site-packages/airflow/example_dags/example_xcom.py
[2024-08-17T22:14:11.719+0000] {logging_mixin.py:150} INFO - [2024-08-17T22:14:11.719+0000] {dag.py:2742} INFO - Sync 1 DAGs
[2024-08-17T22:14:11.750+0000] {logging_mixin.py:150} INFO - [2024-08-17T22:14:11.750+0000] {dag.py:3508} INFO - Setting next_dagrun for example_xcom to 2021-01-01T00:00:00+00:00, run_after=2021-01-01T00:00:00+00:00
[2024-08-17T22:14:11.774+0000] {processor.py:179} INFO - Processing /home/airflow/.local/lib/python3.7/site-packages/airflow/example_dags/example_xcom.py took 0.107 seconds
[2024-08-17T22:14:42.425+0000] {processor.py:157} INFO - Started process (PID=1355) to work on /home/airflow/.local/lib/python3.7/site-packages/airflow/example_dags/example_xcom.py
[2024-08-17T22:14:42.426+0000] {processor.py:826} INFO - Processing file /home/airflow/.local/lib/python3.7/site-packages/airflow/example_dags/example_xcom.py for tasks to queue
[2024-08-17T22:14:42.428+0000] {logging_mixin.py:150} INFO - [2024-08-17T22:14:42.427+0000] {dagbag.py:541} INFO - Filling up the DagBag from /home/airflow/.local/lib/python3.7/site-packages/airflow/example_dags/example_xcom.py
[2024-08-17T22:14:42.438+0000] {processor.py:836} INFO - DAG(s) dict_keys(['example_xcom']) retrieved from /home/airflow/.local/lib/python3.7/site-packages/airflow/example_dags/example_xcom.py
[2024-08-17T22:14:42.470+0000] {logging_mixin.py:150} INFO - [2024-08-17T22:14:42.469+0000] {dag.py:2742} INFO - Sync 1 DAGs
[2024-08-17T22:14:42.503+0000] {logging_mixin.py:150} INFO - [2024-08-17T22:14:42.503+0000] {dag.py:3508} INFO - Setting next_dagrun for example_xcom to 2021-01-01T00:00:00+00:00, run_after=2021-01-01T00:00:00+00:00
[2024-08-17T22:14:42.526+0000] {processor.py:179} INFO - Processing /home/airflow/.local/lib/python3.7/site-packages/airflow/example_dags/example_xcom.py took 0.106 seconds
[2024-08-17T22:15:13.194+0000] {processor.py:157} INFO - Started process (PID=1594) to work on /home/airflow/.local/lib/python3.7/site-packages/airflow/example_dags/example_xcom.py
[2024-08-17T22:15:13.196+0000] {processor.py:826} INFO - Processing file /home/airflow/.local/lib/python3.7/site-packages/airflow/example_dags/example_xcom.py for tasks to queue
[2024-08-17T22:15:13.197+0000] {logging_mixin.py:150} INFO - [2024-08-17T22:15:13.196+0000] {dagbag.py:541} INFO - Filling up the DagBag from /home/airflow/.local/lib/python3.7/site-packages/airflow/example_dags/example_xcom.py
[2024-08-17T22:15:13.207+0000] {processor.py:836} INFO - DAG(s) dict_keys(['example_xcom']) retrieved from /home/airflow/.local/lib/python3.7/site-packages/airflow/example_dags/example_xcom.py
[2024-08-17T22:15:13.242+0000] {logging_mixin.py:150} INFO - [2024-08-17T22:15:13.242+0000] {dag.py:2742} INFO - Sync 1 DAGs
[2024-08-17T22:15:13.274+0000] {logging_mixin.py:150} INFO - [2024-08-17T22:15:13.274+0000] {dag.py:3508} INFO - Setting next_dagrun for example_xcom to 2021-01-01T00:00:00+00:00, run_after=2021-01-01T00:00:00+00:00
[2024-08-17T22:15:13.299+0000] {processor.py:179} INFO - Processing /home/airflow/.local/lib/python3.7/site-packages/airflow/example_dags/example_xcom.py took 0.109 seconds
[2024-08-17T22:15:43.333+0000] {processor.py:157} INFO - Started process (PID=1831) to work on /home/airflow/.local/lib/python3.7/site-packages/airflow/example_dags/example_xcom.py
[2024-08-17T22:15:43.334+0000] {processor.py:826} INFO - Processing file /home/airflow/.local/lib/python3.7/site-packages/airflow/example_dags/example_xcom.py for tasks to queue
[2024-08-17T22:15:43.335+0000] {logging_mixin.py:150} INFO - [2024-08-17T22:15:43.335+0000] {dagbag.py:541} INFO - Filling up the DagBag from /home/airflow/.local/lib/python3.7/site-packages/airflow/example_dags/example_xcom.py
[2024-08-17T22:15:43.348+0000] {processor.py:836} INFO - DAG(s) dict_keys(['example_xcom']) retrieved from /home/airflow/.local/lib/python3.7/site-packages/airflow/example_dags/example_xcom.py
[2024-08-17T22:15:43.379+0000] {logging_mixin.py:150} INFO - [2024-08-17T22:15:43.379+0000] {dag.py:2742} INFO - Sync 1 DAGs
[2024-08-17T22:15:43.410+0000] {logging_mixin.py:150} INFO - [2024-08-17T22:15:43.410+0000] {dag.py:3508} INFO - Setting next_dagrun for example_xcom to 2021-01-01T00:00:00+00:00, run_after=2021-01-01T00:00:00+00:00
[2024-08-17T22:15:43.435+0000] {processor.py:179} INFO - Processing /home/airflow/.local/lib/python3.7/site-packages/airflow/example_dags/example_xcom.py took 0.106 seconds
[2024-08-17T22:16:13.498+0000] {processor.py:157} INFO - Started process (PID=2070) to work on /home/airflow/.local/lib/python3.7/site-packages/airflow/example_dags/example_xcom.py
[2024-08-17T22:16:13.502+0000] {processor.py:826} INFO - Processing file /home/airflow/.local/lib/python3.7/site-packages/airflow/example_dags/example_xcom.py for tasks to queue
[2024-08-17T22:16:13.503+0000] {logging_mixin.py:150} INFO - [2024-08-17T22:16:13.503+0000] {dagbag.py:541} INFO - Filling up the DagBag from /home/airflow/.local/lib/python3.7/site-packages/airflow/example_dags/example_xcom.py
[2024-08-17T22:16:13.515+0000] {processor.py:836} INFO - DAG(s) dict_keys(['example_xcom']) retrieved from /home/airflow/.local/lib/python3.7/site-packages/airflow/example_dags/example_xcom.py
[2024-08-17T22:16:13.553+0000] {logging_mixin.py:150} INFO - [2024-08-17T22:16:13.553+0000] {dag.py:2742} INFO - Sync 1 DAGs
[2024-08-17T22:16:13.589+0000] {logging_mixin.py:150} INFO - [2024-08-17T22:16:13.588+0000] {dag.py:3508} INFO - Setting next_dagrun for example_xcom to 2021-01-01T00:00:00+00:00, run_after=2021-01-01T00:00:00+00:00
[2024-08-17T22:16:13.616+0000] {processor.py:179} INFO - Processing /home/airflow/.local/lib/python3.7/site-packages/airflow/example_dags/example_xcom.py took 0.124 seconds
[2024-08-17T22:16:43.911+0000] {processor.py:157} INFO - Started process (PID=2308) to work on /home/airflow/.local/lib/python3.7/site-packages/airflow/example_dags/example_xcom.py
[2024-08-17T22:16:43.912+0000] {processor.py:826} INFO - Processing file /home/airflow/.local/lib/python3.7/site-packages/airflow/example_dags/example_xcom.py for tasks to queue
[2024-08-17T22:16:43.913+0000] {logging_mixin.py:150} INFO - [2024-08-17T22:16:43.913+0000] {dagbag.py:541} INFO - Filling up the DagBag from /home/airflow/.local/lib/python3.7/site-packages/airflow/example_dags/example_xcom.py
[2024-08-17T22:16:43.928+0000] {processor.py:836} INFO - DAG(s) dict_keys(['example_xcom']) retrieved from /home/airflow/.local/lib/python3.7/site-packages/airflow/example_dags/example_xcom.py
[2024-08-17T22:16:43.979+0000] {logging_mixin.py:150} INFO - [2024-08-17T22:16:43.978+0000] {dag.py:2742} INFO - Sync 1 DAGs
[2024-08-17T22:16:44.020+0000] {logging_mixin.py:150} INFO - [2024-08-17T22:16:44.019+0000] {dag.py:3508} INFO - Setting next_dagrun for example_xcom to 2021-01-01T00:00:00+00:00, run_after=2021-01-01T00:00:00+00:00
[2024-08-17T22:16:44.048+0000] {processor.py:179} INFO - Processing /home/airflow/.local/lib/python3.7/site-packages/airflow/example_dags/example_xcom.py took 0.143 seconds
