[2024-08-17T22:04:00.885+0000] {processor.py:157} INFO - Started process (PID=342) to work on /home/airflow/.local/lib/python3.7/site-packages/airflow/example_dags/example_bash_operator.py
[2024-08-17T22:04:00.887+0000] {processor.py:826} INFO - Processing file /home/airflow/.local/lib/python3.7/site-packages/airflow/example_dags/example_bash_operator.py for tasks to queue
[2024-08-17T22:04:00.888+0000] {logging_mixin.py:150} INFO - [2024-08-17T22:04:00.888+0000] {dagbag.py:541} INFO - Filling up the DagBag from /home/airflow/.local/lib/python3.7/site-packages/airflow/example_dags/example_bash_operator.py
[2024-08-17T22:04:00.912+0000] {processor.py:836} INFO - DAG(s) dict_keys(['example_bash_operator']) retrieved from /home/airflow/.local/lib/python3.7/site-packages/airflow/example_dags/example_bash_operator.py
[2024-08-17T22:04:00.932+0000] {logging_mixin.py:150} INFO - [2024-08-17T22:04:00.931+0000] {dag.py:2742} INFO - Sync 1 DAGs
[2024-08-17T22:04:00.954+0000] {logging_mixin.py:150} INFO - [2024-08-17T22:04:00.953+0000] {dag.py:2763} INFO - Creating ORM DAG for example_bash_operator
[2024-08-17T22:04:00.974+0000] {logging_mixin.py:150} INFO - [2024-08-17T22:04:00.974+0000] {dag.py:3508} INFO - Setting next_dagrun for example_bash_operator to 2024-08-16T00:00:00+00:00, run_after=2024-08-17T00:00:00+00:00
[2024-08-17T22:04:01.002+0000] {processor.py:179} INFO - Processing /home/airflow/.local/lib/python3.7/site-packages/airflow/example_dags/example_bash_operator.py took 0.121 seconds
[2024-08-17T22:04:31.104+0000] {processor.py:157} INFO - Started process (PID=577) to work on /home/airflow/.local/lib/python3.7/site-packages/airflow/example_dags/example_bash_operator.py
[2024-08-17T22:04:31.106+0000] {processor.py:826} INFO - Processing file /home/airflow/.local/lib/python3.7/site-packages/airflow/example_dags/example_bash_operator.py for tasks to queue
[2024-08-17T22:04:31.107+0000] {logging_mixin.py:150} INFO - [2024-08-17T22:04:31.107+0000] {dagbag.py:541} INFO - Filling up the DagBag from /home/airflow/.local/lib/python3.7/site-packages/airflow/example_dags/example_bash_operator.py
[2024-08-17T22:04:31.126+0000] {processor.py:836} INFO - DAG(s) dict_keys(['example_bash_operator']) retrieved from /home/airflow/.local/lib/python3.7/site-packages/airflow/example_dags/example_bash_operator.py
[2024-08-17T22:04:31.177+0000] {logging_mixin.py:150} INFO - [2024-08-17T22:04:31.177+0000] {dag.py:2742} INFO - Sync 1 DAGs
[2024-08-17T22:04:31.215+0000] {logging_mixin.py:150} INFO - [2024-08-17T22:04:31.215+0000] {dag.py:3508} INFO - Setting next_dagrun for example_bash_operator to 2024-08-16T00:00:00+00:00, run_after=2024-08-17T00:00:00+00:00
[2024-08-17T22:04:31.241+0000] {processor.py:179} INFO - Processing /home/airflow/.local/lib/python3.7/site-packages/airflow/example_dags/example_bash_operator.py took 0.141 seconds
[2024-08-17T22:05:01.795+0000] {processor.py:157} INFO - Started process (PID=813) to work on /home/airflow/.local/lib/python3.7/site-packages/airflow/example_dags/example_bash_operator.py
[2024-08-17T22:05:01.797+0000] {processor.py:826} INFO - Processing file /home/airflow/.local/lib/python3.7/site-packages/airflow/example_dags/example_bash_operator.py for tasks to queue
[2024-08-17T22:05:01.799+0000] {logging_mixin.py:150} INFO - [2024-08-17T22:05:01.799+0000] {dagbag.py:541} INFO - Filling up the DagBag from /home/airflow/.local/lib/python3.7/site-packages/airflow/example_dags/example_bash_operator.py
[2024-08-17T22:05:01.827+0000] {processor.py:836} INFO - DAG(s) dict_keys(['example_bash_operator']) retrieved from /home/airflow/.local/lib/python3.7/site-packages/airflow/example_dags/example_bash_operator.py
[2024-08-17T22:05:01.900+0000] {logging_mixin.py:150} INFO - [2024-08-17T22:05:01.900+0000] {dag.py:2742} INFO - Sync 1 DAGs
[2024-08-17T22:05:01.943+0000] {logging_mixin.py:150} INFO - [2024-08-17T22:05:01.943+0000] {dag.py:3508} INFO - Setting next_dagrun for example_bash_operator to 2024-08-16T00:00:00+00:00, run_after=2024-08-17T00:00:00+00:00
[2024-08-17T22:05:01.983+0000] {processor.py:179} INFO - Processing /home/airflow/.local/lib/python3.7/site-packages/airflow/example_dags/example_bash_operator.py took 0.194 seconds
[2024-08-17T22:05:39.360+0000] {processor.py:157} INFO - Started process (PID=1051) to work on /home/airflow/.local/lib/python3.7/site-packages/airflow/example_dags/example_bash_operator.py
[2024-08-17T22:05:39.363+0000] {processor.py:826} INFO - Processing file /home/airflow/.local/lib/python3.7/site-packages/airflow/example_dags/example_bash_operator.py for tasks to queue
[2024-08-17T22:05:39.365+0000] {logging_mixin.py:150} INFO - [2024-08-17T22:05:39.365+0000] {dagbag.py:541} INFO - Filling up the DagBag from /home/airflow/.local/lib/python3.7/site-packages/airflow/example_dags/example_bash_operator.py
[2024-08-17T22:05:39.391+0000] {processor.py:836} INFO - DAG(s) dict_keys(['example_bash_operator']) retrieved from /home/airflow/.local/lib/python3.7/site-packages/airflow/example_dags/example_bash_operator.py
[2024-08-17T22:05:39.518+0000] {logging_mixin.py:150} INFO - [2024-08-17T22:05:39.518+0000] {dag.py:2742} INFO - Sync 1 DAGs
[2024-08-17T22:05:39.602+0000] {logging_mixin.py:150} INFO - [2024-08-17T22:05:39.601+0000] {dag.py:3508} INFO - Setting next_dagrun for example_bash_operator to 2024-08-16T00:00:00+00:00, run_after=2024-08-17T00:00:00+00:00
[2024-08-17T22:05:39.644+0000] {processor.py:179} INFO - Processing /home/airflow/.local/lib/python3.7/site-packages/airflow/example_dags/example_bash_operator.py took 0.289 seconds
[2024-08-17T22:06:09.862+0000] {processor.py:157} INFO - Started process (PID=1289) to work on /home/airflow/.local/lib/python3.7/site-packages/airflow/example_dags/example_bash_operator.py
[2024-08-17T22:06:09.865+0000] {processor.py:826} INFO - Processing file /home/airflow/.local/lib/python3.7/site-packages/airflow/example_dags/example_bash_operator.py for tasks to queue
[2024-08-17T22:06:09.866+0000] {logging_mixin.py:150} INFO - [2024-08-17T22:06:09.866+0000] {dagbag.py:541} INFO - Filling up the DagBag from /home/airflow/.local/lib/python3.7/site-packages/airflow/example_dags/example_bash_operator.py
[2024-08-17T22:06:09.887+0000] {processor.py:836} INFO - DAG(s) dict_keys(['example_bash_operator']) retrieved from /home/airflow/.local/lib/python3.7/site-packages/airflow/example_dags/example_bash_operator.py
[2024-08-17T22:06:09.946+0000] {logging_mixin.py:150} INFO - [2024-08-17T22:06:09.946+0000] {dag.py:2742} INFO - Sync 1 DAGs
[2024-08-17T22:06:09.984+0000] {logging_mixin.py:150} INFO - [2024-08-17T22:06:09.984+0000] {dag.py:3508} INFO - Setting next_dagrun for example_bash_operator to 2024-08-16T00:00:00+00:00, run_after=2024-08-17T00:00:00+00:00
[2024-08-17T22:06:10.010+0000] {processor.py:179} INFO - Processing /home/airflow/.local/lib/python3.7/site-packages/airflow/example_dags/example_bash_operator.py took 0.155 seconds
[2024-08-17T22:06:40.225+0000] {processor.py:157} INFO - Started process (PID=1527) to work on /home/airflow/.local/lib/python3.7/site-packages/airflow/example_dags/example_bash_operator.py
[2024-08-17T22:06:40.227+0000] {processor.py:826} INFO - Processing file /home/airflow/.local/lib/python3.7/site-packages/airflow/example_dags/example_bash_operator.py for tasks to queue
[2024-08-17T22:06:40.228+0000] {logging_mixin.py:150} INFO - [2024-08-17T22:06:40.228+0000] {dagbag.py:541} INFO - Filling up the DagBag from /home/airflow/.local/lib/python3.7/site-packages/airflow/example_dags/example_bash_operator.py
[2024-08-17T22:06:40.249+0000] {processor.py:836} INFO - DAG(s) dict_keys(['example_bash_operator']) retrieved from /home/airflow/.local/lib/python3.7/site-packages/airflow/example_dags/example_bash_operator.py
[2024-08-17T22:06:40.299+0000] {logging_mixin.py:150} INFO - [2024-08-17T22:06:40.298+0000] {dag.py:2742} INFO - Sync 1 DAGs
[2024-08-17T22:06:40.335+0000] {logging_mixin.py:150} INFO - [2024-08-17T22:06:40.335+0000] {dag.py:3508} INFO - Setting next_dagrun for example_bash_operator to 2024-08-16T00:00:00+00:00, run_after=2024-08-17T00:00:00+00:00
[2024-08-17T22:06:40.360+0000] {processor.py:179} INFO - Processing /home/airflow/.local/lib/python3.7/site-packages/airflow/example_dags/example_bash_operator.py took 0.139 seconds
[2024-08-17T22:07:10.463+0000] {processor.py:157} INFO - Started process (PID=1765) to work on /home/airflow/.local/lib/python3.7/site-packages/airflow/example_dags/example_bash_operator.py
[2024-08-17T22:07:10.465+0000] {processor.py:826} INFO - Processing file /home/airflow/.local/lib/python3.7/site-packages/airflow/example_dags/example_bash_operator.py for tasks to queue
[2024-08-17T22:07:10.466+0000] {logging_mixin.py:150} INFO - [2024-08-17T22:07:10.466+0000] {dagbag.py:541} INFO - Filling up the DagBag from /home/airflow/.local/lib/python3.7/site-packages/airflow/example_dags/example_bash_operator.py
[2024-08-17T22:07:10.486+0000] {processor.py:836} INFO - DAG(s) dict_keys(['example_bash_operator']) retrieved from /home/airflow/.local/lib/python3.7/site-packages/airflow/example_dags/example_bash_operator.py
[2024-08-17T22:07:10.541+0000] {logging_mixin.py:150} INFO - [2024-08-17T22:07:10.541+0000] {dag.py:2742} INFO - Sync 1 DAGs
[2024-08-17T22:07:10.580+0000] {logging_mixin.py:150} INFO - [2024-08-17T22:07:10.580+0000] {dag.py:3508} INFO - Setting next_dagrun for example_bash_operator to 2024-08-16T00:00:00+00:00, run_after=2024-08-17T00:00:00+00:00
[2024-08-17T22:07:10.607+0000] {processor.py:179} INFO - Processing /home/airflow/.local/lib/python3.7/site-packages/airflow/example_dags/example_bash_operator.py took 0.148 seconds
[2024-08-17T22:07:41.062+0000] {processor.py:157} INFO - Started process (PID=2003) to work on /home/airflow/.local/lib/python3.7/site-packages/airflow/example_dags/example_bash_operator.py
[2024-08-17T22:07:41.063+0000] {processor.py:826} INFO - Processing file /home/airflow/.local/lib/python3.7/site-packages/airflow/example_dags/example_bash_operator.py for tasks to queue
[2024-08-17T22:07:41.067+0000] {logging_mixin.py:150} INFO - [2024-08-17T22:07:41.066+0000] {dagbag.py:541} INFO - Filling up the DagBag from /home/airflow/.local/lib/python3.7/site-packages/airflow/example_dags/example_bash_operator.py
[2024-08-17T22:07:41.095+0000] {processor.py:836} INFO - DAG(s) dict_keys(['example_bash_operator']) retrieved from /home/airflow/.local/lib/python3.7/site-packages/airflow/example_dags/example_bash_operator.py
[2024-08-17T22:07:41.185+0000] {logging_mixin.py:150} INFO - [2024-08-17T22:07:41.185+0000] {dag.py:2742} INFO - Sync 1 DAGs
[2024-08-17T22:07:41.329+0000] {logging_mixin.py:150} INFO - [2024-08-17T22:07:41.323+0000] {dag.py:3508} INFO - Setting next_dagrun for example_bash_operator to 2024-08-16T00:00:00+00:00, run_after=2024-08-17T00:00:00+00:00
[2024-08-17T22:07:41.448+0000] {processor.py:179} INFO - Processing /home/airflow/.local/lib/python3.7/site-packages/airflow/example_dags/example_bash_operator.py took 0.394 seconds
[2024-08-17T22:08:15.701+0000] {processor.py:157} INFO - Started process (PID=2369) to work on /home/airflow/.local/lib/python3.7/site-packages/airflow/example_dags/example_bash_operator.py
[2024-08-17T22:08:15.703+0000] {processor.py:826} INFO - Processing file /home/airflow/.local/lib/python3.7/site-packages/airflow/example_dags/example_bash_operator.py for tasks to queue
[2024-08-17T22:08:15.706+0000] {logging_mixin.py:150} INFO - [2024-08-17T22:08:15.705+0000] {dagbag.py:541} INFO - Filling up the DagBag from /home/airflow/.local/lib/python3.7/site-packages/airflow/example_dags/example_bash_operator.py
[2024-08-17T22:08:15.773+0000] {processor.py:836} INFO - DAG(s) dict_keys(['example_bash_operator']) retrieved from /home/airflow/.local/lib/python3.7/site-packages/airflow/example_dags/example_bash_operator.py
[2024-08-17T22:08:15.871+0000] {logging_mixin.py:150} INFO - [2024-08-17T22:08:15.871+0000] {dag.py:2742} INFO - Sync 1 DAGs
[2024-08-17T22:08:15.938+0000] {logging_mixin.py:150} INFO - [2024-08-17T22:08:15.938+0000] {dag.py:3508} INFO - Setting next_dagrun for example_bash_operator to 2024-08-17T00:00:00+00:00, run_after=2024-08-18T00:00:00+00:00
[2024-08-17T22:08:16.002+0000] {processor.py:179} INFO - Processing /home/airflow/.local/lib/python3.7/site-packages/airflow/example_dags/example_bash_operator.py took 0.310 seconds
[2024-08-17T22:08:46.290+0000] {processor.py:157} INFO - Started process (PID=2611) to work on /home/airflow/.local/lib/python3.7/site-packages/airflow/example_dags/example_bash_operator.py
[2024-08-17T22:08:46.291+0000] {processor.py:826} INFO - Processing file /home/airflow/.local/lib/python3.7/site-packages/airflow/example_dags/example_bash_operator.py for tasks to queue
[2024-08-17T22:08:46.292+0000] {logging_mixin.py:150} INFO - [2024-08-17T22:08:46.292+0000] {dagbag.py:541} INFO - Filling up the DagBag from /home/airflow/.local/lib/python3.7/site-packages/airflow/example_dags/example_bash_operator.py
[2024-08-17T22:08:46.313+0000] {processor.py:836} INFO - DAG(s) dict_keys(['example_bash_operator']) retrieved from /home/airflow/.local/lib/python3.7/site-packages/airflow/example_dags/example_bash_operator.py
[2024-08-17T22:08:46.376+0000] {logging_mixin.py:150} INFO - [2024-08-17T22:08:46.375+0000] {dag.py:2742} INFO - Sync 1 DAGs
[2024-08-17T22:08:46.410+0000] {logging_mixin.py:150} INFO - [2024-08-17T22:08:46.410+0000] {dag.py:3508} INFO - Setting next_dagrun for example_bash_operator to 2024-08-17T00:00:00+00:00, run_after=2024-08-18T00:00:00+00:00
[2024-08-17T22:08:46.441+0000] {processor.py:179} INFO - Processing /home/airflow/.local/lib/python3.7/site-packages/airflow/example_dags/example_bash_operator.py took 0.156 seconds
[2024-08-17T22:09:16.691+0000] {processor.py:157} INFO - Started process (PID=2849) to work on /home/airflow/.local/lib/python3.7/site-packages/airflow/example_dags/example_bash_operator.py
[2024-08-17T22:09:16.692+0000] {processor.py:826} INFO - Processing file /home/airflow/.local/lib/python3.7/site-packages/airflow/example_dags/example_bash_operator.py for tasks to queue
[2024-08-17T22:09:16.693+0000] {logging_mixin.py:150} INFO - [2024-08-17T22:09:16.693+0000] {dagbag.py:541} INFO - Filling up the DagBag from /home/airflow/.local/lib/python3.7/site-packages/airflow/example_dags/example_bash_operator.py
[2024-08-17T22:09:16.716+0000] {processor.py:836} INFO - DAG(s) dict_keys(['example_bash_operator']) retrieved from /home/airflow/.local/lib/python3.7/site-packages/airflow/example_dags/example_bash_operator.py
[2024-08-17T22:09:16.808+0000] {logging_mixin.py:150} INFO - [2024-08-17T22:09:16.807+0000] {dag.py:2742} INFO - Sync 1 DAGs
[2024-08-17T22:09:16.856+0000] {logging_mixin.py:150} INFO - [2024-08-17T22:09:16.856+0000] {dag.py:3508} INFO - Setting next_dagrun for example_bash_operator to 2024-08-17T00:00:00+00:00, run_after=2024-08-18T00:00:00+00:00
[2024-08-17T22:09:16.881+0000] {processor.py:179} INFO - Processing /home/airflow/.local/lib/python3.7/site-packages/airflow/example_dags/example_bash_operator.py took 0.194 seconds
[2024-08-17T22:09:47.061+0000] {processor.py:157} INFO - Started process (PID=3087) to work on /home/airflow/.local/lib/python3.7/site-packages/airflow/example_dags/example_bash_operator.py
[2024-08-17T22:09:47.062+0000] {processor.py:826} INFO - Processing file /home/airflow/.local/lib/python3.7/site-packages/airflow/example_dags/example_bash_operator.py for tasks to queue
[2024-08-17T22:09:47.064+0000] {logging_mixin.py:150} INFO - [2024-08-17T22:09:47.063+0000] {dagbag.py:541} INFO - Filling up the DagBag from /home/airflow/.local/lib/python3.7/site-packages/airflow/example_dags/example_bash_operator.py
[2024-08-17T22:09:47.081+0000] {processor.py:836} INFO - DAG(s) dict_keys(['example_bash_operator']) retrieved from /home/airflow/.local/lib/python3.7/site-packages/airflow/example_dags/example_bash_operator.py
[2024-08-17T22:09:47.134+0000] {logging_mixin.py:150} INFO - [2024-08-17T22:09:47.133+0000] {dag.py:2742} INFO - Sync 1 DAGs
[2024-08-17T22:09:47.166+0000] {logging_mixin.py:150} INFO - [2024-08-17T22:09:47.166+0000] {dag.py:3508} INFO - Setting next_dagrun for example_bash_operator to 2024-08-17T00:00:00+00:00, run_after=2024-08-18T00:00:00+00:00
[2024-08-17T22:09:47.191+0000] {processor.py:179} INFO - Processing /home/airflow/.local/lib/python3.7/site-packages/airflow/example_dags/example_bash_operator.py took 0.133 seconds
[2024-08-17T22:10:18.203+0000] {processor.py:157} INFO - Started process (PID=3325) to work on /home/airflow/.local/lib/python3.7/site-packages/airflow/example_dags/example_bash_operator.py
[2024-08-17T22:10:18.204+0000] {processor.py:826} INFO - Processing file /home/airflow/.local/lib/python3.7/site-packages/airflow/example_dags/example_bash_operator.py for tasks to queue
[2024-08-17T22:10:18.205+0000] {logging_mixin.py:150} INFO - [2024-08-17T22:10:18.205+0000] {dagbag.py:541} INFO - Filling up the DagBag from /home/airflow/.local/lib/python3.7/site-packages/airflow/example_dags/example_bash_operator.py
[2024-08-17T22:10:18.225+0000] {processor.py:836} INFO - DAG(s) dict_keys(['example_bash_operator']) retrieved from /home/airflow/.local/lib/python3.7/site-packages/airflow/example_dags/example_bash_operator.py
[2024-08-17T22:10:18.288+0000] {logging_mixin.py:150} INFO - [2024-08-17T22:10:18.287+0000] {dag.py:2742} INFO - Sync 1 DAGs
[2024-08-17T22:10:18.340+0000] {logging_mixin.py:150} INFO - [2024-08-17T22:10:18.339+0000] {dag.py:3508} INFO - Setting next_dagrun for example_bash_operator to 2024-08-17T00:00:00+00:00, run_after=2024-08-18T00:00:00+00:00
[2024-08-17T22:10:18.370+0000] {processor.py:179} INFO - Processing /home/airflow/.local/lib/python3.7/site-packages/airflow/example_dags/example_bash_operator.py took 0.171 seconds
[2024-08-17T22:10:48.794+0000] {processor.py:157} INFO - Started process (PID=3563) to work on /home/airflow/.local/lib/python3.7/site-packages/airflow/example_dags/example_bash_operator.py
[2024-08-17T22:10:48.796+0000] {processor.py:826} INFO - Processing file /home/airflow/.local/lib/python3.7/site-packages/airflow/example_dags/example_bash_operator.py for tasks to queue
[2024-08-17T22:10:48.797+0000] {logging_mixin.py:150} INFO - [2024-08-17T22:10:48.797+0000] {dagbag.py:541} INFO - Filling up the DagBag from /home/airflow/.local/lib/python3.7/site-packages/airflow/example_dags/example_bash_operator.py
[2024-08-17T22:10:48.819+0000] {processor.py:836} INFO - DAG(s) dict_keys(['example_bash_operator']) retrieved from /home/airflow/.local/lib/python3.7/site-packages/airflow/example_dags/example_bash_operator.py
[2024-08-17T22:10:48.874+0000] {logging_mixin.py:150} INFO - [2024-08-17T22:10:48.874+0000] {dag.py:2742} INFO - Sync 1 DAGs
[2024-08-17T22:10:48.915+0000] {logging_mixin.py:150} INFO - [2024-08-17T22:10:48.915+0000] {dag.py:3508} INFO - Setting next_dagrun for example_bash_operator to 2024-08-17T00:00:00+00:00, run_after=2024-08-18T00:00:00+00:00
[2024-08-17T22:10:48.940+0000] {processor.py:179} INFO - Processing /home/airflow/.local/lib/python3.7/site-packages/airflow/example_dags/example_bash_operator.py took 0.150 seconds
[2024-08-17T22:12:17.097+0000] {processor.py:157} INFO - Started process (PID=341) to work on /home/airflow/.local/lib/python3.7/site-packages/airflow/example_dags/example_bash_operator.py
[2024-08-17T22:12:17.098+0000] {processor.py:826} INFO - Processing file /home/airflow/.local/lib/python3.7/site-packages/airflow/example_dags/example_bash_operator.py for tasks to queue
[2024-08-17T22:12:17.100+0000] {logging_mixin.py:150} INFO - [2024-08-17T22:12:17.099+0000] {dagbag.py:541} INFO - Filling up the DagBag from /home/airflow/.local/lib/python3.7/site-packages/airflow/example_dags/example_bash_operator.py
[2024-08-17T22:12:17.121+0000] {processor.py:836} INFO - DAG(s) dict_keys(['example_bash_operator']) retrieved from /home/airflow/.local/lib/python3.7/site-packages/airflow/example_dags/example_bash_operator.py
[2024-08-17T22:12:17.198+0000] {logging_mixin.py:150} INFO - [2024-08-17T22:12:17.198+0000] {dag.py:2742} INFO - Sync 1 DAGs
[2024-08-17T22:12:17.271+0000] {logging_mixin.py:150} INFO - [2024-08-17T22:12:17.270+0000] {dag.py:3508} INFO - Setting next_dagrun for example_bash_operator to 2024-08-17T00:00:00+00:00, run_after=2024-08-18T00:00:00+00:00
[2024-08-17T22:12:17.301+0000] {processor.py:179} INFO - Processing /home/airflow/.local/lib/python3.7/site-packages/airflow/example_dags/example_bash_operator.py took 0.209 seconds
[2024-08-17T22:12:48.157+0000] {processor.py:157} INFO - Started process (PID=579) to work on /home/airflow/.local/lib/python3.7/site-packages/airflow/example_dags/example_bash_operator.py
[2024-08-17T22:12:48.158+0000] {processor.py:826} INFO - Processing file /home/airflow/.local/lib/python3.7/site-packages/airflow/example_dags/example_bash_operator.py for tasks to queue
[2024-08-17T22:12:48.159+0000] {logging_mixin.py:150} INFO - [2024-08-17T22:12:48.159+0000] {dagbag.py:541} INFO - Filling up the DagBag from /home/airflow/.local/lib/python3.7/site-packages/airflow/example_dags/example_bash_operator.py
[2024-08-17T22:12:48.178+0000] {processor.py:836} INFO - DAG(s) dict_keys(['example_bash_operator']) retrieved from /home/airflow/.local/lib/python3.7/site-packages/airflow/example_dags/example_bash_operator.py
[2024-08-17T22:12:48.227+0000] {logging_mixin.py:150} INFO - [2024-08-17T22:12:48.227+0000] {dag.py:2742} INFO - Sync 1 DAGs
[2024-08-17T22:12:48.262+0000] {logging_mixin.py:150} INFO - [2024-08-17T22:12:48.262+0000] {dag.py:3508} INFO - Setting next_dagrun for example_bash_operator to 2024-08-17T00:00:00+00:00, run_after=2024-08-18T00:00:00+00:00
[2024-08-17T22:12:48.287+0000] {processor.py:179} INFO - Processing /home/airflow/.local/lib/python3.7/site-packages/airflow/example_dags/example_bash_operator.py took 0.135 seconds
[2024-08-17T22:13:18.485+0000] {processor.py:157} INFO - Started process (PID=814) to work on /home/airflow/.local/lib/python3.7/site-packages/airflow/example_dags/example_bash_operator.py
[2024-08-17T22:13:18.486+0000] {processor.py:826} INFO - Processing file /home/airflow/.local/lib/python3.7/site-packages/airflow/example_dags/example_bash_operator.py for tasks to queue
[2024-08-17T22:13:18.488+0000] {logging_mixin.py:150} INFO - [2024-08-17T22:13:18.487+0000] {dagbag.py:541} INFO - Filling up the DagBag from /home/airflow/.local/lib/python3.7/site-packages/airflow/example_dags/example_bash_operator.py
[2024-08-17T22:13:18.506+0000] {processor.py:836} INFO - DAG(s) dict_keys(['example_bash_operator']) retrieved from /home/airflow/.local/lib/python3.7/site-packages/airflow/example_dags/example_bash_operator.py
[2024-08-17T22:13:18.553+0000] {logging_mixin.py:150} INFO - [2024-08-17T22:13:18.553+0000] {dag.py:2742} INFO - Sync 1 DAGs
[2024-08-17T22:13:18.587+0000] {logging_mixin.py:150} INFO - [2024-08-17T22:13:18.586+0000] {dag.py:3508} INFO - Setting next_dagrun for example_bash_operator to 2024-08-17T00:00:00+00:00, run_after=2024-08-18T00:00:00+00:00
[2024-08-17T22:13:18.616+0000] {processor.py:179} INFO - Processing /home/airflow/.local/lib/python3.7/site-packages/airflow/example_dags/example_bash_operator.py took 0.137 seconds
[2024-08-17T22:13:49.103+0000] {processor.py:157} INFO - Started process (PID=1055) to work on /home/airflow/.local/lib/python3.7/site-packages/airflow/example_dags/example_bash_operator.py
[2024-08-17T22:13:49.104+0000] {processor.py:826} INFO - Processing file /home/airflow/.local/lib/python3.7/site-packages/airflow/example_dags/example_bash_operator.py for tasks to queue
[2024-08-17T22:13:49.105+0000] {logging_mixin.py:150} INFO - [2024-08-17T22:13:49.105+0000] {dagbag.py:541} INFO - Filling up the DagBag from /home/airflow/.local/lib/python3.7/site-packages/airflow/example_dags/example_bash_operator.py
[2024-08-17T22:13:49.124+0000] {processor.py:836} INFO - DAG(s) dict_keys(['example_bash_operator']) retrieved from /home/airflow/.local/lib/python3.7/site-packages/airflow/example_dags/example_bash_operator.py
[2024-08-17T22:13:49.171+0000] {logging_mixin.py:150} INFO - [2024-08-17T22:13:49.171+0000] {dag.py:2742} INFO - Sync 1 DAGs
[2024-08-17T22:13:49.205+0000] {logging_mixin.py:150} INFO - [2024-08-17T22:13:49.205+0000] {dag.py:3508} INFO - Setting next_dagrun for example_bash_operator to 2024-08-17T00:00:00+00:00, run_after=2024-08-18T00:00:00+00:00
[2024-08-17T22:13:49.229+0000] {processor.py:179} INFO - Processing /home/airflow/.local/lib/python3.7/site-packages/airflow/example_dags/example_bash_operator.py took 0.131 seconds
[2024-08-17T22:14:19.399+0000] {processor.py:157} INFO - Started process (PID=1290) to work on /home/airflow/.local/lib/python3.7/site-packages/airflow/example_dags/example_bash_operator.py
[2024-08-17T22:14:19.402+0000] {processor.py:826} INFO - Processing file /home/airflow/.local/lib/python3.7/site-packages/airflow/example_dags/example_bash_operator.py for tasks to queue
[2024-08-17T22:14:19.404+0000] {logging_mixin.py:150} INFO - [2024-08-17T22:14:19.404+0000] {dagbag.py:541} INFO - Filling up the DagBag from /home/airflow/.local/lib/python3.7/site-packages/airflow/example_dags/example_bash_operator.py
[2024-08-17T22:14:19.437+0000] {processor.py:836} INFO - DAG(s) dict_keys(['example_bash_operator']) retrieved from /home/airflow/.local/lib/python3.7/site-packages/airflow/example_dags/example_bash_operator.py
[2024-08-17T22:14:19.502+0000] {logging_mixin.py:150} INFO - [2024-08-17T22:14:19.502+0000] {dag.py:2742} INFO - Sync 1 DAGs
[2024-08-17T22:14:19.542+0000] {logging_mixin.py:150} INFO - [2024-08-17T22:14:19.542+0000] {dag.py:3508} INFO - Setting next_dagrun for example_bash_operator to 2024-08-17T00:00:00+00:00, run_after=2024-08-18T00:00:00+00:00
[2024-08-17T22:14:19.589+0000] {processor.py:179} INFO - Processing /home/airflow/.local/lib/python3.7/site-packages/airflow/example_dags/example_bash_operator.py took 0.199 seconds
[2024-08-17T22:14:49.648+0000] {processor.py:157} INFO - Started process (PID=1526) to work on /home/airflow/.local/lib/python3.7/site-packages/airflow/example_dags/example_bash_operator.py
[2024-08-17T22:14:49.650+0000] {processor.py:826} INFO - Processing file /home/airflow/.local/lib/python3.7/site-packages/airflow/example_dags/example_bash_operator.py for tasks to queue
[2024-08-17T22:14:49.651+0000] {logging_mixin.py:150} INFO - [2024-08-17T22:14:49.651+0000] {dagbag.py:541} INFO - Filling up the DagBag from /home/airflow/.local/lib/python3.7/site-packages/airflow/example_dags/example_bash_operator.py
[2024-08-17T22:14:49.677+0000] {processor.py:836} INFO - DAG(s) dict_keys(['example_bash_operator']) retrieved from /home/airflow/.local/lib/python3.7/site-packages/airflow/example_dags/example_bash_operator.py
[2024-08-17T22:14:49.743+0000] {logging_mixin.py:150} INFO - [2024-08-17T22:14:49.743+0000] {dag.py:2742} INFO - Sync 1 DAGs
[2024-08-17T22:14:49.792+0000] {logging_mixin.py:150} INFO - [2024-08-17T22:14:49.792+0000] {dag.py:3508} INFO - Setting next_dagrun for example_bash_operator to 2024-08-17T00:00:00+00:00, run_after=2024-08-18T00:00:00+00:00
[2024-08-17T22:14:49.816+0000] {processor.py:179} INFO - Processing /home/airflow/.local/lib/python3.7/site-packages/airflow/example_dags/example_bash_operator.py took 0.172 seconds
[2024-08-17T22:15:19.896+0000] {processor.py:157} INFO - Started process (PID=1764) to work on /home/airflow/.local/lib/python3.7/site-packages/airflow/example_dags/example_bash_operator.py
[2024-08-17T22:15:19.897+0000] {processor.py:826} INFO - Processing file /home/airflow/.local/lib/python3.7/site-packages/airflow/example_dags/example_bash_operator.py for tasks to queue
[2024-08-17T22:15:19.899+0000] {logging_mixin.py:150} INFO - [2024-08-17T22:15:19.898+0000] {dagbag.py:541} INFO - Filling up the DagBag from /home/airflow/.local/lib/python3.7/site-packages/airflow/example_dags/example_bash_operator.py
[2024-08-17T22:15:19.923+0000] {processor.py:836} INFO - DAG(s) dict_keys(['example_bash_operator']) retrieved from /home/airflow/.local/lib/python3.7/site-packages/airflow/example_dags/example_bash_operator.py
[2024-08-17T22:15:19.979+0000] {logging_mixin.py:150} INFO - [2024-08-17T22:15:19.979+0000] {dag.py:2742} INFO - Sync 1 DAGs
[2024-08-17T22:15:20.015+0000] {logging_mixin.py:150} INFO - [2024-08-17T22:15:20.015+0000] {dag.py:3508} INFO - Setting next_dagrun for example_bash_operator to 2024-08-17T00:00:00+00:00, run_after=2024-08-18T00:00:00+00:00
[2024-08-17T22:15:20.042+0000] {processor.py:179} INFO - Processing /home/airflow/.local/lib/python3.7/site-packages/airflow/example_dags/example_bash_operator.py took 0.149 seconds
[2024-08-17T22:15:50.109+0000] {processor.py:157} INFO - Started process (PID=2002) to work on /home/airflow/.local/lib/python3.7/site-packages/airflow/example_dags/example_bash_operator.py
[2024-08-17T22:15:50.110+0000] {processor.py:826} INFO - Processing file /home/airflow/.local/lib/python3.7/site-packages/airflow/example_dags/example_bash_operator.py for tasks to queue
[2024-08-17T22:15:50.112+0000] {logging_mixin.py:150} INFO - [2024-08-17T22:15:50.111+0000] {dagbag.py:541} INFO - Filling up the DagBag from /home/airflow/.local/lib/python3.7/site-packages/airflow/example_dags/example_bash_operator.py
[2024-08-17T22:15:50.131+0000] {processor.py:836} INFO - DAG(s) dict_keys(['example_bash_operator']) retrieved from /home/airflow/.local/lib/python3.7/site-packages/airflow/example_dags/example_bash_operator.py
[2024-08-17T22:15:50.177+0000] {logging_mixin.py:150} INFO - [2024-08-17T22:15:50.177+0000] {dag.py:2742} INFO - Sync 1 DAGs
[2024-08-17T22:15:50.210+0000] {logging_mixin.py:150} INFO - [2024-08-17T22:15:50.210+0000] {dag.py:3508} INFO - Setting next_dagrun for example_bash_operator to 2024-08-17T00:00:00+00:00, run_after=2024-08-18T00:00:00+00:00
[2024-08-17T22:15:50.234+0000] {processor.py:179} INFO - Processing /home/airflow/.local/lib/python3.7/site-packages/airflow/example_dags/example_bash_operator.py took 0.129 seconds
[2024-08-17T22:16:20.555+0000] {processor.py:157} INFO - Started process (PID=2240) to work on /home/airflow/.local/lib/python3.7/site-packages/airflow/example_dags/example_bash_operator.py
[2024-08-17T22:16:20.557+0000] {processor.py:826} INFO - Processing file /home/airflow/.local/lib/python3.7/site-packages/airflow/example_dags/example_bash_operator.py for tasks to queue
[2024-08-17T22:16:20.558+0000] {logging_mixin.py:150} INFO - [2024-08-17T22:16:20.557+0000] {dagbag.py:541} INFO - Filling up the DagBag from /home/airflow/.local/lib/python3.7/site-packages/airflow/example_dags/example_bash_operator.py
[2024-08-17T22:16:20.575+0000] {processor.py:836} INFO - DAG(s) dict_keys(['example_bash_operator']) retrieved from /home/airflow/.local/lib/python3.7/site-packages/airflow/example_dags/example_bash_operator.py
[2024-08-17T22:16:20.630+0000] {logging_mixin.py:150} INFO - [2024-08-17T22:16:20.630+0000] {dag.py:2742} INFO - Sync 1 DAGs
[2024-08-17T22:16:20.667+0000] {logging_mixin.py:150} INFO - [2024-08-17T22:16:20.667+0000] {dag.py:3508} INFO - Setting next_dagrun for example_bash_operator to 2024-08-17T00:00:00+00:00, run_after=2024-08-18T00:00:00+00:00
[2024-08-17T22:16:20.690+0000] {processor.py:179} INFO - Processing /home/airflow/.local/lib/python3.7/site-packages/airflow/example_dags/example_bash_operator.py took 0.139 seconds
