[2024-08-17T22:03:55.740+0000] {processor.py:157} INFO - Started process (PID=192) to work on /home/airflow/.local/lib/python3.7/site-packages/airflow/example_dags/example_sensor_decorator.py
[2024-08-17T22:03:55.751+0000] {processor.py:826} INFO - Processing file /home/airflow/.local/lib/python3.7/site-packages/airflow/example_dags/example_sensor_decorator.py for tasks to queue
[2024-08-17T22:03:55.759+0000] {logging_mixin.py:150} INFO - [2024-08-17T22:03:55.758+0000] {dagbag.py:541} INFO - Filling up the DagBag from /home/airflow/.local/lib/python3.7/site-packages/airflow/example_dags/example_sensor_decorator.py
[2024-08-17T22:03:55.794+0000] {processor.py:836} INFO - DAG(s) dict_keys(['example_sensor_decorator']) retrieved from /home/airflow/.local/lib/python3.7/site-packages/airflow/example_dags/example_sensor_decorator.py
[2024-08-17T22:03:56.081+0000] {logging_mixin.py:150} INFO - [2024-08-17T22:03:56.081+0000] {manager.py:504} INFO - Created Permission View: can read on DAG:example_sensor_decorator
[2024-08-17T22:03:56.106+0000] {logging_mixin.py:150} INFO - [2024-08-17T22:03:56.106+0000] {manager.py:504} INFO - Created Permission View: can edit on DAG:example_sensor_decorator
[2024-08-17T22:03:56.129+0000] {logging_mixin.py:150} INFO - [2024-08-17T22:03:56.128+0000] {manager.py:504} INFO - Created Permission View: can delete on DAG:example_sensor_decorator
[2024-08-17T22:03:56.155+0000] {logging_mixin.py:150} INFO - [2024-08-17T22:03:56.154+0000] {dag.py:2742} INFO - Sync 1 DAGs
[2024-08-17T22:03:56.187+0000] {logging_mixin.py:150} INFO - [2024-08-17T22:03:56.187+0000] {dag.py:2763} INFO - Creating ORM DAG for example_sensor_decorator
[2024-08-17T22:03:56.213+0000] {logging_mixin.py:150} INFO - [2024-08-17T22:03:56.212+0000] {dag.py:3508} INFO - Setting next_dagrun for example_sensor_decorator to None, run_after=None
[2024-08-17T22:03:56.251+0000] {processor.py:179} INFO - Processing /home/airflow/.local/lib/python3.7/site-packages/airflow/example_dags/example_sensor_decorator.py took 0.521 seconds
[2024-08-17T22:04:26.326+0000] {processor.py:157} INFO - Started process (PID=430) to work on /home/airflow/.local/lib/python3.7/site-packages/airflow/example_dags/example_sensor_decorator.py
[2024-08-17T22:04:26.328+0000] {processor.py:826} INFO - Processing file /home/airflow/.local/lib/python3.7/site-packages/airflow/example_dags/example_sensor_decorator.py for tasks to queue
[2024-08-17T22:04:26.329+0000] {logging_mixin.py:150} INFO - [2024-08-17T22:04:26.328+0000] {dagbag.py:541} INFO - Filling up the DagBag from /home/airflow/.local/lib/python3.7/site-packages/airflow/example_dags/example_sensor_decorator.py
[2024-08-17T22:04:26.342+0000] {processor.py:836} INFO - DAG(s) dict_keys(['example_sensor_decorator']) retrieved from /home/airflow/.local/lib/python3.7/site-packages/airflow/example_dags/example_sensor_decorator.py
[2024-08-17T22:04:26.387+0000] {logging_mixin.py:150} INFO - [2024-08-17T22:04:26.386+0000] {dag.py:2742} INFO - Sync 1 DAGs
[2024-08-17T22:04:26.424+0000] {logging_mixin.py:150} INFO - [2024-08-17T22:04:26.424+0000] {dag.py:3508} INFO - Setting next_dagrun for example_sensor_decorator to None, run_after=None
[2024-08-17T22:04:26.453+0000] {processor.py:179} INFO - Processing /home/airflow/.local/lib/python3.7/site-packages/airflow/example_dags/example_sensor_decorator.py took 0.131 seconds
[2024-08-17T22:04:57.042+0000] {processor.py:157} INFO - Started process (PID=668) to work on /home/airflow/.local/lib/python3.7/site-packages/airflow/example_dags/example_sensor_decorator.py
[2024-08-17T22:04:57.044+0000] {processor.py:826} INFO - Processing file /home/airflow/.local/lib/python3.7/site-packages/airflow/example_dags/example_sensor_decorator.py for tasks to queue
[2024-08-17T22:04:57.047+0000] {logging_mixin.py:150} INFO - [2024-08-17T22:04:57.046+0000] {dagbag.py:541} INFO - Filling up the DagBag from /home/airflow/.local/lib/python3.7/site-packages/airflow/example_dags/example_sensor_decorator.py
[2024-08-17T22:04:57.057+0000] {processor.py:836} INFO - DAG(s) dict_keys(['example_sensor_decorator']) retrieved from /home/airflow/.local/lib/python3.7/site-packages/airflow/example_dags/example_sensor_decorator.py
[2024-08-17T22:04:57.095+0000] {logging_mixin.py:150} INFO - [2024-08-17T22:04:57.095+0000] {dag.py:2742} INFO - Sync 1 DAGs
[2024-08-17T22:04:57.129+0000] {logging_mixin.py:150} INFO - [2024-08-17T22:04:57.129+0000] {dag.py:3508} INFO - Setting next_dagrun for example_sensor_decorator to None, run_after=None
[2024-08-17T22:04:57.164+0000] {processor.py:179} INFO - Processing /home/airflow/.local/lib/python3.7/site-packages/airflow/example_dags/example_sensor_decorator.py took 0.128 seconds
[2024-08-17T22:05:31.935+0000] {processor.py:157} INFO - Started process (PID=906) to work on /home/airflow/.local/lib/python3.7/site-packages/airflow/example_dags/example_sensor_decorator.py
[2024-08-17T22:05:31.949+0000] {processor.py:826} INFO - Processing file /home/airflow/.local/lib/python3.7/site-packages/airflow/example_dags/example_sensor_decorator.py for tasks to queue
[2024-08-17T22:05:31.957+0000] {logging_mixin.py:150} INFO - [2024-08-17T22:05:31.955+0000] {dagbag.py:541} INFO - Filling up the DagBag from /home/airflow/.local/lib/python3.7/site-packages/airflow/example_dags/example_sensor_decorator.py
[2024-08-17T22:05:31.989+0000] {processor.py:836} INFO - DAG(s) dict_keys(['example_sensor_decorator']) retrieved from /home/airflow/.local/lib/python3.7/site-packages/airflow/example_dags/example_sensor_decorator.py
[2024-08-17T22:05:32.164+0000] {logging_mixin.py:150} INFO - [2024-08-17T22:05:32.162+0000] {dag.py:2742} INFO - Sync 1 DAGs
[2024-08-17T22:05:32.291+0000] {logging_mixin.py:150} INFO - [2024-08-17T22:05:32.291+0000] {dag.py:3508} INFO - Setting next_dagrun for example_sensor_decorator to None, run_after=None
[2024-08-17T22:05:32.373+0000] {processor.py:179} INFO - Processing /home/airflow/.local/lib/python3.7/site-packages/airflow/example_dags/example_sensor_decorator.py took 0.476 seconds
[2024-08-17T22:06:03.153+0000] {processor.py:157} INFO - Started process (PID=1146) to work on /home/airflow/.local/lib/python3.7/site-packages/airflow/example_dags/example_sensor_decorator.py
[2024-08-17T22:06:03.157+0000] {processor.py:826} INFO - Processing file /home/airflow/.local/lib/python3.7/site-packages/airflow/example_dags/example_sensor_decorator.py for tasks to queue
[2024-08-17T22:06:03.161+0000] {logging_mixin.py:150} INFO - [2024-08-17T22:06:03.160+0000] {dagbag.py:541} INFO - Filling up the DagBag from /home/airflow/.local/lib/python3.7/site-packages/airflow/example_dags/example_sensor_decorator.py
[2024-08-17T22:06:03.184+0000] {processor.py:836} INFO - DAG(s) dict_keys(['example_sensor_decorator']) retrieved from /home/airflow/.local/lib/python3.7/site-packages/airflow/example_dags/example_sensor_decorator.py
[2024-08-17T22:06:03.327+0000] {logging_mixin.py:150} INFO - [2024-08-17T22:06:03.326+0000] {dag.py:2742} INFO - Sync 1 DAGs
[2024-08-17T22:06:03.432+0000] {logging_mixin.py:150} INFO - [2024-08-17T22:06:03.432+0000] {dag.py:3508} INFO - Setting next_dagrun for example_sensor_decorator to None, run_after=None
[2024-08-17T22:06:03.469+0000] {processor.py:179} INFO - Processing /home/airflow/.local/lib/python3.7/site-packages/airflow/example_dags/example_sensor_decorator.py took 0.327 seconds
[2024-08-17T22:06:33.623+0000] {processor.py:157} INFO - Started process (PID=1384) to work on /home/airflow/.local/lib/python3.7/site-packages/airflow/example_dags/example_sensor_decorator.py
[2024-08-17T22:06:33.627+0000] {processor.py:826} INFO - Processing file /home/airflow/.local/lib/python3.7/site-packages/airflow/example_dags/example_sensor_decorator.py for tasks to queue
[2024-08-17T22:06:33.628+0000] {logging_mixin.py:150} INFO - [2024-08-17T22:06:33.627+0000] {dagbag.py:541} INFO - Filling up the DagBag from /home/airflow/.local/lib/python3.7/site-packages/airflow/example_dags/example_sensor_decorator.py
[2024-08-17T22:06:33.637+0000] {processor.py:836} INFO - DAG(s) dict_keys(['example_sensor_decorator']) retrieved from /home/airflow/.local/lib/python3.7/site-packages/airflow/example_dags/example_sensor_decorator.py
[2024-08-17T22:06:33.674+0000] {logging_mixin.py:150} INFO - [2024-08-17T22:06:33.674+0000] {dag.py:2742} INFO - Sync 1 DAGs
[2024-08-17T22:06:33.715+0000] {logging_mixin.py:150} INFO - [2024-08-17T22:06:33.715+0000] {dag.py:3508} INFO - Setting next_dagrun for example_sensor_decorator to None, run_after=None
[2024-08-17T22:06:33.747+0000] {processor.py:179} INFO - Processing /home/airflow/.local/lib/python3.7/site-packages/airflow/example_dags/example_sensor_decorator.py took 0.129 seconds
[2024-08-17T22:07:04.136+0000] {processor.py:157} INFO - Started process (PID=1622) to work on /home/airflow/.local/lib/python3.7/site-packages/airflow/example_dags/example_sensor_decorator.py
[2024-08-17T22:07:04.137+0000] {processor.py:826} INFO - Processing file /home/airflow/.local/lib/python3.7/site-packages/airflow/example_dags/example_sensor_decorator.py for tasks to queue
[2024-08-17T22:07:04.141+0000] {logging_mixin.py:150} INFO - [2024-08-17T22:07:04.141+0000] {dagbag.py:541} INFO - Filling up the DagBag from /home/airflow/.local/lib/python3.7/site-packages/airflow/example_dags/example_sensor_decorator.py
[2024-08-17T22:07:04.151+0000] {processor.py:836} INFO - DAG(s) dict_keys(['example_sensor_decorator']) retrieved from /home/airflow/.local/lib/python3.7/site-packages/airflow/example_dags/example_sensor_decorator.py
[2024-08-17T22:07:04.248+0000] {logging_mixin.py:150} INFO - [2024-08-17T22:07:04.248+0000] {dag.py:2742} INFO - Sync 1 DAGs
[2024-08-17T22:07:04.321+0000] {logging_mixin.py:150} INFO - [2024-08-17T22:07:04.321+0000] {dag.py:3508} INFO - Setting next_dagrun for example_sensor_decorator to None, run_after=None
[2024-08-17T22:07:04.350+0000] {processor.py:179} INFO - Processing /home/airflow/.local/lib/python3.7/site-packages/airflow/example_dags/example_sensor_decorator.py took 0.218 seconds
[2024-08-17T22:07:34.876+0000] {processor.py:157} INFO - Started process (PID=1860) to work on /home/airflow/.local/lib/python3.7/site-packages/airflow/example_dags/example_sensor_decorator.py
[2024-08-17T22:07:34.878+0000] {processor.py:826} INFO - Processing file /home/airflow/.local/lib/python3.7/site-packages/airflow/example_dags/example_sensor_decorator.py for tasks to queue
[2024-08-17T22:07:34.879+0000] {logging_mixin.py:150} INFO - [2024-08-17T22:07:34.879+0000] {dagbag.py:541} INFO - Filling up the DagBag from /home/airflow/.local/lib/python3.7/site-packages/airflow/example_dags/example_sensor_decorator.py
[2024-08-17T22:07:34.888+0000] {processor.py:836} INFO - DAG(s) dict_keys(['example_sensor_decorator']) retrieved from /home/airflow/.local/lib/python3.7/site-packages/airflow/example_dags/example_sensor_decorator.py
[2024-08-17T22:07:34.925+0000] {logging_mixin.py:150} INFO - [2024-08-17T22:07:34.925+0000] {dag.py:2742} INFO - Sync 1 DAGs
[2024-08-17T22:07:34.978+0000] {logging_mixin.py:150} INFO - [2024-08-17T22:07:34.977+0000] {dag.py:3508} INFO - Setting next_dagrun for example_sensor_decorator to None, run_after=None
[2024-08-17T22:07:35.012+0000] {processor.py:179} INFO - Processing /home/airflow/.local/lib/python3.7/site-packages/airflow/example_dags/example_sensor_decorator.py took 0.140 seconds
[2024-08-17T22:08:10.600+0000] {processor.py:157} INFO - Started process (PID=2204) to work on /home/airflow/.local/lib/python3.7/site-packages/airflow/example_dags/example_sensor_decorator.py
[2024-08-17T22:08:10.605+0000] {processor.py:826} INFO - Processing file /home/airflow/.local/lib/python3.7/site-packages/airflow/example_dags/example_sensor_decorator.py for tasks to queue
[2024-08-17T22:08:10.614+0000] {logging_mixin.py:150} INFO - [2024-08-17T22:08:10.611+0000] {dagbag.py:541} INFO - Filling up the DagBag from /home/airflow/.local/lib/python3.7/site-packages/airflow/example_dags/example_sensor_decorator.py
[2024-08-17T22:08:10.649+0000] {processor.py:836} INFO - DAG(s) dict_keys(['example_sensor_decorator']) retrieved from /home/airflow/.local/lib/python3.7/site-packages/airflow/example_dags/example_sensor_decorator.py
[2024-08-17T22:08:10.741+0000] {logging_mixin.py:150} INFO - [2024-08-17T22:08:10.740+0000] {dag.py:2742} INFO - Sync 1 DAGs
[2024-08-17T22:08:10.865+0000] {logging_mixin.py:150} INFO - [2024-08-17T22:08:10.864+0000] {dag.py:3508} INFO - Setting next_dagrun for example_sensor_decorator to None, run_after=None
[2024-08-17T22:08:10.950+0000] {processor.py:179} INFO - Processing /home/airflow/.local/lib/python3.7/site-packages/airflow/example_dags/example_sensor_decorator.py took 0.425 seconds
[2024-08-17T22:08:41.983+0000] {processor.py:157} INFO - Started process (PID=2473) to work on /home/airflow/.local/lib/python3.7/site-packages/airflow/example_dags/example_sensor_decorator.py
[2024-08-17T22:08:41.987+0000] {processor.py:826} INFO - Processing file /home/airflow/.local/lib/python3.7/site-packages/airflow/example_dags/example_sensor_decorator.py for tasks to queue
[2024-08-17T22:08:41.990+0000] {logging_mixin.py:150} INFO - [2024-08-17T22:08:41.990+0000] {dagbag.py:541} INFO - Filling up the DagBag from /home/airflow/.local/lib/python3.7/site-packages/airflow/example_dags/example_sensor_decorator.py
[2024-08-17T22:08:41.999+0000] {processor.py:836} INFO - DAG(s) dict_keys(['example_sensor_decorator']) retrieved from /home/airflow/.local/lib/python3.7/site-packages/airflow/example_dags/example_sensor_decorator.py
[2024-08-17T22:08:42.038+0000] {logging_mixin.py:150} INFO - [2024-08-17T22:08:42.038+0000] {dag.py:2742} INFO - Sync 1 DAGs
[2024-08-17T22:08:42.070+0000] {logging_mixin.py:150} INFO - [2024-08-17T22:08:42.070+0000] {dag.py:3508} INFO - Setting next_dagrun for example_sensor_decorator to None, run_after=None
[2024-08-17T22:08:42.096+0000] {processor.py:179} INFO - Processing /home/airflow/.local/lib/python3.7/site-packages/airflow/example_dags/example_sensor_decorator.py took 0.118 seconds
[2024-08-17T22:09:12.456+0000] {processor.py:157} INFO - Started process (PID=2711) to work on /home/airflow/.local/lib/python3.7/site-packages/airflow/example_dags/example_sensor_decorator.py
[2024-08-17T22:09:12.458+0000] {processor.py:826} INFO - Processing file /home/airflow/.local/lib/python3.7/site-packages/airflow/example_dags/example_sensor_decorator.py for tasks to queue
[2024-08-17T22:09:12.459+0000] {logging_mixin.py:150} INFO - [2024-08-17T22:09:12.459+0000] {dagbag.py:541} INFO - Filling up the DagBag from /home/airflow/.local/lib/python3.7/site-packages/airflow/example_dags/example_sensor_decorator.py
[2024-08-17T22:09:12.468+0000] {processor.py:836} INFO - DAG(s) dict_keys(['example_sensor_decorator']) retrieved from /home/airflow/.local/lib/python3.7/site-packages/airflow/example_dags/example_sensor_decorator.py
[2024-08-17T22:09:12.498+0000] {logging_mixin.py:150} INFO - [2024-08-17T22:09:12.498+0000] {dag.py:2742} INFO - Sync 1 DAGs
[2024-08-17T22:09:12.535+0000] {logging_mixin.py:150} INFO - [2024-08-17T22:09:12.535+0000] {dag.py:3508} INFO - Setting next_dagrun for example_sensor_decorator to None, run_after=None
[2024-08-17T22:09:12.564+0000] {processor.py:179} INFO - Processing /home/airflow/.local/lib/python3.7/site-packages/airflow/example_dags/example_sensor_decorator.py took 0.113 seconds
[2024-08-17T22:09:42.923+0000] {processor.py:157} INFO - Started process (PID=2949) to work on /home/airflow/.local/lib/python3.7/site-packages/airflow/example_dags/example_sensor_decorator.py
[2024-08-17T22:09:42.925+0000] {processor.py:826} INFO - Processing file /home/airflow/.local/lib/python3.7/site-packages/airflow/example_dags/example_sensor_decorator.py for tasks to queue
[2024-08-17T22:09:42.926+0000] {logging_mixin.py:150} INFO - [2024-08-17T22:09:42.926+0000] {dagbag.py:541} INFO - Filling up the DagBag from /home/airflow/.local/lib/python3.7/site-packages/airflow/example_dags/example_sensor_decorator.py
[2024-08-17T22:09:42.934+0000] {processor.py:836} INFO - DAG(s) dict_keys(['example_sensor_decorator']) retrieved from /home/airflow/.local/lib/python3.7/site-packages/airflow/example_dags/example_sensor_decorator.py
[2024-08-17T22:09:42.967+0000] {logging_mixin.py:150} INFO - [2024-08-17T22:09:42.967+0000] {dag.py:2742} INFO - Sync 1 DAGs
[2024-08-17T22:09:42.999+0000] {logging_mixin.py:150} INFO - [2024-08-17T22:09:42.998+0000] {dag.py:3508} INFO - Setting next_dagrun for example_sensor_decorator to None, run_after=None
[2024-08-17T22:09:43.022+0000] {processor.py:179} INFO - Processing /home/airflow/.local/lib/python3.7/site-packages/airflow/example_dags/example_sensor_decorator.py took 0.104 seconds
[2024-08-17T22:10:13.280+0000] {processor.py:157} INFO - Started process (PID=3187) to work on /home/airflow/.local/lib/python3.7/site-packages/airflow/example_dags/example_sensor_decorator.py
[2024-08-17T22:10:13.281+0000] {processor.py:826} INFO - Processing file /home/airflow/.local/lib/python3.7/site-packages/airflow/example_dags/example_sensor_decorator.py for tasks to queue
[2024-08-17T22:10:13.283+0000] {logging_mixin.py:150} INFO - [2024-08-17T22:10:13.282+0000] {dagbag.py:541} INFO - Filling up the DagBag from /home/airflow/.local/lib/python3.7/site-packages/airflow/example_dags/example_sensor_decorator.py
[2024-08-17T22:10:13.290+0000] {processor.py:836} INFO - DAG(s) dict_keys(['example_sensor_decorator']) retrieved from /home/airflow/.local/lib/python3.7/site-packages/airflow/example_dags/example_sensor_decorator.py
[2024-08-17T22:10:13.327+0000] {logging_mixin.py:150} INFO - [2024-08-17T22:10:13.327+0000] {dag.py:2742} INFO - Sync 1 DAGs
[2024-08-17T22:10:13.363+0000] {logging_mixin.py:150} INFO - [2024-08-17T22:10:13.362+0000] {dag.py:3508} INFO - Setting next_dagrun for example_sensor_decorator to None, run_after=None
[2024-08-17T22:10:13.398+0000] {processor.py:179} INFO - Processing /home/airflow/.local/lib/python3.7/site-packages/airflow/example_dags/example_sensor_decorator.py took 0.122 seconds
[2024-08-17T22:10:44.003+0000] {processor.py:157} INFO - Started process (PID=3412) to work on /home/airflow/.local/lib/python3.7/site-packages/airflow/example_dags/example_sensor_decorator.py
[2024-08-17T22:10:44.005+0000] {processor.py:826} INFO - Processing file /home/airflow/.local/lib/python3.7/site-packages/airflow/example_dags/example_sensor_decorator.py for tasks to queue
[2024-08-17T22:10:44.006+0000] {logging_mixin.py:150} INFO - [2024-08-17T22:10:44.006+0000] {dagbag.py:541} INFO - Filling up the DagBag from /home/airflow/.local/lib/python3.7/site-packages/airflow/example_dags/example_sensor_decorator.py
[2024-08-17T22:10:44.016+0000] {processor.py:836} INFO - DAG(s) dict_keys(['example_sensor_decorator']) retrieved from /home/airflow/.local/lib/python3.7/site-packages/airflow/example_dags/example_sensor_decorator.py
[2024-08-17T22:10:44.050+0000] {logging_mixin.py:150} INFO - [2024-08-17T22:10:44.049+0000] {dag.py:2742} INFO - Sync 1 DAGs
[2024-08-17T22:10:44.083+0000] {logging_mixin.py:150} INFO - [2024-08-17T22:10:44.082+0000] {dag.py:3508} INFO - Setting next_dagrun for example_sensor_decorator to None, run_after=None
[2024-08-17T22:10:44.106+0000] {processor.py:179} INFO - Processing /home/airflow/.local/lib/python3.7/site-packages/airflow/example_dags/example_sensor_decorator.py took 0.108 seconds
[2024-08-17T22:11:14.797+0000] {processor.py:157} INFO - Started process (PID=3650) to work on /home/airflow/.local/lib/python3.7/site-packages/airflow/example_dags/example_sensor_decorator.py
[2024-08-17T22:11:14.799+0000] {processor.py:826} INFO - Processing file /home/airflow/.local/lib/python3.7/site-packages/airflow/example_dags/example_sensor_decorator.py for tasks to queue
[2024-08-17T22:11:14.800+0000] {logging_mixin.py:150} INFO - [2024-08-17T22:11:14.800+0000] {dagbag.py:541} INFO - Filling up the DagBag from /home/airflow/.local/lib/python3.7/site-packages/airflow/example_dags/example_sensor_decorator.py
[2024-08-17T22:11:14.808+0000] {processor.py:836} INFO - DAG(s) dict_keys(['example_sensor_decorator']) retrieved from /home/airflow/.local/lib/python3.7/site-packages/airflow/example_dags/example_sensor_decorator.py
[2024-08-17T22:11:14.842+0000] {logging_mixin.py:150} INFO - [2024-08-17T22:11:14.842+0000] {dag.py:2742} INFO - Sync 1 DAGs
[2024-08-17T22:11:14.879+0000] {logging_mixin.py:150} INFO - [2024-08-17T22:11:14.878+0000] {dag.py:3508} INFO - Setting next_dagrun for example_sensor_decorator to None, run_after=None
[2024-08-17T22:11:14.905+0000] {processor.py:179} INFO - Processing /home/airflow/.local/lib/python3.7/site-packages/airflow/example_dags/example_sensor_decorator.py took 0.113 seconds
[2024-08-17T22:12:08.811+0000] {processor.py:157} INFO - Started process (PID=191) to work on /home/airflow/.local/lib/python3.7/site-packages/airflow/example_dags/example_sensor_decorator.py
[2024-08-17T22:12:08.813+0000] {processor.py:826} INFO - Processing file /home/airflow/.local/lib/python3.7/site-packages/airflow/example_dags/example_sensor_decorator.py for tasks to queue
[2024-08-17T22:12:08.815+0000] {logging_mixin.py:150} INFO - [2024-08-17T22:12:08.815+0000] {dagbag.py:541} INFO - Filling up the DagBag from /home/airflow/.local/lib/python3.7/site-packages/airflow/example_dags/example_sensor_decorator.py
[2024-08-17T22:12:08.830+0000] {processor.py:836} INFO - DAG(s) dict_keys(['example_sensor_decorator']) retrieved from /home/airflow/.local/lib/python3.7/site-packages/airflow/example_dags/example_sensor_decorator.py
[2024-08-17T22:12:08.871+0000] {logging_mixin.py:150} INFO - [2024-08-17T22:12:08.870+0000] {dag.py:2742} INFO - Sync 1 DAGs
[2024-08-17T22:12:08.919+0000] {logging_mixin.py:150} INFO - [2024-08-17T22:12:08.919+0000] {dag.py:3508} INFO - Setting next_dagrun for example_sensor_decorator to None, run_after=None
[2024-08-17T22:12:08.960+0000] {processor.py:179} INFO - Processing /home/airflow/.local/lib/python3.7/site-packages/airflow/example_dags/example_sensor_decorator.py took 0.154 seconds
[2024-08-17T22:12:40.041+0000] {processor.py:157} INFO - Started process (PID=429) to work on /home/airflow/.local/lib/python3.7/site-packages/airflow/example_dags/example_sensor_decorator.py
[2024-08-17T22:12:40.043+0000] {processor.py:826} INFO - Processing file /home/airflow/.local/lib/python3.7/site-packages/airflow/example_dags/example_sensor_decorator.py for tasks to queue
[2024-08-17T22:12:40.044+0000] {logging_mixin.py:150} INFO - [2024-08-17T22:12:40.044+0000] {dagbag.py:541} INFO - Filling up the DagBag from /home/airflow/.local/lib/python3.7/site-packages/airflow/example_dags/example_sensor_decorator.py
[2024-08-17T22:12:40.051+0000] {processor.py:836} INFO - DAG(s) dict_keys(['example_sensor_decorator']) retrieved from /home/airflow/.local/lib/python3.7/site-packages/airflow/example_dags/example_sensor_decorator.py
[2024-08-17T22:12:40.088+0000] {logging_mixin.py:150} INFO - [2024-08-17T22:12:40.088+0000] {dag.py:2742} INFO - Sync 1 DAGs
[2024-08-17T22:12:40.124+0000] {logging_mixin.py:150} INFO - [2024-08-17T22:12:40.124+0000] {dag.py:3508} INFO - Setting next_dagrun for example_sensor_decorator to None, run_after=None
[2024-08-17T22:12:40.148+0000] {processor.py:179} INFO - Processing /home/airflow/.local/lib/python3.7/site-packages/airflow/example_dags/example_sensor_decorator.py took 0.111 seconds
[2024-08-17T22:13:11.295+0000] {processor.py:157} INFO - Started process (PID=667) to work on /home/airflow/.local/lib/python3.7/site-packages/airflow/example_dags/example_sensor_decorator.py
[2024-08-17T22:13:11.298+0000] {processor.py:826} INFO - Processing file /home/airflow/.local/lib/python3.7/site-packages/airflow/example_dags/example_sensor_decorator.py for tasks to queue
[2024-08-17T22:13:11.299+0000] {logging_mixin.py:150} INFO - [2024-08-17T22:13:11.298+0000] {dagbag.py:541} INFO - Filling up the DagBag from /home/airflow/.local/lib/python3.7/site-packages/airflow/example_dags/example_sensor_decorator.py
[2024-08-17T22:13:11.311+0000] {processor.py:836} INFO - DAG(s) dict_keys(['example_sensor_decorator']) retrieved from /home/airflow/.local/lib/python3.7/site-packages/airflow/example_dags/example_sensor_decorator.py
[2024-08-17T22:13:11.349+0000] {logging_mixin.py:150} INFO - [2024-08-17T22:13:11.349+0000] {dag.py:2742} INFO - Sync 1 DAGs
[2024-08-17T22:13:11.381+0000] {logging_mixin.py:150} INFO - [2024-08-17T22:13:11.381+0000] {dag.py:3508} INFO - Setting next_dagrun for example_sensor_decorator to None, run_after=None
[2024-08-17T22:13:11.405+0000] {processor.py:179} INFO - Processing /home/airflow/.local/lib/python3.7/site-packages/airflow/example_dags/example_sensor_decorator.py took 0.116 seconds
[2024-08-17T22:13:41.781+0000] {processor.py:157} INFO - Started process (PID=905) to work on /home/airflow/.local/lib/python3.7/site-packages/airflow/example_dags/example_sensor_decorator.py
[2024-08-17T22:13:41.782+0000] {processor.py:826} INFO - Processing file /home/airflow/.local/lib/python3.7/site-packages/airflow/example_dags/example_sensor_decorator.py for tasks to queue
[2024-08-17T22:13:41.783+0000] {logging_mixin.py:150} INFO - [2024-08-17T22:13:41.783+0000] {dagbag.py:541} INFO - Filling up the DagBag from /home/airflow/.local/lib/python3.7/site-packages/airflow/example_dags/example_sensor_decorator.py
[2024-08-17T22:13:41.792+0000] {processor.py:836} INFO - DAG(s) dict_keys(['example_sensor_decorator']) retrieved from /home/airflow/.local/lib/python3.7/site-packages/airflow/example_dags/example_sensor_decorator.py
[2024-08-17T22:13:41.825+0000] {logging_mixin.py:150} INFO - [2024-08-17T22:13:41.824+0000] {dag.py:2742} INFO - Sync 1 DAGs
[2024-08-17T22:13:41.858+0000] {logging_mixin.py:150} INFO - [2024-08-17T22:13:41.858+0000] {dag.py:3508} INFO - Setting next_dagrun for example_sensor_decorator to None, run_after=None
[2024-08-17T22:13:41.882+0000] {processor.py:179} INFO - Processing /home/airflow/.local/lib/python3.7/site-packages/airflow/example_dags/example_sensor_decorator.py took 0.105 seconds
[2024-08-17T22:14:12.048+0000] {processor.py:157} INFO - Started process (PID=1143) to work on /home/airflow/.local/lib/python3.7/site-packages/airflow/example_dags/example_sensor_decorator.py
[2024-08-17T22:14:12.050+0000] {processor.py:826} INFO - Processing file /home/airflow/.local/lib/python3.7/site-packages/airflow/example_dags/example_sensor_decorator.py for tasks to queue
[2024-08-17T22:14:12.051+0000] {logging_mixin.py:150} INFO - [2024-08-17T22:14:12.050+0000] {dagbag.py:541} INFO - Filling up the DagBag from /home/airflow/.local/lib/python3.7/site-packages/airflow/example_dags/example_sensor_decorator.py
[2024-08-17T22:14:12.058+0000] {processor.py:836} INFO - DAG(s) dict_keys(['example_sensor_decorator']) retrieved from /home/airflow/.local/lib/python3.7/site-packages/airflow/example_dags/example_sensor_decorator.py
[2024-08-17T22:14:12.088+0000] {logging_mixin.py:150} INFO - [2024-08-17T22:14:12.088+0000] {dag.py:2742} INFO - Sync 1 DAGs
[2024-08-17T22:14:12.120+0000] {logging_mixin.py:150} INFO - [2024-08-17T22:14:12.120+0000] {dag.py:3508} INFO - Setting next_dagrun for example_sensor_decorator to None, run_after=None
[2024-08-17T22:14:12.144+0000] {processor.py:179} INFO - Processing /home/airflow/.local/lib/python3.7/site-packages/airflow/example_dags/example_sensor_decorator.py took 0.100 seconds
[2024-08-17T22:14:42.823+0000] {processor.py:157} INFO - Started process (PID=1381) to work on /home/airflow/.local/lib/python3.7/site-packages/airflow/example_dags/example_sensor_decorator.py
[2024-08-17T22:14:42.824+0000] {processor.py:826} INFO - Processing file /home/airflow/.local/lib/python3.7/site-packages/airflow/example_dags/example_sensor_decorator.py for tasks to queue
[2024-08-17T22:14:42.825+0000] {logging_mixin.py:150} INFO - [2024-08-17T22:14:42.825+0000] {dagbag.py:541} INFO - Filling up the DagBag from /home/airflow/.local/lib/python3.7/site-packages/airflow/example_dags/example_sensor_decorator.py
[2024-08-17T22:14:42.832+0000] {processor.py:836} INFO - DAG(s) dict_keys(['example_sensor_decorator']) retrieved from /home/airflow/.local/lib/python3.7/site-packages/airflow/example_dags/example_sensor_decorator.py
[2024-08-17T22:14:42.861+0000] {logging_mixin.py:150} INFO - [2024-08-17T22:14:42.861+0000] {dag.py:2742} INFO - Sync 1 DAGs
[2024-08-17T22:14:42.895+0000] {logging_mixin.py:150} INFO - [2024-08-17T22:14:42.895+0000] {dag.py:3508} INFO - Setting next_dagrun for example_sensor_decorator to None, run_after=None
[2024-08-17T22:14:42.921+0000] {processor.py:179} INFO - Processing /home/airflow/.local/lib/python3.7/site-packages/airflow/example_dags/example_sensor_decorator.py took 0.102 seconds
[2024-08-17T22:15:13.581+0000] {processor.py:157} INFO - Started process (PID=1619) to work on /home/airflow/.local/lib/python3.7/site-packages/airflow/example_dags/example_sensor_decorator.py
[2024-08-17T22:15:13.582+0000] {processor.py:826} INFO - Processing file /home/airflow/.local/lib/python3.7/site-packages/airflow/example_dags/example_sensor_decorator.py for tasks to queue
[2024-08-17T22:15:13.583+0000] {logging_mixin.py:150} INFO - [2024-08-17T22:15:13.583+0000] {dagbag.py:541} INFO - Filling up the DagBag from /home/airflow/.local/lib/python3.7/site-packages/airflow/example_dags/example_sensor_decorator.py
[2024-08-17T22:15:13.590+0000] {processor.py:836} INFO - DAG(s) dict_keys(['example_sensor_decorator']) retrieved from /home/airflow/.local/lib/python3.7/site-packages/airflow/example_dags/example_sensor_decorator.py
[2024-08-17T22:15:13.621+0000] {logging_mixin.py:150} INFO - [2024-08-17T22:15:13.621+0000] {dag.py:2742} INFO - Sync 1 DAGs
[2024-08-17T22:15:13.652+0000] {logging_mixin.py:150} INFO - [2024-08-17T22:15:13.651+0000] {dag.py:3508} INFO - Setting next_dagrun for example_sensor_decorator to None, run_after=None
[2024-08-17T22:15:13.675+0000] {processor.py:179} INFO - Processing /home/airflow/.local/lib/python3.7/site-packages/airflow/example_dags/example_sensor_decorator.py took 0.098 seconds
[2024-08-17T22:15:43.821+0000] {processor.py:157} INFO - Started process (PID=1859) to work on /home/airflow/.local/lib/python3.7/site-packages/airflow/example_dags/example_sensor_decorator.py
[2024-08-17T22:15:43.822+0000] {processor.py:826} INFO - Processing file /home/airflow/.local/lib/python3.7/site-packages/airflow/example_dags/example_sensor_decorator.py for tasks to queue
[2024-08-17T22:15:43.823+0000] {logging_mixin.py:150} INFO - [2024-08-17T22:15:43.823+0000] {dagbag.py:541} INFO - Filling up the DagBag from /home/airflow/.local/lib/python3.7/site-packages/airflow/example_dags/example_sensor_decorator.py
[2024-08-17T22:15:43.831+0000] {processor.py:836} INFO - DAG(s) dict_keys(['example_sensor_decorator']) retrieved from /home/airflow/.local/lib/python3.7/site-packages/airflow/example_dags/example_sensor_decorator.py
[2024-08-17T22:15:43.861+0000] {logging_mixin.py:150} INFO - [2024-08-17T22:15:43.861+0000] {dag.py:2742} INFO - Sync 1 DAGs
[2024-08-17T22:15:43.894+0000] {logging_mixin.py:150} INFO - [2024-08-17T22:15:43.894+0000] {dag.py:3508} INFO - Setting next_dagrun for example_sensor_decorator to None, run_after=None
[2024-08-17T22:15:43.916+0000] {processor.py:179} INFO - Processing /home/airflow/.local/lib/python3.7/site-packages/airflow/example_dags/example_sensor_decorator.py took 0.100 seconds
[2024-08-17T22:16:14.021+0000] {processor.py:157} INFO - Started process (PID=2097) to work on /home/airflow/.local/lib/python3.7/site-packages/airflow/example_dags/example_sensor_decorator.py
[2024-08-17T22:16:14.023+0000] {processor.py:826} INFO - Processing file /home/airflow/.local/lib/python3.7/site-packages/airflow/example_dags/example_sensor_decorator.py for tasks to queue
[2024-08-17T22:16:14.024+0000] {logging_mixin.py:150} INFO - [2024-08-17T22:16:14.023+0000] {dagbag.py:541} INFO - Filling up the DagBag from /home/airflow/.local/lib/python3.7/site-packages/airflow/example_dags/example_sensor_decorator.py
[2024-08-17T22:16:14.032+0000] {processor.py:836} INFO - DAG(s) dict_keys(['example_sensor_decorator']) retrieved from /home/airflow/.local/lib/python3.7/site-packages/airflow/example_dags/example_sensor_decorator.py
[2024-08-17T22:16:14.070+0000] {logging_mixin.py:150} INFO - [2024-08-17T22:16:14.070+0000] {dag.py:2742} INFO - Sync 1 DAGs
[2024-08-17T22:16:14.113+0000] {logging_mixin.py:150} INFO - [2024-08-17T22:16:14.113+0000] {dag.py:3508} INFO - Setting next_dagrun for example_sensor_decorator to None, run_after=None
[2024-08-17T22:16:14.148+0000] {processor.py:179} INFO - Processing /home/airflow/.local/lib/python3.7/site-packages/airflow/example_dags/example_sensor_decorator.py took 0.132 seconds
[2024-08-17T22:16:44.564+0000] {processor.py:157} INFO - Started process (PID=2340) to work on /home/airflow/.local/lib/python3.7/site-packages/airflow/example_dags/example_sensor_decorator.py
[2024-08-17T22:16:44.566+0000] {processor.py:826} INFO - Processing file /home/airflow/.local/lib/python3.7/site-packages/airflow/example_dags/example_sensor_decorator.py for tasks to queue
[2024-08-17T22:16:44.567+0000] {logging_mixin.py:150} INFO - [2024-08-17T22:16:44.567+0000] {dagbag.py:541} INFO - Filling up the DagBag from /home/airflow/.local/lib/python3.7/site-packages/airflow/example_dags/example_sensor_decorator.py
[2024-08-17T22:16:44.575+0000] {processor.py:836} INFO - DAG(s) dict_keys(['example_sensor_decorator']) retrieved from /home/airflow/.local/lib/python3.7/site-packages/airflow/example_dags/example_sensor_decorator.py
[2024-08-17T22:16:44.608+0000] {logging_mixin.py:150} INFO - [2024-08-17T22:16:44.607+0000] {dag.py:2742} INFO - Sync 1 DAGs
[2024-08-17T22:16:44.638+0000] {logging_mixin.py:150} INFO - [2024-08-17T22:16:44.638+0000] {dag.py:3508} INFO - Setting next_dagrun for example_sensor_decorator to None, run_after=None
[2024-08-17T22:16:44.661+0000] {processor.py:179} INFO - Processing /home/airflow/.local/lib/python3.7/site-packages/airflow/example_dags/example_sensor_decorator.py took 0.104 seconds
