[2024-08-17T22:04:00.743+0000] {processor.py:157} INFO - Started process (PID=337) to work on /home/airflow/.local/lib/python3.7/site-packages/airflow/example_dags/example_branch_operator_decorator.py
[2024-08-17T22:04:00.744+0000] {processor.py:826} INFO - Processing file /home/airflow/.local/lib/python3.7/site-packages/airflow/example_dags/example_branch_operator_decorator.py for tasks to queue
[2024-08-17T22:04:00.746+0000] {logging_mixin.py:150} INFO - [2024-08-17T22:04:00.746+0000] {dagbag.py:541} INFO - Filling up the DagBag from /home/airflow/.local/lib/python3.7/site-packages/airflow/example_dags/example_branch_operator_decorator.py
[2024-08-17T22:04:00.761+0000] {processor.py:836} INFO - DAG(s) dict_keys(['example_branch_python_operator_decorator']) retrieved from /home/airflow/.local/lib/python3.7/site-packages/airflow/example_dags/example_branch_operator_decorator.py
[2024-08-17T22:04:00.782+0000] {logging_mixin.py:150} INFO - [2024-08-17T22:04:00.781+0000] {dag.py:2742} INFO - Sync 1 DAGs
[2024-08-17T22:04:00.804+0000] {logging_mixin.py:150} INFO - [2024-08-17T22:04:00.803+0000] {dag.py:2763} INFO - Creating ORM DAG for example_branch_python_operator_decorator
[2024-08-17T22:04:00.823+0000] {logging_mixin.py:150} INFO - [2024-08-17T22:04:00.823+0000] {dag.py:3508} INFO - Setting next_dagrun for example_branch_python_operator_decorator to 2024-08-16T00:00:00+00:00, run_after=2024-08-17T00:00:00+00:00
[2024-08-17T22:04:00.852+0000] {processor.py:179} INFO - Processing /home/airflow/.local/lib/python3.7/site-packages/airflow/example_dags/example_branch_operator_decorator.py took 0.115 seconds
[2024-08-17T22:04:30.952+0000] {processor.py:157} INFO - Started process (PID=570) to work on /home/airflow/.local/lib/python3.7/site-packages/airflow/example_dags/example_branch_operator_decorator.py
[2024-08-17T22:04:30.954+0000] {processor.py:826} INFO - Processing file /home/airflow/.local/lib/python3.7/site-packages/airflow/example_dags/example_branch_operator_decorator.py for tasks to queue
[2024-08-17T22:04:30.957+0000] {logging_mixin.py:150} INFO - [2024-08-17T22:04:30.956+0000] {dagbag.py:541} INFO - Filling up the DagBag from /home/airflow/.local/lib/python3.7/site-packages/airflow/example_dags/example_branch_operator_decorator.py
[2024-08-17T22:04:30.972+0000] {processor.py:836} INFO - DAG(s) dict_keys(['example_branch_python_operator_decorator']) retrieved from /home/airflow/.local/lib/python3.7/site-packages/airflow/example_dags/example_branch_operator_decorator.py
[2024-08-17T22:04:31.012+0000] {logging_mixin.py:150} INFO - [2024-08-17T22:04:31.012+0000] {dag.py:2742} INFO - Sync 1 DAGs
[2024-08-17T22:04:31.049+0000] {logging_mixin.py:150} INFO - [2024-08-17T22:04:31.049+0000] {dag.py:3508} INFO - Setting next_dagrun for example_branch_python_operator_decorator to 2024-08-16T00:00:00+00:00, run_after=2024-08-17T00:00:00+00:00
[2024-08-17T22:04:31.076+0000] {processor.py:179} INFO - Processing /home/airflow/.local/lib/python3.7/site-packages/airflow/example_dags/example_branch_operator_decorator.py took 0.128 seconds
[2024-08-17T22:05:01.771+0000] {processor.py:157} INFO - Started process (PID=810) to work on /home/airflow/.local/lib/python3.7/site-packages/airflow/example_dags/example_branch_operator_decorator.py
[2024-08-17T22:05:01.772+0000] {processor.py:826} INFO - Processing file /home/airflow/.local/lib/python3.7/site-packages/airflow/example_dags/example_branch_operator_decorator.py for tasks to queue
[2024-08-17T22:05:01.774+0000] {logging_mixin.py:150} INFO - [2024-08-17T22:05:01.774+0000] {dagbag.py:541} INFO - Filling up the DagBag from /home/airflow/.local/lib/python3.7/site-packages/airflow/example_dags/example_branch_operator_decorator.py
[2024-08-17T22:05:01.792+0000] {processor.py:836} INFO - DAG(s) dict_keys(['example_branch_python_operator_decorator']) retrieved from /home/airflow/.local/lib/python3.7/site-packages/airflow/example_dags/example_branch_operator_decorator.py
[2024-08-17T22:05:01.854+0000] {logging_mixin.py:150} INFO - [2024-08-17T22:05:01.853+0000] {dag.py:2742} INFO - Sync 1 DAGs
[2024-08-17T22:05:01.904+0000] {logging_mixin.py:150} INFO - [2024-08-17T22:05:01.904+0000] {dag.py:3508} INFO - Setting next_dagrun for example_branch_python_operator_decorator to 2024-08-16T00:00:00+00:00, run_after=2024-08-17T00:00:00+00:00
[2024-08-17T22:05:01.935+0000] {processor.py:179} INFO - Processing /home/airflow/.local/lib/python3.7/site-packages/airflow/example_dags/example_branch_operator_decorator.py took 0.169 seconds
[2024-08-17T22:05:39.294+0000] {processor.py:157} INFO - Started process (PID=1046) to work on /home/airflow/.local/lib/python3.7/site-packages/airflow/example_dags/example_branch_operator_decorator.py
[2024-08-17T22:05:39.296+0000] {processor.py:826} INFO - Processing file /home/airflow/.local/lib/python3.7/site-packages/airflow/example_dags/example_branch_operator_decorator.py for tasks to queue
[2024-08-17T22:05:39.298+0000] {logging_mixin.py:150} INFO - [2024-08-17T22:05:39.298+0000] {dagbag.py:541} INFO - Filling up the DagBag from /home/airflow/.local/lib/python3.7/site-packages/airflow/example_dags/example_branch_operator_decorator.py
[2024-08-17T22:05:39.320+0000] {processor.py:836} INFO - DAG(s) dict_keys(['example_branch_python_operator_decorator']) retrieved from /home/airflow/.local/lib/python3.7/site-packages/airflow/example_dags/example_branch_operator_decorator.py
[2024-08-17T22:05:39.375+0000] {logging_mixin.py:150} INFO - [2024-08-17T22:05:39.375+0000] {dag.py:2742} INFO - Sync 1 DAGs
[2024-08-17T22:05:39.453+0000] {logging_mixin.py:150} INFO - [2024-08-17T22:05:39.453+0000] {dag.py:3508} INFO - Setting next_dagrun for example_branch_python_operator_decorator to 2024-08-16T00:00:00+00:00, run_after=2024-08-17T00:00:00+00:00
[2024-08-17T22:05:39.512+0000] {processor.py:179} INFO - Processing /home/airflow/.local/lib/python3.7/site-packages/airflow/example_dags/example_branch_operator_decorator.py took 0.223 seconds
[2024-08-17T22:06:09.842+0000] {processor.py:157} INFO - Started process (PID=1286) to work on /home/airflow/.local/lib/python3.7/site-packages/airflow/example_dags/example_branch_operator_decorator.py
[2024-08-17T22:06:09.843+0000] {processor.py:826} INFO - Processing file /home/airflow/.local/lib/python3.7/site-packages/airflow/example_dags/example_branch_operator_decorator.py for tasks to queue
[2024-08-17T22:06:09.845+0000] {logging_mixin.py:150} INFO - [2024-08-17T22:06:09.844+0000] {dagbag.py:541} INFO - Filling up the DagBag from /home/airflow/.local/lib/python3.7/site-packages/airflow/example_dags/example_branch_operator_decorator.py
[2024-08-17T22:06:09.861+0000] {processor.py:836} INFO - DAG(s) dict_keys(['example_branch_python_operator_decorator']) retrieved from /home/airflow/.local/lib/python3.7/site-packages/airflow/example_dags/example_branch_operator_decorator.py
[2024-08-17T22:06:09.900+0000] {logging_mixin.py:150} INFO - [2024-08-17T22:06:09.900+0000] {dag.py:2742} INFO - Sync 1 DAGs
[2024-08-17T22:06:09.937+0000] {logging_mixin.py:150} INFO - [2024-08-17T22:06:09.936+0000] {dag.py:3508} INFO - Setting next_dagrun for example_branch_python_operator_decorator to 2024-08-16T00:00:00+00:00, run_after=2024-08-17T00:00:00+00:00
[2024-08-17T22:06:09.961+0000] {processor.py:179} INFO - Processing /home/airflow/.local/lib/python3.7/site-packages/airflow/example_dags/example_branch_operator_decorator.py took 0.123 seconds
[2024-08-17T22:06:40.193+0000] {processor.py:157} INFO - Started process (PID=1522) to work on /home/airflow/.local/lib/python3.7/site-packages/airflow/example_dags/example_branch_operator_decorator.py
[2024-08-17T22:06:40.194+0000] {processor.py:826} INFO - Processing file /home/airflow/.local/lib/python3.7/site-packages/airflow/example_dags/example_branch_operator_decorator.py for tasks to queue
[2024-08-17T22:06:40.195+0000] {logging_mixin.py:150} INFO - [2024-08-17T22:06:40.195+0000] {dagbag.py:541} INFO - Filling up the DagBag from /home/airflow/.local/lib/python3.7/site-packages/airflow/example_dags/example_branch_operator_decorator.py
[2024-08-17T22:06:40.211+0000] {processor.py:836} INFO - DAG(s) dict_keys(['example_branch_python_operator_decorator']) retrieved from /home/airflow/.local/lib/python3.7/site-packages/airflow/example_dags/example_branch_operator_decorator.py
[2024-08-17T22:06:40.247+0000] {logging_mixin.py:150} INFO - [2024-08-17T22:06:40.247+0000] {dag.py:2742} INFO - Sync 1 DAGs
[2024-08-17T22:06:40.283+0000] {logging_mixin.py:150} INFO - [2024-08-17T22:06:40.283+0000] {dag.py:3508} INFO - Setting next_dagrun for example_branch_python_operator_decorator to 2024-08-16T00:00:00+00:00, run_after=2024-08-17T00:00:00+00:00
[2024-08-17T22:06:40.311+0000] {processor.py:179} INFO - Processing /home/airflow/.local/lib/python3.7/site-packages/airflow/example_dags/example_branch_operator_decorator.py took 0.122 seconds
[2024-08-17T22:07:10.443+0000] {processor.py:157} INFO - Started process (PID=1760) to work on /home/airflow/.local/lib/python3.7/site-packages/airflow/example_dags/example_branch_operator_decorator.py
[2024-08-17T22:07:10.444+0000] {processor.py:826} INFO - Processing file /home/airflow/.local/lib/python3.7/site-packages/airflow/example_dags/example_branch_operator_decorator.py for tasks to queue
[2024-08-17T22:07:10.445+0000] {logging_mixin.py:150} INFO - [2024-08-17T22:07:10.445+0000] {dagbag.py:541} INFO - Filling up the DagBag from /home/airflow/.local/lib/python3.7/site-packages/airflow/example_dags/example_branch_operator_decorator.py
[2024-08-17T22:07:10.459+0000] {processor.py:836} INFO - DAG(s) dict_keys(['example_branch_python_operator_decorator']) retrieved from /home/airflow/.local/lib/python3.7/site-packages/airflow/example_dags/example_branch_operator_decorator.py
[2024-08-17T22:07:10.494+0000] {logging_mixin.py:150} INFO - [2024-08-17T22:07:10.494+0000] {dag.py:2742} INFO - Sync 1 DAGs
[2024-08-17T22:07:10.531+0000] {logging_mixin.py:150} INFO - [2024-08-17T22:07:10.530+0000] {dag.py:3508} INFO - Setting next_dagrun for example_branch_python_operator_decorator to 2024-08-16T00:00:00+00:00, run_after=2024-08-17T00:00:00+00:00
[2024-08-17T22:07:10.555+0000] {processor.py:179} INFO - Processing /home/airflow/.local/lib/python3.7/site-packages/airflow/example_dags/example_branch_operator_decorator.py took 0.115 seconds
[2024-08-17T22:07:41.039+0000] {processor.py:157} INFO - Started process (PID=2000) to work on /home/airflow/.local/lib/python3.7/site-packages/airflow/example_dags/example_branch_operator_decorator.py
[2024-08-17T22:07:41.040+0000] {processor.py:826} INFO - Processing file /home/airflow/.local/lib/python3.7/site-packages/airflow/example_dags/example_branch_operator_decorator.py for tasks to queue
[2024-08-17T22:07:41.041+0000] {logging_mixin.py:150} INFO - [2024-08-17T22:07:41.041+0000] {dagbag.py:541} INFO - Filling up the DagBag from /home/airflow/.local/lib/python3.7/site-packages/airflow/example_dags/example_branch_operator_decorator.py
[2024-08-17T22:07:41.062+0000] {processor.py:836} INFO - DAG(s) dict_keys(['example_branch_python_operator_decorator']) retrieved from /home/airflow/.local/lib/python3.7/site-packages/airflow/example_dags/example_branch_operator_decorator.py
[2024-08-17T22:07:41.119+0000] {logging_mixin.py:150} INFO - [2024-08-17T22:07:41.119+0000] {dag.py:2742} INFO - Sync 1 DAGs
[2024-08-17T22:07:41.184+0000] {logging_mixin.py:150} INFO - [2024-08-17T22:07:41.184+0000] {dag.py:3508} INFO - Setting next_dagrun for example_branch_python_operator_decorator to 2024-08-16T00:00:00+00:00, run_after=2024-08-17T00:00:00+00:00
[2024-08-17T22:07:41.231+0000] {processor.py:179} INFO - Processing /home/airflow/.local/lib/python3.7/site-packages/airflow/example_dags/example_branch_operator_decorator.py took 0.195 seconds
[2024-08-17T22:08:15.670+0000] {processor.py:157} INFO - Started process (PID=2364) to work on /home/airflow/.local/lib/python3.7/site-packages/airflow/example_dags/example_branch_operator_decorator.py
[2024-08-17T22:08:15.674+0000] {processor.py:826} INFO - Processing file /home/airflow/.local/lib/python3.7/site-packages/airflow/example_dags/example_branch_operator_decorator.py for tasks to queue
[2024-08-17T22:08:15.675+0000] {logging_mixin.py:150} INFO - [2024-08-17T22:08:15.675+0000] {dagbag.py:541} INFO - Filling up the DagBag from /home/airflow/.local/lib/python3.7/site-packages/airflow/example_dags/example_branch_operator_decorator.py
[2024-08-17T22:08:15.692+0000] {processor.py:836} INFO - DAG(s) dict_keys(['example_branch_python_operator_decorator']) retrieved from /home/airflow/.local/lib/python3.7/site-packages/airflow/example_dags/example_branch_operator_decorator.py
[2024-08-17T22:08:15.788+0000] {logging_mixin.py:150} INFO - [2024-08-17T22:08:15.787+0000] {dag.py:2742} INFO - Sync 1 DAGs
[2024-08-17T22:08:15.849+0000] {logging_mixin.py:150} INFO - [2024-08-17T22:08:15.849+0000] {dag.py:3508} INFO - Setting next_dagrun for example_branch_python_operator_decorator to 2024-08-16T00:00:00+00:00, run_after=2024-08-17T00:00:00+00:00
[2024-08-17T22:08:15.895+0000] {processor.py:179} INFO - Processing /home/airflow/.local/lib/python3.7/site-packages/airflow/example_dags/example_branch_operator_decorator.py took 0.232 seconds
[2024-08-17T22:08:46.209+0000] {processor.py:157} INFO - Started process (PID=2606) to work on /home/airflow/.local/lib/python3.7/site-packages/airflow/example_dags/example_branch_operator_decorator.py
[2024-08-17T22:08:46.210+0000] {processor.py:826} INFO - Processing file /home/airflow/.local/lib/python3.7/site-packages/airflow/example_dags/example_branch_operator_decorator.py for tasks to queue
[2024-08-17T22:08:46.212+0000] {logging_mixin.py:150} INFO - [2024-08-17T22:08:46.211+0000] {dagbag.py:541} INFO - Filling up the DagBag from /home/airflow/.local/lib/python3.7/site-packages/airflow/example_dags/example_branch_operator_decorator.py
[2024-08-17T22:08:46.224+0000] {processor.py:836} INFO - DAG(s) dict_keys(['example_branch_python_operator_decorator']) retrieved from /home/airflow/.local/lib/python3.7/site-packages/airflow/example_dags/example_branch_operator_decorator.py
[2024-08-17T22:08:46.266+0000] {logging_mixin.py:150} INFO - [2024-08-17T22:08:46.266+0000] {dag.py:2742} INFO - Sync 1 DAGs
[2024-08-17T22:08:46.301+0000] {logging_mixin.py:150} INFO - [2024-08-17T22:08:46.301+0000] {dag.py:3508} INFO - Setting next_dagrun for example_branch_python_operator_decorator to 2024-08-16T00:00:00+00:00, run_after=2024-08-17T00:00:00+00:00
[2024-08-17T22:08:46.334+0000] {processor.py:179} INFO - Processing /home/airflow/.local/lib/python3.7/site-packages/airflow/example_dags/example_branch_operator_decorator.py took 0.129 seconds
[2024-08-17T22:09:16.597+0000] {processor.py:157} INFO - Started process (PID=2844) to work on /home/airflow/.local/lib/python3.7/site-packages/airflow/example_dags/example_branch_operator_decorator.py
[2024-08-17T22:09:16.600+0000] {processor.py:826} INFO - Processing file /home/airflow/.local/lib/python3.7/site-packages/airflow/example_dags/example_branch_operator_decorator.py for tasks to queue
[2024-08-17T22:09:16.601+0000] {logging_mixin.py:150} INFO - [2024-08-17T22:09:16.601+0000] {dagbag.py:541} INFO - Filling up the DagBag from /home/airflow/.local/lib/python3.7/site-packages/airflow/example_dags/example_branch_operator_decorator.py
[2024-08-17T22:09:16.616+0000] {processor.py:836} INFO - DAG(s) dict_keys(['example_branch_python_operator_decorator']) retrieved from /home/airflow/.local/lib/python3.7/site-packages/airflow/example_dags/example_branch_operator_decorator.py
[2024-08-17T22:09:16.658+0000] {logging_mixin.py:150} INFO - [2024-08-17T22:09:16.658+0000] {dag.py:2742} INFO - Sync 1 DAGs
[2024-08-17T22:09:16.695+0000] {logging_mixin.py:150} INFO - [2024-08-17T22:09:16.695+0000] {dag.py:3508} INFO - Setting next_dagrun for example_branch_python_operator_decorator to 2024-08-16T00:00:00+00:00, run_after=2024-08-17T00:00:00+00:00
[2024-08-17T22:09:16.724+0000] {processor.py:179} INFO - Processing /home/airflow/.local/lib/python3.7/site-packages/airflow/example_dags/example_branch_operator_decorator.py took 0.133 seconds
[2024-08-17T22:09:46.976+0000] {processor.py:157} INFO - Started process (PID=3082) to work on /home/airflow/.local/lib/python3.7/site-packages/airflow/example_dags/example_branch_operator_decorator.py
[2024-08-17T22:09:46.977+0000] {processor.py:826} INFO - Processing file /home/airflow/.local/lib/python3.7/site-packages/airflow/example_dags/example_branch_operator_decorator.py for tasks to queue
[2024-08-17T22:09:46.978+0000] {logging_mixin.py:150} INFO - [2024-08-17T22:09:46.978+0000] {dagbag.py:541} INFO - Filling up the DagBag from /home/airflow/.local/lib/python3.7/site-packages/airflow/example_dags/example_branch_operator_decorator.py
[2024-08-17T22:09:46.991+0000] {processor.py:836} INFO - DAG(s) dict_keys(['example_branch_python_operator_decorator']) retrieved from /home/airflow/.local/lib/python3.7/site-packages/airflow/example_dags/example_branch_operator_decorator.py
[2024-08-17T22:09:47.028+0000] {logging_mixin.py:150} INFO - [2024-08-17T22:09:47.028+0000] {dag.py:2742} INFO - Sync 1 DAGs
[2024-08-17T22:09:47.062+0000] {logging_mixin.py:150} INFO - [2024-08-17T22:09:47.062+0000] {dag.py:3508} INFO - Setting next_dagrun for example_branch_python_operator_decorator to 2024-08-16T00:00:00+00:00, run_after=2024-08-17T00:00:00+00:00
[2024-08-17T22:09:47.089+0000] {processor.py:179} INFO - Processing /home/airflow/.local/lib/python3.7/site-packages/airflow/example_dags/example_branch_operator_decorator.py took 0.117 seconds
[2024-08-17T22:10:18.084+0000] {processor.py:157} INFO - Started process (PID=3320) to work on /home/airflow/.local/lib/python3.7/site-packages/airflow/example_dags/example_branch_operator_decorator.py
[2024-08-17T22:10:18.085+0000] {processor.py:826} INFO - Processing file /home/airflow/.local/lib/python3.7/site-packages/airflow/example_dags/example_branch_operator_decorator.py for tasks to queue
[2024-08-17T22:10:18.087+0000] {logging_mixin.py:150} INFO - [2024-08-17T22:10:18.086+0000] {dagbag.py:541} INFO - Filling up the DagBag from /home/airflow/.local/lib/python3.7/site-packages/airflow/example_dags/example_branch_operator_decorator.py
[2024-08-17T22:10:18.101+0000] {processor.py:836} INFO - DAG(s) dict_keys(['example_branch_python_operator_decorator']) retrieved from /home/airflow/.local/lib/python3.7/site-packages/airflow/example_dags/example_branch_operator_decorator.py
[2024-08-17T22:10:18.141+0000] {logging_mixin.py:150} INFO - [2024-08-17T22:10:18.140+0000] {dag.py:2742} INFO - Sync 1 DAGs
[2024-08-17T22:10:18.178+0000] {logging_mixin.py:150} INFO - [2024-08-17T22:10:18.178+0000] {dag.py:3508} INFO - Setting next_dagrun for example_branch_python_operator_decorator to 2024-08-16T00:00:00+00:00, run_after=2024-08-17T00:00:00+00:00
[2024-08-17T22:10:18.205+0000] {processor.py:179} INFO - Processing /home/airflow/.local/lib/python3.7/site-packages/airflow/example_dags/example_branch_operator_decorator.py took 0.125 seconds
[2024-08-17T22:10:48.705+0000] {processor.py:157} INFO - Started process (PID=3558) to work on /home/airflow/.local/lib/python3.7/site-packages/airflow/example_dags/example_branch_operator_decorator.py
[2024-08-17T22:10:48.706+0000] {processor.py:826} INFO - Processing file /home/airflow/.local/lib/python3.7/site-packages/airflow/example_dags/example_branch_operator_decorator.py for tasks to queue
[2024-08-17T22:10:48.708+0000] {logging_mixin.py:150} INFO - [2024-08-17T22:10:48.707+0000] {dagbag.py:541} INFO - Filling up the DagBag from /home/airflow/.local/lib/python3.7/site-packages/airflow/example_dags/example_branch_operator_decorator.py
[2024-08-17T22:10:48.722+0000] {processor.py:836} INFO - DAG(s) dict_keys(['example_branch_python_operator_decorator']) retrieved from /home/airflow/.local/lib/python3.7/site-packages/airflow/example_dags/example_branch_operator_decorator.py
[2024-08-17T22:10:48.761+0000] {logging_mixin.py:150} INFO - [2024-08-17T22:10:48.760+0000] {dag.py:2742} INFO - Sync 1 DAGs
[2024-08-17T22:10:48.799+0000] {logging_mixin.py:150} INFO - [2024-08-17T22:10:48.799+0000] {dag.py:3508} INFO - Setting next_dagrun for example_branch_python_operator_decorator to 2024-08-16T00:00:00+00:00, run_after=2024-08-17T00:00:00+00:00
[2024-08-17T22:10:48.830+0000] {processor.py:179} INFO - Processing /home/airflow/.local/lib/python3.7/site-packages/airflow/example_dags/example_branch_operator_decorator.py took 0.130 seconds
[2024-08-17T22:12:16.918+0000] {processor.py:157} INFO - Started process (PID=336) to work on /home/airflow/.local/lib/python3.7/site-packages/airflow/example_dags/example_branch_operator_decorator.py
[2024-08-17T22:12:16.922+0000] {processor.py:826} INFO - Processing file /home/airflow/.local/lib/python3.7/site-packages/airflow/example_dags/example_branch_operator_decorator.py for tasks to queue
[2024-08-17T22:12:16.923+0000] {logging_mixin.py:150} INFO - [2024-08-17T22:12:16.923+0000] {dagbag.py:541} INFO - Filling up the DagBag from /home/airflow/.local/lib/python3.7/site-packages/airflow/example_dags/example_branch_operator_decorator.py
[2024-08-17T22:12:16.943+0000] {processor.py:836} INFO - DAG(s) dict_keys(['example_branch_python_operator_decorator']) retrieved from /home/airflow/.local/lib/python3.7/site-packages/airflow/example_dags/example_branch_operator_decorator.py
[2024-08-17T22:12:16.990+0000] {logging_mixin.py:150} INFO - [2024-08-17T22:12:16.989+0000] {dag.py:2742} INFO - Sync 1 DAGs
[2024-08-17T22:12:17.032+0000] {logging_mixin.py:150} INFO - [2024-08-17T22:12:17.032+0000] {dag.py:3508} INFO - Setting next_dagrun for example_branch_python_operator_decorator to 2024-08-16T00:00:00+00:00, run_after=2024-08-17T00:00:00+00:00
[2024-08-17T22:12:17.062+0000] {processor.py:179} INFO - Processing /home/airflow/.local/lib/python3.7/site-packages/airflow/example_dags/example_branch_operator_decorator.py took 0.150 seconds
[2024-08-17T22:12:47.127+0000] {processor.py:157} INFO - Started process (PID=571) to work on /home/airflow/.local/lib/python3.7/site-packages/airflow/example_dags/example_branch_operator_decorator.py
[2024-08-17T22:12:47.128+0000] {processor.py:826} INFO - Processing file /home/airflow/.local/lib/python3.7/site-packages/airflow/example_dags/example_branch_operator_decorator.py for tasks to queue
[2024-08-17T22:12:47.130+0000] {logging_mixin.py:150} INFO - [2024-08-17T22:12:47.130+0000] {dagbag.py:541} INFO - Filling up the DagBag from /home/airflow/.local/lib/python3.7/site-packages/airflow/example_dags/example_branch_operator_decorator.py
[2024-08-17T22:12:47.145+0000] {processor.py:836} INFO - DAG(s) dict_keys(['example_branch_python_operator_decorator']) retrieved from /home/airflow/.local/lib/python3.7/site-packages/airflow/example_dags/example_branch_operator_decorator.py
[2024-08-17T22:12:47.182+0000] {logging_mixin.py:150} INFO - [2024-08-17T22:12:47.181+0000] {dag.py:2742} INFO - Sync 1 DAGs
[2024-08-17T22:12:47.220+0000] {logging_mixin.py:150} INFO - [2024-08-17T22:12:47.220+0000] {dag.py:3508} INFO - Setting next_dagrun for example_branch_python_operator_decorator to 2024-08-16T00:00:00+00:00, run_after=2024-08-17T00:00:00+00:00
[2024-08-17T22:12:47.264+0000] {processor.py:179} INFO - Processing /home/airflow/.local/lib/python3.7/site-packages/airflow/example_dags/example_branch_operator_decorator.py took 0.141 seconds
[2024-08-17T22:13:17.462+0000] {processor.py:157} INFO - Started process (PID=809) to work on /home/airflow/.local/lib/python3.7/site-packages/airflow/example_dags/example_branch_operator_decorator.py
[2024-08-17T22:13:17.463+0000] {processor.py:826} INFO - Processing file /home/airflow/.local/lib/python3.7/site-packages/airflow/example_dags/example_branch_operator_decorator.py for tasks to queue
[2024-08-17T22:13:17.465+0000] {logging_mixin.py:150} INFO - [2024-08-17T22:13:17.464+0000] {dagbag.py:541} INFO - Filling up the DagBag from /home/airflow/.local/lib/python3.7/site-packages/airflow/example_dags/example_branch_operator_decorator.py
[2024-08-17T22:13:17.481+0000] {processor.py:836} INFO - DAG(s) dict_keys(['example_branch_python_operator_decorator']) retrieved from /home/airflow/.local/lib/python3.7/site-packages/airflow/example_dags/example_branch_operator_decorator.py
[2024-08-17T22:13:17.513+0000] {logging_mixin.py:150} INFO - [2024-08-17T22:13:17.513+0000] {dag.py:2742} INFO - Sync 1 DAGs
[2024-08-17T22:13:17.548+0000] {logging_mixin.py:150} INFO - [2024-08-17T22:13:17.547+0000] {dag.py:3508} INFO - Setting next_dagrun for example_branch_python_operator_decorator to 2024-08-16T00:00:00+00:00, run_after=2024-08-17T00:00:00+00:00
[2024-08-17T22:13:17.571+0000] {processor.py:179} INFO - Processing /home/airflow/.local/lib/python3.7/site-packages/airflow/example_dags/example_branch_operator_decorator.py took 0.114 seconds
[2024-08-17T22:13:47.998+0000] {processor.py:157} INFO - Started process (PID=1045) to work on /home/airflow/.local/lib/python3.7/site-packages/airflow/example_dags/example_branch_operator_decorator.py
[2024-08-17T22:13:47.999+0000] {processor.py:826} INFO - Processing file /home/airflow/.local/lib/python3.7/site-packages/airflow/example_dags/example_branch_operator_decorator.py for tasks to queue
[2024-08-17T22:13:48.000+0000] {logging_mixin.py:150} INFO - [2024-08-17T22:13:48.000+0000] {dagbag.py:541} INFO - Filling up the DagBag from /home/airflow/.local/lib/python3.7/site-packages/airflow/example_dags/example_branch_operator_decorator.py
[2024-08-17T22:13:48.013+0000] {processor.py:836} INFO - DAG(s) dict_keys(['example_branch_python_operator_decorator']) retrieved from /home/airflow/.local/lib/python3.7/site-packages/airflow/example_dags/example_branch_operator_decorator.py
[2024-08-17T22:13:48.046+0000] {logging_mixin.py:150} INFO - [2024-08-17T22:13:48.046+0000] {dag.py:2742} INFO - Sync 1 DAGs
[2024-08-17T22:13:48.079+0000] {logging_mixin.py:150} INFO - [2024-08-17T22:13:48.079+0000] {dag.py:3508} INFO - Setting next_dagrun for example_branch_python_operator_decorator to 2024-08-16T00:00:00+00:00, run_after=2024-08-17T00:00:00+00:00
[2024-08-17T22:13:48.102+0000] {processor.py:179} INFO - Processing /home/airflow/.local/lib/python3.7/site-packages/airflow/example_dags/example_branch_operator_decorator.py took 0.108 seconds
[2024-08-17T22:14:18.343+0000] {processor.py:157} INFO - Started process (PID=1283) to work on /home/airflow/.local/lib/python3.7/site-packages/airflow/example_dags/example_branch_operator_decorator.py
[2024-08-17T22:14:18.345+0000] {processor.py:826} INFO - Processing file /home/airflow/.local/lib/python3.7/site-packages/airflow/example_dags/example_branch_operator_decorator.py for tasks to queue
[2024-08-17T22:14:18.346+0000] {logging_mixin.py:150} INFO - [2024-08-17T22:14:18.346+0000] {dagbag.py:541} INFO - Filling up the DagBag from /home/airflow/.local/lib/python3.7/site-packages/airflow/example_dags/example_branch_operator_decorator.py
[2024-08-17T22:14:18.362+0000] {processor.py:836} INFO - DAG(s) dict_keys(['example_branch_python_operator_decorator']) retrieved from /home/airflow/.local/lib/python3.7/site-packages/airflow/example_dags/example_branch_operator_decorator.py
[2024-08-17T22:14:18.394+0000] {logging_mixin.py:150} INFO - [2024-08-17T22:14:18.394+0000] {dag.py:2742} INFO - Sync 1 DAGs
[2024-08-17T22:14:18.433+0000] {logging_mixin.py:150} INFO - [2024-08-17T22:14:18.433+0000] {dag.py:3508} INFO - Setting next_dagrun for example_branch_python_operator_decorator to 2024-08-16T00:00:00+00:00, run_after=2024-08-17T00:00:00+00:00
[2024-08-17T22:14:18.457+0000] {processor.py:179} INFO - Processing /home/airflow/.local/lib/python3.7/site-packages/airflow/example_dags/example_branch_operator_decorator.py took 0.119 seconds
[2024-08-17T22:14:49.576+0000] {processor.py:157} INFO - Started process (PID=1521) to work on /home/airflow/.local/lib/python3.7/site-packages/airflow/example_dags/example_branch_operator_decorator.py
[2024-08-17T22:14:49.578+0000] {processor.py:826} INFO - Processing file /home/airflow/.local/lib/python3.7/site-packages/airflow/example_dags/example_branch_operator_decorator.py for tasks to queue
[2024-08-17T22:14:49.580+0000] {logging_mixin.py:150} INFO - [2024-08-17T22:14:49.579+0000] {dagbag.py:541} INFO - Filling up the DagBag from /home/airflow/.local/lib/python3.7/site-packages/airflow/example_dags/example_branch_operator_decorator.py
[2024-08-17T22:14:49.595+0000] {processor.py:836} INFO - DAG(s) dict_keys(['example_branch_python_operator_decorator']) retrieved from /home/airflow/.local/lib/python3.7/site-packages/airflow/example_dags/example_branch_operator_decorator.py
[2024-08-17T22:14:49.643+0000] {logging_mixin.py:150} INFO - [2024-08-17T22:14:49.643+0000] {dag.py:2742} INFO - Sync 1 DAGs
[2024-08-17T22:14:49.688+0000] {logging_mixin.py:150} INFO - [2024-08-17T22:14:49.688+0000] {dag.py:3508} INFO - Setting next_dagrun for example_branch_python_operator_decorator to 2024-08-16T00:00:00+00:00, run_after=2024-08-17T00:00:00+00:00
[2024-08-17T22:14:49.715+0000] {processor.py:179} INFO - Processing /home/airflow/.local/lib/python3.7/site-packages/airflow/example_dags/example_branch_operator_decorator.py took 0.145 seconds
[2024-08-17T22:15:19.892+0000] {processor.py:157} INFO - Started process (PID=1761) to work on /home/airflow/.local/lib/python3.7/site-packages/airflow/example_dags/example_branch_operator_decorator.py
[2024-08-17T22:15:19.893+0000] {processor.py:826} INFO - Processing file /home/airflow/.local/lib/python3.7/site-packages/airflow/example_dags/example_branch_operator_decorator.py for tasks to queue
[2024-08-17T22:15:19.894+0000] {logging_mixin.py:150} INFO - [2024-08-17T22:15:19.894+0000] {dagbag.py:541} INFO - Filling up the DagBag from /home/airflow/.local/lib/python3.7/site-packages/airflow/example_dags/example_branch_operator_decorator.py
[2024-08-17T22:15:19.909+0000] {processor.py:836} INFO - DAG(s) dict_keys(['example_branch_python_operator_decorator']) retrieved from /home/airflow/.local/lib/python3.7/site-packages/airflow/example_dags/example_branch_operator_decorator.py
[2024-08-17T22:15:19.955+0000] {logging_mixin.py:150} INFO - [2024-08-17T22:15:19.955+0000] {dag.py:2742} INFO - Sync 1 DAGs
[2024-08-17T22:15:19.991+0000] {logging_mixin.py:150} INFO - [2024-08-17T22:15:19.991+0000] {dag.py:3508} INFO - Setting next_dagrun for example_branch_python_operator_decorator to 2024-08-16T00:00:00+00:00, run_after=2024-08-17T00:00:00+00:00
[2024-08-17T22:15:20.017+0000] {processor.py:179} INFO - Processing /home/airflow/.local/lib/python3.7/site-packages/airflow/example_dags/example_branch_operator_decorator.py took 0.129 seconds
[2024-08-17T22:15:50.103+0000] {processor.py:157} INFO - Started process (PID=1999) to work on /home/airflow/.local/lib/python3.7/site-packages/airflow/example_dags/example_branch_operator_decorator.py
[2024-08-17T22:15:50.104+0000] {processor.py:826} INFO - Processing file /home/airflow/.local/lib/python3.7/site-packages/airflow/example_dags/example_branch_operator_decorator.py for tasks to queue
[2024-08-17T22:15:50.106+0000] {logging_mixin.py:150} INFO - [2024-08-17T22:15:50.105+0000] {dagbag.py:541} INFO - Filling up the DagBag from /home/airflow/.local/lib/python3.7/site-packages/airflow/example_dags/example_branch_operator_decorator.py
[2024-08-17T22:15:50.119+0000] {processor.py:836} INFO - DAG(s) dict_keys(['example_branch_python_operator_decorator']) retrieved from /home/airflow/.local/lib/python3.7/site-packages/airflow/example_dags/example_branch_operator_decorator.py
[2024-08-17T22:15:50.154+0000] {logging_mixin.py:150} INFO - [2024-08-17T22:15:50.154+0000] {dag.py:2742} INFO - Sync 1 DAGs
[2024-08-17T22:15:50.186+0000] {logging_mixin.py:150} INFO - [2024-08-17T22:15:50.186+0000] {dag.py:3508} INFO - Setting next_dagrun for example_branch_python_operator_decorator to 2024-08-16T00:00:00+00:00, run_after=2024-08-17T00:00:00+00:00
[2024-08-17T22:15:50.210+0000] {processor.py:179} INFO - Processing /home/airflow/.local/lib/python3.7/site-packages/airflow/example_dags/example_branch_operator_decorator.py took 0.111 seconds
[2024-08-17T22:16:20.480+0000] {processor.py:157} INFO - Started process (PID=2235) to work on /home/airflow/.local/lib/python3.7/site-packages/airflow/example_dags/example_branch_operator_decorator.py
[2024-08-17T22:16:20.482+0000] {processor.py:826} INFO - Processing file /home/airflow/.local/lib/python3.7/site-packages/airflow/example_dags/example_branch_operator_decorator.py for tasks to queue
[2024-08-17T22:16:20.483+0000] {logging_mixin.py:150} INFO - [2024-08-17T22:16:20.483+0000] {dagbag.py:541} INFO - Filling up the DagBag from /home/airflow/.local/lib/python3.7/site-packages/airflow/example_dags/example_branch_operator_decorator.py
[2024-08-17T22:16:20.498+0000] {processor.py:836} INFO - DAG(s) dict_keys(['example_branch_python_operator_decorator']) retrieved from /home/airflow/.local/lib/python3.7/site-packages/airflow/example_dags/example_branch_operator_decorator.py
[2024-08-17T22:16:20.534+0000] {logging_mixin.py:150} INFO - [2024-08-17T22:16:20.534+0000] {dag.py:2742} INFO - Sync 1 DAGs
[2024-08-17T22:16:20.570+0000] {logging_mixin.py:150} INFO - [2024-08-17T22:16:20.569+0000] {dag.py:3508} INFO - Setting next_dagrun for example_branch_python_operator_decorator to 2024-08-16T00:00:00+00:00, run_after=2024-08-17T00:00:00+00:00
[2024-08-17T22:16:20.593+0000] {processor.py:179} INFO - Processing /home/airflow/.local/lib/python3.7/site-packages/airflow/example_dags/example_branch_operator_decorator.py took 0.117 seconds
