[2024-08-17T22:04:01.750+0000] {processor.py:157} INFO - Started process (PID=367) to work on /home/airflow/.local/lib/python3.7/site-packages/airflow/example_dags/example_branch_python_dop_operator_3.py
[2024-08-17T22:04:01.753+0000] {processor.py:826} INFO - Processing file /home/airflow/.local/lib/python3.7/site-packages/airflow/example_dags/example_branch_python_dop_operator_3.py for tasks to queue
[2024-08-17T22:04:01.756+0000] {logging_mixin.py:150} INFO - [2024-08-17T22:04:01.755+0000] {dagbag.py:541} INFO - Filling up the DagBag from /home/airflow/.local/lib/python3.7/site-packages/airflow/example_dags/example_branch_python_dop_operator_3.py
[2024-08-17T22:04:01.783+0000] {processor.py:836} INFO - DAG(s) dict_keys(['example_branch_dop_operator_v3']) retrieved from /home/airflow/.local/lib/python3.7/site-packages/airflow/example_dags/example_branch_python_dop_operator_3.py
[2024-08-17T22:04:01.809+0000] {logging_mixin.py:150} INFO - [2024-08-17T22:04:01.808+0000] {dag.py:2742} INFO - Sync 1 DAGs
[2024-08-17T22:04:01.836+0000] {logging_mixin.py:150} INFO - [2024-08-17T22:04:01.835+0000] {dag.py:2763} INFO - Creating ORM DAG for example_branch_dop_operator_v3
[2024-08-17T22:04:01.863+0000] {logging_mixin.py:150} INFO - [2024-08-17T22:04:01.863+0000] {dag.py:3508} INFO - Setting next_dagrun for example_branch_dop_operator_v3 to 2024-08-17T22:03:00+00:00, run_after=2024-08-17T22:04:00+00:00
[2024-08-17T22:04:01.898+0000] {processor.py:179} INFO - Processing /home/airflow/.local/lib/python3.7/site-packages/airflow/example_dags/example_branch_python_dop_operator_3.py took 0.158 seconds
[2024-08-17T22:04:33.114+0000] {processor.py:157} INFO - Started process (PID=605) to work on /home/airflow/.local/lib/python3.7/site-packages/airflow/example_dags/example_branch_python_dop_operator_3.py
[2024-08-17T22:04:33.115+0000] {processor.py:826} INFO - Processing file /home/airflow/.local/lib/python3.7/site-packages/airflow/example_dags/example_branch_python_dop_operator_3.py for tasks to queue
[2024-08-17T22:04:33.117+0000] {logging_mixin.py:150} INFO - [2024-08-17T22:04:33.116+0000] {dagbag.py:541} INFO - Filling up the DagBag from /home/airflow/.local/lib/python3.7/site-packages/airflow/example_dags/example_branch_python_dop_operator_3.py
[2024-08-17T22:04:33.126+0000] {processor.py:836} INFO - DAG(s) dict_keys(['example_branch_dop_operator_v3']) retrieved from /home/airflow/.local/lib/python3.7/site-packages/airflow/example_dags/example_branch_python_dop_operator_3.py
[2024-08-17T22:04:33.158+0000] {logging_mixin.py:150} INFO - [2024-08-17T22:04:33.158+0000] {dag.py:2742} INFO - Sync 1 DAGs
[2024-08-17T22:04:33.195+0000] {logging_mixin.py:150} INFO - [2024-08-17T22:04:33.195+0000] {dag.py:3508} INFO - Setting next_dagrun for example_branch_dop_operator_v3 to 2024-08-17T22:03:00+00:00, run_after=2024-08-17T22:04:00+00:00
[2024-08-17T22:04:33.222+0000] {processor.py:179} INFO - Processing /home/airflow/.local/lib/python3.7/site-packages/airflow/example_dags/example_branch_python_dop_operator_3.py took 0.113 seconds
[2024-08-17T22:05:03.697+0000] {processor.py:157} INFO - Started process (PID=843) to work on /home/airflow/.local/lib/python3.7/site-packages/airflow/example_dags/example_branch_python_dop_operator_3.py
[2024-08-17T22:05:03.701+0000] {processor.py:826} INFO - Processing file /home/airflow/.local/lib/python3.7/site-packages/airflow/example_dags/example_branch_python_dop_operator_3.py for tasks to queue
[2024-08-17T22:05:03.702+0000] {logging_mixin.py:150} INFO - [2024-08-17T22:05:03.702+0000] {dagbag.py:541} INFO - Filling up the DagBag from /home/airflow/.local/lib/python3.7/site-packages/airflow/example_dags/example_branch_python_dop_operator_3.py
[2024-08-17T22:05:03.714+0000] {processor.py:836} INFO - DAG(s) dict_keys(['example_branch_dop_operator_v3']) retrieved from /home/airflow/.local/lib/python3.7/site-packages/airflow/example_dags/example_branch_python_dop_operator_3.py
[2024-08-17T22:05:03.756+0000] {logging_mixin.py:150} INFO - [2024-08-17T22:05:03.756+0000] {dag.py:2742} INFO - Sync 1 DAGs
[2024-08-17T22:05:03.804+0000] {logging_mixin.py:150} INFO - [2024-08-17T22:05:03.803+0000] {dag.py:3508} INFO - Setting next_dagrun for example_branch_dop_operator_v3 to 2024-08-17T22:04:00+00:00, run_after=2024-08-17T22:05:00+00:00
[2024-08-17T22:05:03.836+0000] {processor.py:179} INFO - Processing /home/airflow/.local/lib/python3.7/site-packages/airflow/example_dags/example_branch_python_dop_operator_3.py took 0.146 seconds
[2024-08-17T22:05:41.738+0000] {processor.py:157} INFO - Started process (PID=1083) to work on /home/airflow/.local/lib/python3.7/site-packages/airflow/example_dags/example_branch_python_dop_operator_3.py
[2024-08-17T22:05:41.743+0000] {processor.py:826} INFO - Processing file /home/airflow/.local/lib/python3.7/site-packages/airflow/example_dags/example_branch_python_dop_operator_3.py for tasks to queue
[2024-08-17T22:05:41.746+0000] {logging_mixin.py:150} INFO - [2024-08-17T22:05:41.745+0000] {dagbag.py:541} INFO - Filling up the DagBag from /home/airflow/.local/lib/python3.7/site-packages/airflow/example_dags/example_branch_python_dop_operator_3.py
[2024-08-17T22:05:41.761+0000] {processor.py:836} INFO - DAG(s) dict_keys(['example_branch_dop_operator_v3']) retrieved from /home/airflow/.local/lib/python3.7/site-packages/airflow/example_dags/example_branch_python_dop_operator_3.py
[2024-08-17T22:05:41.818+0000] {logging_mixin.py:150} INFO - [2024-08-17T22:05:41.818+0000] {dag.py:2742} INFO - Sync 1 DAGs
[2024-08-17T22:05:41.870+0000] {logging_mixin.py:150} INFO - [2024-08-17T22:05:41.869+0000] {dag.py:3508} INFO - Setting next_dagrun for example_branch_dop_operator_v3 to 2024-08-17T22:04:00+00:00, run_after=2024-08-17T22:05:00+00:00
[2024-08-17T22:05:41.919+0000] {processor.py:179} INFO - Processing /home/airflow/.local/lib/python3.7/site-packages/airflow/example_dags/example_branch_python_dop_operator_3.py took 0.196 seconds
[2024-08-17T22:06:12.769+0000] {processor.py:157} INFO - Started process (PID=1321) to work on /home/airflow/.local/lib/python3.7/site-packages/airflow/example_dags/example_branch_python_dop_operator_3.py
[2024-08-17T22:06:12.770+0000] {processor.py:826} INFO - Processing file /home/airflow/.local/lib/python3.7/site-packages/airflow/example_dags/example_branch_python_dop_operator_3.py for tasks to queue
[2024-08-17T22:06:12.772+0000] {logging_mixin.py:150} INFO - [2024-08-17T22:06:12.771+0000] {dagbag.py:541} INFO - Filling up the DagBag from /home/airflow/.local/lib/python3.7/site-packages/airflow/example_dags/example_branch_python_dop_operator_3.py
[2024-08-17T22:06:12.782+0000] {processor.py:836} INFO - DAG(s) dict_keys(['example_branch_dop_operator_v3']) retrieved from /home/airflow/.local/lib/python3.7/site-packages/airflow/example_dags/example_branch_python_dop_operator_3.py
[2024-08-17T22:06:12.818+0000] {logging_mixin.py:150} INFO - [2024-08-17T22:06:12.817+0000] {dag.py:2742} INFO - Sync 1 DAGs
[2024-08-17T22:06:12.858+0000] {logging_mixin.py:150} INFO - [2024-08-17T22:06:12.858+0000] {dag.py:3508} INFO - Setting next_dagrun for example_branch_dop_operator_v3 to 2024-08-17T22:05:00+00:00, run_after=2024-08-17T22:06:00+00:00
[2024-08-17T22:06:12.886+0000] {processor.py:179} INFO - Processing /home/airflow/.local/lib/python3.7/site-packages/airflow/example_dags/example_branch_python_dop_operator_3.py took 0.121 seconds
[2024-08-17T22:06:44.230+0000] {processor.py:157} INFO - Started process (PID=1557) to work on /home/airflow/.local/lib/python3.7/site-packages/airflow/example_dags/example_branch_python_dop_operator_3.py
[2024-08-17T22:06:44.232+0000] {processor.py:826} INFO - Processing file /home/airflow/.local/lib/python3.7/site-packages/airflow/example_dags/example_branch_python_dop_operator_3.py for tasks to queue
[2024-08-17T22:06:44.234+0000] {logging_mixin.py:150} INFO - [2024-08-17T22:06:44.233+0000] {dagbag.py:541} INFO - Filling up the DagBag from /home/airflow/.local/lib/python3.7/site-packages/airflow/example_dags/example_branch_python_dop_operator_3.py
[2024-08-17T22:06:44.250+0000] {processor.py:836} INFO - DAG(s) dict_keys(['example_branch_dop_operator_v3']) retrieved from /home/airflow/.local/lib/python3.7/site-packages/airflow/example_dags/example_branch_python_dop_operator_3.py
[2024-08-17T22:06:44.345+0000] {logging_mixin.py:150} INFO - [2024-08-17T22:06:44.344+0000] {dag.py:2742} INFO - Sync 1 DAGs
[2024-08-17T22:06:44.469+0000] {logging_mixin.py:150} INFO - [2024-08-17T22:06:44.469+0000] {dag.py:3508} INFO - Setting next_dagrun for example_branch_dop_operator_v3 to 2024-08-17T22:05:00+00:00, run_after=2024-08-17T22:06:00+00:00
[2024-08-17T22:06:44.553+0000] {processor.py:179} INFO - Processing /home/airflow/.local/lib/python3.7/site-packages/airflow/example_dags/example_branch_python_dop_operator_3.py took 0.328 seconds
[2024-08-17T22:07:15.211+0000] {processor.py:157} INFO - Started process (PID=1796) to work on /home/airflow/.local/lib/python3.7/site-packages/airflow/example_dags/example_branch_python_dop_operator_3.py
[2024-08-17T22:07:15.213+0000] {processor.py:826} INFO - Processing file /home/airflow/.local/lib/python3.7/site-packages/airflow/example_dags/example_branch_python_dop_operator_3.py for tasks to queue
[2024-08-17T22:07:15.214+0000] {logging_mixin.py:150} INFO - [2024-08-17T22:07:15.213+0000] {dagbag.py:541} INFO - Filling up the DagBag from /home/airflow/.local/lib/python3.7/site-packages/airflow/example_dags/example_branch_python_dop_operator_3.py
[2024-08-17T22:07:15.224+0000] {processor.py:836} INFO - DAG(s) dict_keys(['example_branch_dop_operator_v3']) retrieved from /home/airflow/.local/lib/python3.7/site-packages/airflow/example_dags/example_branch_python_dop_operator_3.py
[2024-08-17T22:07:15.258+0000] {logging_mixin.py:150} INFO - [2024-08-17T22:07:15.258+0000] {dag.py:2742} INFO - Sync 1 DAGs
[2024-08-17T22:07:15.296+0000] {logging_mixin.py:150} INFO - [2024-08-17T22:07:15.296+0000] {dag.py:3508} INFO - Setting next_dagrun for example_branch_dop_operator_v3 to 2024-08-17T22:06:00+00:00, run_after=2024-08-17T22:07:00+00:00
[2024-08-17T22:07:15.322+0000] {processor.py:179} INFO - Processing /home/airflow/.local/lib/python3.7/site-packages/airflow/example_dags/example_branch_python_dop_operator_3.py took 0.115 seconds
[2024-08-17T22:07:55.002+0000] {processor.py:157} INFO - Started process (PID=2043) to work on /home/airflow/.local/lib/python3.7/site-packages/airflow/example_dags/example_branch_python_dop_operator_3.py
[2024-08-17T22:07:55.022+0000] {processor.py:826} INFO - Processing file /home/airflow/.local/lib/python3.7/site-packages/airflow/example_dags/example_branch_python_dop_operator_3.py for tasks to queue
[2024-08-17T22:07:55.029+0000] {logging_mixin.py:150} INFO - [2024-08-17T22:07:55.028+0000] {dagbag.py:541} INFO - Filling up the DagBag from /home/airflow/.local/lib/python3.7/site-packages/airflow/example_dags/example_branch_python_dop_operator_3.py
[2024-08-17T22:07:55.112+0000] {processor.py:836} INFO - DAG(s) dict_keys(['example_branch_dop_operator_v3']) retrieved from /home/airflow/.local/lib/python3.7/site-packages/airflow/example_dags/example_branch_python_dop_operator_3.py
[2024-08-17T22:07:55.274+0000] {logging_mixin.py:150} INFO - [2024-08-17T22:07:55.274+0000] {dag.py:2742} INFO - Sync 1 DAGs
[2024-08-17T22:07:55.692+0000] {logging_mixin.py:150} INFO - [2024-08-17T22:07:55.691+0000] {dag.py:3508} INFO - Setting next_dagrun for example_branch_dop_operator_v3 to 2024-08-17T22:06:00+00:00, run_after=2024-08-17T22:07:00+00:00
[2024-08-17T22:07:56.240+0000] {processor.py:179} INFO - Processing /home/airflow/.local/lib/python3.7/site-packages/airflow/example_dags/example_branch_python_dop_operator_3.py took 1.272 seconds
[2024-08-17T22:08:26.854+0000] {processor.py:157} INFO - Started process (PID=2410) to work on /home/airflow/.local/lib/python3.7/site-packages/airflow/example_dags/example_branch_python_dop_operator_3.py
[2024-08-17T22:08:26.857+0000] {processor.py:826} INFO - Processing file /home/airflow/.local/lib/python3.7/site-packages/airflow/example_dags/example_branch_python_dop_operator_3.py for tasks to queue
[2024-08-17T22:08:26.858+0000] {logging_mixin.py:150} INFO - [2024-08-17T22:08:26.858+0000] {dagbag.py:541} INFO - Filling up the DagBag from /home/airflow/.local/lib/python3.7/site-packages/airflow/example_dags/example_branch_python_dop_operator_3.py
[2024-08-17T22:08:26.872+0000] {processor.py:836} INFO - DAG(s) dict_keys(['example_branch_dop_operator_v3']) retrieved from /home/airflow/.local/lib/python3.7/site-packages/airflow/example_dags/example_branch_python_dop_operator_3.py
[2024-08-17T22:08:26.903+0000] {logging_mixin.py:150} INFO - [2024-08-17T22:08:26.903+0000] {dag.py:2742} INFO - Sync 1 DAGs
[2024-08-17T22:08:26.942+0000] {logging_mixin.py:150} INFO - [2024-08-17T22:08:26.942+0000] {dag.py:3508} INFO - Setting next_dagrun for example_branch_dop_operator_v3 to 2024-08-17T22:07:00+00:00, run_after=2024-08-17T22:08:00+00:00
[2024-08-17T22:08:26.966+0000] {processor.py:179} INFO - Processing /home/airflow/.local/lib/python3.7/site-packages/airflow/example_dags/example_branch_python_dop_operator_3.py took 0.117 seconds
[2024-08-17T22:08:57.242+0000] {processor.py:157} INFO - Started process (PID=2648) to work on /home/airflow/.local/lib/python3.7/site-packages/airflow/example_dags/example_branch_python_dop_operator_3.py
[2024-08-17T22:08:57.243+0000] {processor.py:826} INFO - Processing file /home/airflow/.local/lib/python3.7/site-packages/airflow/example_dags/example_branch_python_dop_operator_3.py for tasks to queue
[2024-08-17T22:08:57.244+0000] {logging_mixin.py:150} INFO - [2024-08-17T22:08:57.244+0000] {dagbag.py:541} INFO - Filling up the DagBag from /home/airflow/.local/lib/python3.7/site-packages/airflow/example_dags/example_branch_python_dop_operator_3.py
[2024-08-17T22:08:57.255+0000] {processor.py:836} INFO - DAG(s) dict_keys(['example_branch_dop_operator_v3']) retrieved from /home/airflow/.local/lib/python3.7/site-packages/airflow/example_dags/example_branch_python_dop_operator_3.py
[2024-08-17T22:08:57.286+0000] {logging_mixin.py:150} INFO - [2024-08-17T22:08:57.286+0000] {dag.py:2742} INFO - Sync 1 DAGs
[2024-08-17T22:08:57.324+0000] {logging_mixin.py:150} INFO - [2024-08-17T22:08:57.324+0000] {dag.py:3508} INFO - Setting next_dagrun for example_branch_dop_operator_v3 to 2024-08-17T22:07:00+00:00, run_after=2024-08-17T22:08:00+00:00
[2024-08-17T22:08:57.348+0000] {processor.py:179} INFO - Processing /home/airflow/.local/lib/python3.7/site-packages/airflow/example_dags/example_branch_python_dop_operator_3.py took 0.110 seconds
[2024-08-17T22:09:27.628+0000] {processor.py:157} INFO - Started process (PID=2881) to work on /home/airflow/.local/lib/python3.7/site-packages/airflow/example_dags/example_branch_python_dop_operator_3.py
[2024-08-17T22:09:27.630+0000] {processor.py:826} INFO - Processing file /home/airflow/.local/lib/python3.7/site-packages/airflow/example_dags/example_branch_python_dop_operator_3.py for tasks to queue
[2024-08-17T22:09:27.631+0000] {logging_mixin.py:150} INFO - [2024-08-17T22:09:27.631+0000] {dagbag.py:541} INFO - Filling up the DagBag from /home/airflow/.local/lib/python3.7/site-packages/airflow/example_dags/example_branch_python_dop_operator_3.py
[2024-08-17T22:09:27.642+0000] {processor.py:836} INFO - DAG(s) dict_keys(['example_branch_dop_operator_v3']) retrieved from /home/airflow/.local/lib/python3.7/site-packages/airflow/example_dags/example_branch_python_dop_operator_3.py
[2024-08-17T22:09:27.674+0000] {logging_mixin.py:150} INFO - [2024-08-17T22:09:27.674+0000] {dag.py:2742} INFO - Sync 1 DAGs
[2024-08-17T22:09:27.715+0000] {logging_mixin.py:150} INFO - [2024-08-17T22:09:27.715+0000] {dag.py:3508} INFO - Setting next_dagrun for example_branch_dop_operator_v3 to 2024-08-17T22:08:00+00:00, run_after=2024-08-17T22:09:00+00:00
[2024-08-17T22:09:27.740+0000] {processor.py:179} INFO - Processing /home/airflow/.local/lib/python3.7/site-packages/airflow/example_dags/example_branch_python_dop_operator_3.py took 0.119 seconds
[2024-08-17T22:09:58.881+0000] {processor.py:157} INFO - Started process (PID=3119) to work on /home/airflow/.local/lib/python3.7/site-packages/airflow/example_dags/example_branch_python_dop_operator_3.py
[2024-08-17T22:09:58.882+0000] {processor.py:826} INFO - Processing file /home/airflow/.local/lib/python3.7/site-packages/airflow/example_dags/example_branch_python_dop_operator_3.py for tasks to queue
[2024-08-17T22:09:58.883+0000] {logging_mixin.py:150} INFO - [2024-08-17T22:09:58.883+0000] {dagbag.py:541} INFO - Filling up the DagBag from /home/airflow/.local/lib/python3.7/site-packages/airflow/example_dags/example_branch_python_dop_operator_3.py
[2024-08-17T22:09:58.894+0000] {processor.py:836} INFO - DAG(s) dict_keys(['example_branch_dop_operator_v3']) retrieved from /home/airflow/.local/lib/python3.7/site-packages/airflow/example_dags/example_branch_python_dop_operator_3.py
[2024-08-17T22:09:58.924+0000] {logging_mixin.py:150} INFO - [2024-08-17T22:09:58.924+0000] {dag.py:2742} INFO - Sync 1 DAGs
[2024-08-17T22:09:58.994+0000] {logging_mixin.py:150} INFO - [2024-08-17T22:09:58.993+0000] {dag.py:3508} INFO - Setting next_dagrun for example_branch_dop_operator_v3 to 2024-08-17T22:08:00+00:00, run_after=2024-08-17T22:09:00+00:00
[2024-08-17T22:09:59.019+0000] {processor.py:179} INFO - Processing /home/airflow/.local/lib/python3.7/site-packages/airflow/example_dags/example_branch_python_dop_operator_3.py took 0.142 seconds
[2024-08-17T22:10:31.048+0000] {processor.py:157} INFO - Started process (PID=3357) to work on /home/airflow/.local/lib/python3.7/site-packages/airflow/example_dags/example_branch_python_dop_operator_3.py
[2024-08-17T22:10:31.050+0000] {processor.py:826} INFO - Processing file /home/airflow/.local/lib/python3.7/site-packages/airflow/example_dags/example_branch_python_dop_operator_3.py for tasks to queue
[2024-08-17T22:10:31.053+0000] {logging_mixin.py:150} INFO - [2024-08-17T22:10:31.053+0000] {dagbag.py:541} INFO - Filling up the DagBag from /home/airflow/.local/lib/python3.7/site-packages/airflow/example_dags/example_branch_python_dop_operator_3.py
[2024-08-17T22:10:31.073+0000] {processor.py:836} INFO - DAG(s) dict_keys(['example_branch_dop_operator_v3']) retrieved from /home/airflow/.local/lib/python3.7/site-packages/airflow/example_dags/example_branch_python_dop_operator_3.py
[2024-08-17T22:10:31.121+0000] {logging_mixin.py:150} INFO - [2024-08-17T22:10:31.120+0000] {dag.py:2742} INFO - Sync 1 DAGs
[2024-08-17T22:10:31.173+0000] {logging_mixin.py:150} INFO - [2024-08-17T22:10:31.173+0000] {dag.py:3508} INFO - Setting next_dagrun for example_branch_dop_operator_v3 to 2024-08-17T22:09:00+00:00, run_after=2024-08-17T22:10:00+00:00
[2024-08-17T22:10:31.257+0000] {processor.py:179} INFO - Processing /home/airflow/.local/lib/python3.7/site-packages/airflow/example_dags/example_branch_python_dop_operator_3.py took 0.216 seconds
[2024-08-17T22:11:01.950+0000] {processor.py:157} INFO - Started process (PID=3595) to work on /home/airflow/.local/lib/python3.7/site-packages/airflow/example_dags/example_branch_python_dop_operator_3.py
[2024-08-17T22:11:01.952+0000] {processor.py:826} INFO - Processing file /home/airflow/.local/lib/python3.7/site-packages/airflow/example_dags/example_branch_python_dop_operator_3.py for tasks to queue
[2024-08-17T22:11:01.955+0000] {logging_mixin.py:150} INFO - [2024-08-17T22:11:01.954+0000] {dagbag.py:541} INFO - Filling up the DagBag from /home/airflow/.local/lib/python3.7/site-packages/airflow/example_dags/example_branch_python_dop_operator_3.py
[2024-08-17T22:11:01.970+0000] {processor.py:836} INFO - DAG(s) dict_keys(['example_branch_dop_operator_v3']) retrieved from /home/airflow/.local/lib/python3.7/site-packages/airflow/example_dags/example_branch_python_dop_operator_3.py
[2024-08-17T22:11:02.003+0000] {logging_mixin.py:150} INFO - [2024-08-17T22:11:02.003+0000] {dag.py:2742} INFO - Sync 1 DAGs
[2024-08-17T22:11:02.044+0000] {logging_mixin.py:150} INFO - [2024-08-17T22:11:02.044+0000] {dag.py:3508} INFO - Setting next_dagrun for example_branch_dop_operator_v3 to 2024-08-17T22:10:00+00:00, run_after=2024-08-17T22:11:00+00:00
[2024-08-17T22:11:02.068+0000] {processor.py:179} INFO - Processing /home/airflow/.local/lib/python3.7/site-packages/airflow/example_dags/example_branch_python_dop_operator_3.py took 0.124 seconds
[2024-08-17T22:12:17.856+0000] {processor.py:157} INFO - Started process (PID=366) to work on /home/airflow/.local/lib/python3.7/site-packages/airflow/example_dags/example_branch_python_dop_operator_3.py
[2024-08-17T22:12:17.859+0000] {processor.py:826} INFO - Processing file /home/airflow/.local/lib/python3.7/site-packages/airflow/example_dags/example_branch_python_dop_operator_3.py for tasks to queue
[2024-08-17T22:12:17.861+0000] {logging_mixin.py:150} INFO - [2024-08-17T22:12:17.861+0000] {dagbag.py:541} INFO - Filling up the DagBag from /home/airflow/.local/lib/python3.7/site-packages/airflow/example_dags/example_branch_python_dop_operator_3.py
[2024-08-17T22:12:17.886+0000] {processor.py:836} INFO - DAG(s) dict_keys(['example_branch_dop_operator_v3']) retrieved from /home/airflow/.local/lib/python3.7/site-packages/airflow/example_dags/example_branch_python_dop_operator_3.py
[2024-08-17T22:12:17.971+0000] {logging_mixin.py:150} INFO - [2024-08-17T22:12:17.971+0000] {dag.py:2742} INFO - Sync 1 DAGs
[2024-08-17T22:12:18.079+0000] {logging_mixin.py:150} INFO - [2024-08-17T22:12:18.078+0000] {dag.py:3508} INFO - Setting next_dagrun for example_branch_dop_operator_v3 to 2024-08-17T22:11:00+00:00, run_after=2024-08-17T22:12:00+00:00
[2024-08-17T22:12:18.110+0000] {processor.py:179} INFO - Processing /home/airflow/.local/lib/python3.7/site-packages/airflow/example_dags/example_branch_python_dop_operator_3.py took 0.261 seconds
[2024-08-17T22:12:48.663+0000] {processor.py:157} INFO - Started process (PID=599) to work on /home/airflow/.local/lib/python3.7/site-packages/airflow/example_dags/example_branch_python_dop_operator_3.py
[2024-08-17T22:12:48.664+0000] {processor.py:826} INFO - Processing file /home/airflow/.local/lib/python3.7/site-packages/airflow/example_dags/example_branch_python_dop_operator_3.py for tasks to queue
[2024-08-17T22:12:48.665+0000] {logging_mixin.py:150} INFO - [2024-08-17T22:12:48.665+0000] {dagbag.py:541} INFO - Filling up the DagBag from /home/airflow/.local/lib/python3.7/site-packages/airflow/example_dags/example_branch_python_dop_operator_3.py
[2024-08-17T22:12:48.676+0000] {processor.py:836} INFO - DAG(s) dict_keys(['example_branch_dop_operator_v3']) retrieved from /home/airflow/.local/lib/python3.7/site-packages/airflow/example_dags/example_branch_python_dop_operator_3.py
[2024-08-17T22:12:48.707+0000] {logging_mixin.py:150} INFO - [2024-08-17T22:12:48.706+0000] {dag.py:2742} INFO - Sync 1 DAGs
[2024-08-17T22:12:48.746+0000] {logging_mixin.py:150} INFO - [2024-08-17T22:12:48.746+0000] {dag.py:3508} INFO - Setting next_dagrun for example_branch_dop_operator_v3 to 2024-08-17T22:11:00+00:00, run_after=2024-08-17T22:12:00+00:00
[2024-08-17T22:12:48.770+0000] {processor.py:179} INFO - Processing /home/airflow/.local/lib/python3.7/site-packages/airflow/example_dags/example_branch_python_dop_operator_3.py took 0.112 seconds
[2024-08-17T22:13:19.017+0000] {processor.py:157} INFO - Started process (PID=839) to work on /home/airflow/.local/lib/python3.7/site-packages/airflow/example_dags/example_branch_python_dop_operator_3.py
[2024-08-17T22:13:19.018+0000] {processor.py:826} INFO - Processing file /home/airflow/.local/lib/python3.7/site-packages/airflow/example_dags/example_branch_python_dop_operator_3.py for tasks to queue
[2024-08-17T22:13:19.019+0000] {logging_mixin.py:150} INFO - [2024-08-17T22:13:19.019+0000] {dagbag.py:541} INFO - Filling up the DagBag from /home/airflow/.local/lib/python3.7/site-packages/airflow/example_dags/example_branch_python_dop_operator_3.py
[2024-08-17T22:13:19.030+0000] {processor.py:836} INFO - DAG(s) dict_keys(['example_branch_dop_operator_v3']) retrieved from /home/airflow/.local/lib/python3.7/site-packages/airflow/example_dags/example_branch_python_dop_operator_3.py
[2024-08-17T22:13:19.060+0000] {logging_mixin.py:150} INFO - [2024-08-17T22:13:19.060+0000] {dag.py:2742} INFO - Sync 1 DAGs
[2024-08-17T22:13:19.097+0000] {logging_mixin.py:150} INFO - [2024-08-17T22:13:19.097+0000] {dag.py:3508} INFO - Setting next_dagrun for example_branch_dop_operator_v3 to 2024-08-17T22:12:00+00:00, run_after=2024-08-17T22:13:00+00:00
[2024-08-17T22:13:19.121+0000] {processor.py:179} INFO - Processing /home/airflow/.local/lib/python3.7/site-packages/airflow/example_dags/example_branch_python_dop_operator_3.py took 0.108 seconds
[2024-08-17T22:13:49.526+0000] {processor.py:157} INFO - Started process (PID=1075) to work on /home/airflow/.local/lib/python3.7/site-packages/airflow/example_dags/example_branch_python_dop_operator_3.py
[2024-08-17T22:13:49.527+0000] {processor.py:826} INFO - Processing file /home/airflow/.local/lib/python3.7/site-packages/airflow/example_dags/example_branch_python_dop_operator_3.py for tasks to queue
[2024-08-17T22:13:49.528+0000] {logging_mixin.py:150} INFO - [2024-08-17T22:13:49.528+0000] {dagbag.py:541} INFO - Filling up the DagBag from /home/airflow/.local/lib/python3.7/site-packages/airflow/example_dags/example_branch_python_dop_operator_3.py
[2024-08-17T22:13:49.539+0000] {processor.py:836} INFO - DAG(s) dict_keys(['example_branch_dop_operator_v3']) retrieved from /home/airflow/.local/lib/python3.7/site-packages/airflow/example_dags/example_branch_python_dop_operator_3.py
[2024-08-17T22:13:49.569+0000] {logging_mixin.py:150} INFO - [2024-08-17T22:13:49.569+0000] {dag.py:2742} INFO - Sync 1 DAGs
[2024-08-17T22:13:49.610+0000] {logging_mixin.py:150} INFO - [2024-08-17T22:13:49.609+0000] {dag.py:3508} INFO - Setting next_dagrun for example_branch_dop_operator_v3 to 2024-08-17T22:12:00+00:00, run_after=2024-08-17T22:13:00+00:00
[2024-08-17T22:13:49.634+0000] {processor.py:179} INFO - Processing /home/airflow/.local/lib/python3.7/site-packages/airflow/example_dags/example_branch_python_dop_operator_3.py took 0.112 seconds
[2024-08-17T22:14:19.967+0000] {processor.py:157} INFO - Started process (PID=1313) to work on /home/airflow/.local/lib/python3.7/site-packages/airflow/example_dags/example_branch_python_dop_operator_3.py
[2024-08-17T22:14:19.969+0000] {processor.py:826} INFO - Processing file /home/airflow/.local/lib/python3.7/site-packages/airflow/example_dags/example_branch_python_dop_operator_3.py for tasks to queue
[2024-08-17T22:14:19.970+0000] {logging_mixin.py:150} INFO - [2024-08-17T22:14:19.970+0000] {dagbag.py:541} INFO - Filling up the DagBag from /home/airflow/.local/lib/python3.7/site-packages/airflow/example_dags/example_branch_python_dop_operator_3.py
[2024-08-17T22:14:19.986+0000] {processor.py:836} INFO - DAG(s) dict_keys(['example_branch_dop_operator_v3']) retrieved from /home/airflow/.local/lib/python3.7/site-packages/airflow/example_dags/example_branch_python_dop_operator_3.py
[2024-08-17T22:14:20.025+0000] {logging_mixin.py:150} INFO - [2024-08-17T22:14:20.025+0000] {dag.py:2742} INFO - Sync 1 DAGs
[2024-08-17T22:14:20.069+0000] {logging_mixin.py:150} INFO - [2024-08-17T22:14:20.069+0000] {dag.py:3508} INFO - Setting next_dagrun for example_branch_dop_operator_v3 to 2024-08-17T22:13:00+00:00, run_after=2024-08-17T22:14:00+00:00
[2024-08-17T22:14:20.093+0000] {processor.py:179} INFO - Processing /home/airflow/.local/lib/python3.7/site-packages/airflow/example_dags/example_branch_python_dop_operator_3.py took 0.131 seconds
[2024-08-17T22:14:50.323+0000] {processor.py:157} INFO - Started process (PID=1551) to work on /home/airflow/.local/lib/python3.7/site-packages/airflow/example_dags/example_branch_python_dop_operator_3.py
[2024-08-17T22:14:50.325+0000] {processor.py:826} INFO - Processing file /home/airflow/.local/lib/python3.7/site-packages/airflow/example_dags/example_branch_python_dop_operator_3.py for tasks to queue
[2024-08-17T22:14:50.326+0000] {logging_mixin.py:150} INFO - [2024-08-17T22:14:50.326+0000] {dagbag.py:541} INFO - Filling up the DagBag from /home/airflow/.local/lib/python3.7/site-packages/airflow/example_dags/example_branch_python_dop_operator_3.py
[2024-08-17T22:14:50.339+0000] {processor.py:836} INFO - DAG(s) dict_keys(['example_branch_dop_operator_v3']) retrieved from /home/airflow/.local/lib/python3.7/site-packages/airflow/example_dags/example_branch_python_dop_operator_3.py
[2024-08-17T22:14:50.393+0000] {logging_mixin.py:150} INFO - [2024-08-17T22:14:50.393+0000] {dag.py:2742} INFO - Sync 1 DAGs
[2024-08-17T22:14:50.449+0000] {logging_mixin.py:150} INFO - [2024-08-17T22:14:50.449+0000] {dag.py:3508} INFO - Setting next_dagrun for example_branch_dop_operator_v3 to 2024-08-17T22:13:00+00:00, run_after=2024-08-17T22:14:00+00:00
[2024-08-17T22:14:50.477+0000] {processor.py:179} INFO - Processing /home/airflow/.local/lib/python3.7/site-packages/airflow/example_dags/example_branch_python_dop_operator_3.py took 0.160 seconds
[2024-08-17T22:15:21.354+0000] {processor.py:157} INFO - Started process (PID=1789) to work on /home/airflow/.local/lib/python3.7/site-packages/airflow/example_dags/example_branch_python_dop_operator_3.py
[2024-08-17T22:15:21.356+0000] {processor.py:826} INFO - Processing file /home/airflow/.local/lib/python3.7/site-packages/airflow/example_dags/example_branch_python_dop_operator_3.py for tasks to queue
[2024-08-17T22:15:21.357+0000] {logging_mixin.py:150} INFO - [2024-08-17T22:15:21.356+0000] {dagbag.py:541} INFO - Filling up the DagBag from /home/airflow/.local/lib/python3.7/site-packages/airflow/example_dags/example_branch_python_dop_operator_3.py
[2024-08-17T22:15:21.368+0000] {processor.py:836} INFO - DAG(s) dict_keys(['example_branch_dop_operator_v3']) retrieved from /home/airflow/.local/lib/python3.7/site-packages/airflow/example_dags/example_branch_python_dop_operator_3.py
[2024-08-17T22:15:21.402+0000] {logging_mixin.py:150} INFO - [2024-08-17T22:15:21.401+0000] {dag.py:2742} INFO - Sync 1 DAGs
[2024-08-17T22:15:21.439+0000] {logging_mixin.py:150} INFO - [2024-08-17T22:15:21.439+0000] {dag.py:3508} INFO - Setting next_dagrun for example_branch_dop_operator_v3 to 2024-08-17T22:14:00+00:00, run_after=2024-08-17T22:15:00+00:00
[2024-08-17T22:15:21.477+0000] {processor.py:179} INFO - Processing /home/airflow/.local/lib/python3.7/site-packages/airflow/example_dags/example_branch_python_dop_operator_3.py took 0.127 seconds
[2024-08-17T22:15:51.527+0000] {processor.py:157} INFO - Started process (PID=2024) to work on /home/airflow/.local/lib/python3.7/site-packages/airflow/example_dags/example_branch_python_dop_operator_3.py
[2024-08-17T22:15:51.528+0000] {processor.py:826} INFO - Processing file /home/airflow/.local/lib/python3.7/site-packages/airflow/example_dags/example_branch_python_dop_operator_3.py for tasks to queue
[2024-08-17T22:15:51.529+0000] {logging_mixin.py:150} INFO - [2024-08-17T22:15:51.529+0000] {dagbag.py:541} INFO - Filling up the DagBag from /home/airflow/.local/lib/python3.7/site-packages/airflow/example_dags/example_branch_python_dop_operator_3.py
[2024-08-17T22:15:51.541+0000] {processor.py:836} INFO - DAG(s) dict_keys(['example_branch_dop_operator_v3']) retrieved from /home/airflow/.local/lib/python3.7/site-packages/airflow/example_dags/example_branch_python_dop_operator_3.py
[2024-08-17T22:15:51.572+0000] {logging_mixin.py:150} INFO - [2024-08-17T22:15:51.572+0000] {dag.py:2742} INFO - Sync 1 DAGs
[2024-08-17T22:15:51.609+0000] {logging_mixin.py:150} INFO - [2024-08-17T22:15:51.608+0000] {dag.py:3508} INFO - Setting next_dagrun for example_branch_dop_operator_v3 to 2024-08-17T22:14:00+00:00, run_after=2024-08-17T22:15:00+00:00
[2024-08-17T22:15:51.632+0000] {processor.py:179} INFO - Processing /home/airflow/.local/lib/python3.7/site-packages/airflow/example_dags/example_branch_python_dop_operator_3.py took 0.111 seconds
[2024-08-17T22:16:21.895+0000] {processor.py:157} INFO - Started process (PID=2262) to work on /home/airflow/.local/lib/python3.7/site-packages/airflow/example_dags/example_branch_python_dop_operator_3.py
[2024-08-17T22:16:21.896+0000] {processor.py:826} INFO - Processing file /home/airflow/.local/lib/python3.7/site-packages/airflow/example_dags/example_branch_python_dop_operator_3.py for tasks to queue
[2024-08-17T22:16:21.898+0000] {logging_mixin.py:150} INFO - [2024-08-17T22:16:21.898+0000] {dagbag.py:541} INFO - Filling up the DagBag from /home/airflow/.local/lib/python3.7/site-packages/airflow/example_dags/example_branch_python_dop_operator_3.py
[2024-08-17T22:16:21.915+0000] {processor.py:836} INFO - DAG(s) dict_keys(['example_branch_dop_operator_v3']) retrieved from /home/airflow/.local/lib/python3.7/site-packages/airflow/example_dags/example_branch_python_dop_operator_3.py
[2024-08-17T22:16:21.946+0000] {logging_mixin.py:150} INFO - [2024-08-17T22:16:21.946+0000] {dag.py:2742} INFO - Sync 1 DAGs
[2024-08-17T22:16:22.013+0000] {logging_mixin.py:150} INFO - [2024-08-17T22:16:22.013+0000] {dag.py:3508} INFO - Setting next_dagrun for example_branch_dop_operator_v3 to 2024-08-17T22:15:00+00:00, run_after=2024-08-17T22:16:00+00:00
[2024-08-17T22:16:22.041+0000] {processor.py:179} INFO - Processing /home/airflow/.local/lib/python3.7/site-packages/airflow/example_dags/example_branch_python_dop_operator_3.py took 0.156 seconds
