[2024-08-17T22:04:01.697+0000] {processor.py:157} INFO - Started process (PID=362) to work on /home/airflow/.local/lib/python3.7/site-packages/airflow/example_dags/example_kubernetes_executor.py
[2024-08-17T22:04:01.698+0000] {processor.py:826} INFO - Processing file /home/airflow/.local/lib/python3.7/site-packages/airflow/example_dags/example_kubernetes_executor.py for tasks to queue
[2024-08-17T22:04:01.699+0000] {logging_mixin.py:150} INFO - [2024-08-17T22:04:01.699+0000] {dagbag.py:541} INFO - Filling up the DagBag from /home/airflow/.local/lib/python3.7/site-packages/airflow/example_dags/example_kubernetes_executor.py
[2024-08-17T22:04:02.048+0000] {processor.py:836} INFO - DAG(s) dict_keys(['example_kubernetes_executor']) retrieved from /home/airflow/.local/lib/python3.7/site-packages/airflow/example_dags/example_kubernetes_executor.py
[2024-08-17T22:04:02.086+0000] {logging_mixin.py:150} INFO - [2024-08-17T22:04:02.085+0000] {dag.py:2742} INFO - Sync 1 DAGs
[2024-08-17T22:04:02.177+0000] {logging_mixin.py:150} INFO - [2024-08-17T22:04:02.177+0000] {dag.py:2763} INFO - Creating ORM DAG for example_kubernetes_executor
[2024-08-17T22:04:02.232+0000] {logging_mixin.py:150} INFO - [2024-08-17T22:04:02.231+0000] {dag.py:3508} INFO - Setting next_dagrun for example_kubernetes_executor to None, run_after=None
[2024-08-17T22:04:02.265+0000] {processor.py:179} INFO - Processing /home/airflow/.local/lib/python3.7/site-packages/airflow/example_dags/example_kubernetes_executor.py took 0.588 seconds
[2024-08-17T22:04:32.582+0000] {processor.py:157} INFO - Started process (PID=600) to work on /home/airflow/.local/lib/python3.7/site-packages/airflow/example_dags/example_kubernetes_executor.py
[2024-08-17T22:04:32.584+0000] {processor.py:826} INFO - Processing file /home/airflow/.local/lib/python3.7/site-packages/airflow/example_dags/example_kubernetes_executor.py for tasks to queue
[2024-08-17T22:04:32.585+0000] {logging_mixin.py:150} INFO - [2024-08-17T22:04:32.584+0000] {dagbag.py:541} INFO - Filling up the DagBag from /home/airflow/.local/lib/python3.7/site-packages/airflow/example_dags/example_kubernetes_executor.py
[2024-08-17T22:04:33.149+0000] {processor.py:836} INFO - DAG(s) dict_keys(['example_kubernetes_executor']) retrieved from /home/airflow/.local/lib/python3.7/site-packages/airflow/example_dags/example_kubernetes_executor.py
[2024-08-17T22:04:33.194+0000] {logging_mixin.py:150} INFO - [2024-08-17T22:04:33.194+0000] {dag.py:2742} INFO - Sync 1 DAGs
[2024-08-17T22:04:33.231+0000] {logging_mixin.py:150} INFO - [2024-08-17T22:04:33.231+0000] {dag.py:3508} INFO - Setting next_dagrun for example_kubernetes_executor to None, run_after=None
[2024-08-17T22:04:33.256+0000] {processor.py:179} INFO - Processing /home/airflow/.local/lib/python3.7/site-packages/airflow/example_dags/example_kubernetes_executor.py took 0.678 seconds
[2024-08-17T22:05:03.382+0000] {processor.py:157} INFO - Started process (PID=838) to work on /home/airflow/.local/lib/python3.7/site-packages/airflow/example_dags/example_kubernetes_executor.py
[2024-08-17T22:05:03.383+0000] {processor.py:826} INFO - Processing file /home/airflow/.local/lib/python3.7/site-packages/airflow/example_dags/example_kubernetes_executor.py for tasks to queue
[2024-08-17T22:05:03.384+0000] {logging_mixin.py:150} INFO - [2024-08-17T22:05:03.384+0000] {dagbag.py:541} INFO - Filling up the DagBag from /home/airflow/.local/lib/python3.7/site-packages/airflow/example_dags/example_kubernetes_executor.py
[2024-08-17T22:05:03.676+0000] {processor.py:836} INFO - DAG(s) dict_keys(['example_kubernetes_executor']) retrieved from /home/airflow/.local/lib/python3.7/site-packages/airflow/example_dags/example_kubernetes_executor.py
[2024-08-17T22:05:03.743+0000] {logging_mixin.py:150} INFO - [2024-08-17T22:05:03.742+0000] {dag.py:2742} INFO - Sync 1 DAGs
[2024-08-17T22:05:03.782+0000] {logging_mixin.py:150} INFO - [2024-08-17T22:05:03.782+0000] {dag.py:3508} INFO - Setting next_dagrun for example_kubernetes_executor to None, run_after=None
[2024-08-17T22:05:03.818+0000] {processor.py:179} INFO - Processing /home/airflow/.local/lib/python3.7/site-packages/airflow/example_dags/example_kubernetes_executor.py took 0.440 seconds
[2024-08-17T22:05:40.094+0000] {processor.py:157} INFO - Started process (PID=1076) to work on /home/airflow/.local/lib/python3.7/site-packages/airflow/example_dags/example_kubernetes_executor.py
[2024-08-17T22:05:40.096+0000] {processor.py:826} INFO - Processing file /home/airflow/.local/lib/python3.7/site-packages/airflow/example_dags/example_kubernetes_executor.py for tasks to queue
[2024-08-17T22:05:40.097+0000] {logging_mixin.py:150} INFO - [2024-08-17T22:05:40.097+0000] {dagbag.py:541} INFO - Filling up the DagBag from /home/airflow/.local/lib/python3.7/site-packages/airflow/example_dags/example_kubernetes_executor.py
[2024-08-17T22:05:40.952+0000] {processor.py:836} INFO - DAG(s) dict_keys(['example_kubernetes_executor']) retrieved from /home/airflow/.local/lib/python3.7/site-packages/airflow/example_dags/example_kubernetes_executor.py
[2024-08-17T22:05:41.361+0000] {logging_mixin.py:150} INFO - [2024-08-17T22:05:41.360+0000] {dag.py:2742} INFO - Sync 1 DAGs
[2024-08-17T22:05:41.560+0000] {logging_mixin.py:150} INFO - [2024-08-17T22:05:41.559+0000] {dag.py:3508} INFO - Setting next_dagrun for example_kubernetes_executor to None, run_after=None
[2024-08-17T22:05:41.650+0000] {processor.py:179} INFO - Processing /home/airflow/.local/lib/python3.7/site-packages/airflow/example_dags/example_kubernetes_executor.py took 1.562 seconds
[2024-08-17T22:06:12.354+0000] {processor.py:157} INFO - Started process (PID=1314) to work on /home/airflow/.local/lib/python3.7/site-packages/airflow/example_dags/example_kubernetes_executor.py
[2024-08-17T22:06:12.356+0000] {processor.py:826} INFO - Processing file /home/airflow/.local/lib/python3.7/site-packages/airflow/example_dags/example_kubernetes_executor.py for tasks to queue
[2024-08-17T22:06:12.359+0000] {logging_mixin.py:150} INFO - [2024-08-17T22:06:12.358+0000] {dagbag.py:541} INFO - Filling up the DagBag from /home/airflow/.local/lib/python3.7/site-packages/airflow/example_dags/example_kubernetes_executor.py
[2024-08-17T22:06:12.622+0000] {processor.py:836} INFO - DAG(s) dict_keys(['example_kubernetes_executor']) retrieved from /home/airflow/.local/lib/python3.7/site-packages/airflow/example_dags/example_kubernetes_executor.py
[2024-08-17T22:06:12.678+0000] {logging_mixin.py:150} INFO - [2024-08-17T22:06:12.678+0000] {dag.py:2742} INFO - Sync 1 DAGs
[2024-08-17T22:06:12.714+0000] {logging_mixin.py:150} INFO - [2024-08-17T22:06:12.714+0000] {dag.py:3508} INFO - Setting next_dagrun for example_kubernetes_executor to None, run_after=None
[2024-08-17T22:06:12.743+0000] {processor.py:179} INFO - Processing /home/airflow/.local/lib/python3.7/site-packages/airflow/example_dags/example_kubernetes_executor.py took 0.393 seconds
[2024-08-17T22:06:43.593+0000] {processor.py:157} INFO - Started process (PID=1552) to work on /home/airflow/.local/lib/python3.7/site-packages/airflow/example_dags/example_kubernetes_executor.py
[2024-08-17T22:06:43.596+0000] {processor.py:826} INFO - Processing file /home/airflow/.local/lib/python3.7/site-packages/airflow/example_dags/example_kubernetes_executor.py for tasks to queue
[2024-08-17T22:06:43.599+0000] {logging_mixin.py:150} INFO - [2024-08-17T22:06:43.599+0000] {dagbag.py:541} INFO - Filling up the DagBag from /home/airflow/.local/lib/python3.7/site-packages/airflow/example_dags/example_kubernetes_executor.py
[2024-08-17T22:06:44.033+0000] {processor.py:836} INFO - DAG(s) dict_keys(['example_kubernetes_executor']) retrieved from /home/airflow/.local/lib/python3.7/site-packages/airflow/example_dags/example_kubernetes_executor.py
[2024-08-17T22:06:44.114+0000] {logging_mixin.py:150} INFO - [2024-08-17T22:06:44.114+0000] {dag.py:2742} INFO - Sync 1 DAGs
[2024-08-17T22:06:44.164+0000] {logging_mixin.py:150} INFO - [2024-08-17T22:06:44.164+0000] {dag.py:3508} INFO - Setting next_dagrun for example_kubernetes_executor to None, run_after=None
[2024-08-17T22:06:44.212+0000] {processor.py:179} INFO - Processing /home/airflow/.local/lib/python3.7/site-packages/airflow/example_dags/example_kubernetes_executor.py took 0.628 seconds
[2024-08-17T22:07:14.844+0000] {processor.py:157} INFO - Started process (PID=1790) to work on /home/airflow/.local/lib/python3.7/site-packages/airflow/example_dags/example_kubernetes_executor.py
[2024-08-17T22:07:14.846+0000] {processor.py:826} INFO - Processing file /home/airflow/.local/lib/python3.7/site-packages/airflow/example_dags/example_kubernetes_executor.py for tasks to queue
[2024-08-17T22:07:14.848+0000] {logging_mixin.py:150} INFO - [2024-08-17T22:07:14.848+0000] {dagbag.py:541} INFO - Filling up the DagBag from /home/airflow/.local/lib/python3.7/site-packages/airflow/example_dags/example_kubernetes_executor.py
[2024-08-17T22:07:15.086+0000] {processor.py:836} INFO - DAG(s) dict_keys(['example_kubernetes_executor']) retrieved from /home/airflow/.local/lib/python3.7/site-packages/airflow/example_dags/example_kubernetes_executor.py
[2024-08-17T22:07:15.137+0000] {logging_mixin.py:150} INFO - [2024-08-17T22:07:15.137+0000] {dag.py:2742} INFO - Sync 1 DAGs
[2024-08-17T22:07:15.172+0000] {logging_mixin.py:150} INFO - [2024-08-17T22:07:15.171+0000] {dag.py:3508} INFO - Setting next_dagrun for example_kubernetes_executor to None, run_after=None
[2024-08-17T22:07:15.197+0000] {processor.py:179} INFO - Processing /home/airflow/.local/lib/python3.7/site-packages/airflow/example_dags/example_kubernetes_executor.py took 0.357 seconds
[2024-08-17T22:07:47.047+0000] {processor.py:157} INFO - Started process (PID=2038) to work on /home/airflow/.local/lib/python3.7/site-packages/airflow/example_dags/example_kubernetes_executor.py
[2024-08-17T22:07:47.099+0000] {processor.py:826} INFO - Processing file /home/airflow/.local/lib/python3.7/site-packages/airflow/example_dags/example_kubernetes_executor.py for tasks to queue
[2024-08-17T22:07:47.126+0000] {logging_mixin.py:150} INFO - [2024-08-17T22:07:47.125+0000] {dagbag.py:541} INFO - Filling up the DagBag from /home/airflow/.local/lib/python3.7/site-packages/airflow/example_dags/example_kubernetes_executor.py
[2024-08-17T22:07:52.941+0000] {processor.py:836} INFO - DAG(s) dict_keys(['example_kubernetes_executor']) retrieved from /home/airflow/.local/lib/python3.7/site-packages/airflow/example_dags/example_kubernetes_executor.py
[2024-08-17T22:07:54.735+0000] {logging_mixin.py:150} INFO - [2024-08-17T22:07:54.727+0000] {dag.py:2742} INFO - Sync 1 DAGs
[2024-08-17T22:07:55.012+0000] {logging_mixin.py:150} INFO - [2024-08-17T22:07:55.011+0000] {dag.py:3508} INFO - Setting next_dagrun for example_kubernetes_executor to None, run_after=None
[2024-08-17T22:07:55.124+0000] {processor.py:179} INFO - Processing /home/airflow/.local/lib/python3.7/site-packages/airflow/example_dags/example_kubernetes_executor.py took 8.298 seconds
[2024-08-17T22:08:25.434+0000] {processor.py:157} INFO - Started process (PID=2398) to work on /home/airflow/.local/lib/python3.7/site-packages/airflow/example_dags/example_kubernetes_executor.py
[2024-08-17T22:08:25.436+0000] {processor.py:826} INFO - Processing file /home/airflow/.local/lib/python3.7/site-packages/airflow/example_dags/example_kubernetes_executor.py for tasks to queue
[2024-08-17T22:08:25.438+0000] {logging_mixin.py:150} INFO - [2024-08-17T22:08:25.437+0000] {dagbag.py:541} INFO - Filling up the DagBag from /home/airflow/.local/lib/python3.7/site-packages/airflow/example_dags/example_kubernetes_executor.py
[2024-08-17T22:08:25.679+0000] {processor.py:836} INFO - DAG(s) dict_keys(['example_kubernetes_executor']) retrieved from /home/airflow/.local/lib/python3.7/site-packages/airflow/example_dags/example_kubernetes_executor.py
[2024-08-17T22:08:25.735+0000] {logging_mixin.py:150} INFO - [2024-08-17T22:08:25.735+0000] {dag.py:2742} INFO - Sync 1 DAGs
[2024-08-17T22:08:25.771+0000] {logging_mixin.py:150} INFO - [2024-08-17T22:08:25.771+0000] {dag.py:3508} INFO - Setting next_dagrun for example_kubernetes_executor to None, run_after=None
[2024-08-17T22:08:25.804+0000] {processor.py:179} INFO - Processing /home/airflow/.local/lib/python3.7/site-packages/airflow/example_dags/example_kubernetes_executor.py took 0.372 seconds
[2024-08-17T22:08:56.838+0000] {processor.py:157} INFO - Started process (PID=2636) to work on /home/airflow/.local/lib/python3.7/site-packages/airflow/example_dags/example_kubernetes_executor.py
[2024-08-17T22:08:56.839+0000] {processor.py:826} INFO - Processing file /home/airflow/.local/lib/python3.7/site-packages/airflow/example_dags/example_kubernetes_executor.py for tasks to queue
[2024-08-17T22:08:56.840+0000] {logging_mixin.py:150} INFO - [2024-08-17T22:08:56.840+0000] {dagbag.py:541} INFO - Filling up the DagBag from /home/airflow/.local/lib/python3.7/site-packages/airflow/example_dags/example_kubernetes_executor.py
[2024-08-17T22:08:57.060+0000] {processor.py:836} INFO - DAG(s) dict_keys(['example_kubernetes_executor']) retrieved from /home/airflow/.local/lib/python3.7/site-packages/airflow/example_dags/example_kubernetes_executor.py
[2024-08-17T22:08:57.108+0000] {logging_mixin.py:150} INFO - [2024-08-17T22:08:57.107+0000] {dag.py:2742} INFO - Sync 1 DAGs
[2024-08-17T22:08:57.142+0000] {logging_mixin.py:150} INFO - [2024-08-17T22:08:57.142+0000] {dag.py:3508} INFO - Setting next_dagrun for example_kubernetes_executor to None, run_after=None
[2024-08-17T22:08:57.171+0000] {processor.py:179} INFO - Processing /home/airflow/.local/lib/python3.7/site-packages/airflow/example_dags/example_kubernetes_executor.py took 0.337 seconds
[2024-08-17T22:09:27.228+0000] {processor.py:157} INFO - Started process (PID=2874) to work on /home/airflow/.local/lib/python3.7/site-packages/airflow/example_dags/example_kubernetes_executor.py
[2024-08-17T22:09:27.230+0000] {processor.py:826} INFO - Processing file /home/airflow/.local/lib/python3.7/site-packages/airflow/example_dags/example_kubernetes_executor.py for tasks to queue
[2024-08-17T22:09:27.231+0000] {logging_mixin.py:150} INFO - [2024-08-17T22:09:27.231+0000] {dagbag.py:541} INFO - Filling up the DagBag from /home/airflow/.local/lib/python3.7/site-packages/airflow/example_dags/example_kubernetes_executor.py
[2024-08-17T22:09:27.480+0000] {processor.py:836} INFO - DAG(s) dict_keys(['example_kubernetes_executor']) retrieved from /home/airflow/.local/lib/python3.7/site-packages/airflow/example_dags/example_kubernetes_executor.py
[2024-08-17T22:09:27.537+0000] {logging_mixin.py:150} INFO - [2024-08-17T22:09:27.537+0000] {dag.py:2742} INFO - Sync 1 DAGs
[2024-08-17T22:09:27.573+0000] {logging_mixin.py:150} INFO - [2024-08-17T22:09:27.573+0000] {dag.py:3508} INFO - Setting next_dagrun for example_kubernetes_executor to None, run_after=None
[2024-08-17T22:09:27.602+0000] {processor.py:179} INFO - Processing /home/airflow/.local/lib/python3.7/site-packages/airflow/example_dags/example_kubernetes_executor.py took 0.379 seconds
[2024-08-17T22:09:58.495+0000] {processor.py:157} INFO - Started process (PID=3112) to work on /home/airflow/.local/lib/python3.7/site-packages/airflow/example_dags/example_kubernetes_executor.py
[2024-08-17T22:09:58.496+0000] {processor.py:826} INFO - Processing file /home/airflow/.local/lib/python3.7/site-packages/airflow/example_dags/example_kubernetes_executor.py for tasks to queue
[2024-08-17T22:09:58.498+0000] {logging_mixin.py:150} INFO - [2024-08-17T22:09:58.497+0000] {dagbag.py:541} INFO - Filling up the DagBag from /home/airflow/.local/lib/python3.7/site-packages/airflow/example_dags/example_kubernetes_executor.py
[2024-08-17T22:09:58.739+0000] {processor.py:836} INFO - DAG(s) dict_keys(['example_kubernetes_executor']) retrieved from /home/airflow/.local/lib/python3.7/site-packages/airflow/example_dags/example_kubernetes_executor.py
[2024-08-17T22:09:58.788+0000] {logging_mixin.py:150} INFO - [2024-08-17T22:09:58.788+0000] {dag.py:2742} INFO - Sync 1 DAGs
[2024-08-17T22:09:58.829+0000] {logging_mixin.py:150} INFO - [2024-08-17T22:09:58.828+0000] {dag.py:3508} INFO - Setting next_dagrun for example_kubernetes_executor to None, run_after=None
[2024-08-17T22:09:58.854+0000] {processor.py:179} INFO - Processing /home/airflow/.local/lib/python3.7/site-packages/airflow/example_dags/example_kubernetes_executor.py took 0.363 seconds
[2024-08-17T22:10:29.823+0000] {processor.py:157} INFO - Started process (PID=3350) to work on /home/airflow/.local/lib/python3.7/site-packages/airflow/example_dags/example_kubernetes_executor.py
[2024-08-17T22:10:29.827+0000] {processor.py:826} INFO - Processing file /home/airflow/.local/lib/python3.7/site-packages/airflow/example_dags/example_kubernetes_executor.py for tasks to queue
[2024-08-17T22:10:29.832+0000] {logging_mixin.py:150} INFO - [2024-08-17T22:10:29.831+0000] {dagbag.py:541} INFO - Filling up the DagBag from /home/airflow/.local/lib/python3.7/site-packages/airflow/example_dags/example_kubernetes_executor.py
[2024-08-17T22:10:30.669+0000] {processor.py:836} INFO - DAG(s) dict_keys(['example_kubernetes_executor']) retrieved from /home/airflow/.local/lib/python3.7/site-packages/airflow/example_dags/example_kubernetes_executor.py
[2024-08-17T22:10:30.809+0000] {logging_mixin.py:150} INFO - [2024-08-17T22:10:30.809+0000] {dag.py:2742} INFO - Sync 1 DAGs
[2024-08-17T22:10:30.898+0000] {logging_mixin.py:150} INFO - [2024-08-17T22:10:30.897+0000] {dag.py:3508} INFO - Setting next_dagrun for example_kubernetes_executor to None, run_after=None
[2024-08-17T22:10:30.995+0000] {processor.py:179} INFO - Processing /home/airflow/.local/lib/python3.7/site-packages/airflow/example_dags/example_kubernetes_executor.py took 1.182 seconds
[2024-08-17T22:11:01.420+0000] {processor.py:157} INFO - Started process (PID=3588) to work on /home/airflow/.local/lib/python3.7/site-packages/airflow/example_dags/example_kubernetes_executor.py
[2024-08-17T22:11:01.422+0000] {processor.py:826} INFO - Processing file /home/airflow/.local/lib/python3.7/site-packages/airflow/example_dags/example_kubernetes_executor.py for tasks to queue
[2024-08-17T22:11:01.424+0000] {logging_mixin.py:150} INFO - [2024-08-17T22:11:01.423+0000] {dagbag.py:541} INFO - Filling up the DagBag from /home/airflow/.local/lib/python3.7/site-packages/airflow/example_dags/example_kubernetes_executor.py
[2024-08-17T22:11:01.766+0000] {processor.py:836} INFO - DAG(s) dict_keys(['example_kubernetes_executor']) retrieved from /home/airflow/.local/lib/python3.7/site-packages/airflow/example_dags/example_kubernetes_executor.py
[2024-08-17T22:11:01.824+0000] {logging_mixin.py:150} INFO - [2024-08-17T22:11:01.824+0000] {dag.py:2742} INFO - Sync 1 DAGs
[2024-08-17T22:11:01.868+0000] {logging_mixin.py:150} INFO - [2024-08-17T22:11:01.868+0000] {dag.py:3508} INFO - Setting next_dagrun for example_kubernetes_executor to None, run_after=None
[2024-08-17T22:11:01.908+0000] {processor.py:179} INFO - Processing /home/airflow/.local/lib/python3.7/site-packages/airflow/example_dags/example_kubernetes_executor.py took 0.495 seconds
[2024-08-17T22:12:17.676+0000] {processor.py:157} INFO - Started process (PID=361) to work on /home/airflow/.local/lib/python3.7/site-packages/airflow/example_dags/example_kubernetes_executor.py
[2024-08-17T22:12:17.678+0000] {processor.py:826} INFO - Processing file /home/airflow/.local/lib/python3.7/site-packages/airflow/example_dags/example_kubernetes_executor.py for tasks to queue
[2024-08-17T22:12:17.680+0000] {logging_mixin.py:150} INFO - [2024-08-17T22:12:17.680+0000] {dagbag.py:541} INFO - Filling up the DagBag from /home/airflow/.local/lib/python3.7/site-packages/airflow/example_dags/example_kubernetes_executor.py
[2024-08-17T22:12:18.131+0000] {processor.py:836} INFO - DAG(s) dict_keys(['example_kubernetes_executor']) retrieved from /home/airflow/.local/lib/python3.7/site-packages/airflow/example_dags/example_kubernetes_executor.py
[2024-08-17T22:12:18.437+0000] {logging_mixin.py:150} INFO - [2024-08-17T22:12:18.436+0000] {dag.py:2742} INFO - Sync 1 DAGs
[2024-08-17T22:12:18.552+0000] {logging_mixin.py:150} INFO - [2024-08-17T22:12:18.552+0000] {dag.py:3508} INFO - Setting next_dagrun for example_kubernetes_executor to None, run_after=None
[2024-08-17T22:12:18.636+0000] {processor.py:179} INFO - Processing /home/airflow/.local/lib/python3.7/site-packages/airflow/example_dags/example_kubernetes_executor.py took 0.966 seconds
[2024-08-17T22:12:48.730+0000] {processor.py:157} INFO - Started process (PID=604) to work on /home/airflow/.local/lib/python3.7/site-packages/airflow/example_dags/example_kubernetes_executor.py
[2024-08-17T22:12:48.732+0000] {processor.py:826} INFO - Processing file /home/airflow/.local/lib/python3.7/site-packages/airflow/example_dags/example_kubernetes_executor.py for tasks to queue
[2024-08-17T22:12:48.734+0000] {logging_mixin.py:150} INFO - [2024-08-17T22:12:48.734+0000] {dagbag.py:541} INFO - Filling up the DagBag from /home/airflow/.local/lib/python3.7/site-packages/airflow/example_dags/example_kubernetes_executor.py
[2024-08-17T22:12:48.977+0000] {processor.py:836} INFO - DAG(s) dict_keys(['example_kubernetes_executor']) retrieved from /home/airflow/.local/lib/python3.7/site-packages/airflow/example_dags/example_kubernetes_executor.py
[2024-08-17T22:12:49.024+0000] {logging_mixin.py:150} INFO - [2024-08-17T22:12:49.024+0000] {dag.py:2742} INFO - Sync 1 DAGs
[2024-08-17T22:12:49.057+0000] {logging_mixin.py:150} INFO - [2024-08-17T22:12:49.057+0000] {dag.py:3508} INFO - Setting next_dagrun for example_kubernetes_executor to None, run_after=None
[2024-08-17T22:12:49.081+0000] {processor.py:179} INFO - Processing /home/airflow/.local/lib/python3.7/site-packages/airflow/example_dags/example_kubernetes_executor.py took 0.355 seconds
[2024-08-17T22:13:19.200+0000] {processor.py:157} INFO - Started process (PID=854) to work on /home/airflow/.local/lib/python3.7/site-packages/airflow/example_dags/example_kubernetes_executor.py
[2024-08-17T22:13:19.201+0000] {processor.py:826} INFO - Processing file /home/airflow/.local/lib/python3.7/site-packages/airflow/example_dags/example_kubernetes_executor.py for tasks to queue
[2024-08-17T22:13:19.202+0000] {logging_mixin.py:150} INFO - [2024-08-17T22:13:19.202+0000] {dagbag.py:541} INFO - Filling up the DagBag from /home/airflow/.local/lib/python3.7/site-packages/airflow/example_dags/example_kubernetes_executor.py
[2024-08-17T22:13:19.419+0000] {processor.py:836} INFO - DAG(s) dict_keys(['example_kubernetes_executor']) retrieved from /home/airflow/.local/lib/python3.7/site-packages/airflow/example_dags/example_kubernetes_executor.py
[2024-08-17T22:13:19.465+0000] {logging_mixin.py:150} INFO - [2024-08-17T22:13:19.465+0000] {dag.py:2742} INFO - Sync 1 DAGs
[2024-08-17T22:13:19.521+0000] {logging_mixin.py:150} INFO - [2024-08-17T22:13:19.521+0000] {dag.py:3508} INFO - Setting next_dagrun for example_kubernetes_executor to None, run_after=None
[2024-08-17T22:13:19.544+0000] {processor.py:179} INFO - Processing /home/airflow/.local/lib/python3.7/site-packages/airflow/example_dags/example_kubernetes_executor.py took 0.348 seconds
[2024-08-17T22:13:49.667+0000] {processor.py:157} INFO - Started process (PID=1090) to work on /home/airflow/.local/lib/python3.7/site-packages/airflow/example_dags/example_kubernetes_executor.py
[2024-08-17T22:13:49.668+0000] {processor.py:826} INFO - Processing file /home/airflow/.local/lib/python3.7/site-packages/airflow/example_dags/example_kubernetes_executor.py for tasks to queue
[2024-08-17T22:13:49.669+0000] {logging_mixin.py:150} INFO - [2024-08-17T22:13:49.669+0000] {dagbag.py:541} INFO - Filling up the DagBag from /home/airflow/.local/lib/python3.7/site-packages/airflow/example_dags/example_kubernetes_executor.py
[2024-08-17T22:13:49.885+0000] {processor.py:836} INFO - DAG(s) dict_keys(['example_kubernetes_executor']) retrieved from /home/airflow/.local/lib/python3.7/site-packages/airflow/example_dags/example_kubernetes_executor.py
[2024-08-17T22:13:49.931+0000] {logging_mixin.py:150} INFO - [2024-08-17T22:13:49.931+0000] {dag.py:2742} INFO - Sync 1 DAGs
[2024-08-17T22:13:49.963+0000] {logging_mixin.py:150} INFO - [2024-08-17T22:13:49.963+0000] {dag.py:3508} INFO - Setting next_dagrun for example_kubernetes_executor to None, run_after=None
[2024-08-17T22:13:49.986+0000] {processor.py:179} INFO - Processing /home/airflow/.local/lib/python3.7/site-packages/airflow/example_dags/example_kubernetes_executor.py took 0.324 seconds
[2024-08-17T22:14:20.215+0000] {processor.py:157} INFO - Started process (PID=1335) to work on /home/airflow/.local/lib/python3.7/site-packages/airflow/example_dags/example_kubernetes_executor.py
[2024-08-17T22:14:20.217+0000] {processor.py:826} INFO - Processing file /home/airflow/.local/lib/python3.7/site-packages/airflow/example_dags/example_kubernetes_executor.py for tasks to queue
[2024-08-17T22:14:20.218+0000] {logging_mixin.py:150} INFO - [2024-08-17T22:14:20.217+0000] {dagbag.py:541} INFO - Filling up the DagBag from /home/airflow/.local/lib/python3.7/site-packages/airflow/example_dags/example_kubernetes_executor.py
[2024-08-17T22:14:20.451+0000] {processor.py:836} INFO - DAG(s) dict_keys(['example_kubernetes_executor']) retrieved from /home/airflow/.local/lib/python3.7/site-packages/airflow/example_dags/example_kubernetes_executor.py
[2024-08-17T22:14:20.505+0000] {logging_mixin.py:150} INFO - [2024-08-17T22:14:20.505+0000] {dag.py:2742} INFO - Sync 1 DAGs
[2024-08-17T22:14:20.535+0000] {logging_mixin.py:150} INFO - [2024-08-17T22:14:20.535+0000] {dag.py:3508} INFO - Setting next_dagrun for example_kubernetes_executor to None, run_after=None
[2024-08-17T22:14:20.561+0000] {processor.py:179} INFO - Processing /home/airflow/.local/lib/python3.7/site-packages/airflow/example_dags/example_kubernetes_executor.py took 0.351 seconds
[2024-08-17T22:14:51.571+0000] {processor.py:157} INFO - Started process (PID=1573) to work on /home/airflow/.local/lib/python3.7/site-packages/airflow/example_dags/example_kubernetes_executor.py
[2024-08-17T22:14:51.573+0000] {processor.py:826} INFO - Processing file /home/airflow/.local/lib/python3.7/site-packages/airflow/example_dags/example_kubernetes_executor.py for tasks to queue
[2024-08-17T22:14:51.575+0000] {logging_mixin.py:150} INFO - [2024-08-17T22:14:51.574+0000] {dagbag.py:541} INFO - Filling up the DagBag from /home/airflow/.local/lib/python3.7/site-packages/airflow/example_dags/example_kubernetes_executor.py
[2024-08-17T22:14:51.830+0000] {processor.py:836} INFO - DAG(s) dict_keys(['example_kubernetes_executor']) retrieved from /home/airflow/.local/lib/python3.7/site-packages/airflow/example_dags/example_kubernetes_executor.py
[2024-08-17T22:14:51.876+0000] {logging_mixin.py:150} INFO - [2024-08-17T22:14:51.876+0000] {dag.py:2742} INFO - Sync 1 DAGs
[2024-08-17T22:14:51.910+0000] {logging_mixin.py:150} INFO - [2024-08-17T22:14:51.909+0000] {dag.py:3508} INFO - Setting next_dagrun for example_kubernetes_executor to None, run_after=None
[2024-08-17T22:14:51.934+0000] {processor.py:179} INFO - Processing /home/airflow/.local/lib/python3.7/site-packages/airflow/example_dags/example_kubernetes_executor.py took 0.369 seconds
[2024-08-17T22:15:22.753+0000] {processor.py:157} INFO - Started process (PID=1811) to work on /home/airflow/.local/lib/python3.7/site-packages/airflow/example_dags/example_kubernetes_executor.py
[2024-08-17T22:15:22.754+0000] {processor.py:826} INFO - Processing file /home/airflow/.local/lib/python3.7/site-packages/airflow/example_dags/example_kubernetes_executor.py for tasks to queue
[2024-08-17T22:15:22.755+0000] {logging_mixin.py:150} INFO - [2024-08-17T22:15:22.754+0000] {dagbag.py:541} INFO - Filling up the DagBag from /home/airflow/.local/lib/python3.7/site-packages/airflow/example_dags/example_kubernetes_executor.py
[2024-08-17T22:15:22.979+0000] {processor.py:836} INFO - DAG(s) dict_keys(['example_kubernetes_executor']) retrieved from /home/airflow/.local/lib/python3.7/site-packages/airflow/example_dags/example_kubernetes_executor.py
[2024-08-17T22:15:23.024+0000] {logging_mixin.py:150} INFO - [2024-08-17T22:15:23.024+0000] {dag.py:2742} INFO - Sync 1 DAGs
[2024-08-17T22:15:23.056+0000] {logging_mixin.py:150} INFO - [2024-08-17T22:15:23.056+0000] {dag.py:3508} INFO - Setting next_dagrun for example_kubernetes_executor to None, run_after=None
[2024-08-17T22:15:23.079+0000] {processor.py:179} INFO - Processing /home/airflow/.local/lib/python3.7/site-packages/airflow/example_dags/example_kubernetes_executor.py took 0.330 seconds
[2024-08-17T22:15:53.791+0000] {processor.py:157} INFO - Started process (PID=2049) to work on /home/airflow/.local/lib/python3.7/site-packages/airflow/example_dags/example_kubernetes_executor.py
[2024-08-17T22:15:53.793+0000] {processor.py:826} INFO - Processing file /home/airflow/.local/lib/python3.7/site-packages/airflow/example_dags/example_kubernetes_executor.py for tasks to queue
[2024-08-17T22:15:53.794+0000] {logging_mixin.py:150} INFO - [2024-08-17T22:15:53.794+0000] {dagbag.py:541} INFO - Filling up the DagBag from /home/airflow/.local/lib/python3.7/site-packages/airflow/example_dags/example_kubernetes_executor.py
[2024-08-17T22:15:54.012+0000] {processor.py:836} INFO - DAG(s) dict_keys(['example_kubernetes_executor']) retrieved from /home/airflow/.local/lib/python3.7/site-packages/airflow/example_dags/example_kubernetes_executor.py
[2024-08-17T22:15:54.059+0000] {logging_mixin.py:150} INFO - [2024-08-17T22:15:54.058+0000] {dag.py:2742} INFO - Sync 1 DAGs
[2024-08-17T22:15:54.089+0000] {logging_mixin.py:150} INFO - [2024-08-17T22:15:54.088+0000] {dag.py:3508} INFO - Setting next_dagrun for example_kubernetes_executor to None, run_after=None
[2024-08-17T22:15:54.112+0000] {processor.py:179} INFO - Processing /home/airflow/.local/lib/python3.7/site-packages/airflow/example_dags/example_kubernetes_executor.py took 0.326 seconds
[2024-08-17T22:16:24.463+0000] {processor.py:157} INFO - Started process (PID=2287) to work on /home/airflow/.local/lib/python3.7/site-packages/airflow/example_dags/example_kubernetes_executor.py
[2024-08-17T22:16:24.465+0000] {processor.py:826} INFO - Processing file /home/airflow/.local/lib/python3.7/site-packages/airflow/example_dags/example_kubernetes_executor.py for tasks to queue
[2024-08-17T22:16:24.466+0000] {logging_mixin.py:150} INFO - [2024-08-17T22:16:24.465+0000] {dagbag.py:541} INFO - Filling up the DagBag from /home/airflow/.local/lib/python3.7/site-packages/airflow/example_dags/example_kubernetes_executor.py
[2024-08-17T22:16:24.717+0000] {processor.py:836} INFO - DAG(s) dict_keys(['example_kubernetes_executor']) retrieved from /home/airflow/.local/lib/python3.7/site-packages/airflow/example_dags/example_kubernetes_executor.py
[2024-08-17T22:16:24.771+0000] {logging_mixin.py:150} INFO - [2024-08-17T22:16:24.770+0000] {dag.py:2742} INFO - Sync 1 DAGs
[2024-08-17T22:16:24.803+0000] {logging_mixin.py:150} INFO - [2024-08-17T22:16:24.802+0000] {dag.py:3508} INFO - Setting next_dagrun for example_kubernetes_executor to None, run_after=None
[2024-08-17T22:16:24.827+0000] {processor.py:179} INFO - Processing /home/airflow/.local/lib/python3.7/site-packages/airflow/example_dags/example_kubernetes_executor.py took 0.368 seconds
