[2024-08-17T22:03:59.125+0000] {processor.py:157} INFO - Started process (PID=277) to work on /home/airflow/.local/lib/python3.7/site-packages/airflow/example_dags/example_branch_datetime_operator.py
[2024-08-17T22:03:59.127+0000] {processor.py:826} INFO - Processing file /home/airflow/.local/lib/python3.7/site-packages/airflow/example_dags/example_branch_datetime_operator.py for tasks to queue
[2024-08-17T22:03:59.129+0000] {logging_mixin.py:150} INFO - [2024-08-17T22:03:59.129+0000] {dagbag.py:541} INFO - Filling up the DagBag from /home/airflow/.local/lib/python3.7/site-packages/airflow/example_dags/example_branch_datetime_operator.py
[2024-08-17T22:03:59.155+0000] {processor.py:836} INFO - DAG(s) dict_keys(['example_branch_datetime_operator_2', 'example_branch_datetime_operator_3', 'example_branch_datetime_operator']) retrieved from /home/airflow/.local/lib/python3.7/site-packages/airflow/example_dags/example_branch_datetime_operator.py
[2024-08-17T22:03:59.181+0000] {logging_mixin.py:150} INFO - [2024-08-17T22:03:59.181+0000] {dag.py:2742} INFO - Sync 3 DAGs
[2024-08-17T22:03:59.208+0000] {logging_mixin.py:150} INFO - [2024-08-17T22:03:59.208+0000] {dag.py:2763} INFO - Creating ORM DAG for example_branch_datetime_operator_3
[2024-08-17T22:03:59.210+0000] {logging_mixin.py:150} INFO - [2024-08-17T22:03:59.209+0000] {dag.py:2763} INFO - Creating ORM DAG for example_branch_datetime_operator
[2024-08-17T22:03:59.211+0000] {logging_mixin.py:150} INFO - [2024-08-17T22:03:59.210+0000] {dag.py:2763} INFO - Creating ORM DAG for example_branch_datetime_operator_2
[2024-08-17T22:03:59.231+0000] {logging_mixin.py:150} INFO - [2024-08-17T22:03:59.231+0000] {dag.py:3508} INFO - Setting next_dagrun for example_branch_datetime_operator to 2024-08-16T00:00:00+00:00, run_after=2024-08-17T00:00:00+00:00
[2024-08-17T22:03:59.234+0000] {logging_mixin.py:150} INFO - [2024-08-17T22:03:59.234+0000] {dag.py:3508} INFO - Setting next_dagrun for example_branch_datetime_operator_2 to 2024-08-16T00:00:00+00:00, run_after=2024-08-17T00:00:00+00:00
[2024-08-17T22:03:59.240+0000] {logging_mixin.py:150} INFO - [2024-08-17T22:03:59.239+0000] {dag.py:3508} INFO - Setting next_dagrun for example_branch_datetime_operator_3 to 2024-08-16T00:00:00+00:00, run_after=2024-08-17T00:00:00+00:00
[2024-08-17T22:03:59.280+0000] {processor.py:179} INFO - Processing /home/airflow/.local/lib/python3.7/site-packages/airflow/example_dags/example_branch_datetime_operator.py took 0.160 seconds
[2024-08-17T22:04:29.739+0000] {processor.py:157} INFO - Started process (PID=517) to work on /home/airflow/.local/lib/python3.7/site-packages/airflow/example_dags/example_branch_datetime_operator.py
[2024-08-17T22:04:29.742+0000] {processor.py:826} INFO - Processing file /home/airflow/.local/lib/python3.7/site-packages/airflow/example_dags/example_branch_datetime_operator.py for tasks to queue
[2024-08-17T22:04:29.743+0000] {logging_mixin.py:150} INFO - [2024-08-17T22:04:29.742+0000] {dagbag.py:541} INFO - Filling up the DagBag from /home/airflow/.local/lib/python3.7/site-packages/airflow/example_dags/example_branch_datetime_operator.py
[2024-08-17T22:04:29.761+0000] {processor.py:836} INFO - DAG(s) dict_keys(['example_branch_datetime_operator_3', 'example_branch_datetime_operator_2', 'example_branch_datetime_operator']) retrieved from /home/airflow/.local/lib/python3.7/site-packages/airflow/example_dags/example_branch_datetime_operator.py
[2024-08-17T22:04:29.822+0000] {logging_mixin.py:150} INFO - [2024-08-17T22:04:29.822+0000] {dag.py:2742} INFO - Sync 3 DAGs
[2024-08-17T22:04:29.873+0000] {logging_mixin.py:150} INFO - [2024-08-17T22:04:29.873+0000] {dag.py:3508} INFO - Setting next_dagrun for example_branch_datetime_operator to 2024-08-16T00:00:00+00:00, run_after=2024-08-17T00:00:00+00:00
[2024-08-17T22:04:29.884+0000] {logging_mixin.py:150} INFO - [2024-08-17T22:04:29.883+0000] {dag.py:3508} INFO - Setting next_dagrun for example_branch_datetime_operator_2 to 2024-08-16T00:00:00+00:00, run_after=2024-08-17T00:00:00+00:00
[2024-08-17T22:04:29.889+0000] {logging_mixin.py:150} INFO - [2024-08-17T22:04:29.889+0000] {dag.py:3508} INFO - Setting next_dagrun for example_branch_datetime_operator_3 to 2024-08-16T00:00:00+00:00, run_after=2024-08-17T00:00:00+00:00
[2024-08-17T22:04:29.930+0000] {processor.py:179} INFO - Processing /home/airflow/.local/lib/python3.7/site-packages/airflow/example_dags/example_branch_datetime_operator.py took 0.197 seconds
[2024-08-17T22:05:00.462+0000] {processor.py:157} INFO - Started process (PID=753) to work on /home/airflow/.local/lib/python3.7/site-packages/airflow/example_dags/example_branch_datetime_operator.py
[2024-08-17T22:05:00.464+0000] {processor.py:826} INFO - Processing file /home/airflow/.local/lib/python3.7/site-packages/airflow/example_dags/example_branch_datetime_operator.py for tasks to queue
[2024-08-17T22:05:00.467+0000] {logging_mixin.py:150} INFO - [2024-08-17T22:05:00.466+0000] {dagbag.py:541} INFO - Filling up the DagBag from /home/airflow/.local/lib/python3.7/site-packages/airflow/example_dags/example_branch_datetime_operator.py
[2024-08-17T22:05:00.496+0000] {processor.py:836} INFO - DAG(s) dict_keys(['example_branch_datetime_operator_2', 'example_branch_datetime_operator', 'example_branch_datetime_operator_3']) retrieved from /home/airflow/.local/lib/python3.7/site-packages/airflow/example_dags/example_branch_datetime_operator.py
[2024-08-17T22:05:00.580+0000] {logging_mixin.py:150} INFO - [2024-08-17T22:05:00.580+0000] {dag.py:2742} INFO - Sync 3 DAGs
[2024-08-17T22:05:00.645+0000] {logging_mixin.py:150} INFO - [2024-08-17T22:05:00.644+0000] {dag.py:3508} INFO - Setting next_dagrun for example_branch_datetime_operator to 2024-08-16T00:00:00+00:00, run_after=2024-08-17T00:00:00+00:00
[2024-08-17T22:05:00.653+0000] {logging_mixin.py:150} INFO - [2024-08-17T22:05:00.653+0000] {dag.py:3508} INFO - Setting next_dagrun for example_branch_datetime_operator_2 to 2024-08-16T00:00:00+00:00, run_after=2024-08-17T00:00:00+00:00
[2024-08-17T22:05:00.661+0000] {logging_mixin.py:150} INFO - [2024-08-17T22:05:00.660+0000] {dag.py:3508} INFO - Setting next_dagrun for example_branch_datetime_operator_3 to 2024-08-16T00:00:00+00:00, run_after=2024-08-17T00:00:00+00:00
[2024-08-17T22:05:00.699+0000] {processor.py:179} INFO - Processing /home/airflow/.local/lib/python3.7/site-packages/airflow/example_dags/example_branch_datetime_operator.py took 0.243 seconds
[2024-08-17T22:05:37.055+0000] {processor.py:157} INFO - Started process (PID=991) to work on /home/airflow/.local/lib/python3.7/site-packages/airflow/example_dags/example_branch_datetime_operator.py
[2024-08-17T22:05:37.059+0000] {processor.py:826} INFO - Processing file /home/airflow/.local/lib/python3.7/site-packages/airflow/example_dags/example_branch_datetime_operator.py for tasks to queue
[2024-08-17T22:05:37.060+0000] {logging_mixin.py:150} INFO - [2024-08-17T22:05:37.060+0000] {dagbag.py:541} INFO - Filling up the DagBag from /home/airflow/.local/lib/python3.7/site-packages/airflow/example_dags/example_branch_datetime_operator.py
[2024-08-17T22:05:37.082+0000] {processor.py:836} INFO - DAG(s) dict_keys(['example_branch_datetime_operator', 'example_branch_datetime_operator_2', 'example_branch_datetime_operator_3']) retrieved from /home/airflow/.local/lib/python3.7/site-packages/airflow/example_dags/example_branch_datetime_operator.py
[2024-08-17T22:05:37.145+0000] {logging_mixin.py:150} INFO - [2024-08-17T22:05:37.144+0000] {dag.py:2742} INFO - Sync 3 DAGs
[2024-08-17T22:05:37.249+0000] {logging_mixin.py:150} INFO - [2024-08-17T22:05:37.248+0000] {dag.py:3508} INFO - Setting next_dagrun for example_branch_datetime_operator to 2024-08-16T00:00:00+00:00, run_after=2024-08-17T00:00:00+00:00
[2024-08-17T22:05:37.264+0000] {logging_mixin.py:150} INFO - [2024-08-17T22:05:37.263+0000] {dag.py:3508} INFO - Setting next_dagrun for example_branch_datetime_operator_2 to 2024-08-16T00:00:00+00:00, run_after=2024-08-17T00:00:00+00:00
[2024-08-17T22:05:37.271+0000] {logging_mixin.py:150} INFO - [2024-08-17T22:05:37.270+0000] {dag.py:3508} INFO - Setting next_dagrun for example_branch_datetime_operator_3 to 2024-08-16T00:00:00+00:00, run_after=2024-08-17T00:00:00+00:00
[2024-08-17T22:05:37.312+0000] {processor.py:179} INFO - Processing /home/airflow/.local/lib/python3.7/site-packages/airflow/example_dags/example_branch_datetime_operator.py took 0.266 seconds
[2024-08-17T22:06:07.836+0000] {processor.py:157} INFO - Started process (PID=1229) to work on /home/airflow/.local/lib/python3.7/site-packages/airflow/example_dags/example_branch_datetime_operator.py
[2024-08-17T22:06:07.838+0000] {processor.py:826} INFO - Processing file /home/airflow/.local/lib/python3.7/site-packages/airflow/example_dags/example_branch_datetime_operator.py for tasks to queue
[2024-08-17T22:06:07.842+0000] {logging_mixin.py:150} INFO - [2024-08-17T22:06:07.841+0000] {dagbag.py:541} INFO - Filling up the DagBag from /home/airflow/.local/lib/python3.7/site-packages/airflow/example_dags/example_branch_datetime_operator.py
[2024-08-17T22:06:07.854+0000] {processor.py:836} INFO - DAG(s) dict_keys(['example_branch_datetime_operator_2', 'example_branch_datetime_operator', 'example_branch_datetime_operator_3']) retrieved from /home/airflow/.local/lib/python3.7/site-packages/airflow/example_dags/example_branch_datetime_operator.py
[2024-08-17T22:06:07.906+0000] {logging_mixin.py:150} INFO - [2024-08-17T22:06:07.906+0000] {dag.py:2742} INFO - Sync 3 DAGs
[2024-08-17T22:06:07.944+0000] {logging_mixin.py:150} INFO - [2024-08-17T22:06:07.944+0000] {dag.py:3508} INFO - Setting next_dagrun for example_branch_datetime_operator to 2024-08-16T00:00:00+00:00, run_after=2024-08-17T00:00:00+00:00
[2024-08-17T22:06:07.951+0000] {logging_mixin.py:150} INFO - [2024-08-17T22:06:07.951+0000] {dag.py:3508} INFO - Setting next_dagrun for example_branch_datetime_operator_2 to 2024-08-16T00:00:00+00:00, run_after=2024-08-17T00:00:00+00:00
[2024-08-17T22:06:07.954+0000] {logging_mixin.py:150} INFO - [2024-08-17T22:06:07.954+0000] {dag.py:3508} INFO - Setting next_dagrun for example_branch_datetime_operator_3 to 2024-08-16T00:00:00+00:00, run_after=2024-08-17T00:00:00+00:00
[2024-08-17T22:06:07.976+0000] {processor.py:179} INFO - Processing /home/airflow/.local/lib/python3.7/site-packages/airflow/example_dags/example_branch_datetime_operator.py took 0.145 seconds
[2024-08-17T22:06:38.134+0000] {processor.py:157} INFO - Started process (PID=1467) to work on /home/airflow/.local/lib/python3.7/site-packages/airflow/example_dags/example_branch_datetime_operator.py
[2024-08-17T22:06:38.137+0000] {processor.py:826} INFO - Processing file /home/airflow/.local/lib/python3.7/site-packages/airflow/example_dags/example_branch_datetime_operator.py for tasks to queue
[2024-08-17T22:06:38.138+0000] {logging_mixin.py:150} INFO - [2024-08-17T22:06:38.138+0000] {dagbag.py:541} INFO - Filling up the DagBag from /home/airflow/.local/lib/python3.7/site-packages/airflow/example_dags/example_branch_datetime_operator.py
[2024-08-17T22:06:38.160+0000] {processor.py:836} INFO - DAG(s) dict_keys(['example_branch_datetime_operator_3', 'example_branch_datetime_operator', 'example_branch_datetime_operator_2']) retrieved from /home/airflow/.local/lib/python3.7/site-packages/airflow/example_dags/example_branch_datetime_operator.py
[2024-08-17T22:06:38.228+0000] {logging_mixin.py:150} INFO - [2024-08-17T22:06:38.228+0000] {dag.py:2742} INFO - Sync 3 DAGs
[2024-08-17T22:06:38.285+0000] {logging_mixin.py:150} INFO - [2024-08-17T22:06:38.285+0000] {dag.py:3508} INFO - Setting next_dagrun for example_branch_datetime_operator to 2024-08-16T00:00:00+00:00, run_after=2024-08-17T00:00:00+00:00
[2024-08-17T22:06:38.294+0000] {logging_mixin.py:150} INFO - [2024-08-17T22:06:38.294+0000] {dag.py:3508} INFO - Setting next_dagrun for example_branch_datetime_operator_2 to 2024-08-16T00:00:00+00:00, run_after=2024-08-17T00:00:00+00:00
[2024-08-17T22:06:38.300+0000] {logging_mixin.py:150} INFO - [2024-08-17T22:06:38.300+0000] {dag.py:3508} INFO - Setting next_dagrun for example_branch_datetime_operator_3 to 2024-08-16T00:00:00+00:00, run_after=2024-08-17T00:00:00+00:00
[2024-08-17T22:06:38.329+0000] {processor.py:179} INFO - Processing /home/airflow/.local/lib/python3.7/site-packages/airflow/example_dags/example_branch_datetime_operator.py took 0.199 seconds
[2024-08-17T22:07:08.473+0000] {processor.py:157} INFO - Started process (PID=1705) to work on /home/airflow/.local/lib/python3.7/site-packages/airflow/example_dags/example_branch_datetime_operator.py
[2024-08-17T22:07:08.474+0000] {processor.py:826} INFO - Processing file /home/airflow/.local/lib/python3.7/site-packages/airflow/example_dags/example_branch_datetime_operator.py for tasks to queue
[2024-08-17T22:07:08.476+0000] {logging_mixin.py:150} INFO - [2024-08-17T22:07:08.476+0000] {dagbag.py:541} INFO - Filling up the DagBag from /home/airflow/.local/lib/python3.7/site-packages/airflow/example_dags/example_branch_datetime_operator.py
[2024-08-17T22:07:08.491+0000] {processor.py:836} INFO - DAG(s) dict_keys(['example_branch_datetime_operator', 'example_branch_datetime_operator_2', 'example_branch_datetime_operator_3']) retrieved from /home/airflow/.local/lib/python3.7/site-packages/airflow/example_dags/example_branch_datetime_operator.py
[2024-08-17T22:07:08.549+0000] {logging_mixin.py:150} INFO - [2024-08-17T22:07:08.549+0000] {dag.py:2742} INFO - Sync 3 DAGs
[2024-08-17T22:07:08.597+0000] {logging_mixin.py:150} INFO - [2024-08-17T22:07:08.597+0000] {dag.py:3508} INFO - Setting next_dagrun for example_branch_datetime_operator to 2024-08-16T00:00:00+00:00, run_after=2024-08-17T00:00:00+00:00
[2024-08-17T22:07:08.604+0000] {logging_mixin.py:150} INFO - [2024-08-17T22:07:08.603+0000] {dag.py:3508} INFO - Setting next_dagrun for example_branch_datetime_operator_2 to 2024-08-16T00:00:00+00:00, run_after=2024-08-17T00:00:00+00:00
[2024-08-17T22:07:08.608+0000] {logging_mixin.py:150} INFO - [2024-08-17T22:07:08.608+0000] {dag.py:3508} INFO - Setting next_dagrun for example_branch_datetime_operator_3 to 2024-08-16T00:00:00+00:00, run_after=2024-08-17T00:00:00+00:00
[2024-08-17T22:07:08.640+0000] {processor.py:179} INFO - Processing /home/airflow/.local/lib/python3.7/site-packages/airflow/example_dags/example_branch_datetime_operator.py took 0.173 seconds
[2024-08-17T22:07:39.061+0000] {processor.py:157} INFO - Started process (PID=1943) to work on /home/airflow/.local/lib/python3.7/site-packages/airflow/example_dags/example_branch_datetime_operator.py
[2024-08-17T22:07:39.063+0000] {processor.py:826} INFO - Processing file /home/airflow/.local/lib/python3.7/site-packages/airflow/example_dags/example_branch_datetime_operator.py for tasks to queue
[2024-08-17T22:07:39.065+0000] {logging_mixin.py:150} INFO - [2024-08-17T22:07:39.064+0000] {dagbag.py:541} INFO - Filling up the DagBag from /home/airflow/.local/lib/python3.7/site-packages/airflow/example_dags/example_branch_datetime_operator.py
[2024-08-17T22:07:39.083+0000] {processor.py:836} INFO - DAG(s) dict_keys(['example_branch_datetime_operator', 'example_branch_datetime_operator_2', 'example_branch_datetime_operator_3']) retrieved from /home/airflow/.local/lib/python3.7/site-packages/airflow/example_dags/example_branch_datetime_operator.py
[2024-08-17T22:07:39.141+0000] {logging_mixin.py:150} INFO - [2024-08-17T22:07:39.140+0000] {dag.py:2742} INFO - Sync 3 DAGs
[2024-08-17T22:07:39.183+0000] {logging_mixin.py:150} INFO - [2024-08-17T22:07:39.183+0000] {dag.py:3508} INFO - Setting next_dagrun for example_branch_datetime_operator to 2024-08-16T00:00:00+00:00, run_after=2024-08-17T00:00:00+00:00
[2024-08-17T22:07:39.191+0000] {logging_mixin.py:150} INFO - [2024-08-17T22:07:39.191+0000] {dag.py:3508} INFO - Setting next_dagrun for example_branch_datetime_operator_2 to 2024-08-16T00:00:00+00:00, run_after=2024-08-17T00:00:00+00:00
[2024-08-17T22:07:39.195+0000] {logging_mixin.py:150} INFO - [2024-08-17T22:07:39.194+0000] {dag.py:3508} INFO - Setting next_dagrun for example_branch_datetime_operator_3 to 2024-08-16T00:00:00+00:00, run_after=2024-08-17T00:00:00+00:00
[2024-08-17T22:07:39.225+0000] {processor.py:179} INFO - Processing /home/airflow/.local/lib/python3.7/site-packages/airflow/example_dags/example_branch_datetime_operator.py took 0.169 seconds
[2024-08-17T22:08:13.719+0000] {processor.py:157} INFO - Started process (PID=2293) to work on /home/airflow/.local/lib/python3.7/site-packages/airflow/example_dags/example_branch_datetime_operator.py
[2024-08-17T22:08:13.722+0000] {processor.py:826} INFO - Processing file /home/airflow/.local/lib/python3.7/site-packages/airflow/example_dags/example_branch_datetime_operator.py for tasks to queue
[2024-08-17T22:08:13.724+0000] {logging_mixin.py:150} INFO - [2024-08-17T22:08:13.724+0000] {dagbag.py:541} INFO - Filling up the DagBag from /home/airflow/.local/lib/python3.7/site-packages/airflow/example_dags/example_branch_datetime_operator.py
[2024-08-17T22:08:13.743+0000] {processor.py:836} INFO - DAG(s) dict_keys(['example_branch_datetime_operator', 'example_branch_datetime_operator_3', 'example_branch_datetime_operator_2']) retrieved from /home/airflow/.local/lib/python3.7/site-packages/airflow/example_dags/example_branch_datetime_operator.py
[2024-08-17T22:08:13.812+0000] {logging_mixin.py:150} INFO - [2024-08-17T22:08:13.812+0000] {dag.py:2742} INFO - Sync 3 DAGs
[2024-08-17T22:08:13.868+0000] {logging_mixin.py:150} INFO - [2024-08-17T22:08:13.868+0000] {dag.py:3508} INFO - Setting next_dagrun for example_branch_datetime_operator to 2024-08-16T00:00:00+00:00, run_after=2024-08-17T00:00:00+00:00
[2024-08-17T22:08:13.876+0000] {logging_mixin.py:150} INFO - [2024-08-17T22:08:13.876+0000] {dag.py:3508} INFO - Setting next_dagrun for example_branch_datetime_operator_2 to 2024-08-16T00:00:00+00:00, run_after=2024-08-17T00:00:00+00:00
[2024-08-17T22:08:13.881+0000] {logging_mixin.py:150} INFO - [2024-08-17T22:08:13.881+0000] {dag.py:3508} INFO - Setting next_dagrun for example_branch_datetime_operator_3 to 2024-08-16T00:00:00+00:00, run_after=2024-08-17T00:00:00+00:00
[2024-08-17T22:08:13.921+0000] {processor.py:179} INFO - Processing /home/airflow/.local/lib/python3.7/site-packages/airflow/example_dags/example_branch_datetime_operator.py took 0.209 seconds
[2024-08-17T22:08:44.336+0000] {processor.py:157} INFO - Started process (PID=2551) to work on /home/airflow/.local/lib/python3.7/site-packages/airflow/example_dags/example_branch_datetime_operator.py
[2024-08-17T22:08:44.337+0000] {processor.py:826} INFO - Processing file /home/airflow/.local/lib/python3.7/site-packages/airflow/example_dags/example_branch_datetime_operator.py for tasks to queue
[2024-08-17T22:08:44.338+0000] {logging_mixin.py:150} INFO - [2024-08-17T22:08:44.338+0000] {dagbag.py:541} INFO - Filling up the DagBag from /home/airflow/.local/lib/python3.7/site-packages/airflow/example_dags/example_branch_datetime_operator.py
[2024-08-17T22:08:44.353+0000] {processor.py:836} INFO - DAG(s) dict_keys(['example_branch_datetime_operator', 'example_branch_datetime_operator_2', 'example_branch_datetime_operator_3']) retrieved from /home/airflow/.local/lib/python3.7/site-packages/airflow/example_dags/example_branch_datetime_operator.py
[2024-08-17T22:08:44.403+0000] {logging_mixin.py:150} INFO - [2024-08-17T22:08:44.403+0000] {dag.py:2742} INFO - Sync 3 DAGs
[2024-08-17T22:08:44.442+0000] {logging_mixin.py:150} INFO - [2024-08-17T22:08:44.442+0000] {dag.py:3508} INFO - Setting next_dagrun for example_branch_datetime_operator to 2024-08-16T00:00:00+00:00, run_after=2024-08-17T00:00:00+00:00
[2024-08-17T22:08:44.448+0000] {logging_mixin.py:150} INFO - [2024-08-17T22:08:44.448+0000] {dag.py:3508} INFO - Setting next_dagrun for example_branch_datetime_operator_2 to 2024-08-16T00:00:00+00:00, run_after=2024-08-17T00:00:00+00:00
[2024-08-17T22:08:44.456+0000] {logging_mixin.py:150} INFO - [2024-08-17T22:08:44.455+0000] {dag.py:3508} INFO - Setting next_dagrun for example_branch_datetime_operator_3 to 2024-08-16T00:00:00+00:00, run_after=2024-08-17T00:00:00+00:00
[2024-08-17T22:08:44.484+0000] {processor.py:179} INFO - Processing /home/airflow/.local/lib/python3.7/site-packages/airflow/example_dags/example_branch_datetime_operator.py took 0.152 seconds
[2024-08-17T22:09:14.716+0000] {processor.py:157} INFO - Started process (PID=2789) to work on /home/airflow/.local/lib/python3.7/site-packages/airflow/example_dags/example_branch_datetime_operator.py
[2024-08-17T22:09:14.718+0000] {processor.py:826} INFO - Processing file /home/airflow/.local/lib/python3.7/site-packages/airflow/example_dags/example_branch_datetime_operator.py for tasks to queue
[2024-08-17T22:09:14.719+0000] {logging_mixin.py:150} INFO - [2024-08-17T22:09:14.719+0000] {dagbag.py:541} INFO - Filling up the DagBag from /home/airflow/.local/lib/python3.7/site-packages/airflow/example_dags/example_branch_datetime_operator.py
[2024-08-17T22:09:14.732+0000] {processor.py:836} INFO - DAG(s) dict_keys(['example_branch_datetime_operator_2', 'example_branch_datetime_operator', 'example_branch_datetime_operator_3']) retrieved from /home/airflow/.local/lib/python3.7/site-packages/airflow/example_dags/example_branch_datetime_operator.py
[2024-08-17T22:09:14.787+0000] {logging_mixin.py:150} INFO - [2024-08-17T22:09:14.787+0000] {dag.py:2742} INFO - Sync 3 DAGs
[2024-08-17T22:09:14.822+0000] {logging_mixin.py:150} INFO - [2024-08-17T22:09:14.822+0000] {dag.py:3508} INFO - Setting next_dagrun for example_branch_datetime_operator to 2024-08-16T00:00:00+00:00, run_after=2024-08-17T00:00:00+00:00
[2024-08-17T22:09:14.829+0000] {logging_mixin.py:150} INFO - [2024-08-17T22:09:14.828+0000] {dag.py:3508} INFO - Setting next_dagrun for example_branch_datetime_operator_2 to 2024-08-16T00:00:00+00:00, run_after=2024-08-17T00:00:00+00:00
[2024-08-17T22:09:14.832+0000] {logging_mixin.py:150} INFO - [2024-08-17T22:09:14.832+0000] {dag.py:3508} INFO - Setting next_dagrun for example_branch_datetime_operator_3 to 2024-08-16T00:00:00+00:00, run_after=2024-08-17T00:00:00+00:00
[2024-08-17T22:09:14.864+0000] {processor.py:179} INFO - Processing /home/airflow/.local/lib/python3.7/site-packages/airflow/example_dags/example_branch_datetime_operator.py took 0.152 seconds
[2024-08-17T22:09:45.170+0000] {processor.py:157} INFO - Started process (PID=3027) to work on /home/airflow/.local/lib/python3.7/site-packages/airflow/example_dags/example_branch_datetime_operator.py
[2024-08-17T22:09:45.171+0000] {processor.py:826} INFO - Processing file /home/airflow/.local/lib/python3.7/site-packages/airflow/example_dags/example_branch_datetime_operator.py for tasks to queue
[2024-08-17T22:09:45.172+0000] {logging_mixin.py:150} INFO - [2024-08-17T22:09:45.172+0000] {dagbag.py:541} INFO - Filling up the DagBag from /home/airflow/.local/lib/python3.7/site-packages/airflow/example_dags/example_branch_datetime_operator.py
[2024-08-17T22:09:45.186+0000] {processor.py:836} INFO - DAG(s) dict_keys(['example_branch_datetime_operator_3', 'example_branch_datetime_operator', 'example_branch_datetime_operator_2']) retrieved from /home/airflow/.local/lib/python3.7/site-packages/airflow/example_dags/example_branch_datetime_operator.py
[2024-08-17T22:09:45.231+0000] {logging_mixin.py:150} INFO - [2024-08-17T22:09:45.231+0000] {dag.py:2742} INFO - Sync 3 DAGs
[2024-08-17T22:09:45.266+0000] {logging_mixin.py:150} INFO - [2024-08-17T22:09:45.265+0000] {dag.py:3508} INFO - Setting next_dagrun for example_branch_datetime_operator to 2024-08-16T00:00:00+00:00, run_after=2024-08-17T00:00:00+00:00
[2024-08-17T22:09:45.271+0000] {logging_mixin.py:150} INFO - [2024-08-17T22:09:45.271+0000] {dag.py:3508} INFO - Setting next_dagrun for example_branch_datetime_operator_2 to 2024-08-16T00:00:00+00:00, run_after=2024-08-17T00:00:00+00:00
[2024-08-17T22:09:45.275+0000] {logging_mixin.py:150} INFO - [2024-08-17T22:09:45.275+0000] {dag.py:3508} INFO - Setting next_dagrun for example_branch_datetime_operator_3 to 2024-08-16T00:00:00+00:00, run_after=2024-08-17T00:00:00+00:00
[2024-08-17T22:09:45.301+0000] {processor.py:179} INFO - Processing /home/airflow/.local/lib/python3.7/site-packages/airflow/example_dags/example_branch_datetime_operator.py took 0.135 seconds
[2024-08-17T22:10:16.160+0000] {processor.py:157} INFO - Started process (PID=3267) to work on /home/airflow/.local/lib/python3.7/site-packages/airflow/example_dags/example_branch_datetime_operator.py
[2024-08-17T22:10:16.162+0000] {processor.py:826} INFO - Processing file /home/airflow/.local/lib/python3.7/site-packages/airflow/example_dags/example_branch_datetime_operator.py for tasks to queue
[2024-08-17T22:10:16.163+0000] {logging_mixin.py:150} INFO - [2024-08-17T22:10:16.163+0000] {dagbag.py:541} INFO - Filling up the DagBag from /home/airflow/.local/lib/python3.7/site-packages/airflow/example_dags/example_branch_datetime_operator.py
[2024-08-17T22:10:16.176+0000] {processor.py:836} INFO - DAG(s) dict_keys(['example_branch_datetime_operator', 'example_branch_datetime_operator_3', 'example_branch_datetime_operator_2']) retrieved from /home/airflow/.local/lib/python3.7/site-packages/airflow/example_dags/example_branch_datetime_operator.py
[2024-08-17T22:10:16.219+0000] {logging_mixin.py:150} INFO - [2024-08-17T22:10:16.219+0000] {dag.py:2742} INFO - Sync 3 DAGs
[2024-08-17T22:10:16.255+0000] {logging_mixin.py:150} INFO - [2024-08-17T22:10:16.255+0000] {dag.py:3508} INFO - Setting next_dagrun for example_branch_datetime_operator to 2024-08-16T00:00:00+00:00, run_after=2024-08-17T00:00:00+00:00
[2024-08-17T22:10:16.261+0000] {logging_mixin.py:150} INFO - [2024-08-17T22:10:16.261+0000] {dag.py:3508} INFO - Setting next_dagrun for example_branch_datetime_operator_2 to 2024-08-16T00:00:00+00:00, run_after=2024-08-17T00:00:00+00:00
[2024-08-17T22:10:16.265+0000] {logging_mixin.py:150} INFO - [2024-08-17T22:10:16.264+0000] {dag.py:3508} INFO - Setting next_dagrun for example_branch_datetime_operator_3 to 2024-08-16T00:00:00+00:00, run_after=2024-08-17T00:00:00+00:00
[2024-08-17T22:10:16.288+0000] {processor.py:179} INFO - Processing /home/airflow/.local/lib/python3.7/site-packages/airflow/example_dags/example_branch_datetime_operator.py took 0.132 seconds
[2024-08-17T22:10:46.835+0000] {processor.py:157} INFO - Started process (PID=3503) to work on /home/airflow/.local/lib/python3.7/site-packages/airflow/example_dags/example_branch_datetime_operator.py
[2024-08-17T22:10:46.836+0000] {processor.py:826} INFO - Processing file /home/airflow/.local/lib/python3.7/site-packages/airflow/example_dags/example_branch_datetime_operator.py for tasks to queue
[2024-08-17T22:10:46.837+0000] {logging_mixin.py:150} INFO - [2024-08-17T22:10:46.837+0000] {dagbag.py:541} INFO - Filling up the DagBag from /home/airflow/.local/lib/python3.7/site-packages/airflow/example_dags/example_branch_datetime_operator.py
[2024-08-17T22:10:46.850+0000] {processor.py:836} INFO - DAG(s) dict_keys(['example_branch_datetime_operator_2', 'example_branch_datetime_operator_3', 'example_branch_datetime_operator']) retrieved from /home/airflow/.local/lib/python3.7/site-packages/airflow/example_dags/example_branch_datetime_operator.py
[2024-08-17T22:10:46.897+0000] {logging_mixin.py:150} INFO - [2024-08-17T22:10:46.897+0000] {dag.py:2742} INFO - Sync 3 DAGs
[2024-08-17T22:10:46.933+0000] {logging_mixin.py:150} INFO - [2024-08-17T22:10:46.932+0000] {dag.py:3508} INFO - Setting next_dagrun for example_branch_datetime_operator to 2024-08-16T00:00:00+00:00, run_after=2024-08-17T00:00:00+00:00
[2024-08-17T22:10:46.939+0000] {logging_mixin.py:150} INFO - [2024-08-17T22:10:46.938+0000] {dag.py:3508} INFO - Setting next_dagrun for example_branch_datetime_operator_2 to 2024-08-16T00:00:00+00:00, run_after=2024-08-17T00:00:00+00:00
[2024-08-17T22:10:46.943+0000] {logging_mixin.py:150} INFO - [2024-08-17T22:10:46.943+0000] {dag.py:3508} INFO - Setting next_dagrun for example_branch_datetime_operator_3 to 2024-08-16T00:00:00+00:00, run_after=2024-08-17T00:00:00+00:00
[2024-08-17T22:10:46.968+0000] {processor.py:179} INFO - Processing /home/airflow/.local/lib/python3.7/site-packages/airflow/example_dags/example_branch_datetime_operator.py took 0.137 seconds
[2024-08-17T22:12:14.641+0000] {processor.py:157} INFO - Started process (PID=278) to work on /home/airflow/.local/lib/python3.7/site-packages/airflow/example_dags/example_branch_datetime_operator.py
[2024-08-17T22:12:14.644+0000] {processor.py:826} INFO - Processing file /home/airflow/.local/lib/python3.7/site-packages/airflow/example_dags/example_branch_datetime_operator.py for tasks to queue
[2024-08-17T22:12:14.646+0000] {logging_mixin.py:150} INFO - [2024-08-17T22:12:14.645+0000] {dagbag.py:541} INFO - Filling up the DagBag from /home/airflow/.local/lib/python3.7/site-packages/airflow/example_dags/example_branch_datetime_operator.py
[2024-08-17T22:12:14.665+0000] {processor.py:836} INFO - DAG(s) dict_keys(['example_branch_datetime_operator_2', 'example_branch_datetime_operator_3', 'example_branch_datetime_operator']) retrieved from /home/airflow/.local/lib/python3.7/site-packages/airflow/example_dags/example_branch_datetime_operator.py
[2024-08-17T22:12:14.713+0000] {logging_mixin.py:150} INFO - [2024-08-17T22:12:14.712+0000] {dag.py:2742} INFO - Sync 3 DAGs
[2024-08-17T22:12:14.750+0000] {logging_mixin.py:150} INFO - [2024-08-17T22:12:14.750+0000] {dag.py:3508} INFO - Setting next_dagrun for example_branch_datetime_operator to 2024-08-16T00:00:00+00:00, run_after=2024-08-17T00:00:00+00:00
[2024-08-17T22:12:14.757+0000] {logging_mixin.py:150} INFO - [2024-08-17T22:12:14.756+0000] {dag.py:3508} INFO - Setting next_dagrun for example_branch_datetime_operator_2 to 2024-08-16T00:00:00+00:00, run_after=2024-08-17T00:00:00+00:00
[2024-08-17T22:12:14.761+0000] {logging_mixin.py:150} INFO - [2024-08-17T22:12:14.761+0000] {dag.py:3508} INFO - Setting next_dagrun for example_branch_datetime_operator_3 to 2024-08-16T00:00:00+00:00, run_after=2024-08-17T00:00:00+00:00
[2024-08-17T22:12:14.785+0000] {processor.py:179} INFO - Processing /home/airflow/.local/lib/python3.7/site-packages/airflow/example_dags/example_branch_datetime_operator.py took 0.149 seconds
[2024-08-17T22:12:45.303+0000] {processor.py:157} INFO - Started process (PID=514) to work on /home/airflow/.local/lib/python3.7/site-packages/airflow/example_dags/example_branch_datetime_operator.py
[2024-08-17T22:12:45.305+0000] {processor.py:826} INFO - Processing file /home/airflow/.local/lib/python3.7/site-packages/airflow/example_dags/example_branch_datetime_operator.py for tasks to queue
[2024-08-17T22:12:45.306+0000] {logging_mixin.py:150} INFO - [2024-08-17T22:12:45.305+0000] {dagbag.py:541} INFO - Filling up the DagBag from /home/airflow/.local/lib/python3.7/site-packages/airflow/example_dags/example_branch_datetime_operator.py
[2024-08-17T22:12:45.319+0000] {processor.py:836} INFO - DAG(s) dict_keys(['example_branch_datetime_operator_3', 'example_branch_datetime_operator_2', 'example_branch_datetime_operator']) retrieved from /home/airflow/.local/lib/python3.7/site-packages/airflow/example_dags/example_branch_datetime_operator.py
[2024-08-17T22:12:45.361+0000] {logging_mixin.py:150} INFO - [2024-08-17T22:12:45.361+0000] {dag.py:2742} INFO - Sync 3 DAGs
[2024-08-17T22:12:45.398+0000] {logging_mixin.py:150} INFO - [2024-08-17T22:12:45.398+0000] {dag.py:3508} INFO - Setting next_dagrun for example_branch_datetime_operator to 2024-08-16T00:00:00+00:00, run_after=2024-08-17T00:00:00+00:00
[2024-08-17T22:12:45.406+0000] {logging_mixin.py:150} INFO - [2024-08-17T22:12:45.405+0000] {dag.py:3508} INFO - Setting next_dagrun for example_branch_datetime_operator_2 to 2024-08-16T00:00:00+00:00, run_after=2024-08-17T00:00:00+00:00
[2024-08-17T22:12:45.409+0000] {logging_mixin.py:150} INFO - [2024-08-17T22:12:45.409+0000] {dag.py:3508} INFO - Setting next_dagrun for example_branch_datetime_operator_3 to 2024-08-16T00:00:00+00:00, run_after=2024-08-17T00:00:00+00:00
[2024-08-17T22:12:45.436+0000] {processor.py:179} INFO - Processing /home/airflow/.local/lib/python3.7/site-packages/airflow/example_dags/example_branch_datetime_operator.py took 0.137 seconds
[2024-08-17T22:13:15.599+0000] {processor.py:157} INFO - Started process (PID=752) to work on /home/airflow/.local/lib/python3.7/site-packages/airflow/example_dags/example_branch_datetime_operator.py
[2024-08-17T22:13:15.601+0000] {processor.py:826} INFO - Processing file /home/airflow/.local/lib/python3.7/site-packages/airflow/example_dags/example_branch_datetime_operator.py for tasks to queue
[2024-08-17T22:13:15.602+0000] {logging_mixin.py:150} INFO - [2024-08-17T22:13:15.601+0000] {dagbag.py:541} INFO - Filling up the DagBag from /home/airflow/.local/lib/python3.7/site-packages/airflow/example_dags/example_branch_datetime_operator.py
[2024-08-17T22:13:15.614+0000] {processor.py:836} INFO - DAG(s) dict_keys(['example_branch_datetime_operator_3', 'example_branch_datetime_operator_2', 'example_branch_datetime_operator']) retrieved from /home/airflow/.local/lib/python3.7/site-packages/airflow/example_dags/example_branch_datetime_operator.py
[2024-08-17T22:13:15.656+0000] {logging_mixin.py:150} INFO - [2024-08-17T22:13:15.656+0000] {dag.py:2742} INFO - Sync 3 DAGs
[2024-08-17T22:13:15.691+0000] {logging_mixin.py:150} INFO - [2024-08-17T22:13:15.691+0000] {dag.py:3508} INFO - Setting next_dagrun for example_branch_datetime_operator to 2024-08-16T00:00:00+00:00, run_after=2024-08-17T00:00:00+00:00
[2024-08-17T22:13:15.698+0000] {logging_mixin.py:150} INFO - [2024-08-17T22:13:15.698+0000] {dag.py:3508} INFO - Setting next_dagrun for example_branch_datetime_operator_2 to 2024-08-16T00:00:00+00:00, run_after=2024-08-17T00:00:00+00:00
[2024-08-17T22:13:15.703+0000] {logging_mixin.py:150} INFO - [2024-08-17T22:13:15.702+0000] {dag.py:3508} INFO - Setting next_dagrun for example_branch_datetime_operator_3 to 2024-08-16T00:00:00+00:00, run_after=2024-08-17T00:00:00+00:00
[2024-08-17T22:13:15.731+0000] {processor.py:179} INFO - Processing /home/airflow/.local/lib/python3.7/site-packages/airflow/example_dags/example_branch_datetime_operator.py took 0.136 seconds
[2024-08-17T22:13:46.173+0000] {processor.py:157} INFO - Started process (PID=990) to work on /home/airflow/.local/lib/python3.7/site-packages/airflow/example_dags/example_branch_datetime_operator.py
[2024-08-17T22:13:46.174+0000] {processor.py:826} INFO - Processing file /home/airflow/.local/lib/python3.7/site-packages/airflow/example_dags/example_branch_datetime_operator.py for tasks to queue
[2024-08-17T22:13:46.175+0000] {logging_mixin.py:150} INFO - [2024-08-17T22:13:46.175+0000] {dagbag.py:541} INFO - Filling up the DagBag from /home/airflow/.local/lib/python3.7/site-packages/airflow/example_dags/example_branch_datetime_operator.py
[2024-08-17T22:13:46.188+0000] {processor.py:836} INFO - DAG(s) dict_keys(['example_branch_datetime_operator', 'example_branch_datetime_operator_3', 'example_branch_datetime_operator_2']) retrieved from /home/airflow/.local/lib/python3.7/site-packages/airflow/example_dags/example_branch_datetime_operator.py
[2024-08-17T22:13:46.228+0000] {logging_mixin.py:150} INFO - [2024-08-17T22:13:46.228+0000] {dag.py:2742} INFO - Sync 3 DAGs
[2024-08-17T22:13:46.262+0000] {logging_mixin.py:150} INFO - [2024-08-17T22:13:46.261+0000] {dag.py:3508} INFO - Setting next_dagrun for example_branch_datetime_operator to 2024-08-16T00:00:00+00:00, run_after=2024-08-17T00:00:00+00:00
[2024-08-17T22:13:46.268+0000] {logging_mixin.py:150} INFO - [2024-08-17T22:13:46.268+0000] {dag.py:3508} INFO - Setting next_dagrun for example_branch_datetime_operator_2 to 2024-08-16T00:00:00+00:00, run_after=2024-08-17T00:00:00+00:00
[2024-08-17T22:13:46.271+0000] {logging_mixin.py:150} INFO - [2024-08-17T22:13:46.271+0000] {dag.py:3508} INFO - Setting next_dagrun for example_branch_datetime_operator_3 to 2024-08-16T00:00:00+00:00, run_after=2024-08-17T00:00:00+00:00
[2024-08-17T22:13:46.294+0000] {processor.py:179} INFO - Processing /home/airflow/.local/lib/python3.7/site-packages/airflow/example_dags/example_branch_datetime_operator.py took 0.125 seconds
[2024-08-17T22:14:17.081+0000] {processor.py:157} INFO - Started process (PID=1228) to work on /home/airflow/.local/lib/python3.7/site-packages/airflow/example_dags/example_branch_datetime_operator.py
[2024-08-17T22:14:17.085+0000] {processor.py:826} INFO - Processing file /home/airflow/.local/lib/python3.7/site-packages/airflow/example_dags/example_branch_datetime_operator.py for tasks to queue
[2024-08-17T22:14:17.088+0000] {logging_mixin.py:150} INFO - [2024-08-17T22:14:17.087+0000] {dagbag.py:541} INFO - Filling up the DagBag from /home/airflow/.local/lib/python3.7/site-packages/airflow/example_dags/example_branch_datetime_operator.py
[2024-08-17T22:14:17.124+0000] {processor.py:836} INFO - DAG(s) dict_keys(['example_branch_datetime_operator', 'example_branch_datetime_operator_2', 'example_branch_datetime_operator_3']) retrieved from /home/airflow/.local/lib/python3.7/site-packages/airflow/example_dags/example_branch_datetime_operator.py
[2024-08-17T22:14:17.191+0000] {logging_mixin.py:150} INFO - [2024-08-17T22:14:17.191+0000] {dag.py:2742} INFO - Sync 3 DAGs
[2024-08-17T22:14:17.244+0000] {logging_mixin.py:150} INFO - [2024-08-17T22:14:17.243+0000] {dag.py:3508} INFO - Setting next_dagrun for example_branch_datetime_operator to 2024-08-16T00:00:00+00:00, run_after=2024-08-17T00:00:00+00:00
[2024-08-17T22:14:17.253+0000] {logging_mixin.py:150} INFO - [2024-08-17T22:14:17.253+0000] {dag.py:3508} INFO - Setting next_dagrun for example_branch_datetime_operator_2 to 2024-08-16T00:00:00+00:00, run_after=2024-08-17T00:00:00+00:00
[2024-08-17T22:14:17.266+0000] {logging_mixin.py:150} INFO - [2024-08-17T22:14:17.265+0000] {dag.py:3508} INFO - Setting next_dagrun for example_branch_datetime_operator_3 to 2024-08-16T00:00:00+00:00, run_after=2024-08-17T00:00:00+00:00
[2024-08-17T22:14:17.305+0000] {processor.py:179} INFO - Processing /home/airflow/.local/lib/python3.7/site-packages/airflow/example_dags/example_branch_datetime_operator.py took 0.240 seconds
[2024-08-17T22:14:48.532+0000] {processor.py:157} INFO - Started process (PID=1468) to work on /home/airflow/.local/lib/python3.7/site-packages/airflow/example_dags/example_branch_datetime_operator.py
[2024-08-17T22:14:48.535+0000] {processor.py:826} INFO - Processing file /home/airflow/.local/lib/python3.7/site-packages/airflow/example_dags/example_branch_datetime_operator.py for tasks to queue
[2024-08-17T22:14:48.536+0000] {logging_mixin.py:150} INFO - [2024-08-17T22:14:48.536+0000] {dagbag.py:541} INFO - Filling up the DagBag from /home/airflow/.local/lib/python3.7/site-packages/airflow/example_dags/example_branch_datetime_operator.py
[2024-08-17T22:14:48.560+0000] {processor.py:836} INFO - DAG(s) dict_keys(['example_branch_datetime_operator', 'example_branch_datetime_operator_3', 'example_branch_datetime_operator_2']) retrieved from /home/airflow/.local/lib/python3.7/site-packages/airflow/example_dags/example_branch_datetime_operator.py
[2024-08-17T22:14:48.609+0000] {logging_mixin.py:150} INFO - [2024-08-17T22:14:48.608+0000] {dag.py:2742} INFO - Sync 3 DAGs
[2024-08-17T22:14:48.648+0000] {logging_mixin.py:150} INFO - [2024-08-17T22:14:48.647+0000] {dag.py:3508} INFO - Setting next_dagrun for example_branch_datetime_operator to 2024-08-16T00:00:00+00:00, run_after=2024-08-17T00:00:00+00:00
[2024-08-17T22:14:48.654+0000] {logging_mixin.py:150} INFO - [2024-08-17T22:14:48.654+0000] {dag.py:3508} INFO - Setting next_dagrun for example_branch_datetime_operator_2 to 2024-08-16T00:00:00+00:00, run_after=2024-08-17T00:00:00+00:00
[2024-08-17T22:14:48.657+0000] {logging_mixin.py:150} INFO - [2024-08-17T22:14:48.657+0000] {dag.py:3508} INFO - Setting next_dagrun for example_branch_datetime_operator_3 to 2024-08-16T00:00:00+00:00, run_after=2024-08-17T00:00:00+00:00
[2024-08-17T22:14:48.680+0000] {processor.py:179} INFO - Processing /home/airflow/.local/lib/python3.7/site-packages/airflow/example_dags/example_branch_datetime_operator.py took 0.155 seconds
[2024-08-17T22:15:18.889+0000] {processor.py:157} INFO - Started process (PID=1704) to work on /home/airflow/.local/lib/python3.7/site-packages/airflow/example_dags/example_branch_datetime_operator.py
[2024-08-17T22:15:18.891+0000] {processor.py:826} INFO - Processing file /home/airflow/.local/lib/python3.7/site-packages/airflow/example_dags/example_branch_datetime_operator.py for tasks to queue
[2024-08-17T22:15:18.892+0000] {logging_mixin.py:150} INFO - [2024-08-17T22:15:18.891+0000] {dagbag.py:541} INFO - Filling up the DagBag from /home/airflow/.local/lib/python3.7/site-packages/airflow/example_dags/example_branch_datetime_operator.py
[2024-08-17T22:15:18.908+0000] {processor.py:836} INFO - DAG(s) dict_keys(['example_branch_datetime_operator_3', 'example_branch_datetime_operator_2', 'example_branch_datetime_operator']) retrieved from /home/airflow/.local/lib/python3.7/site-packages/airflow/example_dags/example_branch_datetime_operator.py
[2024-08-17T22:15:18.949+0000] {logging_mixin.py:150} INFO - [2024-08-17T22:15:18.949+0000] {dag.py:2742} INFO - Sync 3 DAGs
[2024-08-17T22:15:18.982+0000] {logging_mixin.py:150} INFO - [2024-08-17T22:15:18.982+0000] {dag.py:3508} INFO - Setting next_dagrun for example_branch_datetime_operator to 2024-08-16T00:00:00+00:00, run_after=2024-08-17T00:00:00+00:00
[2024-08-17T22:15:18.988+0000] {logging_mixin.py:150} INFO - [2024-08-17T22:15:18.988+0000] {dag.py:3508} INFO - Setting next_dagrun for example_branch_datetime_operator_2 to 2024-08-16T00:00:00+00:00, run_after=2024-08-17T00:00:00+00:00
[2024-08-17T22:15:18.991+0000] {logging_mixin.py:150} INFO - [2024-08-17T22:15:18.991+0000] {dag.py:3508} INFO - Setting next_dagrun for example_branch_datetime_operator_3 to 2024-08-16T00:00:00+00:00, run_after=2024-08-17T00:00:00+00:00
[2024-08-17T22:15:19.012+0000] {processor.py:179} INFO - Processing /home/airflow/.local/lib/python3.7/site-packages/airflow/example_dags/example_branch_datetime_operator.py took 0.128 seconds
[2024-08-17T22:15:49.109+0000] {processor.py:157} INFO - Started process (PID=1942) to work on /home/airflow/.local/lib/python3.7/site-packages/airflow/example_dags/example_branch_datetime_operator.py
[2024-08-17T22:15:49.111+0000] {processor.py:826} INFO - Processing file /home/airflow/.local/lib/python3.7/site-packages/airflow/example_dags/example_branch_datetime_operator.py for tasks to queue
[2024-08-17T22:15:49.112+0000] {logging_mixin.py:150} INFO - [2024-08-17T22:15:49.112+0000] {dagbag.py:541} INFO - Filling up the DagBag from /home/airflow/.local/lib/python3.7/site-packages/airflow/example_dags/example_branch_datetime_operator.py
[2024-08-17T22:15:49.125+0000] {processor.py:836} INFO - DAG(s) dict_keys(['example_branch_datetime_operator', 'example_branch_datetime_operator_3', 'example_branch_datetime_operator_2']) retrieved from /home/airflow/.local/lib/python3.7/site-packages/airflow/example_dags/example_branch_datetime_operator.py
[2024-08-17T22:15:49.164+0000] {logging_mixin.py:150} INFO - [2024-08-17T22:15:49.163+0000] {dag.py:2742} INFO - Sync 3 DAGs
[2024-08-17T22:15:49.196+0000] {logging_mixin.py:150} INFO - [2024-08-17T22:15:49.196+0000] {dag.py:3508} INFO - Setting next_dagrun for example_branch_datetime_operator to 2024-08-16T00:00:00+00:00, run_after=2024-08-17T00:00:00+00:00
[2024-08-17T22:15:49.202+0000] {logging_mixin.py:150} INFO - [2024-08-17T22:15:49.202+0000] {dag.py:3508} INFO - Setting next_dagrun for example_branch_datetime_operator_2 to 2024-08-16T00:00:00+00:00, run_after=2024-08-17T00:00:00+00:00
[2024-08-17T22:15:49.205+0000] {logging_mixin.py:150} INFO - [2024-08-17T22:15:49.205+0000] {dag.py:3508} INFO - Setting next_dagrun for example_branch_datetime_operator_3 to 2024-08-16T00:00:00+00:00, run_after=2024-08-17T00:00:00+00:00
[2024-08-17T22:15:49.226+0000] {processor.py:179} INFO - Processing /home/airflow/.local/lib/python3.7/site-packages/airflow/example_dags/example_branch_datetime_operator.py took 0.121 seconds
[2024-08-17T22:16:19.567+0000] {processor.py:157} INFO - Started process (PID=2180) to work on /home/airflow/.local/lib/python3.7/site-packages/airflow/example_dags/example_branch_datetime_operator.py
[2024-08-17T22:16:19.568+0000] {processor.py:826} INFO - Processing file /home/airflow/.local/lib/python3.7/site-packages/airflow/example_dags/example_branch_datetime_operator.py for tasks to queue
[2024-08-17T22:16:19.569+0000] {logging_mixin.py:150} INFO - [2024-08-17T22:16:19.569+0000] {dagbag.py:541} INFO - Filling up the DagBag from /home/airflow/.local/lib/python3.7/site-packages/airflow/example_dags/example_branch_datetime_operator.py
[2024-08-17T22:16:19.583+0000] {processor.py:836} INFO - DAG(s) dict_keys(['example_branch_datetime_operator_2', 'example_branch_datetime_operator', 'example_branch_datetime_operator_3']) retrieved from /home/airflow/.local/lib/python3.7/site-packages/airflow/example_dags/example_branch_datetime_operator.py
[2024-08-17T22:16:19.637+0000] {logging_mixin.py:150} INFO - [2024-08-17T22:16:19.637+0000] {dag.py:2742} INFO - Sync 3 DAGs
[2024-08-17T22:16:19.674+0000] {logging_mixin.py:150} INFO - [2024-08-17T22:16:19.674+0000] {dag.py:3508} INFO - Setting next_dagrun for example_branch_datetime_operator to 2024-08-16T00:00:00+00:00, run_after=2024-08-17T00:00:00+00:00
[2024-08-17T22:16:19.681+0000] {logging_mixin.py:150} INFO - [2024-08-17T22:16:19.681+0000] {dag.py:3508} INFO - Setting next_dagrun for example_branch_datetime_operator_2 to 2024-08-16T00:00:00+00:00, run_after=2024-08-17T00:00:00+00:00
[2024-08-17T22:16:19.685+0000] {logging_mixin.py:150} INFO - [2024-08-17T22:16:19.685+0000] {dag.py:3508} INFO - Setting next_dagrun for example_branch_datetime_operator_3 to 2024-08-16T00:00:00+00:00, run_after=2024-08-17T00:00:00+00:00
[2024-08-17T22:16:19.711+0000] {processor.py:179} INFO - Processing /home/airflow/.local/lib/python3.7/site-packages/airflow/example_dags/example_branch_datetime_operator.py took 0.148 seconds
