[2024-08-17T22:03:50.269+0000] {processor.py:157} INFO - Started process (PID=163) to work on /home/airflow/.local/lib/python3.7/site-packages/airflow/example_dags/example_sla_dag.py
[2024-08-17T22:03:50.284+0000] {processor.py:826} INFO - Processing file /home/airflow/.local/lib/python3.7/site-packages/airflow/example_dags/example_sla_dag.py for tasks to queue
[2024-08-17T22:03:50.295+0000] {logging_mixin.py:150} INFO - [2024-08-17T22:03:50.288+0000] {dagbag.py:541} INFO - Filling up the DagBag from /home/airflow/.local/lib/python3.7/site-packages/airflow/example_dags/example_sla_dag.py
[2024-08-17T22:03:50.452+0000] {processor.py:836} INFO - DAG(s) dict_keys(['example_sla_dag']) retrieved from /home/airflow/.local/lib/python3.7/site-packages/airflow/example_dags/example_sla_dag.py
[2024-08-17T22:03:53.905+0000] {logging_mixin.py:150} INFO - [2024-08-17T22:03:53.904+0000] {manager.py:504} INFO - Created Permission View: can read on DAG:example_sla_dag
[2024-08-17T22:03:53.954+0000] {logging_mixin.py:150} INFO - [2024-08-17T22:03:53.952+0000] {manager.py:504} INFO - Created Permission View: can edit on DAG:example_sla_dag
[2024-08-17T22:03:53.990+0000] {logging_mixin.py:150} INFO - [2024-08-17T22:03:53.990+0000] {manager.py:504} INFO - Created Permission View: can delete on DAG:example_sla_dag
[2024-08-17T22:03:54.066+0000] {logging_mixin.py:150} INFO - [2024-08-17T22:03:54.065+0000] {dag.py:2742} INFO - Sync 1 DAGs
[2024-08-17T22:03:54.107+0000] {logging_mixin.py:150} INFO - [2024-08-17T22:03:54.107+0000] {dag.py:2763} INFO - Creating ORM DAG for example_sla_dag
[2024-08-17T22:03:54.172+0000] {logging_mixin.py:150} INFO - [2024-08-17T22:03:54.172+0000] {dag.py:3508} INFO - Setting next_dagrun for example_sla_dag to 2024-08-17T22:00:00+00:00, run_after=2024-08-17T22:02:00+00:00
[2024-08-17T22:03:54.227+0000] {processor.py:179} INFO - Processing /home/airflow/.local/lib/python3.7/site-packages/airflow/example_dags/example_sla_dag.py took 4.001 seconds
[2024-08-17T22:04:24.714+0000] {processor.py:157} INFO - Started process (PID=402) to work on /home/airflow/.local/lib/python3.7/site-packages/airflow/example_dags/example_sla_dag.py
[2024-08-17T22:04:24.722+0000] {processor.py:826} INFO - Processing file /home/airflow/.local/lib/python3.7/site-packages/airflow/example_dags/example_sla_dag.py for tasks to queue
[2024-08-17T22:04:24.723+0000] {logging_mixin.py:150} INFO - [2024-08-17T22:04:24.723+0000] {dagbag.py:541} INFO - Filling up the DagBag from /home/airflow/.local/lib/python3.7/site-packages/airflow/example_dags/example_sla_dag.py
[2024-08-17T22:04:24.753+0000] {processor.py:836} INFO - DAG(s) dict_keys(['example_sla_dag']) retrieved from /home/airflow/.local/lib/python3.7/site-packages/airflow/example_dags/example_sla_dag.py
[2024-08-17T22:04:24.835+0000] {logging_mixin.py:150} INFO - [2024-08-17T22:04:24.835+0000] {dag.py:2742} INFO - Sync 1 DAGs
[2024-08-17T22:04:24.923+0000] {logging_mixin.py:150} INFO - [2024-08-17T22:04:24.923+0000] {dag.py:3508} INFO - Setting next_dagrun for example_sla_dag to 2024-08-17T22:02:00+00:00, run_after=2024-08-17T22:04:00+00:00
[2024-08-17T22:04:24.963+0000] {processor.py:179} INFO - Processing /home/airflow/.local/lib/python3.7/site-packages/airflow/example_dags/example_sla_dag.py took 0.266 seconds
[2024-08-17T22:04:55.392+0000] {processor.py:157} INFO - Started process (PID=640) to work on /home/airflow/.local/lib/python3.7/site-packages/airflow/example_dags/example_sla_dag.py
[2024-08-17T22:04:55.394+0000] {processor.py:826} INFO - Processing file /home/airflow/.local/lib/python3.7/site-packages/airflow/example_dags/example_sla_dag.py for tasks to queue
[2024-08-17T22:04:55.396+0000] {logging_mixin.py:150} INFO - [2024-08-17T22:04:55.395+0000] {dagbag.py:541} INFO - Filling up the DagBag from /home/airflow/.local/lib/python3.7/site-packages/airflow/example_dags/example_sla_dag.py
[2024-08-17T22:04:55.410+0000] {processor.py:836} INFO - DAG(s) dict_keys(['example_sla_dag']) retrieved from /home/airflow/.local/lib/python3.7/site-packages/airflow/example_dags/example_sla_dag.py
[2024-08-17T22:04:55.602+0000] {logging_mixin.py:150} INFO - [2024-08-17T22:04:55.601+0000] {dag.py:2742} INFO - Sync 1 DAGs
[2024-08-17T22:04:55.670+0000] {logging_mixin.py:150} INFO - [2024-08-17T22:04:55.670+0000] {dag.py:3508} INFO - Setting next_dagrun for example_sla_dag to 2024-08-17T22:02:00+00:00, run_after=2024-08-17T22:04:00+00:00
[2024-08-17T22:04:55.709+0000] {processor.py:179} INFO - Processing /home/airflow/.local/lib/python3.7/site-packages/airflow/example_dags/example_sla_dag.py took 0.320 seconds
[2024-08-17T22:05:27.512+0000] {processor.py:157} INFO - Started process (PID=878) to work on /home/airflow/.local/lib/python3.7/site-packages/airflow/example_dags/example_sla_dag.py
[2024-08-17T22:05:27.584+0000] {processor.py:826} INFO - Processing file /home/airflow/.local/lib/python3.7/site-packages/airflow/example_dags/example_sla_dag.py for tasks to queue
[2024-08-17T22:05:27.593+0000] {logging_mixin.py:150} INFO - [2024-08-17T22:05:27.591+0000] {dagbag.py:541} INFO - Filling up the DagBag from /home/airflow/.local/lib/python3.7/site-packages/airflow/example_dags/example_sla_dag.py
[2024-08-17T22:05:27.824+0000] {processor.py:836} INFO - DAG(s) dict_keys(['example_sla_dag']) retrieved from /home/airflow/.local/lib/python3.7/site-packages/airflow/example_dags/example_sla_dag.py
[2024-08-17T22:05:28.641+0000] {logging_mixin.py:150} INFO - [2024-08-17T22:05:28.626+0000] {dag.py:2742} INFO - Sync 1 DAGs
[2024-08-17T22:05:29.124+0000] {logging_mixin.py:150} INFO - [2024-08-17T22:05:29.123+0000] {dag.py:3508} INFO - Setting next_dagrun for example_sla_dag to 2024-08-17T22:02:00+00:00, run_after=2024-08-17T22:04:00+00:00
[2024-08-17T22:05:29.285+0000] {processor.py:179} INFO - Processing /home/airflow/.local/lib/python3.7/site-packages/airflow/example_dags/example_sla_dag.py took 1.970 seconds
[2024-08-17T22:05:59.742+0000] {processor.py:157} INFO - Started process (PID=1121) to work on /home/airflow/.local/lib/python3.7/site-packages/airflow/example_dags/example_sla_dag.py
[2024-08-17T22:05:59.745+0000] {processor.py:826} INFO - Processing file /home/airflow/.local/lib/python3.7/site-packages/airflow/example_dags/example_sla_dag.py for tasks to queue
[2024-08-17T22:05:59.746+0000] {logging_mixin.py:150} INFO - [2024-08-17T22:05:59.746+0000] {dagbag.py:541} INFO - Filling up the DagBag from /home/airflow/.local/lib/python3.7/site-packages/airflow/example_dags/example_sla_dag.py
[2024-08-17T22:05:59.771+0000] {processor.py:836} INFO - DAG(s) dict_keys(['example_sla_dag']) retrieved from /home/airflow/.local/lib/python3.7/site-packages/airflow/example_dags/example_sla_dag.py
[2024-08-17T22:05:59.825+0000] {logging_mixin.py:150} INFO - [2024-08-17T22:05:59.825+0000] {dag.py:2742} INFO - Sync 1 DAGs
[2024-08-17T22:05:59.898+0000] {logging_mixin.py:150} INFO - [2024-08-17T22:05:59.898+0000] {dag.py:3508} INFO - Setting next_dagrun for example_sla_dag to 2024-08-17T22:02:00+00:00, run_after=2024-08-17T22:04:00+00:00
[2024-08-17T22:06:00.018+0000] {processor.py:179} INFO - Processing /home/airflow/.local/lib/python3.7/site-packages/airflow/example_dags/example_sla_dag.py took 0.282 seconds
[2024-08-17T22:06:30.099+0000] {processor.py:157} INFO - Started process (PID=1354) to work on /home/airflow/.local/lib/python3.7/site-packages/airflow/example_dags/example_sla_dag.py
[2024-08-17T22:06:30.101+0000] {processor.py:826} INFO - Processing file /home/airflow/.local/lib/python3.7/site-packages/airflow/example_dags/example_sla_dag.py for tasks to queue
[2024-08-17T22:06:30.103+0000] {logging_mixin.py:150} INFO - [2024-08-17T22:06:30.103+0000] {dagbag.py:541} INFO - Filling up the DagBag from /home/airflow/.local/lib/python3.7/site-packages/airflow/example_dags/example_sla_dag.py
[2024-08-17T22:06:30.120+0000] {processor.py:836} INFO - DAG(s) dict_keys(['example_sla_dag']) retrieved from /home/airflow/.local/lib/python3.7/site-packages/airflow/example_dags/example_sla_dag.py
[2024-08-17T22:06:30.166+0000] {logging_mixin.py:150} INFO - [2024-08-17T22:06:30.166+0000] {dag.py:2742} INFO - Sync 1 DAGs
[2024-08-17T22:06:30.252+0000] {logging_mixin.py:150} INFO - [2024-08-17T22:06:30.251+0000] {dag.py:3508} INFO - Setting next_dagrun for example_sla_dag to 2024-08-17T22:04:00+00:00, run_after=2024-08-17T22:06:00+00:00
[2024-08-17T22:06:30.289+0000] {processor.py:179} INFO - Processing /home/airflow/.local/lib/python3.7/site-packages/airflow/example_dags/example_sla_dag.py took 0.196 seconds
[2024-08-17T22:07:00.900+0000] {processor.py:157} INFO - Started process (PID=1592) to work on /home/airflow/.local/lib/python3.7/site-packages/airflow/example_dags/example_sla_dag.py
[2024-08-17T22:07:00.902+0000] {processor.py:826} INFO - Processing file /home/airflow/.local/lib/python3.7/site-packages/airflow/example_dags/example_sla_dag.py for tasks to queue
[2024-08-17T22:07:00.905+0000] {logging_mixin.py:150} INFO - [2024-08-17T22:07:00.904+0000] {dagbag.py:541} INFO - Filling up the DagBag from /home/airflow/.local/lib/python3.7/site-packages/airflow/example_dags/example_sla_dag.py
[2024-08-17T22:07:00.922+0000] {processor.py:836} INFO - DAG(s) dict_keys(['example_sla_dag']) retrieved from /home/airflow/.local/lib/python3.7/site-packages/airflow/example_dags/example_sla_dag.py
[2024-08-17T22:07:00.985+0000] {logging_mixin.py:150} INFO - [2024-08-17T22:07:00.985+0000] {dag.py:2742} INFO - Sync 1 DAGs
[2024-08-17T22:07:01.053+0000] {logging_mixin.py:150} INFO - [2024-08-17T22:07:01.053+0000] {dag.py:3508} INFO - Setting next_dagrun for example_sla_dag to 2024-08-17T22:04:00+00:00, run_after=2024-08-17T22:06:00+00:00
[2024-08-17T22:07:01.093+0000] {processor.py:179} INFO - Processing /home/airflow/.local/lib/python3.7/site-packages/airflow/example_dags/example_sla_dag.py took 0.207 seconds
[2024-08-17T22:07:31.536+0000] {processor.py:157} INFO - Started process (PID=1830) to work on /home/airflow/.local/lib/python3.7/site-packages/airflow/example_dags/example_sla_dag.py
[2024-08-17T22:07:31.537+0000] {processor.py:826} INFO - Processing file /home/airflow/.local/lib/python3.7/site-packages/airflow/example_dags/example_sla_dag.py for tasks to queue
[2024-08-17T22:07:31.539+0000] {logging_mixin.py:150} INFO - [2024-08-17T22:07:31.539+0000] {dagbag.py:541} INFO - Filling up the DagBag from /home/airflow/.local/lib/python3.7/site-packages/airflow/example_dags/example_sla_dag.py
[2024-08-17T22:07:31.550+0000] {processor.py:836} INFO - DAG(s) dict_keys(['example_sla_dag']) retrieved from /home/airflow/.local/lib/python3.7/site-packages/airflow/example_dags/example_sla_dag.py
[2024-08-17T22:07:31.582+0000] {logging_mixin.py:150} INFO - [2024-08-17T22:07:31.582+0000] {dag.py:2742} INFO - Sync 1 DAGs
[2024-08-17T22:07:31.625+0000] {logging_mixin.py:150} INFO - [2024-08-17T22:07:31.625+0000] {dag.py:3508} INFO - Setting next_dagrun for example_sla_dag to 2024-08-17T22:04:00+00:00, run_after=2024-08-17T22:06:00+00:00
[2024-08-17T22:07:31.652+0000] {processor.py:179} INFO - Processing /home/airflow/.local/lib/python3.7/site-packages/airflow/example_dags/example_sla_dag.py took 0.121 seconds
[2024-08-17T22:08:02.352+0000] {processor.py:157} INFO - Started process (PID=2154) to work on /home/airflow/.local/lib/python3.7/site-packages/airflow/example_dags/example_sla_dag.py
[2024-08-17T22:08:02.372+0000] {processor.py:826} INFO - Processing file /home/airflow/.local/lib/python3.7/site-packages/airflow/example_dags/example_sla_dag.py for tasks to queue
[2024-08-17T22:08:02.393+0000] {logging_mixin.py:150} INFO - [2024-08-17T22:08:02.390+0000] {dagbag.py:541} INFO - Filling up the DagBag from /home/airflow/.local/lib/python3.7/site-packages/airflow/example_dags/example_sla_dag.py
[2024-08-17T22:08:02.553+0000] {processor.py:836} INFO - DAG(s) dict_keys(['example_sla_dag']) retrieved from /home/airflow/.local/lib/python3.7/site-packages/airflow/example_dags/example_sla_dag.py
[2024-08-17T22:08:03.191+0000] {logging_mixin.py:150} INFO - [2024-08-17T22:08:03.190+0000] {dag.py:2742} INFO - Sync 1 DAGs
[2024-08-17T22:08:04.482+0000] {logging_mixin.py:150} INFO - [2024-08-17T22:08:04.481+0000] {dag.py:3508} INFO - Setting next_dagrun for example_sla_dag to 2024-08-17T22:06:00+00:00, run_after=2024-08-17T22:08:00+00:00
[2024-08-17T22:08:04.774+0000] {processor.py:179} INFO - Processing /home/airflow/.local/lib/python3.7/site-packages/airflow/example_dags/example_sla_dag.py took 2.473 seconds
[2024-08-17T22:08:35.016+0000] {processor.py:157} INFO - Started process (PID=2425) to work on /home/airflow/.local/lib/python3.7/site-packages/airflow/example_dags/example_sla_dag.py
[2024-08-17T22:08:35.018+0000] {processor.py:826} INFO - Processing file /home/airflow/.local/lib/python3.7/site-packages/airflow/example_dags/example_sla_dag.py for tasks to queue
[2024-08-17T22:08:35.019+0000] {logging_mixin.py:150} INFO - [2024-08-17T22:08:35.019+0000] {dagbag.py:541} INFO - Filling up the DagBag from /home/airflow/.local/lib/python3.7/site-packages/airflow/example_dags/example_sla_dag.py
[2024-08-17T22:08:35.032+0000] {processor.py:836} INFO - DAG(s) dict_keys(['example_sla_dag']) retrieved from /home/airflow/.local/lib/python3.7/site-packages/airflow/example_dags/example_sla_dag.py
[2024-08-17T22:08:35.067+0000] {logging_mixin.py:150} INFO - [2024-08-17T22:08:35.067+0000] {dag.py:2742} INFO - Sync 1 DAGs
[2024-08-17T22:08:35.106+0000] {logging_mixin.py:150} INFO - [2024-08-17T22:08:35.105+0000] {dag.py:3508} INFO - Setting next_dagrun for example_sla_dag to 2024-08-17T22:06:00+00:00, run_after=2024-08-17T22:08:00+00:00
[2024-08-17T22:08:35.130+0000] {processor.py:179} INFO - Processing /home/airflow/.local/lib/python3.7/site-packages/airflow/example_dags/example_sla_dag.py took 0.119 seconds
[2024-08-17T22:09:05.364+0000] {processor.py:157} INFO - Started process (PID=2663) to work on /home/airflow/.local/lib/python3.7/site-packages/airflow/example_dags/example_sla_dag.py
[2024-08-17T22:09:05.365+0000] {processor.py:826} INFO - Processing file /home/airflow/.local/lib/python3.7/site-packages/airflow/example_dags/example_sla_dag.py for tasks to queue
[2024-08-17T22:09:05.366+0000] {logging_mixin.py:150} INFO - [2024-08-17T22:09:05.366+0000] {dagbag.py:541} INFO - Filling up the DagBag from /home/airflow/.local/lib/python3.7/site-packages/airflow/example_dags/example_sla_dag.py
[2024-08-17T22:09:05.381+0000] {processor.py:836} INFO - DAG(s) dict_keys(['example_sla_dag']) retrieved from /home/airflow/.local/lib/python3.7/site-packages/airflow/example_dags/example_sla_dag.py
[2024-08-17T22:09:05.421+0000] {logging_mixin.py:150} INFO - [2024-08-17T22:09:05.421+0000] {dag.py:2742} INFO - Sync 1 DAGs
[2024-08-17T22:09:05.466+0000] {logging_mixin.py:150} INFO - [2024-08-17T22:09:05.465+0000] {dag.py:3508} INFO - Setting next_dagrun for example_sla_dag to 2024-08-17T22:06:00+00:00, run_after=2024-08-17T22:08:00+00:00
[2024-08-17T22:09:05.501+0000] {processor.py:179} INFO - Processing /home/airflow/.local/lib/python3.7/site-packages/airflow/example_dags/example_sla_dag.py took 0.145 seconds
[2024-08-17T22:09:35.930+0000] {processor.py:157} INFO - Started process (PID=2901) to work on /home/airflow/.local/lib/python3.7/site-packages/airflow/example_dags/example_sla_dag.py
[2024-08-17T22:09:35.933+0000] {processor.py:826} INFO - Processing file /home/airflow/.local/lib/python3.7/site-packages/airflow/example_dags/example_sla_dag.py for tasks to queue
[2024-08-17T22:09:35.934+0000] {logging_mixin.py:150} INFO - [2024-08-17T22:09:35.934+0000] {dagbag.py:541} INFO - Filling up the DagBag from /home/airflow/.local/lib/python3.7/site-packages/airflow/example_dags/example_sla_dag.py
[2024-08-17T22:09:35.949+0000] {processor.py:836} INFO - DAG(s) dict_keys(['example_sla_dag']) retrieved from /home/airflow/.local/lib/python3.7/site-packages/airflow/example_dags/example_sla_dag.py
[2024-08-17T22:09:36.030+0000] {logging_mixin.py:150} INFO - [2024-08-17T22:09:36.030+0000] {dag.py:2742} INFO - Sync 1 DAGs
[2024-08-17T22:09:36.069+0000] {logging_mixin.py:150} INFO - [2024-08-17T22:09:36.069+0000] {dag.py:3508} INFO - Setting next_dagrun for example_sla_dag to 2024-08-17T22:06:00+00:00, run_after=2024-08-17T22:08:00+00:00
[2024-08-17T22:09:36.093+0000] {processor.py:179} INFO - Processing /home/airflow/.local/lib/python3.7/site-packages/airflow/example_dags/example_sla_dag.py took 0.167 seconds
[2024-08-17T22:10:06.214+0000] {processor.py:157} INFO - Started process (PID=3139) to work on /home/airflow/.local/lib/python3.7/site-packages/airflow/example_dags/example_sla_dag.py
[2024-08-17T22:10:06.215+0000] {processor.py:826} INFO - Processing file /home/airflow/.local/lib/python3.7/site-packages/airflow/example_dags/example_sla_dag.py for tasks to queue
[2024-08-17T22:10:06.216+0000] {logging_mixin.py:150} INFO - [2024-08-17T22:10:06.216+0000] {dagbag.py:541} INFO - Filling up the DagBag from /home/airflow/.local/lib/python3.7/site-packages/airflow/example_dags/example_sla_dag.py
[2024-08-17T22:10:06.227+0000] {processor.py:836} INFO - DAG(s) dict_keys(['example_sla_dag']) retrieved from /home/airflow/.local/lib/python3.7/site-packages/airflow/example_dags/example_sla_dag.py
[2024-08-17T22:10:06.255+0000] {logging_mixin.py:150} INFO - [2024-08-17T22:10:06.255+0000] {dag.py:2742} INFO - Sync 1 DAGs
[2024-08-17T22:10:06.289+0000] {logging_mixin.py:150} INFO - [2024-08-17T22:10:06.289+0000] {dag.py:3508} INFO - Setting next_dagrun for example_sla_dag to 2024-08-17T22:08:00+00:00, run_after=2024-08-17T22:10:00+00:00
[2024-08-17T22:10:06.312+0000] {processor.py:179} INFO - Processing /home/airflow/.local/lib/python3.7/site-packages/airflow/example_dags/example_sla_dag.py took 0.102 seconds
[2024-08-17T22:10:36.459+0000] {processor.py:157} INFO - Started process (PID=3377) to work on /home/airflow/.local/lib/python3.7/site-packages/airflow/example_dags/example_sla_dag.py
[2024-08-17T22:10:36.461+0000] {processor.py:826} INFO - Processing file /home/airflow/.local/lib/python3.7/site-packages/airflow/example_dags/example_sla_dag.py for tasks to queue
[2024-08-17T22:10:36.462+0000] {logging_mixin.py:150} INFO - [2024-08-17T22:10:36.462+0000] {dagbag.py:541} INFO - Filling up the DagBag from /home/airflow/.local/lib/python3.7/site-packages/airflow/example_dags/example_sla_dag.py
[2024-08-17T22:10:36.476+0000] {processor.py:836} INFO - DAG(s) dict_keys(['example_sla_dag']) retrieved from /home/airflow/.local/lib/python3.7/site-packages/airflow/example_dags/example_sla_dag.py
[2024-08-17T22:10:36.507+0000] {logging_mixin.py:150} INFO - [2024-08-17T22:10:36.507+0000] {dag.py:2742} INFO - Sync 1 DAGs
[2024-08-17T22:10:36.546+0000] {logging_mixin.py:150} INFO - [2024-08-17T22:10:36.545+0000] {dag.py:3508} INFO - Setting next_dagrun for example_sla_dag to 2024-08-17T22:08:00+00:00, run_after=2024-08-17T22:10:00+00:00
[2024-08-17T22:10:36.570+0000] {processor.py:179} INFO - Processing /home/airflow/.local/lib/python3.7/site-packages/airflow/example_dags/example_sla_dag.py took 0.117 seconds
[2024-08-17T22:11:07.324+0000] {processor.py:157} INFO - Started process (PID=3615) to work on /home/airflow/.local/lib/python3.7/site-packages/airflow/example_dags/example_sla_dag.py
[2024-08-17T22:11:07.326+0000] {processor.py:826} INFO - Processing file /home/airflow/.local/lib/python3.7/site-packages/airflow/example_dags/example_sla_dag.py for tasks to queue
[2024-08-17T22:11:07.327+0000] {logging_mixin.py:150} INFO - [2024-08-17T22:11:07.327+0000] {dagbag.py:541} INFO - Filling up the DagBag from /home/airflow/.local/lib/python3.7/site-packages/airflow/example_dags/example_sla_dag.py
[2024-08-17T22:11:07.339+0000] {processor.py:836} INFO - DAG(s) dict_keys(['example_sla_dag']) retrieved from /home/airflow/.local/lib/python3.7/site-packages/airflow/example_dags/example_sla_dag.py
[2024-08-17T22:11:07.371+0000] {logging_mixin.py:150} INFO - [2024-08-17T22:11:07.371+0000] {dag.py:2742} INFO - Sync 1 DAGs
[2024-08-17T22:11:07.407+0000] {logging_mixin.py:150} INFO - [2024-08-17T22:11:07.407+0000] {dag.py:3508} INFO - Setting next_dagrun for example_sla_dag to 2024-08-17T22:08:00+00:00, run_after=2024-08-17T22:10:00+00:00
[2024-08-17T22:11:07.432+0000] {processor.py:179} INFO - Processing /home/airflow/.local/lib/python3.7/site-packages/airflow/example_dags/example_sla_dag.py took 0.112 seconds
[2024-08-17T22:12:06.923+0000] {processor.py:157} INFO - Started process (PID=162) to work on /home/airflow/.local/lib/python3.7/site-packages/airflow/example_dags/example_sla_dag.py
[2024-08-17T22:12:06.931+0000] {processor.py:826} INFO - Processing file /home/airflow/.local/lib/python3.7/site-packages/airflow/example_dags/example_sla_dag.py for tasks to queue
[2024-08-17T22:12:06.936+0000] {logging_mixin.py:150} INFO - [2024-08-17T22:12:06.935+0000] {dagbag.py:541} INFO - Filling up the DagBag from /home/airflow/.local/lib/python3.7/site-packages/airflow/example_dags/example_sla_dag.py
[2024-08-17T22:12:07.029+0000] {processor.py:836} INFO - DAG(s) dict_keys(['example_sla_dag']) retrieved from /home/airflow/.local/lib/python3.7/site-packages/airflow/example_dags/example_sla_dag.py
[2024-08-17T22:12:08.137+0000] {logging_mixin.py:150} INFO - [2024-08-17T22:12:08.136+0000] {dag.py:2742} INFO - Sync 1 DAGs
[2024-08-17T22:12:08.205+0000] {logging_mixin.py:150} INFO - [2024-08-17T22:12:08.204+0000] {dag.py:3508} INFO - Setting next_dagrun for example_sla_dag to 2024-08-17T22:10:00+00:00, run_after=2024-08-17T22:12:00+00:00
[2024-08-17T22:12:08.346+0000] {processor.py:179} INFO - Processing /home/airflow/.local/lib/python3.7/site-packages/airflow/example_dags/example_sla_dag.py took 1.439 seconds
[2024-08-17T22:12:39.450+0000] {processor.py:157} INFO - Started process (PID=401) to work on /home/airflow/.local/lib/python3.7/site-packages/airflow/example_dags/example_sla_dag.py
[2024-08-17T22:12:39.459+0000] {processor.py:826} INFO - Processing file /home/airflow/.local/lib/python3.7/site-packages/airflow/example_dags/example_sla_dag.py for tasks to queue
[2024-08-17T22:12:39.465+0000] {logging_mixin.py:150} INFO - [2024-08-17T22:12:39.463+0000] {dagbag.py:541} INFO - Filling up the DagBag from /home/airflow/.local/lib/python3.7/site-packages/airflow/example_dags/example_sla_dag.py
[2024-08-17T22:12:39.513+0000] {processor.py:836} INFO - DAG(s) dict_keys(['example_sla_dag']) retrieved from /home/airflow/.local/lib/python3.7/site-packages/airflow/example_dags/example_sla_dag.py
[2024-08-17T22:12:39.601+0000] {logging_mixin.py:150} INFO - [2024-08-17T22:12:39.601+0000] {dag.py:2742} INFO - Sync 1 DAGs
[2024-08-17T22:12:39.668+0000] {logging_mixin.py:150} INFO - [2024-08-17T22:12:39.668+0000] {dag.py:3508} INFO - Setting next_dagrun for example_sla_dag to 2024-08-17T22:10:00+00:00, run_after=2024-08-17T22:12:00+00:00
[2024-08-17T22:12:39.701+0000] {processor.py:179} INFO - Processing /home/airflow/.local/lib/python3.7/site-packages/airflow/example_dags/example_sla_dag.py took 0.273 seconds
[2024-08-17T22:13:10.229+0000] {processor.py:157} INFO - Started process (PID=639) to work on /home/airflow/.local/lib/python3.7/site-packages/airflow/example_dags/example_sla_dag.py
[2024-08-17T22:13:10.230+0000] {processor.py:826} INFO - Processing file /home/airflow/.local/lib/python3.7/site-packages/airflow/example_dags/example_sla_dag.py for tasks to queue
[2024-08-17T22:13:10.232+0000] {logging_mixin.py:150} INFO - [2024-08-17T22:13:10.232+0000] {dagbag.py:541} INFO - Filling up the DagBag from /home/airflow/.local/lib/python3.7/site-packages/airflow/example_dags/example_sla_dag.py
[2024-08-17T22:13:10.250+0000] {processor.py:836} INFO - DAG(s) dict_keys(['example_sla_dag']) retrieved from /home/airflow/.local/lib/python3.7/site-packages/airflow/example_dags/example_sla_dag.py
[2024-08-17T22:13:10.462+0000] {logging_mixin.py:150} INFO - [2024-08-17T22:13:10.462+0000] {dag.py:2742} INFO - Sync 1 DAGs
[2024-08-17T22:13:10.665+0000] {logging_mixin.py:150} INFO - [2024-08-17T22:13:10.665+0000] {dag.py:3508} INFO - Setting next_dagrun for example_sla_dag to 2024-08-17T22:10:00+00:00, run_after=2024-08-17T22:12:00+00:00
[2024-08-17T22:13:10.856+0000] {processor.py:179} INFO - Processing /home/airflow/.local/lib/python3.7/site-packages/airflow/example_dags/example_sla_dag.py took 0.634 seconds
[2024-08-17T22:13:41.380+0000] {processor.py:157} INFO - Started process (PID=877) to work on /home/airflow/.local/lib/python3.7/site-packages/airflow/example_dags/example_sla_dag.py
[2024-08-17T22:13:41.381+0000] {processor.py:826} INFO - Processing file /home/airflow/.local/lib/python3.7/site-packages/airflow/example_dags/example_sla_dag.py for tasks to queue
[2024-08-17T22:13:41.383+0000] {logging_mixin.py:150} INFO - [2024-08-17T22:13:41.383+0000] {dagbag.py:541} INFO - Filling up the DagBag from /home/airflow/.local/lib/python3.7/site-packages/airflow/example_dags/example_sla_dag.py
[2024-08-17T22:13:41.394+0000] {processor.py:836} INFO - DAG(s) dict_keys(['example_sla_dag']) retrieved from /home/airflow/.local/lib/python3.7/site-packages/airflow/example_dags/example_sla_dag.py
[2024-08-17T22:13:41.426+0000] {logging_mixin.py:150} INFO - [2024-08-17T22:13:41.426+0000] {dag.py:2742} INFO - Sync 1 DAGs
[2024-08-17T22:13:41.464+0000] {logging_mixin.py:150} INFO - [2024-08-17T22:13:41.464+0000] {dag.py:3508} INFO - Setting next_dagrun for example_sla_dag to 2024-08-17T22:10:00+00:00, run_after=2024-08-17T22:12:00+00:00
[2024-08-17T22:13:41.489+0000] {processor.py:179} INFO - Processing /home/airflow/.local/lib/python3.7/site-packages/airflow/example_dags/example_sla_dag.py took 0.114 seconds
[2024-08-17T22:14:11.525+0000] {processor.py:157} INFO - Started process (PID=1115) to work on /home/airflow/.local/lib/python3.7/site-packages/airflow/example_dags/example_sla_dag.py
[2024-08-17T22:14:11.527+0000] {processor.py:826} INFO - Processing file /home/airflow/.local/lib/python3.7/site-packages/airflow/example_dags/example_sla_dag.py for tasks to queue
[2024-08-17T22:14:11.528+0000] {logging_mixin.py:150} INFO - [2024-08-17T22:14:11.528+0000] {dagbag.py:541} INFO - Filling up the DagBag from /home/airflow/.local/lib/python3.7/site-packages/airflow/example_dags/example_sla_dag.py
[2024-08-17T22:14:11.542+0000] {processor.py:836} INFO - DAG(s) dict_keys(['example_sla_dag']) retrieved from /home/airflow/.local/lib/python3.7/site-packages/airflow/example_dags/example_sla_dag.py
[2024-08-17T22:14:11.576+0000] {logging_mixin.py:150} INFO - [2024-08-17T22:14:11.576+0000] {dag.py:2742} INFO - Sync 1 DAGs
[2024-08-17T22:14:11.614+0000] {logging_mixin.py:150} INFO - [2024-08-17T22:14:11.614+0000] {dag.py:3508} INFO - Setting next_dagrun for example_sla_dag to 2024-08-17T22:12:00+00:00, run_after=2024-08-17T22:14:00+00:00
[2024-08-17T22:14:11.638+0000] {processor.py:179} INFO - Processing /home/airflow/.local/lib/python3.7/site-packages/airflow/example_dags/example_sla_dag.py took 0.118 seconds
[2024-08-17T22:14:42.421+0000] {processor.py:157} INFO - Started process (PID=1353) to work on /home/airflow/.local/lib/python3.7/site-packages/airflow/example_dags/example_sla_dag.py
[2024-08-17T22:14:42.423+0000] {processor.py:826} INFO - Processing file /home/airflow/.local/lib/python3.7/site-packages/airflow/example_dags/example_sla_dag.py for tasks to queue
[2024-08-17T22:14:42.424+0000] {logging_mixin.py:150} INFO - [2024-08-17T22:14:42.424+0000] {dagbag.py:541} INFO - Filling up the DagBag from /home/airflow/.local/lib/python3.7/site-packages/airflow/example_dags/example_sla_dag.py
[2024-08-17T22:14:42.436+0000] {processor.py:836} INFO - DAG(s) dict_keys(['example_sla_dag']) retrieved from /home/airflow/.local/lib/python3.7/site-packages/airflow/example_dags/example_sla_dag.py
[2024-08-17T22:14:42.467+0000] {logging_mixin.py:150} INFO - [2024-08-17T22:14:42.467+0000] {dag.py:2742} INFO - Sync 1 DAGs
[2024-08-17T22:14:42.503+0000] {logging_mixin.py:150} INFO - [2024-08-17T22:14:42.503+0000] {dag.py:3508} INFO - Setting next_dagrun for example_sla_dag to 2024-08-17T22:12:00+00:00, run_after=2024-08-17T22:14:00+00:00
[2024-08-17T22:14:42.526+0000] {processor.py:179} INFO - Processing /home/airflow/.local/lib/python3.7/site-packages/airflow/example_dags/example_sla_dag.py took 0.110 seconds
[2024-08-17T22:15:13.188+0000] {processor.py:157} INFO - Started process (PID=1591) to work on /home/airflow/.local/lib/python3.7/site-packages/airflow/example_dags/example_sla_dag.py
[2024-08-17T22:15:13.190+0000] {processor.py:826} INFO - Processing file /home/airflow/.local/lib/python3.7/site-packages/airflow/example_dags/example_sla_dag.py for tasks to queue
[2024-08-17T22:15:13.191+0000] {logging_mixin.py:150} INFO - [2024-08-17T22:15:13.191+0000] {dagbag.py:541} INFO - Filling up the DagBag from /home/airflow/.local/lib/python3.7/site-packages/airflow/example_dags/example_sla_dag.py
[2024-08-17T22:15:13.204+0000] {processor.py:836} INFO - DAG(s) dict_keys(['example_sla_dag']) retrieved from /home/airflow/.local/lib/python3.7/site-packages/airflow/example_dags/example_sla_dag.py
[2024-08-17T22:15:13.237+0000] {logging_mixin.py:150} INFO - [2024-08-17T22:15:13.237+0000] {dag.py:2742} INFO - Sync 1 DAGs
[2024-08-17T22:15:13.272+0000] {logging_mixin.py:150} INFO - [2024-08-17T22:15:13.272+0000] {dag.py:3508} INFO - Setting next_dagrun for example_sla_dag to 2024-08-17T22:12:00+00:00, run_after=2024-08-17T22:14:00+00:00
[2024-08-17T22:15:13.295+0000] {processor.py:179} INFO - Processing /home/airflow/.local/lib/python3.7/site-packages/airflow/example_dags/example_sla_dag.py took 0.112 seconds
[2024-08-17T22:15:43.333+0000] {processor.py:157} INFO - Started process (PID=1829) to work on /home/airflow/.local/lib/python3.7/site-packages/airflow/example_dags/example_sla_dag.py
[2024-08-17T22:15:43.335+0000] {processor.py:826} INFO - Processing file /home/airflow/.local/lib/python3.7/site-packages/airflow/example_dags/example_sla_dag.py for tasks to queue
[2024-08-17T22:15:43.337+0000] {logging_mixin.py:150} INFO - [2024-08-17T22:15:43.336+0000] {dagbag.py:541} INFO - Filling up the DagBag from /home/airflow/.local/lib/python3.7/site-packages/airflow/example_dags/example_sla_dag.py
[2024-08-17T22:15:43.352+0000] {processor.py:836} INFO - DAG(s) dict_keys(['example_sla_dag']) retrieved from /home/airflow/.local/lib/python3.7/site-packages/airflow/example_dags/example_sla_dag.py
[2024-08-17T22:15:43.380+0000] {logging_mixin.py:150} INFO - [2024-08-17T22:15:43.380+0000] {dag.py:2742} INFO - Sync 1 DAGs
[2024-08-17T22:15:43.415+0000] {logging_mixin.py:150} INFO - [2024-08-17T22:15:43.414+0000] {dag.py:3508} INFO - Setting next_dagrun for example_sla_dag to 2024-08-17T22:12:00+00:00, run_after=2024-08-17T22:14:00+00:00
[2024-08-17T22:15:43.437+0000] {processor.py:179} INFO - Processing /home/airflow/.local/lib/python3.7/site-packages/airflow/example_dags/example_sla_dag.py took 0.110 seconds
[2024-08-17T22:16:13.492+0000] {processor.py:157} INFO - Started process (PID=2067) to work on /home/airflow/.local/lib/python3.7/site-packages/airflow/example_dags/example_sla_dag.py
[2024-08-17T22:16:13.495+0000] {processor.py:826} INFO - Processing file /home/airflow/.local/lib/python3.7/site-packages/airflow/example_dags/example_sla_dag.py for tasks to queue
[2024-08-17T22:16:13.496+0000] {logging_mixin.py:150} INFO - [2024-08-17T22:16:13.496+0000] {dagbag.py:541} INFO - Filling up the DagBag from /home/airflow/.local/lib/python3.7/site-packages/airflow/example_dags/example_sla_dag.py
[2024-08-17T22:16:13.511+0000] {processor.py:836} INFO - DAG(s) dict_keys(['example_sla_dag']) retrieved from /home/airflow/.local/lib/python3.7/site-packages/airflow/example_dags/example_sla_dag.py
[2024-08-17T22:16:13.553+0000] {logging_mixin.py:150} INFO - [2024-08-17T22:16:13.552+0000] {dag.py:2742} INFO - Sync 1 DAGs
[2024-08-17T22:16:13.594+0000] {logging_mixin.py:150} INFO - [2024-08-17T22:16:13.594+0000] {dag.py:3508} INFO - Setting next_dagrun for example_sla_dag to 2024-08-17T22:14:00+00:00, run_after=2024-08-17T22:16:00+00:00
[2024-08-17T22:16:13.619+0000] {processor.py:179} INFO - Processing /home/airflow/.local/lib/python3.7/site-packages/airflow/example_dags/example_sla_dag.py took 0.134 seconds
[2024-08-17T22:16:43.902+0000] {processor.py:157} INFO - Started process (PID=2305) to work on /home/airflow/.local/lib/python3.7/site-packages/airflow/example_dags/example_sla_dag.py
[2024-08-17T22:16:43.906+0000] {processor.py:826} INFO - Processing file /home/airflow/.local/lib/python3.7/site-packages/airflow/example_dags/example_sla_dag.py for tasks to queue
[2024-08-17T22:16:43.909+0000] {logging_mixin.py:150} INFO - [2024-08-17T22:16:43.909+0000] {dagbag.py:541} INFO - Filling up the DagBag from /home/airflow/.local/lib/python3.7/site-packages/airflow/example_dags/example_sla_dag.py
[2024-08-17T22:16:43.927+0000] {processor.py:836} INFO - DAG(s) dict_keys(['example_sla_dag']) retrieved from /home/airflow/.local/lib/python3.7/site-packages/airflow/example_dags/example_sla_dag.py
[2024-08-17T22:16:43.978+0000] {logging_mixin.py:150} INFO - [2024-08-17T22:16:43.978+0000] {dag.py:2742} INFO - Sync 1 DAGs
[2024-08-17T22:16:44.025+0000] {logging_mixin.py:150} INFO - [2024-08-17T22:16:44.025+0000] {dag.py:3508} INFO - Setting next_dagrun for example_sla_dag to 2024-08-17T22:14:00+00:00, run_after=2024-08-17T22:16:00+00:00
[2024-08-17T22:16:44.053+0000] {processor.py:179} INFO - Processing /home/airflow/.local/lib/python3.7/site-packages/airflow/example_dags/example_sla_dag.py took 0.158 seconds
