[2024-08-17T22:03:56.748+0000] {processor.py:157} INFO - Started process (PID=212) to work on /home/airflow/.local/lib/python3.7/site-packages/airflow/example_dags/example_complex.py
[2024-08-17T22:03:56.750+0000] {processor.py:826} INFO - Processing file /home/airflow/.local/lib/python3.7/site-packages/airflow/example_dags/example_complex.py for tasks to queue
[2024-08-17T22:03:56.751+0000] {logging_mixin.py:150} INFO - [2024-08-17T22:03:56.751+0000] {dagbag.py:541} INFO - Filling up the DagBag from /home/airflow/.local/lib/python3.7/site-packages/airflow/example_dags/example_complex.py
[2024-08-17T22:03:56.779+0000] {processor.py:836} INFO - DAG(s) dict_keys(['example_complex']) retrieved from /home/airflow/.local/lib/python3.7/site-packages/airflow/example_dags/example_complex.py
[2024-08-17T22:03:56.982+0000] {logging_mixin.py:150} INFO - [2024-08-17T22:03:56.981+0000] {manager.py:504} INFO - Created Permission View: can read on DAG:example_complex
[2024-08-17T22:03:56.998+0000] {logging_mixin.py:150} INFO - [2024-08-17T22:03:56.998+0000] {manager.py:504} INFO - Created Permission View: can edit on DAG:example_complex
[2024-08-17T22:03:57.009+0000] {logging_mixin.py:150} INFO - [2024-08-17T22:03:57.009+0000] {manager.py:504} INFO - Created Permission View: can delete on DAG:example_complex
[2024-08-17T22:03:57.033+0000] {logging_mixin.py:150} INFO - [2024-08-17T22:03:57.033+0000] {dag.py:2742} INFO - Sync 1 DAGs
[2024-08-17T22:03:57.051+0000] {logging_mixin.py:150} INFO - [2024-08-17T22:03:57.051+0000] {dag.py:2763} INFO - Creating ORM DAG for example_complex
[2024-08-17T22:03:57.068+0000] {logging_mixin.py:150} INFO - [2024-08-17T22:03:57.068+0000] {dag.py:3508} INFO - Setting next_dagrun for example_complex to None, run_after=None
[2024-08-17T22:03:57.097+0000] {processor.py:179} INFO - Processing /home/airflow/.local/lib/python3.7/site-packages/airflow/example_dags/example_complex.py took 0.354 seconds
[2024-08-17T22:04:27.683+0000] {processor.py:157} INFO - Started process (PID=450) to work on /home/airflow/.local/lib/python3.7/site-packages/airflow/example_dags/example_complex.py
[2024-08-17T22:04:27.684+0000] {processor.py:826} INFO - Processing file /home/airflow/.local/lib/python3.7/site-packages/airflow/example_dags/example_complex.py for tasks to queue
[2024-08-17T22:04:27.685+0000] {logging_mixin.py:150} INFO - [2024-08-17T22:04:27.685+0000] {dagbag.py:541} INFO - Filling up the DagBag from /home/airflow/.local/lib/python3.7/site-packages/airflow/example_dags/example_complex.py
[2024-08-17T22:04:27.707+0000] {processor.py:836} INFO - DAG(s) dict_keys(['example_complex']) retrieved from /home/airflow/.local/lib/python3.7/site-packages/airflow/example_dags/example_complex.py
[2024-08-17T22:04:27.760+0000] {logging_mixin.py:150} INFO - [2024-08-17T22:04:27.759+0000] {dag.py:2742} INFO - Sync 1 DAGs
[2024-08-17T22:04:27.799+0000] {logging_mixin.py:150} INFO - [2024-08-17T22:04:27.799+0000] {dag.py:3508} INFO - Setting next_dagrun for example_complex to None, run_after=None
[2024-08-17T22:04:27.829+0000] {processor.py:179} INFO - Processing /home/airflow/.local/lib/python3.7/site-packages/airflow/example_dags/example_complex.py took 0.151 seconds
[2024-08-17T22:04:58.363+0000] {processor.py:157} INFO - Started process (PID=688) to work on /home/airflow/.local/lib/python3.7/site-packages/airflow/example_dags/example_complex.py
[2024-08-17T22:04:58.365+0000] {processor.py:826} INFO - Processing file /home/airflow/.local/lib/python3.7/site-packages/airflow/example_dags/example_complex.py for tasks to queue
[2024-08-17T22:04:58.367+0000] {logging_mixin.py:150} INFO - [2024-08-17T22:04:58.366+0000] {dagbag.py:541} INFO - Filling up the DagBag from /home/airflow/.local/lib/python3.7/site-packages/airflow/example_dags/example_complex.py
[2024-08-17T22:04:58.383+0000] {processor.py:836} INFO - DAG(s) dict_keys(['example_complex']) retrieved from /home/airflow/.local/lib/python3.7/site-packages/airflow/example_dags/example_complex.py
[2024-08-17T22:04:58.433+0000] {logging_mixin.py:150} INFO - [2024-08-17T22:04:58.433+0000] {dag.py:2742} INFO - Sync 1 DAGs
[2024-08-17T22:04:58.467+0000] {logging_mixin.py:150} INFO - [2024-08-17T22:04:58.467+0000] {dag.py:3508} INFO - Setting next_dagrun for example_complex to None, run_after=None
[2024-08-17T22:04:58.491+0000] {processor.py:179} INFO - Processing /home/airflow/.local/lib/python3.7/site-packages/airflow/example_dags/example_complex.py took 0.133 seconds
[2024-08-17T22:05:33.010+0000] {processor.py:157} INFO - Started process (PID=926) to work on /home/airflow/.local/lib/python3.7/site-packages/airflow/example_dags/example_complex.py
[2024-08-17T22:05:33.015+0000] {processor.py:826} INFO - Processing file /home/airflow/.local/lib/python3.7/site-packages/airflow/example_dags/example_complex.py for tasks to queue
[2024-08-17T22:05:33.018+0000] {logging_mixin.py:150} INFO - [2024-08-17T22:05:33.017+0000] {dagbag.py:541} INFO - Filling up the DagBag from /home/airflow/.local/lib/python3.7/site-packages/airflow/example_dags/example_complex.py
[2024-08-17T22:05:33.070+0000] {processor.py:836} INFO - DAG(s) dict_keys(['example_complex']) retrieved from /home/airflow/.local/lib/python3.7/site-packages/airflow/example_dags/example_complex.py
[2024-08-17T22:05:33.527+0000] {logging_mixin.py:150} INFO - [2024-08-17T22:05:33.512+0000] {dag.py:2742} INFO - Sync 1 DAGs
[2024-08-17T22:05:33.832+0000] {logging_mixin.py:150} INFO - [2024-08-17T22:05:33.831+0000] {dag.py:3508} INFO - Setting next_dagrun for example_complex to None, run_after=None
[2024-08-17T22:05:34.112+0000] {processor.py:179} INFO - Processing /home/airflow/.local/lib/python3.7/site-packages/airflow/example_dags/example_complex.py took 1.121 seconds
[2024-08-17T22:06:04.536+0000] {processor.py:157} INFO - Started process (PID=1164) to work on /home/airflow/.local/lib/python3.7/site-packages/airflow/example_dags/example_complex.py
[2024-08-17T22:06:04.539+0000] {processor.py:826} INFO - Processing file /home/airflow/.local/lib/python3.7/site-packages/airflow/example_dags/example_complex.py for tasks to queue
[2024-08-17T22:06:04.540+0000] {logging_mixin.py:150} INFO - [2024-08-17T22:06:04.540+0000] {dagbag.py:541} INFO - Filling up the DagBag from /home/airflow/.local/lib/python3.7/site-packages/airflow/example_dags/example_complex.py
[2024-08-17T22:06:04.561+0000] {processor.py:836} INFO - DAG(s) dict_keys(['example_complex']) retrieved from /home/airflow/.local/lib/python3.7/site-packages/airflow/example_dags/example_complex.py
[2024-08-17T22:06:04.625+0000] {logging_mixin.py:150} INFO - [2024-08-17T22:06:04.624+0000] {dag.py:2742} INFO - Sync 1 DAGs
[2024-08-17T22:06:04.664+0000] {logging_mixin.py:150} INFO - [2024-08-17T22:06:04.663+0000] {dag.py:3508} INFO - Setting next_dagrun for example_complex to None, run_after=None
[2024-08-17T22:06:04.693+0000] {processor.py:179} INFO - Processing /home/airflow/.local/lib/python3.7/site-packages/airflow/example_dags/example_complex.py took 0.162 seconds
[2024-08-17T22:06:34.789+0000] {processor.py:157} INFO - Started process (PID=1399) to work on /home/airflow/.local/lib/python3.7/site-packages/airflow/example_dags/example_complex.py
[2024-08-17T22:06:34.791+0000] {processor.py:826} INFO - Processing file /home/airflow/.local/lib/python3.7/site-packages/airflow/example_dags/example_complex.py for tasks to queue
[2024-08-17T22:06:34.793+0000] {logging_mixin.py:150} INFO - [2024-08-17T22:06:34.792+0000] {dagbag.py:541} INFO - Filling up the DagBag from /home/airflow/.local/lib/python3.7/site-packages/airflow/example_dags/example_complex.py
[2024-08-17T22:06:34.810+0000] {processor.py:836} INFO - DAG(s) dict_keys(['example_complex']) retrieved from /home/airflow/.local/lib/python3.7/site-packages/airflow/example_dags/example_complex.py
[2024-08-17T22:06:34.860+0000] {logging_mixin.py:150} INFO - [2024-08-17T22:06:34.859+0000] {dag.py:2742} INFO - Sync 1 DAGs
[2024-08-17T22:06:34.896+0000] {logging_mixin.py:150} INFO - [2024-08-17T22:06:34.896+0000] {dag.py:3508} INFO - Setting next_dagrun for example_complex to None, run_after=None
[2024-08-17T22:06:34.926+0000] {processor.py:179} INFO - Processing /home/airflow/.local/lib/python3.7/site-packages/airflow/example_dags/example_complex.py took 0.141 seconds
[2024-08-17T22:07:05.551+0000] {processor.py:157} INFO - Started process (PID=1640) to work on /home/airflow/.local/lib/python3.7/site-packages/airflow/example_dags/example_complex.py
[2024-08-17T22:07:05.555+0000] {processor.py:826} INFO - Processing file /home/airflow/.local/lib/python3.7/site-packages/airflow/example_dags/example_complex.py for tasks to queue
[2024-08-17T22:07:05.556+0000] {logging_mixin.py:150} INFO - [2024-08-17T22:07:05.556+0000] {dagbag.py:541} INFO - Filling up the DagBag from /home/airflow/.local/lib/python3.7/site-packages/airflow/example_dags/example_complex.py
[2024-08-17T22:07:05.602+0000] {processor.py:836} INFO - DAG(s) dict_keys(['example_complex']) retrieved from /home/airflow/.local/lib/python3.7/site-packages/airflow/example_dags/example_complex.py
[2024-08-17T22:07:05.679+0000] {logging_mixin.py:150} INFO - [2024-08-17T22:07:05.678+0000] {dag.py:2742} INFO - Sync 1 DAGs
[2024-08-17T22:07:05.728+0000] {logging_mixin.py:150} INFO - [2024-08-17T22:07:05.728+0000] {dag.py:3508} INFO - Setting next_dagrun for example_complex to None, run_after=None
[2024-08-17T22:07:05.765+0000] {processor.py:179} INFO - Processing /home/airflow/.local/lib/python3.7/site-packages/airflow/example_dags/example_complex.py took 0.220 seconds
[2024-08-17T22:07:36.068+0000] {processor.py:157} INFO - Started process (PID=1878) to work on /home/airflow/.local/lib/python3.7/site-packages/airflow/example_dags/example_complex.py
[2024-08-17T22:07:36.069+0000] {processor.py:826} INFO - Processing file /home/airflow/.local/lib/python3.7/site-packages/airflow/example_dags/example_complex.py for tasks to queue
[2024-08-17T22:07:36.071+0000] {logging_mixin.py:150} INFO - [2024-08-17T22:07:36.071+0000] {dagbag.py:541} INFO - Filling up the DagBag from /home/airflow/.local/lib/python3.7/site-packages/airflow/example_dags/example_complex.py
[2024-08-17T22:07:36.088+0000] {processor.py:836} INFO - DAG(s) dict_keys(['example_complex']) retrieved from /home/airflow/.local/lib/python3.7/site-packages/airflow/example_dags/example_complex.py
[2024-08-17T22:07:36.134+0000] {logging_mixin.py:150} INFO - [2024-08-17T22:07:36.134+0000] {dag.py:2742} INFO - Sync 1 DAGs
[2024-08-17T22:07:36.165+0000] {logging_mixin.py:150} INFO - [2024-08-17T22:07:36.165+0000] {dag.py:3508} INFO - Setting next_dagrun for example_complex to None, run_after=None
[2024-08-17T22:07:36.190+0000] {processor.py:179} INFO - Processing /home/airflow/.local/lib/python3.7/site-packages/airflow/example_dags/example_complex.py took 0.127 seconds
[2024-08-17T22:08:11.559+0000] {processor.py:157} INFO - Started process (PID=2226) to work on /home/airflow/.local/lib/python3.7/site-packages/airflow/example_dags/example_complex.py
[2024-08-17T22:08:11.562+0000] {processor.py:826} INFO - Processing file /home/airflow/.local/lib/python3.7/site-packages/airflow/example_dags/example_complex.py for tasks to queue
[2024-08-17T22:08:11.565+0000] {logging_mixin.py:150} INFO - [2024-08-17T22:08:11.564+0000] {dagbag.py:541} INFO - Filling up the DagBag from /home/airflow/.local/lib/python3.7/site-packages/airflow/example_dags/example_complex.py
[2024-08-17T22:08:11.611+0000] {processor.py:836} INFO - DAG(s) dict_keys(['example_complex']) retrieved from /home/airflow/.local/lib/python3.7/site-packages/airflow/example_dags/example_complex.py
[2024-08-17T22:08:11.738+0000] {logging_mixin.py:150} INFO - [2024-08-17T22:08:11.738+0000] {dag.py:2742} INFO - Sync 1 DAGs
[2024-08-17T22:08:11.794+0000] {logging_mixin.py:150} INFO - [2024-08-17T22:08:11.794+0000] {dag.py:3508} INFO - Setting next_dagrun for example_complex to None, run_after=None
[2024-08-17T22:08:11.839+0000] {processor.py:179} INFO - Processing /home/airflow/.local/lib/python3.7/site-packages/airflow/example_dags/example_complex.py took 0.293 seconds
[2024-08-17T22:08:42.124+0000] {processor.py:157} INFO - Started process (PID=2483) to work on /home/airflow/.local/lib/python3.7/site-packages/airflow/example_dags/example_complex.py
[2024-08-17T22:08:42.126+0000] {processor.py:826} INFO - Processing file /home/airflow/.local/lib/python3.7/site-packages/airflow/example_dags/example_complex.py for tasks to queue
[2024-08-17T22:08:42.127+0000] {logging_mixin.py:150} INFO - [2024-08-17T22:08:42.126+0000] {dagbag.py:541} INFO - Filling up the DagBag from /home/airflow/.local/lib/python3.7/site-packages/airflow/example_dags/example_complex.py
[2024-08-17T22:08:42.141+0000] {processor.py:836} INFO - DAG(s) dict_keys(['example_complex']) retrieved from /home/airflow/.local/lib/python3.7/site-packages/airflow/example_dags/example_complex.py
[2024-08-17T22:08:42.186+0000] {logging_mixin.py:150} INFO - [2024-08-17T22:08:42.186+0000] {dag.py:2742} INFO - Sync 1 DAGs
[2024-08-17T22:08:42.218+0000] {logging_mixin.py:150} INFO - [2024-08-17T22:08:42.218+0000] {dag.py:3508} INFO - Setting next_dagrun for example_complex to None, run_after=None
[2024-08-17T22:08:42.242+0000] {processor.py:179} INFO - Processing /home/airflow/.local/lib/python3.7/site-packages/airflow/example_dags/example_complex.py took 0.121 seconds
[2024-08-17T22:09:12.725+0000] {processor.py:157} INFO - Started process (PID=2725) to work on /home/airflow/.local/lib/python3.7/site-packages/airflow/example_dags/example_complex.py
[2024-08-17T22:09:12.726+0000] {processor.py:826} INFO - Processing file /home/airflow/.local/lib/python3.7/site-packages/airflow/example_dags/example_complex.py for tasks to queue
[2024-08-17T22:09:12.727+0000] {logging_mixin.py:150} INFO - [2024-08-17T22:09:12.726+0000] {dagbag.py:541} INFO - Filling up the DagBag from /home/airflow/.local/lib/python3.7/site-packages/airflow/example_dags/example_complex.py
[2024-08-17T22:09:12.741+0000] {processor.py:836} INFO - DAG(s) dict_keys(['example_complex']) retrieved from /home/airflow/.local/lib/python3.7/site-packages/airflow/example_dags/example_complex.py
[2024-08-17T22:09:12.787+0000] {logging_mixin.py:150} INFO - [2024-08-17T22:09:12.787+0000] {dag.py:2742} INFO - Sync 1 DAGs
[2024-08-17T22:09:12.823+0000] {logging_mixin.py:150} INFO - [2024-08-17T22:09:12.823+0000] {dag.py:3508} INFO - Setting next_dagrun for example_complex to None, run_after=None
[2024-08-17T22:09:12.847+0000] {processor.py:179} INFO - Processing /home/airflow/.local/lib/python3.7/site-packages/airflow/example_dags/example_complex.py took 0.126 seconds
[2024-08-17T22:09:43.191+0000] {processor.py:157} INFO - Started process (PID=2962) to work on /home/airflow/.local/lib/python3.7/site-packages/airflow/example_dags/example_complex.py
[2024-08-17T22:09:43.192+0000] {processor.py:826} INFO - Processing file /home/airflow/.local/lib/python3.7/site-packages/airflow/example_dags/example_complex.py for tasks to queue
[2024-08-17T22:09:43.193+0000] {logging_mixin.py:150} INFO - [2024-08-17T22:09:43.193+0000] {dagbag.py:541} INFO - Filling up the DagBag from /home/airflow/.local/lib/python3.7/site-packages/airflow/example_dags/example_complex.py
[2024-08-17T22:09:43.210+0000] {processor.py:836} INFO - DAG(s) dict_keys(['example_complex']) retrieved from /home/airflow/.local/lib/python3.7/site-packages/airflow/example_dags/example_complex.py
[2024-08-17T22:09:43.259+0000] {logging_mixin.py:150} INFO - [2024-08-17T22:09:43.259+0000] {dag.py:2742} INFO - Sync 1 DAGs
[2024-08-17T22:09:43.295+0000] {logging_mixin.py:150} INFO - [2024-08-17T22:09:43.295+0000] {dag.py:3508} INFO - Setting next_dagrun for example_complex to None, run_after=None
[2024-08-17T22:09:43.319+0000] {processor.py:179} INFO - Processing /home/airflow/.local/lib/python3.7/site-packages/airflow/example_dags/example_complex.py took 0.133 seconds
[2024-08-17T22:10:13.561+0000] {processor.py:157} INFO - Started process (PID=3202) to work on /home/airflow/.local/lib/python3.7/site-packages/airflow/example_dags/example_complex.py
[2024-08-17T22:10:13.562+0000] {processor.py:826} INFO - Processing file /home/airflow/.local/lib/python3.7/site-packages/airflow/example_dags/example_complex.py for tasks to queue
[2024-08-17T22:10:13.563+0000] {logging_mixin.py:150} INFO - [2024-08-17T22:10:13.562+0000] {dagbag.py:541} INFO - Filling up the DagBag from /home/airflow/.local/lib/python3.7/site-packages/airflow/example_dags/example_complex.py
[2024-08-17T22:10:13.578+0000] {processor.py:836} INFO - DAG(s) dict_keys(['example_complex']) retrieved from /home/airflow/.local/lib/python3.7/site-packages/airflow/example_dags/example_complex.py
[2024-08-17T22:10:13.622+0000] {logging_mixin.py:150} INFO - [2024-08-17T22:10:13.622+0000] {dag.py:2742} INFO - Sync 1 DAGs
[2024-08-17T22:10:13.653+0000] {logging_mixin.py:150} INFO - [2024-08-17T22:10:13.653+0000] {dag.py:3508} INFO - Setting next_dagrun for example_complex to None, run_after=None
[2024-08-17T22:10:13.677+0000] {processor.py:179} INFO - Processing /home/airflow/.local/lib/python3.7/site-packages/airflow/example_dags/example_complex.py took 0.121 seconds
[2024-08-17T22:10:44.263+0000] {processor.py:157} INFO - Started process (PID=3427) to work on /home/airflow/.local/lib/python3.7/site-packages/airflow/example_dags/example_complex.py
[2024-08-17T22:10:44.264+0000] {processor.py:826} INFO - Processing file /home/airflow/.local/lib/python3.7/site-packages/airflow/example_dags/example_complex.py for tasks to queue
[2024-08-17T22:10:44.265+0000] {logging_mixin.py:150} INFO - [2024-08-17T22:10:44.265+0000] {dagbag.py:541} INFO - Filling up the DagBag from /home/airflow/.local/lib/python3.7/site-packages/airflow/example_dags/example_complex.py
[2024-08-17T22:10:44.281+0000] {processor.py:836} INFO - DAG(s) dict_keys(['example_complex']) retrieved from /home/airflow/.local/lib/python3.7/site-packages/airflow/example_dags/example_complex.py
[2024-08-17T22:10:44.331+0000] {logging_mixin.py:150} INFO - [2024-08-17T22:10:44.331+0000] {dag.py:2742} INFO - Sync 1 DAGs
[2024-08-17T22:10:44.362+0000] {logging_mixin.py:150} INFO - [2024-08-17T22:10:44.362+0000] {dag.py:3508} INFO - Setting next_dagrun for example_complex to None, run_after=None
[2024-08-17T22:10:44.389+0000] {processor.py:179} INFO - Processing /home/airflow/.local/lib/python3.7/site-packages/airflow/example_dags/example_complex.py took 0.129 seconds
[2024-08-17T22:11:15.064+0000] {processor.py:157} INFO - Started process (PID=3663) to work on /home/airflow/.local/lib/python3.7/site-packages/airflow/example_dags/example_complex.py
[2024-08-17T22:11:15.066+0000] {processor.py:826} INFO - Processing file /home/airflow/.local/lib/python3.7/site-packages/airflow/example_dags/example_complex.py for tasks to queue
[2024-08-17T22:11:15.067+0000] {logging_mixin.py:150} INFO - [2024-08-17T22:11:15.066+0000] {dagbag.py:541} INFO - Filling up the DagBag from /home/airflow/.local/lib/python3.7/site-packages/airflow/example_dags/example_complex.py
[2024-08-17T22:11:15.083+0000] {processor.py:836} INFO - DAG(s) dict_keys(['example_complex']) retrieved from /home/airflow/.local/lib/python3.7/site-packages/airflow/example_dags/example_complex.py
[2024-08-17T22:11:15.136+0000] {logging_mixin.py:150} INFO - [2024-08-17T22:11:15.136+0000] {dag.py:2742} INFO - Sync 1 DAGs
[2024-08-17T22:11:15.167+0000] {logging_mixin.py:150} INFO - [2024-08-17T22:11:15.167+0000] {dag.py:3508} INFO - Setting next_dagrun for example_complex to None, run_after=None
[2024-08-17T22:11:15.197+0000] {processor.py:179} INFO - Processing /home/airflow/.local/lib/python3.7/site-packages/airflow/example_dags/example_complex.py took 0.137 seconds
[2024-08-17T22:12:09.365+0000] {processor.py:157} INFO - Started process (PID=211) to work on /home/airflow/.local/lib/python3.7/site-packages/airflow/example_dags/example_complex.py
[2024-08-17T22:12:09.369+0000] {processor.py:826} INFO - Processing file /home/airflow/.local/lib/python3.7/site-packages/airflow/example_dags/example_complex.py for tasks to queue
[2024-08-17T22:12:09.371+0000] {logging_mixin.py:150} INFO - [2024-08-17T22:12:09.370+0000] {dagbag.py:541} INFO - Filling up the DagBag from /home/airflow/.local/lib/python3.7/site-packages/airflow/example_dags/example_complex.py
[2024-08-17T22:12:09.395+0000] {processor.py:836} INFO - DAG(s) dict_keys(['example_complex']) retrieved from /home/airflow/.local/lib/python3.7/site-packages/airflow/example_dags/example_complex.py
[2024-08-17T22:12:09.465+0000] {logging_mixin.py:150} INFO - [2024-08-17T22:12:09.465+0000] {dag.py:2742} INFO - Sync 1 DAGs
[2024-08-17T22:12:09.509+0000] {logging_mixin.py:150} INFO - [2024-08-17T22:12:09.509+0000] {dag.py:3508} INFO - Setting next_dagrun for example_complex to None, run_after=None
[2024-08-17T22:12:09.538+0000] {processor.py:179} INFO - Processing /home/airflow/.local/lib/python3.7/site-packages/airflow/example_dags/example_complex.py took 0.178 seconds
[2024-08-17T22:12:40.182+0000] {processor.py:157} INFO - Started process (PID=444) to work on /home/airflow/.local/lib/python3.7/site-packages/airflow/example_dags/example_complex.py
[2024-08-17T22:12:40.186+0000] {processor.py:826} INFO - Processing file /home/airflow/.local/lib/python3.7/site-packages/airflow/example_dags/example_complex.py for tasks to queue
[2024-08-17T22:12:40.187+0000] {logging_mixin.py:150} INFO - [2024-08-17T22:12:40.187+0000] {dagbag.py:541} INFO - Filling up the DagBag from /home/airflow/.local/lib/python3.7/site-packages/airflow/example_dags/example_complex.py
[2024-08-17T22:12:40.203+0000] {processor.py:836} INFO - DAG(s) dict_keys(['example_complex']) retrieved from /home/airflow/.local/lib/python3.7/site-packages/airflow/example_dags/example_complex.py
[2024-08-17T22:12:40.250+0000] {logging_mixin.py:150} INFO - [2024-08-17T22:12:40.250+0000] {dag.py:2742} INFO - Sync 1 DAGs
[2024-08-17T22:12:40.283+0000] {logging_mixin.py:150} INFO - [2024-08-17T22:12:40.282+0000] {dag.py:3508} INFO - Setting next_dagrun for example_complex to None, run_after=None
[2024-08-17T22:12:40.306+0000] {processor.py:179} INFO - Processing /home/airflow/.local/lib/python3.7/site-packages/airflow/example_dags/example_complex.py took 0.128 seconds
[2024-08-17T22:13:11.461+0000] {processor.py:157} INFO - Started process (PID=682) to work on /home/airflow/.local/lib/python3.7/site-packages/airflow/example_dags/example_complex.py
[2024-08-17T22:13:11.463+0000] {processor.py:826} INFO - Processing file /home/airflow/.local/lib/python3.7/site-packages/airflow/example_dags/example_complex.py for tasks to queue
[2024-08-17T22:13:11.464+0000] {logging_mixin.py:150} INFO - [2024-08-17T22:13:11.464+0000] {dagbag.py:541} INFO - Filling up the DagBag from /home/airflow/.local/lib/python3.7/site-packages/airflow/example_dags/example_complex.py
[2024-08-17T22:13:11.479+0000] {processor.py:836} INFO - DAG(s) dict_keys(['example_complex']) retrieved from /home/airflow/.local/lib/python3.7/site-packages/airflow/example_dags/example_complex.py
[2024-08-17T22:13:11.522+0000] {logging_mixin.py:150} INFO - [2024-08-17T22:13:11.522+0000] {dag.py:2742} INFO - Sync 1 DAGs
[2024-08-17T22:13:11.553+0000] {logging_mixin.py:150} INFO - [2024-08-17T22:13:11.553+0000] {dag.py:3508} INFO - Setting next_dagrun for example_complex to None, run_after=None
[2024-08-17T22:13:11.577+0000] {processor.py:179} INFO - Processing /home/airflow/.local/lib/python3.7/site-packages/airflow/example_dags/example_complex.py took 0.121 seconds
[2024-08-17T22:13:41.968+0000] {processor.py:157} INFO - Started process (PID=920) to work on /home/airflow/.local/lib/python3.7/site-packages/airflow/example_dags/example_complex.py
[2024-08-17T22:13:41.969+0000] {processor.py:826} INFO - Processing file /home/airflow/.local/lib/python3.7/site-packages/airflow/example_dags/example_complex.py for tasks to queue
[2024-08-17T22:13:41.971+0000] {logging_mixin.py:150} INFO - [2024-08-17T22:13:41.971+0000] {dagbag.py:541} INFO - Filling up the DagBag from /home/airflow/.local/lib/python3.7/site-packages/airflow/example_dags/example_complex.py
[2024-08-17T22:13:41.990+0000] {processor.py:836} INFO - DAG(s) dict_keys(['example_complex']) retrieved from /home/airflow/.local/lib/python3.7/site-packages/airflow/example_dags/example_complex.py
[2024-08-17T22:13:42.038+0000] {logging_mixin.py:150} INFO - [2024-08-17T22:13:42.038+0000] {dag.py:2742} INFO - Sync 1 DAGs
[2024-08-17T22:13:42.072+0000] {logging_mixin.py:150} INFO - [2024-08-17T22:13:42.072+0000] {dag.py:3508} INFO - Setting next_dagrun for example_complex to None, run_after=None
[2024-08-17T22:13:42.098+0000] {processor.py:179} INFO - Processing /home/airflow/.local/lib/python3.7/site-packages/airflow/example_dags/example_complex.py took 0.135 seconds
[2024-08-17T22:14:12.223+0000] {processor.py:157} INFO - Started process (PID=1158) to work on /home/airflow/.local/lib/python3.7/site-packages/airflow/example_dags/example_complex.py
[2024-08-17T22:14:12.225+0000] {processor.py:826} INFO - Processing file /home/airflow/.local/lib/python3.7/site-packages/airflow/example_dags/example_complex.py for tasks to queue
[2024-08-17T22:14:12.226+0000] {logging_mixin.py:150} INFO - [2024-08-17T22:14:12.226+0000] {dagbag.py:541} INFO - Filling up the DagBag from /home/airflow/.local/lib/python3.7/site-packages/airflow/example_dags/example_complex.py
[2024-08-17T22:14:12.244+0000] {processor.py:836} INFO - DAG(s) dict_keys(['example_complex']) retrieved from /home/airflow/.local/lib/python3.7/site-packages/airflow/example_dags/example_complex.py
[2024-08-17T22:14:12.293+0000] {logging_mixin.py:150} INFO - [2024-08-17T22:14:12.292+0000] {dag.py:2742} INFO - Sync 1 DAGs
[2024-08-17T22:14:12.331+0000] {logging_mixin.py:150} INFO - [2024-08-17T22:14:12.331+0000] {dag.py:3508} INFO - Setting next_dagrun for example_complex to None, run_after=None
[2024-08-17T22:14:12.383+0000] {processor.py:179} INFO - Processing /home/airflow/.local/lib/python3.7/site-packages/airflow/example_dags/example_complex.py took 0.165 seconds
[2024-08-17T22:14:43.060+0000] {processor.py:157} INFO - Started process (PID=1396) to work on /home/airflow/.local/lib/python3.7/site-packages/airflow/example_dags/example_complex.py
[2024-08-17T22:14:43.061+0000] {processor.py:826} INFO - Processing file /home/airflow/.local/lib/python3.7/site-packages/airflow/example_dags/example_complex.py for tasks to queue
[2024-08-17T22:14:43.062+0000] {logging_mixin.py:150} INFO - [2024-08-17T22:14:43.062+0000] {dagbag.py:541} INFO - Filling up the DagBag from /home/airflow/.local/lib/python3.7/site-packages/airflow/example_dags/example_complex.py
[2024-08-17T22:14:43.078+0000] {processor.py:836} INFO - DAG(s) dict_keys(['example_complex']) retrieved from /home/airflow/.local/lib/python3.7/site-packages/airflow/example_dags/example_complex.py
[2024-08-17T22:14:43.128+0000] {logging_mixin.py:150} INFO - [2024-08-17T22:14:43.128+0000] {dag.py:2742} INFO - Sync 1 DAGs
[2024-08-17T22:14:43.159+0000] {logging_mixin.py:150} INFO - [2024-08-17T22:14:43.159+0000] {dag.py:3508} INFO - Setting next_dagrun for example_complex to None, run_after=None
[2024-08-17T22:14:43.185+0000] {processor.py:179} INFO - Processing /home/airflow/.local/lib/python3.7/site-packages/airflow/example_dags/example_complex.py took 0.130 seconds
[2024-08-17T22:15:13.740+0000] {processor.py:157} INFO - Started process (PID=1634) to work on /home/airflow/.local/lib/python3.7/site-packages/airflow/example_dags/example_complex.py
[2024-08-17T22:15:13.741+0000] {processor.py:826} INFO - Processing file /home/airflow/.local/lib/python3.7/site-packages/airflow/example_dags/example_complex.py for tasks to queue
[2024-08-17T22:15:13.742+0000] {logging_mixin.py:150} INFO - [2024-08-17T22:15:13.742+0000] {dagbag.py:541} INFO - Filling up the DagBag from /home/airflow/.local/lib/python3.7/site-packages/airflow/example_dags/example_complex.py
[2024-08-17T22:15:13.757+0000] {processor.py:836} INFO - DAG(s) dict_keys(['example_complex']) retrieved from /home/airflow/.local/lib/python3.7/site-packages/airflow/example_dags/example_complex.py
[2024-08-17T22:15:13.801+0000] {logging_mixin.py:150} INFO - [2024-08-17T22:15:13.801+0000] {dag.py:2742} INFO - Sync 1 DAGs
[2024-08-17T22:15:13.833+0000] {logging_mixin.py:150} INFO - [2024-08-17T22:15:13.833+0000] {dag.py:3508} INFO - Setting next_dagrun for example_complex to None, run_after=None
[2024-08-17T22:15:13.857+0000] {processor.py:179} INFO - Processing /home/airflow/.local/lib/python3.7/site-packages/airflow/example_dags/example_complex.py took 0.121 seconds
[2024-08-17T22:15:43.993+0000] {processor.py:157} INFO - Started process (PID=1872) to work on /home/airflow/.local/lib/python3.7/site-packages/airflow/example_dags/example_complex.py
[2024-08-17T22:15:43.994+0000] {processor.py:826} INFO - Processing file /home/airflow/.local/lib/python3.7/site-packages/airflow/example_dags/example_complex.py for tasks to queue
[2024-08-17T22:15:43.995+0000] {logging_mixin.py:150} INFO - [2024-08-17T22:15:43.995+0000] {dagbag.py:541} INFO - Filling up the DagBag from /home/airflow/.local/lib/python3.7/site-packages/airflow/example_dags/example_complex.py
[2024-08-17T22:15:44.010+0000] {processor.py:836} INFO - DAG(s) dict_keys(['example_complex']) retrieved from /home/airflow/.local/lib/python3.7/site-packages/airflow/example_dags/example_complex.py
[2024-08-17T22:15:44.052+0000] {logging_mixin.py:150} INFO - [2024-08-17T22:15:44.052+0000] {dag.py:2742} INFO - Sync 1 DAGs
[2024-08-17T22:15:44.086+0000] {logging_mixin.py:150} INFO - [2024-08-17T22:15:44.086+0000] {dag.py:3508} INFO - Setting next_dagrun for example_complex to None, run_after=None
[2024-08-17T22:15:44.111+0000] {processor.py:179} INFO - Processing /home/airflow/.local/lib/python3.7/site-packages/airflow/example_dags/example_complex.py took 0.123 seconds
[2024-08-17T22:16:14.182+0000] {processor.py:157} INFO - Started process (PID=2110) to work on /home/airflow/.local/lib/python3.7/site-packages/airflow/example_dags/example_complex.py
[2024-08-17T22:16:14.184+0000] {processor.py:826} INFO - Processing file /home/airflow/.local/lib/python3.7/site-packages/airflow/example_dags/example_complex.py for tasks to queue
[2024-08-17T22:16:14.186+0000] {logging_mixin.py:150} INFO - [2024-08-17T22:16:14.185+0000] {dagbag.py:541} INFO - Filling up the DagBag from /home/airflow/.local/lib/python3.7/site-packages/airflow/example_dags/example_complex.py
[2024-08-17T22:16:14.201+0000] {processor.py:836} INFO - DAG(s) dict_keys(['example_complex']) retrieved from /home/airflow/.local/lib/python3.7/site-packages/airflow/example_dags/example_complex.py
[2024-08-17T22:16:14.248+0000] {logging_mixin.py:150} INFO - [2024-08-17T22:16:14.248+0000] {dag.py:2742} INFO - Sync 1 DAGs
[2024-08-17T22:16:14.280+0000] {logging_mixin.py:150} INFO - [2024-08-17T22:16:14.280+0000] {dag.py:3508} INFO - Setting next_dagrun for example_complex to None, run_after=None
[2024-08-17T22:16:14.304+0000] {processor.py:179} INFO - Processing /home/airflow/.local/lib/python3.7/site-packages/airflow/example_dags/example_complex.py took 0.126 seconds
[2024-08-17T22:16:44.695+0000] {processor.py:157} INFO - Started process (PID=2348) to work on /home/airflow/.local/lib/python3.7/site-packages/airflow/example_dags/example_complex.py
[2024-08-17T22:16:44.696+0000] {processor.py:826} INFO - Processing file /home/airflow/.local/lib/python3.7/site-packages/airflow/example_dags/example_complex.py for tasks to queue
[2024-08-17T22:16:44.697+0000] {logging_mixin.py:150} INFO - [2024-08-17T22:16:44.697+0000] {dagbag.py:541} INFO - Filling up the DagBag from /home/airflow/.local/lib/python3.7/site-packages/airflow/example_dags/example_complex.py
[2024-08-17T22:16:44.713+0000] {processor.py:836} INFO - DAG(s) dict_keys(['example_complex']) retrieved from /home/airflow/.local/lib/python3.7/site-packages/airflow/example_dags/example_complex.py
[2024-08-17T22:16:44.757+0000] {logging_mixin.py:150} INFO - [2024-08-17T22:16:44.757+0000] {dag.py:2742} INFO - Sync 1 DAGs
[2024-08-17T22:16:44.789+0000] {logging_mixin.py:150} INFO - [2024-08-17T22:16:44.788+0000] {dag.py:3508} INFO - Setting next_dagrun for example_complex to None, run_after=None
[2024-08-17T22:16:44.816+0000] {processor.py:179} INFO - Processing /home/airflow/.local/lib/python3.7/site-packages/airflow/example_dags/example_complex.py took 0.126 seconds
