[2024-08-17T22:03:58.923+0000] {processor.py:157} INFO - Started process (PID=267) to work on /home/airflow/.local/lib/python3.7/site-packages/airflow/example_dags/example_skip_dag.py
[2024-08-17T22:03:58.925+0000] {processor.py:826} INFO - Processing file /home/airflow/.local/lib/python3.7/site-packages/airflow/example_dags/example_skip_dag.py for tasks to queue
[2024-08-17T22:03:58.928+0000] {logging_mixin.py:150} INFO - [2024-08-17T22:03:58.927+0000] {dagbag.py:541} INFO - Filling up the DagBag from /home/airflow/.local/lib/python3.7/site-packages/airflow/example_dags/example_skip_dag.py
[2024-08-17T22:03:58.945+0000] {processor.py:836} INFO - DAG(s) dict_keys(['example_skip_dag']) retrieved from /home/airflow/.local/lib/python3.7/site-packages/airflow/example_dags/example_skip_dag.py
[2024-08-17T22:03:58.976+0000] {logging_mixin.py:150} INFO - [2024-08-17T22:03:58.976+0000] {dag.py:2742} INFO - Sync 1 DAGs
[2024-08-17T22:03:59.004+0000] {logging_mixin.py:150} INFO - [2024-08-17T22:03:59.004+0000] {dag.py:2763} INFO - Creating ORM DAG for example_skip_dag
[2024-08-17T22:03:59.034+0000] {logging_mixin.py:150} INFO - [2024-08-17T22:03:59.034+0000] {dag.py:3508} INFO - Setting next_dagrun for example_skip_dag to 2024-08-16T22:03:59.033458+00:00, run_after=2024-08-17T22:03:59.033458+00:00
[2024-08-17T22:03:59.070+0000] {processor.py:179} INFO - Processing /home/airflow/.local/lib/python3.7/site-packages/airflow/example_dags/example_skip_dag.py took 0.154 seconds
[2024-08-17T22:04:29.452+0000] {processor.py:157} INFO - Started process (PID=507) to work on /home/airflow/.local/lib/python3.7/site-packages/airflow/example_dags/example_skip_dag.py
[2024-08-17T22:04:29.454+0000] {processor.py:826} INFO - Processing file /home/airflow/.local/lib/python3.7/site-packages/airflow/example_dags/example_skip_dag.py for tasks to queue
[2024-08-17T22:04:29.455+0000] {logging_mixin.py:150} INFO - [2024-08-17T22:04:29.455+0000] {dagbag.py:541} INFO - Filling up the DagBag from /home/airflow/.local/lib/python3.7/site-packages/airflow/example_dags/example_skip_dag.py
[2024-08-17T22:04:29.476+0000] {processor.py:836} INFO - DAG(s) dict_keys(['example_skip_dag']) retrieved from /home/airflow/.local/lib/python3.7/site-packages/airflow/example_dags/example_skip_dag.py
[2024-08-17T22:04:29.568+0000] {logging_mixin.py:150} INFO - [2024-08-17T22:04:29.567+0000] {dag.py:2742} INFO - Sync 1 DAGs
[2024-08-17T22:04:29.646+0000] {logging_mixin.py:150} INFO - [2024-08-17T22:04:29.645+0000] {dag.py:3508} INFO - Setting next_dagrun for example_skip_dag to 2024-08-16T22:04:29.644539+00:00, run_after=2024-08-17T22:04:29.644539+00:00
[2024-08-17T22:04:29.705+0000] {processor.py:179} INFO - Processing /home/airflow/.local/lib/python3.7/site-packages/airflow/example_dags/example_skip_dag.py took 0.259 seconds
[2024-08-17T22:05:00.296+0000] {processor.py:157} INFO - Started process (PID=743) to work on /home/airflow/.local/lib/python3.7/site-packages/airflow/example_dags/example_skip_dag.py
[2024-08-17T22:05:00.297+0000] {processor.py:826} INFO - Processing file /home/airflow/.local/lib/python3.7/site-packages/airflow/example_dags/example_skip_dag.py for tasks to queue
[2024-08-17T22:05:00.299+0000] {logging_mixin.py:150} INFO - [2024-08-17T22:05:00.298+0000] {dagbag.py:541} INFO - Filling up the DagBag from /home/airflow/.local/lib/python3.7/site-packages/airflow/example_dags/example_skip_dag.py
[2024-08-17T22:05:00.310+0000] {processor.py:836} INFO - DAG(s) dict_keys(['example_skip_dag']) retrieved from /home/airflow/.local/lib/python3.7/site-packages/airflow/example_dags/example_skip_dag.py
[2024-08-17T22:05:00.356+0000] {logging_mixin.py:150} INFO - [2024-08-17T22:05:00.356+0000] {dag.py:2742} INFO - Sync 1 DAGs
[2024-08-17T22:05:00.399+0000] {logging_mixin.py:150} INFO - [2024-08-17T22:05:00.399+0000] {dag.py:3508} INFO - Setting next_dagrun for example_skip_dag to 2024-08-16T22:05:00.399167+00:00, run_after=2024-08-17T22:05:00.399167+00:00
[2024-08-17T22:05:00.429+0000] {processor.py:179} INFO - Processing /home/airflow/.local/lib/python3.7/site-packages/airflow/example_dags/example_skip_dag.py took 0.139 seconds
[2024-08-17T22:05:36.820+0000] {processor.py:157} INFO - Started process (PID=982) to work on /home/airflow/.local/lib/python3.7/site-packages/airflow/example_dags/example_skip_dag.py
[2024-08-17T22:05:36.822+0000] {processor.py:826} INFO - Processing file /home/airflow/.local/lib/python3.7/site-packages/airflow/example_dags/example_skip_dag.py for tasks to queue
[2024-08-17T22:05:36.824+0000] {logging_mixin.py:150} INFO - [2024-08-17T22:05:36.824+0000] {dagbag.py:541} INFO - Filling up the DagBag from /home/airflow/.local/lib/python3.7/site-packages/airflow/example_dags/example_skip_dag.py
[2024-08-17T22:05:36.836+0000] {processor.py:836} INFO - DAG(s) dict_keys(['example_skip_dag']) retrieved from /home/airflow/.local/lib/python3.7/site-packages/airflow/example_dags/example_skip_dag.py
[2024-08-17T22:05:36.888+0000] {logging_mixin.py:150} INFO - [2024-08-17T22:05:36.888+0000] {dag.py:2742} INFO - Sync 1 DAGs
[2024-08-17T22:05:36.948+0000] {logging_mixin.py:150} INFO - [2024-08-17T22:05:36.948+0000] {dag.py:3508} INFO - Setting next_dagrun for example_skip_dag to 2024-08-16T22:05:36.948044+00:00, run_after=2024-08-17T22:05:36.948044+00:00
[2024-08-17T22:05:36.990+0000] {processor.py:179} INFO - Processing /home/airflow/.local/lib/python3.7/site-packages/airflow/example_dags/example_skip_dag.py took 0.177 seconds
[2024-08-17T22:06:07.696+0000] {processor.py:157} INFO - Started process (PID=1219) to work on /home/airflow/.local/lib/python3.7/site-packages/airflow/example_dags/example_skip_dag.py
[2024-08-17T22:06:07.698+0000] {processor.py:826} INFO - Processing file /home/airflow/.local/lib/python3.7/site-packages/airflow/example_dags/example_skip_dag.py for tasks to queue
[2024-08-17T22:06:07.699+0000] {logging_mixin.py:150} INFO - [2024-08-17T22:06:07.699+0000] {dagbag.py:541} INFO - Filling up the DagBag from /home/airflow/.local/lib/python3.7/site-packages/airflow/example_dags/example_skip_dag.py
[2024-08-17T22:06:07.708+0000] {processor.py:836} INFO - DAG(s) dict_keys(['example_skip_dag']) retrieved from /home/airflow/.local/lib/python3.7/site-packages/airflow/example_dags/example_skip_dag.py
[2024-08-17T22:06:07.742+0000] {logging_mixin.py:150} INFO - [2024-08-17T22:06:07.742+0000] {dag.py:2742} INFO - Sync 1 DAGs
[2024-08-17T22:06:07.778+0000] {logging_mixin.py:150} INFO - [2024-08-17T22:06:07.778+0000] {dag.py:3508} INFO - Setting next_dagrun for example_skip_dag to 2024-08-16T22:06:07.777982+00:00, run_after=2024-08-17T22:06:07.777982+00:00
[2024-08-17T22:06:07.805+0000] {processor.py:179} INFO - Processing /home/airflow/.local/lib/python3.7/site-packages/airflow/example_dags/example_skip_dag.py took 0.113 seconds
[2024-08-17T22:06:37.955+0000] {processor.py:157} INFO - Started process (PID=1457) to work on /home/airflow/.local/lib/python3.7/site-packages/airflow/example_dags/example_skip_dag.py
[2024-08-17T22:06:37.958+0000] {processor.py:826} INFO - Processing file /home/airflow/.local/lib/python3.7/site-packages/airflow/example_dags/example_skip_dag.py for tasks to queue
[2024-08-17T22:06:37.961+0000] {logging_mixin.py:150} INFO - [2024-08-17T22:06:37.961+0000] {dagbag.py:541} INFO - Filling up the DagBag from /home/airflow/.local/lib/python3.7/site-packages/airflow/example_dags/example_skip_dag.py
[2024-08-17T22:06:37.978+0000] {processor.py:836} INFO - DAG(s) dict_keys(['example_skip_dag']) retrieved from /home/airflow/.local/lib/python3.7/site-packages/airflow/example_dags/example_skip_dag.py
[2024-08-17T22:06:38.018+0000] {logging_mixin.py:150} INFO - [2024-08-17T22:06:38.017+0000] {dag.py:2742} INFO - Sync 1 DAGs
[2024-08-17T22:06:38.060+0000] {logging_mixin.py:150} INFO - [2024-08-17T22:06:38.060+0000] {dag.py:3508} INFO - Setting next_dagrun for example_skip_dag to 2024-08-16T22:06:38.059719+00:00, run_after=2024-08-17T22:06:38.059719+00:00
[2024-08-17T22:06:38.096+0000] {processor.py:179} INFO - Processing /home/airflow/.local/lib/python3.7/site-packages/airflow/example_dags/example_skip_dag.py took 0.146 seconds
[2024-08-17T22:07:08.142+0000] {processor.py:157} INFO - Started process (PID=1695) to work on /home/airflow/.local/lib/python3.7/site-packages/airflow/example_dags/example_skip_dag.py
[2024-08-17T22:07:08.144+0000] {processor.py:826} INFO - Processing file /home/airflow/.local/lib/python3.7/site-packages/airflow/example_dags/example_skip_dag.py for tasks to queue
[2024-08-17T22:07:08.146+0000] {logging_mixin.py:150} INFO - [2024-08-17T22:07:08.145+0000] {dagbag.py:541} INFO - Filling up the DagBag from /home/airflow/.local/lib/python3.7/site-packages/airflow/example_dags/example_skip_dag.py
[2024-08-17T22:07:08.157+0000] {processor.py:836} INFO - DAG(s) dict_keys(['example_skip_dag']) retrieved from /home/airflow/.local/lib/python3.7/site-packages/airflow/example_dags/example_skip_dag.py
[2024-08-17T22:07:08.210+0000] {logging_mixin.py:150} INFO - [2024-08-17T22:07:08.210+0000] {dag.py:2742} INFO - Sync 1 DAGs
[2024-08-17T22:07:08.262+0000] {logging_mixin.py:150} INFO - [2024-08-17T22:07:08.262+0000] {dag.py:3508} INFO - Setting next_dagrun for example_skip_dag to 2024-08-16T22:07:08.262007+00:00, run_after=2024-08-17T22:07:08.262007+00:00
[2024-08-17T22:07:08.300+0000] {processor.py:179} INFO - Processing /home/airflow/.local/lib/python3.7/site-packages/airflow/example_dags/example_skip_dag.py took 0.164 seconds
[2024-08-17T22:07:38.905+0000] {processor.py:157} INFO - Started process (PID=1933) to work on /home/airflow/.local/lib/python3.7/site-packages/airflow/example_dags/example_skip_dag.py
[2024-08-17T22:07:38.908+0000] {processor.py:826} INFO - Processing file /home/airflow/.local/lib/python3.7/site-packages/airflow/example_dags/example_skip_dag.py for tasks to queue
[2024-08-17T22:07:38.909+0000] {logging_mixin.py:150} INFO - [2024-08-17T22:07:38.909+0000] {dagbag.py:541} INFO - Filling up the DagBag from /home/airflow/.local/lib/python3.7/site-packages/airflow/example_dags/example_skip_dag.py
[2024-08-17T22:07:38.919+0000] {processor.py:836} INFO - DAG(s) dict_keys(['example_skip_dag']) retrieved from /home/airflow/.local/lib/python3.7/site-packages/airflow/example_dags/example_skip_dag.py
[2024-08-17T22:07:38.952+0000] {logging_mixin.py:150} INFO - [2024-08-17T22:07:38.951+0000] {dag.py:2742} INFO - Sync 1 DAGs
[2024-08-17T22:07:38.994+0000] {logging_mixin.py:150} INFO - [2024-08-17T22:07:38.994+0000] {dag.py:3508} INFO - Setting next_dagrun for example_skip_dag to 2024-08-16T22:07:38.993843+00:00, run_after=2024-08-17T22:07:38.993843+00:00
[2024-08-17T22:07:39.026+0000] {processor.py:179} INFO - Processing /home/airflow/.local/lib/python3.7/site-packages/airflow/example_dags/example_skip_dag.py took 0.126 seconds
[2024-08-17T22:08:13.449+0000] {processor.py:157} INFO - Started process (PID=2285) to work on /home/airflow/.local/lib/python3.7/site-packages/airflow/example_dags/example_skip_dag.py
[2024-08-17T22:08:13.450+0000] {processor.py:826} INFO - Processing file /home/airflow/.local/lib/python3.7/site-packages/airflow/example_dags/example_skip_dag.py for tasks to queue
[2024-08-17T22:08:13.453+0000] {logging_mixin.py:150} INFO - [2024-08-17T22:08:13.452+0000] {dagbag.py:541} INFO - Filling up the DagBag from /home/airflow/.local/lib/python3.7/site-packages/airflow/example_dags/example_skip_dag.py
[2024-08-17T22:08:13.469+0000] {processor.py:836} INFO - DAG(s) dict_keys(['example_skip_dag']) retrieved from /home/airflow/.local/lib/python3.7/site-packages/airflow/example_dags/example_skip_dag.py
[2024-08-17T22:08:13.517+0000] {logging_mixin.py:150} INFO - [2024-08-17T22:08:13.516+0000] {dag.py:2742} INFO - Sync 1 DAGs
[2024-08-17T22:08:13.555+0000] {logging_mixin.py:150} INFO - [2024-08-17T22:08:13.555+0000] {dag.py:3508} INFO - Setting next_dagrun for example_skip_dag to 2024-08-16T22:08:13.555056+00:00, run_after=2024-08-17T22:08:13.555056+00:00
[2024-08-17T22:08:13.592+0000] {processor.py:179} INFO - Processing /home/airflow/.local/lib/python3.7/site-packages/airflow/example_dags/example_skip_dag.py took 0.148 seconds
[2024-08-17T22:08:44.202+0000] {processor.py:157} INFO - Started process (PID=2541) to work on /home/airflow/.local/lib/python3.7/site-packages/airflow/example_dags/example_skip_dag.py
[2024-08-17T22:08:44.205+0000] {processor.py:826} INFO - Processing file /home/airflow/.local/lib/python3.7/site-packages/airflow/example_dags/example_skip_dag.py for tasks to queue
[2024-08-17T22:08:44.206+0000] {logging_mixin.py:150} INFO - [2024-08-17T22:08:44.206+0000] {dagbag.py:541} INFO - Filling up the DagBag from /home/airflow/.local/lib/python3.7/site-packages/airflow/example_dags/example_skip_dag.py
[2024-08-17T22:08:44.217+0000] {processor.py:836} INFO - DAG(s) dict_keys(['example_skip_dag']) retrieved from /home/airflow/.local/lib/python3.7/site-packages/airflow/example_dags/example_skip_dag.py
[2024-08-17T22:08:44.247+0000] {logging_mixin.py:150} INFO - [2024-08-17T22:08:44.247+0000] {dag.py:2742} INFO - Sync 1 DAGs
[2024-08-17T22:08:44.278+0000] {logging_mixin.py:150} INFO - [2024-08-17T22:08:44.278+0000] {dag.py:3508} INFO - Setting next_dagrun for example_skip_dag to 2024-08-16T22:08:44.278015+00:00, run_after=2024-08-17T22:08:44.278015+00:00
[2024-08-17T22:08:44.304+0000] {processor.py:179} INFO - Processing /home/airflow/.local/lib/python3.7/site-packages/airflow/example_dags/example_skip_dag.py took 0.107 seconds
[2024-08-17T22:09:14.581+0000] {processor.py:157} INFO - Started process (PID=2779) to work on /home/airflow/.local/lib/python3.7/site-packages/airflow/example_dags/example_skip_dag.py
[2024-08-17T22:09:14.583+0000] {processor.py:826} INFO - Processing file /home/airflow/.local/lib/python3.7/site-packages/airflow/example_dags/example_skip_dag.py for tasks to queue
[2024-08-17T22:09:14.584+0000] {logging_mixin.py:150} INFO - [2024-08-17T22:09:14.584+0000] {dagbag.py:541} INFO - Filling up the DagBag from /home/airflow/.local/lib/python3.7/site-packages/airflow/example_dags/example_skip_dag.py
[2024-08-17T22:09:14.594+0000] {processor.py:836} INFO - DAG(s) dict_keys(['example_skip_dag']) retrieved from /home/airflow/.local/lib/python3.7/site-packages/airflow/example_dags/example_skip_dag.py
[2024-08-17T22:09:14.627+0000] {logging_mixin.py:150} INFO - [2024-08-17T22:09:14.627+0000] {dag.py:2742} INFO - Sync 1 DAGs
[2024-08-17T22:09:14.659+0000] {logging_mixin.py:150} INFO - [2024-08-17T22:09:14.659+0000] {dag.py:3508} INFO - Setting next_dagrun for example_skip_dag to 2024-08-16T22:09:14.659150+00:00, run_after=2024-08-17T22:09:14.659150+00:00
[2024-08-17T22:09:14.687+0000] {processor.py:179} INFO - Processing /home/airflow/.local/lib/python3.7/site-packages/airflow/example_dags/example_skip_dag.py took 0.111 seconds
[2024-08-17T22:09:45.041+0000] {processor.py:157} INFO - Started process (PID=3017) to work on /home/airflow/.local/lib/python3.7/site-packages/airflow/example_dags/example_skip_dag.py
[2024-08-17T22:09:45.042+0000] {processor.py:826} INFO - Processing file /home/airflow/.local/lib/python3.7/site-packages/airflow/example_dags/example_skip_dag.py for tasks to queue
[2024-08-17T22:09:45.043+0000] {logging_mixin.py:150} INFO - [2024-08-17T22:09:45.043+0000] {dagbag.py:541} INFO - Filling up the DagBag from /home/airflow/.local/lib/python3.7/site-packages/airflow/example_dags/example_skip_dag.py
[2024-08-17T22:09:45.052+0000] {processor.py:836} INFO - DAG(s) dict_keys(['example_skip_dag']) retrieved from /home/airflow/.local/lib/python3.7/site-packages/airflow/example_dags/example_skip_dag.py
[2024-08-17T22:09:45.083+0000] {logging_mixin.py:150} INFO - [2024-08-17T22:09:45.082+0000] {dag.py:2742} INFO - Sync 1 DAGs
[2024-08-17T22:09:45.114+0000] {logging_mixin.py:150} INFO - [2024-08-17T22:09:45.114+0000] {dag.py:3508} INFO - Setting next_dagrun for example_skip_dag to 2024-08-16T22:09:45.113940+00:00, run_after=2024-08-17T22:09:45.113940+00:00
[2024-08-17T22:09:45.140+0000] {processor.py:179} INFO - Processing /home/airflow/.local/lib/python3.7/site-packages/airflow/example_dags/example_skip_dag.py took 0.103 seconds
[2024-08-17T22:10:16.015+0000] {processor.py:157} INFO - Started process (PID=3257) to work on /home/airflow/.local/lib/python3.7/site-packages/airflow/example_dags/example_skip_dag.py
[2024-08-17T22:10:16.016+0000] {processor.py:826} INFO - Processing file /home/airflow/.local/lib/python3.7/site-packages/airflow/example_dags/example_skip_dag.py for tasks to queue
[2024-08-17T22:10:16.017+0000] {logging_mixin.py:150} INFO - [2024-08-17T22:10:16.017+0000] {dagbag.py:541} INFO - Filling up the DagBag from /home/airflow/.local/lib/python3.7/site-packages/airflow/example_dags/example_skip_dag.py
[2024-08-17T22:10:16.027+0000] {processor.py:836} INFO - DAG(s) dict_keys(['example_skip_dag']) retrieved from /home/airflow/.local/lib/python3.7/site-packages/airflow/example_dags/example_skip_dag.py
[2024-08-17T22:10:16.063+0000] {logging_mixin.py:150} INFO - [2024-08-17T22:10:16.063+0000] {dag.py:2742} INFO - Sync 1 DAGs
[2024-08-17T22:10:16.096+0000] {logging_mixin.py:150} INFO - [2024-08-17T22:10:16.096+0000] {dag.py:3508} INFO - Setting next_dagrun for example_skip_dag to 2024-08-16T22:10:16.095830+00:00, run_after=2024-08-17T22:10:16.095830+00:00
[2024-08-17T22:10:16.130+0000] {processor.py:179} INFO - Processing /home/airflow/.local/lib/python3.7/site-packages/airflow/example_dags/example_skip_dag.py took 0.118 seconds
[2024-08-17T22:10:46.691+0000] {processor.py:157} INFO - Started process (PID=3493) to work on /home/airflow/.local/lib/python3.7/site-packages/airflow/example_dags/example_skip_dag.py
[2024-08-17T22:10:46.693+0000] {processor.py:826} INFO - Processing file /home/airflow/.local/lib/python3.7/site-packages/airflow/example_dags/example_skip_dag.py for tasks to queue
[2024-08-17T22:10:46.695+0000] {logging_mixin.py:150} INFO - [2024-08-17T22:10:46.694+0000] {dagbag.py:541} INFO - Filling up the DagBag from /home/airflow/.local/lib/python3.7/site-packages/airflow/example_dags/example_skip_dag.py
[2024-08-17T22:10:46.707+0000] {processor.py:836} INFO - DAG(s) dict_keys(['example_skip_dag']) retrieved from /home/airflow/.local/lib/python3.7/site-packages/airflow/example_dags/example_skip_dag.py
[2024-08-17T22:10:46.744+0000] {logging_mixin.py:150} INFO - [2024-08-17T22:10:46.744+0000] {dag.py:2742} INFO - Sync 1 DAGs
[2024-08-17T22:10:46.777+0000] {logging_mixin.py:150} INFO - [2024-08-17T22:10:46.776+0000] {dag.py:3508} INFO - Setting next_dagrun for example_skip_dag to 2024-08-16T22:10:46.776545+00:00, run_after=2024-08-17T22:10:46.776545+00:00
[2024-08-17T22:10:46.800+0000] {processor.py:179} INFO - Processing /home/airflow/.local/lib/python3.7/site-packages/airflow/example_dags/example_skip_dag.py took 0.113 seconds
[2024-08-17T22:12:14.282+0000] {processor.py:157} INFO - Started process (PID=266) to work on /home/airflow/.local/lib/python3.7/site-packages/airflow/example_dags/example_skip_dag.py
[2024-08-17T22:12:14.283+0000] {processor.py:826} INFO - Processing file /home/airflow/.local/lib/python3.7/site-packages/airflow/example_dags/example_skip_dag.py for tasks to queue
[2024-08-17T22:12:14.285+0000] {logging_mixin.py:150} INFO - [2024-08-17T22:12:14.284+0000] {dagbag.py:541} INFO - Filling up the DagBag from /home/airflow/.local/lib/python3.7/site-packages/airflow/example_dags/example_skip_dag.py
[2024-08-17T22:12:14.300+0000] {processor.py:836} INFO - DAG(s) dict_keys(['example_skip_dag']) retrieved from /home/airflow/.local/lib/python3.7/site-packages/airflow/example_dags/example_skip_dag.py
[2024-08-17T22:12:14.341+0000] {logging_mixin.py:150} INFO - [2024-08-17T22:12:14.341+0000] {dag.py:2742} INFO - Sync 1 DAGs
[2024-08-17T22:12:14.584+0000] {logging_mixin.py:150} INFO - [2024-08-17T22:12:14.584+0000] {dag.py:3508} INFO - Setting next_dagrun for example_skip_dag to 2024-08-16T22:12:14.583170+00:00, run_after=2024-08-17T22:12:14.583170+00:00
[2024-08-17T22:12:14.616+0000] {processor.py:179} INFO - Processing /home/airflow/.local/lib/python3.7/site-packages/airflow/example_dags/example_skip_dag.py took 0.339 seconds
[2024-08-17T22:12:45.167+0000] {processor.py:157} INFO - Started process (PID=506) to work on /home/airflow/.local/lib/python3.7/site-packages/airflow/example_dags/example_skip_dag.py
[2024-08-17T22:12:45.169+0000] {processor.py:826} INFO - Processing file /home/airflow/.local/lib/python3.7/site-packages/airflow/example_dags/example_skip_dag.py for tasks to queue
[2024-08-17T22:12:45.170+0000] {logging_mixin.py:150} INFO - [2024-08-17T22:12:45.170+0000] {dagbag.py:541} INFO - Filling up the DagBag from /home/airflow/.local/lib/python3.7/site-packages/airflow/example_dags/example_skip_dag.py
[2024-08-17T22:12:45.180+0000] {processor.py:836} INFO - DAG(s) dict_keys(['example_skip_dag']) retrieved from /home/airflow/.local/lib/python3.7/site-packages/airflow/example_dags/example_skip_dag.py
[2024-08-17T22:12:45.211+0000] {logging_mixin.py:150} INFO - [2024-08-17T22:12:45.211+0000] {dag.py:2742} INFO - Sync 1 DAGs
[2024-08-17T22:12:45.244+0000] {logging_mixin.py:150} INFO - [2024-08-17T22:12:45.244+0000] {dag.py:3508} INFO - Setting next_dagrun for example_skip_dag to 2024-08-16T22:12:45.244102+00:00, run_after=2024-08-17T22:12:45.244102+00:00
[2024-08-17T22:12:45.269+0000] {processor.py:179} INFO - Processing /home/airflow/.local/lib/python3.7/site-packages/airflow/example_dags/example_skip_dag.py took 0.105 seconds
[2024-08-17T22:13:15.465+0000] {processor.py:157} INFO - Started process (PID=744) to work on /home/airflow/.local/lib/python3.7/site-packages/airflow/example_dags/example_skip_dag.py
[2024-08-17T22:13:15.467+0000] {processor.py:826} INFO - Processing file /home/airflow/.local/lib/python3.7/site-packages/airflow/example_dags/example_skip_dag.py for tasks to queue
[2024-08-17T22:13:15.468+0000] {logging_mixin.py:150} INFO - [2024-08-17T22:13:15.468+0000] {dagbag.py:541} INFO - Filling up the DagBag from /home/airflow/.local/lib/python3.7/site-packages/airflow/example_dags/example_skip_dag.py
[2024-08-17T22:13:15.478+0000] {processor.py:836} INFO - DAG(s) dict_keys(['example_skip_dag']) retrieved from /home/airflow/.local/lib/python3.7/site-packages/airflow/example_dags/example_skip_dag.py
[2024-08-17T22:13:15.510+0000] {logging_mixin.py:150} INFO - [2024-08-17T22:13:15.510+0000] {dag.py:2742} INFO - Sync 1 DAGs
[2024-08-17T22:13:15.543+0000] {logging_mixin.py:150} INFO - [2024-08-17T22:13:15.542+0000] {dag.py:3508} INFO - Setting next_dagrun for example_skip_dag to 2024-08-16T22:13:15.542529+00:00, run_after=2024-08-17T22:13:15.542529+00:00
[2024-08-17T22:13:15.568+0000] {processor.py:179} INFO - Processing /home/airflow/.local/lib/python3.7/site-packages/airflow/example_dags/example_skip_dag.py took 0.107 seconds
[2024-08-17T22:13:46.029+0000] {processor.py:157} INFO - Started process (PID=980) to work on /home/airflow/.local/lib/python3.7/site-packages/airflow/example_dags/example_skip_dag.py
[2024-08-17T22:13:46.031+0000] {processor.py:826} INFO - Processing file /home/airflow/.local/lib/python3.7/site-packages/airflow/example_dags/example_skip_dag.py for tasks to queue
[2024-08-17T22:13:46.032+0000] {logging_mixin.py:150} INFO - [2024-08-17T22:13:46.032+0000] {dagbag.py:541} INFO - Filling up the DagBag from /home/airflow/.local/lib/python3.7/site-packages/airflow/example_dags/example_skip_dag.py
[2024-08-17T22:13:46.047+0000] {processor.py:836} INFO - DAG(s) dict_keys(['example_skip_dag']) retrieved from /home/airflow/.local/lib/python3.7/site-packages/airflow/example_dags/example_skip_dag.py
[2024-08-17T22:13:46.083+0000] {logging_mixin.py:150} INFO - [2024-08-17T22:13:46.083+0000] {dag.py:2742} INFO - Sync 1 DAGs
[2024-08-17T22:13:46.118+0000] {logging_mixin.py:150} INFO - [2024-08-17T22:13:46.118+0000] {dag.py:3508} INFO - Setting next_dagrun for example_skip_dag to 2024-08-16T22:13:46.118347+00:00, run_after=2024-08-17T22:13:46.118347+00:00
[2024-08-17T22:13:46.144+0000] {processor.py:179} INFO - Processing /home/airflow/.local/lib/python3.7/site-packages/airflow/example_dags/example_skip_dag.py took 0.120 seconds
[2024-08-17T22:14:16.463+0000] {processor.py:157} INFO - Started process (PID=1220) to work on /home/airflow/.local/lib/python3.7/site-packages/airflow/example_dags/example_skip_dag.py
[2024-08-17T22:14:16.465+0000] {processor.py:826} INFO - Processing file /home/airflow/.local/lib/python3.7/site-packages/airflow/example_dags/example_skip_dag.py for tasks to queue
[2024-08-17T22:14:16.467+0000] {logging_mixin.py:150} INFO - [2024-08-17T22:14:16.466+0000] {dagbag.py:541} INFO - Filling up the DagBag from /home/airflow/.local/lib/python3.7/site-packages/airflow/example_dags/example_skip_dag.py
[2024-08-17T22:14:16.480+0000] {processor.py:836} INFO - DAG(s) dict_keys(['example_skip_dag']) retrieved from /home/airflow/.local/lib/python3.7/site-packages/airflow/example_dags/example_skip_dag.py
[2024-08-17T22:14:16.523+0000] {logging_mixin.py:150} INFO - [2024-08-17T22:14:16.523+0000] {dag.py:2742} INFO - Sync 1 DAGs
[2024-08-17T22:14:16.566+0000] {logging_mixin.py:150} INFO - [2024-08-17T22:14:16.566+0000] {dag.py:3508} INFO - Setting next_dagrun for example_skip_dag to 2024-08-16T22:14:16.566385+00:00, run_after=2024-08-17T22:14:16.566385+00:00
[2024-08-17T22:14:16.851+0000] {processor.py:179} INFO - Processing /home/airflow/.local/lib/python3.7/site-packages/airflow/example_dags/example_skip_dag.py took 0.393 seconds
[2024-08-17T22:14:48.335+0000] {processor.py:157} INFO - Started process (PID=1458) to work on /home/airflow/.local/lib/python3.7/site-packages/airflow/example_dags/example_skip_dag.py
[2024-08-17T22:14:48.338+0000] {processor.py:826} INFO - Processing file /home/airflow/.local/lib/python3.7/site-packages/airflow/example_dags/example_skip_dag.py for tasks to queue
[2024-08-17T22:14:48.339+0000] {logging_mixin.py:150} INFO - [2024-08-17T22:14:48.339+0000] {dagbag.py:541} INFO - Filling up the DagBag from /home/airflow/.local/lib/python3.7/site-packages/airflow/example_dags/example_skip_dag.py
[2024-08-17T22:14:48.355+0000] {processor.py:836} INFO - DAG(s) dict_keys(['example_skip_dag']) retrieved from /home/airflow/.local/lib/python3.7/site-packages/airflow/example_dags/example_skip_dag.py
[2024-08-17T22:14:48.404+0000] {logging_mixin.py:150} INFO - [2024-08-17T22:14:48.404+0000] {dag.py:2742} INFO - Sync 1 DAGs
[2024-08-17T22:14:48.455+0000] {logging_mixin.py:150} INFO - [2024-08-17T22:14:48.455+0000] {dag.py:3508} INFO - Setting next_dagrun for example_skip_dag to 2024-08-16T22:14:48.454396+00:00, run_after=2024-08-17T22:14:48.454396+00:00
[2024-08-17T22:14:48.492+0000] {processor.py:179} INFO - Processing /home/airflow/.local/lib/python3.7/site-packages/airflow/example_dags/example_skip_dag.py took 0.161 seconds
[2024-08-17T22:15:18.717+0000] {processor.py:157} INFO - Started process (PID=1694) to work on /home/airflow/.local/lib/python3.7/site-packages/airflow/example_dags/example_skip_dag.py
[2024-08-17T22:15:18.719+0000] {processor.py:826} INFO - Processing file /home/airflow/.local/lib/python3.7/site-packages/airflow/example_dags/example_skip_dag.py for tasks to queue
[2024-08-17T22:15:18.721+0000] {logging_mixin.py:150} INFO - [2024-08-17T22:15:18.720+0000] {dagbag.py:541} INFO - Filling up the DagBag from /home/airflow/.local/lib/python3.7/site-packages/airflow/example_dags/example_skip_dag.py
[2024-08-17T22:15:18.731+0000] {processor.py:836} INFO - DAG(s) dict_keys(['example_skip_dag']) retrieved from /home/airflow/.local/lib/python3.7/site-packages/airflow/example_dags/example_skip_dag.py
[2024-08-17T22:15:18.802+0000] {logging_mixin.py:150} INFO - [2024-08-17T22:15:18.801+0000] {dag.py:2742} INFO - Sync 1 DAGs
[2024-08-17T22:15:18.836+0000] {logging_mixin.py:150} INFO - [2024-08-17T22:15:18.836+0000] {dag.py:3508} INFO - Setting next_dagrun for example_skip_dag to 2024-08-16T22:15:18.836076+00:00, run_after=2024-08-17T22:15:18.836076+00:00
[2024-08-17T22:15:18.860+0000] {processor.py:179} INFO - Processing /home/airflow/.local/lib/python3.7/site-packages/airflow/example_dags/example_skip_dag.py took 0.148 seconds
[2024-08-17T22:15:48.977+0000] {processor.py:157} INFO - Started process (PID=1932) to work on /home/airflow/.local/lib/python3.7/site-packages/airflow/example_dags/example_skip_dag.py
[2024-08-17T22:15:48.978+0000] {processor.py:826} INFO - Processing file /home/airflow/.local/lib/python3.7/site-packages/airflow/example_dags/example_skip_dag.py for tasks to queue
[2024-08-17T22:15:48.979+0000] {logging_mixin.py:150} INFO - [2024-08-17T22:15:48.979+0000] {dagbag.py:541} INFO - Filling up the DagBag from /home/airflow/.local/lib/python3.7/site-packages/airflow/example_dags/example_skip_dag.py
[2024-08-17T22:15:48.989+0000] {processor.py:836} INFO - DAG(s) dict_keys(['example_skip_dag']) retrieved from /home/airflow/.local/lib/python3.7/site-packages/airflow/example_dags/example_skip_dag.py
[2024-08-17T22:15:49.024+0000] {logging_mixin.py:150} INFO - [2024-08-17T22:15:49.024+0000] {dag.py:2742} INFO - Sync 1 DAGs
[2024-08-17T22:15:49.057+0000] {logging_mixin.py:150} INFO - [2024-08-17T22:15:49.057+0000] {dag.py:3508} INFO - Setting next_dagrun for example_skip_dag to 2024-08-16T22:15:49.056759+00:00, run_after=2024-08-17T22:15:49.056759+00:00
[2024-08-17T22:15:49.081+0000] {processor.py:179} INFO - Processing /home/airflow/.local/lib/python3.7/site-packages/airflow/example_dags/example_skip_dag.py took 0.107 seconds
[2024-08-17T22:16:19.417+0000] {processor.py:157} INFO - Started process (PID=2170) to work on /home/airflow/.local/lib/python3.7/site-packages/airflow/example_dags/example_skip_dag.py
[2024-08-17T22:16:19.418+0000] {processor.py:826} INFO - Processing file /home/airflow/.local/lib/python3.7/site-packages/airflow/example_dags/example_skip_dag.py for tasks to queue
[2024-08-17T22:16:19.419+0000] {logging_mixin.py:150} INFO - [2024-08-17T22:16:19.419+0000] {dagbag.py:541} INFO - Filling up the DagBag from /home/airflow/.local/lib/python3.7/site-packages/airflow/example_dags/example_skip_dag.py
[2024-08-17T22:16:19.430+0000] {processor.py:836} INFO - DAG(s) dict_keys(['example_skip_dag']) retrieved from /home/airflow/.local/lib/python3.7/site-packages/airflow/example_dags/example_skip_dag.py
[2024-08-17T22:16:19.471+0000] {logging_mixin.py:150} INFO - [2024-08-17T22:16:19.471+0000] {dag.py:2742} INFO - Sync 1 DAGs
[2024-08-17T22:16:19.508+0000] {logging_mixin.py:150} INFO - [2024-08-17T22:16:19.508+0000] {dag.py:3508} INFO - Setting next_dagrun for example_skip_dag to 2024-08-16T22:16:19.508222+00:00, run_after=2024-08-17T22:16:19.508222+00:00
[2024-08-17T22:16:19.534+0000] {processor.py:179} INFO - Processing /home/airflow/.local/lib/python3.7/site-packages/airflow/example_dags/example_skip_dag.py took 0.123 seconds
