[2024-08-17T22:03:55.712+0000] {processor.py:157} INFO - Started process (PID=189) to work on /home/airflow/.local/lib/python3.7/site-packages/airflow/example_dags/tutorial_taskflow_api.py
[2024-08-17T22:03:55.715+0000] {processor.py:826} INFO - Processing file /home/airflow/.local/lib/python3.7/site-packages/airflow/example_dags/tutorial_taskflow_api.py for tasks to queue
[2024-08-17T22:03:55.717+0000] {logging_mixin.py:150} INFO - [2024-08-17T22:03:55.716+0000] {dagbag.py:541} INFO - Filling up the DagBag from /home/airflow/.local/lib/python3.7/site-packages/airflow/example_dags/tutorial_taskflow_api.py
[2024-08-17T22:03:55.748+0000] {processor.py:836} INFO - DAG(s) dict_keys(['tutorial_taskflow_api']) retrieved from /home/airflow/.local/lib/python3.7/site-packages/airflow/example_dags/tutorial_taskflow_api.py
[2024-08-17T22:03:56.057+0000] {logging_mixin.py:150} INFO - [2024-08-17T22:03:56.057+0000] {manager.py:504} INFO - Created Permission View: can read on DAG:tutorial_taskflow_api
[2024-08-17T22:03:56.085+0000] {logging_mixin.py:150} INFO - [2024-08-17T22:03:56.085+0000] {manager.py:504} INFO - Created Permission View: can edit on DAG:tutorial_taskflow_api
[2024-08-17T22:03:56.098+0000] {logging_mixin.py:150} INFO - [2024-08-17T22:03:56.098+0000] {manager.py:504} INFO - Created Permission View: can delete on DAG:tutorial_taskflow_api
[2024-08-17T22:03:56.132+0000] {logging_mixin.py:150} INFO - [2024-08-17T22:03:56.132+0000] {dag.py:2742} INFO - Sync 1 DAGs
[2024-08-17T22:03:56.154+0000] {logging_mixin.py:150} INFO - [2024-08-17T22:03:56.153+0000] {dag.py:2763} INFO - Creating ORM DAG for tutorial_taskflow_api
[2024-08-17T22:03:56.177+0000] {logging_mixin.py:150} INFO - [2024-08-17T22:03:56.177+0000] {dag.py:3508} INFO - Setting next_dagrun for tutorial_taskflow_api to None, run_after=None
[2024-08-17T22:03:56.224+0000] {processor.py:179} INFO - Processing /home/airflow/.local/lib/python3.7/site-packages/airflow/example_dags/tutorial_taskflow_api.py took 0.525 seconds
[2024-08-17T22:04:26.308+0000] {processor.py:157} INFO - Started process (PID=427) to work on /home/airflow/.local/lib/python3.7/site-packages/airflow/example_dags/tutorial_taskflow_api.py
[2024-08-17T22:04:26.309+0000] {processor.py:826} INFO - Processing file /home/airflow/.local/lib/python3.7/site-packages/airflow/example_dags/tutorial_taskflow_api.py for tasks to queue
[2024-08-17T22:04:26.311+0000] {logging_mixin.py:150} INFO - [2024-08-17T22:04:26.310+0000] {dagbag.py:541} INFO - Filling up the DagBag from /home/airflow/.local/lib/python3.7/site-packages/airflow/example_dags/tutorial_taskflow_api.py
[2024-08-17T22:04:26.321+0000] {processor.py:836} INFO - DAG(s) dict_keys(['tutorial_taskflow_api']) retrieved from /home/airflow/.local/lib/python3.7/site-packages/airflow/example_dags/tutorial_taskflow_api.py
[2024-08-17T22:04:26.361+0000] {logging_mixin.py:150} INFO - [2024-08-17T22:04:26.361+0000] {dag.py:2742} INFO - Sync 1 DAGs
[2024-08-17T22:04:26.399+0000] {logging_mixin.py:150} INFO - [2024-08-17T22:04:26.398+0000] {dag.py:3508} INFO - Setting next_dagrun for tutorial_taskflow_api to None, run_after=None
[2024-08-17T22:04:26.428+0000] {processor.py:179} INFO - Processing /home/airflow/.local/lib/python3.7/site-packages/airflow/example_dags/tutorial_taskflow_api.py took 0.124 seconds
[2024-08-17T22:04:57.035+0000] {processor.py:157} INFO - Started process (PID=665) to work on /home/airflow/.local/lib/python3.7/site-packages/airflow/example_dags/tutorial_taskflow_api.py
[2024-08-17T22:04:57.037+0000] {processor.py:826} INFO - Processing file /home/airflow/.local/lib/python3.7/site-packages/airflow/example_dags/tutorial_taskflow_api.py for tasks to queue
[2024-08-17T22:04:57.039+0000] {logging_mixin.py:150} INFO - [2024-08-17T22:04:57.039+0000] {dagbag.py:541} INFO - Filling up the DagBag from /home/airflow/.local/lib/python3.7/site-packages/airflow/example_dags/tutorial_taskflow_api.py
[2024-08-17T22:04:57.047+0000] {processor.py:836} INFO - DAG(s) dict_keys(['tutorial_taskflow_api']) retrieved from /home/airflow/.local/lib/python3.7/site-packages/airflow/example_dags/tutorial_taskflow_api.py
[2024-08-17T22:04:57.088+0000] {logging_mixin.py:150} INFO - [2024-08-17T22:04:57.088+0000] {dag.py:2742} INFO - Sync 1 DAGs
[2024-08-17T22:04:57.122+0000] {logging_mixin.py:150} INFO - [2024-08-17T22:04:57.122+0000] {dag.py:3508} INFO - Setting next_dagrun for tutorial_taskflow_api to None, run_after=None
[2024-08-17T22:04:57.152+0000] {processor.py:179} INFO - Processing /home/airflow/.local/lib/python3.7/site-packages/airflow/example_dags/tutorial_taskflow_api.py took 0.122 seconds
[2024-08-17T22:05:31.199+0000] {processor.py:157} INFO - Started process (PID=901) to work on /home/airflow/.local/lib/python3.7/site-packages/airflow/example_dags/tutorial_taskflow_api.py
[2024-08-17T22:05:31.202+0000] {processor.py:826} INFO - Processing file /home/airflow/.local/lib/python3.7/site-packages/airflow/example_dags/tutorial_taskflow_api.py for tasks to queue
[2024-08-17T22:05:31.206+0000] {logging_mixin.py:150} INFO - [2024-08-17T22:05:31.205+0000] {dagbag.py:541} INFO - Filling up the DagBag from /home/airflow/.local/lib/python3.7/site-packages/airflow/example_dags/tutorial_taskflow_api.py
[2024-08-17T22:05:31.269+0000] {processor.py:836} INFO - DAG(s) dict_keys(['tutorial_taskflow_api']) retrieved from /home/airflow/.local/lib/python3.7/site-packages/airflow/example_dags/tutorial_taskflow_api.py
[2024-08-17T22:05:31.779+0000] {logging_mixin.py:150} INFO - [2024-08-17T22:05:31.779+0000] {dag.py:2742} INFO - Sync 1 DAGs
[2024-08-17T22:05:31.933+0000] {logging_mixin.py:150} INFO - [2024-08-17T22:05:31.932+0000] {dag.py:3508} INFO - Setting next_dagrun for tutorial_taskflow_api to None, run_after=None
[2024-08-17T22:05:32.024+0000] {processor.py:179} INFO - Processing /home/airflow/.local/lib/python3.7/site-packages/airflow/example_dags/tutorial_taskflow_api.py took 0.833 seconds
[2024-08-17T22:06:02.094+0000] {processor.py:157} INFO - Started process (PID=1141) to work on /home/airflow/.local/lib/python3.7/site-packages/airflow/example_dags/tutorial_taskflow_api.py
[2024-08-17T22:06:02.096+0000] {processor.py:826} INFO - Processing file /home/airflow/.local/lib/python3.7/site-packages/airflow/example_dags/tutorial_taskflow_api.py for tasks to queue
[2024-08-17T22:06:02.098+0000] {logging_mixin.py:150} INFO - [2024-08-17T22:06:02.097+0000] {dagbag.py:541} INFO - Filling up the DagBag from /home/airflow/.local/lib/python3.7/site-packages/airflow/example_dags/tutorial_taskflow_api.py
[2024-08-17T22:06:02.107+0000] {processor.py:836} INFO - DAG(s) dict_keys(['tutorial_taskflow_api']) retrieved from /home/airflow/.local/lib/python3.7/site-packages/airflow/example_dags/tutorial_taskflow_api.py
[2024-08-17T22:06:02.145+0000] {logging_mixin.py:150} INFO - [2024-08-17T22:06:02.145+0000] {dag.py:2742} INFO - Sync 1 DAGs
[2024-08-17T22:06:02.180+0000] {logging_mixin.py:150} INFO - [2024-08-17T22:06:02.180+0000] {dag.py:3508} INFO - Setting next_dagrun for tutorial_taskflow_api to None, run_after=None
[2024-08-17T22:06:02.207+0000] {processor.py:179} INFO - Processing /home/airflow/.local/lib/python3.7/site-packages/airflow/example_dags/tutorial_taskflow_api.py took 0.119 seconds
[2024-08-17T22:06:32.597+0000] {processor.py:157} INFO - Started process (PID=1379) to work on /home/airflow/.local/lib/python3.7/site-packages/airflow/example_dags/tutorial_taskflow_api.py
[2024-08-17T22:06:32.598+0000] {processor.py:826} INFO - Processing file /home/airflow/.local/lib/python3.7/site-packages/airflow/example_dags/tutorial_taskflow_api.py for tasks to queue
[2024-08-17T22:06:32.599+0000] {logging_mixin.py:150} INFO - [2024-08-17T22:06:32.599+0000] {dagbag.py:541} INFO - Filling up the DagBag from /home/airflow/.local/lib/python3.7/site-packages/airflow/example_dags/tutorial_taskflow_api.py
[2024-08-17T22:06:32.608+0000] {processor.py:836} INFO - DAG(s) dict_keys(['tutorial_taskflow_api']) retrieved from /home/airflow/.local/lib/python3.7/site-packages/airflow/example_dags/tutorial_taskflow_api.py
[2024-08-17T22:06:32.641+0000] {logging_mixin.py:150} INFO - [2024-08-17T22:06:32.640+0000] {dag.py:2742} INFO - Sync 1 DAGs
[2024-08-17T22:06:32.675+0000] {logging_mixin.py:150} INFO - [2024-08-17T22:06:32.675+0000] {dag.py:3508} INFO - Setting next_dagrun for tutorial_taskflow_api to None, run_after=None
[2024-08-17T22:06:32.699+0000] {processor.py:179} INFO - Processing /home/airflow/.local/lib/python3.7/site-packages/airflow/example_dags/tutorial_taskflow_api.py took 0.106 seconds
[2024-08-17T22:07:03.123+0000] {processor.py:157} INFO - Started process (PID=1617) to work on /home/airflow/.local/lib/python3.7/site-packages/airflow/example_dags/tutorial_taskflow_api.py
[2024-08-17T22:07:03.126+0000] {processor.py:826} INFO - Processing file /home/airflow/.local/lib/python3.7/site-packages/airflow/example_dags/tutorial_taskflow_api.py for tasks to queue
[2024-08-17T22:07:03.127+0000] {logging_mixin.py:150} INFO - [2024-08-17T22:07:03.127+0000] {dagbag.py:541} INFO - Filling up the DagBag from /home/airflow/.local/lib/python3.7/site-packages/airflow/example_dags/tutorial_taskflow_api.py
[2024-08-17T22:07:03.138+0000] {processor.py:836} INFO - DAG(s) dict_keys(['tutorial_taskflow_api']) retrieved from /home/airflow/.local/lib/python3.7/site-packages/airflow/example_dags/tutorial_taskflow_api.py
[2024-08-17T22:07:03.172+0000] {logging_mixin.py:150} INFO - [2024-08-17T22:07:03.172+0000] {dag.py:2742} INFO - Sync 1 DAGs
[2024-08-17T22:07:03.207+0000] {logging_mixin.py:150} INFO - [2024-08-17T22:07:03.206+0000] {dag.py:3508} INFO - Setting next_dagrun for tutorial_taskflow_api to None, run_after=None
[2024-08-17T22:07:03.232+0000] {processor.py:179} INFO - Processing /home/airflow/.local/lib/python3.7/site-packages/airflow/example_dags/tutorial_taskflow_api.py took 0.117 seconds
[2024-08-17T22:07:33.849+0000] {processor.py:157} INFO - Started process (PID=1855) to work on /home/airflow/.local/lib/python3.7/site-packages/airflow/example_dags/tutorial_taskflow_api.py
[2024-08-17T22:07:33.851+0000] {processor.py:826} INFO - Processing file /home/airflow/.local/lib/python3.7/site-packages/airflow/example_dags/tutorial_taskflow_api.py for tasks to queue
[2024-08-17T22:07:33.852+0000] {logging_mixin.py:150} INFO - [2024-08-17T22:07:33.851+0000] {dagbag.py:541} INFO - Filling up the DagBag from /home/airflow/.local/lib/python3.7/site-packages/airflow/example_dags/tutorial_taskflow_api.py
[2024-08-17T22:07:33.859+0000] {processor.py:836} INFO - DAG(s) dict_keys(['tutorial_taskflow_api']) retrieved from /home/airflow/.local/lib/python3.7/site-packages/airflow/example_dags/tutorial_taskflow_api.py
[2024-08-17T22:07:33.889+0000] {logging_mixin.py:150} INFO - [2024-08-17T22:07:33.889+0000] {dag.py:2742} INFO - Sync 1 DAGs
[2024-08-17T22:07:33.921+0000] {logging_mixin.py:150} INFO - [2024-08-17T22:07:33.921+0000] {dag.py:3508} INFO - Setting next_dagrun for tutorial_taskflow_api to None, run_after=None
[2024-08-17T22:07:33.945+0000] {processor.py:179} INFO - Processing /home/airflow/.local/lib/python3.7/site-packages/airflow/example_dags/tutorial_taskflow_api.py took 0.100 seconds
[2024-08-17T22:08:09.746+0000] {processor.py:157} INFO - Started process (PID=2192) to work on /home/airflow/.local/lib/python3.7/site-packages/airflow/example_dags/tutorial_taskflow_api.py
[2024-08-17T22:08:09.750+0000] {processor.py:826} INFO - Processing file /home/airflow/.local/lib/python3.7/site-packages/airflow/example_dags/tutorial_taskflow_api.py for tasks to queue
[2024-08-17T22:08:09.756+0000] {logging_mixin.py:150} INFO - [2024-08-17T22:08:09.755+0000] {dagbag.py:541} INFO - Filling up the DagBag from /home/airflow/.local/lib/python3.7/site-packages/airflow/example_dags/tutorial_taskflow_api.py
[2024-08-17T22:08:09.832+0000] {processor.py:836} INFO - DAG(s) dict_keys(['tutorial_taskflow_api']) retrieved from /home/airflow/.local/lib/python3.7/site-packages/airflow/example_dags/tutorial_taskflow_api.py
[2024-08-17T22:08:10.110+0000] {logging_mixin.py:150} INFO - [2024-08-17T22:08:10.109+0000] {dag.py:2742} INFO - Sync 1 DAGs
[2024-08-17T22:08:10.408+0000] {logging_mixin.py:150} INFO - [2024-08-17T22:08:10.408+0000] {dag.py:3508} INFO - Setting next_dagrun for tutorial_taskflow_api to None, run_after=None
[2024-08-17T22:08:10.463+0000] {processor.py:179} INFO - Processing /home/airflow/.local/lib/python3.7/site-packages/airflow/example_dags/tutorial_taskflow_api.py took 0.761 seconds
[2024-08-17T22:08:40.804+0000] {processor.py:157} INFO - Started process (PID=2461) to work on /home/airflow/.local/lib/python3.7/site-packages/airflow/example_dags/tutorial_taskflow_api.py
[2024-08-17T22:08:40.805+0000] {processor.py:826} INFO - Processing file /home/airflow/.local/lib/python3.7/site-packages/airflow/example_dags/tutorial_taskflow_api.py for tasks to queue
[2024-08-17T22:08:40.807+0000] {logging_mixin.py:150} INFO - [2024-08-17T22:08:40.806+0000] {dagbag.py:541} INFO - Filling up the DagBag from /home/airflow/.local/lib/python3.7/site-packages/airflow/example_dags/tutorial_taskflow_api.py
[2024-08-17T22:08:40.816+0000] {processor.py:836} INFO - DAG(s) dict_keys(['tutorial_taskflow_api']) retrieved from /home/airflow/.local/lib/python3.7/site-packages/airflow/example_dags/tutorial_taskflow_api.py
[2024-08-17T22:08:40.856+0000] {logging_mixin.py:150} INFO - [2024-08-17T22:08:40.856+0000] {dag.py:2742} INFO - Sync 1 DAGs
[2024-08-17T22:08:40.893+0000] {logging_mixin.py:150} INFO - [2024-08-17T22:08:40.893+0000] {dag.py:3508} INFO - Setting next_dagrun for tutorial_taskflow_api to None, run_after=None
[2024-08-17T22:08:40.931+0000] {processor.py:179} INFO - Processing /home/airflow/.local/lib/python3.7/site-packages/airflow/example_dags/tutorial_taskflow_api.py took 0.132 seconds
[2024-08-17T22:09:11.312+0000] {processor.py:157} INFO - Started process (PID=2699) to work on /home/airflow/.local/lib/python3.7/site-packages/airflow/example_dags/tutorial_taskflow_api.py
[2024-08-17T22:09:11.313+0000] {processor.py:826} INFO - Processing file /home/airflow/.local/lib/python3.7/site-packages/airflow/example_dags/tutorial_taskflow_api.py for tasks to queue
[2024-08-17T22:09:11.314+0000] {logging_mixin.py:150} INFO - [2024-08-17T22:09:11.314+0000] {dagbag.py:541} INFO - Filling up the DagBag from /home/airflow/.local/lib/python3.7/site-packages/airflow/example_dags/tutorial_taskflow_api.py
[2024-08-17T22:09:11.322+0000] {processor.py:836} INFO - DAG(s) dict_keys(['tutorial_taskflow_api']) retrieved from /home/airflow/.local/lib/python3.7/site-packages/airflow/example_dags/tutorial_taskflow_api.py
[2024-08-17T22:09:11.351+0000] {logging_mixin.py:150} INFO - [2024-08-17T22:09:11.351+0000] {dag.py:2742} INFO - Sync 1 DAGs
[2024-08-17T22:09:11.383+0000] {logging_mixin.py:150} INFO - [2024-08-17T22:09:11.383+0000] {dag.py:3508} INFO - Setting next_dagrun for tutorial_taskflow_api to None, run_after=None
[2024-08-17T22:09:11.406+0000] {processor.py:179} INFO - Processing /home/airflow/.local/lib/python3.7/site-packages/airflow/example_dags/tutorial_taskflow_api.py took 0.099 seconds
[2024-08-17T22:09:41.777+0000] {processor.py:157} INFO - Started process (PID=2937) to work on /home/airflow/.local/lib/python3.7/site-packages/airflow/example_dags/tutorial_taskflow_api.py
[2024-08-17T22:09:41.778+0000] {processor.py:826} INFO - Processing file /home/airflow/.local/lib/python3.7/site-packages/airflow/example_dags/tutorial_taskflow_api.py for tasks to queue
[2024-08-17T22:09:41.779+0000] {logging_mixin.py:150} INFO - [2024-08-17T22:09:41.779+0000] {dagbag.py:541} INFO - Filling up the DagBag from /home/airflow/.local/lib/python3.7/site-packages/airflow/example_dags/tutorial_taskflow_api.py
[2024-08-17T22:09:41.788+0000] {processor.py:836} INFO - DAG(s) dict_keys(['tutorial_taskflow_api']) retrieved from /home/airflow/.local/lib/python3.7/site-packages/airflow/example_dags/tutorial_taskflow_api.py
[2024-08-17T22:09:41.825+0000] {logging_mixin.py:150} INFO - [2024-08-17T22:09:41.825+0000] {dag.py:2742} INFO - Sync 1 DAGs
[2024-08-17T22:09:41.857+0000] {logging_mixin.py:150} INFO - [2024-08-17T22:09:41.856+0000] {dag.py:3508} INFO - Setting next_dagrun for tutorial_taskflow_api to None, run_after=None
[2024-08-17T22:09:41.882+0000] {processor.py:179} INFO - Processing /home/airflow/.local/lib/python3.7/site-packages/airflow/example_dags/tutorial_taskflow_api.py took 0.109 seconds
[2024-08-17T22:10:12.547+0000] {processor.py:157} INFO - Started process (PID=3162) to work on /home/airflow/.local/lib/python3.7/site-packages/airflow/example_dags/tutorial_taskflow_api.py
[2024-08-17T22:10:12.548+0000] {processor.py:826} INFO - Processing file /home/airflow/.local/lib/python3.7/site-packages/airflow/example_dags/tutorial_taskflow_api.py for tasks to queue
[2024-08-17T22:10:12.549+0000] {logging_mixin.py:150} INFO - [2024-08-17T22:10:12.549+0000] {dagbag.py:541} INFO - Filling up the DagBag from /home/airflow/.local/lib/python3.7/site-packages/airflow/example_dags/tutorial_taskflow_api.py
[2024-08-17T22:10:12.558+0000] {processor.py:836} INFO - DAG(s) dict_keys(['tutorial_taskflow_api']) retrieved from /home/airflow/.local/lib/python3.7/site-packages/airflow/example_dags/tutorial_taskflow_api.py
[2024-08-17T22:10:12.589+0000] {logging_mixin.py:150} INFO - [2024-08-17T22:10:12.589+0000] {dag.py:2742} INFO - Sync 1 DAGs
[2024-08-17T22:10:12.620+0000] {logging_mixin.py:150} INFO - [2024-08-17T22:10:12.620+0000] {dag.py:3508} INFO - Setting next_dagrun for tutorial_taskflow_api to None, run_after=None
[2024-08-17T22:10:12.647+0000] {processor.py:179} INFO - Processing /home/airflow/.local/lib/python3.7/site-packages/airflow/example_dags/tutorial_taskflow_api.py took 0.104 seconds
[2024-08-17T22:10:42.770+0000] {processor.py:157} INFO - Started process (PID=3400) to work on /home/airflow/.local/lib/python3.7/site-packages/airflow/example_dags/tutorial_taskflow_api.py
[2024-08-17T22:10:42.773+0000] {processor.py:826} INFO - Processing file /home/airflow/.local/lib/python3.7/site-packages/airflow/example_dags/tutorial_taskflow_api.py for tasks to queue
[2024-08-17T22:10:42.778+0000] {logging_mixin.py:150} INFO - [2024-08-17T22:10:42.778+0000] {dagbag.py:541} INFO - Filling up the DagBag from /home/airflow/.local/lib/python3.7/site-packages/airflow/example_dags/tutorial_taskflow_api.py
[2024-08-17T22:10:42.799+0000] {processor.py:836} INFO - DAG(s) dict_keys(['tutorial_taskflow_api']) retrieved from /home/airflow/.local/lib/python3.7/site-packages/airflow/example_dags/tutorial_taskflow_api.py
[2024-08-17T22:10:42.875+0000] {logging_mixin.py:150} INFO - [2024-08-17T22:10:42.874+0000] {dag.py:2742} INFO - Sync 1 DAGs
[2024-08-17T22:10:42.928+0000] {logging_mixin.py:150} INFO - [2024-08-17T22:10:42.927+0000] {dag.py:3508} INFO - Setting next_dagrun for tutorial_taskflow_api to None, run_after=None
[2024-08-17T22:10:42.961+0000] {processor.py:179} INFO - Processing /home/airflow/.local/lib/python3.7/site-packages/airflow/example_dags/tutorial_taskflow_api.py took 0.205 seconds
[2024-08-17T22:11:13.619+0000] {processor.py:157} INFO - Started process (PID=3638) to work on /home/airflow/.local/lib/python3.7/site-packages/airflow/example_dags/tutorial_taskflow_api.py
[2024-08-17T22:11:13.621+0000] {processor.py:826} INFO - Processing file /home/airflow/.local/lib/python3.7/site-packages/airflow/example_dags/tutorial_taskflow_api.py for tasks to queue
[2024-08-17T22:11:13.623+0000] {logging_mixin.py:150} INFO - [2024-08-17T22:11:13.622+0000] {dagbag.py:541} INFO - Filling up the DagBag from /home/airflow/.local/lib/python3.7/site-packages/airflow/example_dags/tutorial_taskflow_api.py
[2024-08-17T22:11:13.634+0000] {processor.py:836} INFO - DAG(s) dict_keys(['tutorial_taskflow_api']) retrieved from /home/airflow/.local/lib/python3.7/site-packages/airflow/example_dags/tutorial_taskflow_api.py
[2024-08-17T22:11:13.676+0000] {logging_mixin.py:150} INFO - [2024-08-17T22:11:13.675+0000] {dag.py:2742} INFO - Sync 1 DAGs
[2024-08-17T22:11:13.719+0000] {logging_mixin.py:150} INFO - [2024-08-17T22:11:13.719+0000] {dag.py:3508} INFO - Setting next_dagrun for tutorial_taskflow_api to None, run_after=None
[2024-08-17T22:11:13.751+0000] {processor.py:179} INFO - Processing /home/airflow/.local/lib/python3.7/site-packages/airflow/example_dags/tutorial_taskflow_api.py took 0.138 seconds
[2024-08-17T22:12:08.712+0000] {processor.py:157} INFO - Started process (PID=186) to work on /home/airflow/.local/lib/python3.7/site-packages/airflow/example_dags/tutorial_taskflow_api.py
[2024-08-17T22:12:08.714+0000] {processor.py:826} INFO - Processing file /home/airflow/.local/lib/python3.7/site-packages/airflow/example_dags/tutorial_taskflow_api.py for tasks to queue
[2024-08-17T22:12:08.715+0000] {logging_mixin.py:150} INFO - [2024-08-17T22:12:08.715+0000] {dagbag.py:541} INFO - Filling up the DagBag from /home/airflow/.local/lib/python3.7/site-packages/airflow/example_dags/tutorial_taskflow_api.py
[2024-08-17T22:12:08.731+0000] {processor.py:836} INFO - DAG(s) dict_keys(['tutorial_taskflow_api']) retrieved from /home/airflow/.local/lib/python3.7/site-packages/airflow/example_dags/tutorial_taskflow_api.py
[2024-08-17T22:12:08.778+0000] {logging_mixin.py:150} INFO - [2024-08-17T22:12:08.778+0000] {dag.py:2742} INFO - Sync 1 DAGs
[2024-08-17T22:12:08.831+0000] {logging_mixin.py:150} INFO - [2024-08-17T22:12:08.830+0000] {dag.py:3508} INFO - Setting next_dagrun for tutorial_taskflow_api to None, run_after=None
[2024-08-17T22:12:08.861+0000] {processor.py:179} INFO - Processing /home/airflow/.local/lib/python3.7/site-packages/airflow/example_dags/tutorial_taskflow_api.py took 0.154 seconds
[2024-08-17T22:12:39.940+0000] {processor.py:157} INFO - Started process (PID=424) to work on /home/airflow/.local/lib/python3.7/site-packages/airflow/example_dags/tutorial_taskflow_api.py
[2024-08-17T22:12:39.942+0000] {processor.py:826} INFO - Processing file /home/airflow/.local/lib/python3.7/site-packages/airflow/example_dags/tutorial_taskflow_api.py for tasks to queue
[2024-08-17T22:12:39.943+0000] {logging_mixin.py:150} INFO - [2024-08-17T22:12:39.943+0000] {dagbag.py:541} INFO - Filling up the DagBag from /home/airflow/.local/lib/python3.7/site-packages/airflow/example_dags/tutorial_taskflow_api.py
[2024-08-17T22:12:39.953+0000] {processor.py:836} INFO - DAG(s) dict_keys(['tutorial_taskflow_api']) retrieved from /home/airflow/.local/lib/python3.7/site-packages/airflow/example_dags/tutorial_taskflow_api.py
[2024-08-17T22:12:39.986+0000] {logging_mixin.py:150} INFO - [2024-08-17T22:12:39.986+0000] {dag.py:2742} INFO - Sync 1 DAGs
[2024-08-17T22:12:40.021+0000] {logging_mixin.py:150} INFO - [2024-08-17T22:12:40.021+0000] {dag.py:3508} INFO - Setting next_dagrun for tutorial_taskflow_api to None, run_after=None
[2024-08-17T22:12:40.048+0000] {processor.py:179} INFO - Processing /home/airflow/.local/lib/python3.7/site-packages/airflow/example_dags/tutorial_taskflow_api.py took 0.111 seconds
[2024-08-17T22:13:11.238+0000] {processor.py:157} INFO - Started process (PID=662) to work on /home/airflow/.local/lib/python3.7/site-packages/airflow/example_dags/tutorial_taskflow_api.py
[2024-08-17T22:13:11.241+0000] {processor.py:826} INFO - Processing file /home/airflow/.local/lib/python3.7/site-packages/airflow/example_dags/tutorial_taskflow_api.py for tasks to queue
[2024-08-17T22:13:11.242+0000] {logging_mixin.py:150} INFO - [2024-08-17T22:13:11.242+0000] {dagbag.py:541} INFO - Filling up the DagBag from /home/airflow/.local/lib/python3.7/site-packages/airflow/example_dags/tutorial_taskflow_api.py
[2024-08-17T22:13:11.256+0000] {processor.py:836} INFO - DAG(s) dict_keys(['tutorial_taskflow_api']) retrieved from /home/airflow/.local/lib/python3.7/site-packages/airflow/example_dags/tutorial_taskflow_api.py
[2024-08-17T22:13:11.299+0000] {logging_mixin.py:150} INFO - [2024-08-17T22:13:11.299+0000] {dag.py:2742} INFO - Sync 1 DAGs
[2024-08-17T22:13:11.343+0000] {logging_mixin.py:150} INFO - [2024-08-17T22:13:11.342+0000] {dag.py:3508} INFO - Setting next_dagrun for tutorial_taskflow_api to None, run_after=None
[2024-08-17T22:13:11.367+0000] {processor.py:179} INFO - Processing /home/airflow/.local/lib/python3.7/site-packages/airflow/example_dags/tutorial_taskflow_api.py took 0.138 seconds
[2024-08-17T22:13:41.776+0000] {processor.py:157} INFO - Started process (PID=902) to work on /home/airflow/.local/lib/python3.7/site-packages/airflow/example_dags/tutorial_taskflow_api.py
[2024-08-17T22:13:41.777+0000] {processor.py:826} INFO - Processing file /home/airflow/.local/lib/python3.7/site-packages/airflow/example_dags/tutorial_taskflow_api.py for tasks to queue
[2024-08-17T22:13:41.778+0000] {logging_mixin.py:150} INFO - [2024-08-17T22:13:41.778+0000] {dagbag.py:541} INFO - Filling up the DagBag from /home/airflow/.local/lib/python3.7/site-packages/airflow/example_dags/tutorial_taskflow_api.py
[2024-08-17T22:13:41.787+0000] {processor.py:836} INFO - DAG(s) dict_keys(['tutorial_taskflow_api']) retrieved from /home/airflow/.local/lib/python3.7/site-packages/airflow/example_dags/tutorial_taskflow_api.py
[2024-08-17T22:13:41.822+0000] {logging_mixin.py:150} INFO - [2024-08-17T22:13:41.822+0000] {dag.py:2742} INFO - Sync 1 DAGs
[2024-08-17T22:13:41.856+0000] {logging_mixin.py:150} INFO - [2024-08-17T22:13:41.855+0000] {dag.py:3508} INFO - Setting next_dagrun for tutorial_taskflow_api to None, run_after=None
[2024-08-17T22:13:41.880+0000] {processor.py:179} INFO - Processing /home/airflow/.local/lib/python3.7/site-packages/airflow/example_dags/tutorial_taskflow_api.py took 0.108 seconds
[2024-08-17T22:14:12.041+0000] {processor.py:157} INFO - Started process (PID=1140) to work on /home/airflow/.local/lib/python3.7/site-packages/airflow/example_dags/tutorial_taskflow_api.py
[2024-08-17T22:14:12.043+0000] {processor.py:826} INFO - Processing file /home/airflow/.local/lib/python3.7/site-packages/airflow/example_dags/tutorial_taskflow_api.py for tasks to queue
[2024-08-17T22:14:12.044+0000] {logging_mixin.py:150} INFO - [2024-08-17T22:14:12.043+0000] {dagbag.py:541} INFO - Filling up the DagBag from /home/airflow/.local/lib/python3.7/site-packages/airflow/example_dags/tutorial_taskflow_api.py
[2024-08-17T22:14:12.052+0000] {processor.py:836} INFO - DAG(s) dict_keys(['tutorial_taskflow_api']) retrieved from /home/airflow/.local/lib/python3.7/site-packages/airflow/example_dags/tutorial_taskflow_api.py
[2024-08-17T22:14:12.083+0000] {logging_mixin.py:150} INFO - [2024-08-17T22:14:12.082+0000] {dag.py:2742} INFO - Sync 1 DAGs
[2024-08-17T22:14:12.113+0000] {logging_mixin.py:150} INFO - [2024-08-17T22:14:12.113+0000] {dag.py:3508} INFO - Setting next_dagrun for tutorial_taskflow_api to None, run_after=None
[2024-08-17T22:14:12.137+0000] {processor.py:179} INFO - Processing /home/airflow/.local/lib/python3.7/site-packages/airflow/example_dags/tutorial_taskflow_api.py took 0.100 seconds
[2024-08-17T22:14:42.790+0000] {processor.py:157} INFO - Started process (PID=1376) to work on /home/airflow/.local/lib/python3.7/site-packages/airflow/example_dags/tutorial_taskflow_api.py
[2024-08-17T22:14:42.791+0000] {processor.py:826} INFO - Processing file /home/airflow/.local/lib/python3.7/site-packages/airflow/example_dags/tutorial_taskflow_api.py for tasks to queue
[2024-08-17T22:14:42.793+0000] {logging_mixin.py:150} INFO - [2024-08-17T22:14:42.792+0000] {dagbag.py:541} INFO - Filling up the DagBag from /home/airflow/.local/lib/python3.7/site-packages/airflow/example_dags/tutorial_taskflow_api.py
[2024-08-17T22:14:42.802+0000] {processor.py:836} INFO - DAG(s) dict_keys(['tutorial_taskflow_api']) retrieved from /home/airflow/.local/lib/python3.7/site-packages/airflow/example_dags/tutorial_taskflow_api.py
[2024-08-17T22:14:42.835+0000] {logging_mixin.py:150} INFO - [2024-08-17T22:14:42.835+0000] {dag.py:2742} INFO - Sync 1 DAGs
[2024-08-17T22:14:42.866+0000] {logging_mixin.py:150} INFO - [2024-08-17T22:14:42.866+0000] {dag.py:3508} INFO - Setting next_dagrun for tutorial_taskflow_api to None, run_after=None
[2024-08-17T22:14:42.890+0000] {processor.py:179} INFO - Processing /home/airflow/.local/lib/python3.7/site-packages/airflow/example_dags/tutorial_taskflow_api.py took 0.104 seconds
[2024-08-17T22:15:13.564+0000] {processor.py:157} INFO - Started process (PID=1616) to work on /home/airflow/.local/lib/python3.7/site-packages/airflow/example_dags/tutorial_taskflow_api.py
[2024-08-17T22:15:13.566+0000] {processor.py:826} INFO - Processing file /home/airflow/.local/lib/python3.7/site-packages/airflow/example_dags/tutorial_taskflow_api.py for tasks to queue
[2024-08-17T22:15:13.567+0000] {logging_mixin.py:150} INFO - [2024-08-17T22:15:13.567+0000] {dagbag.py:541} INFO - Filling up the DagBag from /home/airflow/.local/lib/python3.7/site-packages/airflow/example_dags/tutorial_taskflow_api.py
[2024-08-17T22:15:13.575+0000] {processor.py:836} INFO - DAG(s) dict_keys(['tutorial_taskflow_api']) retrieved from /home/airflow/.local/lib/python3.7/site-packages/airflow/example_dags/tutorial_taskflow_api.py
[2024-08-17T22:15:13.604+0000] {logging_mixin.py:150} INFO - [2024-08-17T22:15:13.604+0000] {dag.py:2742} INFO - Sync 1 DAGs
[2024-08-17T22:15:13.635+0000] {logging_mixin.py:150} INFO - [2024-08-17T22:15:13.635+0000] {dag.py:3508} INFO - Setting next_dagrun for tutorial_taskflow_api to None, run_after=None
[2024-08-17T22:15:13.658+0000] {processor.py:179} INFO - Processing /home/airflow/.local/lib/python3.7/site-packages/airflow/example_dags/tutorial_taskflow_api.py took 0.097 seconds
[2024-08-17T22:15:43.701+0000] {processor.py:157} INFO - Started process (PID=1854) to work on /home/airflow/.local/lib/python3.7/site-packages/airflow/example_dags/tutorial_taskflow_api.py
[2024-08-17T22:15:43.703+0000] {processor.py:826} INFO - Processing file /home/airflow/.local/lib/python3.7/site-packages/airflow/example_dags/tutorial_taskflow_api.py for tasks to queue
[2024-08-17T22:15:43.704+0000] {logging_mixin.py:150} INFO - [2024-08-17T22:15:43.704+0000] {dagbag.py:541} INFO - Filling up the DagBag from /home/airflow/.local/lib/python3.7/site-packages/airflow/example_dags/tutorial_taskflow_api.py
[2024-08-17T22:15:43.712+0000] {processor.py:836} INFO - DAG(s) dict_keys(['tutorial_taskflow_api']) retrieved from /home/airflow/.local/lib/python3.7/site-packages/airflow/example_dags/tutorial_taskflow_api.py
[2024-08-17T22:15:43.741+0000] {logging_mixin.py:150} INFO - [2024-08-17T22:15:43.741+0000] {dag.py:2742} INFO - Sync 1 DAGs
[2024-08-17T22:15:43.772+0000] {logging_mixin.py:150} INFO - [2024-08-17T22:15:43.772+0000] {dag.py:3508} INFO - Setting next_dagrun for tutorial_taskflow_api to None, run_after=None
[2024-08-17T22:15:43.795+0000] {processor.py:179} INFO - Processing /home/airflow/.local/lib/python3.7/site-packages/airflow/example_dags/tutorial_taskflow_api.py took 0.098 seconds
[2024-08-17T22:16:13.889+0000] {processor.py:157} INFO - Started process (PID=2090) to work on /home/airflow/.local/lib/python3.7/site-packages/airflow/example_dags/tutorial_taskflow_api.py
[2024-08-17T22:16:13.891+0000] {processor.py:826} INFO - Processing file /home/airflow/.local/lib/python3.7/site-packages/airflow/example_dags/tutorial_taskflow_api.py for tasks to queue
[2024-08-17T22:16:13.893+0000] {logging_mixin.py:150} INFO - [2024-08-17T22:16:13.892+0000] {dagbag.py:541} INFO - Filling up the DagBag from /home/airflow/.local/lib/python3.7/site-packages/airflow/example_dags/tutorial_taskflow_api.py
[2024-08-17T22:16:13.904+0000] {processor.py:836} INFO - DAG(s) dict_keys(['tutorial_taskflow_api']) retrieved from /home/airflow/.local/lib/python3.7/site-packages/airflow/example_dags/tutorial_taskflow_api.py
[2024-08-17T22:16:13.933+0000] {logging_mixin.py:150} INFO - [2024-08-17T22:16:13.932+0000] {dag.py:2742} INFO - Sync 1 DAGs
[2024-08-17T22:16:13.962+0000] {logging_mixin.py:150} INFO - [2024-08-17T22:16:13.962+0000] {dag.py:3508} INFO - Setting next_dagrun for tutorial_taskflow_api to None, run_after=None
[2024-08-17T22:16:13.986+0000] {processor.py:179} INFO - Processing /home/airflow/.local/lib/python3.7/site-packages/airflow/example_dags/tutorial_taskflow_api.py took 0.101 seconds
[2024-08-17T22:16:44.318+0000] {processor.py:157} INFO - Started process (PID=2328) to work on /home/airflow/.local/lib/python3.7/site-packages/airflow/example_dags/tutorial_taskflow_api.py
[2024-08-17T22:16:44.320+0000] {processor.py:826} INFO - Processing file /home/airflow/.local/lib/python3.7/site-packages/airflow/example_dags/tutorial_taskflow_api.py for tasks to queue
[2024-08-17T22:16:44.321+0000] {logging_mixin.py:150} INFO - [2024-08-17T22:16:44.320+0000] {dagbag.py:541} INFO - Filling up the DagBag from /home/airflow/.local/lib/python3.7/site-packages/airflow/example_dags/tutorial_taskflow_api.py
[2024-08-17T22:16:44.331+0000] {processor.py:836} INFO - DAG(s) dict_keys(['tutorial_taskflow_api']) retrieved from /home/airflow/.local/lib/python3.7/site-packages/airflow/example_dags/tutorial_taskflow_api.py
[2024-08-17T22:16:44.393+0000] {logging_mixin.py:150} INFO - [2024-08-17T22:16:44.392+0000] {dag.py:2742} INFO - Sync 1 DAGs
[2024-08-17T22:16:44.474+0000] {logging_mixin.py:150} INFO - [2024-08-17T22:16:44.473+0000] {dag.py:3508} INFO - Setting next_dagrun for tutorial_taskflow_api to None, run_after=None
[2024-08-17T22:16:44.520+0000] {processor.py:179} INFO - Processing /home/airflow/.local/lib/python3.7/site-packages/airflow/example_dags/tutorial_taskflow_api.py took 0.209 seconds
