[2024-08-17T22:03:54.333+0000] {processor.py:157} INFO - Started process (PID=177) to work on /home/airflow/.local/lib/python3.7/site-packages/airflow/example_dags/tutorial_dag.py
[2024-08-17T22:03:54.336+0000] {processor.py:826} INFO - Processing file /home/airflow/.local/lib/python3.7/site-packages/airflow/example_dags/tutorial_dag.py for tasks to queue
[2024-08-17T22:03:54.338+0000] {logging_mixin.py:150} INFO - [2024-08-17T22:03:54.337+0000] {dagbag.py:541} INFO - Filling up the DagBag from /home/airflow/.local/lib/python3.7/site-packages/airflow/example_dags/tutorial_dag.py
[2024-08-17T22:03:54.361+0000] {processor.py:836} INFO - DAG(s) dict_keys(['tutorial_dag']) retrieved from /home/airflow/.local/lib/python3.7/site-packages/airflow/example_dags/tutorial_dag.py
[2024-08-17T22:03:54.715+0000] {logging_mixin.py:150} INFO - [2024-08-17T22:03:54.715+0000] {manager.py:504} INFO - Created Permission View: can read on DAG:tutorial_dag
[2024-08-17T22:03:54.746+0000] {logging_mixin.py:150} INFO - [2024-08-17T22:03:54.746+0000] {manager.py:504} INFO - Created Permission View: can edit on DAG:tutorial_dag
[2024-08-17T22:03:54.774+0000] {logging_mixin.py:150} INFO - [2024-08-17T22:03:54.774+0000] {manager.py:504} INFO - Created Permission View: can delete on DAG:tutorial_dag
[2024-08-17T22:03:54.836+0000] {logging_mixin.py:150} INFO - [2024-08-17T22:03:54.835+0000] {dag.py:2742} INFO - Sync 1 DAGs
[2024-08-17T22:03:54.909+0000] {logging_mixin.py:150} INFO - [2024-08-17T22:03:54.907+0000] {dag.py:2763} INFO - Creating ORM DAG for tutorial_dag
[2024-08-17T22:03:54.994+0000] {logging_mixin.py:150} INFO - [2024-08-17T22:03:54.993+0000] {dag.py:3508} INFO - Setting next_dagrun for tutorial_dag to None, run_after=None
[2024-08-17T22:03:55.123+0000] {processor.py:179} INFO - Processing /home/airflow/.local/lib/python3.7/site-packages/airflow/example_dags/tutorial_dag.py took 0.798 seconds
[2024-08-17T22:04:26.010+0000] {processor.py:157} INFO - Started process (PID=415) to work on /home/airflow/.local/lib/python3.7/site-packages/airflow/example_dags/tutorial_dag.py
[2024-08-17T22:04:26.012+0000] {processor.py:826} INFO - Processing file /home/airflow/.local/lib/python3.7/site-packages/airflow/example_dags/tutorial_dag.py for tasks to queue
[2024-08-17T22:04:26.013+0000] {logging_mixin.py:150} INFO - [2024-08-17T22:04:26.012+0000] {dagbag.py:541} INFO - Filling up the DagBag from /home/airflow/.local/lib/python3.7/site-packages/airflow/example_dags/tutorial_dag.py
[2024-08-17T22:04:26.022+0000] {processor.py:836} INFO - DAG(s) dict_keys(['tutorial_dag']) retrieved from /home/airflow/.local/lib/python3.7/site-packages/airflow/example_dags/tutorial_dag.py
[2024-08-17T22:04:26.063+0000] {logging_mixin.py:150} INFO - [2024-08-17T22:04:26.063+0000] {dag.py:2742} INFO - Sync 1 DAGs
[2024-08-17T22:04:26.099+0000] {logging_mixin.py:150} INFO - [2024-08-17T22:04:26.098+0000] {dag.py:3508} INFO - Setting next_dagrun for tutorial_dag to None, run_after=None
[2024-08-17T22:04:26.125+0000] {processor.py:179} INFO - Processing /home/airflow/.local/lib/python3.7/site-packages/airflow/example_dags/tutorial_dag.py took 0.118 seconds
[2024-08-17T22:04:56.774+0000] {processor.py:157} INFO - Started process (PID=653) to work on /home/airflow/.local/lib/python3.7/site-packages/airflow/example_dags/tutorial_dag.py
[2024-08-17T22:04:56.776+0000] {processor.py:826} INFO - Processing file /home/airflow/.local/lib/python3.7/site-packages/airflow/example_dags/tutorial_dag.py for tasks to queue
[2024-08-17T22:04:56.778+0000] {logging_mixin.py:150} INFO - [2024-08-17T22:04:56.777+0000] {dagbag.py:541} INFO - Filling up the DagBag from /home/airflow/.local/lib/python3.7/site-packages/airflow/example_dags/tutorial_dag.py
[2024-08-17T22:04:56.786+0000] {processor.py:836} INFO - DAG(s) dict_keys(['tutorial_dag']) retrieved from /home/airflow/.local/lib/python3.7/site-packages/airflow/example_dags/tutorial_dag.py
[2024-08-17T22:04:56.827+0000] {logging_mixin.py:150} INFO - [2024-08-17T22:04:56.827+0000] {dag.py:2742} INFO - Sync 1 DAGs
[2024-08-17T22:04:56.861+0000] {logging_mixin.py:150} INFO - [2024-08-17T22:04:56.861+0000] {dag.py:3508} INFO - Setting next_dagrun for tutorial_dag to None, run_after=None
[2024-08-17T22:04:56.891+0000] {processor.py:179} INFO - Processing /home/airflow/.local/lib/python3.7/site-packages/airflow/example_dags/tutorial_dag.py took 0.123 seconds
[2024-08-17T22:05:30.104+0000] {processor.py:157} INFO - Started process (PID=891) to work on /home/airflow/.local/lib/python3.7/site-packages/airflow/example_dags/tutorial_dag.py
[2024-08-17T22:05:30.118+0000] {processor.py:826} INFO - Processing file /home/airflow/.local/lib/python3.7/site-packages/airflow/example_dags/tutorial_dag.py for tasks to queue
[2024-08-17T22:05:30.132+0000] {logging_mixin.py:150} INFO - [2024-08-17T22:05:30.129+0000] {dagbag.py:541} INFO - Filling up the DagBag from /home/airflow/.local/lib/python3.7/site-packages/airflow/example_dags/tutorial_dag.py
[2024-08-17T22:05:30.407+0000] {processor.py:836} INFO - DAG(s) dict_keys(['tutorial_dag']) retrieved from /home/airflow/.local/lib/python3.7/site-packages/airflow/example_dags/tutorial_dag.py
[2024-08-17T22:05:30.798+0000] {logging_mixin.py:150} INFO - [2024-08-17T22:05:30.797+0000] {dag.py:2742} INFO - Sync 1 DAGs
[2024-08-17T22:05:30.965+0000] {logging_mixin.py:150} INFO - [2024-08-17T22:05:30.964+0000] {dag.py:3508} INFO - Setting next_dagrun for tutorial_dag to None, run_after=None
[2024-08-17T22:05:31.074+0000] {processor.py:179} INFO - Processing /home/airflow/.local/lib/python3.7/site-packages/airflow/example_dags/tutorial_dag.py took 1.070 seconds
[2024-08-17T22:06:01.774+0000] {processor.py:157} INFO - Started process (PID=1131) to work on /home/airflow/.local/lib/python3.7/site-packages/airflow/example_dags/tutorial_dag.py
[2024-08-17T22:06:01.776+0000] {processor.py:826} INFO - Processing file /home/airflow/.local/lib/python3.7/site-packages/airflow/example_dags/tutorial_dag.py for tasks to queue
[2024-08-17T22:06:01.777+0000] {logging_mixin.py:150} INFO - [2024-08-17T22:06:01.776+0000] {dagbag.py:541} INFO - Filling up the DagBag from /home/airflow/.local/lib/python3.7/site-packages/airflow/example_dags/tutorial_dag.py
[2024-08-17T22:06:01.784+0000] {processor.py:836} INFO - DAG(s) dict_keys(['tutorial_dag']) retrieved from /home/airflow/.local/lib/python3.7/site-packages/airflow/example_dags/tutorial_dag.py
[2024-08-17T22:06:01.824+0000] {logging_mixin.py:150} INFO - [2024-08-17T22:06:01.824+0000] {dag.py:2742} INFO - Sync 1 DAGs
[2024-08-17T22:06:01.863+0000] {logging_mixin.py:150} INFO - [2024-08-17T22:06:01.863+0000] {dag.py:3508} INFO - Setting next_dagrun for tutorial_dag to None, run_after=None
[2024-08-17T22:06:01.890+0000] {processor.py:179} INFO - Processing /home/airflow/.local/lib/python3.7/site-packages/airflow/example_dags/tutorial_dag.py took 0.122 seconds
[2024-08-17T22:06:32.416+0000] {processor.py:157} INFO - Started process (PID=1369) to work on /home/airflow/.local/lib/python3.7/site-packages/airflow/example_dags/tutorial_dag.py
[2024-08-17T22:06:32.417+0000] {processor.py:826} INFO - Processing file /home/airflow/.local/lib/python3.7/site-packages/airflow/example_dags/tutorial_dag.py for tasks to queue
[2024-08-17T22:06:32.419+0000] {logging_mixin.py:150} INFO - [2024-08-17T22:06:32.418+0000] {dagbag.py:541} INFO - Filling up the DagBag from /home/airflow/.local/lib/python3.7/site-packages/airflow/example_dags/tutorial_dag.py
[2024-08-17T22:06:32.429+0000] {processor.py:836} INFO - DAG(s) dict_keys(['tutorial_dag']) retrieved from /home/airflow/.local/lib/python3.7/site-packages/airflow/example_dags/tutorial_dag.py
[2024-08-17T22:06:32.500+0000] {logging_mixin.py:150} INFO - [2024-08-17T22:06:32.500+0000] {dag.py:2742} INFO - Sync 1 DAGs
[2024-08-17T22:06:32.534+0000] {logging_mixin.py:150} INFO - [2024-08-17T22:06:32.533+0000] {dag.py:3508} INFO - Setting next_dagrun for tutorial_dag to None, run_after=None
[2024-08-17T22:06:32.563+0000] {processor.py:179} INFO - Processing /home/airflow/.local/lib/python3.7/site-packages/airflow/example_dags/tutorial_dag.py took 0.152 seconds
[2024-08-17T22:07:02.956+0000] {processor.py:157} INFO - Started process (PID=1607) to work on /home/airflow/.local/lib/python3.7/site-packages/airflow/example_dags/tutorial_dag.py
[2024-08-17T22:07:02.958+0000] {processor.py:826} INFO - Processing file /home/airflow/.local/lib/python3.7/site-packages/airflow/example_dags/tutorial_dag.py for tasks to queue
[2024-08-17T22:07:02.959+0000] {logging_mixin.py:150} INFO - [2024-08-17T22:07:02.959+0000] {dagbag.py:541} INFO - Filling up the DagBag from /home/airflow/.local/lib/python3.7/site-packages/airflow/example_dags/tutorial_dag.py
[2024-08-17T22:07:02.966+0000] {processor.py:836} INFO - DAG(s) dict_keys(['tutorial_dag']) retrieved from /home/airflow/.local/lib/python3.7/site-packages/airflow/example_dags/tutorial_dag.py
[2024-08-17T22:07:03.008+0000] {logging_mixin.py:150} INFO - [2024-08-17T22:07:03.008+0000] {dag.py:2742} INFO - Sync 1 DAGs
[2024-08-17T22:07:03.046+0000] {logging_mixin.py:150} INFO - [2024-08-17T22:07:03.045+0000] {dag.py:3508} INFO - Setting next_dagrun for tutorial_dag to None, run_after=None
[2024-08-17T22:07:03.082+0000] {processor.py:179} INFO - Processing /home/airflow/.local/lib/python3.7/site-packages/airflow/example_dags/tutorial_dag.py took 0.131 seconds
[2024-08-17T22:07:33.715+0000] {processor.py:157} INFO - Started process (PID=1845) to work on /home/airflow/.local/lib/python3.7/site-packages/airflow/example_dags/tutorial_dag.py
[2024-08-17T22:07:33.716+0000] {processor.py:826} INFO - Processing file /home/airflow/.local/lib/python3.7/site-packages/airflow/example_dags/tutorial_dag.py for tasks to queue
[2024-08-17T22:07:33.718+0000] {logging_mixin.py:150} INFO - [2024-08-17T22:07:33.717+0000] {dagbag.py:541} INFO - Filling up the DagBag from /home/airflow/.local/lib/python3.7/site-packages/airflow/example_dags/tutorial_dag.py
[2024-08-17T22:07:33.725+0000] {processor.py:836} INFO - DAG(s) dict_keys(['tutorial_dag']) retrieved from /home/airflow/.local/lib/python3.7/site-packages/airflow/example_dags/tutorial_dag.py
[2024-08-17T22:07:33.757+0000] {logging_mixin.py:150} INFO - [2024-08-17T22:07:33.757+0000] {dag.py:2742} INFO - Sync 1 DAGs
[2024-08-17T22:07:33.791+0000] {logging_mixin.py:150} INFO - [2024-08-17T22:07:33.790+0000] {dag.py:3508} INFO - Setting next_dagrun for tutorial_dag to None, run_after=None
[2024-08-17T22:07:33.818+0000] {processor.py:179} INFO - Processing /home/airflow/.local/lib/python3.7/site-packages/airflow/example_dags/tutorial_dag.py took 0.108 seconds
[2024-08-17T22:08:08.184+0000] {processor.py:157} INFO - Started process (PID=2176) to work on /home/airflow/.local/lib/python3.7/site-packages/airflow/example_dags/tutorial_dag.py
[2024-08-17T22:08:08.240+0000] {processor.py:826} INFO - Processing file /home/airflow/.local/lib/python3.7/site-packages/airflow/example_dags/tutorial_dag.py for tasks to queue
[2024-08-17T22:08:08.301+0000] {logging_mixin.py:150} INFO - [2024-08-17T22:08:08.292+0000] {dagbag.py:541} INFO - Filling up the DagBag from /home/airflow/.local/lib/python3.7/site-packages/airflow/example_dags/tutorial_dag.py
[2024-08-17T22:08:08.446+0000] {processor.py:836} INFO - DAG(s) dict_keys(['tutorial_dag']) retrieved from /home/airflow/.local/lib/python3.7/site-packages/airflow/example_dags/tutorial_dag.py
[2024-08-17T22:08:09.205+0000] {logging_mixin.py:150} INFO - [2024-08-17T22:08:09.205+0000] {dag.py:2742} INFO - Sync 1 DAGs
[2024-08-17T22:08:09.362+0000] {logging_mixin.py:150} INFO - [2024-08-17T22:08:09.362+0000] {dag.py:3508} INFO - Setting next_dagrun for tutorial_dag to None, run_after=None
[2024-08-17T22:08:09.474+0000] {processor.py:179} INFO - Processing /home/airflow/.local/lib/python3.7/site-packages/airflow/example_dags/tutorial_dag.py took 1.349 seconds
[2024-08-17T22:08:39.777+0000] {processor.py:157} INFO - Started process (PID=2451) to work on /home/airflow/.local/lib/python3.7/site-packages/airflow/example_dags/tutorial_dag.py
[2024-08-17T22:08:39.778+0000] {processor.py:826} INFO - Processing file /home/airflow/.local/lib/python3.7/site-packages/airflow/example_dags/tutorial_dag.py for tasks to queue
[2024-08-17T22:08:39.780+0000] {logging_mixin.py:150} INFO - [2024-08-17T22:08:39.780+0000] {dagbag.py:541} INFO - Filling up the DagBag from /home/airflow/.local/lib/python3.7/site-packages/airflow/example_dags/tutorial_dag.py
[2024-08-17T22:08:39.789+0000] {processor.py:836} INFO - DAG(s) dict_keys(['tutorial_dag']) retrieved from /home/airflow/.local/lib/python3.7/site-packages/airflow/example_dags/tutorial_dag.py
[2024-08-17T22:08:39.828+0000] {logging_mixin.py:150} INFO - [2024-08-17T22:08:39.828+0000] {dag.py:2742} INFO - Sync 1 DAGs
[2024-08-17T22:08:39.868+0000] {logging_mixin.py:150} INFO - [2024-08-17T22:08:39.867+0000] {dag.py:3508} INFO - Setting next_dagrun for tutorial_dag to None, run_after=None
[2024-08-17T22:08:39.904+0000] {processor.py:179} INFO - Processing /home/airflow/.local/lib/python3.7/site-packages/airflow/example_dags/tutorial_dag.py took 0.134 seconds
[2024-08-17T22:09:10.161+0000] {processor.py:157} INFO - Started process (PID=2689) to work on /home/airflow/.local/lib/python3.7/site-packages/airflow/example_dags/tutorial_dag.py
[2024-08-17T22:09:10.162+0000] {processor.py:826} INFO - Processing file /home/airflow/.local/lib/python3.7/site-packages/airflow/example_dags/tutorial_dag.py for tasks to queue
[2024-08-17T22:09:10.163+0000] {logging_mixin.py:150} INFO - [2024-08-17T22:09:10.163+0000] {dagbag.py:541} INFO - Filling up the DagBag from /home/airflow/.local/lib/python3.7/site-packages/airflow/example_dags/tutorial_dag.py
[2024-08-17T22:09:10.170+0000] {processor.py:836} INFO - DAG(s) dict_keys(['tutorial_dag']) retrieved from /home/airflow/.local/lib/python3.7/site-packages/airflow/example_dags/tutorial_dag.py
[2024-08-17T22:09:10.204+0000] {logging_mixin.py:150} INFO - [2024-08-17T22:09:10.204+0000] {dag.py:2742} INFO - Sync 1 DAGs
[2024-08-17T22:09:10.235+0000] {logging_mixin.py:150} INFO - [2024-08-17T22:09:10.235+0000] {dag.py:3508} INFO - Setting next_dagrun for tutorial_dag to None, run_after=None
[2024-08-17T22:09:10.264+0000] {processor.py:179} INFO - Processing /home/airflow/.local/lib/python3.7/site-packages/airflow/example_dags/tutorial_dag.py took 0.107 seconds
[2024-08-17T22:09:41.025+0000] {processor.py:157} INFO - Started process (PID=2914) to work on /home/airflow/.local/lib/python3.7/site-packages/airflow/example_dags/tutorial_dag.py
[2024-08-17T22:09:41.026+0000] {processor.py:826} INFO - Processing file /home/airflow/.local/lib/python3.7/site-packages/airflow/example_dags/tutorial_dag.py for tasks to queue
[2024-08-17T22:09:41.027+0000] {logging_mixin.py:150} INFO - [2024-08-17T22:09:41.027+0000] {dagbag.py:541} INFO - Filling up the DagBag from /home/airflow/.local/lib/python3.7/site-packages/airflow/example_dags/tutorial_dag.py
[2024-08-17T22:09:41.035+0000] {processor.py:836} INFO - DAG(s) dict_keys(['tutorial_dag']) retrieved from /home/airflow/.local/lib/python3.7/site-packages/airflow/example_dags/tutorial_dag.py
[2024-08-17T22:09:41.076+0000] {logging_mixin.py:150} INFO - [2024-08-17T22:09:41.076+0000] {dag.py:2742} INFO - Sync 1 DAGs
[2024-08-17T22:09:41.113+0000] {logging_mixin.py:150} INFO - [2024-08-17T22:09:41.113+0000] {dag.py:3508} INFO - Setting next_dagrun for tutorial_dag to None, run_after=None
[2024-08-17T22:09:41.144+0000] {processor.py:179} INFO - Processing /home/airflow/.local/lib/python3.7/site-packages/airflow/example_dags/tutorial_dag.py took 0.125 seconds
[2024-08-17T22:10:11.397+0000] {processor.py:157} INFO - Started process (PID=3152) to work on /home/airflow/.local/lib/python3.7/site-packages/airflow/example_dags/tutorial_dag.py
[2024-08-17T22:10:11.398+0000] {processor.py:826} INFO - Processing file /home/airflow/.local/lib/python3.7/site-packages/airflow/example_dags/tutorial_dag.py for tasks to queue
[2024-08-17T22:10:11.399+0000] {logging_mixin.py:150} INFO - [2024-08-17T22:10:11.399+0000] {dagbag.py:541} INFO - Filling up the DagBag from /home/airflow/.local/lib/python3.7/site-packages/airflow/example_dags/tutorial_dag.py
[2024-08-17T22:10:11.406+0000] {processor.py:836} INFO - DAG(s) dict_keys(['tutorial_dag']) retrieved from /home/airflow/.local/lib/python3.7/site-packages/airflow/example_dags/tutorial_dag.py
[2024-08-17T22:10:11.443+0000] {logging_mixin.py:150} INFO - [2024-08-17T22:10:11.442+0000] {dag.py:2742} INFO - Sync 1 DAGs
[2024-08-17T22:10:11.476+0000] {logging_mixin.py:150} INFO - [2024-08-17T22:10:11.476+0000] {dag.py:3508} INFO - Setting next_dagrun for tutorial_dag to None, run_after=None
[2024-08-17T22:10:11.504+0000] {processor.py:179} INFO - Processing /home/airflow/.local/lib/python3.7/site-packages/airflow/example_dags/tutorial_dag.py took 0.112 seconds
[2024-08-17T22:10:41.659+0000] {processor.py:157} INFO - Started process (PID=3390) to work on /home/airflow/.local/lib/python3.7/site-packages/airflow/example_dags/tutorial_dag.py
[2024-08-17T22:10:41.660+0000] {processor.py:826} INFO - Processing file /home/airflow/.local/lib/python3.7/site-packages/airflow/example_dags/tutorial_dag.py for tasks to queue
[2024-08-17T22:10:41.661+0000] {logging_mixin.py:150} INFO - [2024-08-17T22:10:41.661+0000] {dagbag.py:541} INFO - Filling up the DagBag from /home/airflow/.local/lib/python3.7/site-packages/airflow/example_dags/tutorial_dag.py
[2024-08-17T22:10:41.668+0000] {processor.py:836} INFO - DAG(s) dict_keys(['tutorial_dag']) retrieved from /home/airflow/.local/lib/python3.7/site-packages/airflow/example_dags/tutorial_dag.py
[2024-08-17T22:10:41.699+0000] {logging_mixin.py:150} INFO - [2024-08-17T22:10:41.699+0000] {dag.py:2742} INFO - Sync 1 DAGs
[2024-08-17T22:10:41.732+0000] {logging_mixin.py:150} INFO - [2024-08-17T22:10:41.732+0000] {dag.py:3508} INFO - Setting next_dagrun for tutorial_dag to None, run_after=None
[2024-08-17T22:10:41.757+0000] {processor.py:179} INFO - Processing /home/airflow/.local/lib/python3.7/site-packages/airflow/example_dags/tutorial_dag.py took 0.103 seconds
[2024-08-17T22:11:12.527+0000] {processor.py:157} INFO - Started process (PID=3628) to work on /home/airflow/.local/lib/python3.7/site-packages/airflow/example_dags/tutorial_dag.py
[2024-08-17T22:11:12.529+0000] {processor.py:826} INFO - Processing file /home/airflow/.local/lib/python3.7/site-packages/airflow/example_dags/tutorial_dag.py for tasks to queue
[2024-08-17T22:11:12.530+0000] {logging_mixin.py:150} INFO - [2024-08-17T22:11:12.530+0000] {dagbag.py:541} INFO - Filling up the DagBag from /home/airflow/.local/lib/python3.7/site-packages/airflow/example_dags/tutorial_dag.py
[2024-08-17T22:11:12.537+0000] {processor.py:836} INFO - DAG(s) dict_keys(['tutorial_dag']) retrieved from /home/airflow/.local/lib/python3.7/site-packages/airflow/example_dags/tutorial_dag.py
[2024-08-17T22:11:12.568+0000] {logging_mixin.py:150} INFO - [2024-08-17T22:11:12.567+0000] {dag.py:2742} INFO - Sync 1 DAGs
[2024-08-17T22:11:12.599+0000] {logging_mixin.py:150} INFO - [2024-08-17T22:11:12.599+0000] {dag.py:3508} INFO - Setting next_dagrun for tutorial_dag to None, run_after=None
[2024-08-17T22:11:12.624+0000] {processor.py:179} INFO - Processing /home/airflow/.local/lib/python3.7/site-packages/airflow/example_dags/tutorial_dag.py took 0.102 seconds
[2024-08-17T22:12:08.537+0000] {processor.py:157} INFO - Started process (PID=176) to work on /home/airflow/.local/lib/python3.7/site-packages/airflow/example_dags/tutorial_dag.py
[2024-08-17T22:12:08.539+0000] {processor.py:826} INFO - Processing file /home/airflow/.local/lib/python3.7/site-packages/airflow/example_dags/tutorial_dag.py for tasks to queue
[2024-08-17T22:12:08.541+0000] {logging_mixin.py:150} INFO - [2024-08-17T22:12:08.541+0000] {dagbag.py:541} INFO - Filling up the DagBag from /home/airflow/.local/lib/python3.7/site-packages/airflow/example_dags/tutorial_dag.py
[2024-08-17T22:12:08.552+0000] {processor.py:836} INFO - DAG(s) dict_keys(['tutorial_dag']) retrieved from /home/airflow/.local/lib/python3.7/site-packages/airflow/example_dags/tutorial_dag.py
[2024-08-17T22:12:08.598+0000] {logging_mixin.py:150} INFO - [2024-08-17T22:12:08.598+0000] {dag.py:2742} INFO - Sync 1 DAGs
[2024-08-17T22:12:08.643+0000] {logging_mixin.py:150} INFO - [2024-08-17T22:12:08.643+0000] {dag.py:3508} INFO - Setting next_dagrun for tutorial_dag to None, run_after=None
[2024-08-17T22:12:08.674+0000] {processor.py:179} INFO - Processing /home/airflow/.local/lib/python3.7/site-packages/airflow/example_dags/tutorial_dag.py took 0.141 seconds
[2024-08-17T22:12:39.740+0000] {processor.py:157} INFO - Started process (PID=414) to work on /home/airflow/.local/lib/python3.7/site-packages/airflow/example_dags/tutorial_dag.py
[2024-08-17T22:12:39.741+0000] {processor.py:826} INFO - Processing file /home/airflow/.local/lib/python3.7/site-packages/airflow/example_dags/tutorial_dag.py for tasks to queue
[2024-08-17T22:12:39.742+0000] {logging_mixin.py:150} INFO - [2024-08-17T22:12:39.742+0000] {dagbag.py:541} INFO - Filling up the DagBag from /home/airflow/.local/lib/python3.7/site-packages/airflow/example_dags/tutorial_dag.py
[2024-08-17T22:12:39.752+0000] {processor.py:836} INFO - DAG(s) dict_keys(['tutorial_dag']) retrieved from /home/airflow/.local/lib/python3.7/site-packages/airflow/example_dags/tutorial_dag.py
[2024-08-17T22:12:39.824+0000] {logging_mixin.py:150} INFO - [2024-08-17T22:12:39.823+0000] {dag.py:2742} INFO - Sync 1 DAGs
[2024-08-17T22:12:39.865+0000] {logging_mixin.py:150} INFO - [2024-08-17T22:12:39.865+0000] {dag.py:3508} INFO - Setting next_dagrun for tutorial_dag to None, run_after=None
[2024-08-17T22:12:39.901+0000] {processor.py:179} INFO - Processing /home/airflow/.local/lib/python3.7/site-packages/airflow/example_dags/tutorial_dag.py took 0.168 seconds
[2024-08-17T22:13:11.054+0000] {processor.py:157} INFO - Started process (PID=654) to work on /home/airflow/.local/lib/python3.7/site-packages/airflow/example_dags/tutorial_dag.py
[2024-08-17T22:13:11.056+0000] {processor.py:826} INFO - Processing file /home/airflow/.local/lib/python3.7/site-packages/airflow/example_dags/tutorial_dag.py for tasks to queue
[2024-08-17T22:13:11.058+0000] {logging_mixin.py:150} INFO - [2024-08-17T22:13:11.057+0000] {dagbag.py:541} INFO - Filling up the DagBag from /home/airflow/.local/lib/python3.7/site-packages/airflow/example_dags/tutorial_dag.py
[2024-08-17T22:13:11.069+0000] {processor.py:836} INFO - DAG(s) dict_keys(['tutorial_dag']) retrieved from /home/airflow/.local/lib/python3.7/site-packages/airflow/example_dags/tutorial_dag.py
[2024-08-17T22:13:11.121+0000] {logging_mixin.py:150} INFO - [2024-08-17T22:13:11.121+0000] {dag.py:2742} INFO - Sync 1 DAGs
[2024-08-17T22:13:11.207+0000] {logging_mixin.py:150} INFO - [2024-08-17T22:13:11.207+0000] {dag.py:3508} INFO - Setting next_dagrun for tutorial_dag to None, run_after=None
[2024-08-17T22:13:11.259+0000] {processor.py:179} INFO - Processing /home/airflow/.local/lib/python3.7/site-packages/airflow/example_dags/tutorial_dag.py took 0.211 seconds
[2024-08-17T22:13:41.641+0000] {processor.py:157} INFO - Started process (PID=892) to work on /home/airflow/.local/lib/python3.7/site-packages/airflow/example_dags/tutorial_dag.py
[2024-08-17T22:13:41.643+0000] {processor.py:826} INFO - Processing file /home/airflow/.local/lib/python3.7/site-packages/airflow/example_dags/tutorial_dag.py for tasks to queue
[2024-08-17T22:13:41.644+0000] {logging_mixin.py:150} INFO - [2024-08-17T22:13:41.644+0000] {dagbag.py:541} INFO - Filling up the DagBag from /home/airflow/.local/lib/python3.7/site-packages/airflow/example_dags/tutorial_dag.py
[2024-08-17T22:13:41.653+0000] {processor.py:836} INFO - DAG(s) dict_keys(['tutorial_dag']) retrieved from /home/airflow/.local/lib/python3.7/site-packages/airflow/example_dags/tutorial_dag.py
[2024-08-17T22:13:41.684+0000] {logging_mixin.py:150} INFO - [2024-08-17T22:13:41.684+0000] {dag.py:2742} INFO - Sync 1 DAGs
[2024-08-17T22:13:41.718+0000] {logging_mixin.py:150} INFO - [2024-08-17T22:13:41.718+0000] {dag.py:3508} INFO - Setting next_dagrun for tutorial_dag to None, run_after=None
[2024-08-17T22:13:41.744+0000] {processor.py:179} INFO - Processing /home/airflow/.local/lib/python3.7/site-packages/airflow/example_dags/tutorial_dag.py took 0.107 seconds
[2024-08-17T22:14:11.802+0000] {processor.py:157} INFO - Started process (PID=1130) to work on /home/airflow/.local/lib/python3.7/site-packages/airflow/example_dags/tutorial_dag.py
[2024-08-17T22:14:11.804+0000] {processor.py:826} INFO - Processing file /home/airflow/.local/lib/python3.7/site-packages/airflow/example_dags/tutorial_dag.py for tasks to queue
[2024-08-17T22:14:11.805+0000] {logging_mixin.py:150} INFO - [2024-08-17T22:14:11.805+0000] {dagbag.py:541} INFO - Filling up the DagBag from /home/airflow/.local/lib/python3.7/site-packages/airflow/example_dags/tutorial_dag.py
[2024-08-17T22:14:11.812+0000] {processor.py:836} INFO - DAG(s) dict_keys(['tutorial_dag']) retrieved from /home/airflow/.local/lib/python3.7/site-packages/airflow/example_dags/tutorial_dag.py
[2024-08-17T22:14:11.843+0000] {logging_mixin.py:150} INFO - [2024-08-17T22:14:11.842+0000] {dag.py:2742} INFO - Sync 1 DAGs
[2024-08-17T22:14:11.874+0000] {logging_mixin.py:150} INFO - [2024-08-17T22:14:11.874+0000] {dag.py:3508} INFO - Setting next_dagrun for tutorial_dag to None, run_after=None
[2024-08-17T22:14:11.896+0000] {processor.py:179} INFO - Processing /home/airflow/.local/lib/python3.7/site-packages/airflow/example_dags/tutorial_dag.py took 0.098 seconds
[2024-08-17T22:14:42.673+0000] {processor.py:157} INFO - Started process (PID=1368) to work on /home/airflow/.local/lib/python3.7/site-packages/airflow/example_dags/tutorial_dag.py
[2024-08-17T22:14:42.674+0000] {processor.py:826} INFO - Processing file /home/airflow/.local/lib/python3.7/site-packages/airflow/example_dags/tutorial_dag.py for tasks to queue
[2024-08-17T22:14:42.675+0000] {logging_mixin.py:150} INFO - [2024-08-17T22:14:42.674+0000] {dagbag.py:541} INFO - Filling up the DagBag from /home/airflow/.local/lib/python3.7/site-packages/airflow/example_dags/tutorial_dag.py
[2024-08-17T22:14:42.681+0000] {processor.py:836} INFO - DAG(s) dict_keys(['tutorial_dag']) retrieved from /home/airflow/.local/lib/python3.7/site-packages/airflow/example_dags/tutorial_dag.py
[2024-08-17T22:14:42.710+0000] {logging_mixin.py:150} INFO - [2024-08-17T22:14:42.710+0000] {dag.py:2742} INFO - Sync 1 DAGs
[2024-08-17T22:14:42.741+0000] {logging_mixin.py:150} INFO - [2024-08-17T22:14:42.741+0000] {dag.py:3508} INFO - Setting next_dagrun for tutorial_dag to None, run_after=None
[2024-08-17T22:14:42.763+0000] {processor.py:179} INFO - Processing /home/airflow/.local/lib/python3.7/site-packages/airflow/example_dags/tutorial_dag.py took 0.095 seconds
[2024-08-17T22:15:13.446+0000] {processor.py:157} INFO - Started process (PID=1606) to work on /home/airflow/.local/lib/python3.7/site-packages/airflow/example_dags/tutorial_dag.py
[2024-08-17T22:15:13.447+0000] {processor.py:826} INFO - Processing file /home/airflow/.local/lib/python3.7/site-packages/airflow/example_dags/tutorial_dag.py for tasks to queue
[2024-08-17T22:15:13.448+0000] {logging_mixin.py:150} INFO - [2024-08-17T22:15:13.448+0000] {dagbag.py:541} INFO - Filling up the DagBag from /home/airflow/.local/lib/python3.7/site-packages/airflow/example_dags/tutorial_dag.py
[2024-08-17T22:15:13.454+0000] {processor.py:836} INFO - DAG(s) dict_keys(['tutorial_dag']) retrieved from /home/airflow/.local/lib/python3.7/site-packages/airflow/example_dags/tutorial_dag.py
[2024-08-17T22:15:13.484+0000] {logging_mixin.py:150} INFO - [2024-08-17T22:15:13.484+0000] {dag.py:2742} INFO - Sync 1 DAGs
[2024-08-17T22:15:13.515+0000] {logging_mixin.py:150} INFO - [2024-08-17T22:15:13.515+0000] {dag.py:3508} INFO - Setting next_dagrun for tutorial_dag to None, run_after=None
[2024-08-17T22:15:13.538+0000] {processor.py:179} INFO - Processing /home/airflow/.local/lib/python3.7/site-packages/airflow/example_dags/tutorial_dag.py took 0.096 seconds
[2024-08-17T22:15:43.581+0000] {processor.py:157} INFO - Started process (PID=1844) to work on /home/airflow/.local/lib/python3.7/site-packages/airflow/example_dags/tutorial_dag.py
[2024-08-17T22:15:43.582+0000] {processor.py:826} INFO - Processing file /home/airflow/.local/lib/python3.7/site-packages/airflow/example_dags/tutorial_dag.py for tasks to queue
[2024-08-17T22:15:43.583+0000] {logging_mixin.py:150} INFO - [2024-08-17T22:15:43.583+0000] {dagbag.py:541} INFO - Filling up the DagBag from /home/airflow/.local/lib/python3.7/site-packages/airflow/example_dags/tutorial_dag.py
[2024-08-17T22:15:43.590+0000] {processor.py:836} INFO - DAG(s) dict_keys(['tutorial_dag']) retrieved from /home/airflow/.local/lib/python3.7/site-packages/airflow/example_dags/tutorial_dag.py
[2024-08-17T22:15:43.620+0000] {logging_mixin.py:150} INFO - [2024-08-17T22:15:43.619+0000] {dag.py:2742} INFO - Sync 1 DAGs
[2024-08-17T22:15:43.651+0000] {logging_mixin.py:150} INFO - [2024-08-17T22:15:43.650+0000] {dag.py:3508} INFO - Setting next_dagrun for tutorial_dag to None, run_after=None
[2024-08-17T22:15:43.674+0000] {processor.py:179} INFO - Processing /home/airflow/.local/lib/python3.7/site-packages/airflow/example_dags/tutorial_dag.py took 0.097 seconds
[2024-08-17T22:16:13.767+0000] {processor.py:157} INFO - Started process (PID=2082) to work on /home/airflow/.local/lib/python3.7/site-packages/airflow/example_dags/tutorial_dag.py
[2024-08-17T22:16:13.768+0000] {processor.py:826} INFO - Processing file /home/airflow/.local/lib/python3.7/site-packages/airflow/example_dags/tutorial_dag.py for tasks to queue
[2024-08-17T22:16:13.769+0000] {logging_mixin.py:150} INFO - [2024-08-17T22:16:13.769+0000] {dagbag.py:541} INFO - Filling up the DagBag from /home/airflow/.local/lib/python3.7/site-packages/airflow/example_dags/tutorial_dag.py
[2024-08-17T22:16:13.775+0000] {processor.py:836} INFO - DAG(s) dict_keys(['tutorial_dag']) retrieved from /home/airflow/.local/lib/python3.7/site-packages/airflow/example_dags/tutorial_dag.py
[2024-08-17T22:16:13.805+0000] {logging_mixin.py:150} INFO - [2024-08-17T22:16:13.805+0000] {dag.py:2742} INFO - Sync 1 DAGs
[2024-08-17T22:16:13.836+0000] {logging_mixin.py:150} INFO - [2024-08-17T22:16:13.836+0000] {dag.py:3508} INFO - Setting next_dagrun for tutorial_dag to None, run_after=None
[2024-08-17T22:16:13.859+0000] {processor.py:179} INFO - Processing /home/airflow/.local/lib/python3.7/site-packages/airflow/example_dags/tutorial_dag.py took 0.097 seconds
[2024-08-17T22:16:44.102+0000] {processor.py:157} INFO - Started process (PID=2318) to work on /home/airflow/.local/lib/python3.7/site-packages/airflow/example_dags/tutorial_dag.py
[2024-08-17T22:16:44.104+0000] {processor.py:826} INFO - Processing file /home/airflow/.local/lib/python3.7/site-packages/airflow/example_dags/tutorial_dag.py for tasks to queue
[2024-08-17T22:16:44.105+0000] {logging_mixin.py:150} INFO - [2024-08-17T22:16:44.105+0000] {dagbag.py:541} INFO - Filling up the DagBag from /home/airflow/.local/lib/python3.7/site-packages/airflow/example_dags/tutorial_dag.py
[2024-08-17T22:16:44.115+0000] {processor.py:836} INFO - DAG(s) dict_keys(['tutorial_dag']) retrieved from /home/airflow/.local/lib/python3.7/site-packages/airflow/example_dags/tutorial_dag.py
[2024-08-17T22:16:44.159+0000] {logging_mixin.py:150} INFO - [2024-08-17T22:16:44.159+0000] {dag.py:2742} INFO - Sync 1 DAGs
[2024-08-17T22:16:44.208+0000] {logging_mixin.py:150} INFO - [2024-08-17T22:16:44.208+0000] {dag.py:3508} INFO - Setting next_dagrun for tutorial_dag to None, run_after=None
[2024-08-17T22:16:44.266+0000] {processor.py:179} INFO - Processing /home/airflow/.local/lib/python3.7/site-packages/airflow/example_dags/tutorial_dag.py took 0.172 seconds
